1 2
emin+1: 0.000e+00, e+1: 0.000e+00, T: 5.0000e-01
emin+1: -4.142e-01, e+1: -1.623e-01, T: 2.6788e-01, no:       3, try:    400000
emin+1: -4.142e-01, e+1: -2.022e-01, T: 1.4352e-01, no:       3, try:    800000
emin+1: -4.142e-01, e+1: -2.673e-01, T: 7.6891e-02, no:       5, try:   1200000
emin+1: -4.142e-01, e+1: -3.370e-01, T: 4.1195e-02, no:       4, try:   1600000
emin+1: -4.142e-01, e+1: -3.749e-01, T: 2.2070e-02, no:       0, try:   2000000
emin+1: -4.142e-01, e+1: -3.931e-01, T: 1.1824e-02, no:       0, try:   2400000
emin+1: -4.142e-01, e+1: -4.023e-01, T: 6.3350e-03, no:       8, try:   2800000
emin+1: -4.142e-01, e+1: -4.075e-01, T: 3.3940e-03, no:      22, try:   3200000
emin+1: -4.142e-01, e+1: -4.105e-01, T: 1.8184e-03, no:       2, try:   3600000
emin+1: -4.142e-01, e+1: -4.122e-01, T: 9.7421e-04, no:       7, try:   4000000
emin+1: -4.142e-01, e+1: -4.131e-01, T: 5.2194e-04, no:      18, try:   4400000
emin+1: -4.142e-01, e+1: -4.136e-01, T: 2.7963e-04, no:      18, try:   4800000
emin+1: -4.142e-01, e+1: -4.139e-01, T: 1.4982e-04, no:       7, try:   5200000
emin+1: -4.142e-01, e+1: -4.140e-01, T: 8.0265e-05, no:     133, try:   5600000
emin+1: -4.142e-01, e+1: -4.141e-01, T: 4.3003e-05, no:      24, try:   6000000
emin+1: -4.142e-01, e+1: -4.142e-01, T: 2.3039e-05, no:       7, try:   6400000
emin+1: -4.142e-01, e+1: -4.142e-01, T: 1.2343e-05, no:     282, try:   6800000
emin+1: -4.142e-01, e+1: -4.142e-01, T: 6.6130e-06, no:     109, try:   7200000
emin+1: -4.142e-01, e+1: -4.142e-01, T: 3.5430e-06, no:      31, try:   7600000
emin+1: -4.142e-01, e+1: -4.142e-01, T: 1.8982e-06, no:      93, try:   8000000
emin+1: -4.142e-01, e+1: -4.142e-01, T: 1.0170e-06, no:     647, try:   8400000
emin+1: -4.142e-01, e+1: -4.142e-01, T: 5.4485e-07, no:      31, try:   8800000
emin+1: -4.142e-01, e+1: -4.142e-01, T: 2.9191e-07, no:      38, try:   9200000
emin+1: -4.142e-01, e+1: -4.142e-01, T: 1.5639e-07, no:     242, try:   9600000
emin+1: -4.142e-01, e+1: -4.142e-01, T: 8.3788e-08, no:     894, try:  10000000
emin+1: -4.142e-01, e+1: -4.142e-01, T: 4.4890e-08, no:     654, try:  10400000
emin+1: -4.142e-01, e+1: -4.142e-01, T: 2.4050e-08, no:    2796, try:  10800000
emin+1: -4.142e-01, e+1: -4.142e-01, T: 1.2885e-08, no:    1017, try:  11200000
emin+1: -4.142e-01, e+1: -4.142e-01, T: 6.9033e-09, no:    5255, try:  11600000
emin+1: -4.142e-01, e+1: -4.142e-01, T: 3.6985e-09, no:    1311, try:  12000000
emin+1: -4.142e-01, e+1: -4.142e-01, T: 1.9815e-09, no:    1570, try:  12400000
emin+1: -4.142e-01, e+1: -4.142e-01, T: 1.0616e-09, no:    3965, try:  12800000
emin+1: -4.142e-01, e+1: -4.142e-01, T: 5.6876e-10, no:   28617, try:  13200000
emin+1: -4.142e-01, e+1: -4.142e-01, T: 3.0472e-10, no:   18952, try:  13600000
emin+1: -4.142e-01, e+1: -4.142e-01, T: 1.6325e-10, no:   24357, try:  14000000
emin+1: -4.142e-01, e+1: -4.142e-01, T: 8.7465e-11, no:    7301, try:  14400000
emin+1: -4.142e-01, e+1: -4.142e-01, T: 4.6860e-11, no:   39023, try:  14800000
emin+1: -4.142e-01, e+1: -4.142e-01, T: 2.5106e-11, no:  168479, try:  15200000
emin+1: -4.142e-01, e+1: -4.142e-01, T: 1.3450e-11, no:   84893, try:  15600000
emin+1: -4.142e-01, e+1: -4.142e-01, T: 7.2062e-12, no:   39496, try:  16000000
emin+1: -4.142e-01, e+1: -4.142e-01, T: 3.8608e-12, no:   50580, try:  16400000
emin+1: -4.142e-01, e+1: -4.142e-01, T: 2.0684e-12, no:   92098, try:  16800000
emin+1: -4.142e-01, e+1: -4.142e-01, T: 1.1082e-12, no:   83712, try:  17200000
emin+1: -4.142e-01, e+1: -4.142e-01, T: 5.9372e-13, no:   33283, try:  17600000
emin+1: -4.142e-01, e+1: -4.142e-01, T: 3.1809e-13, no:  398223, try:  18000000
emin+1: -4.142e-01, e+1: -4.142e-01, T: 1.7042e-13, no:  188460, try:  18400000

Last chain: -1.41421356237301210e+00
Best chain: -1.41421356237301210e+00 (-1.41421356237301210e+00)

Error: length:  1.0137e-17, angle:  0.0000e+00


Last chain: -1.41421356237301210e+00
Best chain: -1.41421356237301210e+00 (-1.41421356237301210e+00)

Error: length:  1.0137e-17, angle:  0.0000e+00


2 3
emin+1: 0.000e+00, e+1: 0.000e+00, T: 5.0000e-01
emin+1: -5.932e-02, e+1: 1.664e-01, T: 2.6788e-01, no:       0, try:   1200000
emin+1: -5.932e-02, e+1: 1.470e-01, T: 1.4352e-01, no:       0, try:   2400000
emin+1: -5.932e-02, e+1: 1.128e-01, T: 7.6891e-02, no:       0, try:   3600000
emin+1: -5.954e-02, e+1: 6.144e-02, T: 4.1195e-02, no:       0, try:   4800000
emin+1: -5.981e-02, e+1: 2.175e-02, T: 2.2070e-02, no:       2, try:   6000000
emin+1: -6.009e-02, e+1: -4.344e-03, T: 1.1824e-02, no:       3, try:   7200000
emin+1: -6.049e-02, e+1: -2.735e-02, T: 6.3350e-03, no:       8, try:   8400000
emin+1: -6.055e-02, e+1: -4.452e-02, T: 3.3940e-03, no:       1, try:   9600000
emin+1: -6.055e-02, e+1: -5.218e-02, T: 1.8184e-03, no:       9, try:  10800000
emin+1: -6.061e-02, e+1: -5.610e-02, T: 9.7421e-04, no:       1, try:  12000000
emin+1: -6.062e-02, e+1: -5.819e-02, T: 5.2194e-04, no:       1, try:  13200000
emin+1: -6.065e-02, e+1: -5.931e-02, T: 2.7963e-04, no:       0, try:  14400000
emin+1: -6.065e-02, e+1: -5.993e-02, T: 1.4982e-04, no:       6, try:  15600000
emin+1: -6.065e-02, e+1: -6.026e-02, T: 8.0265e-05, no:       5, try:  16800000
emin+1: -6.065e-02, e+1: -6.044e-02, T: 4.3003e-05, no:      20, try:  18000000
emin+1: -6.066e-02, e+1: -6.054e-02, T: 2.3039e-05, no:      18, try:  19200000
emin+1: -6.066e-02, e+1: -6.059e-02, T: 1.2343e-05, no:      21, try:  20400000
emin+1: -6.066e-02, e+1: -6.063e-02, T: 6.6130e-06, no:       2, try:  21600000
emin+1: -6.066e-02, e+1: -6.064e-02, T: 3.5430e-06, no:      75, try:  22800000
emin+1: -6.066e-02, e+1: -6.065e-02, T: 1.8982e-06, no:     250, try:  24000000
emin+1: -6.066e-02, e+1: -6.065e-02, T: 1.0170e-06, no:      79, try:  25200000
emin+1: -6.066e-02, e+1: -6.066e-02, T: 5.4485e-07, no:      93, try:  26400000
emin+1: -6.066e-02, e+1: -6.066e-02, T: 2.9191e-07, no:      18, try:  27600000
emin+1: -6.066e-02, e+1: -6.066e-02, T: 1.5639e-07, no:      10, try:  28800000
emin+1: -6.066e-02, e+1: -6.066e-02, T: 8.3788e-08, no:     167, try:  30000000
emin+1: -6.066e-02, e+1: -6.066e-02, T: 4.4890e-08, no:     311, try:  31200000
emin+1: -6.066e-02, e+1: -6.066e-02, T: 2.4050e-08, no:     241, try:  32400000
emin+1: -6.066e-02, e+1: -6.066e-02, T: 1.2885e-08, no:     741, try:  33600000
emin+1: -6.066e-02, e+1: -6.066e-02, T: 6.9033e-09, no:     860, try:  34800000
emin+1: -6.066e-02, e+1: -6.066e-02, T: 3.6985e-09, no:    1256, try:  36000000
emin+1: -6.066e-02, e+1: -6.066e-02, T: 1.9815e-09, no:     103, try:  37200000
emin+1: -6.066e-02, e+1: -6.066e-02, T: 1.0616e-09, no:    1764, try:  38400000
emin+1: -6.066e-02, e+1: -6.066e-02, T: 5.6876e-10, no:    1565, try:  39600000
emin+1: -6.066e-02, e+1: -6.066e-02, T: 3.0472e-10, no:    2395, try:  40800000
emin+1: -6.066e-02, e+1: -6.066e-02, T: 1.6325e-10, no:     919, try:  42000000
emin+1: -6.066e-02, e+1: -6.066e-02, T: 8.7465e-11, no:   18637, try:  43200000
emin+1: -6.066e-02, e+1: -6.066e-02, T: 4.6860e-11, no:    2636, try:  44400000
emin+1: -6.066e-02, e+1: -6.066e-02, T: 2.5106e-11, no:    6489, try:  45600000
emin+1: -6.066e-02, e+1: -6.066e-02, T: 1.3450e-11, no:   16262, try:  46800000
emin+1: -6.066e-02, e+1: -6.066e-02, T: 7.2062e-12, no:   37818, try:  48000000
emin+1: -6.066e-02, e+1: -6.066e-02, T: 3.8608e-12, no:   23397, try:  49200000
emin+1: -6.066e-02, e+1: -6.066e-02, T: 2.0684e-12, no:   30902, try:  50400000
emin+1: -6.066e-02, e+1: -6.066e-02, T: 1.1082e-12, no:    9803, try:  51600000
emin+1: -6.066e-02, e+1: -6.066e-02, T: 5.9372e-13, no:   74035, try:  52800000
emin+1: -6.066e-02, e+1: -6.066e-02, T: 3.1809e-13, no:   97747, try:  54000000
emin+1: -6.066e-02, e+1: -6.066e-02, T: 1.7042e-13, no:  122831, try:  55200000

Last chain: -1.06066017177723548e+00
Best chain: -1.06066017177723548e+00 (-1.06066017177723548e+00)

Error: length:  2.9133e-17, angle:  0.0000e+00


Last chain: -1.06066017177723548e+00
Best chain: -1.06066017177723548e+00 (-1.06066017177723548e+00)

Error: length:  6.2482e-17, angle:  0.0000e+00


3 4
emin+1: 0.000e+00, e+1: 0.000e+00, T: 5.0000e-01
emin+1: 0.000e+00, e+1: 3.337e-01, T: 2.6788e-01, no:       0, try:   2400000
emin+1: 0.000e+00, e+1: 3.239e-01, T: 1.4352e-01, no:       2, try:   4800000
emin+1: 0.000e+00, e+1: 3.023e-01, T: 7.6891e-02, no:       0, try:   7200000
emin+1: 0.000e+00, e+1: 2.420e-01, T: 4.1195e-02, no:       0, try:   9600000
emin+1: -2.418e-03, e+1: 1.350e-01, T: 2.2070e-02, no:       0, try:  12000000
emin+1: -3.119e-03, e+1: 6.136e-02, T: 1.1824e-02, no:       2, try:  14400000
emin+1: -5.210e-03, e+1: 2.920e-02, T: 6.3350e-03, no:       0, try:  16800000
emin+1: -6.021e-03, e+1: 1.398e-02, T: 3.3940e-03, no:       0, try:  19200000
emin+1: -6.308e-03, e+1: 6.129e-03, T: 1.8184e-03, no:       1, try:  21600000
emin+1: -6.944e-03, e+1: 1.715e-03, T: 9.7421e-04, no:       0, try:  24000000
emin+1: -7.172e-03, e+1: -2.014e-03, T: 5.2194e-04, no:       0, try:  26400000
emin+1: -7.264e-03, e+1: -4.809e-03, T: 2.7963e-04, no:       5, try:  28800000
emin+1: -7.369e-03, e+1: -6.044e-03, T: 1.4982e-04, no:       2, try:  31200000
emin+1: -7.374e-03, e+1: -6.711e-03, T: 8.0265e-05, no:       8, try:  33600000
emin+1: -7.402e-03, e+1: -7.045e-03, T: 4.3003e-05, no:       0, try:  36000000
emin+1: -7.417e-03, e+1: -7.227e-03, T: 2.3039e-05, no:      36, try:  38400000
emin+1: -7.432e-03, e+1: -7.319e-03, T: 1.2343e-05, no:       1, try:  40800000
emin+1: -7.432e-03, e+1: -7.373e-03, T: 6.6130e-06, no:       6, try:  43200000
emin+1: -7.432e-03, e+1: -7.402e-03, T: 3.5430e-06, no:      43, try:  45600000
emin+1: -7.433e-03, e+1: -7.417e-03, T: 1.8982e-06, no:       1, try:  48000000
emin+1: -7.434e-03, e+1: -7.425e-03, T: 1.0170e-06, no:      41, try:  50400000
emin+1: -7.434e-03, e+1: -7.429e-03, T: 5.4485e-07, no:     249, try:  52800000
emin+1: -7.434e-03, e+1: -7.432e-03, T: 2.9191e-07, no:      75, try:  55200000
emin+1: -7.434e-03, e+1: -7.433e-03, T: 1.5639e-07, no:      91, try:  57600000
emin+1: -7.435e-03, e+1: -7.434e-03, T: 8.3788e-08, no:       6, try:  60000000
emin+1: -7.435e-03, e+1: -7.434e-03, T: 4.4890e-08, no:     120, try:  62400000
emin+1: -7.435e-03, e+1: -7.434e-03, T: 2.4050e-08, no:     105, try:  64800000
emin+1: -7.435e-03, e+1: -7.435e-03, T: 1.2885e-08, no:     139, try:  67200000
emin+1: -7.435e-03, e+1: -7.435e-03, T: 6.9033e-09, no:     525, try:  69600000
emin+1: -7.435e-03, e+1: -7.435e-03, T: 3.6985e-09, no:     319, try:  72000000
emin+1: -7.435e-03, e+1: -7.435e-03, T: 1.9815e-09, no:      71, try:  74400000
emin+1: -7.435e-03, e+1: -7.435e-03, T: 1.0616e-09, no:    2792, try:  76800000
emin+1: -7.435e-03, e+1: -7.435e-03, T: 5.6876e-10, no:     150, try:  79200000
emin+1: -7.435e-03, e+1: -7.435e-03, T: 3.0472e-10, no:    1934, try:  81600000
emin+1: -7.435e-03, e+1: -7.435e-03, T: 1.6325e-10, no:     737, try:  84000000
emin+1: -7.435e-03, e+1: -7.435e-03, T: 8.7465e-11, no:    1306, try:  86400000
emin+1: -7.435e-03, e+1: -7.435e-03, T: 4.6860e-11, no:    3451, try:  88800000
emin+1: -7.435e-03, e+1: -7.435e-03, T: 2.5106e-11, no:       7, try:  91200000
emin+1: -7.435e-03, e+1: -7.435e-03, T: 1.3450e-11, no:    1265, try:  93600000
emin+1: -7.435e-03, e+1: -7.435e-03, T: 7.2062e-12, no:    2323, try:  96000000
emin+1: -7.435e-03, e+1: -7.435e-03, T: 3.8608e-12, no:     881, try:  98400000
emin+1: -7.435e-03, e+1: -7.435e-03, T: 2.0684e-12, no:     791, try: 100800000
emin+1: -7.435e-03, e+1: -7.435e-03, T: 1.1082e-12, no:     511, try: 103200000
emin+1: -7.435e-03, e+1: -7.435e-03, T: 5.9372e-13, no:      19, try: 105600000
emin+1: -7.435e-03, e+1: -7.435e-03, T: 3.1809e-13, no:     421, try: 108000000
emin+1: -7.435e-03, e+1: -7.435e-03, T: 1.7042e-13, no:      82, try: 110400000

Last chain: -1.00743475651062608e+00
Best chain: -1.00743475651064007e+00 (-1.00743475651064007e+00)

Error: length:  9.6712e-17, angle:  1.8038e-16


Last chain: -1.00743475651062608e+00
Best chain: -1.00743475651064007e+00 (-1.00743475651064007e+00)

Error: length:  9.4458e-17, angle:  0.0000e+00


4 5
emin+1: 0.000e+00, e+1: 0.000e+00, T: 5.0000e-01
emin+1: 0.000e+00, e+1: 4.313e-01, T: 2.6788e-01, no:       0, try:   4000000
emin+1: 0.000e+00, e+1: 4.272e-01, T: 1.4352e-01, no:       1, try:   8000000
emin+1: 0.000e+00, e+1: 4.199e-01, T: 7.6891e-02, no:       0, try:  12000000
emin+1: 0.000e+00, e+1: 3.955e-01, T: 4.1195e-02, no:       3, try:  16000000
emin+1: 0.000e+00, e+1: 3.162e-01, T: 2.2070e-02, no:       0, try:  20000000
emin+1: 0.000e+00, e+1: 1.457e-01, T: 1.1824e-02, no:       1, try:  24000000
emin+1: 0.000e+00, e+1: 6.539e-02, T: 6.3350e-03, no:       4, try:  28000000
emin+1: 0.000e+00, e+1: 3.224e-02, T: 3.3940e-03, no:       3, try:  32000000
emin+1: 0.000e+00, e+1: 1.602e-02, T: 1.8184e-03, no:       0, try:  36000000
emin+1: 0.000e+00, e+1: 7.977e-03, T: 9.7421e-04, no:       1, try:  40000000
emin+1: -2.214e-04, e+1: 3.905e-03, T: 5.2194e-04, no:       1, try:  44000000
emin+1: -2.338e-04, e+1: 1.868e-03, T: 2.7963e-04, no:       7, try:  48000000
emin+1: -4.051e-04, e+1: 8.588e-04, T: 1.4982e-04, no:       2, try:  52000000
emin+1: -6.334e-04, e+1: 3.071e-04, T: 8.0265e-05, no:       3, try:  56000000
emin+1: -6.334e-04, e+1: 1.124e-04, T: 4.3003e-05, no:       0, try:  60000000
emin+1: -6.334e-04, e+1: 4.906e-05, T: 2.3039e-05, no:       6, try:  64000000
emin+1: -8.138e-04, e+1: -4.388e-04, T: 1.2343e-05, no:       0, try:  68000000
emin+1: -8.226e-04, e+1: -7.367e-04, T: 6.6130e-06, no:      17, try:  72000000
emin+1: -8.284e-04, e+1: -7.924e-04, T: 3.5430e-06, no:       3, try:  76000000
emin+1: -8.346e-04, e+1: -8.152e-04, T: 1.8982e-06, no:       0, try:  80000000
emin+1: -8.346e-04, e+1: -8.216e-04, T: 1.0170e-06, no:       1, try:  84000000
emin+1: -8.383e-04, e+1: -8.281e-04, T: 5.4485e-07, no:      33, try:  88000000
emin+1: -8.383e-04, e+1: -8.334e-04, T: 2.9191e-07, no:       6, try:  92000000
emin+1: -8.383e-04, e+1: -8.347e-04, T: 1.5639e-07, no:       5, try:  96000000
emin+1: -8.383e-04, e+1: -8.366e-04, T: 8.3788e-08, no:      14, try: 100000000
emin+1: -8.385e-04, e+1: -8.382e-04, T: 4.4890e-08, no:       0, try: 104000000
emin+1: -8.386e-04, e+1: -8.385e-04, T: 2.4050e-08, no:      12, try: 108000000
emin+1: -8.387e-04, e+1: -8.386e-04, T: 1.2885e-08, no:       6, try: 112000000
emin+1: -8.387e-04, e+1: -8.387e-04, T: 6.9033e-09, no:       0, try: 116000000
emin+1: -8.388e-04, e+1: -8.387e-04, T: 3.6985e-09, no:      20, try: 120000000
emin+1: -8.388e-04, e+1: -8.387e-04, T: 1.9815e-09, no:       0, try: 124000000
emin+1: -8.388e-04, e+1: -8.388e-04, T: 1.0616e-09, no:      12, try: 128000000
emin+1: -8.388e-04, e+1: -8.388e-04, T: 5.6876e-10, no:      22, try: 132000000
emin+1: -8.388e-04, e+1: -8.388e-04, T: 3.0472e-10, no:       3, try: 136000000
emin+1: -8.388e-04, e+1: -8.388e-04, T: 1.6325e-10, no:       8, try: 140000000
emin+1: -8.388e-04, e+1: -8.388e-04, T: 8.7465e-11, no:       6, try: 144000000
emin+1: -8.388e-04, e+1: -8.388e-04, T: 4.6860e-11, no:       0, try: 148000000
emin+1: -8.388e-04, e+1: -8.388e-04, T: 2.5106e-11, no:       0, try: 152000000
emin+1: -8.388e-04, e+1: -8.388e-04, T: 1.3450e-11, no:       3, try: 156000000
emin+1: -8.388e-04, e+1: -8.388e-04, T: 7.2062e-12, no:       2, try: 160000000
emin+1: -8.388e-04, e+1: -8.388e-04, T: 3.8608e-12, no:       0, try: 164000000
emin+1: -8.388e-04, e+1: -8.388e-04, T: 2.0684e-12, no:       1, try: 168000000
emin+1: -8.388e-04, e+1: -8.388e-04, T: 1.1082e-12, no:       7, try: 172000000
emin+1: -8.388e-04, e+1: -8.388e-04, T: 5.9372e-13, no:       2, try: 176000000
emin+1: -8.388e-04, e+1: -8.388e-04, T: 3.1809e-13, no:       1, try: 180000000
emin+1: -8.388e-04, e+1: -8.388e-04, T: 1.7042e-13, no:       0, try: 184000000

Last chain: -1.00083875742721373e+00
Best chain: -1.00083875791913357e+00 (-1.00083875791913357e+00)

Error: length:  7.7314e-16, angle:  6.3611e-16


Last chain: -1.00083875742721373e+00
Best chain: -1.00083875791913357e+00 (-1.00083875791913335e+00)

Error: length:  7.3075e-17, angle:  2.1204e-16


5 6
emin+1: 0.000e+00, e+1: 0.000e+00, T: 5.0000e-01
emin+1: 0.000e+00, e+1: 4.943e-01, T: 2.6788e-01, no:       2, try:   6000000
emin+1: 0.000e+00, e+1: 4.924e-01, T: 1.4352e-01, no:       1, try:  12000000
emin+1: 0.000e+00, e+1: 4.889e-01, T: 7.6891e-02, no:       0, try:  18000000
emin+1: 0.000e+00, e+1: 4.796e-01, T: 4.1195e-02, no:       0, try:  24000000
emin+1: 0.000e+00, e+1: 4.520e-01, T: 2.2070e-02, no:       0, try:  30000000
emin+1: 0.000e+00, e+1: 3.162e-01, T: 1.1824e-02, no:       0, try:  36000000
emin+1: 0.000e+00, e+1: 1.181e-01, T: 6.3350e-03, no:       1, try:  42000000
emin+1: 0.000e+00, e+1: 5.693e-02, T: 3.3940e-03, no:       6, try:  48000000
emin+1: 0.000e+00, e+1: 2.857e-02, T: 1.8184e-03, no:       0, try:  54000000
emin+1: 0.000e+00, e+1: 1.464e-02, T: 9.7421e-04, no:       0, try:  60000000
emin+1: 0.000e+00, e+1: 7.404e-03, T: 5.2194e-04, no:       2, try:  66000000
emin+1: 0.000e+00, e+1: 3.721e-03, T: 2.7963e-04, no:       3, try:  72000000
emin+1: 0.000e+00, e+1: 1.847e-03, T: 1.4982e-04, no:       6, try:  78000000
emin+1: 0.000e+00, e+1: 9.607e-04, T: 8.0265e-05, no:       2, try:  84000000
emin+1: 0.000e+00, e+1: 4.932e-04, T: 4.3003e-05, no:       0, try:  90000000
emin+1: 0.000e+00, e+1: 2.138e-04, T: 2.3039e-05, no:       0, try:  96000000
emin+1: -6.797e-06, e+1: 1.025e-04, T: 1.2343e-05, no:       8, try: 102000000
emin+1: -1.922e-05, e+1: 3.641e-05, T: 6.6130e-06, no:      21, try: 108000000
emin+1: -2.513e-05, e+1: 6.956e-06, T: 3.5430e-06, no:       3, try: 114000000
emin+1: -2.513e-05, e+1: -6.022e-06, T: 1.8982e-06, no:       1, try: 120000000
emin+1: -2.919e-05, e+1: -1.944e-05, T: 1.0170e-06, no:       5, try: 126000000
emin+1: -3.050e-05, e+1: -2.584e-05, T: 5.4485e-07, no:       3, try: 132000000
emin+1: -3.123e-05, e+1: -2.932e-05, T: 2.9191e-07, no:       2, try: 138000000
emin+1: -3.123e-05, e+1: -3.017e-05, T: 1.5639e-07, no:       0, try: 144000000
emin+1: -3.123e-05, e+1: -3.044e-05, T: 8.3788e-08, no:       0, try: 150000000
emin+1: -3.123e-05, e+1: -3.057e-05, T: 4.4890e-08, no:       0, try: 156000000
emin+1: -3.123e-05, e+1: -3.066e-05, T: 2.4050e-08, no:       5, try: 162000000
emin+1: -3.123e-05, e+1: -3.070e-05, T: 1.2885e-08, no:       1, try: 168000000
emin+1: -3.123e-05, e+1: -3.074e-05, T: 6.9033e-09, no:       0, try: 174000000
emin+1: -3.123e-05, e+1: -3.075e-05, T: 3.6985e-09, no:       0, try: 180000000
emin+1: -3.123e-05, e+1: -3.076e-05, T: 1.9815e-09, no:       2, try: 186000000
emin+1: -3.123e-05, e+1: -3.077e-05, T: 1.0616e-09, no:       2, try: 192000000
emin+1: -3.123e-05, e+1: -3.077e-05, T: 5.6876e-10, no:      12, try: 198000000
emin+1: -3.123e-05, e+1: -3.077e-05, T: 3.0472e-10, no:       3, try: 204000000
emin+1: -3.123e-05, e+1: -3.077e-05, T: 1.6325e-10, no:      12, try: 210000000
emin+1: -3.123e-05, e+1: -3.077e-05, T: 8.7465e-11, no:       2, try: 216000000
emin+1: -3.123e-05, e+1: -3.077e-05, T: 4.6860e-11, no:       6, try: 222000000
emin+1: -3.123e-05, e+1: -3.078e-05, T: 2.5106e-11, no:       3, try: 228000000
emin+1: -3.123e-05, e+1: -3.078e-05, T: 1.3450e-11, no:       0, try: 234000000
emin+1: -3.123e-05, e+1: -3.078e-05, T: 7.2062e-12, no:       0, try: 240000000
emin+1: -3.123e-05, e+1: -3.078e-05, T: 3.8608e-12, no:       5, try: 246000000
emin+1: -3.123e-05, e+1: -3.078e-05, T: 2.0684e-12, no:       1, try: 252000000
emin+1: -3.123e-05, e+1: -3.078e-05, T: 1.1082e-12, no:       1, try: 258000000
emin+1: -3.123e-05, e+1: -3.078e-05, T: 5.9372e-13, no:       1, try: 264000000
emin+1: -3.123e-05, e+1: -3.078e-05, T: 3.1809e-13, no:       1, try: 270000000
emin+1: -3.123e-05, e+1: -3.078e-05, T: 1.7042e-13, no:       1, try: 276000000

Last chain: -1.00003077519423633e+00
Best chain: -1.00003122670806022e+00 (-1.00003122670806022e+00)

Error: length:  4.4802e-16, angle:  8.3809e-16


Last chain: -1.00003077519423633e+00
Best chain: -1.00003122670806022e+00 (-1.00003122670806022e+00)

Error: length:  4.3735e-17, angle:  2.3945e-16


6 7
emin+1: 0.000e+00, e+1: 0.000e+00, T: 5.0000e-01
emin+1: 0.000e+00, e+1: 5.391e-01, T: 2.6788e-01, no:       0, try:   8400000
emin+1: 0.000e+00, e+1: 5.377e-01, T: 1.4352e-01, no:       0, try:  16800000
