1 2
emin+1: 0.000e+00, e+1: 0.000e+00, T: 1.0000e+03
emin+1: -4.142e-01, e+1: -1.225e-01, T: 5.3576e+02, no:       0, try:    400000
emin+1: -4.142e-01, e+1: -1.221e-01, T: 2.8704e+02, no:       0, try:    800000
emin+1: -4.142e-01, e+1: -1.224e-01, T: 1.5378e+02, no:       1, try:   1200000
emin+1: -4.142e-01, e+1: -1.225e-01, T: 8.2390e+01, no:       0, try:   1600000
emin+1: -4.142e-01, e+1: -1.223e-01, T: 4.4141e+01, no:       0, try:   2000000
emin+1: -4.142e-01, e+1: -1.225e-01, T: 2.3649e+01, no:       0, try:   2400000
emin+1: -4.142e-01, e+1: -1.226e-01, T: 1.2670e+01, no:       1, try:   2800000
emin+1: -4.142e-01, e+1: -1.235e-01, T: 6.7881e+00, no:       1, try:   3200000
emin+1: -4.142e-01, e+1: -1.237e-01, T: 3.6368e+00, no:       2, try:   3600000
emin+1: -4.142e-01, e+1: -1.262e-01, T: 1.9484e+00, no:       0, try:   4000000
emin+1: -4.142e-01, e+1: -1.301e-01, T: 1.0439e+00, no:       1, try:   4400000
emin+1: -4.142e-01, e+1: -1.386e-01, T: 5.5927e-01, no:       7, try:   4800000
emin+1: -4.142e-01, e+1: -1.571e-01, T: 2.9963e-01, no:       2, try:   5200000
emin+1: -4.142e-01, e+1: -1.911e-01, T: 1.6053e-01, no:       1, try:   5600000
emin+1: -4.142e-01, e+1: -2.553e-01, T: 8.6005e-02, no:       2, try:   6000000
emin+1: -4.142e-01, e+1: -3.227e-01, T: 4.6078e-02, no:       1, try:   6400000
emin+1: -4.142e-01, e+1: -3.692e-01, T: 2.4687e-02, no:       0, try:   6800000
emin+1: -4.142e-01, e+1: -3.904e-01, T: 1.3226e-02, no:       1, try:   7200000
emin+1: -4.142e-01, e+1: -4.011e-01, T: 7.0860e-03, no:      13, try:   7600000
emin+1: -4.142e-01, e+1: -4.068e-01, T: 3.7964e-03, no:       0, try:   8000000
emin+1: -4.142e-01, e+1: -4.101e-01, T: 2.0339e-03, no:      11, try:   8400000
emin+1: -4.142e-01, e+1: -4.119e-01, T: 1.0897e-03, no:       2, try:   8800000
emin+1: -4.142e-01, e+1: -4.130e-01, T: 5.8381e-04, no:       0, try:   9200000
emin+1: -4.142e-01, e+1: -4.135e-01, T: 3.1278e-04, no:       5, try:   9600000
emin+1: -4.142e-01, e+1: -4.138e-01, T: 1.6758e-04, no:       3, try:  10000000
emin+1: -4.142e-01, e+1: -4.140e-01, T: 8.9780e-05, no:      54, try:  10400000
emin+1: -4.142e-01, e+1: -4.141e-01, T: 4.8100e-05, no:      88, try:  10800000
emin+1: -4.142e-01, e+1: -4.142e-01, T: 2.5770e-05, no:     186, try:  11200000
emin+1: -4.142e-01, e+1: -4.142e-01, T: 1.3807e-05, no:      46, try:  11600000
emin+1: -4.142e-01, e+1: -4.142e-01, T: 7.3969e-06, no:      97, try:  12000000
emin+1: -4.142e-01, e+1: -4.142e-01, T: 3.9630e-06, no:     211, try:  12400000
emin+1: -4.142e-01, e+1: -4.142e-01, T: 2.1232e-06, no:      10, try:  12800000
emin+1: -4.142e-01, e+1: -4.142e-01, T: 1.1375e-06, no:     865, try:  13200000
emin+1: -4.142e-01, e+1: -4.142e-01, T: 6.0943e-07, no:      85, try:  13600000
emin+1: -4.142e-01, e+1: -4.142e-01, T: 3.2651e-07, no:     308, try:  14000000
emin+1: -4.142e-01, e+1: -4.142e-01, T: 1.7493e-07, no:    1008, try:  14400000
emin+1: -4.142e-01, e+1: -4.142e-01, T: 9.3720e-08, no:     908, try:  14800000
emin+1: -4.142e-01, e+1: -4.142e-01, T: 5.0211e-08, no:    1147, try:  15200000
emin+1: -4.142e-01, e+1: -4.142e-01, T: 2.6901e-08, no:    4204, try:  15600000
emin+1: -4.142e-01, e+1: -4.142e-01, T: 1.4412e-08, no:    3174, try:  16000000
emin+1: -4.142e-01, e+1: -4.142e-01, T: 7.7216e-09, no:    3225, try:  16400000
emin+1: -4.142e-01, e+1: -4.142e-01, T: 4.1369e-09, no:    9555, try:  16800000
emin+1: -4.142e-01, e+1: -4.142e-01, T: 2.2164e-09, no:    4576, try:  17200000
emin+1: -4.142e-01, e+1: -4.142e-01, T: 1.1874e-09, no:    4728, try:  17600000
emin+1: -4.142e-01, e+1: -4.142e-01, T: 6.3618e-10, no:    3172, try:  18000000
emin+1: -4.142e-01, e+1: -4.142e-01, T: 3.4084e-10, no:   12979, try:  18400000
emin+1: -4.142e-01, e+1: -4.142e-01, T: 1.8261e-10, no:   47363, try:  18800000
emin+1: -4.142e-01, e+1: -4.142e-01, T: 9.7833e-11, no:  104377, try:  19200000
emin+1: -4.142e-01, e+1: -4.142e-01, T: 5.2415e-11, no:   39598, try:  19600000
emin+1: -4.142e-01, e+1: -4.142e-01, T: 2.8082e-11, no:   15603, try:  20000000
emin+1: -4.142e-01, e+1: -4.142e-01, T: 1.5045e-11, no:   34894, try:  20400000
emin+1: -4.142e-01, e+1: -4.142e-01, T: 8.0604e-12, no:   82475, try:  20800000
emin+1: -4.142e-01, e+1: -4.142e-01, T: 4.3184e-12, no:   36338, try:  21200000
emin+1: -4.142e-01, e+1: -4.142e-01, T: 2.3136e-12, no:  254854, try:  21600000
emin+1: -4.142e-01, e+1: -4.142e-01, T: 1.2395e-12, no:   34973, try:  22000000
emin+1: -4.142e-01, e+1: -4.142e-01, T: 6.6410e-13, no:  434973, try:  22400000
emin+1: -4.142e-01, e+1: -4.142e-01, T: 3.5579e-13, no:  254255, try:  22800000
emin+1: -4.142e-01, e+1: -4.142e-01, T: 1.9062e-13, no:  654255, try:  23200000
emin+1: -4.142e-01, e+1: -4.142e-01, T: 1.0213e-13, no: 1054255, try:  23600000

Last chain: -1.41421356237290374e+00
Best chain: -1.41421356237290374e+00 (-1.41421356237290374e+00)

Error: length:  1.0137e-17, angle:  0.0000e+00


Last chain: -1.41421356237290374e+00
Best chain: -1.41421356237290374e+00 (-1.41421356237290374e+00)

Error: length:  1.0137e-17, angle:  0.0000e+00


2 3
emin+1: 0.000e+00, e+1: 0.000e+00, T: 2.0000e+01
emin+1: -5.530e-02, e+1: 1.840e-01, T: 1.0715e+01, no:       0, try:   1200000
emin+1: -5.943e-02, e+1: 1.839e-01, T: 5.7407e+00, no:       1, try:   2400000
emin+1: -5.943e-02, e+1: 1.832e-01, T: 3.0756e+00, no:       0, try:   3600000
emin+1: -5.943e-02, e+1: 1.815e-01, T: 1.6478e+00, no:       1, try:   4800000
emin+1: -5.943e-02, e+1: 1.793e-01, T: 8.8282e-01, no:       0, try:   6000000
emin+1: -5.943e-02, e+1: 1.746e-01, T: 4.7298e-01, no:       0, try:   7200000
emin+1: -5.943e-02, e+1: 1.635e-01, T: 2.5340e-01, no:       0, try:   8400000
emin+1: -5.943e-02, e+1: 1.448e-01, T: 1.3576e-01, no:       1, try:   9600000
emin+1: -5.943e-02, e+1: 1.091e-01, T: 7.2735e-02, no:       2, try:  10800000
emin+1: -5.964e-02, e+1: 5.992e-02, T: 3.8969e-02, no:       1, try:  12000000
emin+1: -6.012e-02, e+1: 1.954e-02, T: 2.0878e-02, no:       0, try:  13200000
emin+1: -6.012e-02, e+1: -6.174e-03, T: 1.1185e-02, no:       4, try:  14400000
emin+1: -6.036e-02, e+1: -3.049e-02, T: 5.9927e-03, no:       1, try:  15600000
emin+1: -6.057e-02, e+1: -4.514e-02, T: 3.2106e-03, no:       1, try:  16800000
emin+1: -6.057e-02, e+1: -5.263e-02, T: 1.7201e-03, no:       2, try:  18000000
emin+1: -6.062e-02, e+1: -5.628e-02, T: 9.2156e-04, no:       0, try:  19200000
emin+1: -6.064e-02, e+1: -5.831e-02, T: 4.9373e-04, no:      19, try:  20400000
emin+1: -6.065e-02, e+1: -5.938e-02, T: 2.6452e-04, no:       0, try:  21600000
emin+1: -6.065e-02, e+1: -5.997e-02, T: 1.4172e-04, no:       4, try:  22800000
emin+1: -6.066e-02, e+1: -6.028e-02, T: 7.5927e-05, no:      34, try:  24000000
emin+1: -6.066e-02, e+1: -6.045e-02, T: 4.0679e-05, no:       0, try:  25200000
emin+1: -6.066e-02, e+1: -6.055e-02, T: 2.1794e-05, no:       1, try:  26400000
emin+1: -6.066e-02, e+1: -6.060e-02, T: 1.1676e-05, no:      28, try:  27600000
emin+1: -6.066e-02, e+1: -6.063e-02, T: 6.2556e-06, no:      57, try:  28800000
emin+1: -6.066e-02, e+1: -6.064e-02, T: 3.3515e-06, no:      11, try:  30000000
emin+1: -6.066e-02, e+1: -6.065e-02, T: 1.7956e-06, no:      71, try:  31200000
emin+1: -6.066e-02, e+1: -6.066e-02, T: 9.6200e-07, no:     184, try:  32400000
emin+1: -6.066e-02, e+1: -6.066e-02, T: 5.1540e-07, no:      45, try:  33600000
emin+1: -6.066e-02, e+1: -6.066e-02, T: 2.7613e-07, no:      94, try:  34800000
emin+1: -6.066e-02, e+1: -6.066e-02, T: 1.4794e-07, no:      24, try:  36000000
emin+1: -6.066e-02, e+1: -6.066e-02, T: 7.9259e-08, no:     207, try:  37200000
emin+1: -6.066e-02, e+1: -6.066e-02, T: 4.2464e-08, no:      74, try:  38400000
emin+1: -6.066e-02, e+1: -6.066e-02, T: 2.2750e-08, no:      16, try:  39600000
emin+1: -6.066e-02, e+1: -6.066e-02, T: 1.2189e-08, no:     400, try:  40800000
emin+1: -6.066e-02, e+1: -6.066e-02, T: 6.5302e-09, no:       5, try:  42000000
emin+1: -6.066e-02, e+1: -6.066e-02, T: 3.4986e-09, no:    9427, try:  43200000
emin+1: -6.066e-02, e+1: -6.066e-02, T: 1.8744e-09, no:      66, try:  44400000
emin+1: -6.066e-02, e+1: -6.066e-02, T: 1.0042e-09, no:     453, try:  45600000
emin+1: -6.066e-02, e+1: -6.066e-02, T: 5.3802e-10, no:    3839, try:  46800000
emin+1: -6.066e-02, e+1: -6.066e-02, T: 2.8825e-10, no:     683, try:  48000000
emin+1: -6.066e-02, e+1: -6.066e-02, T: 1.5443e-10, no:    2531, try:  49200000
emin+1: -6.066e-02, e+1: -6.066e-02, T: 8.2738e-11, no:    2795, try:  50400000
emin+1: -6.066e-02, e+1: -6.066e-02, T: 4.4327e-11, no:    9480, try:  51600000
emin+1: -6.066e-02, e+1: -6.066e-02, T: 2.3749e-11, no:   11708, try:  52800000
emin+1: -6.066e-02, e+1: -6.066e-02, T: 1.2724e-11, no:    8041, try:  54000000
emin+1: -6.066e-02, e+1: -6.066e-02, T: 6.8167e-12, no:    4395, try:  55200000
emin+1: -6.066e-02, e+1: -6.066e-02, T: 3.6521e-12, no:   42949, try:  56400000
emin+1: -6.066e-02, e+1: -6.066e-02, T: 1.9567e-12, no:   49984, try:  57600000
emin+1: -6.066e-02, e+1: -6.066e-02, T: 1.0483e-12, no:    8106, try:  58800000
emin+1: -6.066e-02, e+1: -6.066e-02, T: 5.6163e-13, no:   45141, try:  60000000
emin+1: -6.066e-02, e+1: -6.066e-02, T: 3.0090e-13, no:    9934, try:  61200000
emin+1: -6.066e-02, e+1: -6.066e-02, T: 1.6121e-13, no:   18546, try:  62400000

Last chain: -1.06066017177931382e+00
Best chain: -1.06066017177931404e+00 (-1.06066017177931404e+00)

Error: length:  1.6100e-17, angle:  0.0000e+00


Last chain: -1.06066017177931382e+00
Best chain: -1.06066017177931404e+00 (-1.06066017177931382e+00)

Error: length:  6.8385e-17, angle:  0.0000e+00


3 4
emin+1: 0.000e+00, e+1: 0.000e+00, T: 4.0000e-01
emin+1: 0.000e+00, e+1: 3.317e-01, T: 2.1430e-01, no:       0, try:   3200000
emin+1: 0.000e+00, e+1: 3.181e-01, T: 1.1481e-01, no:       2, try:   6400000
emin+1: -2.276e-05, e+1: 2.887e-01, T: 6.1513e-02, no:       1, try:   9600000
emin+1: -8.816e-04, e+1: 2.083e-01, T: 3.2956e-02, no:       1, try:  12800000
emin+1: -2.859e-03, e+1: 1.005e-01, T: 1.7656e-02, no:       3, try:  16000000
emin+1: -3.961e-03, e+1: 4.713e-02, T: 9.4595e-03, no:       2, try:  19200000
emin+1: -5.416e-03, e+1: 2.287e-02, T: 5.0680e-03, no:       3, try:  22400000
emin+1: -5.897e-03, e+1: 1.052e-02, T: 2.7152e-03, no:       9, try:  25600000
emin+1: -6.306e-03, e+1: 4.420e-03, T: 1.4547e-03, no:       0, try:  28800000
emin+1: -7.032e-03, e+1: 3.504e-04, T: 7.7937e-04, no:       2, try:  32000000
emin+1: -7.193e-03, e+1: -3.420e-03, T: 4.1755e-04, no:       3, try:  35200000
emin+1: -7.303e-03, e+1: -5.414e-03, T: 2.2371e-04, no:       8, try:  38400000
emin+1: -7.360e-03, e+1: -6.321e-03, T: 1.1985e-04, no:      24, try:  41600000
emin+1: -7.391e-03, e+1: -6.848e-03, T: 6.4212e-05, no:       0, try:  44800000
emin+1: -7.417e-03, e+1: -7.130e-03, T: 3.4402e-05, no:      11, try:  48000000
emin+1: -7.421e-03, e+1: -7.266e-03, T: 1.8431e-05, no:      18, try:  51200000
emin+1: -7.429e-03, e+1: -7.346e-03, T: 9.8747e-06, no:      20, try:  54400000
emin+1: -7.432e-03, e+1: -7.386e-03, T: 5.2904e-06, no:       0, try:  57600000
emin+1: -7.433e-03, e+1: -7.408e-03, T: 2.8344e-06, no:      25, try:  60800000
emin+1: -7.433e-03, e+1: -7.420e-03, T: 1.5185e-06, no:      17, try:  64000000
emin+1: -7.434e-03, e+1: -7.426e-03, T: 8.1357e-07, no:       6, try:  67200000
emin+1: -7.434e-03, e+1: -7.431e-03, T: 4.3588e-07, no:      72, try:  70400000
emin+1: -7.434e-03, e+1: -7.432e-03, T: 2.3352e-07, no:       3, try:  73600000
emin+1: -7.435e-03, e+1: -7.433e-03, T: 1.2511e-07, no:     129, try:  76800000
emin+1: -7.435e-03, e+1: -7.434e-03, T: 6.7030e-08, no:     138, try:  80000000
emin+1: -7.435e-03, e+1: -7.434e-03, T: 3.5912e-08, no:      86, try:  83200000
emin+1: -7.435e-03, e+1: -7.435e-03, T: 1.9240e-08, no:      51, try:  86400000
emin+1: -7.435e-03, e+1: -7.435e-03, T: 1.0308e-08, no:      11, try:  89600000
emin+1: -7.435e-03, e+1: -7.435e-03, T: 5.5226e-09, no:      44, try:  92800000
emin+1: -7.435e-03, e+1: -7.435e-03, T: 2.9588e-09, no:     869, try:  96000000
emin+1: -7.435e-03, e+1: -7.435e-03, T: 1.5852e-09, no:    1989, try:  99200000
emin+1: -7.435e-03, e+1: -7.435e-03, T: 8.4928e-10, no:     611, try: 102400000
emin+1: -7.435e-03, e+1: -7.435e-03, T: 4.5501e-10, no:     464, try: 105600000
emin+1: -7.435e-03, e+1: -7.435e-03, T: 2.4377e-10, no:    2696, try: 108800000
emin+1: -7.435e-03, e+1: -7.435e-03, T: 1.3060e-10, no:    8543, try: 112000000
emin+1: -7.435e-03, e+1: -7.435e-03, T: 6.9972e-11, no:     324, try: 115200000
emin+1: -7.435e-03, e+1: -7.435e-03, T: 3.7488e-11, no:    1753, try: 118400000
emin+1: -7.435e-03, e+1: -7.435e-03, T: 2.0084e-11, no:     947, try: 121600000
emin+1: -7.435e-03, e+1: -7.435e-03, T: 1.0760e-11, no:    1295, try: 124800000
emin+1: -7.435e-03, e+1: -7.435e-03, T: 5.7650e-12, no:    2150, try: 128000000
emin+1: -7.435e-03, e+1: -7.435e-03, T: 3.0886e-12, no:     140, try: 131200000
emin+1: -7.435e-03, e+1: -7.435e-03, T: 1.6548e-12, no:    1364, try: 134400000
emin+1: -7.435e-03, e+1: -7.435e-03, T: 8.8655e-13, no:    1692, try: 137600000
emin+1: -7.435e-03, e+1: -7.435e-03, T: 4.7497e-13, no:    1245, try: 140800000
emin+1: -7.435e-03, e+1: -7.435e-03, T: 2.5447e-13, no:      39, try: 144000000
emin+1: -7.435e-03, e+1: -7.435e-03, T: 1.3633e-13, no:     687, try: 147200000

Last chain: -1.00743475677179428e+00
Best chain: -1.00743475677502103e+00 (-1.00743475677502103e+00)

Error: length:  7.0108e-17, angle:  0.0000e+00


Last chain: -1.00743475677179428e+00
Best chain: -1.00743475677502103e+00 (-1.00743475677502103e+00)

Error: length:  2.6353e-17, angle:  1.8038e-16


4 5
emin+1: 0.000e+00, e+1: 0.000e+00, T: 8.0000e-03
emin+1: 0.000e+00, e+1: 4.172e-02, T: 4.2861e-03, no:       0, try:   8000000
emin+1: 0.000e+00, e+1: 2.096e-02, T: 2.2963e-03, no:       1, try:  16000000
emin+1: 0.000e+00, e+1: 1.045e-02, T: 1.2303e-03, no:       1, try:  24000000
emin+1: -1.488e-04, e+1: 5.196e-03, T: 6.5912e-04, no:       4, try:  32000000
emin+1: -4.890e-04, e+1: 2.483e-03, T: 3.5313e-04, no:       1, try:  40000000
emin+1: -4.974e-04, e+1: 1.113e-03, T: 1.8919e-04, no:       1, try:  48000000
emin+1: -4.974e-04, e+1: 4.943e-04, T: 1.0136e-04, no:       3, try:  56000000
emin+1: -7.379e-04, e+1: 8.187e-05, T: 5.4305e-05, no:       0, try:  64000000
emin+1: -8.074e-04, e+1: -3.732e-04, T: 2.9094e-05, no:       8, try:  72000000
emin+1: -8.074e-04, e+1: -6.028e-04, T: 1.5587e-05, no:       6, try:  80000000
emin+1: -8.165e-04, e+1: -7.150e-04, T: 8.3511e-06, no:       3, try:  88000000
emin+1: -8.259e-04, e+1: -7.765e-04, T: 4.4742e-06, no:       1, try:  96000000
emin+1: -8.304e-04, e+1: -8.049e-04, T: 2.3971e-06, no:      12, try: 104000000
emin+1: -8.316e-04, e+1: -8.101e-04, T: 1.2842e-06, no:       0, try: 112000000
emin+1: -8.379e-04, e+1: -8.302e-04, T: 6.8804e-07, no:       3, try: 120000000
emin+1: -8.381e-04, e+1: -8.337e-04, T: 3.6862e-07, no:       0, try: 128000000
emin+1: -8.381e-04, e+1: -8.345e-04, T: 1.9749e-07, no:      18, try: 136000000
emin+1: -8.390e-04, e+1: -8.371e-04, T: 1.0581e-07, no:      24, try: 144000000
emin+1: -8.393e-04, e+1: -8.384e-04, T: 5.6688e-08, no:     100, try: 152000000
emin+1: -8.393e-04, e+1: -8.391e-04, T: 3.0371e-08, no:      23, try: 160000000
emin+1: -8.393e-04, e+1: -8.392e-04, T: 1.6271e-08, no:       1, try: 168000000
emin+1: -8.393e-04, e+1: -8.392e-04, T: 8.7176e-09, no:       4, try: 176000000
emin+1: -8.393e-04, e+1: -8.393e-04, T: 4.6705e-09, no:      22, try: 184000000
emin+1: -8.393e-04, e+1: -8.393e-04, T: 2.5023e-09, no:       6, try: 192000000
emin+1: -8.393e-04, e+1: -8.393e-04, T: 1.3406e-09, no:      17, try: 200000000
emin+1: -8.393e-04, e+1: -8.393e-04, T: 7.1824e-10, no:      43, try: 208000000
emin+1: -8.393e-04, e+1: -8.393e-04, T: 3.8480e-10, no:      11, try: 216000000
emin+1: -8.393e-04, e+1: -8.393e-04, T: 2.0616e-10, no:      23, try: 224000000
emin+1: -8.393e-04, e+1: -8.393e-04, T: 1.1045e-10, no:      16, try: 232000000
emin+1: -8.393e-04, e+1: -8.393e-04, T: 5.9176e-11, no:      25, try: 240000000
emin+1: -8.393e-04, e+1: -8.393e-04, T: 3.1704e-11, no:      23, try: 248000000
emin+1: -8.393e-04, e+1: -8.393e-04, T: 1.6986e-11, no:       2, try: 256000000
emin+1: -8.393e-04, e+1: -8.393e-04, T: 9.1001e-12, no:       3, try: 264000000
emin+1: -8.393e-04, e+1: -8.393e-04, T: 4.8755e-12, no:       0, try: 272000000
emin+1: -8.393e-04, e+1: -8.393e-04, T: 2.6121e-12, no:       0, try: 280000000
emin+1: -8.393e-04, e+1: -8.393e-04, T: 1.3994e-12, no:       2, try: 288000000
emin+1: -8.393e-04, e+1: -8.393e-04, T: 7.4976e-13, no:       9, try: 296000000
emin+1: -8.393e-04, e+1: -8.393e-04, T: 4.0169e-13, no:      13, try: 304000000
emin+1: -8.393e-04, e+1: -8.393e-04, T: 2.1521e-13, no:       1, try: 312000000
emin+1: -8.393e-04, e+1: -8.393e-04, T: 1.1530e-13, no:       6, try: 320000000

Last chain: -1.00083934754275194e+00
Best chain: -1.00083934785129003e+00 (-1.00083934785129003e+00)

Error: length:  1.6512e-16, angle:  4.2407e-16


Last chain: -1.00083934754275194e+00
Best chain: -1.00083934785129003e+00 (-1.00083934785129003e+00)

Error: length:  4.7163e-17, angle:  2.1204e-16


5 6
emin+1: 0.000e+00, e+1: 0.000e+00, T: 1.6000e-04
emin+1: 0.000e+00, e+1: 1.017e-03, T: 8.5721e-05, no:       5, try:  19200000
emin+1: 0.000e+00, e+1: 4.905e-04, T: 4.5926e-05, no:      15, try:  38400000
emin+1: -1.086e-05, e+1: 2.369e-04, T: 2.4605e-05, no:      14, try:  57600000
emin+1: -3.578e-05, e+1: 1.009e-04, T: 1.3182e-05, no:       5, try:  76800000
emin+1: -3.578e-05, e+1: 4.650e-05, T: 7.0626e-06, no:       3, try:  96000000
emin+1: -3.578e-05, e+1: 2.149e-05, T: 3.7838e-06, no:       0, try: 115200000
emin+1: -3.578e-05, e+1: 1.172e-05, T: 2.0272e-06, no:       0, try: 134400000
emin+1: -3.578e-05, e+1: 5.919e-06, T: 1.0861e-06, no:      11, try: 153600000
emin+1: -3.578e-05, e+1: 3.269e-06, T: 5.8188e-07, no:       1, try: 172800000
emin+1: -3.578e-05, e+1: 1.749e-06, T: 3.1175e-07, no:       1, try: 192000000
emin+1: -3.578e-05, e+1: 9.192e-07, T: 1.6702e-07, no:       1, try: 211200000
emin+1: -3.578e-05, e+1: 4.852e-07, T: 8.9483e-08, no:       5, try: 230400000
emin+1: -3.578e-05, e+1: 2.599e-07, T: 4.7941e-08, no:      10, try: 249600000
emin+1: -3.578e-05, e+1: 1.352e-07, T: 2.5685e-08, no:       2, try: 268800000
emin+1: -3.578e-05, e+1: 6.598e-08, T: 1.3761e-08, no:       4, try: 288000000
emin+1: -3.578e-05, e+1: 3.294e-08, T: 7.3725e-09, no:       0, try: 307200000
emin+1: -3.578e-05, e+1: 1.252e-08, T: 3.9499e-09, no:       4, try: 326400000
emin+1: -3.578e-05, e+1: 2.227e-09, T: 2.1162e-09, no:       3, try: 345600000
emin+1: -3.578e-05, e+1: -2.874e-09, T: 1.1338e-09, no:       1, try: 364800000
emin+1: -3.578e-05, e+1: -5.350e-09, T: 6.0742e-10, no:       2, try: 384000000
emin+1: -3.578e-05, e+1: -7.169e-09, T: 3.2543e-10, no:      10, try: 403200000
emin+1: -3.578e-05, e+1: -8.022e-09, T: 1.7435e-10, no:       3, try: 422400000
emin+1: -3.578e-05, e+1: -8.384e-09, T: 9.3410e-11, no:       4, try: 441600000
emin+1: -3.578e-05, e+1: -8.527e-09, T: 5.0045e-11, no:       1, try: 460800000
emin+1: -3.578e-05, e+1: -8.746e-09, T: 2.6812e-11, no:       5, try: 480000000
emin+1: -3.578e-05, e+1: -8.857e-09, T: 1.4365e-11, no:       0, try: 499200000
emin+1: -3.578e-05, e+1: -8.956e-09, T: 7.6960e-12, no:       3, try: 518400000
emin+1: -3.578e-05, e+1: -9.014e-09, T: 4.1232e-12, no:       1, try: 537600000
emin+1: -3.578e-05, e+1: -9.013e-09, T: 2.2090e-12, no:       0, try: 556800000
emin+1: -3.578e-05, e+1: -9.023e-09, T: 1.1835e-12, no:       0, try: 576000000
emin+1: -3.578e-05, e+1: -9.022e-09, T: 6.3407e-13, no:       1, try: 595200000
emin+1: -3.578e-05, e+1: -9.023e-09, T: 3.3971e-13, no:       0, try: 614400000
emin+1: -3.578e-05, e+1: -9.023e-09, T: 1.8200e-13, no:       1, try: 633600000

Last chain: -1.00000000892161456e+00
Best chain: -1.00003578358369460e+00 (-1.00003578358369460e+00)

Error: length:  7.1887e-16, angle:  9.7286e-16


Last chain: -1.00000000892161456e+00
Best chain: -1.00003578358369460e+00 (-1.00003578358369349e+00)

Error: length:  4.8681e-17, angle:  2.3945e-16


6 7
emin+1: 0.000e+00, e+1: 0.000e+00, T: 3.2000e-06
emin+1: 0.000e+00, e+1: 2.770e-05, T: 1.7144e-06, no:       1, try:  44800000
emin+1: 0.000e+00, e+1: 9.880e-06, T: 9.1852e-07, no:       1, try:  89600000
emin+1: 0.000e+00, e+1: 4.109e-06, T: 4.9210e-07, no:       1, try: 134400000
emin+1: 0.000e+00, e+1: 1.860e-06, T: 2.6365e-07, no:       4, try: 179200000
emin+1: -1.057e-07, e+1: 8.416e-07, T: 1.4125e-07, no:      18, try: 224000000
emin+1: -1.261e-07, e+1: 3.562e-07, T: 7.5676e-08, no:      12, try: 268800000
emin+1: -1.541e-07, e+1: 1.125e-07, T: 4.0544e-08, no:       8, try: 313600000
emin+1: -1.619e-07, e+1: -1.886e-08, T: 2.1722e-08, no:       2, try: 358400000
emin+1: -1.635e-07, e+1: -9.379e-08, T: 1.1638e-08, no:       0, try: 403200000
emin+1: -1.690e-07, e+1: -1.300e-07, T: 6.2350e-09, no:       1, try: 448000000
emin+1: -1.707e-07, e+1: -1.498e-07, T: 3.3404e-09, no:       1, try: 492800000
emin+1: -1.719e-07, e+1: -1.610e-07, T: 1.7897e-09, no:       1, try: 537600000
emin+1: -1.730e-07, e+1: -1.666e-07, T: 9.5882e-10, no:       0, try: 582400000
emin+1: -1.730e-07, e+1: -1.697e-07, T: 5.1370e-10, no:       1, try: 627200000
emin+1: -1.731e-07, e+1: -1.713e-07, T: 2.7522e-10, no:       0, try: 672000000
emin+1: -1.732e-07, e+1: -1.725e-07, T: 1.4745e-10, no:       4, try: 716800000
emin+1: -1.733e-07, e+1: -1.729e-07, T: 7.8997e-11, no:       2, try: 761600000
emin+1: -1.733e-07, e+1: -1.732e-07, T: 4.2323e-11, no:       0, try: 806400000
emin+1: -1.733e-07, e+1: -1.732e-07, T: 2.2675e-11, no:       1, try: 851200000
emin+1: -1.733e-07, e+1: -1.732e-07, T: 1.2148e-11, no:       3, try: 896000000
emin+1: -1.733e-07, e+1: -1.732e-07, T: 6.5086e-12, no:       3, try: 940800000
emin+1: -1.734e-07, e+1: -1.732e-07, T: 3.4870e-12, no:       2, try: 985600000
emin+1: -1.734e-07, e+1: -1.732e-07, T: 1.8682e-12, no:       4, try: 1030400000
emin+1: -1.734e-07, e+1: -1.732e-07, T: 1.0009e-12, no:       1, try: 1075200000
emin+1: -1.734e-07, e+1: -1.732e-07, T: 5.3624e-13, no:       0, try: 1120000000
emin+1: -1.734e-07, e+1: -1.732e-07, T: 2.8730e-13, no:       1, try: 1164800000
emin+1: -1.734e-07, e+1: -1.732e-07, T: 1.5392e-13, no:       3, try: 1209600000

Last chain: -1.00000017335430713e+00
Best chain: -1.00000017335483249e+00 (-1.00000017335483249e+00)

Error: length:  5.2477e-16, angle:  1.1880e-15


Last chain: -1.00000017335430713e+00
Best chain: -1.00000017335483249e+00 (-1.00000017335483249e+00)

Error: length:  6.4357e-17, angle:  2.6400e-16


7 8
emin+1: 0.000e+00, e+1: 0.000e+00, T: 6.4000e-08
emin+1: 0.000e+00, e+1: 8.409e-07, T: 3.4288e-08, no:       5, try: 102400000
emin+1: 0.000e+00, e+1: 4.533e-07, T: 1.8370e-08, no:       7, try: 204800000
emin+1: 0.000e+00, e+1: 2.484e-07, T: 9.8420e-09, no:      14, try: 307200000
emin+1: 0.000e+00, e+1: 1.446e-07, T: 5.2729e-09, no:       0, try: 409600000
emin+1: 0.000e+00, e+1: 8.987e-08, T: 2.8250e-09, no:       4, try: 512000000
emin+1: 0.000e+00, e+1: 6.103e-08, T: 1.5135e-09, no:      13, try: 614400000
emin+1: 0.000e+00, e+1: 4.547e-08, T: 8.1088e-10, no:      27, try: 716800000
emin+1: 0.000e+00, e+1: 3.672e-08, T: 4.3444e-10, no:       3, try: 819200000
emin+1: 0.000e+00, e+1: 3.161e-08, T: 2.3275e-10, no:       6, try: 921600000
emin+1: 0.000e+00, e+1: 2.924e-08, T: 1.2470e-10, no:       5, try: 1024000000
emin+1: 0.000e+00, e+1: 2.812e-08, T: 6.6809e-11, no:       5, try: 1126400000
emin+1: 0.000e+00, e+1: 2.735e-08, T: 3.5793e-11, no:       0, try: 1228800000
emin+1: 0.000e+00, e+1: 2.681e-08, T: 1.9176e-11, no:       0, try: 1331200000
emin+1: 0.000e+00, e+1: 2.673e-08, T: 1.0274e-11, no:       1, try: 1433600000
emin+1: 0.000e+00, e+1: 2.665e-08, T: 5.5044e-12, no:      32, try: 1536000000
emin+1: 0.000e+00, e+1: 2.663e-08, T: 2.9490e-12, no:      13, try: 1638400000
emin+1: 0.000e+00, e+1: 2.662e-08, T: 1.5799e-12, no:       3, try: 1740800000
emin+1: 0.000e+00, e+1: 2.661e-08, T: 8.4647e-13, no:      36, try: 1843200000
emin+1: 0.000e+00, e+1: 2.661e-08, T: 4.5350e-13, no:      13, try: 1945600000
emin+1: 0.000e+00, e+1: 2.661e-08, T: 2.4297e-13, no:       0, try: 2048000000
emin+1: 0.000e+00, e+1: 2.661e-08, T: 1.3017e-13, no:       2, try: -2144567296

Last chain: -9.99999973420624633e-01
Best chain: -1.00000000000000000e+00 (-1.00000000000000000e+00)

Error: length:  0.0000e+00, angle:  0.0000e+00


Last chain: -9.99999973420624633e-01
Best chain: -1.00000000000000000e+00 (-1.00000000000000000e+00)

Error: length:  0.0000e+00, angle:  0.0000e+00


8 9
emin+1: 0.000e+00, e+1: 0.000e+00, T: 1.2800e-09
emin+1: 0.000e+00, e+1: 2.478e-08, T: 6.8577e-10, no:       0, try: 230400000
emin+1: 0.000e+00, e+1: 1.256e-08, T: 3.6741e-10, no:      20, try: 460800000
emin+1: 0.000e+00, e+1: 6.901e-09, T: 1.9684e-10, no:       2, try: 691200000
emin+1: 0.000e+00, e+1: 3.876e-09, T: 1.0546e-10, no:      12, try: 921600000
emin+1: 0.000e+00, e+1: 2.172e-09, T: 5.6500e-11, no:      42, try: 1152000000
emin+1: 0.000e+00, e+1: 1.725e-09, T: 3.0271e-11, no:      31, try: 1382400000
emin+1: 0.000e+00, e+1: 1.233e-09, T: 1.6218e-11, no:      35, try: 1612800000
emin+1: 0.000e+00, e+1: 5.062e-10, T: 8.6887e-12, no:       1, try: 1843200000
emin+1: 0.000e+00, e+1: 4.047e-10, T: 4.6551e-12, no:       3, try: 2073600000
emin+1: 0.000e+00, e+1: 3.848e-10, T: 2.4940e-12, no:       1, try: -1990967296
emin+1: 0.000e+00, e+1: 3.375e-10, T: 1.3362e-12, no:       1, try: -1760567296
emin+1: 0.000e+00, e+1: 3.331e-10, T: 7.1586e-13, no:      22, try: -1530167296
