1 2
emin+1: 0.000e+00, e+1: 0.000e+00, T: 6.2500e+01
emin+1: -4.142e-01, e+1: -1.227e-01, T: 3.3485e+01, no:       0, try:    400000
emin+1: -4.142e-01, e+1: -1.229e-01, T: 1.7940e+01, no:       0, try:    800000
emin+1: -4.142e-01, e+1: -1.222e-01, T: 9.6114e+00, no:       0, try:   1200000
emin+1: -4.142e-01, e+1: -1.235e-01, T: 5.1494e+00, no:       0, try:   1600000
emin+1: -4.142e-01, e+1: -1.242e-01, T: 2.7588e+00, no:       0, try:   2000000
emin+1: -4.142e-01, e+1: -1.279e-01, T: 1.4781e+00, no:       1, try:   2400000
emin+1: -4.142e-01, e+1: -1.334e-01, T: 7.9188e-01, no:       1, try:   2800000
emin+1: -4.142e-01, e+1: -1.461e-01, T: 4.2426e-01, no:       1, try:   3200000
emin+1: -4.142e-01, e+1: -1.716e-01, T: 2.2730e-01, no:       1, try:   3600000
emin+1: -4.142e-01, e+1: -2.153e-01, T: 1.2178e-01, no:       1, try:   4000000
emin+1: -4.142e-01, e+1: -2.839e-01, T: 6.5243e-02, no:       2, try:   4400000
emin+1: -4.142e-01, e+1: -3.511e-01, T: 3.4954e-02, no:       1, try:   4800000
emin+1: -4.142e-01, e+1: -3.808e-01, T: 1.8727e-02, no:       1, try:   5200000
emin+1: -4.142e-01, e+1: -3.962e-01, T: 1.0033e-02, no:      10, try:   5600000
emin+1: -4.142e-01, e+1: -4.041e-01, T: 5.3753e-03, no:       0, try:   6000000
emin+1: -4.142e-01, e+1: -4.085e-01, T: 2.8799e-03, no:       1, try:   6400000
emin+1: -4.142e-01, e+1: -4.110e-01, T: 1.5429e-03, no:       1, try:   6800000
emin+1: -4.142e-01, e+1: -4.125e-01, T: 8.2663e-04, no:      21, try:   7200000
emin+1: -4.142e-01, e+1: -4.133e-01, T: 4.4287e-04, no:       3, try:   7600000
emin+1: -4.142e-01, e+1: -4.137e-01, T: 2.3727e-04, no:       6, try:   8000000
emin+1: -4.142e-01, e+1: -4.139e-01, T: 1.2712e-04, no:      25, try:   8400000
emin+1: -4.142e-01, e+1: -4.141e-01, T: 6.8106e-05, no:      17, try:   8800000
emin+1: -4.142e-01, e+1: -4.141e-01, T: 3.6488e-05, no:     102, try:   9200000
emin+1: -4.142e-01, e+1: -4.142e-01, T: 1.9549e-05, no:      25, try:   9600000
emin+1: -4.142e-01, e+1: -4.142e-01, T: 1.0473e-05, no:     176, try:  10000000
emin+1: -4.142e-01, e+1: -4.142e-01, T: 5.6112e-06, no:     106, try:  10400000
emin+1: -4.142e-01, e+1: -4.142e-01, T: 3.0063e-06, no:      78, try:  10800000
emin+1: -4.142e-01, e+1: -4.142e-01, T: 1.6106e-06, no:     136, try:  11200000
emin+1: -4.142e-01, e+1: -4.142e-01, T: 8.6291e-07, no:     289, try:  11600000
emin+1: -4.142e-01, e+1: -4.142e-01, T: 4.6231e-07, no:     434, try:  12000000
emin+1: -4.142e-01, e+1: -4.142e-01, T: 2.4769e-07, no:     121, try:  12400000
emin+1: -4.142e-01, e+1: -4.142e-01, T: 1.3270e-07, no:      39, try:  12800000
emin+1: -4.142e-01, e+1: -4.142e-01, T: 7.1095e-08, no:    1250, try:  13200000
emin+1: -4.142e-01, e+1: -4.142e-01, T: 3.8090e-08, no:     746, try:  13600000
emin+1: -4.142e-01, e+1: -4.142e-01, T: 2.0407e-08, no:     143, try:  14000000
emin+1: -4.142e-01, e+1: -4.142e-01, T: 1.0933e-08, no:    1391, try:  14400000
emin+1: -4.142e-01, e+1: -4.142e-01, T: 5.8575e-09, no:    5061, try:  14800000
emin+1: -4.142e-01, e+1: -4.142e-01, T: 3.1382e-09, no:    3608, try:  15200000
emin+1: -4.142e-01, e+1: -4.142e-01, T: 1.6813e-09, no:    3070, try:  15600000
emin+1: -4.142e-01, e+1: -4.142e-01, T: 9.0077e-10, no:    4095, try:  16000000
emin+1: -4.142e-01, e+1: -4.142e-01, T: 4.8260e-10, no:   12247, try:  16400000
emin+1: -4.142e-01, e+1: -4.142e-01, T: 2.5856e-10, no:   20509, try:  16800000
emin+1: -4.142e-01, e+1: -4.142e-01, T: 1.3852e-10, no:    5609, try:  17200000
emin+1: -4.142e-01, e+1: -4.142e-01, T: 7.4215e-11, no:    2543, try:  17600000
emin+1: -4.142e-01, e+1: -4.142e-01, T: 3.9761e-11, no:  115350, try:  18000000
emin+1: -4.142e-01, e+1: -4.142e-01, T: 2.1302e-11, no:   28158, try:  18400000
emin+1: -4.142e-01, e+1: -4.142e-01, T: 1.1413e-11, no:    6418, try:  18800000
emin+1: -4.142e-01, e+1: -4.142e-01, T: 6.1145e-12, no:   93306, try:  19200000
emin+1: -4.142e-01, e+1: -4.142e-01, T: 3.2759e-12, no:  170524, try:  19600000
emin+1: -4.142e-01, e+1: -4.142e-01, T: 1.7551e-12, no:  236147, try:  20000000
emin+1: -4.142e-01, e+1: -4.142e-01, T: 9.4031e-13, no:   25242, try:  20400000
emin+1: -4.142e-01, e+1: -4.142e-01, T: 5.0378e-13, no:  169561, try:  20800000
emin+1: -4.142e-01, e+1: -4.142e-01, T: 2.6990e-13, no:   68745, try:  21200000
emin+1: -4.142e-01, e+1: -4.142e-01, T: 1.4460e-13, no:  468745, try:  21600000

Last chain: -1.41421356237306939e+00
Best chain: -1.41421356237306939e+00 (-1.41421356237306939e+00)

Error: length:  6.8305e-17, angle:  0.0000e+00


Last chain: -1.41421356237306939e+00
Best chain: -1.41421356237306939e+00 (-1.41421356237306939e+00)

Error: length:  6.8305e-17, angle:  0.0000e+00


2 3
emin+1: 0.000e+00, e+1: 0.000e+00, T: 1.2500e+00
emin+1: -5.768e-02, e+1: 1.773e-01, T: 6.6970e-01, no:       0, try:   1200000
emin+1: -5.778e-02, e+1: 1.698e-01, T: 3.5880e-01, no:       0, try:   2400000
emin+1: -5.780e-02, e+1: 1.574e-01, T: 1.9223e-01, no:       1, try:   3600000
emin+1: -5.802e-02, e+1: 1.312e-01, T: 1.0299e-01, no:       0, try:   4800000
emin+1: -5.901e-02, e+1: 8.578e-02, T: 5.5176e-02, no:       0, try:   6000000
emin+1: -5.951e-02, e+1: 3.864e-02, T: 2.9561e-02, no:       1, try:   7200000
emin+1: -6.018e-02, e+1: 6.998e-03, T: 1.5838e-02, no:       1, try:   8400000
emin+1: -6.033e-02, e+1: -1.695e-02, T: 8.4851e-03, no:       0, try:   9600000
emin+1: -6.053e-02, e+1: -3.769e-02, T: 4.5460e-03, no:       4, try:  10800000
emin+1: -6.054e-02, e+1: -4.917e-02, T: 2.4355e-03, no:       4, try:  12000000
emin+1: -6.062e-02, e+1: -5.447e-02, T: 1.3049e-03, no:       5, try:  13200000
emin+1: -6.063e-02, e+1: -5.737e-02, T: 6.9909e-04, no:       0, try:  14400000
emin+1: -6.064e-02, e+1: -5.885e-02, T: 3.7454e-04, no:       2, try:  15600000
emin+1: -6.065e-02, e+1: -5.968e-02, T: 2.0066e-04, no:       6, try:  16800000
emin+1: -6.065e-02, e+1: -6.012e-02, T: 1.0751e-04, no:       2, try:  18000000
emin+1: -6.066e-02, e+1: -6.037e-02, T: 5.7598e-05, no:      18, try:  19200000
emin+1: -6.066e-02, e+1: -6.050e-02, T: 3.0858e-05, no:       7, try:  20400000
emin+1: -6.066e-02, e+1: -6.057e-02, T: 1.6533e-05, no:       6, try:  21600000
emin+1: -6.066e-02, e+1: -6.061e-02, T: 8.8575e-06, no:     104, try:  22800000
emin+1: -6.066e-02, e+1: -6.063e-02, T: 4.7455e-06, no:      61, try:  24000000
emin+1: -6.066e-02, e+1: -6.065e-02, T: 2.5424e-06, no:      21, try:  25200000
emin+1: -6.066e-02, e+1: -6.065e-02, T: 1.3621e-06, no:      74, try:  26400000
emin+1: -6.066e-02, e+1: -6.066e-02, T: 7.2977e-07, no:     429, try:  27600000
emin+1: -6.066e-02, e+1: -6.066e-02, T: 3.9098e-07, no:      61, try:  28800000
emin+1: -6.066e-02, e+1: -6.066e-02, T: 2.0947e-07, no:     636, try:  30000000
emin+1: -6.066e-02, e+1: -6.066e-02, T: 1.1222e-07, no:      84, try:  31200000
emin+1: -6.066e-02, e+1: -6.066e-02, T: 6.0125e-08, no:     329, try:  32400000
emin+1: -6.066e-02, e+1: -6.066e-02, T: 3.2213e-08, no:     111, try:  33600000
emin+1: -6.066e-02, e+1: -6.066e-02, T: 1.7258e-08, no:       1, try:  34800000
emin+1: -6.066e-02, e+1: -6.066e-02, T: 9.2462e-09, no:    1587, try:  36000000
emin+1: -6.066e-02, e+1: -6.066e-02, T: 4.9537e-09, no:    1085, try:  37200000
emin+1: -6.066e-02, e+1: -6.066e-02, T: 2.6540e-09, no:    4753, try:  38400000
emin+1: -6.066e-02, e+1: -6.066e-02, T: 1.4219e-09, no:    9520, try:  39600000
emin+1: -6.066e-02, e+1: -6.066e-02, T: 7.6179e-10, no:    5760, try:  40800000
emin+1: -6.066e-02, e+1: -6.066e-02, T: 4.0814e-10, no:    6177, try:  42000000
emin+1: -6.066e-02, e+1: -6.066e-02, T: 2.1866e-10, no:     503, try:  43200000
emin+1: -6.066e-02, e+1: -6.066e-02, T: 1.1715e-10, no:    8946, try:  44400000
emin+1: -6.066e-02, e+1: -6.066e-02, T: 6.2764e-11, no:     439, try:  45600000
emin+1: -6.066e-02, e+1: -6.066e-02, T: 3.3626e-11, no:    4478, try:  46800000
emin+1: -6.066e-02, e+1: -6.066e-02, T: 1.8015e-11, no:    6175, try:  48000000
emin+1: -6.066e-02, e+1: -6.066e-02, T: 9.6519e-12, no:     275, try:  49200000
emin+1: -6.066e-02, e+1: -6.066e-02, T: 5.1711e-12, no:    9278, try:  50400000
emin+1: -6.066e-02, e+1: -6.066e-02, T: 2.7705e-12, no:    9021, try:  51600000
emin+1: -6.066e-02, e+1: -6.066e-02, T: 1.4843e-12, no:   25605, try:  52800000
emin+1: -6.066e-02, e+1: -6.066e-02, T: 7.9522e-13, no:   31981, try:  54000000
emin+1: -6.066e-02, e+1: -6.066e-02, T: 4.2605e-13, no:  213620, try:  55200000
emin+1: -6.066e-02, e+1: -6.066e-02, T: 2.2826e-13, no:   10372, try:  56400000
emin+1: -6.066e-02, e+1: -6.066e-02, T: 1.2229e-13, no:   51367, try:  57600000

Last chain: -1.06066017177623406e+00
Best chain: -1.06066017177627381e+00 (-1.06066017177627381e+00)

Error: length:  8.8624e-17, angle:  1.4136e-16


Last chain: -1.06066017177623406e+00
Best chain: -1.06066017177627381e+00 (-1.06066017177627359e+00)

Error: length:  1.6023e-17, angle:  0.0000e+00


3 4
emin+1: 0.000e+00, e+1: 0.000e+00, T: 2.5000e-02
emin+1: -4.648e-03, e+1: 7.081e-02, T: 1.3394e-02, no:       0, try:   2400000
emin+1: -5.202e-03, e+1: 3.388e-02, T: 7.1759e-03, no:       0, try:   4800000
emin+1: -6.395e-03, e+1: 1.607e-02, T: 3.8445e-03, no:       1, try:   7200000
emin+1: -6.395e-03, e+1: 7.277e-03, T: 2.0597e-03, no:       0, try:   9600000
emin+1: -6.536e-03, e+1: 2.695e-03, T: 1.1035e-03, no:       0, try:  12000000
emin+1: -7.175e-03, e+1: -1.658e-03, T: 5.9122e-04, no:       0, try:  14400000
emin+1: -7.225e-03, e+1: -4.468e-03, T: 3.1675e-04, no:       0, try:  16800000
emin+1: -7.325e-03, e+1: -5.914e-03, T: 1.6970e-04, no:      11, try:  19200000
emin+1: -7.386e-03, e+1: -6.576e-03, T: 9.0919e-05, no:       5, try:  21600000
emin+1: -7.412e-03, e+1: -6.997e-03, T: 4.8711e-05, no:      15, try:  24000000
emin+1: -7.412e-03, e+1: -7.203e-03, T: 2.6097e-05, no:      23, try:  26400000
emin+1: -7.420e-03, e+1: -7.309e-03, T: 1.3982e-05, no:       2, try:  28800000
emin+1: -7.429e-03, e+1: -7.367e-03, T: 7.4908e-06, no:       1, try:  31200000
emin+1: -7.432e-03, e+1: -7.397e-03, T: 4.0133e-06, no:      30, try:  33600000
emin+1: -7.433e-03, e+1: -7.415e-03, T: 2.1501e-06, no:      19, try:  36000000
emin+1: -7.434e-03, e+1: -7.423e-03, T: 1.1520e-06, no:      87, try:  38400000
emin+1: -7.434e-03, e+1: -7.430e-03, T: 6.1717e-07, no:      31, try:  40800000
emin+1: -7.434e-03, e+1: -7.432e-03, T: 3.3065e-07, no:      98, try:  43200000
emin+1: -7.435e-03, e+1: -7.433e-03, T: 1.7715e-07, no:     121, try:  45600000
emin+1: -7.435e-03, e+1: -7.434e-03, T: 9.4909e-08, no:      23, try:  48000000
emin+1: -7.435e-03, e+1: -7.434e-03, T: 5.0848e-08, no:     378, try:  50400000
emin+1: -7.435e-03, e+1: -7.435e-03, T: 2.7242e-08, no:     482, try:  52800000
emin+1: -7.435e-03, e+1: -7.435e-03, T: 1.4595e-08, no:      15, try:  55200000
emin+1: -7.435e-03, e+1: -7.435e-03, T: 7.8196e-09, no:     103, try:  57600000
emin+1: -7.435e-03, e+1: -7.435e-03, T: 4.1894e-09, no:      28, try:  60000000
emin+1: -7.435e-03, e+1: -7.435e-03, T: 2.2445e-09, no:      45, try:  62400000
emin+1: -7.435e-03, e+1: -7.435e-03, T: 1.2025e-09, no:     386, try:  64800000
emin+1: -7.435e-03, e+1: -7.435e-03, T: 6.4425e-10, no:    1167, try:  67200000
emin+1: -7.435e-03, e+1: -7.435e-03, T: 3.4516e-10, no:     121, try:  69600000
emin+1: -7.435e-03, e+1: -7.435e-03, T: 1.8492e-10, no:      52, try:  72000000
emin+1: -7.435e-03, e+1: -7.435e-03, T: 9.9074e-11, no:     109, try:  74400000
emin+1: -7.435e-03, e+1: -7.435e-03, T: 5.3080e-11, no:     511, try:  76800000
emin+1: -7.435e-03, e+1: -7.435e-03, T: 2.8438e-11, no:      52, try:  79200000
emin+1: -7.435e-03, e+1: -7.435e-03, T: 1.5236e-11, no:      39, try:  81600000
emin+1: -7.435e-03, e+1: -7.435e-03, T: 8.1627e-12, no:      48, try:  84000000
emin+1: -7.435e-03, e+1: -7.435e-03, T: 4.3732e-12, no:      49, try:  86400000
emin+1: -7.435e-03, e+1: -7.435e-03, T: 2.3430e-12, no:       3, try:  88800000
emin+1: -7.435e-03, e+1: -7.435e-03, T: 1.2553e-12, no:       8, try:  91200000
emin+1: -7.435e-03, e+1: -7.435e-03, T: 6.7252e-13, no:      10, try:  93600000
emin+1: -7.435e-03, e+1: -7.435e-03, T: 3.6031e-13, no:      33, try:  96000000
emin+1: -7.435e-03, e+1: -7.435e-03, T: 1.9304e-13, no:       5, try:  98400000
emin+1: -7.435e-03, e+1: -7.435e-03, T: 1.0342e-13, no:       2, try: 100800000

Last chain: -1.00743475094296664e+00
Best chain: -1.00743475094303259e+00 (-1.00743475094303259e+00)

Error: length:  5.1079e-17, angle:  1.8038e-16


Last chain: -1.00743475094296664e+00
Best chain: -1.00743475094303259e+00 (-1.00743475094303259e+00)

Error: length:  4.1877e-17, angle:  0.0000e+00


4 5
emin+1: 0.000e+00, e+1: 0.000e+00, T: 5.0000e-04
emin+1: -4.466e-04, e+1: 1.748e-03, T: 2.6788e-04, no:      21, try:   4000000
emin+1: -4.724e-04, e+1: 7.928e-04, T: 1.4352e-04, no:       0, try:   8000000
emin+1: -6.273e-04, e+1: 2.548e-04, T: 7.6891e-05, no:       0, try:  12000000
emin+1: -7.554e-04, e+1: -1.192e-04, T: 4.1195e-05, no:       1, try:  16000000
emin+1: -7.716e-04, e+1: -5.107e-04, T: 2.2070e-05, no:       9, try:  20000000
emin+1: -8.098e-04, e+1: -6.645e-04, T: 1.1824e-05, no:       3, try:  24000000
emin+1: -8.226e-04, e+1: -7.271e-04, T: 6.3350e-06, no:       7, try:  28000000
emin+1: -8.325e-04, e+1: -7.973e-04, T: 3.3940e-06, no:       0, try:  32000000
emin+1: -8.347e-04, e+1: -8.133e-04, T: 1.8184e-06, no:      10, try:  36000000
emin+1: -8.377e-04, e+1: -8.272e-04, T: 9.7421e-07, no:       7, try:  40000000
emin+1: -8.377e-04, e+1: -8.323e-04, T: 5.2194e-07, no:      23, try:  44000000
emin+1: -8.381e-04, e+1: -8.352e-04, T: 2.7963e-07, no:      24, try:  48000000
emin+1: -8.386e-04, e+1: -8.370e-04, T: 1.4982e-07, no:       2, try:  52000000
emin+1: -8.390e-04, e+1: -8.383e-04, T: 8.0265e-08, no:      32, try:  56000000
emin+1: -8.392e-04, e+1: -8.388e-04, T: 4.3003e-08, no:      33, try:  60000000
emin+1: -8.393e-04, e+1: -8.391e-04, T: 2.3039e-08, no:       0, try:  64000000
emin+1: -8.394e-04, e+1: -8.393e-04, T: 1.2343e-08, no:      11, try:  68000000
emin+1: -8.394e-04, e+1: -8.393e-04, T: 6.6130e-09, no:      22, try:  72000000
emin+1: -8.394e-04, e+1: -8.393e-04, T: 3.5430e-09, no:      39, try:  76000000
emin+1: -8.394e-04, e+1: -8.394e-04, T: 1.8982e-09, no:      15, try:  80000000
emin+1: -8.394e-04, e+1: -8.394e-04, T: 1.0170e-09, no:       1, try:  84000000
emin+1: -8.394e-04, e+1: -8.394e-04, T: 5.4485e-10, no:      54, try:  88000000
emin+1: -8.394e-04, e+1: -8.394e-04, T: 2.9191e-10, no:      16, try:  92000000
emin+1: -8.394e-04, e+1: -8.394e-04, T: 1.5639e-10, no:       7, try:  96000000
emin+1: -8.394e-04, e+1: -8.394e-04, T: 8.3788e-11, no:       0, try: 100000000
emin+1: -8.394e-04, e+1: -8.394e-04, T: 4.4890e-11, no:      14, try: 104000000
emin+1: -8.394e-04, e+1: -8.394e-04, T: 2.4050e-11, no:       6, try: 108000000
emin+1: -8.394e-04, e+1: -8.394e-04, T: 1.2885e-11, no:       1, try: 112000000
emin+1: -8.394e-04, e+1: -8.394e-04, T: 6.9033e-12, no:       4, try: 116000000
emin+1: -8.394e-04, e+1: -8.394e-04, T: 3.6985e-12, no:       8, try: 120000000
emin+1: -8.394e-04, e+1: -8.394e-04, T: 1.9815e-12, no:       1, try: 124000000
emin+1: -8.394e-04, e+1: -8.394e-04, T: 1.0616e-12, no:       1, try: 128000000
emin+1: -8.394e-04, e+1: -8.394e-04, T: 5.6876e-13, no:       5, try: 132000000
emin+1: -8.394e-04, e+1: -8.394e-04, T: 3.0472e-13, no:       2, try: 136000000
emin+1: -8.394e-04, e+1: -8.394e-04, T: 1.6325e-13, no:       0, try: 140000000

Last chain: -1.00083938219536051e+00
Best chain: -1.00083938220282342e+00 (-1.00083938220282342e+00)

Error: length:  5.6812e-17, angle:  2.1204e-16


Last chain: -1.00083938219536051e+00
Best chain: -1.00083938220282342e+00 (-1.00083938220282342e+00)

Error: length:  3.7459e-17, angle:  2.1204e-16


5 6
emin+1: 0.000e+00, e+1: 0.000e+00, T: 1.0000e-05
emin+1: 0.000e+00, e+1: 5.675e-05, T: 5.3576e-06, no:       5, try:   6000000
emin+1: 0.000e+00, e+1: 2.588e-05, T: 2.8704e-06, no:       5, try:  12000000
emin+1: -1.472e-06, e+1: 9.026e-06, T: 1.5378e-06, no:       0, try:  18000000
emin+1: -1.595e-06, e+1: 2.982e-06, T: 8.2390e-07, no:       0, try:  24000000
emin+1: -1.893e-06, e+1: 6.849e-07, T: 4.4141e-07, no:       1, try:  30000000
emin+1: -1.893e-06, e+1: -6.180e-07, T: 2.3649e-07, no:       1, try:  36000000
emin+1: -1.893e-06, e+1: -1.246e-06, T: 1.2670e-07, no:       0, try:  42000000
emin+1: -1.893e-06, e+1: -1.563e-06, T: 6.7881e-08, no:       4, try:  48000000
emin+1: -1.917e-06, e+1: -1.733e-06, T: 3.6368e-08, no:       4, try:  54000000
emin+1: -1.917e-06, e+1: -1.809e-06, T: 1.9484e-08, no:       2, try:  60000000
emin+1: -1.918e-06, e+1: -1.865e-06, T: 1.0439e-08, no:       0, try:  66000000
emin+1: -1.922e-06, e+1: -1.895e-06, T: 5.5927e-09, no:       2, try:  72000000
emin+1: -1.922e-06, e+1: -1.909e-06, T: 2.9963e-09, no:       2, try:  78000000
emin+1: -1.924e-06, e+1: -1.916e-06, T: 1.6053e-09, no:       1, try:  84000000
emin+1: -1.924e-06, e+1: -1.919e-06, T: 8.6005e-10, no:       1, try:  90000000
emin+1: -1.924e-06, e+1: -1.922e-06, T: 4.6078e-10, no:       0, try:  96000000
emin+1: -1.924e-06, e+1: -1.923e-06, T: 2.4687e-10, no:       1, try: 102000000
