6 7
emin+1:  0.000000e+00, e+1:  0.000000e+00, T: 1.0000e-05
emin+1:  0.000000e+00, e+1:  8.243567e-05, T: 6.3096e-06, no:       1, try:   1260000000
emin+1:  0.000000e+00, e+1:  4.861416e-05, T: 3.9811e-06, no:       9, try:   2520000000
emin+1:  0.000000e+00, e+1:  2.828452e-05, T: 2.5119e-06, no:       3, try:   3780000000
emin+1: -1.781372e-06, e+1:  1.678529e-05, T: 1.5849e-06, no:       4, try:   5040000000
emin+1: -1.781372e-06, e+1:  8.665981e-06, T: 1.0000e-06, no:       4, try:   6300000000
emin+1: -1.781372e-06, e+1:  4.712917e-06, T: 6.3096e-07, no:       0, try:   7560000000
emin+1: -2.156632e-06, e+1:  1.528090e-06, T: 3.9811e-07, no:       2, try:   8820000000
emin+1: -3.266767e-06, e+1: -3.279114e-07, T: 2.5119e-07, no:       3, try:  10080000000
emin+1: -3.266767e-06, e+1: -1.015764e-06, T: 1.5849e-07, no:      11, try:  11340000000
emin+1: -3.266767e-06, e+1: -2.135611e-06, T: 1.0000e-07, no:       7, try:  12600000000
emin+1: -3.849633e-06, e+1: -3.175554e-06, T: 6.3096e-08, no:       3, try:  13860000000
emin+1: -3.965695e-06, e+1: -3.611945e-06, T: 3.9811e-08, no:       8, try:  15120000000
emin+1: -4.028033e-06, e+1: -3.786020e-06, T: 2.5119e-08, no:       1, try:  16380000000
emin+1: -4.076118e-06, e+1: -3.974492e-06, T: 1.5849e-08, no:      15, try:  17640000000
emin+1: -4.108236e-06, e+1: -4.026719e-06, T: 1.0000e-08, no:       7, try:  18900000000
emin+1: -4.114515e-06, e+1: -4.072499e-06, T: 6.3096e-09, no:       0, try:  20160000000
emin+1: -4.121455e-06, e+1: -4.095862e-06, T: 3.9811e-09, no:       3, try:  21420000000
emin+1: -4.134787e-06, e+1: -4.115859e-06, T: 2.5119e-09, no:      10, try:  22680000000
emin+1: -4.137014e-06, e+1: -4.125195e-06, T: 1.5849e-09, no:       5, try:  23940000000
emin+1: -4.137581e-06, e+1: -4.131225e-06, T: 1.0000e-09, no:      13, try:  25200000000
emin+1: -4.137727e-06, e+1: -4.133942e-06, T: 6.3096e-10, no:       6, try:  26460000000
emin+1: -4.137727e-06, e+1: -4.135256e-06, T: 3.9811e-10, no:       0, try:  27720000000
emin+1: -4.137727e-06, e+1: -4.135912e-06, T: 2.5119e-10, no:       0, try:  28980000000
emin+1: -4.137727e-06, e+1: -4.136559e-06, T: 1.5849e-10, no:       2, try:  30240000000
emin+1: -4.137727e-06, e+1: -4.137055e-06, T: 1.0000e-10, no:       6, try:  31500000000
emin+1: -4.137727e-06, e+1: -4.137328e-06, T: 6.3096e-11, no:       2, try:  32760000000
emin+1: -4.137727e-06, e+1: -4.137505e-06, T: 3.9811e-11, no:       1, try:  34020000000
emin+1: -4.137753e-06, e+1: -4.137613e-06, T: 2.5119e-11, no:       6, try:  35280000000
emin+1: -4.137768e-06, e+1: -4.137680e-06, T: 1.5849e-11, no:       6, try:  36540000000
emin+1: -4.137779e-06, e+1: -4.137724e-06, T: 1.0000e-11, no:       1, try:  37800000000
emin+1: -4.137780e-06, e+1: -4.137747e-06, T: 6.3096e-12, no:       1, try:  39060000000
emin+1: -4.137784e-06, e+1: -4.137764e-06, T: 3.9811e-12, no:       0, try:  40320000000
emin+1: -4.137787e-06, e+1: -4.137774e-06, T: 2.5119e-12, no:       8, try:  41580000000
emin+1: -4.137787e-06, e+1: -4.137778e-06, T: 1.5849e-12, no:       1, try:  42840000000
emin+1: -4.137787e-06, e+1: -4.137780e-06, T: 1.0000e-12, no:       0, try:  44100000000
emin+1: -4.137788e-06, e+1: -4.137781e-06, T: 6.3096e-13, no:       1, try:  45360000000
emin+1: -4.137788e-06, e+1: -4.137783e-06, T: 3.9811e-13, no:       4, try:  46620000000
emin+1: -4.137788e-06, e+1: -4.137784e-06, T: 2.5119e-13, no:       4, try:  47880000000
emin+1: -4.137788e-06, e+1: -4.137785e-06, T: 1.5849e-13, no:       1, try:  49140000000
emin+1: -4.137788e-06, e+1: -4.137786e-06, T: 1.0000e-13, no:       2, try:  50400000000
emin+1: -4.137788e-06, e+1: -4.137786e-06, T: 6.3096e-14, no:       0, try:  51660000000
emin+1: -4.137788e-06, e+1: -4.137786e-06, T: 3.9811e-14, no:       1, try:  52920000000
emin+1: -4.137788e-06, e+1: -4.137786e-06, T: 2.5119e-14, no:       0, try:  54180000000
emin+1: -4.137788e-06, e+1: -4.137786e-06, T: 1.5849e-14, no:       3, try:  55440000000
emin+1: -4.137788e-06, e+1: -4.137786e-06, T: 1.0000e-14, no:       4, try:  56700000000
emin+1: -4.137788e-06, e+1: -4.137786e-06, T: 6.3096e-15, no:       1, try:  57960000000
emin+1: -4.137788e-06, e+1: -4.137786e-06, T: 3.9811e-15, no:       2, try:  59220000000
emin+1: -4.137788e-06, e+1: -4.137786e-06, T: 2.5119e-15, no:       2, try:  60480000000
emin+1: -4.137788e-06, e+1: -4.137786e-06, T: 1.5849e-15, no:       1, try:  61740000000
emin+1: -4.137788e-06, e+1: -4.137786e-06, T: 1.0000e-15, no:       0, try:  63000000000

Last chain: -1.000004137788044447491576927e+00
Best chain: -1.000004137788046080191628473e+00 (-1.000004137788046080191628473e+00)

Error: length:  0.000000000000000000000000000e+00, angle:  2.640029437490473152892343746e-16


Last chain: -1.000004137788044447491576927e+00
Best chain: -1.000004137788046080191628473e+00 (-1.000004137788046080191628473e+00)

Error: length:  0.000000000000000000000000000e+00, angle:  2.640029437490473152892343746e-16


7 8
emin+1:  0.000000e+00, e+1:  0.000000e+00, T: 1.0000e-05
emin+1:  0.000000e+00, e+1:  1.363324e-04, T: 6.3096e-06, no:      18, try:   1960000000

Last chain: -9.998751801325989894725539131e-01
Best chain: -1.000000000000000000000000000e+00 (-1.000000000000000000000000000e+00)
