6 7
emin+1:  0.000000e+00, e+1:  0.000000e+00, T: 1.0000e-05
emin+1:  0.000000e+00, e+1:  1.000959e-04, T: 8.4657e-06, no:       7, try:   1260000000
emin+1:  0.000000e+00, e+1:  8.430364e-05, T: 7.4928e-06, no:       5, try:   2520000000
emin+1:  0.000000e+00, e+1:  7.581635e-05, T: 6.8140e-06, no:       5, try:   3780000000
emin+1:  0.000000e+00, e+1:  6.916275e-05, T: 6.3096e-06, no:       8, try:   5040000000
emin+1:  0.000000e+00, e+1:  5.794723e-05, T: 5.3415e-06, no:      12, try:   6300000000
emin+1:  0.000000e+00, e+1:  4.947012e-05, T: 4.7276e-06, no:       3, try:   7560000000
emin+1:  0.000000e+00, e+1:  4.382073e-05, T: 4.2994e-06, no:       1, try:   8820000000
emin+1:  0.000000e+00, e+1:  3.887433e-05, T: 3.9811e-06, no:       2, try:  10080000000
emin+1:  0.000000e+00, e+1:  3.420117e-05, T: 3.3703e-06, no:       1, try:  11340000000
emin+1:  0.000000e+00, e+1:  2.974602e-05, T: 2.9829e-06, no:       2, try:  12600000000
emin+1:  0.000000e+00, e+1:  2.517578e-05, T: 2.7127e-06, no:       4, try:  13860000000
emin+1: -2.312286e-06, e+1:  2.307218e-05, T: 2.5119e-06, no:       0, try:  15120000000
emin+1: -2.312286e-06, e+1:  1.961030e-05, T: 2.1265e-06, no:      17, try:  16380000000
emin+1: -2.312286e-06, e+1:  1.700776e-05, T: 1.8821e-06, no:       3, try:  17640000000
emin+1: -2.312286e-06, e+1:  1.474768e-05, T: 1.7116e-06, no:       8, try:  18900000000
emin+1: -2.312286e-06, e+1:  1.200981e-05, T: 1.5849e-06, no:       1, try:  20160000000
emin+1: -2.312286e-06, e+1:  1.091989e-05, T: 1.3417e-06, no:       3, try:  21420000000
emin+1: -2.312286e-06, e+1:  8.826581e-06, T: 1.1875e-06, no:      13, try:  22680000000
emin+1: -2.312286e-06, e+1:  7.937287e-06, T: 1.0799e-06, no:       0, try:  23940000000
emin+1: -2.312286e-06, e+1:  6.255385e-06, T: 1.0000e-06, no:       0, try:  25200000000
emin+1: -2.312286e-06, e+1:  6.111820e-06, T: 8.4657e-07, no:       6, try:  26460000000
emin+1: -2.312286e-06, e+1:  4.562341e-06, T: 7.4928e-07, no:       9, try:  27720000000
emin+1: -2.312286e-06, e+1:  3.908927e-06, T: 6.8140e-07, no:       7, try:  28980000000
emin+1: -2.312286e-06, e+1:  4.198380e-06, T: 6.3096e-07, no:       0, try:  30240000000
emin+1: -2.312286e-06, e+1:  3.117936e-06, T: 5.3415e-07, no:      13, try:  31500000000
emin+1: -2.312286e-06, e+1:  2.513741e-06, T: 4.7276e-07, no:       0, try:  32760000000
emin+1: -2.312286e-06, e+1:  2.474549e-06, T: 4.2994e-07, no:       0, try:  34020000000
emin+1: -2.312286e-06, e+1:  2.106968e-06, T: 3.9811e-07, no:       3, try:  35280000000
emin+1: -2.312286e-06, e+1:  2.008306e-06, T: 3.3703e-07, no:       4, try:  36540000000
emin+1: -2.312286e-06, e+1:  1.665368e-06, T: 2.9829e-07, no:       1, try:  37800000000
emin+1: -2.312286e-06, e+1:  1.498528e-06, T: 2.7127e-07, no:       0, try:  39060000000
emin+1: -2.312286e-06, e+1:  1.022022e-06, T: 2.5119e-07, no:      13, try:  40320000000
emin+1: -2.312286e-06, e+1:  3.537329e-07, T: 2.1265e-07, no:       2, try:  41580000000
emin+1: -2.312286e-06, e+1:  2.057751e-08, T: 1.8821e-07, no:       8, try:  42840000000
emin+1: -2.312286e-06, e+1: -1.123158e-07, T: 1.7116e-07, no:       1, try:  44100000000
emin+1: -2.312286e-06, e+1: -9.826398e-07, T: 1.5849e-07, no:       1, try:  45360000000
emin+1: -2.312286e-06, e+1: -7.499395e-07, T: 1.3417e-07, no:       2, try:  46620000000
emin+1: -2.312286e-06, e+1: -1.119694e-06, T: 1.1875e-07, no:       0, try:  47880000000
emin+1: -2.312286e-06, e+1: -1.408102e-06, T: 1.0799e-07, no:      10, try:  49140000000
emin+1: -2.575775e-06, e+1: -1.866890e-06, T: 1.0000e-07, no:       1, try:  50400000000
emin+1: -2.741394e-06, e+1: -2.041109e-06, T: 8.4657e-08, no:       2, try:  51660000000
emin+1: -3.035705e-06, e+1: -2.492675e-06, T: 7.4928e-08, no:       1, try:  52920000000
emin+1: -3.035705e-06, e+1: -2.474634e-06, T: 6.8140e-08, no:      12, try:  54180000000
emin+1: -3.035705e-06, e+1: -2.553445e-06, T: 6.3096e-08, no:       5, try:  55440000000
emin+1: -3.283879e-06, e+1: -2.859919e-06, T: 5.3415e-08, no:       1, try:  56700000000
emin+1: -3.522119e-06, e+1: -3.193903e-06, T: 4.7276e-08, no:       0, try:  57960000000
emin+1: -3.522119e-06, e+1: -3.190988e-06, T: 4.2994e-08, no:       0, try:  59220000000
emin+1: -3.656515e-06, e+1: -3.375539e-06, T: 3.9811e-08, no:       5, try:  60480000000
emin+1: -3.924614e-06, e+1: -3.618471e-06, T: 3.3703e-08, no:       4, try:  61740000000
emin+1: -4.048204e-06, e+1: -3.847928e-06, T: 2.9829e-08, no:       0, try:  63000000000
emin+1: -4.223567e-06, e+1: -3.998180e-06, T: 2.7127e-08, no:       1, try:  64260000000
emin+1: -4.356422e-06, e+1: -4.181523e-06, T: 2.5119e-08, no:       6, try:  65520000000
emin+1: -4.464087e-06, e+1: -4.305886e-06, T: 2.1265e-08, no:       1, try:  66780000000
emin+1: -4.562178e-06, e+1: -4.414048e-06, T: 1.8821e-08, no:       0, try:  68040000000
emin+1: -4.589032e-06, e+1: -4.467976e-06, T: 1.7116e-08, no:       7, try:  69300000000
emin+1: -4.631940e-06, e+1: -4.522114e-06, T: 1.5849e-08, no:       1, try:  70560000000
emin+1: -4.657017e-06, e+1: -4.562134e-06, T: 1.3417e-08, no:       1, try:  71820000000
emin+1: -4.680625e-06, e+1: -4.608536e-06, T: 1.1875e-08, no:       9, try:  73080000000
emin+1: -4.739159e-06, e+1: -4.647917e-06, T: 1.0799e-08, no:       0, try:  74340000000
emin+1: -4.757644e-06, e+1: -4.696691e-06, T: 1.0000e-08, no:       1, try:  75600000000
emin+1: -4.761295e-06, e+1: -4.708981e-06, T: 8.4657e-09, no:       1, try:  76860000000
emin+1: -4.789722e-06, e+1: -4.722514e-06, T: 7.4928e-09, no:       0, try:  78120000000
emin+1: -4.813304e-06, e+1: -4.768559e-06, T: 6.8140e-09, no:       4, try:  79380000000
emin+1: -4.823861e-06, e+1: -4.786578e-06, T: 6.3096e-09, no:       0, try:  80640000000
emin+1: -4.841447e-06, e+1: -4.808418e-06, T: 5.3415e-09, no:       8, try:  81900000000
emin+1: -4.854609e-06, e+1: -4.824082e-06, T: 4.7276e-09, no:       0, try:  83160000000
emin+1: -4.860332e-06, e+1: -4.834860e-06, T: 4.2994e-09, no:       7, try:  84420000000
emin+1: -4.869726e-06, e+1: -4.842074e-06, T: 3.9811e-09, no:       2, try:  85680000000
emin+1: -4.875052e-06, e+1: -4.853818e-06, T: 3.3703e-09, no:       3, try:  86940000000
emin+1: -4.875052e-06, e+1: -4.858793e-06, T: 2.9829e-09, no:       1, try:  88200000000
emin+1: -4.880350e-06, e+1: -4.864291e-06, T: 2.7127e-09, no:       0, try:  89460000000
emin+1: -4.882246e-06, e+1: -4.868698e-06, T: 2.5119e-09, no:       4, try:  90720000000
emin+1: -4.886582e-06, e+1: -4.872368e-06, T: 2.1265e-09, no:       1, try:  91980000000
emin+1: -4.890121e-06, e+1: -4.879678e-06, T: 1.8821e-09, no:       2, try:  93240000000
emin+1: -4.890121e-06, e+1: -4.879623e-06, T: 1.7116e-09, no:       1, try:  94500000000
emin+1: -4.890121e-06, e+1: -4.879911e-06, T: 1.5849e-09, no:       0, try:  95760000000
emin+1: -4.890121e-06, e+1: -4.880387e-06, T: 1.3417e-09, no:       2, try:  97020000000
emin+1: -4.890121e-06, e+1: -4.881962e-06, T: 1.1875e-09, no:       1, try:  98280000000
emin+1: -4.890641e-06, e+1: -4.884378e-06, T: 1.0799e-09, no:       1, try:  99540000000
emin+1: -4.890641e-06, e+1: -4.885532e-06, T: 1.0000e-09, no:       1, try: 100800000000
emin+1: -4.893590e-06, e+1: -4.887815e-06, T: 8.4657e-10, no:       6, try: 102060000000
emin+1: -4.895945e-06, e+1: -4.891846e-06, T: 7.4928e-10, no:       3, try: 103320000000
emin+1: -4.896279e-06, e+1: -4.892716e-06, T: 6.8140e-10, no:       0, try: 104580000000
emin+1: -4.896815e-06, e+1: -4.893432e-06, T: 6.3096e-10, no:       1, try: 105840000000
emin+1: -4.897566e-06, e+1: -4.894593e-06, T: 5.3415e-10, no:       2, try: 107100000000
emin+1: -4.897841e-06, e+1: -4.895246e-06, T: 4.7276e-10, no:       0, try: 108360000000
emin+1: -4.897841e-06, e+1: -4.894782e-06, T: 4.2994e-10, no:       1, try: 109620000000
emin+1: -4.897841e-06, e+1: -4.895006e-06, T: 3.9811e-10, no:       2, try: 110880000000
emin+1: -4.898186e-06, e+1: -4.895788e-06, T: 3.3703e-10, no:       0, try: 112140000000
emin+1: -4.898425e-06, e+1: -4.896998e-06, T: 2.9829e-10, no:      12, try: 113400000000
emin+1: -4.898482e-06, e+1: -4.897154e-06, T: 2.7127e-10, no:       1, try: 114660000000
emin+1: -4.898482e-06, e+1: -4.896960e-06, T: 2.5119e-10, no:       1, try: 115920000000
emin+1: -4.898585e-06, e+1: -4.897466e-06, T: 2.1265e-10, no:       6, try: 117180000000
emin+1: -4.898847e-06, e+1: -4.897798e-06, T: 1.8821e-10, no:       5, try: 118440000000
emin+1: -4.898932e-06, e+1: -4.898034e-06, T: 1.7116e-10, no:       0, try: 119700000000
emin+1: -4.898977e-06, e+1: -4.898176e-06, T: 1.5849e-10, no:       2, try: 120960000000
emin+1: -4.899112e-06, e+1: -4.898292e-06, T: 1.3417e-10, no:       0, try: 122220000000
emin+1: -4.899112e-06, e+1: -4.898496e-06, T: 1.1875e-10, no:       0, try: 123480000000
emin+1: -4.899112e-06, e+1: -4.898516e-06, T: 1.0799e-10, no:       3, try: 124740000000
emin+1: -4.899112e-06, e+1: -4.898598e-06, T: 1.0000e-10, no:       2, try: 126000000000
emin+1: -4.899112e-06, e+1: -4.898650e-06, T: 8.4657e-11, no:       0, try: 127260000000
emin+1: -4.899112e-06, e+1: -4.898691e-06, T: 7.4928e-11, no:       0, try: 128520000000
emin+1: -4.899112e-06, e+1: -4.898736e-06, T: 6.8140e-11, no:       4, try: 129780000000
emin+1: -4.899112e-06, e+1: -4.898758e-06, T: 6.3096e-11, no:       0, try: 131040000000
emin+1: -4.899112e-06, e+1: -4.898754e-06, T: 5.3415e-11, no:       0, try: 132300000000
emin+1: -4.899112e-06, e+1: -4.898780e-06, T: 4.7276e-11, no:       1, try: 133560000000
emin+1: -4.899112e-06, e+1: -4.898786e-06, T: 4.2994e-11, no:       0, try: 134820000000
emin+1: -4.899112e-06, e+1: -4.898801e-06, T: 3.9811e-11, no:       0, try: 136080000000
emin+1: -4.899112e-06, e+1: -4.898816e-06, T: 3.3703e-11, no:       0, try: 137340000000
emin+1: -4.899112e-06, e+1: -4.898835e-06, T: 2.9829e-11, no:       0, try: 138600000000
emin+1: -4.899112e-06, e+1: -4.898854e-06, T: 2.7127e-11, no:       3, try: 139860000000
emin+1: -4.899112e-06, e+1: -4.898867e-06, T: 2.5119e-11, no:       0, try: 141120000000
emin+1: -4.899112e-06, e+1: -4.898892e-06, T: 2.1265e-11, no:       1, try: 142380000000
emin+1: -4.899112e-06, e+1: -4.898906e-06, T: 1.8821e-11, no:       0, try: 143640000000
emin+1: -4.899112e-06, e+1: -4.898917e-06, T: 1.7116e-11, no:       1, try: 144900000000
emin+1: -4.899112e-06, e+1: -4.898919e-06, T: 1.5849e-11, no:       4, try: 146160000000
emin+1: -4.899112e-06, e+1: -4.898928e-06, T: 1.3417e-11, no:       1, try: 147420000000
emin+1: -4.899112e-06, e+1: -4.898938e-06, T: 1.1875e-11, no:       1, try: 148680000000
emin+1: -4.899112e-06, e+1: -4.898948e-06, T: 1.0799e-11, no:       9, try: 149940000000
emin+1: -4.899112e-06, e+1: -4.898951e-06, T: 1.0000e-11, no:       0, try: 151200000000
emin+1: -4.899112e-06, e+1: -4.898960e-06, T: 8.4657e-12, no:       1, try: 152460000000
emin+1: -4.899112e-06, e+1: -4.898974e-06, T: 7.4928e-12, no:       0, try: 153720000000
emin+1: -4.899112e-06, e+1: -4.898981e-06, T: 6.8140e-12, no:       0, try: 154980000000
emin+1: -4.899112e-06, e+1: -4.898985e-06, T: 6.3096e-12, no:       0, try: 156240000000

Last chain: -1.000004898986601231084155039e+00
Best chain: -1.000004899112016220350321327e+00 (-1.000004899112016220350321327e+00)
