1 2
emin+1:  0.000000e+00, e+1:  0.000000e+00, T: 1.0000e+00
emin+1: -4.142130e-01, e+1: -1.400537e-01, T: 5.3576e-01, no:       0, try:      4000000
emin+1: -4.142130e-01, e+1: -1.580517e-01, T: 2.8704e-01, no:       0, try:      8000000
emin+1: -4.142135e-01, e+1: -1.953034e-01, T: 1.5378e-01, no:       2, try:     12000000
emin+1: -4.142135e-01, e+1: -2.599977e-01, T: 8.2390e-02, no:       1, try:     16000000
emin+1: -4.142135e-01, e+1: -3.310725e-01, T: 4.4141e-02, no:       0, try:     20000000
emin+1: -4.142135e-01, e+1: -3.720587e-01, T: 2.3649e-02, no:       0, try:     24000000
emin+1: -4.142135e-01, e+1: -3.915744e-01, T: 1.2670e-02, no:       6, try:     28000000
emin+1: -4.142135e-01, e+1: -4.015571e-01, T: 6.7881e-03, no:       0, try:     32000000
emin+1: -4.142136e-01, e+1: -4.071163e-01, T: 3.6368e-03, no:      12, try:     36000000
emin+1: -4.142136e-01, e+1: -4.102390e-01, T: 1.9484e-03, no:      14, try:     40000000
emin+1: -4.142136e-01, e+1: -4.120192e-01, T: 1.0439e-03, no:       1, try:     44000000
emin+1: -4.142136e-01, e+1: -4.130073e-01, T: 5.5927e-04, no:      92, try:     48000000
emin+1: -4.142136e-01, e+1: -4.135575e-01, T: 2.9963e-04, no:      12, try:     52000000
emin+1: -4.142136e-01, e+1: -4.138596e-01, T: 1.6053e-04, no:      11, try:     56000000
emin+1: -4.142136e-01, e+1: -4.140218e-01, T: 8.6005e-05, no:      54, try:     60000000
emin+1: -4.142136e-01, e+1: -4.141111e-01, T: 4.6078e-05, no:       6, try:     64000000
emin+1: -4.142136e-01, e+1: -4.141584e-01, T: 2.4687e-05, no:      38, try:     68000000
emin+1: -4.142136e-01, e+1: -4.141840e-01, T: 1.3226e-05, no:      66, try:     72000000
emin+1: -4.142136e-01, e+1: -4.141978e-01, T: 7.0860e-06, no:      43, try:     76000000
emin+1: -4.142136e-01, e+1: -4.142051e-01, T: 3.7964e-06, no:     183, try:     80000000
emin+1: -4.142136e-01, e+1: -4.142090e-01, T: 2.0339e-06, no:      77, try:     84000000
emin+1: -4.142136e-01, e+1: -4.142112e-01, T: 1.0897e-06, no:     313, try:     88000000
emin+1: -4.142136e-01, e+1: -4.142122e-01, T: 5.8381e-07, no:     311, try:     92000000
emin+1: -4.142136e-01, e+1: -4.142129e-01, T: 3.1278e-07, no:     606, try:     96000000
emin+1: -4.142136e-01, e+1: -4.142132e-01, T: 1.6758e-07, no:    1899, try:    100000000
emin+1: -4.142136e-01, e+1: -4.142134e-01, T: 8.9780e-08, no:    4685, try:    104000000
emin+1: -4.142136e-01, e+1: -4.142135e-01, T: 4.8100e-08, no:     706, try:    108000000
emin+1: -4.142136e-01, e+1: -4.142135e-01, T: 2.5770e-08, no:    3507, try:    112000000
emin+1: -4.142136e-01, e+1: -4.142135e-01, T: 1.3807e-08, no:    5975, try:    116000000
emin+1: -4.142136e-01, e+1: -4.142135e-01, T: 7.3969e-09, no:     431, try:    120000000
emin+1: -4.142136e-01, e+1: -4.142136e-01, T: 3.9630e-09, no:    4848, try:    124000000
emin+1: -4.142136e-01, e+1: -4.142136e-01, T: 2.1232e-09, no:   23468, try:    128000000
emin+1: -4.142136e-01, e+1: -4.142136e-01, T: 1.1375e-09, no:    7091, try:    132000000
emin+1: -4.142136e-01, e+1: -4.142136e-01, T: 6.0943e-10, no:    3881, try:    136000000
emin+1: -4.142136e-01, e+1: -4.142136e-01, T: 3.2651e-10, no:    9080, try:    140000000
emin+1: -4.142136e-01, e+1: -4.142136e-01, T: 1.7493e-10, no:   18069, try:    144000000
emin+1: -4.142136e-01, e+1: -4.142136e-01, T: 9.3720e-11, no:    1521, try:    148000000
emin+1: -4.142136e-01, e+1: -4.142136e-01, T: 5.0211e-11, no:   19726, try:    152000000
emin+1: -4.142136e-01, e+1: -4.142136e-01, T: 2.6901e-11, no:   34992, try:    156000000
emin+1: -4.142136e-01, e+1: -4.142136e-01, T: 1.4412e-11, no:   39048, try:    160000000
emin+1: -4.142136e-01, e+1: -4.142136e-01, T: 7.7216e-12, no:    9709, try:    164000000
emin+1: -4.142136e-01, e+1: -4.142136e-01, T: 4.1369e-12, no:   70376, try:    168000000
emin+1: -4.142136e-01, e+1: -4.142136e-01, T: 2.2164e-12, no:  169560, try:    172000000
emin+1: -4.142136e-01, e+1: -4.142136e-01, T: 1.1874e-12, no:  232764, try:    176000000
emin+1: -4.142136e-01, e+1: -4.142136e-01, T: 6.3618e-13, no:  193499, try:    180000000
emin+1: -4.142136e-01, e+1: -4.142136e-01, T: 3.4084e-13, no:  652126, try:    184000000
emin+1: -4.142136e-01, e+1: -4.142136e-01, T: 1.8261e-13, no: 1248724, try:    188000000
emin+1: -4.142136e-01, e+1: -4.142136e-01, T: 9.7833e-14, no: 3513756, try:    192000000
emin+1: -4.142136e-01, e+1: -4.142136e-01, T: 5.2415e-14, no: 1763516, try:    196000000
emin+1: -4.142136e-01, e+1: -4.142136e-01, T: 2.8082e-14, no: 2699883, try:    200000000
emin+1: -4.142136e-01, e+1: -4.142136e-01, T: 1.5045e-14, no:   14123, try:    204000000
emin+1: -4.142136e-01, e+1: -4.142136e-01, T: 8.0604e-15, no: 4014123, try:    208000000
emin+1: -4.142136e-01, e+1: -4.142136e-01, T: 4.3184e-15, no: 8014123, try:    212000000
emin+1: -4.142136e-01, e+1: -4.142136e-01, T: 2.3136e-15, no: 1806406, try:    216000000
emin+1: -4.142136e-01, e+1: -4.142136e-01, T: 1.2395e-15, no: 1269773, try:    220000000

Last chain: -1.414213562373094941861453866e+00
Best chain: -1.414213562373094941861453866e+00 (-1.414213562373094941861453866e+00)

Error: length:  0.000000000000000000000000000e+00, angle:  0.000000000000000000000000000e+00


Last chain: -1.414213562373094941861453866e+00
Best chain: -1.414213562373094941861453866e+00 (-1.414213562373094941861453866e+00)

Error: length:  0.000000000000000000000000000e+00, angle:  0.000000000000000000000000000e+00


2 3
emin+1:  0.000000e+00, e+1:  0.000000e+00, T: 1.0000e+00
emin+1: -5.999759e-02, e+1:  1.756021e-01, T: 5.3576e-01, no:       0, try:     12000000
emin+1: -5.999759e-02, e+1:  1.663860e-01, T: 2.8704e-01, no:       0, try:     24000000
emin+1: -5.999759e-02, e+1:  1.495478e-01, T: 1.5378e-01, no:       0, try:     36000000
emin+1: -5.999759e-02, e+1:  1.166672e-01, T: 8.2390e-02, no:       0, try:     48000000
emin+1: -5.999759e-02, e+1:  6.914991e-02, T: 4.4141e-02, no:       2, try:     60000000
emin+1: -6.038774e-02, e+1:  2.617088e-02, T: 2.3649e-02, no:       4, try:     72000000
emin+1: -6.047447e-02, e+1: -1.518286e-03, T: 1.2670e-02, no:       0, try:     84000000
emin+1: -6.056439e-02, e+1: -2.519892e-02, T: 6.7881e-03, no:       1, try:     96000000
emin+1: -6.059978e-02, e+1: -4.299932e-02, T: 3.6368e-03, no:       4, try:    108000000
emin+1: -6.063342e-02, e+1: -5.152618e-02, T: 1.9484e-03, no:       2, try:    120000000
emin+1: -6.063621e-02, e+1: -5.576892e-02, T: 1.0439e-03, no:       2, try:    132000000
emin+1: -6.065453e-02, e+1: -5.801301e-02, T: 5.5927e-04, no:       7, try:    144000000
emin+1: -6.065453e-02, e+1: -5.921634e-02, T: 2.9963e-04, no:      13, try:    156000000
emin+1: -6.065706e-02, e+1: -5.987354e-02, T: 1.6053e-04, no:       2, try:    168000000
emin+1: -6.065865e-02, e+1: -6.023176e-02, T: 8.6005e-05, no:       8, try:    180000000
emin+1: -6.065865e-02, e+1: -6.042584e-02, T: 4.6078e-05, no:       3, try:    192000000
emin+1: -6.065932e-02, e+1: -6.053329e-02, T: 2.4687e-05, no:       5, try:    204000000
emin+1: -6.065990e-02, e+1: -6.059097e-02, T: 1.3226e-05, no:       2, try:    216000000
emin+1: -6.065999e-02, e+1: -6.062328e-02, T: 7.0860e-06, no:       0, try:    228000000
emin+1: -6.065999e-02, e+1: -6.064026e-02, T: 3.7964e-06, no:       6, try:    240000000
emin+1: -6.066006e-02, e+1: -6.064932e-02, T: 2.0339e-06, no:      10, try:    252000000
emin+1: -6.066011e-02, e+1: -6.065452e-02, T: 1.0897e-06, no:      20, try:    264000000
emin+1: -6.066014e-02, e+1: -6.065710e-02, T: 5.8381e-07, no:     174, try:    276000000
emin+1: -6.066015e-02, e+1: -6.065851e-02, T: 3.1278e-07, no:       9, try:    288000000
emin+1: -6.066015e-02, e+1: -6.065929e-02, T: 1.6758e-07, no:     112, try:    300000000
emin+1: -6.066016e-02, e+1: -6.065970e-02, T: 8.9780e-08, no:      39, try:    312000000
emin+1: -6.066017e-02, e+1: -6.065992e-02, T: 4.8100e-08, no:     366, try:    324000000
emin+1: -6.066017e-02, e+1: -6.066003e-02, T: 2.5770e-08, no:     256, try:    336000000
emin+1: -6.066017e-02, e+1: -6.066010e-02, T: 1.3807e-08, no:     129, try:    348000000
emin+1: -6.066017e-02, e+1: -6.066013e-02, T: 7.3969e-09, no:    1432, try:    360000000
emin+1: -6.066017e-02, e+1: -6.066015e-02, T: 3.9630e-09, no:    4306, try:    372000000
emin+1: -6.066017e-02, e+1: -6.066016e-02, T: 2.1232e-09, no:    2231, try:    384000000
emin+1: -6.066017e-02, e+1: -6.066017e-02, T: 1.1375e-09, no:    3991, try:    396000000
emin+1: -6.066017e-02, e+1: -6.066017e-02, T: 6.0943e-10, no:    3579, try:    408000000
emin+1: -6.066017e-02, e+1: -6.066017e-02, T: 3.2651e-10, no:    2624, try:    420000000
emin+1: -6.066017e-02, e+1: -6.066017e-02, T: 1.7493e-10, no:    2611, try:    432000000
emin+1: -6.066017e-02, e+1: -6.066017e-02, T: 9.3720e-11, no:   33889, try:    444000000
emin+1: -6.066017e-02, e+1: -6.066017e-02, T: 5.0211e-11, no:    2639, try:    456000000
emin+1: -6.066017e-02, e+1: -6.066017e-02, T: 2.6901e-11, no:   23558, try:    468000000
emin+1: -6.066017e-02, e+1: -6.066017e-02, T: 1.4412e-11, no:   53498, try:    480000000
emin+1: -6.066017e-02, e+1: -6.066017e-02, T: 7.7216e-12, no:   56050, try:    492000000
emin+1: -6.066017e-02, e+1: -6.066017e-02, T: 4.1369e-12, no:   15476, try:    504000000
emin+1: -6.066017e-02, e+1: -6.066017e-02, T: 2.2164e-12, no:   39558, try:    516000000
emin+1: -6.066017e-02, e+1: -6.066017e-02, T: 1.1874e-12, no:   28791, try:    528000000
emin+1: -6.066017e-02, e+1: -6.066017e-02, T: 6.3618e-13, no:  403703, try:    540000000
emin+1: -6.066017e-02, e+1: -6.066017e-02, T: 3.4084e-13, no:   38764, try:    552000000
emin+1: -6.066017e-02, e+1: -6.066017e-02, T: 1.8261e-13, no:  225908, try:    564000000
emin+1: -6.066017e-02, e+1: -6.066017e-02, T: 9.7833e-14, no:  237345, try:    576000000
emin+1: -6.066017e-02, e+1: -6.066017e-02, T: 5.2415e-14, no:      72, try:    588000000
emin+1: -6.066017e-02, e+1: -6.066017e-02, T: 2.8082e-14, no:  300681, try:    600000000
emin+1: -6.066017e-02, e+1: -6.066017e-02, T: 1.5045e-14, no:  642651, try:    612000000
emin+1: -6.066017e-02, e+1: -6.066017e-02, T: 8.0604e-15, no:   51429, try:    624000000
emin+1: -6.066017e-02, e+1: -6.066017e-02, T: 4.3184e-15, no:  271025, try:    636000000
emin+1: -6.066017e-02, e+1: -6.066017e-02, T: 2.3136e-15, no:   47412, try:    648000000
emin+1: -6.066017e-02, e+1: -6.066017e-02, T: 1.2395e-15, no:  926924, try:    660000000

Last chain: -1.060660171779806100478271702e+00
Best chain: -1.060660171779806145038980991e+00 (-1.060660171779806145038980991e+00)

Error: length:  5.550522168393814010156502544e-17, angle:  0.000000000000000000000000000e+00


Last chain: -1.060660171779806100478271702e+00
Best chain: -1.060660171779806145038980991e+00 (-1.060660171779806145038980991e+00)

Error: length:  5.550522168393814010156502544e-17, angle:  0.000000000000000000000000000e+00


3 4
emin+1:  0.000000e+00, e+1:  0.000000e+00, T: 1.0000e+00
emin+1:  0.000000e+00, e+1:  3.392417e-01, T: 5.3576e-01, no:       2, try:     32000000
emin+1:  0.000000e+00, e+1:  3.351025e-01, T: 2.8704e-01, no:       0, try:     64000000
emin+1:  0.000000e+00, e+1:  3.259391e-01, T: 1.5378e-01, no:       0, try:     96000000
emin+1:  0.000000e+00, e+1:  3.049332e-01, T: 8.2390e-02, no:       0, try:    128000000
emin+1: -2.323793e-03, e+1:  2.512033e-01, T: 4.4141e-02, no:       0, try:    160000000
emin+1: -4.906086e-03, e+1:  1.472695e-01, T: 2.3649e-02, no:       0, try:    192000000
emin+1: -5.724297e-03, e+1:  6.634337e-02, T: 1.2670e-02, no:       1, try:    224000000
emin+1: -5.968978e-03, e+1:  3.160582e-02, T: 6.7881e-03, no:       2, try:    256000000
emin+1: -6.113122e-03, e+1:  1.512255e-02, T: 3.6368e-03, no:       1, try:    288000000
emin+1: -6.804741e-03, e+1:  6.794682e-03, T: 1.9484e-03, no:       0, try:    320000000
emin+1: -7.139523e-03, e+1:  2.102877e-03, T: 1.0439e-03, no:       8, try:    352000000
emin+1: -7.235370e-03, e+1: -1.733151e-03, T: 5.5927e-04, no:       1, try:    384000000
emin+1: -7.309678e-03, e+1: -4.654826e-03, T: 2.9963e-04, no:       2, try:    416000000
emin+1: -7.370899e-03, e+1: -5.974757e-03, T: 1.6053e-04, no:      10, try:    448000000
emin+1: -7.405447e-03, e+1: -6.656427e-03, T: 8.6005e-05, no:      34, try:    480000000
emin+1: -7.415622e-03, e+1: -7.019845e-03, T: 4.6078e-05, no:       4, try:    512000000
emin+1: -7.426744e-03, e+1: -7.210162e-03, T: 2.4687e-05, no:       4, try:    544000000
emin+1: -7.429397e-03, e+1: -7.314139e-03, T: 1.3226e-05, no:      17, try:    576000000
emin+1: -7.430263e-03, e+1: -7.370601e-03, T: 7.0860e-06, no:      34, try:    608000000
emin+1: -7.432857e-03, e+1: -7.399527e-03, T: 3.7964e-06, no:       4, try:    640000000
emin+1: -7.433780e-03, e+1: -7.415782e-03, T: 2.0339e-06, no:      36, try:    672000000
emin+1: -7.434248e-03, e+1: -7.424338e-03, T: 1.0897e-06, no:       8, try:    704000000
emin+1: -7.434470e-03, e+1: -7.429094e-03, T: 5.8381e-07, no:       5, try:    736000000
emin+1: -7.434577e-03, e+1: -7.431721e-03, T: 3.1278e-07, no:      10, try:    768000000
emin+1: -7.434642e-03, e+1: -7.433188e-03, T: 1.6758e-07, no:      82, try:    800000000
emin+1: -7.434690e-03, e+1: -7.433839e-03, T: 8.9780e-08, no:      57, try:    832000000
emin+1: -7.434713e-03, e+1: -7.434317e-03, T: 4.8100e-08, no:      38, try:    864000000
emin+1: -7.434737e-03, e+1: -7.434519e-03, T: 2.5770e-08, no:      74, try:    896000000
emin+1: -7.434746e-03, e+1: -7.434635e-03, T: 1.3807e-08, no:     153, try:    928000000
emin+1: -7.434746e-03, e+1: -7.434662e-03, T: 7.3969e-09, no:      29, try:    960000000
emin+1: -7.434752e-03, e+1: -7.434721e-03, T: 3.9630e-09, no:     835, try:    992000000
emin+1: -7.434754e-03, e+1: -7.434738e-03, T: 2.1232e-09, no:     232, try:   1024000000
emin+1: -7.434756e-03, e+1: -7.434747e-03, T: 1.1375e-09, no:     787, try:   1056000000
emin+1: -7.434756e-03, e+1: -7.434750e-03, T: 6.0943e-10, no:    1471, try:   1088000000
emin+1: -7.434756e-03, e+1: -7.434753e-03, T: 3.2651e-10, no:     323, try:   1120000000
emin+1: -7.434757e-03, e+1: -7.434755e-03, T: 1.7493e-10, no:    1405, try:   1152000000
emin+1: -7.434757e-03, e+1: -7.434756e-03, T: 9.3720e-11, no:    7542, try:   1184000000
emin+1: -7.434757e-03, e+1: -7.434757e-03, T: 5.0211e-11, no:    5484, try:   1216000000
emin+1: -7.434757e-03, e+1: -7.434757e-03, T: 2.6901e-11, no:     520, try:   1248000000
emin+1: -7.434757e-03, e+1: -7.434757e-03, T: 1.4412e-11, no:    1472, try:   1280000000
emin+1: -7.434757e-03, e+1: -7.434757e-03, T: 7.7216e-12, no:   22452, try:   1312000000
emin+1: -7.434757e-03, e+1: -7.434757e-03, T: 4.1369e-12, no:   16340, try:   1344000000
emin+1: -7.434757e-03, e+1: -7.434757e-03, T: 2.2164e-12, no:   20619, try:   1376000000
emin+1: -7.434757e-03, e+1: -7.434757e-03, T: 1.1874e-12, no:   22758, try:   1408000000
emin+1: -7.434757e-03, e+1: -7.434757e-03, T: 6.3618e-13, no:   10677, try:   1440000000
emin+1: -7.434757e-03, e+1: -7.434757e-03, T: 3.4084e-13, no:   10539, try:   1472000000
emin+1: -7.434757e-03, e+1: -7.434757e-03, T: 1.8261e-13, no:      63, try:   1504000000
emin+1: -7.434757e-03, e+1: -7.434757e-03, T: 9.7833e-14, no:   59685, try:   1536000000
emin+1: -7.434757e-03, e+1: -7.434757e-03, T: 5.2415e-14, no:    1361, try:   1568000000
emin+1: -7.434757e-03, e+1: -7.434757e-03, T: 2.8082e-14, no:   36462, try:   1600000000
emin+1: -7.434757e-03, e+1: -7.434757e-03, T: 1.5045e-14, no:    7371, try:   1632000000
emin+1: -7.434757e-03, e+1: -7.434757e-03, T: 8.0604e-15, no:   33793, try:   1664000000
emin+1: -7.434757e-03, e+1: -7.434757e-03, T: 4.3184e-15, no:    6069, try:   1696000000
emin+1: -7.434757e-03, e+1: -7.434757e-03, T: 2.3136e-15, no:   13013, try:   1728000000
emin+1: -7.434757e-03, e+1: -7.434757e-03, T: 1.2395e-15, no:    2284, try:   1760000000

Last chain: -1.007434756883372976811116817e+00
Best chain: -1.007434756883431157918618037e+00 (-1.007434756883431157918618037e+00)

Error: length:  0.000000000000000000000000000e+00, angle:  0.000000000000000000000000000e+00


Last chain: -1.007434756883372976811116817e+00
Best chain: -1.007434756883431157918618037e+00 (-1.007434756883431157918618037e+00)

Error: length:  0.000000000000000000000000000e+00, angle:  0.000000000000000000000000000e+00


4 5
emin+1:  0.000000e+00, e+1:  0.000000e+00, T: 1.0000e+00
emin+1:  0.000000e+00, e+1:  4.336699e-01, T: 5.3576e-01, no:       3, try:     80000000
emin+1:  0.000000e+00, e+1:  4.319298e-01, T: 2.8704e-01, no:       0, try:    160000000
emin+1:  0.000000e+00, e+1:  4.284827e-01, T: 1.5378e-01, no:       4, try:    240000000
emin+1:  0.000000e+00, e+1:  4.205925e-01, T: 8.2390e-02, no:       1, try:    320000000
emin+1:  0.000000e+00, e+1:  4.007441e-01, T: 4.4141e-02, no:       0, try:    400000000
emin+1:  0.000000e+00, e+1:  3.299539e-01, T: 2.3649e-02, no:       2, try:    480000000
emin+1:  0.000000e+00, e+1:  1.633083e-01, T: 1.2670e-02, no:       1, try:    560000000
emin+1:  0.000000e+00, e+1:  7.127099e-02, T: 6.7881e-03, no:       0, try:    640000000
emin+1:  0.000000e+00, e+1:  3.487995e-02, T: 3.6368e-03, no:       3, try:    720000000
emin+1: -2.510966e-05, e+1:  1.740125e-02, T: 1.9484e-03, no:       3, try:    800000000
emin+1: -8.125282e-05, e+1:  8.691510e-03, T: 1.0439e-03, no:       2, try:    880000000
emin+1: -2.919480e-04, e+1:  4.246996e-03, T: 5.5927e-04, no:       3, try:    960000000
emin+1: -4.540950e-04, e+1:  2.018568e-03, T: 2.9963e-04, no:       3, try:   1040000000
emin+1: -5.565560e-04, e+1:  9.155154e-04, T: 1.6053e-04, no:       2, try:   1120000000
emin+1: -6.774124e-04, e+1:  3.648336e-04, T: 8.6005e-05, no:       4, try:   1200000000
emin+1: -7.683379e-04, e+1: -8.086333e-05, T: 4.6078e-05, no:      10, try:   1280000000
emin+1: -7.894416e-04, e+1: -4.601648e-04, T: 2.4687e-05, no:       0, try:   1360000000
emin+1: -8.188671e-04, e+1: -6.414772e-04, T: 1.3226e-05, no:       3, try:   1440000000
emin+1: -8.290695e-04, e+1: -7.388754e-04, T: 7.0860e-06, no:       4, try:   1520000000
emin+1: -8.324546e-04, e+1: -7.844779e-04, T: 3.7964e-06, no:      29, try:   1600000000
emin+1: -8.362725e-04, e+1: -8.096054e-04, T: 2.0339e-06, no:      19, try:   1680000000
emin+1: -8.381537e-04, e+1: -8.233362e-04, T: 1.0897e-06, no:       7, try:   1760000000
emin+1: -8.384019e-04, e+1: -8.306340e-04, T: 5.8381e-07, no:       3, try:   1840000000
emin+1: -8.388457e-04, e+1: -8.347401e-04, T: 3.1278e-07, no:      79, try:   1920000000
emin+1: -8.390897e-04, e+1: -8.369866e-04, T: 1.6758e-07, no:      27, try:   2000000000
emin+1: -8.391740e-04, e+1: -8.380068e-04, T: 8.9780e-08, no:      16, try:   2080000000
emin+1: -8.393300e-04, e+1: -8.387049e-04, T: 4.8100e-08, no:       5, try:   2160000000
emin+1: -8.393855e-04, e+1: -8.390650e-04, T: 2.5770e-08, no:      16, try:   2240000000
emin+1: -8.394071e-04, e+1: -8.392518e-04, T: 1.3807e-08, no:      39, try:   2320000000
emin+1: -8.394174e-04, e+1: -8.393220e-04, T: 7.3969e-09, no:      71, try:   2400000000
emin+1: -8.394329e-04, e+1: -8.393949e-04, T: 3.9630e-09, no:      73, try:   2480000000
emin+1: -8.394422e-04, e+1: -8.394126e-04, T: 2.1232e-09, no:       6, try:   2560000000
emin+1: -8.394422e-04, e+1: -8.394220e-04, T: 1.1375e-09, no:      91, try:   2640000000
emin+1: -8.394445e-04, e+1: -8.394354e-04, T: 6.0943e-10, no:     155, try:   2720000000
emin+1: -8.394447e-04, e+1: -8.394415e-04, T: 3.2651e-10, no:     215, try:   2800000000
emin+1: -8.394454e-04, e+1: -8.394440e-04, T: 1.7493e-10, no:      46, try:   2880000000
emin+1: -8.394464e-04, e+1: -8.394453e-04, T: 9.3720e-11, no:    1968, try:   2960000000
emin+1: -8.394465e-04, e+1: -8.394461e-04, T: 5.0211e-11, no:    3016, try:   3040000000
emin+1: -8.394466e-04, e+1: -8.394465e-04, T: 2.6901e-11, no:    3220, try:   3120000000
emin+1: -8.394467e-04, e+1: -8.394466e-04, T: 1.4412e-11, no:    1714, try:   3200000000
emin+1: -8.394467e-04, e+1: -8.394467e-04, T: 7.7216e-12, no:     713, try:   3280000000
emin+1: -8.394467e-04, e+1: -8.394467e-04, T: 4.1369e-12, no:    1645, try:   3360000000
emin+1: -8.394467e-04, e+1: -8.394467e-04, T: 2.2164e-12, no:     110, try:   3440000000
emin+1: -8.394467e-04, e+1: -8.394467e-04, T: 1.1874e-12, no:      11, try:   3520000000
emin+1: -8.394467e-04, e+1: -8.394467e-04, T: 6.3618e-13, no:     182, try:   3600000000
emin+1: -8.394467e-04, e+1: -8.394467e-04, T: 3.4084e-13, no:      69, try:   3680000000
emin+1: -8.394467e-04, e+1: -8.394467e-04, T: 1.8261e-13, no:      30, try:   3760000000
emin+1: -8.394467e-04, e+1: -8.394467e-04, T: 9.7833e-14, no:      66, try:   3840000000
emin+1: -8.394467e-04, e+1: -8.394467e-04, T: 5.2415e-14, no:      16, try:   3920000000
emin+1: -8.394467e-04, e+1: -8.394467e-04, T: 2.8082e-14, no:      11, try:   4000000000
emin+1: -8.394467e-04, e+1: -8.394467e-04, T: 1.5045e-14, no:       3, try:   4080000000
emin+1: -8.394467e-04, e+1: -8.394467e-04, T: 8.0604e-15, no:      25, try:   4160000000
emin+1: -8.394467e-04, e+1: -8.394467e-04, T: 4.3184e-15, no:      61, try:   4240000000
emin+1: -8.394467e-04, e+1: -8.394467e-04, T: 2.3136e-15, no:      37, try:   4320000000
emin+1: -8.394467e-04, e+1: -8.394467e-04, T: 1.2395e-15, no:       2, try:   4400000000

Last chain: -1.000839446726342408513707460e+00
Best chain: -1.000839446729262268939199265e+00 (-1.000839446729262268939199265e+00)

Error: length:  0.000000000000000000000000000e+00, angle:  0.000000000000000000000000000e+00


Last chain: -1.000839446726342408513707460e+00
Best chain: -1.000839446729262268939199265e+00 (-1.000839446729262268939199265e+00)

Error: length:  0.000000000000000000000000000e+00, angle:  0.000000000000000000000000000e+00


5 6
emin+1:  0.000000e+00, e+1:  0.000000e+00, T: 1.0000e+00
emin+1:  0.000000e+00, e+1:  4.954095e-01, T: 5.3576e-01, no:       1, try:    192000000
emin+1:  0.000000e+00, e+1:  4.944585e-01, T: 2.8704e-01, no:       2, try:    384000000
emin+1:  0.000000e+00, e+1:  4.926780e-01, T: 1.5378e-01, no:       2, try:    576000000
emin+1:  0.000000e+00, e+1:  4.890735e-01, T: 8.2390e-02, no:       0, try:    768000000
emin+1:  0.000000e+00, e+1:  4.811701e-01, T: 4.4141e-02, no:       4, try:    960000000
emin+1:  0.000000e+00, e+1:  4.593417e-01, T: 2.3649e-02, no:       1, try:   1152000000
emin+1:  0.000000e+00, e+1:  3.368586e-01, T: 1.2670e-02, no:       2, try:   1344000000
emin+1:  0.000000e+00, e+1:  1.304952e-01, T: 6.7881e-03, no:       0, try:   1536000000
emin+1:  0.000000e+00, e+1:  6.123291e-02, T: 3.6368e-03, no:       4, try:   1728000000
emin+1:  0.000000e+00, e+1:  3.051138e-02, T: 1.9484e-03, no:       0, try:   1920000000
emin+1:  0.000000e+00, e+1:  1.564295e-02, T: 1.0439e-03, no:       5, try:   2112000000
emin+1:  0.000000e+00, e+1:  8.004859e-03, T: 5.5927e-04, no:       2, try:   2304000000
emin+1:  0.000000e+00, e+1:  4.036711e-03, T: 2.9963e-04, no:       5, try:   2496000000
emin+1:  0.000000e+00, e+1:  2.033894e-03, T: 1.6053e-04, no:       1, try:   2688000000
emin+1:  0.000000e+00, e+1:  1.010749e-03, T: 8.6005e-05, no:       4, try:   2880000000
emin+1:  0.000000e+00, e+1:  4.884751e-04, T: 4.6078e-05, no:       2, try:   3072000000
emin+1: -2.872114e-05, e+1:  2.334057e-04, T: 2.4687e-05, no:       2, try:   3264000000
emin+1: -2.890523e-05, e+1:  1.063278e-04, T: 1.3226e-05, no:      12, try:   3456000000
emin+1: -4.772591e-05, e+1:  4.609835e-05, T: 7.0860e-06, no:       2, try:   3648000000
emin+1: -7.405924e-05, e+1:  8.240639e-06, T: 3.7964e-06, no:       5, try:   3840000000
emin+1: -7.882189e-05, e+1: -4.239960e-05, T: 2.0339e-06, no:      20, try:   4032000000
emin+1: -8.967192e-05, e+1: -6.551526e-05, T: 1.0897e-06, no:       2, try:   4224000000
emin+1: -8.967192e-05, e+1: -7.963319e-05, T: 5.8381e-07, no:       3, try:   4416000000
emin+1: -9.102178e-05, e+1: -8.611569e-05, T: 3.1278e-07, no:       0, try:   4608000000
emin+1: -9.210419e-05, e+1: -8.987975e-05, T: 1.6758e-07, no:      18, try:   4800000000
emin+1: -9.267640e-05, e+1: -9.120964e-05, T: 8.9780e-08, no:      11, try:   4992000000
emin+1: -9.303957e-05, e+1: -9.239582e-05, T: 4.8100e-08, no:       1, try:   5184000000
emin+1: -9.313097e-05, e+1: -9.276605e-05, T: 2.5770e-08, no:       5, try:   5376000000
emin+1: -9.328940e-05, e+1: -9.307998e-05, T: 1.3807e-08, no:      16, try:   5568000000
emin+1: -9.338884e-05, e+1: -9.329644e-05, T: 7.3969e-09, no:      86, try:   5760000000
emin+1: -9.340077e-05, e+1: -9.335946e-05, T: 3.9630e-09, no:      14, try:   5952000000
emin+1: -9.341431e-05, e+1: -9.339431e-05, T: 2.1232e-09, no:      39, try:   6144000000
emin+1: -9.341563e-05, e+1: -9.340712e-05, T: 1.1375e-09, no:       7, try:   6336000000
emin+1: -9.341717e-05, e+1: -9.341320e-05, T: 6.0943e-10, no:      10, try:   6528000000
emin+1: -9.341740e-05, e+1: -9.341507e-05, T: 3.2651e-10, no:       9, try:   6720000000
emin+1: -9.341750e-05, e+1: -9.341637e-05, T: 1.7493e-10, no:       8, try:   6912000000
emin+1: -9.341755e-05, e+1: -9.341692e-05, T: 9.3720e-11, no:       2, try:   7104000000
emin+1: -9.341764e-05, e+1: -9.341733e-05, T: 5.0211e-11, no:       6, try:   7296000000
emin+1: -9.341764e-05, e+1: -9.341744e-05, T: 2.6901e-11, no:       8, try:   7488000000
emin+1: -9.341764e-05, e+1: -9.341756e-05, T: 1.4412e-11, no:       7, try:   7680000000
emin+1: -9.341767e-05, e+1: -9.341761e-05, T: 7.7216e-12, no:      17, try:   7872000000
emin+1: -9.341767e-05, e+1: -9.341765e-05, T: 4.1369e-12, no:       7, try:   8064000000
emin+1: -9.341768e-05, e+1: -9.341767e-05, T: 2.2164e-12, no:       4, try:   8256000000
emin+1: -9.341768e-05, e+1: -9.341767e-05, T: 1.1874e-12, no:      14, try:   8448000000
emin+1: -9.341768e-05, e+1: -9.341767e-05, T: 6.3618e-13, no:      10, try:   8640000000
emin+1: -9.341768e-05, e+1: -9.341767e-05, T: 3.4084e-13, no:       0, try:   8832000000
emin+1: -9.341768e-05, e+1: -9.341768e-05, T: 1.8261e-13, no:       2, try:   9024000000
emin+1: -9.341768e-05, e+1: -9.341768e-05, T: 9.7833e-14, no:       3, try:   9216000000
emin+1: -9.341768e-05, e+1: -9.341768e-05, T: 5.2415e-14, no:       1, try:   9408000000
emin+1: -9.341768e-05, e+1: -9.341768e-05, T: 2.8082e-14, no:       0, try:   9600000000
emin+1: -9.341768e-05, e+1: -9.341768e-05, T: 1.5045e-14, no:      12, try:   9792000000
emin+1: -9.341768e-05, e+1: -9.341768e-05, T: 8.0604e-15, no:       7, try:   9984000000
emin+1: -9.341768e-05, e+1: -9.341768e-05, T: 4.3184e-15, no:       1, try:  10176000000
emin+1: -9.341768e-05, e+1: -9.341768e-05, T: 2.3136e-15, no:       2, try:  10368000000
emin+1: -9.341768e-05, e+1: -9.341768e-05, T: 1.2395e-15, no:       0, try:  10560000000

Last chain: -1.000093417676959894110216842e+00
Best chain: -1.000093417676960316949064111e+00 (-1.000093417676960316949064111e+00)

Error: length:  0.000000000000000000000000000e+00, angle:  0.000000000000000000000000000e+00


Last chain: -1.000093417676959894110216842e+00
Best chain: -1.000093417676960316949064111e+00 (-1.000093417676960316949064111e+00)

Error: length:  0.000000000000000000000000000e+00, angle:  0.000000000000000000000000000e+00


6 7
emin+1:  0.000000e+00, e+1:  0.000000e+00, T: 1.0000e+00
emin+1:  0.000000e+00, e+1:  5.396819e-01, T: 5.3576e-01, no:       2, try:    448000000
emin+1:  0.000000e+00, e+1:  5.391212e-01, T: 2.8704e-01, no:       1, try:    896000000
emin+1:  0.000000e+00, e+1:  5.380101e-01, T: 1.5378e-01, no:       1, try:   1344000000
emin+1:  0.000000e+00, e+1:  5.359310e-01, T: 8.2390e-02, no:       0, try:   1792000000
emin+1:  0.000000e+00, e+1:  5.316891e-01, T: 4.4141e-02, no:       0, try:   2240000000
emin+1:  0.000000e+00, e+1:  5.222250e-01, T: 2.3649e-02, no:       3, try:   2688000000
emin+1:  0.000000e+00, e+1:  4.890120e-01, T: 1.2670e-02, no:       0, try:   3136000000
emin+1:  0.000000e+00, e+1:  2.500922e-01, T: 6.7881e-03, no:       0, try:   3584000000
emin+1:  0.000000e+00, e+1:  9.617656e-02, T: 3.6368e-03, no:       1, try:   4032000000
emin+1:  0.000000e+00, e+1:  4.702231e-02, T: 1.9484e-03, no:       0, try:   4480000000
emin+1:  0.000000e+00, e+1:  2.401099e-02, T: 1.0439e-03, no:       1, try:   4928000000
emin+1:  0.000000e+00, e+1:  1.251576e-02, T: 5.5927e-04, no:       3, try:   5376000000
emin+1:  0.000000e+00, e+1:  6.447658e-03, T: 2.9963e-04, no:       0, try:   5824000000
emin+1:  0.000000e+00, e+1:  3.302205e-03, T: 1.6053e-04, no:       3, try:   6272000000
emin+1:  0.000000e+00, e+1:  1.712114e-03, T: 8.6005e-05, no:      12, try:   6720000000
emin+1:  0.000000e+00, e+1:  8.747408e-04, T: 4.6078e-05, no:       3, try:   7168000000
emin+1:  0.000000e+00, e+1:  4.363137e-04, T: 2.4687e-05, no:       3, try:   7616000000
emin+1:  0.000000e+00, e+1:  2.184749e-04, T: 1.3226e-05, no:       3, try:   8064000000
emin+1:  0.000000e+00, e+1:  1.075751e-04, T: 7.0860e-06, no:       0, try:   8512000000
emin+1:  0.000000e+00, e+1:  5.314305e-05, T: 3.7964e-06, no:       9, try:   8960000000
emin+1:  0.000000e+00, e+1:  2.567201e-05, T: 2.0339e-06, no:       2, try:   9408000000
emin+1: -1.364801e-06, e+1:  1.035912e-05, T: 1.0897e-06, no:       5, try:   9856000000
emin+1: -1.364801e-06, e+1:  5.396770e-06, T: 5.8381e-07, no:       0, try:  10304000000
emin+1: -1.364801e-06, e+1:  2.482253e-06, T: 3.1278e-07, no:       0, try:  10752000000
emin+1: -1.364801e-06, e+1:  1.202751e-06, T: 1.6758e-07, no:      15, try:  11200000000
emin+1: -1.364801e-06, e+1:  5.989346e-07, T: 8.9780e-08, no:       3, try:  11648000000
emin+1: -1.364801e-06, e+1:  2.981069e-07, T: 4.8100e-08, no:       7, try:  12096000000
emin+1: -1.364801e-06, e+1:  1.553344e-07, T: 2.5770e-08, no:       4, try:  12544000000
emin+1: -1.364801e-06, e+1:  7.382485e-08, T: 1.3807e-08, no:       1, try:  12992000000
emin+1: -1.364801e-06, e+1:  3.009886e-08, T: 7.3969e-09, no:       0, try:  13440000000
emin+1: -1.364801e-06, e+1:  6.490885e-09, T: 3.9630e-09, no:       5, try:  13888000000
emin+1: -1.364801e-06, e+1: -6.420788e-09, T: 2.1232e-09, no:       6, try:  14336000000
emin+1: -1.364801e-06, e+1: -1.295105e-08, T: 1.1375e-09, no:      12, try:  14784000000
emin+1: -1.364801e-06, e+1: -1.673907e-08, T: 6.0943e-10, no:       4, try:  15232000000
emin+1: -1.364801e-06, e+1: -1.867373e-08, T: 3.2651e-10, no:       0, try:  15680000000
emin+1: -1.364801e-06, e+1: -1.971047e-08, T: 1.7493e-10, no:       1, try:  16128000000
emin+1: -1.364801e-06, e+1: -2.027015e-08, T: 9.3720e-11, no:       1, try:  16576000000
emin+1: -1.364801e-06, e+1: -2.059710e-08, T: 5.0211e-11, no:       0, try:  17024000000
emin+1: -1.364801e-06, e+1: -2.075865e-08, T: 2.6901e-11, no:       0, try:  17472000000
emin+1: -1.364801e-06, e+1: -2.083892e-08, T: 1.4412e-11, no:       1, try:  17920000000
emin+1: -1.364801e-06, e+1: -2.088697e-08, T: 7.7216e-12, no:       0, try:  18368000000
emin+1: -1.364801e-06, e+1: -2.091054e-08, T: 4.1369e-12, no:       9, try:  18816000000
emin+1: -1.364801e-06, e+1: -2.092463e-08, T: 2.2164e-12, no:       0, try:  19264000000
emin+1: -1.364801e-06, e+1: -2.093181e-08, T: 1.1874e-12, no:       0, try:  19712000000
emin+1: -1.364801e-06, e+1: -2.093688e-08, T: 6.3618e-13, no:       9, try:  20160000000
emin+1: -1.364801e-06, e+1: -2.093917e-08, T: 3.4084e-13, no:       0, try:  20608000000
emin+1: -1.364801e-06, e+1: -2.093991e-08, T: 1.8261e-13, no:       3, try:  21056000000
emin+1: -1.364801e-06, e+1: -2.094010e-08, T: 9.7833e-14, no:       2, try:  21504000000
emin+1: -1.364801e-06, e+1: -2.094020e-08, T: 5.2415e-14, no:       4, try:  21952000000
emin+1: -1.364801e-06, e+1: -2.094021e-08, T: 2.8082e-14, no:       0, try:  22400000000
emin+1: -1.364801e-06, e+1: -2.094023e-08, T: 1.5045e-14, no:       5, try:  22848000000
emin+1: -1.364801e-06, e+1: -2.094023e-08, T: 8.0604e-15, no:       3, try:  23296000000
emin+1: -1.364801e-06, e+1: -2.094023e-08, T: 4.3184e-15, no:       5, try:  23744000000
emin+1: -1.364801e-06, e+1: -2.094023e-08, T: 2.3136e-15, no:       0, try:  24192000000
emin+1: -1.364801e-06, e+1: -2.094023e-08, T: 1.2395e-15, no:       1, try:  24640000000

Last chain: -1.000000020940655650909106855e+00
Best chain: -1.000001364800830605398043738e+00 (-1.000001364800830605398043738e+00)

Error: length:  0.000000000000000000000000000e+00, angle:  2.640029437490473152892343746e-16


Last chain: -1.000000020940655650909106855e+00
Best chain: -1.000001364800830605398043738e+00 (-1.000001364800830605506463955e+00)

Error: length:  0.000000000000000000000000000e+00, angle:  2.640029437490473152892343746e-16


7 8
emin+1:  0.000000e+00, e+1:  0.000000e+00, T: 1.0000e+00
emin+1:  0.000000e+00, e+1:  5.736588e-01, T: 5.3576e-01, no:       0, try:   1024000000
emin+1:  0.000000e+00, e+1:  5.732630e-01, T: 2.8704e-01, no:       2, try:   2048000000
emin+1:  0.000000e+00, e+1:  5.725306e-01, T: 1.5378e-01, no:       1, try:   3072000000
emin+1:  0.000000e+00, e+1:  5.711172e-01, T: 8.2390e-02, no:       2, try:   4096000000
emin+1:  0.000000e+00, e+1:  5.684033e-01, T: 4.4141e-02, no:       5, try:   5120000000
emin+1:  0.000000e+00, e+1:  5.627307e-01, T: 2.3649e-02, no:       0, try:   6144000000
emin+1:  0.000000e+00, e+1:  5.492908e-01, T: 1.2670e-02, no:       1, try:   7168000000
emin+1:  0.000000e+00, e+1:  4.285738e-01, T: 6.7881e-03, no:       3, try:   8192000000
emin+1:  0.000000e+00, e+1:  1.429013e-01, T: 3.6368e-03, no:       2, try:   9216000000
emin+1:  0.000000e+00, e+1:  6.768947e-02, T: 1.9484e-03, no:       0, try:  10240000000
emin+1:  0.000000e+00, e+1:  3.400436e-02, T: 1.0439e-03, no:       2, try:  11264000000
emin+1:  0.000000e+00, e+1:  1.778499e-02, T: 5.5927e-04, no:       2, try:  12288000000
emin+1:  0.000000e+00, e+1:  9.287196e-03, T: 2.9963e-04, no:       0, try:  13312000000
emin+1:  0.000000e+00, e+1:  4.795359e-03, T: 1.6053e-04, no:       4, try:  14336000000
emin+1:  0.000000e+00, e+1:  2.509689e-03, T: 8.6005e-05, no:       4, try:  15360000000
emin+1:  0.000000e+00, e+1:  1.315980e-03, T: 4.6078e-05, no:      11, try:  16384000000
emin+1:  0.000000e+00, e+1:  6.742685e-04, T: 2.4687e-05, no:       1, try:  17408000000
emin+1:  0.000000e+00, e+1:  3.420226e-04, T: 1.3226e-05, no:       0, try:  18432000000
emin+1:  0.000000e+00, e+1:  1.776062e-04, T: 7.0860e-06, no:       0, try:  19456000000
emin+1:  0.000000e+00, e+1:  8.929760e-05, T: 3.7964e-06, no:       6, try:  20480000000
emin+1:  0.000000e+00, e+1:  4.494665e-05, T: 2.0339e-06, no:       7, try:  21504000000
emin+1:  0.000000e+00, e+1:  2.219654e-05, T: 1.0897e-06, no:      13, try:  22528000000
emin+1:  0.000000e+00, e+1:  1.093464e-05, T: 5.8381e-07, no:       2, try:  23552000000
emin+1:  0.000000e+00, e+1:  5.137848e-06, T: 3.1278e-07, no:       6, try:  24576000000
emin+1:  0.000000e+00, e+1:  2.588522e-06, T: 1.6758e-07, no:       1, try:  25600000000
emin+1:  0.000000e+00, e+1:  1.215968e-06, T: 8.9780e-08, no:       1, try:  26624000000
emin+1:  0.000000e+00, e+1:  6.036052e-07, T: 4.8100e-08, no:       6, try:  27648000000
emin+1:  0.000000e+00, e+1:  2.890504e-07, T: 2.5770e-08, no:      12, try:  28672000000
emin+1:  0.000000e+00, e+1:  1.363419e-07, T: 1.3807e-08, no:       9, try:  29696000000
emin+1: -2.507131e-09, e+1:  6.568143e-08, T: 7.3969e-09, no:       6, try:  30720000000
emin+1: -3.886034e-09, e+1:  2.960358e-08, T: 3.9630e-09, no:       0, try:  31744000000
emin+1: -5.696312e-09, e+1:  1.162493e-08, T: 2.1232e-09, no:       0, try:  32768000000
emin+1: -6.419892e-09, e+1:  2.426907e-09, T: 1.1375e-09, no:       3, try:  33792000000
emin+1: -6.526839e-09, e+1: -2.060142e-09, T: 6.0943e-10, no:       1, try:  34816000000
emin+1: -6.875066e-09, e+1: -4.414842e-09, T: 3.2651e-10, no:      11, try:  35840000000
emin+1: -7.009785e-09, e+1: -5.669517e-09, T: 1.7493e-10, no:       1, try:  36864000000
emin+1: -7.050184e-09, e+1: -6.353866e-09, T: 9.3720e-11, no:       0, try:  37888000000
emin+1: -7.078123e-09, e+1: -6.713111e-09, T: 5.0211e-11, no:       1, try:  38912000000
emin+1: -7.088041e-09, e+1: -6.899958e-09, T: 2.6901e-11, no:       2, try:  39936000000
emin+1: -7.111819e-09, e+1: -7.002373e-09, T: 1.4412e-11, no:       1, try:  40960000000
emin+1: -7.113987e-09, e+1: -7.060721e-09, T: 7.7216e-12, no:       1, try:  41984000000
emin+1: -7.118277e-09, e+1: -7.088163e-09, T: 4.1369e-12, no:       1, try:  43008000000
emin+1: -7.120429e-09, e+1: -7.104331e-09, T: 2.2164e-12, no:       2, try:  44032000000
emin+1: -7.122392e-09, e+1: -7.114881e-09, T: 1.1874e-12, no:       2, try:  45056000000
emin+1: -7.122693e-09, e+1: -7.119750e-09, T: 6.3618e-13, no:       1, try:  46080000000
emin+1: -7.123227e-09, e+1: -7.121975e-09, T: 3.4084e-13, no:       2, try:  47104000000
emin+1: -7.123227e-09, e+1: -7.122523e-09, T: 1.8261e-13, no:       0, try:  48128000000
emin+1: -7.123371e-09, e+1: -7.123109e-09, T: 9.7833e-14, no:       2, try:  49152000000
emin+1: -7.123382e-09, e+1: -7.124369e-09, T: 5.2415e-14, no:       8, try:  50176000000
emin+1: -7.123404e-09, e+1: -7.126449e-09, T: 2.8082e-14, no:       1, try:  51200000000
emin+1: -7.123456e-09, e+1: -7.127880e-09, T: 1.5045e-14, no:       0, try:  52224000000
emin+1: -7.123479e-09, e+1: -7.127892e-09, T: 8.0604e-15, no:       2, try:  53248000000
emin+1: -7.123481e-09, e+1: -7.127895e-09, T: 4.3184e-15, no:       0, try:  54272000000
emin+1: -7.123487e-09, e+1: -7.127897e-09, T: 2.3136e-15, no:       2, try:  55296000000
emin+1: -7.123488e-09, e+1: -7.127899e-09, T: 1.2395e-15, no:       3, try:  56320000000

Last chain: -1.000000007123486953411993505e+00
Best chain: -1.000000007123488414808101798e+00 (-1.000000007123488414808101798e+00)

Error: length:  0.000000000000000000000000000e+00, angle:  1.968680754387560870233523985e-16


Last chain: -1.000000007123486953411993505e+00
Best chain: -1.000000007123488414808101798e+00 (-1.000000007123488414808101798e+00)

Error: length:  0.000000000000000000000000000e+00, angle:  1.968680754387560870233523985e-16


8 9
emin+1:  0.000000e+00, e+1:  0.000000e+00, T: 1.0000e+00
emin+1:  0.000000e+00, e+1:  6.008298e-01, T: 5.5629e-01, no:       0, try:   2147483647
emin+1:  0.000000e+00, e+1:  6.005764e-01, T: 3.1047e-01, no:       0, try:   4294967294
emin+1:  0.000000e+00, e+1:  6.001266e-01, T: 1.7393e-01, no:       0, try:   6442450941

Last chain: -3.821898302990251268713723515e-01
Best chain: -1.000000000000000000000000000e+00 (-1.000000000000000000000000000e+00)
