3 19
emin+1:  0.000000e+00, e+1:  0.000000e+00, T: 1.0000e+00
emin+1: -6.611101e-01, e+1:  2.148357e+02, T: 7.4928e-01, no:       0, try: 153900000000
emin+1: -6.825646e-01, e+1:  2.142857e+02, T: 6.3096e-01, no:       0, try: 307800000000
emin+1: -6.863089e-01, e+1:  2.127990e+02, T: 4.7276e-01, no:       6, try: 461700000000
emin+1: -6.863089e-01, e+1:  2.114323e+02, T: 3.9811e-01, no:       0, try: 615600000000
emin+1: -6.930315e-01, e+1:  2.093668e+02, T: 2.9829e-01, no:       3, try: 769500000000
emin+1: -6.930315e-01, e+1:  2.061199e+02, T: 2.5119e-01, no:       0, try: 923400000000
emin+1: -7.058075e-01, e+1:  2.022647e+02, T: 1.8821e-01, no:       0, try: 1077300000000
emin+1: -7.058075e-01, e+1:  1.972580e+02, T: 1.5849e-01, no:       1, try: 1231200000000
emin+1: -7.411820e-01, e+1:  1.897360e+02, T: 1.1875e-01, no:       2, try: 1385100000000
emin+1: -7.411820e-01, e+1:  1.810889e+02, T: 1.0000e-01, no:       0, try: 1539000000000
emin+1: -7.411820e-01, e+1:  1.686076e+02, T: 7.4928e-02, no:       2, try: 1692900000000
emin+1: -7.626568e-01, e+1:  1.547712e+02, T: 6.3096e-02, no:       1, try: 1846800000000
emin+1: -7.817750e-01, e+1:  1.367594e+02, T: 4.7276e-02, no:       0, try: 2000700000000
emin+1: -8.085483e-01, e+1:  1.189655e+02, T: 3.9811e-02, no:       0, try: 2154600000000
emin+1: -8.643998e-01, e+1:  9.846196e+01, T: 2.9829e-02, no:       8, try: 2308500000000
emin+1: -9.203959e-01, e+1:  8.082869e+01, T: 2.5119e-02, no:       0, try: 2462400000000
emin+1: -9.806554e-01, e+1:  6.310866e+01, T: 1.8821e-02, no:       0, try: 2616300000000
emin+1: -1.048542e+00, e+1: -5.976780e+01, T: 1.5849e-02, no:       1, try: 2770200000000
emin+1: -1.121765e+00, e+1: -1.290673e+02, T: 1.1875e-02, no:       4, try: 2924100000000
emin+1: -1.196743e+00, e+1:  4.466739e+02, T: 1.0000e-02, no:       1, try: 3078000000000
emin+1: -1.290336e+00, e+1:  6.411220e+01, T: 7.4928e-03, no:       0, try: 3231900000000
emin+1: -1.335008e+00, e+1: -3.632837e+03, T: 6.3096e-03, no:       0, try: 3385800000000
emin+1: -1.375459e+00, e+1: -8.676490e+01, T: 4.7276e-03, no:       2, try: 3539700000000
emin+1: -1.401065e+00, e+1:  1.595520e+02, T: 3.9811e-03, no:       1, try: 3693600000000
emin+1: -1.413828e+00, e+1: -1.576328e+02, T: 2.9829e-03, no:       1, try: 3847500000000
emin+1: -1.419693e+00, e+1:  9.980783e+01, T: 2.5119e-03, no:       5, try: 4001400000000
emin+1: -1.430645e+00, e+1: -2.661173e+02, T: 1.8821e-03, no:       1, try: 4155300000000
emin+1: -1.434965e+00, e+1:  7.601984e+01, T: 1.5849e-03, no:       5, try: 4309200000000
emin+1: -1.438043e+00, e+1: -6.474072e+02, T: 1.1875e-03, no:      10, try: 4463100000000
emin+1: -1.441856e+00, e+1:  6.030303e+01, T: 1.0000e-03, no:       2, try: 4617000000000
emin+1: -1.444604e+00, e+1:  1.242595e+03, T: 7.4928e-04, no:       1, try: 4770900000000
emin+1: -1.445524e+00, e+1: -5.313732e+01, T: 6.3096e-04, no:       0, try: 4924800000000
emin+1: -1.447203e+00, e+1:  3.367190e+02, T: 4.7276e-04, no:       0, try: 5078700000000
emin+1: -1.448996e+00, e+1: -5.094874e+01, T: 3.9811e-04, no:       3, try: 5232600000000
emin+1: -1.449483e+00, e+1:  5.035034e+02, T: 2.9829e-04, no:       1, try: 5386500000000
emin+1: -1.450405e+00, e+1:  4.716106e+01, T: 2.5119e-04, no:      16, try: 5540400000000

Last chain: -2.445300938960801030415750934e+00
Best chain: -2.451646093728483368238621476e+00 (-2.451646093728483368238621476e+00)

