3 19
emin+1:  0.000000e+00, e+1:  0.000000e+00, T: 1.0000e+00
emin+1: -5.704046e-01, e+1: -2.256646e-02, T: 7.4928e-01, no:       0, try:    153900000
emin+1: -5.704046e-01, e+1: -2.615660e-02, T: 6.3096e-01, no:       2, try:    307800000
emin+1: -5.704046e-01, e+1: -3.055467e-02, T: 4.7276e-01, no:       0, try:    461700000
emin+1: -5.704046e-01, e+1: -3.616424e-02, T: 3.9811e-01, no:       5, try:    615600000
emin+1: -5.704046e-01, e+1: -4.404759e-02, T: 2.9829e-01, no:       1, try:    769500000
emin+1: -5.704046e-01, e+1: -5.282769e-02, T: 2.5119e-01, no:       0, try:    923400000
emin+1: -5.759704e-01, e+1: -6.458733e-02, T: 1.8821e-01, no:       1, try:   1077300000
emin+1: -5.798285e-01, e+1: -7.749729e-02, T: 1.5849e-01, no:       0, try:   1231200000
emin+1: -6.091772e-01, e+1: -9.694617e-02, T: 1.1875e-01, no:       0, try:   1385100000
emin+1: -6.444248e-01, e+1: -1.178515e-01, T: 1.0000e-01, no:       1, try:   1539000000
emin+1: -7.237984e-01, e+1: -1.460449e-01, T: 7.4928e-02, no:       1, try:   1692900000
emin+1: -7.237984e-01, e+1: -1.773863e-01, T: 6.3096e-02, no:       1, try:   1846800000
emin+1: -7.237984e-01, e+1: -2.187666e-01, T: 4.7276e-02, no:       2, try:   2000700000
emin+1: -7.237984e-01, e+1: -2.651267e-01, T: 3.9811e-02, no:       0, try:   2154600000
emin+1: -7.765885e-01, e+1: -3.228271e-01, T: 2.9829e-02, no:       0, try:   2308500000
emin+1: -8.187802e-01, e+1: -3.849751e-01, T: 2.5119e-02, no:       0, try:   2462400000
emin+1: -8.716311e-01, e+1: -4.643831e-01, T: 1.8821e-02, no:       1, try:   2616300000
emin+1: -9.769865e-01, e+1: -5.503343e-01, T: 1.5849e-02, no:       2, try:   2770200000
emin+1: -1.051242e+00, e+1: -6.549518e-01, T: 1.1875e-02, no:       0, try:   2924100000
emin+1: -1.119256e+00, e+1: -7.674238e-01, T: 1.0000e-02, no:       1, try:   3078000000
emin+1: -1.229132e+00, e+1: -8.980410e-01, T: 7.4928e-03, no:       6, try:   3231900000
emin+1: -1.287810e+00, e+1: -1.021556e+00, T: 6.3096e-03, no:       3, try:   3385800000
emin+1: -1.349736e+00, e+1: -1.144531e+00, T: 4.7276e-03, no:       2, try:   3539700000
emin+1: -1.370970e+00, e+1: -1.230820e+00, T: 3.9811e-03, no:       1, try:   3693600000
emin+1: -1.394401e+00, e+1: -1.290601e+00, T: 2.9829e-03, no:       5, try:   3847500000
emin+1: -1.409223e+00, e+1: -1.330742e+00, T: 2.5119e-03, no:       3, try:   4001400000
emin+1: -1.422480e+00, e+1: -1.360919e+00, T: 1.8821e-03, no:       0, try:   4155300000
emin+1: -1.426642e+00, e+1: -1.382274e+00, T: 1.5849e-03, no:       1, try:   4309200000
emin+1: -1.435486e+00, e+1: -1.398543e+00, T: 1.1875e-03, no:      10, try:   4463100000
emin+1: -1.438703e+00, e+1: -1.410387e+00, T: 1.0000e-03, no:       1, try:   4617000000
emin+1: -1.441494e+00, e+1: -1.419837e+00, T: 7.4928e-04, no:       0, try:   4770900000
emin+1: -1.443857e+00, e+1: -1.426849e+00, T: 6.3096e-04, no:       0, try:   4924800000
emin+1: -1.446187e+00, e+1: -1.432437e+00, T: 4.7276e-04, no:       1, try:   5078700000
emin+1: -1.446742e+00, e+1: -1.436690e+00, T: 3.9811e-04, no:       0, try:   5232600000
emin+1: -1.448219e+00, e+1: -1.440169e+00, T: 2.9829e-04, no:       3, try:   5386500000
emin+1: -1.448903e+00, e+1: -1.442688e+00, T: 2.5119e-04, no:       0, try:   5540400000
emin+1: -1.450617e+00, e+1: -1.444740e+00, T: 1.8821e-04, no:       1, try:   5694300000
emin+1: -1.451380e+00, e+1: -1.446346e+00, T: 1.5849e-04, no:       3, try:   5848200000
emin+1: -1.453047e+00, e+1: -1.448211e+00, T: 1.1875e-04, no:      20, try:   6002100000
emin+1: -1.453667e+00, e+1: -1.450025e+00, T: 1.0000e-04, no:       0, try:   6156000000
emin+1: -1.454157e+00, e+1: -1.451583e+00, T: 7.4928e-05, no:       0, try:   6309900000
emin+1: -1.454744e+00, e+1: -1.452627e+00, T: 6.3096e-05, no:       2, try:   6463800000
emin+1: -1.455005e+00, e+1: -1.453416e+00, T: 4.7276e-05, no:      32, try:   6617700000
emin+1: -1.455206e+00, e+1: -1.454012e+00, T: 3.9811e-05, no:      14, try:   6771600000
emin+1: -1.455496e+00, e+1: -1.454507e+00, T: 2.9829e-05, no:       7, try:   6925500000
emin+1: -1.455616e+00, e+1: -1.454862e+00, T: 2.5119e-05, no:      26, try:   7079400000
emin+1: -1.455774e+00, e+1: -1.455168e+00, T: 1.8821e-05, no:      17, try:   7233300000
emin+1: -1.455889e+00, e+1: -1.455394e+00, T: 1.5849e-05, no:      41, try:   7387200000
emin+1: -1.455961e+00, e+1: -1.455586e+00, T: 1.1875e-05, no:      12, try:   7541100000
emin+1: -1.456013e+00, e+1: -1.455727e+00, T: 1.0000e-05, no:       3, try:   7695000000
emin+1: -1.456090e+00, e+1: -1.455845e+00, T: 7.4928e-06, no:      21, try:   7848900000
emin+1: -1.456129e+00, e+1: -1.455935e+00, T: 6.3096e-06, no:       3, try:   8002800000
emin+1: -1.456158e+00, e+1: -1.456011e+00, T: 4.7276e-06, no:      20, try:   8156700000
emin+1: -1.456185e+00, e+1: -1.456067e+00, T: 3.9811e-06, no:       0, try:   8310600000
emin+1: -1.456215e+00, e+1: -1.456114e+00, T: 2.9829e-06, no:      23, try:   8464500000
emin+1: -1.456219e+00, e+1: -1.456150e+00, T: 2.5119e-06, no:      42, try:   8618400000
emin+1: -1.456243e+00, e+1: -1.456180e+00, T: 1.8821e-06, no:       6, try:   8772300000
emin+1: -1.456250e+00, e+1: -1.456203e+00, T: 1.5849e-06, no:      25, try:   8926200000
emin+1: -1.456257e+00, e+1: -1.456221e+00, T: 1.1875e-06, no:      41, try:   9080100000
emin+1: -1.456264e+00, e+1: -1.456235e+00, T: 1.0000e-06, no:       4, try:   9234000000
emin+1: -1.456270e+00, e+1: -1.456247e+00, T: 7.4928e-07, no:      28, try:   9387900000
emin+1: -1.456274e+00, e+1: -1.456257e+00, T: 6.3096e-07, no:      27, try:   9541800000
emin+1: -1.456278e+00, e+1: -1.456264e+00, T: 4.7276e-07, no:      35, try:   9695700000
emin+1: -1.456280e+00, e+1: -1.456270e+00, T: 3.9811e-07, no:     193, try:   9849600000
emin+1: -1.456283e+00, e+1: -1.456274e+00, T: 2.9829e-07, no:     144, try:  10003500000
emin+1: -1.456285e+00, e+1: -1.456278e+00, T: 2.5119e-07, no:     134, try:  10157400000
emin+1: -1.456287e+00, e+1: -1.456281e+00, T: 1.8821e-07, no:      78, try:  10311300000
emin+1: -1.456287e+00, e+1: -1.456283e+00, T: 1.5849e-07, no:     130, try:  10465200000
emin+1: -1.456288e+00, e+1: -1.456285e+00, T: 1.1875e-07, no:      74, try:  10619100000
emin+1: -1.456289e+00, e+1: -1.456286e+00, T: 1.0000e-07, no:     136, try:  10773000000
emin+1: -1.456290e+00, e+1: -1.456288e+00, T: 7.4928e-08, no:     268, try:  10926900000
emin+1: -1.456290e+00, e+1: -1.456288e+00, T: 6.3096e-08, no:      88, try:  11080800000
emin+1: -1.456291e+00, e+1: -1.456289e+00, T: 4.7276e-08, no:     455, try:  11234700000
emin+1: -1.456291e+00, e+1: -1.456290e+00, T: 3.9811e-08, no:      52, try:  11388600000
emin+1: -1.456291e+00, e+1: -1.456290e+00, T: 2.9829e-08, no:     344, try:  11542500000
emin+1: -1.456291e+00, e+1: -1.456291e+00, T: 2.5119e-08, no:     173, try:  11696400000
emin+1: -1.456291e+00, e+1: -1.456291e+00, T: 1.8821e-08, no:     114, try:  11850300000
emin+1: -1.456292e+00, e+1: -1.456291e+00, T: 1.5849e-08, no:     395, try:  12004200000
emin+1: -1.456292e+00, e+1: -1.456291e+00, T: 1.1875e-08, no:     173, try:  12158100000
emin+1: -1.456292e+00, e+1: -1.456291e+00, T: 1.0000e-08, no:     537, try:  12312000000
emin+1: -1.456292e+00, e+1: -1.456292e+00, T: 7.4928e-09, no:      88, try:  12465900000
emin+1: -1.456292e+00, e+1: -1.456292e+00, T: 6.3096e-09, no:    2110, try:  12619800000
emin+1: -1.456292e+00, e+1: -1.456292e+00, T: 4.7276e-09, no:    1342, try:  12773700000
emin+1: -1.456292e+00, e+1: -1.456292e+00, T: 3.9811e-09, no:    1038, try:  12927600000
emin+1: -1.456292e+00, e+1: -1.456292e+00, T: 2.9829e-09, no:     897, try:  13081500000
emin+1: -1.456292e+00, e+1: -1.456292e+00, T: 2.5119e-09, no:    2270, try:  13235400000
emin+1: -1.456292e+00, e+1: -1.456292e+00, T: 1.8821e-09, no:    1715, try:  13389300000
emin+1: -1.456292e+00, e+1: -1.456292e+00, T: 1.5849e-09, no:    1348, try:  13543200000
emin+1: -1.456292e+00, e+1: -1.456292e+00, T: 1.1875e-09, no:     890, try:  13697100000
emin+1: -1.456292e+00, e+1: -1.456292e+00, T: 1.0000e-09, no:     940, try:  13851000000
emin+1: -1.456292e+00, e+1: -1.456292e+00, T: 7.4928e-10, no:    1709, try:  14004900000
emin+1: -1.456292e+00, e+1: -1.456292e+00, T: 6.3096e-10, no:    3825, try:  14158800000
emin+1: -1.456292e+00, e+1: -1.456292e+00, T: 4.7276e-10, no:     594, try:  14312700000
emin+1: -1.456292e+00, e+1: -1.456292e+00, T: 3.9811e-10, no:    3158, try:  14466600000
emin+1: -1.456292e+00, e+1: -1.456292e+00, T: 2.9829e-10, no:      15, try:  14620500000
emin+1: -1.456292e+00, e+1: -1.456292e+00, T: 2.5119e-10, no:    5281, try:  14774400000
emin+1: -1.456292e+00, e+1: -1.456292e+00, T: 1.8821e-10, no:    2537, try:  14928300000
emin+1: -1.456292e+00, e+1: -1.456292e+00, T: 1.5849e-10, no:    6514, try:  15082200000
emin+1: -1.456292e+00, e+1: -1.456292e+00, T: 1.1875e-10, no:     684, try:  15236100000
emin+1: -1.456292e+00, e+1: -1.456292e+00, T: 1.0000e-10, no:     984, try:  15390000000
emin+1: -1.456292e+00, e+1: -1.456292e+00, T: 7.4928e-11, no:    1667, try:  15543900000
emin+1: -1.456292e+00, e+1: -1.456292e+00, T: 6.3096e-11, no:    3178, try:  15697800000
emin+1: -1.456292e+00, e+1: -1.456292e+00, T: 4.7276e-11, no:    3950, try:  15851700000
emin+1: -1.456292e+00, e+1: -1.456292e+00, T: 3.9811e-11, no:    1475, try:  16005600000
emin+1: -1.456292e+00, e+1: -1.456292e+00, T: 2.9829e-11, no:     793, try:  16159500000
emin+1: -1.456292e+00, e+1: -1.456292e+00, T: 2.5119e-11, no:    5014, try:  16313400000
emin+1: -1.456292e+00, e+1: -1.456292e+00, T: 1.8821e-11, no:    5905, try:  16467300000
emin+1: -1.456292e+00, e+1: -1.456292e+00, T: 1.5849e-11, no:     876, try:  16621200000
emin+1: -1.456292e+00, e+1: -1.456292e+00, T: 1.1875e-11, no:   21547, try:  16775100000
emin+1: -1.456292e+00, e+1: -1.456292e+00, T: 1.0000e-11, no:     811, try:  16929000000
emin+1: -1.456292e+00, e+1: -1.456292e+00, T: 7.4928e-12, no:   29205, try:  17082900000
emin+1: -1.456292e+00, e+1: -1.456292e+00, T: 6.3096e-12, no:    5368, try:  17236800000
emin+1: -1.456292e+00, e+1: -1.456292e+00, T: 4.7276e-12, no:   20723, try:  17390700000
emin+1: -1.456292e+00, e+1: -1.456292e+00, T: 3.9811e-12, no:    5835, try:  17544600000
emin+1: -1.456292e+00, e+1: -1.456292e+00, T: 2.9829e-12, no:   47508, try:  17698500000
emin+1: -1.456292e+00, e+1: -1.456292e+00, T: 2.5119e-12, no:   48540, try:  17852400000
emin+1: -1.456292e+00, e+1: -1.456292e+00, T: 1.8821e-12, no:    4313, try:  18006300000
emin+1: -1.456292e+00, e+1: -1.456292e+00, T: 1.5849e-12, no:   99578, try:  18160200000
emin+1: -1.456292e+00, e+1: -1.456292e+00, T: 1.1875e-12, no:   55591, try:  18314100000
emin+1: -1.456292e+00, e+1: -1.456292e+00, T: 1.0000e-12, no:   21581, try:  18468000000
emin+1: -1.456292e+00, e+1: -1.456292e+00, T: 7.4928e-13, no:   79816, try:  18621900000
emin+1: -1.456292e+00, e+1: -1.456292e+00, T: 6.3096e-13, no:   22413, try:  18775800000
emin+1: -1.456292e+00, e+1: -1.456292e+00, T: 4.7276e-13, no:   54617, try:  18929700000
emin+1: -1.456292e+00, e+1: -1.456292e+00, T: 3.9811e-13, no:   31958, try:  19083600000
emin+1: -1.456292e+00, e+1: -1.456292e+00, T: 2.9829e-13, no:   15999, try:  19237500000
emin+1: -1.456292e+00, e+1: -1.456292e+00, T: 2.5119e-13, no:   11071, try:  19391400000
emin+1: -1.456292e+00, e+1: -1.456292e+00, T: 1.8821e-13, no:   67537, try:  19545300000
emin+1: -1.456292e+00, e+1: -1.456292e+00, T: 1.5849e-13, no:  131102, try:  19699200000
emin+1: -1.456292e+00, e+1: -1.456292e+00, T: 1.1875e-13, no:  144516, try:  19853100000
emin+1: -1.456292e+00, e+1: -1.456292e+00, T: 1.0000e-13, no:   41842, try:  20007000000
emin+1: -1.456292e+00, e+1: -1.456292e+00, T: 7.4928e-14, no:    7598, try:  20160900000
emin+1: -1.456292e+00, e+1: -1.456292e+00, T: 6.3096e-14, no:   31699, try:  20314800000
emin+1: -1.456292e+00, e+1: -1.456292e+00, T: 4.7276e-14, no:   57022, try:  20468700000
emin+1: -1.456292e+00, e+1: -1.456292e+00, T: 3.9811e-14, no:     452, try:  20622600000
emin+1: -1.456292e+00, e+1: -1.456292e+00, T: 2.9829e-14, no:   25931, try:  20776500000
emin+1: -1.456292e+00, e+1: -1.456292e+00, T: 2.5119e-14, no:   68274, try:  20930400000
emin+1: -1.456292e+00, e+1: -1.456292e+00, T: 1.8821e-14, no:   12225, try:  21084300000
emin+1: -1.456292e+00, e+1: -1.456292e+00, T: 1.5849e-14, no:   13679, try:  21238200000
emin+1: -1.456292e+00, e+1: -1.456292e+00, T: 1.1875e-14, no:   22402, try:  21392100000
emin+1: -1.456292e+00, e+1: -1.456292e+00, T: 1.0000e-14, no:    6348, try:  21546000000
emin+1: -1.456292e+00, e+1: -1.456292e+00, T: 7.4928e-15, no:    9715, try:  21699900000
emin+1: -1.456292e+00, e+1: -1.456292e+00, T: 6.3096e-15, no:   48392, try:  21853800000
emin+1: -1.456292e+00, e+1: -1.456292e+00, T: 4.7276e-15, no:    1710, try:  22007700000
emin+1: -1.456292e+00, e+1: -1.456292e+00, T: 3.9811e-15, no:   15250, try:  22161600000
emin+1: -1.456292e+00, e+1: -1.456292e+00, T: 2.9829e-15, no:   12823, try:  22315500000
emin+1: -1.456292e+00, e+1: -1.456292e+00, T: 2.5119e-15, no:   17679, try:  22469400000
emin+1: -1.456292e+00, e+1: -1.456292e+00, T: 1.8821e-15, no:    2388, try:  22623300000
emin+1: -1.456292e+00, e+1: -1.456292e+00, T: 1.5849e-15, no:    8520, try:  22777200000
emin+1: -1.456292e+00, e+1: -1.456292e+00, T: 1.1875e-15, no:    4196, try:  22931100000
emin+1: -1.456292e+00, e+1: -1.456292e+00, T: 1.0000e-15, no:    3219, try:  23085000000

Last chain: -2.456292012945630800309013142e+00
Best chain: -2.456292012945630801176374880e+00 (-2.456292012945630801176374880e+00)

Error: length:  0.000000000000000000000000000e+00, angle:  0.000000000000000000000000000e+00


Last chain: -2.456292012945630800309013142e+00
Best chain: -2.456292012945630801176374880e+00 (-2.456292012945630801176374880e+00)

Error: length:  0.000000000000000000000000000e+00, angle:  0.000000000000000000000000000e+00


