3 7
emin+1:  0.000000e+00, e+1:  0.000000e+00, T: 1.0000e+00
emin+1: -2.539372e-01, e+1:  2.483333e-01, T: 7.4928e-01, no:       3, try:   1890000000
emin+1: -2.539372e-01, e+1:  2.467283e-01, T: 6.3096e-01, no:       2, try:   3780000000
emin+1: -2.539372e-01, e+1:  2.444299e-01, T: 4.7276e-01, no:       1, try:   5670000000
emin+1: -2.539372e-01, e+1:  2.418636e-01, T: 3.9811e-01, no:       0, try:   7560000000
emin+1: -2.539372e-01, e+1:  2.381658e-01, T: 2.9829e-01, no:       0, try:   9450000000
emin+1: -2.539372e-01, e+1:  2.338888e-01, T: 2.5119e-01, no:       1, try:  11340000000
emin+1: -2.539372e-01, e+1:  2.277421e-01, T: 1.8821e-01, no:       0, try:  13230000000
emin+1: -2.949005e-01, e+1:  2.206756e-01, T: 1.5849e-01, no:       4, try:  15120000000
emin+1: -2.949005e-01, e+1:  2.104039e-01, T: 1.1875e-01, no:       0, try:  17010000000
emin+1: -2.949005e-01, e+1:  1.983517e-01, T: 1.0000e-01, no:       2, try:  18900000000
emin+1: -3.020410e-01, e+1:  1.810030e-01, T: 7.4928e-02, no:       0, try:  20790000000
emin+1: -3.196140e-01, e+1:  1.605258e-01, T: 6.3096e-02, no:       2, try:  22680000000
emin+1: -3.307664e-01, e+1:  1.315578e-01, T: 4.7276e-02, no:       0, try:  24570000000
emin+1: -3.533166e-01, e+1:  9.836951e-02, T: 3.9811e-02, no:       0, try:  26460000000
emin+1: -3.661303e-01, e+1:  5.391156e-02, T: 2.9829e-02, no:       1, try:  28350000000
emin+1: -3.767773e-01, e+1:  5.040073e-03, T: 2.5119e-02, no:       1, try:  30240000000
emin+1: -3.926361e-01, e+1: -5.967527e-02, T: 1.8821e-02, no:      10, try:  32130000000
emin+1: -3.984755e-01, e+1: -1.324642e-01, T: 1.5849e-02, no:       0, try:  34020000000
emin+1: -4.105383e-01, e+1: -2.138146e-01, T: 1.1875e-02, no:       2, try:  35910000000
emin+1: -4.105383e-01, e+1: -2.716146e-01, T: 1.0000e-02, no:       1, try:  37800000000
emin+1: -4.145412e-01, e+1: -3.113796e-01, T: 7.4928e-03, no:       1, try:  39690000000
emin+1: -4.147473e-01, e+1: -3.378124e-01, T: 6.3096e-03, no:       0, try:  41580000000
emin+1: -4.162909e-01, e+1: -3.578446e-01, T: 4.7276e-03, no:       3, try:  43470000000
emin+1: -4.193507e-01, e+1: -3.720524e-01, T: 3.9811e-03, no:       2, try:  45360000000
emin+1: -4.193507e-01, e+1: -3.831876e-01, T: 2.9829e-03, no:       2, try:  47250000000
emin+1: -4.199810e-01, e+1: -3.911260e-01, T: 2.5119e-03, no:       1, try:  49140000000
emin+1: -4.205028e-01, e+1: -3.973541e-01, T: 1.8821e-03, no:       0, try:  51030000000
emin+1: -4.208007e-01, e+1: -4.018605e-01, T: 1.5849e-03, no:       4, try:  52920000000
emin+1: -4.219688e-01, e+1: -4.054948e-01, T: 1.1875e-03, no:       5, try:  54810000000
emin+1: -4.222716e-01, e+1: -4.082620e-01, T: 1.0000e-03, no:       1, try:  56700000000
emin+1: -4.231263e-01, e+1: -4.108733e-01, T: 7.4928e-04, no:       2, try:  58590000000
emin+1: -4.233406e-01, e+1: -4.133089e-01, T: 6.3096e-04, no:       0, try:  60480000000
emin+1: -4.238285e-01, e+1: -4.158939e-01, T: 4.7276e-04, no:       1, try:  62370000000
emin+1: -4.238285e-01, e+1: -4.178918e-01, T: 3.9811e-04, no:      12, try:  64260000000
emin+1: -4.242372e-01, e+1: -4.194060e-01, T: 2.9829e-04, no:       3, try:  66150000000
emin+1: -4.242440e-01, e+1: -4.205100e-01, T: 2.5119e-04, no:       0, try:  68040000000
emin+1: -4.244660e-01, e+1: -4.214216e-01, T: 1.8821e-04, no:      11, try:  69930000000
emin+1: -4.245089e-01, e+1: -4.221210e-01, T: 1.5849e-04, no:       1, try:  71820000000
emin+1: -4.246294e-01, e+1: -4.227008e-01, T: 1.1875e-04, no:       8, try:  73710000000
emin+1: -4.246294e-01, e+1: -4.231476e-01, T: 1.0000e-04, no:       1, try:  75600000000
emin+1: -4.246757e-01, e+1: -4.235170e-01, T: 7.4928e-05, no:       8, try:  77490000000
emin+1: -4.247179e-01, e+1: -4.237947e-01, T: 6.3096e-05, no:      33, try:  79380000000
emin+1: -4.247459e-01, e+1: -4.240234e-01, T: 4.7276e-05, no:      12, try:  81270000000
emin+1: -4.247645e-01, e+1: -4.241963e-01, T: 3.9811e-05, no:       3, try:  83160000000
emin+1: -4.248038e-01, e+1: -4.243394e-01, T: 2.9829e-05, no:      15, try:  85050000000
emin+1: -4.248153e-01, e+1: -4.244482e-01, T: 2.5119e-05, no:      18, try:  86940000000
emin+1: -4.248324e-01, e+1: -4.245378e-01, T: 1.8821e-05, no:       0, try:  88830000000
emin+1: -4.248391e-01, e+1: -4.246067e-01, T: 1.5849e-05, no:       0, try:  90720000000
emin+1: -4.248477e-01, e+1: -4.246631e-01, T: 1.1875e-05, no:      59, try:  92610000000
emin+1: -4.248499e-01, e+1: -4.247064e-01, T: 1.0000e-05, no:      11, try:  94500000000
emin+1: -4.248576e-01, e+1: -4.247421e-01, T: 7.4928e-06, no:      42, try:  96390000000
emin+1: -4.248590e-01, e+1: -4.247694e-01, T: 6.3096e-06, no:      19, try:  98280000000
emin+1: -4.248634e-01, e+1: -4.247920e-01, T: 4.7276e-06, no:      23, try: 100170000000
emin+1: -4.248659e-01, e+1: -4.248091e-01, T: 3.9811e-06, no:      43, try: 102060000000
emin+1: -4.248679e-01, e+1: -4.248235e-01, T: 2.9829e-06, no:      13, try: 103950000000
emin+1: -4.248707e-01, e+1: -4.248344e-01, T: 2.5119e-06, no:      20, try: 105840000000
emin+1: -4.248725e-01, e+1: -4.248435e-01, T: 1.8821e-06, no:       5, try: 107730000000
emin+1: -4.248733e-01, e+1: -4.248504e-01, T: 1.5849e-06, no:      10, try: 109620000000
emin+1: -4.248744e-01, e+1: -4.248561e-01, T: 1.1875e-06, no:      22, try: 111510000000
emin+1: -4.248752e-01, e+1: -4.248604e-01, T: 1.0000e-06, no:      17, try: 113400000000
emin+1: -4.248752e-01, e+1: -4.248640e-01, T: 7.4928e-07, no:      17, try: 115290000000
emin+1: -4.248758e-01, e+1: -4.248668e-01, T: 6.3096e-07, no:      10, try: 117180000000
emin+1: -4.248764e-01, e+1: -4.248691e-01, T: 4.7276e-07, no:      18, try: 119070000000
emin+1: -4.248764e-01, e+1: -4.248708e-01, T: 3.9811e-07, no:       2, try: 120960000000
emin+1: -4.248767e-01, e+1: -4.248722e-01, T: 2.9829e-07, no:      75, try: 122850000000
emin+1: -4.248770e-01, e+1: -4.248733e-01, T: 2.5119e-07, no:     291, try: 124740000000
emin+1: -4.248771e-01, e+1: -4.248742e-01, T: 1.8821e-07, no:     850, try: 126630000000
emin+1: -4.248771e-01, e+1: -4.248749e-01, T: 1.5849e-07, no:     192, try: 128520000000
emin+1: -4.248772e-01, e+1: -4.248755e-01, T: 1.1875e-07, no:     281, try: 130410000000
emin+1: -4.248774e-01, e+1: -4.248759e-01, T: 1.0000e-07, no:     149, try: 132300000000
emin+1: -4.248774e-01, e+1: -4.248763e-01, T: 7.4928e-08, no:     218, try: 134190000000
emin+1: -4.248775e-01, e+1: -4.248766e-01, T: 6.3096e-08, no:     176, try: 136080000000
emin+1: -4.248775e-01, e+1: -4.248768e-01, T: 4.7276e-08, no:     467, try: 137970000000
emin+1: -4.248775e-01, e+1: -4.248770e-01, T: 3.9811e-08, no:     206, try: 139860000000
emin+1: -4.248776e-01, e+1: -4.248771e-01, T: 2.9829e-08, no:     568, try: 141750000000
emin+1: -4.248776e-01, e+1: -4.248772e-01, T: 2.5119e-08, no:     118, try: 143640000000
emin+1: -4.248776e-01, e+1: -4.248773e-01, T: 1.8821e-08, no:     110, try: 145530000000
emin+1: -4.248776e-01, e+1: -4.248774e-01, T: 1.5849e-08, no:     410, try: 147420000000
emin+1: -4.248776e-01, e+1: -4.248775e-01, T: 1.1875e-08, no:     536, try: 149310000000
emin+1: -4.248776e-01, e+1: -4.248775e-01, T: 1.0000e-08, no:     304, try: 151200000000
emin+1: -4.248776e-01, e+1: -4.248775e-01, T: 7.4928e-09, no:     162, try: 153090000000
emin+1: -4.248776e-01, e+1: -4.248776e-01, T: 6.3096e-09, no:    1534, try: 154980000000
emin+1: -4.248777e-01, e+1: -4.248776e-01, T: 4.7276e-09, no:     458, try: 156870000000
emin+1: -4.248777e-01, e+1: -4.248776e-01, T: 3.9811e-09, no:    2013, try: 158760000000
emin+1: -4.248777e-01, e+1: -4.248776e-01, T: 2.9829e-09, no:    1121, try: 160650000000
emin+1: -4.248777e-01, e+1: -4.248776e-01, T: 2.5119e-09, no:     188, try: 162540000000
emin+1: -4.248777e-01, e+1: -4.248776e-01, T: 1.8821e-09, no:     572, try: 164430000000
emin+1: -4.248777e-01, e+1: -4.248776e-01, T: 1.5849e-09, no:    1712, try: 166320000000
emin+1: -4.248777e-01, e+1: -4.248776e-01, T: 1.1875e-09, no:    2746, try: 168210000000
emin+1: -4.248777e-01, e+1: -4.248777e-01, T: 1.0000e-09, no:    1335, try: 170100000000
emin+1: -4.248777e-01, e+1: -4.248777e-01, T: 7.4928e-10, no:     205, try: 171990000000
emin+1: -4.248777e-01, e+1: -4.248777e-01, T: 6.3096e-10, no:   25151, try: 173880000000
emin+1: -4.248777e-01, e+1: -4.248777e-01, T: 4.7276e-10, no:     286, try: 175770000000
emin+1: -4.248777e-01, e+1: -4.248777e-01, T: 3.9811e-10, no:    3724, try: 177660000000
emin+1: -4.248777e-01, e+1: -4.248777e-01, T: 2.9829e-10, no:      26, try: 179550000000
emin+1: -4.248777e-01, e+1: -4.248777e-01, T: 2.5119e-10, no:     895, try: 181440000000
emin+1: -4.248777e-01, e+1: -4.248777e-01, T: 1.8821e-10, no:     881, try: 183330000000
emin+1: -4.248777e-01, e+1: -4.248777e-01, T: 1.5849e-10, no:     146, try: 185220000000
emin+1: -4.248777e-01, e+1: -4.248777e-01, T: 1.1875e-10, no:   12962, try: 187110000000
emin+1: -4.248777e-01, e+1: -4.248777e-01, T: 1.0000e-10, no:    2214, try: 189000000000
emin+1: -4.248777e-01, e+1: -4.248777e-01, T: 7.4928e-11, no:    4858, try: 190890000000
emin+1: -4.248777e-01, e+1: -4.248777e-01, T: 6.3096e-11, no:    5738, try: 192780000000
emin+1: -4.248777e-01, e+1: -4.248777e-01, T: 4.7276e-11, no:    9773, try: 194670000000
emin+1: -4.248777e-01, e+1: -4.248777e-01, T: 3.9811e-11, no:    2472, try: 196560000000
emin+1: -4.248777e-01, e+1: -4.248777e-01, T: 2.9829e-11, no:   47968, try: 198450000000
emin+1: -4.248777e-01, e+1: -4.248777e-01, T: 2.5119e-11, no:    8831, try: 200340000000
emin+1: -4.248777e-01, e+1: -4.248777e-01, T: 1.8821e-11, no:    7179, try: 202230000000
emin+1: -4.248777e-01, e+1: -4.248777e-01, T: 1.5849e-11, no:   12738, try: 204120000000
emin+1: -4.248777e-01, e+1: -4.248777e-01, T: 1.1875e-11, no:    1304, try: 206010000000
emin+1: -4.248777e-01, e+1: -4.248777e-01, T: 1.0000e-11, no:    9242, try: 207900000000
emin+1: -4.248777e-01, e+1: -4.248777e-01, T: 7.4928e-12, no:   18799, try: 209790000000
emin+1: -4.248777e-01, e+1: -4.248777e-01, T: 6.3096e-12, no:   18019, try: 211680000000
emin+1: -4.248777e-01, e+1: -4.248777e-01, T: 4.7276e-12, no:    7022, try: 213570000000
emin+1: -4.248777e-01, e+1: -4.248777e-01, T: 3.9811e-12, no:   58045, try: 215460000000
emin+1: -4.248777e-01, e+1: -4.248777e-01, T: 2.9829e-12, no:    4097, try: 217350000000
emin+1: -4.248777e-01, e+1: -4.248777e-01, T: 2.5119e-12, no:   75829, try: 219240000000
emin+1: -4.248777e-01, e+1: -4.248777e-01, T: 1.8821e-12, no:   21306, try: 221130000000
emin+1: -4.248777e-01, e+1: -4.248777e-01, T: 1.5849e-12, no:   29597, try: 223020000000
emin+1: -4.248777e-01, e+1: -4.248777e-01, T: 1.1875e-12, no:   30817, try: 224910000000
emin+1: -4.248777e-01, e+1: -4.248777e-01, T: 1.0000e-12, no:  245667, try: 226800000000
emin+1: -4.248777e-01, e+1: -4.248777e-01, T: 7.4928e-13, no:   89184, try: 228690000000
emin+1: -4.248777e-01, e+1: -4.248777e-01, T: 6.3096e-13, no:   18786, try: 230580000000
emin+1: -4.248777e-01, e+1: -4.248777e-01, T: 4.7276e-13, no:  167195, try: 232470000000
emin+1: -4.248777e-01, e+1: -4.248777e-01, T: 3.9811e-13, no:   15707, try: 234360000000
emin+1: -4.248777e-01, e+1: -4.248777e-01, T: 2.9829e-13, no:     550, try: 236250000000
emin+1: -4.248777e-01, e+1: -4.248777e-01, T: 2.5119e-13, no:    8686, try: 238140000000
emin+1: -4.248777e-01, e+1: -4.248777e-01, T: 1.8821e-13, no:   85620, try: 240030000000
emin+1: -4.248777e-01, e+1: -4.248777e-01, T: 1.5849e-13, no:   22307, try: 241920000000
emin+1: -4.248777e-01, e+1: -4.248777e-01, T: 1.1875e-13, no:  113329, try: 243810000000
emin+1: -4.248777e-01, e+1: -4.248777e-01, T: 1.0000e-13, no:   28145, try: 245700000000
emin+1: -4.248777e-01, e+1: -4.248777e-01, T: 7.4928e-14, no:  307505, try: 247590000000
emin+1: -4.248777e-01, e+1: -4.248777e-01, T: 6.3096e-14, no:  200616, try: 249480000000
emin+1: -4.248777e-01, e+1: -4.248777e-01, T: 4.7276e-14, no:   29427, try: 251370000000
emin+1: -4.248777e-01, e+1: -4.248777e-01, T: 3.9811e-14, no:  119481, try: 253260000000
emin+1: -4.248777e-01, e+1: -4.248777e-01, T: 2.9829e-14, no:  186078, try: 255150000000
emin+1: -4.248777e-01, e+1: -4.248777e-01, T: 2.5119e-14, no: 1238921, try: 257040000000
emin+1: -4.248777e-01, e+1: -4.248777e-01, T: 1.8821e-14, no:  165944, try: 258930000000
emin+1: -4.248777e-01, e+1: -4.248777e-01, T: 1.5849e-14, no:  545496, try: 260820000000
emin+1: -4.248777e-01, e+1: -4.248777e-01, T: 1.1875e-14, no:  482178, try: 262710000000
emin+1: -4.248777e-01, e+1: -4.248777e-01, T: 1.0000e-14, no:    7783, try: 264600000000
emin+1: -4.248777e-01, e+1: -4.248777e-01, T: 7.4928e-15, no:   58961, try: 266490000000
emin+1: -4.248777e-01, e+1: -4.248777e-01, T: 6.3096e-15, no:  408659, try: 268380000000
emin+1: -4.248777e-01, e+1: -4.248777e-01, T: 4.7276e-15, no: 1832384, try: 270270000000
emin+1: -4.248777e-01, e+1: -4.248777e-01, T: 3.9811e-15, no: 4846255, try: 272160000000
emin+1: -4.248777e-01, e+1: -4.248777e-01, T: 2.9829e-15, no:  531927, try: 274050000000
emin+1: -4.248777e-01, e+1: -4.248777e-01, T: 2.5119e-15, no:  172028, try: 275940000000
emin+1: -4.248777e-01, e+1: -4.248777e-01, T: 1.8821e-15, no: 4314018, try: 277830000000
emin+1: -4.248777e-01, e+1: -4.248777e-01, T: 1.5849e-15, no:  569472, try: 279720000000
emin+1: -4.248777e-01, e+1: -4.248777e-01, T: 1.1875e-15, no: 1433134, try: 281610000000
emin+1: -4.248777e-01, e+1: -4.248777e-01, T: 1.0000e-15, no: 1156965, try: 283500000000

Last chain: -1.424877667870304883269809426e+00
Best chain: -1.424877667870304883269809426e+00 (-1.424877667870304883269809426e+00)

Error: length:  1.110223024625156540423631668e-16, angle:  0.000000000000000000000000000e+00


Last chain: -1.424877667870304883269809426e+00
Best chain: -1.424877667870304883269809426e+00 (-1.424877667870304883269809426e+00)

Error: length:  1.110223024625156540423631668e-16, angle:  0.000000000000000000000000000e+00


