3 7
emin+1:  0.000000e+00, e+1:  0.000000e+00, T: 1.0000e+00
emin+1: -2.985508e-01, e+1:  1.490163e+04, T: 7.4928e-01, no:       3, try: 189000000000
emin+1: -2.985508e-01, e+1:  7.359645e+03, T: 6.3096e-01, no:       2, try: 378000000000
emin+1: -2.985508e-01, e+1:  4.189720e+03, T: 4.7276e-01, no:       4, try: 567000000000
emin+1: -3.061377e-01, e+1:  2.847543e+03, T: 3.9811e-01, no:       0, try: 756000000000
emin+1: -3.185059e-01, e+1:  1.910910e+03, T: 2.9829e-01, no:       0, try: 945000000000
emin+1: -3.185059e-01, e+1:  1.367676e+03, T: 2.5119e-01, no:       5, try: 1134000000000
emin+1: -3.185059e-01, e+1:  9.593476e+02, T: 1.8821e-01, no:       0, try: 1323000000000
emin+1: -3.297927e-01, e+1:  7.001732e+02, T: 1.5849e-01, no:       0, try: 1512000000000
emin+1: -3.297927e-01, e+1:  4.952004e+02, T: 1.1875e-01, no:       1, try: 1701000000000
emin+1: -3.297927e-01, e+1:  3.627070e+02, T: 1.0000e-01, no:       3, try: 1890000000000
emin+1: -3.423929e-01, e+1:  2.535666e+02, T: 7.4928e-02, no:       2, try: 2079000000000
emin+1: -3.624042e-01, e+1:  1.829532e+02, T: 6.3096e-02, no:       0, try: 2268000000000
emin+1: -3.624042e-01, e+1:  1.254736e+02, T: 4.7276e-02, no:       0, try: 2457000000000
emin+1: -3.691287e-01, e+1:  8.891182e+01, T: 3.9811e-02, no:       1, try: 2646000000000
emin+1: -3.893380e-01, e+1:  6.007107e+01, T: 2.9829e-02, no:       1, try: 2835000000000
emin+1: -3.965448e-01, e+1: -4.329038e+01, T: 2.5119e-02, no:       2, try: 3024000000000
emin+1: -4.054525e-01, e+1: -1.243168e+02, T: 1.8821e-02, no:       0, try: 3213000000000
emin+1: -4.093731e-01, e+1:  9.615429e+01, T: 1.5849e-02, no:       0, try: 3402000000000
emin+1: -4.132764e-01, e+1: -2.086842e+02, T: 1.1875e-02, no:       0, try: 3591000000000
emin+1: -4.159675e-01, e+1: -4.934591e+01, T: 1.0000e-02, no:       1, try: 3780000000000
emin+1: -4.159675e-01, e+1:  1.487754e+02, T: 7.4928e-03, no:       0, try: 3969000000000
emin+1: -4.169933e-01, e+1: -1.074037e+02, T: 6.3096e-03, no:       1, try: 4158000000000
emin+1: -4.192645e-01, e+1:  5.545600e+01, T: 4.7276e-03, no:       1, try: 4347000000000
emin+1: -4.200381e-01, e+1:  4.158321e+02, T: 3.9811e-03, no:       1, try: 4536000000000
emin+1: -4.200381e-01, e+1: -8.037918e+01, T: 2.9829e-03, no:       0, try: 4725000000000
emin+1: -4.214772e-01, e+1:  6.628817e+01, T: 2.5119e-03, no:       0, try: 4914000000000
emin+1: -4.217964e-01, e+1: -8.839069e+02, T: 1.8821e-03, no:       0, try: 5103000000000
emin+1: -4.226790e-01, e+1: -4.441550e+01, T: 1.5849e-03, no:       0, try: 5292000000000
emin+1: -4.226790e-01, e+1:  1.226841e+02, T: 1.1875e-03, no:       1, try: 5481000000000
emin+1: -4.233851e-01, e+1: -6.623053e+01, T: 1.0000e-03, no:       0, try: 5670000000000
emin+1: -4.236115e-01, e+1:  4.759204e+01, T: 7.4928e-04, no:       3, try: 5859000000000
emin+1: -4.238831e-01, e+1:  1.929277e+02, T: 6.3096e-04, no:       1, try: 6048000000000
emin+1: -4.240322e-01, e+1: -2.751789e+02, T: 4.7276e-04, no:       0, try: 6237000000000
emin+1: -4.241521e-01, e+1: -4.814795e+01, T: 3.9811e-04, no:       5, try: 6426000000000
emin+1: -4.243294e-01, e+1:  3.174629e+01, T: 2.9829e-04, no:       7, try: 6615000000000
emin+1: -4.244592e-01, e+1:  1.511666e+02, T: 2.5119e-04, no:       1, try: 6804000000000
emin+1: -4.245337e-01, e+1: -4.441774e+01, T: 1.8821e-04, no:       2, try: 6993000000000
emin+1: -4.246031e-01, e+1:  3.481686e+01, T: 1.5849e-04, no:       1, try: 7182000000000
emin+1: -4.247161e-01, e+1: -1.201015e+02, T: 1.1875e-04, no:       0, try: 7371000000000
emin+1: -4.247161e-01, e+1:  2.224352e+01, T: 1.0000e-04, no:       3, try: 7560000000000
emin+1: -4.247570e-01, e+1: -2.773681e+02, T: 7.4928e-05, no:       0, try: 7749000000000
emin+1: -4.247791e-01, e+1:  1.928914e+01, T: 6.3096e-05, no:       0, try: 7938000000000
emin+1: -4.247908e-01, e+1: -7.213645e+01, T: 4.7276e-05, no:       4, try: 8127000000000
emin+1: -4.248068e-01, e+1:  2.268269e+01, T: 3.9811e-05, no:       5, try: 8316000000000
emin+1: -4.248260e-01, e+1: -2.055130e+01, T: 2.9829e-05, no:      22, try: 8505000000000
emin+1: -4.248326e-01, e+1:  7.878582e+01, T: 2.5119e-05, no:      31, try: 8694000000000
emin+1: -4.248426e-01, e+1:  1.290379e+01, T: 1.8821e-05, no:      11, try: 8883000000000
emin+1: -4.248556e-01, e+1: -1.656703e+01, T: 1.5849e-05, no:      22, try: 9072000000000
emin+1: -4.248556e-01, e+1:  1.020133e+02, T: 1.1875e-05, no:      44, try: 9261000000000
emin+1: -4.248572e-01, e+1:  1.352755e+01, T: 1.0000e-05, no:       1, try: 9450000000000
emin+1: -4.248631e-01, e+1: -7.021582e+00, T: 7.4928e-06, no:      17, try: 9639000000000
emin+1: -4.248647e-01, e+1: -1.420023e+01, T: 6.3096e-06, no:      53, try: 9828000000000
emin+1: -4.248668e-01, e+1:  1.897444e+02, T: 4.7276e-06, no:       6, try: 10017000000000
emin+1: -4.248700e-01, e+1:  1.349455e+01, T: 3.9811e-06, no:       3, try: 10206000000000
emin+1: -4.248722e-01, e+1:  6.878567e+00, T: 2.9829e-06, no:      23, try: 10395000000000
emin+1: -4.248722e-01, e+1: -3.578375e+00, T: 2.5119e-06, no:      57, try: 10584000000000
emin+1: -4.248738e-01, e+1: -5.206114e+00, T: 1.8821e-06, no:       0, try: 10773000000000
emin+1: -4.248749e-01, e+1: -8.897732e+00, T: 1.5849e-06, no:      81, try: 10962000000000
emin+1: -4.248755e-01, e+1: -3.425759e+01, T: 1.1875e-06, no:     173, try: 11151000000000
emin+1: -4.248757e-01, e+1:  2.197276e+01, T: 1.0000e-06, no:      26, try: 11340000000000

Last chain: -1.424861277826572549735743844e+00
Best chain: -1.424875919439263728151490174e+00 (-1.424875919439263728151490174e+00)

