3 7
emin+1:  0.000000e+00, e+1:  0.000000e+00, T: 1.0000e+00
emin+1: -2.016007e-01, e+1:  2.484192e-01, T: 7.4928e-01, no:       0, try:    189000000
emin+1: -2.016007e-01, e+1:  2.466746e-01, T: 6.3096e-01, no:       1, try:    378000000
emin+1: -2.036914e-01, e+1:  2.444448e-01, T: 4.7276e-01, no:       0, try:    567000000
emin+1: -2.036914e-01, e+1:  2.418057e-01, T: 3.9811e-01, no:       0, try:    756000000
emin+1: -2.048351e-01, e+1:  2.380505e-01, T: 2.9829e-01, no:       0, try:    945000000
emin+1: -2.194139e-01, e+1:  2.338617e-01, T: 2.5119e-01, no:       2, try:   1134000000
emin+1: -2.194139e-01, e+1:  2.279686e-01, T: 1.8821e-01, no:       0, try:   1323000000
emin+1: -2.287085e-01, e+1:  2.205895e-01, T: 1.5849e-01, no:       0, try:   1512000000
emin+1: -3.035845e-01, e+1:  2.103591e-01, T: 1.1875e-01, no:       0, try:   1701000000
emin+1: -3.035845e-01, e+1:  1.982196e-01, T: 1.0000e-01, no:       1, try:   1890000000
emin+1: -3.035845e-01, e+1:  1.808592e-01, T: 7.4928e-02, no:       1, try:   2079000000
emin+1: -3.035845e-01, e+1:  1.606676e-01, T: 6.3096e-02, no:       0, try:   2268000000
emin+1: -3.035845e-01, e+1:  1.315533e-01, T: 4.7276e-02, no:       2, try:   2457000000
emin+1: -3.125753e-01, e+1:  9.844125e-02, T: 3.9811e-02, no:       0, try:   2646000000
emin+1: -3.537298e-01, e+1:  5.407242e-02, T: 2.9829e-02, no:       1, try:   2835000000
emin+1: -3.724254e-01, e+1:  5.812108e-03, T: 2.5119e-02, no:       3, try:   3024000000
emin+1: -3.827207e-01, e+1: -5.980699e-02, T: 1.8821e-02, no:       1, try:   3213000000
emin+1: -4.000723e-01, e+1: -1.320654e-01, T: 1.5849e-02, no:       2, try:   3402000000
emin+1: -4.038831e-01, e+1: -2.133404e-01, T: 1.1875e-02, no:       1, try:   3591000000
emin+1: -4.073172e-01, e+1: -2.715288e-01, T: 1.0000e-02, no:       0, try:   3780000000
emin+1: -4.098168e-01, e+1: -3.112686e-01, T: 7.4928e-03, no:       1, try:   3969000000
emin+1: -4.123823e-01, e+1: -3.378310e-01, T: 6.3096e-03, no:       1, try:   4158000000
emin+1: -4.139809e-01, e+1: -3.577603e-01, T: 4.7276e-03, no:       1, try:   4347000000
emin+1: -4.161123e-01, e+1: -3.719687e-01, T: 3.9811e-03, no:       9, try:   4536000000
emin+1: -4.176344e-01, e+1: -3.832255e-01, T: 2.9829e-03, no:       0, try:   4725000000
emin+1: -4.177153e-01, e+1: -3.911204e-01, T: 2.5119e-03, no:       1, try:   4914000000
emin+1: -4.185761e-01, e+1: -3.973479e-01, T: 1.8821e-03, no:       0, try:   5103000000
emin+1: -4.198915e-01, e+1: -4.018475e-01, T: 1.5849e-03, no:       1, try:   5292000000
emin+1: -4.210907e-01, e+1: -4.054838e-01, T: 1.1875e-03, no:       0, try:   5481000000
emin+1: -4.213829e-01, e+1: -4.082543e-01, T: 1.0000e-03, no:       1, try:   5670000000
emin+1: -4.223464e-01, e+1: -4.108375e-01, T: 7.4928e-04, no:       9, try:   5859000000
emin+1: -4.229668e-01, e+1: -4.133141e-01, T: 6.3096e-04, no:       8, try:   6048000000
emin+1: -4.233702e-01, e+1: -4.158627e-01, T: 4.7276e-04, no:      17, try:   6237000000
emin+1: -4.235392e-01, e+1: -4.178962e-01, T: 3.9811e-04, no:       2, try:   6426000000
emin+1: -4.238906e-01, e+1: -4.194123e-01, T: 2.9829e-04, no:       0, try:   6615000000
emin+1: -4.241974e-01, e+1: -4.205024e-01, T: 2.5119e-04, no:       7, try:   6804000000
emin+1: -4.242698e-01, e+1: -4.214308e-01, T: 1.8821e-04, no:       1, try:   6993000000
emin+1: -4.244491e-01, e+1: -4.221190e-01, T: 1.5849e-04, no:       1, try:   7182000000
emin+1: -4.245051e-01, e+1: -4.227054e-01, T: 1.1875e-04, no:      13, try:   7371000000
emin+1: -4.246057e-01, e+1: -4.231539e-01, T: 1.0000e-04, no:       2, try:   7560000000
emin+1: -4.246687e-01, e+1: -4.235170e-01, T: 7.4928e-05, no:       5, try:   7749000000
emin+1: -4.246919e-01, e+1: -4.237950e-01, T: 6.3096e-05, no:       4, try:   7938000000
emin+1: -4.247213e-01, e+1: -4.240225e-01, T: 4.7276e-05, no:       4, try:   8127000000
emin+1: -4.247431e-01, e+1: -4.241964e-01, T: 3.9811e-05, no:      10, try:   8316000000
emin+1: -4.247916e-01, e+1: -4.243386e-01, T: 2.9829e-05, no:       0, try:   8505000000
emin+1: -4.247995e-01, e+1: -4.244469e-01, T: 2.5119e-05, no:       3, try:   8694000000
emin+1: -4.248210e-01, e+1: -4.245366e-01, T: 1.8821e-05, no:      64, try:   8883000000
emin+1: -4.248291e-01, e+1: -4.246062e-01, T: 1.5849e-05, no:       9, try:   9072000000
emin+1: -4.248347e-01, e+1: -4.246630e-01, T: 1.1875e-05, no:      20, try:   9261000000
emin+1: -4.248465e-01, e+1: -4.247065e-01, T: 1.0000e-05, no:       0, try:   9450000000
emin+1: -4.248553e-01, e+1: -4.247418e-01, T: 7.4928e-06, no:      22, try:   9639000000
emin+1: -4.248556e-01, e+1: -4.247693e-01, T: 6.3096e-06, no:       6, try:   9828000000
emin+1: -4.248607e-01, e+1: -4.247920e-01, T: 4.7276e-06, no:       1, try:  10017000000
emin+1: -4.248654e-01, e+1: -4.248093e-01, T: 3.9811e-06, no:      11, try:  10206000000
emin+1: -4.248683e-01, e+1: -4.248237e-01, T: 2.9829e-06, no:       0, try:  10395000000
emin+1: -4.248696e-01, e+1: -4.248345e-01, T: 2.5119e-06, no:      34, try:  10584000000
emin+1: -4.248700e-01, e+1: -4.248436e-01, T: 1.8821e-06, no:     130, try:  10773000000
emin+1: -4.248720e-01, e+1: -4.248504e-01, T: 1.5849e-06, no:     191, try:  10962000000
emin+1: -4.248738e-01, e+1: -4.248562e-01, T: 1.1875e-06, no:      21, try:  11151000000
emin+1: -4.248745e-01, e+1: -4.248604e-01, T: 1.0000e-06, no:      15, try:  11340000000
emin+1: -4.248745e-01, e+1: -4.248641e-01, T: 7.4928e-07, no:     107, try:  11529000000
emin+1: -4.248751e-01, e+1: -4.248668e-01, T: 6.3096e-07, no:      41, try:  11718000000
emin+1: -4.248763e-01, e+1: -4.248690e-01, T: 4.7276e-07, no:     121, try:  11907000000
emin+1: -4.248763e-01, e+1: -4.248708e-01, T: 3.9811e-07, no:      12, try:  12096000000
emin+1: -4.248766e-01, e+1: -4.248723e-01, T: 2.9829e-07, no:      44, try:  12285000000
emin+1: -4.248769e-01, e+1: -4.248733e-01, T: 2.5119e-07, no:     236, try:  12474000000
emin+1: -4.248769e-01, e+1: -4.248742e-01, T: 1.8821e-07, no:      31, try:  12663000000
emin+1: -4.248771e-01, e+1: -4.248749e-01, T: 1.5849e-07, no:      35, try:  12852000000
emin+1: -4.248772e-01, e+1: -4.248755e-01, T: 1.1875e-07, no:       7, try:  13041000000
emin+1: -4.248772e-01, e+1: -4.248759e-01, T: 1.0000e-07, no:      38, try:  13230000000
emin+1: -4.248773e-01, e+1: -4.248763e-01, T: 7.4928e-08, no:       0, try:  13419000000
emin+1: -4.248774e-01, e+1: -4.248766e-01, T: 6.3096e-08, no:       2, try:  13608000000
emin+1: -4.248775e-01, e+1: -4.248768e-01, T: 4.7276e-08, no:     467, try:  13797000000
emin+1: -4.248775e-01, e+1: -4.248770e-01, T: 3.9811e-08, no:     283, try:  13986000000
emin+1: -4.248775e-01, e+1: -4.248771e-01, T: 2.9829e-08, no:      11, try:  14175000000
emin+1: -4.248776e-01, e+1: -4.248772e-01, T: 2.5119e-08, no:      71, try:  14364000000
emin+1: -4.248776e-01, e+1: -4.248773e-01, T: 1.8821e-08, no:     197, try:  14553000000
emin+1: -4.248776e-01, e+1: -4.248774e-01, T: 1.5849e-08, no:     152, try:  14742000000
emin+1: -4.248776e-01, e+1: -4.248775e-01, T: 1.1875e-08, no:     345, try:  14931000000
emin+1: -4.248776e-01, e+1: -4.248775e-01, T: 1.0000e-08, no:     376, try:  15120000000
emin+1: -4.248776e-01, e+1: -4.248775e-01, T: 7.4928e-09, no:     360, try:  15309000000
emin+1: -4.248776e-01, e+1: -4.248776e-01, T: 6.3096e-09, no:     378, try:  15498000000
emin+1: -4.248776e-01, e+1: -4.248776e-01, T: 4.7276e-09, no:     336, try:  15687000000
emin+1: -4.248777e-01, e+1: -4.248776e-01, T: 3.9811e-09, no:     772, try:  15876000000
emin+1: -4.248777e-01, e+1: -4.248776e-01, T: 2.9829e-09, no:    2360, try:  16065000000
emin+1: -4.248777e-01, e+1: -4.248776e-01, T: 2.5119e-09, no:    1049, try:  16254000000
emin+1: -4.248777e-01, e+1: -4.248776e-01, T: 1.8821e-09, no:    2239, try:  16443000000
emin+1: -4.248777e-01, e+1: -4.248776e-01, T: 1.5849e-09, no:     255, try:  16632000000
emin+1: -4.248777e-01, e+1: -4.248776e-01, T: 1.1875e-09, no:      16, try:  16821000000
emin+1: -4.248777e-01, e+1: -4.248777e-01, T: 1.0000e-09, no:    2556, try:  17010000000
emin+1: -4.248777e-01, e+1: -4.248777e-01, T: 7.4928e-10, no:    1360, try:  17199000000
emin+1: -4.248777e-01, e+1: -4.248777e-01, T: 6.3096e-10, no:     243, try:  17388000000
emin+1: -4.248777e-01, e+1: -4.248777e-01, T: 4.7276e-10, no:    3472, try:  17577000000
emin+1: -4.248777e-01, e+1: -4.248777e-01, T: 3.9811e-10, no:    2720, try:  17766000000
emin+1: -4.248777e-01, e+1: -4.248777e-01, T: 2.9829e-10, no:    4109, try:  17955000000
emin+1: -4.248777e-01, e+1: -4.248777e-01, T: 2.5119e-10, no:     410, try:  18144000000
emin+1: -4.248777e-01, e+1: -4.248777e-01, T: 1.8821e-10, no:    3368, try:  18333000000
emin+1: -4.248777e-01, e+1: -4.248777e-01, T: 1.5849e-10, no:    2873, try:  18522000000
emin+1: -4.248777e-01, e+1: -4.248777e-01, T: 1.1875e-10, no:    4744, try:  18711000000
emin+1: -4.248777e-01, e+1: -4.248777e-01, T: 1.0000e-10, no:    3800, try:  18900000000
emin+1: -4.248777e-01, e+1: -4.248777e-01, T: 7.4928e-11, no:    1077, try:  19089000000
emin+1: -4.248777e-01, e+1: -4.248777e-01, T: 6.3096e-11, no:    4092, try:  19278000000
emin+1: -4.248777e-01, e+1: -4.248777e-01, T: 4.7276e-11, no:    3619, try:  19467000000
emin+1: -4.248777e-01, e+1: -4.248777e-01, T: 3.9811e-11, no:    4267, try:  19656000000
emin+1: -4.248777e-01, e+1: -4.248777e-01, T: 2.9829e-11, no:    1855, try:  19845000000
emin+1: -4.248777e-01, e+1: -4.248777e-01, T: 2.5119e-11, no:    1940, try:  20034000000
emin+1: -4.248777e-01, e+1: -4.248777e-01, T: 1.8821e-11, no:    2400, try:  20223000000
emin+1: -4.248777e-01, e+1: -4.248777e-01, T: 1.5849e-11, no:   11852, try:  20412000000
emin+1: -4.248777e-01, e+1: -4.248777e-01, T: 1.1875e-11, no:    3171, try:  20601000000
emin+1: -4.248777e-01, e+1: -4.248777e-01, T: 1.0000e-11, no:    2249, try:  20790000000
emin+1: -4.248777e-01, e+1: -4.248777e-01, T: 7.4928e-12, no:   41789, try:  20979000000
emin+1: -4.248777e-01, e+1: -4.248777e-01, T: 6.3096e-12, no:   22434, try:  21168000000
emin+1: -4.248777e-01, e+1: -4.248777e-01, T: 4.7276e-12, no:  116398, try:  21357000000
emin+1: -4.248777e-01, e+1: -4.248777e-01, T: 3.9811e-12, no:   68384, try:  21546000000
emin+1: -4.248777e-01, e+1: -4.248777e-01, T: 2.9829e-12, no:   43432, try:  21735000000
emin+1: -4.248777e-01, e+1: -4.248777e-01, T: 2.5119e-12, no:    9751, try:  21924000000
emin+1: -4.248777e-01, e+1: -4.248777e-01, T: 1.8821e-12, no:   10569, try:  22113000000
emin+1: -4.248777e-01, e+1: -4.248777e-01, T: 1.5849e-12, no:   61967, try:  22302000000
emin+1: -4.248777e-01, e+1: -4.248777e-01, T: 1.1875e-12, no:   63554, try:  22491000000
emin+1: -4.248777e-01, e+1: -4.248777e-01, T: 1.0000e-12, no:   15085, try:  22680000000
emin+1: -4.248777e-01, e+1: -4.248777e-01, T: 7.4928e-13, no:   45362, try:  22869000000
emin+1: -4.248777e-01, e+1: -4.248777e-01, T: 6.3096e-13, no:   10308, try:  23058000000
emin+1: -4.248777e-01, e+1: -4.248777e-01, T: 4.7276e-13, no:  170924, try:  23247000000
emin+1: -4.248777e-01, e+1: -4.248777e-01, T: 3.9811e-13, no:  120676, try:  23436000000
emin+1: -4.248777e-01, e+1: -4.248777e-01, T: 2.9829e-13, no:  282178, try:  23625000000
emin+1: -4.248777e-01, e+1: -4.248777e-01, T: 2.5119e-13, no:   40334, try:  23814000000
emin+1: -4.248777e-01, e+1: -4.248777e-01, T: 1.8821e-13, no:  135148, try:  24003000000
emin+1: -4.248777e-01, e+1: -4.248777e-01, T: 1.5849e-13, no:   13690, try:  24192000000
emin+1: -4.248777e-01, e+1: -4.248777e-01, T: 1.1875e-13, no:   12334, try:  24381000000
emin+1: -4.248777e-01, e+1: -4.248777e-01, T: 1.0000e-13, no:    9578, try:  24570000000
emin+1: -4.248777e-01, e+1: -4.248777e-01, T: 7.4928e-14, no:  655032, try:  24759000000
emin+1: -4.248777e-01, e+1: -4.248777e-01, T: 6.3096e-14, no:   54925, try:  24948000000
emin+1: -4.248777e-01, e+1: -4.248777e-01, T: 4.7276e-14, no:  312347, try:  25137000000
emin+1: -4.248777e-01, e+1: -4.248777e-01, T: 3.9811e-14, no:   56490, try:  25326000000
emin+1: -4.248777e-01, e+1: -4.248777e-01, T: 2.9829e-14, no:  191750, try:  25515000000
emin+1: -4.248777e-01, e+1: -4.248777e-01, T: 2.5119e-14, no:  108117, try:  25704000000
emin+1: -4.248777e-01, e+1: -4.248777e-01, T: 1.8821e-14, no:   64293, try:  25893000000
emin+1: -4.248777e-01, e+1: -4.248777e-01, T: 1.5849e-14, no:   24317, try:  26082000000
emin+1: -4.248777e-01, e+1: -4.248777e-01, T: 1.1875e-14, no:   42250, try:  26271000000
emin+1: -4.248777e-01, e+1: -4.248777e-01, T: 1.0000e-14, no:  266838, try:  26460000000
emin+1: -4.248777e-01, e+1: -4.248777e-01, T: 7.4928e-15, no:  306550, try:  26649000000
emin+1: -4.248777e-01, e+1: -4.248777e-01, T: 6.3096e-15, no:    1941, try:  26838000000
emin+1: -4.248777e-01, e+1: -4.248777e-01, T: 4.7276e-15, no:  123909, try:  27027000000
emin+1: -4.248777e-01, e+1: -4.248777e-01, T: 3.9811e-15, no:  129298, try:  27216000000
emin+1: -4.248777e-01, e+1: -4.248777e-01, T: 2.9829e-15, no:    9927, try:  27405000000
emin+1: -4.248777e-01, e+1: -4.248777e-01, T: 2.5119e-15, no:   99469, try:  27594000000
emin+1: -4.248777e-01, e+1: -4.248777e-01, T: 1.8821e-15, no:   76205, try:  27783000000
emin+1: -4.248777e-01, e+1: -4.248777e-01, T: 1.5849e-15, no:  119834, try:  27972000000
emin+1: -4.248777e-01, e+1: -4.248777e-01, T: 1.1875e-15, no:  151535, try:  28161000000
emin+1: -4.248777e-01, e+1: -4.248777e-01, T: 1.0000e-15, no:  151548, try:  28350000000

Last chain: -1.424877667870073819512272140e+00
Best chain: -1.424877667870073819512272140e+00 (-1.424877667870073819512272140e+00)

Error: length:  0.000000000000000000000000000e+00, angle:  0.000000000000000000000000000e+00


Last chain: -1.424877667870073819512272140e+00
Best chain: -1.424877667870073819512272140e+00 (-1.424877667870073819512272140e+00)

Error: length:  0.000000000000000000000000000e+00, angle:  0.000000000000000000000000000e+00


