3 7
emin+1:  0.000000e+00, e+1:  0.000000e+00, T: 1.0000e+00
emin+1: -2.000682e-01, e+1:  2.481178e-01, T: 7.4928e-01, no:       0, try:     18900000
emin+1: -2.000682e-01, e+1:  2.468987e-01, T: 6.3096e-01, no:       0, try:     37800000
emin+1: -2.000682e-01, e+1:  2.441582e-01, T: 4.7276e-01, no:       0, try:     56700000
emin+1: -2.000682e-01, e+1:  2.419719e-01, T: 3.9811e-01, no:       1, try:     75600000
emin+1: -2.000682e-01, e+1:  2.384370e-01, T: 2.9829e-01, no:       0, try:     94500000
emin+1: -2.000682e-01, e+1:  2.334844e-01, T: 2.5119e-01, no:       1, try:    113400000
emin+1: -2.000682e-01, e+1:  2.287382e-01, T: 1.8821e-01, no:       0, try:    132300000
emin+1: -2.000682e-01, e+1:  2.211709e-01, T: 1.5849e-01, no:       0, try:    151200000
emin+1: -2.001095e-01, e+1:  2.106487e-01, T: 1.1875e-01, no:       1, try:    170100000
emin+1: -2.104215e-01, e+1:  1.986413e-01, T: 1.0000e-01, no:       3, try:    189000000
emin+1: -2.841426e-01, e+1:  1.800597e-01, T: 7.4928e-02, no:       1, try:    207900000
emin+1: -2.841426e-01, e+1:  1.606239e-01, T: 6.3096e-02, no:       2, try:    226800000
emin+1: -3.103488e-01, e+1:  1.312667e-01, T: 4.7276e-02, no:       1, try:    245700000
emin+1: -3.103488e-01, e+1:  9.839613e-02, T: 3.9811e-02, no:       1, try:    264600000
emin+1: -3.103488e-01, e+1:  5.597250e-02, T: 2.9829e-02, no:       0, try:    283500000
emin+1: -3.426858e-01, e+1:  6.902886e-03, T: 2.5119e-02, no:       1, try:    302400000
emin+1: -3.722288e-01, e+1: -5.991940e-02, T: 1.8821e-02, no:       0, try:    321300000
emin+1: -3.856619e-01, e+1: -1.308802e-01, T: 1.5849e-02, no:       0, try:    340200000
emin+1: -3.982601e-01, e+1: -2.132162e-01, T: 1.1875e-02, no:       0, try:    359100000
emin+1: -4.053796e-01, e+1: -2.698686e-01, T: 1.0000e-02, no:       1, try:    378000000
emin+1: -4.101320e-01, e+1: -3.116056e-01, T: 7.4928e-03, no:       0, try:    396900000
emin+1: -4.121497e-01, e+1: -3.378158e-01, T: 6.3096e-03, no:       2, try:    415800000
emin+1: -4.133577e-01, e+1: -3.579951e-01, T: 4.7276e-03, no:       2, try:    434700000
emin+1: -4.142422e-01, e+1: -3.720339e-01, T: 3.9811e-03, no:       0, try:    453600000
emin+1: -4.153063e-01, e+1: -3.831612e-01, T: 2.9829e-03, no:       2, try:    472500000
emin+1: -4.176324e-01, e+1: -3.911667e-01, T: 2.5119e-03, no:       2, try:    491400000
emin+1: -4.182078e-01, e+1: -3.974064e-01, T: 1.8821e-03, no:       0, try:    510300000
emin+1: -4.194674e-01, e+1: -4.019263e-01, T: 1.5849e-03, no:       5, try:    529200000
emin+1: -4.196477e-01, e+1: -4.054244e-01, T: 1.1875e-03, no:       1, try:    548100000
emin+1: -4.211002e-01, e+1: -4.082845e-01, T: 1.0000e-03, no:       1, try:    567000000
emin+1: -4.222265e-01, e+1: -4.108510e-01, T: 7.4928e-04, no:       4, try:    585900000
emin+1: -4.225889e-01, e+1: -4.134197e-01, T: 6.3096e-04, no:       0, try:    604800000
emin+1: -4.230661e-01, e+1: -4.159429e-01, T: 4.7276e-04, no:       0, try:    623700000
emin+1: -4.236294e-01, e+1: -4.179677e-01, T: 3.9811e-04, no:       9, try:    642600000
emin+1: -4.236576e-01, e+1: -4.193452e-01, T: 2.9829e-04, no:      12, try:    661500000
emin+1: -4.239953e-01, e+1: -4.205193e-01, T: 2.5119e-04, no:       4, try:    680400000
emin+1: -4.241185e-01, e+1: -4.214192e-01, T: 1.8821e-04, no:       0, try:    699300000
emin+1: -4.243526e-01, e+1: -4.221354e-01, T: 1.5849e-04, no:       5, try:    718200000
emin+1: -4.244025e-01, e+1: -4.226796e-01, T: 1.1875e-04, no:       8, try:    737100000
emin+1: -4.244822e-01, e+1: -4.231464e-01, T: 1.0000e-04, no:       6, try:    756000000
emin+1: -4.245897e-01, e+1: -4.235099e-01, T: 7.4928e-05, no:       9, try:    774900000
emin+1: -4.246327e-01, e+1: -4.237909e-01, T: 6.3096e-05, no:       3, try:    793800000
emin+1: -4.246785e-01, e+1: -4.240248e-01, T: 4.7276e-05, no:      16, try:    812700000
emin+1: -4.247229e-01, e+1: -4.241906e-01, T: 3.9811e-05, no:       0, try:    831600000
emin+1: -4.247625e-01, e+1: -4.243413e-01, T: 2.9829e-05, no:      11, try:    850500000
emin+1: -4.247758e-01, e+1: -4.244489e-01, T: 2.5119e-05, no:       7, try:    869400000
emin+1: -4.248004e-01, e+1: -4.245390e-01, T: 1.8821e-05, no:       6, try:    888300000
emin+1: -4.248108e-01, e+1: -4.246071e-01, T: 1.5849e-05, no:       3, try:    907200000
emin+1: -4.248284e-01, e+1: -4.246625e-01, T: 1.1875e-05, no:       8, try:    926100000
emin+1: -4.248351e-01, e+1: -4.247063e-01, T: 1.0000e-05, no:       6, try:    945000000
emin+1: -4.248449e-01, e+1: -4.247418e-01, T: 7.4928e-06, no:      14, try:    963900000
emin+1: -4.248504e-01, e+1: -4.247687e-01, T: 6.3096e-06, no:      16, try:    982800000
emin+1: -4.248595e-01, e+1: -4.247935e-01, T: 4.7276e-06, no:      19, try:   1001700000
emin+1: -4.248641e-01, e+1: -4.248102e-01, T: 3.9811e-06, no:       2, try:   1020600000
emin+1: -4.248676e-01, e+1: -4.248236e-01, T: 2.9829e-06, no:      49, try:   1039500000
emin+1: -4.248676e-01, e+1: -4.248342e-01, T: 2.5119e-06, no:       4, try:   1058400000
emin+1: -4.248710e-01, e+1: -4.248435e-01, T: 1.8821e-06, no:      50, try:   1077300000
emin+1: -4.248710e-01, e+1: -4.248507e-01, T: 1.5849e-06, no:      16, try:   1096200000
emin+1: -4.248721e-01, e+1: -4.248558e-01, T: 1.1875e-06, no:      21, try:   1115100000
emin+1: -4.248733e-01, e+1: -4.248601e-01, T: 1.0000e-06, no:       5, try:   1134000000
emin+1: -4.248750e-01, e+1: -4.248638e-01, T: 7.4928e-07, no:      56, try:   1152900000
emin+1: -4.248753e-01, e+1: -4.248667e-01, T: 6.3096e-07, no:       1, try:   1171800000
emin+1: -4.248756e-01, e+1: -4.248692e-01, T: 4.7276e-07, no:      10, try:   1190700000
emin+1: -4.248756e-01, e+1: -4.248706e-01, T: 3.9811e-07, no:      22, try:   1209600000
emin+1: -4.248765e-01, e+1: -4.248723e-01, T: 2.9829e-07, no:      80, try:   1228500000
emin+1: -4.248767e-01, e+1: -4.248732e-01, T: 2.5119e-07, no:      59, try:   1247400000
emin+1: -4.248767e-01, e+1: -4.248743e-01, T: 1.8821e-07, no:     166, try:   1266300000
emin+1: -4.248770e-01, e+1: -4.248749e-01, T: 1.5849e-07, no:     426, try:   1285200000
emin+1: -4.248770e-01, e+1: -4.248755e-01, T: 1.1875e-07, no:      21, try:   1304100000
emin+1: -4.248772e-01, e+1: -4.248760e-01, T: 1.0000e-07, no:     618, try:   1323000000
emin+1: -4.248773e-01, e+1: -4.248764e-01, T: 7.4928e-08, no:      27, try:   1341900000
emin+1: -4.248774e-01, e+1: -4.248766e-01, T: 6.3096e-08, no:     255, try:   1360800000
emin+1: -4.248775e-01, e+1: -4.248768e-01, T: 4.7276e-08, no:      58, try:   1379700000
emin+1: -4.248775e-01, e+1: -4.248770e-01, T: 3.9811e-08, no:     439, try:   1398600000
emin+1: -4.248775e-01, e+1: -4.248771e-01, T: 2.9829e-08, no:      11, try:   1417500000
emin+1: -4.248775e-01, e+1: -4.248772e-01, T: 2.5119e-08, no:     424, try:   1436400000
emin+1: -4.248776e-01, e+1: -4.248773e-01, T: 1.8821e-08, no:     733, try:   1455300000
emin+1: -4.248776e-01, e+1: -4.248774e-01, T: 1.5849e-08, no:     316, try:   1474200000
emin+1: -4.248776e-01, e+1: -4.248775e-01, T: 1.1875e-08, no:       3, try:   1493100000
emin+1: -4.248776e-01, e+1: -4.248775e-01, T: 1.0000e-08, no:    1460, try:   1512000000
emin+1: -4.248776e-01, e+1: -4.248775e-01, T: 7.4928e-09, no:     816, try:   1530900000
emin+1: -4.248776e-01, e+1: -4.248776e-01, T: 6.3096e-09, no:    2854, try:   1549800000
emin+1: -4.248776e-01, e+1: -4.248776e-01, T: 4.7276e-09, no:     119, try:   1568700000
emin+1: -4.248776e-01, e+1: -4.248776e-01, T: 3.9811e-09, no:     417, try:   1587600000
emin+1: -4.248777e-01, e+1: -4.248776e-01, T: 2.9829e-09, no:     920, try:   1606500000
emin+1: -4.248777e-01, e+1: -4.248776e-01, T: 2.5119e-09, no:     549, try:   1625400000
emin+1: -4.248777e-01, e+1: -4.248776e-01, T: 1.8821e-09, no:    1137, try:   1644300000
emin+1: -4.248777e-01, e+1: -4.248776e-01, T: 1.5849e-09, no:     227, try:   1663200000
emin+1: -4.248777e-01, e+1: -4.248776e-01, T: 1.1875e-09, no:    3219, try:   1682100000
emin+1: -4.248777e-01, e+1: -4.248777e-01, T: 1.0000e-09, no:    3024, try:   1701000000
emin+1: -4.248777e-01, e+1: -4.248777e-01, T: 7.4928e-10, no:    2413, try:   1719900000
emin+1: -4.248777e-01, e+1: -4.248777e-01, T: 6.3096e-10, no:    2577, try:   1738800000
emin+1: -4.248777e-01, e+1: -4.248777e-01, T: 4.7276e-10, no:    5133, try:   1757700000
emin+1: -4.248777e-01, e+1: -4.248777e-01, T: 3.9811e-10, no:     720, try:   1776600000
emin+1: -4.248777e-01, e+1: -4.248777e-01, T: 2.9829e-10, no:    4943, try:   1795500000
emin+1: -4.248777e-01, e+1: -4.248777e-01, T: 2.5119e-10, no:    4141, try:   1814400000
emin+1: -4.248777e-01, e+1: -4.248777e-01, T: 1.8821e-10, no:    3163, try:   1833300000
emin+1: -4.248777e-01, e+1: -4.248777e-01, T: 1.5849e-10, no:   10591, try:   1852200000
emin+1: -4.248777e-01, e+1: -4.248777e-01, T: 1.1875e-10, no:     145, try:   1871100000
emin+1: -4.248777e-01, e+1: -4.248777e-01, T: 1.0000e-10, no:    2093, try:   1890000000
emin+1: -4.248777e-01, e+1: -4.248777e-01, T: 7.4928e-11, no:    2125, try:   1908900000
emin+1: -4.248777e-01, e+1: -4.248777e-01, T: 6.3096e-11, no:   31515, try:   1927800000
emin+1: -4.248777e-01, e+1: -4.248777e-01, T: 4.7276e-11, no:   20570, try:   1946700000
emin+1: -4.248777e-01, e+1: -4.248777e-01, T: 3.9811e-11, no:     800, try:   1965600000
emin+1: -4.248777e-01, e+1: -4.248777e-01, T: 2.9829e-11, no:    2835, try:   1984500000
emin+1: -4.248777e-01, e+1: -4.248777e-01, T: 2.5119e-11, no:     891, try:   2003400000
emin+1: -4.248777e-01, e+1: -4.248777e-01, T: 1.8821e-11, no:    3828, try:   2022300000
emin+1: -4.248777e-01, e+1: -4.248777e-01, T: 1.5849e-11, no:   11699, try:   2041200000
emin+1: -4.248777e-01, e+1: -4.248777e-01, T: 1.1875e-11, no:   66135, try:   2060100000
emin+1: -4.248777e-01, e+1: -4.248777e-01, T: 1.0000e-11, no:   45572, try:   2079000000
emin+1: -4.248777e-01, e+1: -4.248777e-01, T: 7.4928e-12, no:    4141, try:   2097900000
emin+1: -4.248777e-01, e+1: -4.248777e-01, T: 6.3096e-12, no:    2804, try:   2116800000
emin+1: -4.248777e-01, e+1: -4.248777e-01, T: 4.7276e-12, no:   42376, try:   2135700000
emin+1: -4.248777e-01, e+1: -4.248777e-01, T: 3.9811e-12, no:    2628, try:   2154600000
emin+1: -4.248777e-01, e+1: -4.248777e-01, T: 2.9829e-12, no:    2471, try:   2173500000
emin+1: -4.248777e-01, e+1: -4.248777e-01, T: 2.5119e-12, no:   31204, try:   2192400000
emin+1: -4.248777e-01, e+1: -4.248777e-01, T: 1.8821e-12, no:   24348, try:   2211300000
emin+1: -4.248777e-01, e+1: -4.248777e-01, T: 1.5849e-12, no:    6560, try:   2230200000
emin+1: -4.248777e-01, e+1: -4.248777e-01, T: 1.1875e-12, no:    3149, try:   2249100000
emin+1: -4.248777e-01, e+1: -4.248777e-01, T: 1.0000e-12, no:    2239, try:   2268000000
emin+1: -4.248777e-01, e+1: -4.248777e-01, T: 7.4928e-13, no:   12477, try:   2286900000
emin+1: -4.248777e-01, e+1: -4.248777e-01, T: 6.3096e-13, no:   20226, try:   2305800000
emin+1: -4.248777e-01, e+1: -4.248777e-01, T: 4.7276e-13, no:    9533, try:   2324700000
emin+1: -4.248777e-01, e+1: -4.248777e-01, T: 3.9811e-13, no:   62491, try:   2343600000
emin+1: -4.248777e-01, e+1: -4.248777e-01, T: 2.9829e-13, no:   55753, try:   2362500000
emin+1: -4.248777e-01, e+1: -4.248777e-01, T: 2.5119e-13, no:   39485, try:   2381400000
emin+1: -4.248777e-01, e+1: -4.248777e-01, T: 1.8821e-13, no:   17029, try:   2400300000
emin+1: -4.248777e-01, e+1: -4.248777e-01, T: 1.5849e-13, no:   27112, try:   2419200000
emin+1: -4.248777e-01, e+1: -4.248777e-01, T: 1.1875e-13, no:   27519, try:   2438100000
emin+1: -4.248777e-01, e+1: -4.248777e-01, T: 1.0000e-13, no:   30021, try:   2457000000
emin+1: -4.248777e-01, e+1: -4.248777e-01, T: 7.4928e-14, no:    6184, try:   2475900000
emin+1: -4.248777e-01, e+1: -4.248777e-01, T: 6.3096e-14, no:   63158, try:   2494800000
emin+1: -4.248777e-01, e+1: -4.248777e-01, T: 4.7276e-14, no:   27641, try:   2513700000
emin+1: -4.248777e-01, e+1: -4.248777e-01, T: 3.9811e-14, no:   33330, try:   2532600000
emin+1: -4.248777e-01, e+1: -4.248777e-01, T: 2.9829e-14, no:  116878, try:   2551500000
emin+1: -4.248777e-01, e+1: -4.248777e-01, T: 2.5119e-14, no:   24071, try:   2570400000
emin+1: -4.248777e-01, e+1: -4.248777e-01, T: 1.8821e-14, no:   34225, try:   2589300000
emin+1: -4.248777e-01, e+1: -4.248777e-01, T: 1.5849e-14, no:   35339, try:   2608200000
emin+1: -4.248777e-01, e+1: -4.248777e-01, T: 1.1875e-14, no:   20433, try:   2627100000
emin+1: -4.248777e-01, e+1: -4.248777e-01, T: 1.0000e-14, no:    9940, try:   2646000000
emin+1: -4.248777e-01, e+1: -4.248777e-01, T: 7.4928e-15, no:    1564, try:   2664900000
emin+1: -4.248777e-01, e+1: -4.248777e-01, T: 6.3096e-15, no:   23698, try:   2683800000
emin+1: -4.248777e-01, e+1: -4.248777e-01, T: 4.7276e-15, no:    3484, try:   2702700000
emin+1: -4.248777e-01, e+1: -4.248777e-01, T: 3.9811e-15, no:    2330, try:   2721600000
emin+1: -4.248777e-01, e+1: -4.248777e-01, T: 2.9829e-15, no:   19115, try:   2740500000
emin+1: -4.248777e-01, e+1: -4.248777e-01, T: 2.5119e-15, no:    9753, try:   2759400000
emin+1: -4.248777e-01, e+1: -4.248777e-01, T: 1.8821e-15, no:   23803, try:   2778300000
emin+1: -4.248777e-01, e+1: -4.248777e-01, T: 1.5849e-15, no:   26425, try:   2797200000
emin+1: -4.248777e-01, e+1: -4.248777e-01, T: 1.1875e-15, no:   14820, try:   2816100000
emin+1: -4.248777e-01, e+1: -4.248777e-01, T: 1.0000e-15, no:     186, try:   2835000000

Last chain: -1.424877667866425288165435625e+00
Best chain: -1.424877667866425288599116494e+00 (-1.424877667866425288599116494e+00)

Error: length:  0.000000000000000000000000000e+00, angle:  0.000000000000000000000000000e+00


Last chain: -1.424877667866425288165435625e+00
Best chain: -1.424877667866425288599116494e+00 (-1.424877667866425288599116494e+00)

Error: length:  0.000000000000000000000000000e+00, angle:  0.000000000000000000000000000e+00


