2 5
emin+1:  0.000000e+00, e+1:  0.000000e+00, T: 1.0000e+00
emin+1: -4.040745e-01, e+1:  8.384482e-02, T: 7.4928e-01, no:       0, try:     30000000
emin+1: -4.108513e-01, e+1:  8.038211e-02, T: 6.3096e-01, no:       0, try:     60000000
emin+1: -4.252509e-01, e+1:  7.602942e-02, T: 4.7276e-01, no:       0, try:     90000000
emin+1: -4.252509e-01, e+1:  7.095349e-02, T: 3.9811e-01, no:       5, try:    120000000
emin+1: -4.252509e-01, e+1:  6.290354e-02, T: 2.9829e-01, no:       0, try:    150000000
emin+1: -4.252509e-01, e+1:  5.422835e-02, T: 2.5119e-01, no:       1, try:    180000000
emin+1: -4.252509e-01, e+1:  4.224796e-02, T: 1.8821e-01, no:       0, try:    210000000
emin+1: -4.389041e-01, e+1:  2.658041e-02, T: 1.5849e-01, no:       0, try:    240000000
emin+1: -4.389041e-01, e+1:  7.091093e-03, T: 1.1875e-01, no:       0, try:    270000000
emin+1: -4.389041e-01, e+1: -1.676693e-02, T: 1.0000e-01, no:       0, try:    300000000
emin+1: -4.389041e-01, e+1: -4.977572e-02, T: 7.4928e-02, no:       1, try:    330000000
emin+1: -4.389041e-01, e+1: -8.537366e-02, T: 6.3096e-02, no:       0, try:    360000000
emin+1: -4.411573e-01, e+1: -1.322626e-01, T: 4.7276e-02, no:       1, try:    390000000
emin+1: -4.425276e-01, e+1: -1.800556e-01, T: 3.9811e-02, no:       0, try:    420000000
emin+1: -4.456459e-01, e+1: -2.324117e-01, T: 2.9829e-02, no:       0, try:    450000000
emin+1: -4.478652e-01, e+1: -2.801914e-01, T: 2.5119e-02, no:       0, try:    480000000
emin+1: -4.487263e-01, e+1: -3.189957e-01, T: 1.8821e-02, no:       0, try:    510000000
emin+1: -4.511621e-01, e+1: -3.474764e-01, T: 1.5849e-02, no:       0, try:    540000000
emin+1: -4.535798e-01, e+1: -3.692408e-01, T: 1.1875e-02, no:       0, try:    570000000
emin+1: -4.535798e-01, e+1: -3.849535e-01, T: 1.0000e-02, no:       2, try:    600000000
emin+1: -4.549694e-01, e+1: -3.977131e-01, T: 7.4928e-03, no:       1, try:    630000000
emin+1: -4.549694e-01, e+1: -4.079455e-01, T: 6.3096e-03, no:       2, try:    660000000
emin+1: -4.559428e-01, e+1: -4.173014e-01, T: 4.7276e-03, no:       3, try:    690000000
emin+1: -4.559428e-01, e+1: -4.249790e-01, T: 3.9811e-03, no:       2, try:    720000000
emin+1: -4.561553e-01, e+1: -4.314409e-01, T: 2.9829e-03, no:       1, try:    750000000
emin+1: -4.564427e-01, e+1: -4.366454e-01, T: 2.5119e-03, no:       3, try:    780000000
emin+1: -4.569165e-01, e+1: -4.409634e-01, T: 1.8821e-03, no:       1, try:    810000000
emin+1: -4.569165e-01, e+1: -4.443925e-01, T: 1.5849e-03, no:       0, try:    840000000
emin+1: -4.570793e-01, e+1: -4.472753e-01, T: 1.1875e-03, no:       2, try:    870000000
emin+1: -4.571340e-01, e+1: -4.493743e-01, T: 1.0000e-03, no:      13, try:    900000000
emin+1: -4.574266e-01, e+1: -4.511832e-01, T: 7.4928e-04, no:       1, try:    930000000
emin+1: -4.574266e-01, e+1: -4.525353e-01, T: 6.3096e-04, no:       5, try:    960000000
emin+1: -4.575252e-01, e+1: -4.536106e-01, T: 4.7276e-04, no:       3, try:    990000000
emin+1: -4.575474e-01, e+1: -4.544400e-01, T: 3.9811e-04, no:       9, try:   1020000000
emin+1: -4.575592e-01, e+1: -4.551316e-01, T: 2.9829e-04, no:       2, try:   1050000000
emin+1: -4.575977e-01, e+1: -4.556591e-01, T: 2.5119e-04, no:       4, try:   1080000000
emin+1: -4.576706e-01, e+1: -4.560893e-01, T: 1.8821e-04, no:      22, try:   1110000000
emin+1: -4.576706e-01, e+1: -4.564204e-01, T: 1.5849e-04, no:       9, try:   1140000000
emin+1: -4.576854e-01, e+1: -4.566969e-01, T: 1.1875e-04, no:      20, try:   1170000000
emin+1: -4.576854e-01, e+1: -4.569012e-01, T: 1.0000e-04, no:      12, try:   1200000000
emin+1: -4.577085e-01, e+1: -4.570771e-01, T: 7.4928e-05, no:      11, try:   1230000000
emin+1: -4.577085e-01, e+1: -4.572096e-01, T: 6.3096e-05, no:      25, try:   1260000000
emin+1: -4.577086e-01, e+1: -4.573202e-01, T: 4.7276e-05, no:       7, try:   1290000000
emin+1: -4.577173e-01, e+1: -4.574022e-01, T: 3.9811e-05, no:      12, try:   1320000000
emin+1: -4.577173e-01, e+1: -4.574731e-01, T: 2.9829e-05, no:      50, try:   1350000000
emin+1: -4.577234e-01, e+1: -4.575254e-01, T: 2.5119e-05, no:      16, try:   1380000000
emin+1: -4.577299e-01, e+1: -4.575700e-01, T: 1.8821e-05, no:       1, try:   1410000000
emin+1: -4.577299e-01, e+1: -4.576033e-01, T: 1.5849e-05, no:       1, try:   1440000000
emin+1: -4.577305e-01, e+1: -4.576323e-01, T: 1.1875e-05, no:      19, try:   1470000000
emin+1: -4.577305e-01, e+1: -4.576534e-01, T: 1.0000e-05, no:     111, try:   1500000000
emin+1: -4.577328e-01, e+1: -4.576707e-01, T: 7.4928e-06, no:      38, try:   1530000000
emin+1: -4.577336e-01, e+1: -4.576843e-01, T: 6.3096e-06, no:     120, try:   1560000000
emin+1: -4.577346e-01, e+1: -4.576959e-01, T: 4.7276e-06, no:      55, try:   1590000000
emin+1: -4.577348e-01, e+1: -4.577042e-01, T: 3.9811e-06, no:     101, try:   1620000000
emin+1: -4.577357e-01, e+1: -4.577110e-01, T: 2.9829e-06, no:      64, try:   1650000000
emin+1: -4.577362e-01, e+1: -4.577167e-01, T: 2.5119e-06, no:       6, try:   1680000000
emin+1: -4.577367e-01, e+1: -4.577211e-01, T: 1.8821e-06, no:      10, try:   1710000000
emin+1: -4.577369e-01, e+1: -4.577244e-01, T: 1.5849e-06, no:      77, try:   1740000000
emin+1: -4.577369e-01, e+1: -4.577273e-01, T: 1.1875e-06, no:     104, try:   1770000000
emin+1: -4.577369e-01, e+1: -4.577295e-01, T: 1.0000e-06, no:      61, try:   1800000000
emin+1: -4.577371e-01, e+1: -4.577312e-01, T: 7.4928e-07, no:     165, try:   1830000000
emin+1: -4.577374e-01, e+1: -4.577327e-01, T: 6.3096e-07, no:      19, try:   1860000000
emin+1: -4.577376e-01, e+1: -4.577338e-01, T: 4.7276e-07, no:     183, try:   1890000000
emin+1: -4.577376e-01, e+1: -4.577346e-01, T: 3.9811e-07, no:     139, try:   1920000000
emin+1: -4.577377e-01, e+1: -4.577353e-01, T: 2.9829e-07, no:       3, try:   1950000000
emin+1: -4.577377e-01, e+1: -4.577358e-01, T: 2.5119e-07, no:      38, try:   1980000000
emin+1: -4.577378e-01, e+1: -4.577363e-01, T: 1.8821e-07, no:     252, try:   2010000000
emin+1: -4.577378e-01, e+1: -4.577366e-01, T: 1.5849e-07, no:      47, try:   2040000000
emin+1: -4.577378e-01, e+1: -4.577369e-01, T: 1.1875e-07, no:       4, try:   2070000000
emin+1: -4.577378e-01, e+1: -4.577371e-01, T: 1.0000e-07, no:     104, try:   2100000000
emin+1: -4.577379e-01, e+1: -4.577373e-01, T: 7.4928e-08, no:     461, try:   2130000000
emin+1: -4.577379e-01, e+1: -4.577374e-01, T: 6.3096e-08, no:     257, try:   2160000000
emin+1: -4.577379e-01, e+1: -4.577375e-01, T: 4.7276e-08, no:     963, try:   2190000000
emin+1: -4.577379e-01, e+1: -4.577376e-01, T: 3.9811e-08, no:     388, try:   2220000000
emin+1: -4.577379e-01, e+1: -4.577377e-01, T: 2.9829e-08, no:     887, try:   2250000000
emin+1: -4.577380e-01, e+1: -4.577378e-01, T: 2.5119e-08, no:     246, try:   2280000000
emin+1: -4.577380e-01, e+1: -4.577378e-01, T: 1.8821e-08, no:     688, try:   2310000000
emin+1: -4.577380e-01, e+1: -4.577378e-01, T: 1.5849e-08, no:      56, try:   2340000000
emin+1: -4.577380e-01, e+1: -4.577379e-01, T: 1.1875e-08, no:    1320, try:   2370000000
emin+1: -4.577380e-01, e+1: -4.577379e-01, T: 1.0000e-08, no:    2967, try:   2400000000
emin+1: -4.577380e-01, e+1: -4.577379e-01, T: 7.4928e-09, no:     166, try:   2430000000
emin+1: -4.577380e-01, e+1: -4.577379e-01, T: 6.3096e-09, no:     479, try:   2460000000
emin+1: -4.577380e-01, e+1: -4.577379e-01, T: 4.7276e-09, no:    2333, try:   2490000000
emin+1: -4.577380e-01, e+1: -4.577379e-01, T: 3.9811e-09, no:    4204, try:   2520000000
emin+1: -4.577380e-01, e+1: -4.577379e-01, T: 2.9829e-09, no:    4949, try:   2550000000
emin+1: -4.577380e-01, e+1: -4.577380e-01, T: 2.5119e-09, no:    1035, try:   2580000000
emin+1: -4.577380e-01, e+1: -4.577380e-01, T: 1.8821e-09, no:    1569, try:   2610000000
emin+1: -4.577380e-01, e+1: -4.577380e-01, T: 1.5849e-09, no:     414, try:   2640000000
emin+1: -4.577380e-01, e+1: -4.577380e-01, T: 1.1875e-09, no:    2351, try:   2670000000
emin+1: -4.577380e-01, e+1: -4.577380e-01, T: 1.0000e-09, no:    4027, try:   2700000000
emin+1: -4.577380e-01, e+1: -4.577380e-01, T: 7.4928e-10, no:    2086, try:   2730000000
emin+1: -4.577380e-01, e+1: -4.577380e-01, T: 6.3096e-10, no:    1322, try:   2760000000
emin+1: -4.577380e-01, e+1: -4.577380e-01, T: 4.7276e-10, no:    5069, try:   2790000000
emin+1: -4.577380e-01, e+1: -4.577380e-01, T: 3.9811e-10, no:      73, try:   2820000000
emin+1: -4.577380e-01, e+1: -4.577380e-01, T: 2.9829e-10, no:    2736, try:   2850000000
emin+1: -4.577380e-01, e+1: -4.577380e-01, T: 2.5119e-10, no:     508, try:   2880000000
emin+1: -4.577380e-01, e+1: -4.577380e-01, T: 1.8821e-10, no:     561, try:   2910000000
emin+1: -4.577380e-01, e+1: -4.577380e-01, T: 1.5849e-10, no:    1243, try:   2940000000
emin+1: -4.577380e-01, e+1: -4.577380e-01, T: 1.1875e-10, no:    2253, try:   2970000000
emin+1: -4.577380e-01, e+1: -4.577380e-01, T: 1.0000e-10, no:     696, try:   3000000000
emin+1: -4.577380e-01, e+1: -4.577380e-01, T: 7.4928e-11, no:   24555, try:   3030000000
emin+1: -4.577380e-01, e+1: -4.577380e-01, T: 6.3096e-11, no:    6073, try:   3060000000
emin+1: -4.577380e-01, e+1: -4.577380e-01, T: 4.7276e-11, no:   35220, try:   3090000000
emin+1: -4.577380e-01, e+1: -4.577380e-01, T: 3.9811e-11, no:    1776, try:   3120000000
emin+1: -4.577380e-01, e+1: -4.577380e-01, T: 2.9829e-11, no:   26352, try:   3150000000
emin+1: -4.577380e-01, e+1: -4.577380e-01, T: 2.5119e-11, no:    4263, try:   3180000000
emin+1: -4.577380e-01, e+1: -4.577380e-01, T: 1.8821e-11, no:    4246, try:   3210000000
emin+1: -4.577380e-01, e+1: -4.577380e-01, T: 1.5849e-11, no:   13420, try:   3240000000
emin+1: -4.577380e-01, e+1: -4.577380e-01, T: 1.1875e-11, no:    6496, try:   3270000000
emin+1: -4.577380e-01, e+1: -4.577380e-01, T: 1.0000e-11, no:    5910, try:   3300000000
emin+1: -4.577380e-01, e+1: -4.577380e-01, T: 7.4928e-12, no:   30191, try:   3330000000
emin+1: -4.577380e-01, e+1: -4.577380e-01, T: 6.3096e-12, no:   21794, try:   3360000000
emin+1: -4.577380e-01, e+1: -4.577380e-01, T: 4.7276e-12, no:   15710, try:   3390000000
emin+1: -4.577380e-01, e+1: -4.577380e-01, T: 3.9811e-12, no:   89917, try:   3420000000
emin+1: -4.577380e-01, e+1: -4.577380e-01, T: 2.9829e-12, no:   14947, try:   3450000000
emin+1: -4.577380e-01, e+1: -4.577380e-01, T: 2.5119e-12, no:  107598, try:   3480000000
emin+1: -4.577380e-01, e+1: -4.577380e-01, T: 1.8821e-12, no:   67441, try:   3510000000
emin+1: -4.577380e-01, e+1: -4.577380e-01, T: 1.5849e-12, no:  120553, try:   3540000000
emin+1: -4.577380e-01, e+1: -4.577380e-01, T: 1.1875e-12, no:   36019, try:   3570000000
emin+1: -4.577380e-01, e+1: -4.577380e-01, T: 1.0000e-12, no:   28272, try:   3600000000
emin+1: -4.577380e-01, e+1: -4.577380e-01, T: 7.4928e-13, no:  580863, try:   3630000000
emin+1: -4.577380e-01, e+1: -4.577380e-01, T: 6.3096e-13, no:   65877, try:   3660000000
emin+1: -4.577380e-01, e+1: -4.577380e-01, T: 4.7276e-13, no:    5411, try:   3690000000
emin+1: -4.577380e-01, e+1: -4.577380e-01, T: 3.9811e-13, no:   49087, try:   3720000000
emin+1: -4.577380e-01, e+1: -4.577380e-01, T: 2.9829e-13, no:  121774, try:   3750000000
emin+1: -4.577380e-01, e+1: -4.577380e-01, T: 2.5119e-13, no:   47229, try:   3780000000
emin+1: -4.577380e-01, e+1: -4.577380e-01, T: 1.8821e-13, no:  267344, try:   3810000000
emin+1: -4.577380e-01, e+1: -4.577380e-01, T: 1.5849e-13, no:  776711, try:   3840000000
emin+1: -4.577380e-01, e+1: -4.577380e-01, T: 1.1875e-13, no:  651400, try:   3870000000
emin+1: -4.577380e-01, e+1: -4.577380e-01, T: 1.0000e-13, no:  576954, try:   3900000000
emin+1: -4.577380e-01, e+1: -4.577380e-01, T: 7.4928e-14, no:   25569, try:   3930000000
emin+1: -4.577380e-01, e+1: -4.577380e-01, T: 6.3096e-14, no:  514816, try:   3960000000
emin+1: -4.577380e-01, e+1: -4.577380e-01, T: 4.7276e-14, no:   36525, try:   3990000000
emin+1: -4.577380e-01, e+1: -4.577380e-01, T: 3.9811e-14, no:  147905, try:   4020000000
emin+1: -4.577380e-01, e+1: -4.577380e-01, T: 2.9829e-14, no:  180802, try:   4050000000
emin+1: -4.577380e-01, e+1: -4.577380e-01, T: 2.5119e-14, no:   65500, try:   4080000000
emin+1: -4.577380e-01, e+1: -4.577380e-01, T: 1.8821e-14, no:  755523, try:   4110000000
emin+1: -4.577380e-01, e+1: -4.577380e-01, T: 1.5849e-14, no:  432809, try:   4140000000
emin+1: -4.577380e-01, e+1: -4.577380e-01, T: 1.1875e-14, no:  499047, try:   4170000000
emin+1: -4.577380e-01, e+1: -4.577380e-01, T: 1.0000e-14, no:  227364, try:   4200000000
emin+1: -4.577380e-01, e+1: -4.577380e-01, T: 7.4928e-15, no: 2223815, try:   4230000000
emin+1: -4.577380e-01, e+1: -4.577380e-01, T: 6.3096e-15, no:  375549, try:   4260000000
emin+1: -4.577380e-01, e+1: -4.577380e-01, T: 4.7276e-15, no:  402237, try:   4290000000
emin+1: -4.577380e-01, e+1: -4.577380e-01, T: 3.9811e-15, no:  396804, try:   4320000000
emin+1: -4.577380e-01, e+1: -4.577380e-01, T: 2.9829e-15, no:  343092, try:   4350000000
emin+1: -4.577380e-01, e+1: -4.577380e-01, T: 2.5119e-15, no:   10658, try:   4380000000
emin+1: -4.577380e-01, e+1: -4.577380e-01, T: 1.8821e-15, no:  422994, try:   4410000000
emin+1: -4.577380e-01, e+1: -4.577380e-01, T: 1.5849e-15, no:  265525, try:   4440000000
emin+1: -4.577380e-01, e+1: -4.577380e-01, T: 1.1875e-15, no: 2635562, try:   4470000000
emin+1: -4.577380e-01, e+1: -4.577380e-01, T: 1.0000e-15, no: 1647583, try:   4500000000

Last chain: -1.457737973711315931208375163e+00
Best chain: -1.457737973711315931208375163e+00 (-1.457737973711315931208375163e+00)

Error: length:  0.000000000000000000000000000e+00, angle:  0.000000000000000000000000000e+00


Last chain: -1.457737973711315931208375163e+00
Best chain: -1.457737973711315931208375163e+00 (-1.457737973711315931208375163e+00)

Error: length:  0.000000000000000000000000000e+00, angle:  0.000000000000000000000000000e+00


3 7
emin+1:  0.000000e+00, e+1:  0.000000e+00, T: 1.0000e+00
emin+1: -1.832568e-01, e+1:  2.482108e-01, T: 7.4928e-01, no:       0, try:     94500000
emin+1: -1.907500e-01, e+1:  2.468239e-01, T: 6.3096e-01, no:       0, try:    189000000
emin+1: -1.916018e-01, e+1:  2.444499e-01, T: 4.7276e-01, no:       5, try:    283500000
emin+1: -2.082220e-01, e+1:  2.418699e-01, T: 3.9811e-01, no:       1, try:    378000000
emin+1: -2.328271e-01, e+1:  2.381798e-01, T: 2.9829e-01, no:       0, try:    472500000
emin+1: -2.328271e-01, e+1:  2.337928e-01, T: 2.5119e-01, no:       5, try:    567000000
emin+1: -2.328271e-01, e+1:  2.275463e-01, T: 1.8821e-01, no:       0, try:    661500000
emin+1: -2.328271e-01, e+1:  2.209572e-01, T: 1.5849e-01, no:       4, try:    756000000
emin+1: -2.328271e-01, e+1:  2.105476e-01, T: 1.1875e-01, no:       0, try:    850500000
emin+1: -2.334559e-01, e+1:  1.987001e-01, T: 1.0000e-01, no:       0, try:    945000000
emin+1: -2.709913e-01, e+1:  1.812194e-01, T: 7.4928e-02, no:       0, try:   1039500000
emin+1: -3.124390e-01, e+1:  1.598633e-01, T: 6.3096e-02, no:       0, try:   1134000000
emin+1: -3.124390e-01, e+1:  1.322359e-01, T: 4.7276e-02, no:       0, try:   1228500000
emin+1: -3.124390e-01, e+1:  9.863880e-02, T: 3.9811e-02, no:       1, try:   1323000000
emin+1: -3.618373e-01, e+1:  5.327092e-02, T: 2.9829e-02, no:       9, try:   1417500000
emin+1: -3.618373e-01, e+1:  5.578813e-03, T: 2.5119e-02, no:       0, try:   1512000000
emin+1: -3.843491e-01, e+1: -5.957924e-02, T: 1.8821e-02, no:       0, try:   1606500000
emin+1: -3.959720e-01, e+1: -1.324317e-01, T: 1.5849e-02, no:       2, try:   1701000000
emin+1: -4.036824e-01, e+1: -2.142730e-01, T: 1.1875e-02, no:       3, try:   1795500000
emin+1: -4.071062e-01, e+1: -2.710644e-01, T: 1.0000e-02, no:       0, try:   1890000000
emin+1: -4.100742e-01, e+1: -3.113219e-01, T: 7.4928e-03, no:       8, try:   1984500000
emin+1: -4.119413e-01, e+1: -3.376928e-01, T: 6.3096e-03, no:       0, try:   2079000000
emin+1: -4.150168e-01, e+1: -3.579550e-01, T: 4.7276e-03, no:       1, try:   2173500000
emin+1: -4.154619e-01, e+1: -3.720460e-01, T: 3.9811e-03, no:       2, try:   2268000000
emin+1: -4.174270e-01, e+1: -3.832068e-01, T: 2.9829e-03, no:       1, try:   2362500000
emin+1: -4.185259e-01, e+1: -3.911388e-01, T: 2.5119e-03, no:       0, try:   2457000000
emin+1: -4.202318e-01, e+1: -3.973463e-01, T: 1.8821e-03, no:       0, try:   2551500000
emin+1: -4.209253e-01, e+1: -4.018795e-01, T: 1.5849e-03, no:       0, try:   2646000000
emin+1: -4.211269e-01, e+1: -4.055241e-01, T: 1.1875e-03, no:       4, try:   2740500000
emin+1: -4.215624e-01, e+1: -4.082588e-01, T: 1.0000e-03, no:       0, try:   2835000000
emin+1: -4.223802e-01, e+1: -4.108654e-01, T: 7.4928e-04, no:       2, try:   2929500000
emin+1: -4.233783e-01, e+1: -4.133018e-01, T: 6.3096e-04, no:       3, try:   3024000000
emin+1: -4.233783e-01, e+1: -4.158655e-01, T: 4.7276e-04, no:      10, try:   3118500000
emin+1: -4.234355e-01, e+1: -4.178834e-01, T: 3.9811e-04, no:       1, try:   3213000000
emin+1: -4.238508e-01, e+1: -4.194139e-01, T: 2.9829e-04, no:      14, try:   3307500000
emin+1: -4.240656e-01, e+1: -4.204955e-01, T: 2.5119e-04, no:       2, try:   3402000000
emin+1: -4.242469e-01, e+1: -4.214184e-01, T: 1.8821e-04, no:      11, try:   3496500000
emin+1: -4.243465e-01, e+1: -4.221185e-01, T: 1.5849e-04, no:       1, try:   3591000000
emin+1: -4.245085e-01, e+1: -4.227036e-01, T: 1.1875e-04, no:       0, try:   3685500000
emin+1: -4.245555e-01, e+1: -4.231524e-01, T: 1.0000e-04, no:       6, try:   3780000000
emin+1: -4.245955e-01, e+1: -4.235071e-01, T: 7.4928e-05, no:       6, try:   3874500000
emin+1: -4.246749e-01, e+1: -4.237959e-01, T: 6.3096e-05, no:      19, try:   3969000000
emin+1: -4.247217e-01, e+1: -4.240180e-01, T: 4.7276e-05, no:       1, try:   4063500000
emin+1: -4.247324e-01, e+1: -4.241965e-01, T: 3.9811e-05, no:       2, try:   4158000000
emin+1: -4.247865e-01, e+1: -4.243381e-01, T: 2.9829e-05, no:      29, try:   4252500000
emin+1: -4.247882e-01, e+1: -4.244461e-01, T: 2.5119e-05, no:      29, try:   4347000000
emin+1: -4.248018e-01, e+1: -4.245388e-01, T: 1.8821e-05, no:       3, try:   4441500000
emin+1: -4.248345e-01, e+1: -4.246069e-01, T: 1.5849e-05, no:       3, try:   4536000000
emin+1: -4.248345e-01, e+1: -4.246640e-01, T: 1.1875e-05, no:       2, try:   4630500000
emin+1: -4.248414e-01, e+1: -4.247044e-01, T: 1.0000e-05, no:       2, try:   4725000000
emin+1: -4.248487e-01, e+1: -4.247424e-01, T: 7.4928e-06, no:      13, try:   4819500000
emin+1: -4.248539e-01, e+1: -4.247698e-01, T: 6.3096e-06, no:      54, try:   4914000000
emin+1: -4.248594e-01, e+1: -4.247917e-01, T: 4.7276e-06, no:       6, try:   5008500000
emin+1: -4.248615e-01, e+1: -4.248087e-01, T: 3.9811e-06, no:     206, try:   5103000000
emin+1: -4.248651e-01, e+1: -4.248233e-01, T: 2.9829e-06, no:       1, try:   5197500000
emin+1: -4.248687e-01, e+1: -4.248344e-01, T: 2.5119e-06, no:     108, try:   5292000000
emin+1: -4.248708e-01, e+1: -4.248434e-01, T: 1.8821e-06, no:       9, try:   5386500000
emin+1: -4.248716e-01, e+1: -4.248505e-01, T: 1.5849e-06, no:       2, try:   5481000000
emin+1: -4.248729e-01, e+1: -4.248561e-01, T: 1.1875e-06, no:      37, try:   5575500000
emin+1: -4.248745e-01, e+1: -4.248604e-01, T: 1.0000e-06, no:      41, try:   5670000000
emin+1: -4.248752e-01, e+1: -4.248640e-01, T: 7.4928e-07, no:     337, try:   5764500000
emin+1: -4.248752e-01, e+1: -4.248667e-01, T: 6.3096e-07, no:     110, try:   5859000000
emin+1: -4.248759e-01, e+1: -4.248691e-01, T: 4.7276e-07, no:      19, try:   5953500000
emin+1: -4.248762e-01, e+1: -4.248708e-01, T: 3.9811e-07, no:      11, try:   6048000000
emin+1: -4.248765e-01, e+1: -4.248722e-01, T: 2.9829e-07, no:      15, try:   6142500000
emin+1: -4.248768e-01, e+1: -4.248734e-01, T: 2.5119e-07, no:     397, try:   6237000000
emin+1: -4.248768e-01, e+1: -4.248743e-01, T: 1.8821e-07, no:       8, try:   6331500000
emin+1: -4.248769e-01, e+1: -4.248749e-01, T: 1.5849e-07, no:     131, try:   6426000000
emin+1: -4.248771e-01, e+1: -4.248755e-01, T: 1.1875e-07, no:     141, try:   6520500000
emin+1: -4.248772e-01, e+1: -4.248760e-01, T: 1.0000e-07, no:      57, try:   6615000000
emin+1: -4.248773e-01, e+1: -4.248763e-01, T: 7.4928e-08, no:     404, try:   6709500000
emin+1: -4.248774e-01, e+1: -4.248766e-01, T: 6.3096e-08, no:      26, try:   6804000000
emin+1: -4.248774e-01, e+1: -4.248768e-01, T: 4.7276e-08, no:     700, try:   6898500000
emin+1: -4.248775e-01, e+1: -4.248770e-01, T: 3.9811e-08, no:      21, try:   6993000000
emin+1: -4.248775e-01, e+1: -4.248771e-01, T: 2.9829e-08, no:     136, try:   7087500000
emin+1: -4.248776e-01, e+1: -4.248772e-01, T: 2.5119e-08, no:    1092, try:   7182000000
emin+1: -4.248776e-01, e+1: -4.248773e-01, T: 1.8821e-08, no:     118, try:   7276500000
emin+1: -4.248776e-01, e+1: -4.248774e-01, T: 1.5849e-08, no:     163, try:   7371000000
emin+1: -4.248776e-01, e+1: -4.248775e-01, T: 1.1875e-08, no:     796, try:   7465500000
emin+1: -4.248776e-01, e+1: -4.248775e-01, T: 1.0000e-08, no:      44, try:   7560000000
emin+1: -4.248776e-01, e+1: -4.248775e-01, T: 7.4928e-09, no:    4830, try:   7654500000
emin+1: -4.248776e-01, e+1: -4.248776e-01, T: 6.3096e-09, no:     920, try:   7749000000
emin+1: -4.248776e-01, e+1: -4.248776e-01, T: 4.7276e-09, no:     918, try:   7843500000
emin+1: -4.248777e-01, e+1: -4.248776e-01, T: 3.9811e-09, no:     867, try:   7938000000
emin+1: -4.248777e-01, e+1: -4.248776e-01, T: 2.9829e-09, no:     178, try:   8032500000
emin+1: -4.248777e-01, e+1: -4.248776e-01, T: 2.5119e-09, no:       3, try:   8127000000
emin+1: -4.248777e-01, e+1: -4.248776e-01, T: 1.8821e-09, no:     294, try:   8221500000
emin+1: -4.248777e-01, e+1: -4.248776e-01, T: 1.5849e-09, no:     872, try:   8316000000
emin+1: -4.248777e-01, e+1: -4.248776e-01, T: 1.1875e-09, no:     164, try:   8410500000
emin+1: -4.248777e-01, e+1: -4.248777e-01, T: 1.0000e-09, no:     306, try:   8505000000
emin+1: -4.248777e-01, e+1: -4.248777e-01, T: 7.4928e-10, no:    4968, try:   8599500000
emin+1: -4.248777e-01, e+1: -4.248777e-01, T: 6.3096e-10, no:     333, try:   8694000000
emin+1: -4.248777e-01, e+1: -4.248777e-01, T: 4.7276e-10, no:    1872, try:   8788500000
emin+1: -4.248777e-01, e+1: -4.248777e-01, T: 3.9811e-10, no:   11590, try:   8883000000
emin+1: -4.248777e-01, e+1: -4.248777e-01, T: 2.9829e-10, no:    1188, try:   8977500000
emin+1: -4.248777e-01, e+1: -4.248777e-01, T: 2.5119e-10, no:    1871, try:   9072000000
emin+1: -4.248777e-01, e+1: -4.248777e-01, T: 1.8821e-10, no:    3180, try:   9166500000
emin+1: -4.248777e-01, e+1: -4.248777e-01, T: 1.5849e-10, no:    1119, try:   9261000000
emin+1: -4.248777e-01, e+1: -4.248777e-01, T: 1.1875e-10, no:     646, try:   9355500000
emin+1: -4.248777e-01, e+1: -4.248777e-01, T: 1.0000e-10, no:    3248, try:   9450000000
emin+1: -4.248777e-01, e+1: -4.248777e-01, T: 7.4928e-11, no:   10938, try:   9544500000
emin+1: -4.248777e-01, e+1: -4.248777e-01, T: 6.3096e-11, no:    8130, try:   9639000000
emin+1: -4.248777e-01, e+1: -4.248777e-01, T: 4.7276e-11, no:   27476, try:   9733500000
emin+1: -4.248777e-01, e+1: -4.248777e-01, T: 3.9811e-11, no:     235, try:   9828000000
emin+1: -4.248777e-01, e+1: -4.248777e-01, T: 2.9829e-11, no:    2043, try:   9922500000
emin+1: -4.248777e-01, e+1: -4.248777e-01, T: 2.5119e-11, no:   48533, try:  10017000000
emin+1: -4.248777e-01, e+1: -4.248777e-01, T: 1.8821e-11, no:   17431, try:  10111500000
emin+1: -4.248777e-01, e+1: -4.248777e-01, T: 1.5849e-11, no:    2162, try:  10206000000
emin+1: -4.248777e-01, e+1: -4.248777e-01, T: 1.1875e-11, no:     238, try:  10300500000
emin+1: -4.248777e-01, e+1: -4.248777e-01, T: 1.0000e-11, no:    9421, try:  10395000000
emin+1: -4.248777e-01, e+1: -4.248777e-01, T: 7.4928e-12, no:     578, try:  10489500000
emin+1: -4.248777e-01, e+1: -4.248777e-01, T: 6.3096e-12, no:   20313, try:  10584000000
emin+1: -4.248777e-01, e+1: -4.248777e-01, T: 4.7276e-12, no:   30176, try:  10678500000
emin+1: -4.248777e-01, e+1: -4.248777e-01, T: 3.9811e-12, no:   27893, try:  10773000000
emin+1: -4.248777e-01, e+1: -4.248777e-01, T: 2.9829e-12, no:   96535, try:  10867500000
emin+1: -4.248777e-01, e+1: -4.248777e-01, T: 2.5119e-12, no:    3416, try:  10962000000
emin+1: -4.248777e-01, e+1: -4.248777e-01, T: 1.8821e-12, no:    2186, try:  11056500000
emin+1: -4.248777e-01, e+1: -4.248777e-01, T: 1.5849e-12, no:    5516, try:  11151000000
emin+1: -4.248777e-01, e+1: -4.248777e-01, T: 1.1875e-12, no:   29399, try:  11245500000
emin+1: -4.248777e-01, e+1: -4.248777e-01, T: 1.0000e-12, no:   34032, try:  11340000000
emin+1: -4.248777e-01, e+1: -4.248777e-01, T: 7.4928e-13, no:   36361, try:  11434500000
emin+1: -4.248777e-01, e+1: -4.248777e-01, T: 6.3096e-13, no:   58319, try:  11529000000
emin+1: -4.248777e-01, e+1: -4.248777e-01, T: 4.7276e-13, no:  130897, try:  11623500000
emin+1: -4.248777e-01, e+1: -4.248777e-01, T: 3.9811e-13, no:  353924, try:  11718000000
emin+1: -4.248777e-01, e+1: -4.248777e-01, T: 2.9829e-13, no:    7365, try:  11812500000
emin+1: -4.248777e-01, e+1: -4.248777e-01, T: 2.5119e-13, no:   19236, try:  11907000000
emin+1: -4.248777e-01, e+1: -4.248777e-01, T: 1.8821e-13, no:   88862, try:  12001500000
emin+1: -4.248777e-01, e+1: -4.248777e-01, T: 1.5849e-13, no:   38009, try:  12096000000
emin+1: -4.248777e-01, e+1: -4.248777e-01, T: 1.1875e-13, no:  148621, try:  12190500000
emin+1: -4.248777e-01, e+1: -4.248777e-01, T: 1.0000e-13, no:  135398, try:  12285000000
emin+1: -4.248777e-01, e+1: -4.248777e-01, T: 7.4928e-14, no:   61545, try:  12379500000
emin+1: -4.248777e-01, e+1: -4.248777e-01, T: 6.3096e-14, no:   81383, try:  12474000000
emin+1: -4.248777e-01, e+1: -4.248777e-01, T: 4.7276e-14, no:  102131, try:  12568500000
emin+1: -4.248777e-01, e+1: -4.248777e-01, T: 3.9811e-14, no:    5440, try:  12663000000
emin+1: -4.248777e-01, e+1: -4.248777e-01, T: 2.9829e-14, no:   49522, try:  12757500000
emin+1: -4.248777e-01, e+1: -4.248777e-01, T: 2.5119e-14, no:   23532, try:  12852000000
emin+1: -4.248777e-01, e+1: -4.248777e-01, T: 1.8821e-14, no:  235436, try:  12946500000
emin+1: -4.248777e-01, e+1: -4.248777e-01, T: 1.5849e-14, no:  400122, try:  13041000000
emin+1: -4.248777e-01, e+1: -4.248777e-01, T: 1.1875e-14, no:  336498, try:  13135500000
emin+1: -4.248777e-01, e+1: -4.248777e-01, T: 1.0000e-14, no:  166553, try:  13230000000
emin+1: -4.248777e-01, e+1: -4.248777e-01, T: 7.4928e-15, no:   54711, try:  13324500000
emin+1: -4.248777e-01, e+1: -4.248777e-01, T: 6.3096e-15, no:  150832, try:  13419000000
emin+1: -4.248777e-01, e+1: -4.248777e-01, T: 4.7276e-15, no:  338102, try:  13513500000
emin+1: -4.248777e-01, e+1: -4.248777e-01, T: 3.9811e-15, no:   42630, try:  13608000000
emin+1: -4.248777e-01, e+1: -4.248777e-01, T: 2.9829e-15, no:  348407, try:  13702500000
emin+1: -4.248777e-01, e+1: -4.248777e-01, T: 2.5119e-15, no:  191235, try:  13797000000
emin+1: -4.248777e-01, e+1: -4.248777e-01, T: 1.8821e-15, no:  351566, try:  13891500000
emin+1: -4.248777e-01, e+1: -4.248777e-01, T: 1.5849e-15, no:   29954, try:  13986000000
emin+1: -4.248777e-01, e+1: -4.248777e-01, T: 1.1875e-15, no:    2162, try:  14080500000
emin+1: -4.248777e-01, e+1: -4.248777e-01, T: 1.0000e-15, no:   30444, try:  14175000000

Last chain: -1.424877667869971967500204724e+00
Best chain: -1.424877667869975293940890126e+00 (-1.424877667869975293940890126e+00)

Error: length:  5.551115123125782702118158340e-17, angle:  0.000000000000000000000000000e+00


Last chain: -1.424877667869971967500204724e+00
Best chain: -1.424877667869975293940890126e+00 (-1.424877667869975293940890126e+00)

Error: length:  5.551115123125782702118158340e-17, angle:  0.000000000000000000000000000e+00


4 9
emin+1:  0.000000e+00, e+1:  0.000000e+00, T: 1.0000e+00
emin+1: -8.052510e-03, e+1:  3.453876e-01, T: 7.4928e-01, no:       5, try:    216000000
emin+1: -8.052510e-03, e+1:  3.443260e-01, T: 6.3096e-01, no:       0, try:    432000000
emin+1: -2.928915e-02, e+1:  3.432188e-01, T: 4.7276e-01, no:       0, try:    648000000
emin+1: -3.623032e-02, e+1:  3.418293e-01, T: 3.9811e-01, no:       4, try:    864000000
emin+1: -3.623032e-02, e+1:  3.396426e-01, T: 2.9829e-01, no:       1, try:   1080000000
emin+1: -3.623032e-02, e+1:  3.373202e-01, T: 2.5119e-01, no:       0, try:   1296000000
emin+1: -5.787270e-02, e+1:  3.342280e-01, T: 1.8821e-01, no:       2, try:   1512000000
emin+1: -5.787270e-02, e+1:  3.302060e-01, T: 1.5849e-01, no:       0, try:   1728000000
emin+1: -6.602907e-02, e+1:  3.250341e-01, T: 1.1875e-01, no:       0, try:   1944000000
emin+1: -6.602907e-02, e+1:  3.187602e-01, T: 1.0000e-01, no:       0, try:   2160000000
emin+1: -6.602907e-02, e+1:  3.094916e-01, T: 7.4928e-02, no:       1, try:   2376000000
emin+1: -6.602907e-02, e+1:  2.990616e-01, T: 6.3096e-02, no:       0, try:   2592000000
emin+1: -6.602907e-02, e+1:  2.835634e-01, T: 4.7276e-02, no:       1, try:   2808000000
emin+1: -6.602907e-02, e+1:  2.660603e-01, T: 3.9811e-02, no:       2, try:   3024000000
emin+1: -1.081756e-01, e+1:  2.389471e-01, T: 2.9829e-02, no:       5, try:   3240000000
emin+1: -1.640163e-01, e+1:  2.086859e-01, T: 2.5119e-02, no:       0, try:   3456000000
emin+1: -1.741068e-01, e+1:  1.632488e-01, T: 1.8821e-02, no:       0, try:   3672000000
emin+1: -2.111161e-01, e+1:  1.107518e-01, T: 1.5849e-02, no:       4, try:   3888000000
emin+1: -3.208571e-01, e+1:  4.260052e-02, T: 1.1875e-02, no:       0, try:   4104000000
emin+1: -3.448867e-01, e+1: -3.560871e-02, T: 1.0000e-02, no:       0, try:   4320000000
emin+1: -3.699999e-01, e+1: -1.527827e-01, T: 7.4928e-03, no:       6, try:   4536000000
emin+1: -3.825021e-01, e+1: -2.355173e-01, T: 6.3096e-03, no:       1, try:   4752000000
emin+1: -3.912683e-01, e+1: -2.852970e-01, T: 4.7276e-03, no:       0, try:   4968000000
emin+1: -3.948017e-01, e+1: -3.175454e-01, T: 3.9811e-03, no:       2, try:   5184000000
emin+1: -4.034279e-01, e+1: -3.421324e-01, T: 2.9829e-03, no:       3, try:   5400000000
emin+1: -4.064614e-01, e+1: -3.594291e-01, T: 2.5119e-03, no:       1, try:   5616000000
emin+1: -4.082971e-01, e+1: -3.728427e-01, T: 1.8821e-03, no:       0, try:   5832000000
emin+1: -4.100217e-01, e+1: -3.825213e-01, T: 1.5849e-03, no:       0, try:   6048000000
emin+1: -4.116044e-01, e+1: -3.901541e-01, T: 1.1875e-03, no:       2, try:   6264000000
emin+1: -4.117782e-01, e+1: -3.957273e-01, T: 1.0000e-03, no:       1, try:   6480000000
emin+1: -4.135280e-01, e+1: -4.002387e-01, T: 7.4928e-04, no:       4, try:   6696000000
emin+1: -4.135280e-01, e+1: -4.035173e-01, T: 6.3096e-04, no:       3, try:   6912000000
emin+1: -4.137444e-01, e+1: -4.061768e-01, T: 4.7276e-04, no:       1, try:   7128000000
emin+1: -4.139446e-01, e+1: -4.081589e-01, T: 3.9811e-04, no:       3, try:   7344000000
emin+1: -4.144558e-01, e+1: -4.097538e-01, T: 2.9829e-04, no:       2, try:   7560000000
emin+1: -4.148232e-01, e+1: -4.109401e-01, T: 2.5119e-04, no:       1, try:   7776000000
emin+1: -4.152083e-01, e+1: -4.118883e-01, T: 1.8821e-04, no:       2, try:   7992000000
emin+1: -4.153402e-01, e+1: -4.125771e-01, T: 1.5849e-04, no:       0, try:   8208000000
emin+1: -4.155943e-01, e+1: -4.131493e-01, T: 1.1875e-04, no:       1, try:   8424000000
emin+1: -4.159495e-01, e+1: -4.136566e-01, T: 1.0000e-04, no:      11, try:   8640000000
emin+1: -4.161953e-01, e+1: -4.142898e-01, T: 7.4928e-05, no:       0, try:   8856000000
emin+1: -4.162611e-01, e+1: -4.148580e-01, T: 6.3096e-05, no:       8, try:   9072000000
emin+1: -4.164065e-01, e+1: -4.153708e-01, T: 4.7276e-05, no:      10, try:   9288000000
emin+1: -4.165045e-01, e+1: -4.157025e-01, T: 3.9811e-05, no:      50, try:   9504000000
emin+1: -4.165979e-01, e+1: -4.159542e-01, T: 2.9829e-05, no:       3, try:   9720000000
emin+1: -4.166304e-01, e+1: -4.161474e-01, T: 2.5119e-05, no:      20, try:   9936000000
emin+1: -4.167100e-01, e+1: -4.162987e-01, T: 1.8821e-05, no:       9, try:  10152000000
emin+1: -4.167343e-01, e+1: -4.164136e-01, T: 1.5849e-05, no:       4, try:  10368000000
emin+1: -4.167740e-01, e+1: -4.165075e-01, T: 1.1875e-05, no:       7, try:  10584000000
emin+1: -4.167768e-01, e+1: -4.165786e-01, T: 1.0000e-05, no:      22, try:  10800000000
emin+1: -4.168045e-01, e+1: -4.166418e-01, T: 7.4928e-06, no:      11, try:  11016000000
emin+1: -4.168093e-01, e+1: -4.166841e-01, T: 6.3096e-06, no:      58, try:  11232000000
emin+1: -4.168191e-01, e+1: -4.167188e-01, T: 4.7276e-06, no:       9, try:  11448000000
emin+1: -4.168338e-01, e+1: -4.167457e-01, T: 3.9811e-06, no:      38, try:  11664000000
emin+1: -4.168390e-01, e+1: -4.167780e-01, T: 2.9829e-06, no:       3, try:  11880000000
emin+1: -4.168497e-01, e+1: -4.167976e-01, T: 2.5119e-06, no:       2, try:  12096000000
emin+1: -4.168502e-01, e+1: -4.168123e-01, T: 1.8821e-06, no:      62, try:  12312000000
emin+1: -4.168544e-01, e+1: -4.168235e-01, T: 1.5849e-06, no:      18, try:  12528000000
emin+1: -4.168566e-01, e+1: -4.168328e-01, T: 1.1875e-06, no:       2, try:  12744000000
emin+1: -4.168604e-01, e+1: -4.168401e-01, T: 1.0000e-06, no:      60, try:  12960000000
emin+1: -4.168620e-01, e+1: -4.168460e-01, T: 7.4928e-07, no:      81, try:  13176000000
emin+1: -4.168630e-01, e+1: -4.168509e-01, T: 6.3096e-07, no:      45, try:  13392000000
emin+1: -4.168645e-01, e+1: -4.168548e-01, T: 4.7276e-07, no:      14, try:  13608000000
emin+1: -4.168654e-01, e+1: -4.168576e-01, T: 3.9811e-07, no:      53, try:  13824000000
emin+1: -4.168662e-01, e+1: -4.168601e-01, T: 2.9829e-07, no:       3, try:  14040000000
emin+1: -4.168664e-01, e+1: -4.168621e-01, T: 2.5119e-07, no:      33, try:  14256000000
emin+1: -4.168672e-01, e+1: -4.168634e-01, T: 1.8821e-07, no:      60, try:  14472000000
emin+1: -4.168676e-01, e+1: -4.168648e-01, T: 1.5849e-07, no:      27, try:  14688000000
emin+1: -4.168679e-01, e+1: -4.168655e-01, T: 1.1875e-07, no:      30, try:  14904000000
emin+1: -4.168684e-01, e+1: -4.168664e-01, T: 1.0000e-07, no:     103, try:  15120000000
emin+1: -4.168684e-01, e+1: -4.168670e-01, T: 7.4928e-08, no:      26, try:  15336000000
emin+1: -4.168686e-01, e+1: -4.168675e-01, T: 6.3096e-08, no:     112, try:  15552000000
emin+1: -4.168688e-01, e+1: -4.168679e-01, T: 4.7276e-08, no:      71, try:  15768000000
emin+1: -4.168688e-01, e+1: -4.168681e-01, T: 3.9811e-08, no:      94, try:  15984000000
emin+1: -4.168690e-01, e+1: -4.168684e-01, T: 2.9829e-08, no:     337, try:  16200000000
emin+1: -4.168690e-01, e+1: -4.168686e-01, T: 2.5119e-08, no:     477, try:  16416000000
emin+1: -4.168691e-01, e+1: -4.168687e-01, T: 1.8821e-08, no:     180, try:  16632000000
emin+1: -4.168691e-01, e+1: -4.168689e-01, T: 1.5849e-08, no:     276, try:  16848000000
emin+1: -4.168692e-01, e+1: -4.168689e-01, T: 1.1875e-08, no:     865, try:  17064000000
emin+1: -4.168692e-01, e+1: -4.168690e-01, T: 1.0000e-08, no:     284, try:  17280000000
emin+1: -4.168692e-01, e+1: -4.168691e-01, T: 7.4928e-09, no:     599, try:  17496000000
emin+1: -4.168692e-01, e+1: -4.168691e-01, T: 6.3096e-09, no:     626, try:  17712000000
emin+1: -4.168692e-01, e+1: -4.168692e-01, T: 4.7276e-09, no:     555, try:  17928000000
emin+1: -4.168693e-01, e+1: -4.168692e-01, T: 3.9811e-09, no:       2, try:  18144000000
emin+1: -4.168693e-01, e+1: -4.168692e-01, T: 2.9829e-09, no:      19, try:  18360000000
emin+1: -4.168693e-01, e+1: -4.168692e-01, T: 2.5119e-09, no:     747, try:  18576000000
emin+1: -4.168693e-01, e+1: -4.168692e-01, T: 1.8821e-09, no:    4738, try:  18792000000
emin+1: -4.168693e-01, e+1: -4.168693e-01, T: 1.5849e-09, no:     290, try:  19008000000
emin+1: -4.168693e-01, e+1: -4.168693e-01, T: 1.1875e-09, no:     820, try:  19224000000
emin+1: -4.168693e-01, e+1: -4.168693e-01, T: 1.0000e-09, no:      99, try:  19440000000
emin+1: -4.168693e-01, e+1: -4.168693e-01, T: 7.4928e-10, no:    3407, try:  19656000000
emin+1: -4.168693e-01, e+1: -4.168693e-01, T: 6.3096e-10, no:    1991, try:  19872000000
emin+1: -4.168693e-01, e+1: -4.168693e-01, T: 4.7276e-10, no:     438, try:  20088000000
emin+1: -4.168693e-01, e+1: -4.168693e-01, T: 3.9811e-10, no:      49, try:  20304000000
emin+1: -4.168693e-01, e+1: -4.168693e-01, T: 2.9829e-10, no:     595, try:  20520000000
emin+1: -4.168693e-01, e+1: -4.168693e-01, T: 2.5119e-10, no:     502, try:  20736000000
emin+1: -4.168693e-01, e+1: -4.168693e-01, T: 1.8821e-10, no:     367, try:  20952000000
emin+1: -4.168693e-01, e+1: -4.168693e-01, T: 1.5849e-10, no:    1772, try:  21168000000
emin+1: -4.168693e-01, e+1: -4.168693e-01, T: 1.1875e-10, no:    2656, try:  21384000000
emin+1: -4.168693e-01, e+1: -4.168693e-01, T: 1.0000e-10, no:    2355, try:  21600000000
emin+1: -4.168693e-01, e+1: -4.168693e-01, T: 7.4928e-11, no:    2306, try:  21816000000
emin+1: -4.168693e-01, e+1: -4.168693e-01, T: 6.3096e-11, no:     820, try:  22032000000
emin+1: -4.168693e-01, e+1: -4.168693e-01, T: 4.7276e-11, no:   10727, try:  22248000000
emin+1: -4.168693e-01, e+1: -4.168693e-01, T: 3.9811e-11, no:      92, try:  22464000000
emin+1: -4.168693e-01, e+1: -4.168693e-01, T: 2.9829e-11, no:   18226, try:  22680000000
emin+1: -4.168693e-01, e+1: -4.168693e-01, T: 2.5119e-11, no:     161, try:  22896000000
emin+1: -4.168693e-01, e+1: -4.168693e-01, T: 1.8821e-11, no:    2067, try:  23112000000
emin+1: -4.168693e-01, e+1: -4.168693e-01, T: 1.5849e-11, no:    2708, try:  23328000000
emin+1: -4.168693e-01, e+1: -4.168693e-01, T: 1.1875e-11, no:   13081, try:  23544000000
emin+1: -4.168693e-01, e+1: -4.168693e-01, T: 1.0000e-11, no:    5518, try:  23760000000
emin+1: -4.168693e-01, e+1: -4.168693e-01, T: 7.4928e-12, no:    1949, try:  23976000000
emin+1: -4.168693e-01, e+1: -4.168693e-01, T: 6.3096e-12, no:   41554, try:  24192000000
emin+1: -4.168693e-01, e+1: -4.168693e-01, T: 4.7276e-12, no:   30539, try:  24408000000
emin+1: -4.168693e-01, e+1: -4.168693e-01, T: 3.9811e-12, no:    2493, try:  24624000000
emin+1: -4.168693e-01, e+1: -4.168693e-01, T: 2.9829e-12, no:    1383, try:  24840000000
emin+1: -4.168693e-01, e+1: -4.168693e-01, T: 2.5119e-12, no:   10150, try:  25056000000
emin+1: -4.168693e-01, e+1: -4.168693e-01, T: 1.8821e-12, no:   32208, try:  25272000000
emin+1: -4.168693e-01, e+1: -4.168693e-01, T: 1.5849e-12, no:   28615, try:  25488000000
emin+1: -4.168693e-01, e+1: -4.168693e-01, T: 1.1875e-12, no:    4783, try:  25704000000
emin+1: -4.168693e-01, e+1: -4.168693e-01, T: 1.0000e-12, no:    2713, try:  25920000000
emin+1: -4.168693e-01, e+1: -4.168693e-01, T: 7.4928e-13, no:   19250, try:  26136000000
emin+1: -4.168693e-01, e+1: -4.168693e-01, T: 6.3096e-13, no:    6676, try:  26352000000
emin+1: -4.168693e-01, e+1: -4.168693e-01, T: 4.7276e-13, no:   40675, try:  26568000000
emin+1: -4.168693e-01, e+1: -4.168693e-01, T: 3.9811e-13, no:   52204, try:  26784000000
emin+1: -4.168693e-01, e+1: -4.168693e-01, T: 2.9829e-13, no:     615, try:  27000000000
emin+1: -4.168693e-01, e+1: -4.168693e-01, T: 2.5119e-13, no:   15711, try:  27216000000
emin+1: -4.168693e-01, e+1: -4.168693e-01, T: 1.8821e-13, no:   12802, try:  27432000000
emin+1: -4.168693e-01, e+1: -4.168693e-01, T: 1.5849e-13, no:   13441, try:  27648000000
emin+1: -4.168693e-01, e+1: -4.168693e-01, T: 1.1875e-13, no:   37725, try:  27864000000
emin+1: -4.168693e-01, e+1: -4.168693e-01, T: 1.0000e-13, no:    3329, try:  28080000000
emin+1: -4.168693e-01, e+1: -4.168693e-01, T: 7.4928e-14, no:    3915, try:  28296000000
emin+1: -4.168693e-01, e+1: -4.168693e-01, T: 6.3096e-14, no:    9824, try:  28512000000
emin+1: -4.168693e-01, e+1: -4.168693e-01, T: 4.7276e-14, no:    7329, try:  28728000000
emin+1: -4.168693e-01, e+1: -4.168693e-01, T: 3.9811e-14, no:   13273, try:  28944000000
emin+1: -4.168693e-01, e+1: -4.168693e-01, T: 2.9829e-14, no:   13424, try:  29160000000
emin+1: -4.168693e-01, e+1: -4.168693e-01, T: 2.5119e-14, no:    6733, try:  29376000000
emin+1: -4.168693e-01, e+1: -4.168693e-01, T: 1.8821e-14, no:    1684, try:  29592000000
emin+1: -4.168693e-01, e+1: -4.168693e-01, T: 1.5849e-14, no:    4425, try:  29808000000
emin+1: -4.168693e-01, e+1: -4.168693e-01, T: 1.1875e-14, no:    9561, try:  30024000000
emin+1: -4.168693e-01, e+1: -4.168693e-01, T: 1.0000e-14, no:    2053, try:  30240000000
emin+1: -4.168693e-01, e+1: -4.168693e-01, T: 7.4928e-15, no:    3448, try:  30456000000
emin+1: -4.168693e-01, e+1: -4.168693e-01, T: 6.3096e-15, no:    1661, try:  30672000000
emin+1: -4.168693e-01, e+1: -4.168693e-01, T: 4.7276e-15, no:    2151, try:  30888000000
emin+1: -4.168693e-01, e+1: -4.168693e-01, T: 3.9811e-15, no:    6054, try:  31104000000
emin+1: -4.168693e-01, e+1: -4.168693e-01, T: 2.9829e-15, no:    4061, try:  31320000000
emin+1: -4.168693e-01, e+1: -4.168693e-01, T: 2.5119e-15, no:    9644, try:  31536000000
emin+1: -4.168693e-01, e+1: -4.168693e-01, T: 1.8821e-15, no:    5297, try:  31752000000
emin+1: -4.168693e-01, e+1: -4.168693e-01, T: 1.5849e-15, no:    1489, try:  31968000000
emin+1: -4.168693e-01, e+1: -4.168693e-01, T: 1.1875e-15, no:    5417, try:  32184000000
emin+1: -4.168693e-01, e+1: -4.168693e-01, T: 1.0000e-15, no:    1328, try:  32400000000

Last chain: -1.416869300228897555669026198e+00
Best chain: -1.416869300228899074636269850e+00 (-1.416869300228899074636269850e+00)

Error: length:  0.000000000000000000000000000e+00, angle:  0.000000000000000000000000000e+00


Last chain: -1.416869300228897555669026198e+00
Best chain: -1.416869300228899074636269850e+00 (-1.416869300228899074636269850e+00)

Error: length:  0.000000000000000000000000000e+00, angle:  0.000000000000000000000000000e+00


5 11
emin+1:  0.000000e+00, e+1:  0.000000e+00, T: 1.0000e+00
emin+1:  0.000000e+00, e+1:  4.103565e-01, T: 7.4928e-01, no:       1, try:    412500000
emin+1:  0.000000e+00, e+1:  4.097658e-01, T: 6.3096e-01, no:       0, try:    825000000
emin+1:  0.000000e+00, e+1:  4.089913e-01, T: 4.7276e-01, no:       0, try:   1237500000
emin+1:  0.000000e+00, e+1:  4.081787e-01, T: 3.9811e-01, no:       1, try:   1650000000
emin+1:  0.000000e+00, e+1:  4.068363e-01, T: 2.9829e-01, no:       0, try:   2062500000
emin+1:  0.000000e+00, e+1:  4.053536e-01, T: 2.5119e-01, no:       1, try:   2475000000
emin+1:  0.000000e+00, e+1:  4.033726e-01, T: 1.8821e-01, no:       2, try:   2887500000
emin+1:  0.000000e+00, e+1:  4.010435e-01, T: 1.5849e-01, no:       1, try:   3300000000
emin+1:  0.000000e+00, e+1:  3.975954e-01, T: 1.1875e-01, no:       5, try:   3712500000
emin+1:  0.000000e+00, e+1:  3.937582e-01, T: 1.0000e-01, no:       1, try:   4125000000
emin+1:  0.000000e+00, e+1:  3.884092e-01, T: 7.4928e-02, no:       6, try:   4537500000
emin+1:  0.000000e+00, e+1:  3.822280e-01, T: 6.3096e-02, no:       3, try:   4950000000
emin+1:  0.000000e+00, e+1:  3.733735e-01, T: 4.7276e-02, no:       0, try:   5362500000
emin+1:  0.000000e+00, e+1:  3.628402e-01, T: 3.9811e-02, no:       0, try:   5775000000
emin+1:  0.000000e+00, e+1:  3.480365e-01, T: 2.9829e-02, no:       1, try:   6187500000
emin+1:  0.000000e+00, e+1:  3.315178e-01, T: 2.5119e-02, no:       0, try:   6600000000
emin+1:  0.000000e+00, e+1:  3.071890e-01, T: 1.8821e-02, no:       0, try:   7012500000
emin+1: -8.538744e-03, e+1:  2.772767e-01, T: 1.5849e-02, no:       2, try:   7425000000
emin+1: -7.424641e-02, e+1:  2.301712e-01, T: 1.1875e-02, no:       0, try:   7837500000
emin+1: -1.347188e-01, e+1:  1.672866e-01, T: 1.0000e-02, no:       0, try:   8250000000
emin+1: -2.455521e-01, e+1:  8.611436e-02, T: 7.4928e-03, no:       6, try:   8662500000
emin+1: -3.062731e-01, e+1: -5.414819e-03, T: 6.3096e-03, no:       2, try:   9075000000
emin+1: -3.438776e-01, e+1: -1.557471e-01, T: 4.7276e-03, no:       0, try:   9487500000
emin+1: -3.613910e-01, e+1: -2.355135e-01, T: 3.9811e-03, no:       0, try:   9900000000
emin+1: -3.814630e-01, e+1: -2.833886e-01, T: 2.9829e-03, no:       0, try:  10312500000
emin+1: -3.866848e-01, e+1: -3.155820e-01, T: 2.5119e-03, no:       2, try:  10725000000
emin+1: -3.952110e-01, e+1: -3.399892e-01, T: 1.8821e-03, no:       0, try:  11137500000
emin+1: -3.988656e-01, e+1: -3.572691e-01, T: 1.5849e-03, no:       1, try:  11550000000
emin+1: -4.030186e-01, e+1: -3.707807e-01, T: 1.1875e-03, no:       1, try:  11962500000
emin+1: -4.054442e-01, e+1: -3.804756e-01, T: 1.0000e-03, no:       4, try:  12375000000
emin+1: -4.078425e-01, e+1: -3.883170e-01, T: 7.4928e-04, no:       2, try:  12787500000
emin+1: -4.091370e-01, e+1: -3.940360e-01, T: 6.3096e-04, no:       1, try:  13200000000
emin+1: -4.100424e-01, e+1: -3.986919e-01, T: 4.7276e-04, no:       1, try:  13612500000
emin+1: -4.112165e-01, e+1: -4.021365e-01, T: 3.9811e-04, no:       0, try:  14025000000
emin+1: -4.118907e-01, e+1: -4.049725e-01, T: 2.9829e-04, no:       3, try:  14437500000
emin+1: -4.125619e-01, e+1: -4.070819e-01, T: 2.5119e-04, no:       5, try:  14850000000
emin+1: -4.131773e-01, e+1: -4.087863e-01, T: 1.8821e-04, no:       5, try:  15262500000
emin+1: -4.134010e-01, e+1: -4.100536e-01, T: 1.5849e-04, no:       2, try:  15675000000
emin+1: -4.136179e-01, e+1: -4.110832e-01, T: 1.1875e-04, no:      18, try:  16087500000
emin+1: -4.138265e-01, e+1: -4.118441e-01, T: 1.0000e-04, no:       3, try:  16500000000
emin+1: -4.139688e-01, e+1: -4.124472e-01, T: 7.4928e-05, no:       1, try:  16912500000
emin+1: -4.141285e-01, e+1: -4.129013e-01, T: 6.3096e-05, no:       1, try:  17325000000
emin+1: -4.142805e-01, e+1: -4.132566e-01, T: 4.7276e-05, no:       7, try:  17737500000
emin+1: -4.143570e-01, e+1: -4.135082e-01, T: 3.9811e-05, no:       6, try:  18150000000
emin+1: -4.146229e-01, e+1: -4.137319e-01, T: 2.9829e-05, no:       2, try:  18562500000
emin+1: -4.147512e-01, e+1: -4.139333e-01, T: 2.5119e-05, no:       0, try:  18975000000
emin+1: -4.148746e-01, e+1: -4.141762e-01, T: 1.8821e-05, no:       0, try:  19387500000
emin+1: -4.149272e-01, e+1: -4.144896e-01, T: 1.5849e-05, no:       0, try:  19800000000
emin+1: -4.149844e-01, e+1: -4.146422e-01, T: 1.1875e-05, no:      26, try:  20212500000
emin+1: -4.150488e-01, e+1: -4.147585e-01, T: 1.0000e-05, no:       2, try:  20625000000
emin+1: -4.150613e-01, e+1: -4.148549e-01, T: 7.4928e-06, no:       2, try:  21037500000
emin+1: -4.150957e-01, e+1: -4.149289e-01, T: 6.3096e-06, no:       1, try:  21450000000
emin+1: -4.151196e-01, e+1: -4.149855e-01, T: 4.7276e-06, no:      10, try:  21862500000
emin+1: -4.151309e-01, e+1: -4.150267e-01, T: 3.9811e-06, no:       3, try:  22275000000
emin+1: -4.151428e-01, e+1: -4.150640e-01, T: 2.9829e-06, no:      14, try:  22687500000
emin+1: -4.151543e-01, e+1: -4.150915e-01, T: 2.5119e-06, no:       0, try:  23100000000
emin+1: -4.151640e-01, e+1: -4.151134e-01, T: 1.8821e-06, no:       4, try:  23512500000
emin+1: -4.151712e-01, e+1: -4.151302e-01, T: 1.5849e-06, no:      12, try:  23925000000
emin+1: -4.151760e-01, e+1: -4.151448e-01, T: 1.1875e-06, no:      17, try:  24337500000
emin+1: -4.151800e-01, e+1: -4.151561e-01, T: 1.0000e-06, no:      12, try:  24750000000
emin+1: -4.151858e-01, e+1: -4.151648e-01, T: 7.4928e-07, no:      21, try:  25162500000
emin+1: -4.151868e-01, e+1: -4.151718e-01, T: 6.3096e-07, no:      55, try:  25575000000
emin+1: -4.151884e-01, e+1: -4.151761e-01, T: 4.7276e-07, no:      46, try:  25987500000
emin+1: -4.151915e-01, e+1: -4.151812e-01, T: 3.9811e-07, no:       6, try:  26400000000
emin+1: -4.151933e-01, e+1: -4.151850e-01, T: 2.9829e-07, no:      19, try:  26812500000
emin+1: -4.151945e-01, e+1: -4.151883e-01, T: 2.5119e-07, no:      13, try:  27225000000
emin+1: -4.151957e-01, e+1: -4.151906e-01, T: 1.8821e-07, no:     117, try:  27637500000
emin+1: -4.151963e-01, e+1: -4.151923e-01, T: 1.5849e-07, no:      35, try:  28050000000
emin+1: -4.151969e-01, e+1: -4.151939e-01, T: 1.1875e-07, no:     103, try:  28462500000
emin+1: -4.151973e-01, e+1: -4.151948e-01, T: 1.0000e-07, no:      44, try:  28875000000
emin+1: -4.151977e-01, e+1: -4.151958e-01, T: 7.4928e-08, no:       2, try:  29287500000
emin+1: -4.151981e-01, e+1: -4.151966e-01, T: 6.3096e-08, no:      27, try:  29700000000
emin+1: -4.151983e-01, e+1: -4.151970e-01, T: 4.7276e-08, no:       4, try:  30112500000
emin+1: -4.151985e-01, e+1: -4.151976e-01, T: 3.9811e-08, no:      49, try:  30525000000
emin+1: -4.151987e-01, e+1: -4.151980e-01, T: 2.9829e-08, no:      58, try:  30937500000
emin+1: -4.151988e-01, e+1: -4.151982e-01, T: 2.5119e-08, no:      86, try:  31350000000
emin+1: -4.151990e-01, e+1: -4.151984e-01, T: 1.8821e-08, no:     259, try:  31762500000
emin+1: -4.151990e-01, e+1: -4.151986e-01, T: 1.5849e-08, no:     153, try:  32175000000
emin+1: -4.151991e-01, e+1: -4.151988e-01, T: 1.1875e-08, no:      96, try:  32587500000
emin+1: -4.151991e-01, e+1: -4.151989e-01, T: 1.0000e-08, no:     476, try:  33000000000
emin+1: -4.151991e-01, e+1: -4.151989e-01, T: 7.4928e-09, no:       1, try:  33412500000
emin+1: -4.151992e-01, e+1: -4.151990e-01, T: 6.3096e-09, no:      16, try:  33825000000
emin+1: -4.151992e-01, e+1: -4.151991e-01, T: 4.7276e-09, no:     139, try:  34237500000
emin+1: -4.151992e-01, e+1: -4.151992e-01, T: 3.9811e-09, no:      12, try:  34650000000
emin+1: -4.151993e-01, e+1: -4.151992e-01, T: 2.9829e-09, no:    1747, try:  35062500000
emin+1: -4.151993e-01, e+1: -4.151992e-01, T: 2.5119e-09, no:     571, try:  35475000000
emin+1: -4.151993e-01, e+1: -4.151993e-01, T: 1.8821e-09, no:     239, try:  35887500000
emin+1: -4.151993e-01, e+1: -4.151993e-01, T: 1.5849e-09, no:     822, try:  36300000000
emin+1: -4.151993e-01, e+1: -4.151993e-01, T: 1.1875e-09, no:      44, try:  36712500000
emin+1: -4.151993e-01, e+1: -4.151993e-01, T: 1.0000e-09, no:     195, try:  37125000000
emin+1: -4.151993e-01, e+1: -4.151993e-01, T: 7.4928e-10, no:    1891, try:  37537500000
emin+1: -4.151993e-01, e+1: -4.151993e-01, T: 6.3096e-10, no:     185, try:  37950000000
emin+1: -4.151993e-01, e+1: -4.151993e-01, T: 4.7276e-10, no:     701, try:  38362500000
emin+1: -4.151993e-01, e+1: -4.151993e-01, T: 3.9811e-10, no:     369, try:  38775000000
emin+1: -4.151993e-01, e+1: -4.151993e-01, T: 2.9829e-10, no:     459, try:  39187500000
emin+1: -4.151993e-01, e+1: -4.151993e-01, T: 2.5119e-10, no:    5654, try:  39600000000
emin+1: -4.151993e-01, e+1: -4.151993e-01, T: 1.8821e-10, no:    1053, try:  40012500000
emin+1: -4.151993e-01, e+1: -4.151993e-01, T: 1.5849e-10, no:     489, try:  40425000000
emin+1: -4.151993e-01, e+1: -4.151993e-01, T: 1.1875e-10, no:     426, try:  40837500000
emin+1: -4.151993e-01, e+1: -4.151993e-01, T: 1.0000e-10, no:    4258, try:  41250000000
emin+1: -4.151993e-01, e+1: -4.151993e-01, T: 7.4928e-11, no:     753, try:  41662500000
emin+1: -4.151993e-01, e+1: -4.151993e-01, T: 6.3096e-11, no:    1690, try:  42075000000
emin+1: -4.151993e-01, e+1: -4.151993e-01, T: 4.7276e-11, no:     600, try:  42487500000
emin+1: -4.151993e-01, e+1: -4.151993e-01, T: 3.9811e-11, no:     687, try:  42900000000
emin+1: -4.151993e-01, e+1: -4.151993e-01, T: 2.9829e-11, no:    2868, try:  43312500000
emin+1: -4.151993e-01, e+1: -4.151993e-01, T: 2.5119e-11, no:    4235, try:  43725000000
emin+1: -4.151993e-01, e+1: -4.151993e-01, T: 1.8821e-11, no:    4530, try:  44137500000
emin+1: -4.151993e-01, e+1: -4.151993e-01, T: 1.5849e-11, no:    4787, try:  44550000000
emin+1: -4.151993e-01, e+1: -4.151993e-01, T: 1.1875e-11, no:     485, try:  44962500000
emin+1: -4.151993e-01, e+1: -4.151993e-01, T: 1.0000e-11, no:    1034, try:  45375000000
emin+1: -4.151993e-01, e+1: -4.151993e-01, T: 7.4928e-12, no:    2218, try:  45787500000
emin+1: -4.151993e-01, e+1: -4.151993e-01, T: 6.3096e-12, no:    1555, try:  46200000000
emin+1: -4.151993e-01, e+1: -4.151993e-01, T: 4.7276e-12, no:     759, try:  46612500000
emin+1: -4.151993e-01, e+1: -4.151993e-01, T: 3.9811e-12, no:    2769, try:  47025000000
emin+1: -4.151993e-01, e+1: -4.151993e-01, T: 2.9829e-12, no:      25, try:  47437500000
emin+1: -4.151993e-01, e+1: -4.151993e-01, T: 2.5119e-12, no:    6418, try:  47850000000
emin+1: -4.151993e-01, e+1: -4.151993e-01, T: 1.8821e-12, no:     368, try:  48262500000
emin+1: -4.151993e-01, e+1: -4.151993e-01, T: 1.5849e-12, no:    1348, try:  48675000000
emin+1: -4.151993e-01, e+1: -4.151993e-01, T: 1.1875e-12, no:    1614, try:  49087500000
emin+1: -4.151993e-01, e+1: -4.151993e-01, T: 1.0000e-12, no:     506, try:  49500000000
emin+1: -4.151993e-01, e+1: -4.151993e-01, T: 7.4928e-13, no:    1106, try:  49912500000
emin+1: -4.151993e-01, e+1: -4.151993e-01, T: 6.3096e-13, no:     259, try:  50325000000
emin+1: -4.151993e-01, e+1: -4.151993e-01, T: 4.7276e-13, no:     226, try:  50737500000
emin+1: -4.151993e-01, e+1: -4.151993e-01, T: 3.9811e-13, no:     610, try:  51150000000
emin+1: -4.151993e-01, e+1: -4.151993e-01, T: 2.9829e-13, no:      84, try:  51562500000
emin+1: -4.151993e-01, e+1: -4.151993e-01, T: 2.5119e-13, no:     560, try:  51975000000
emin+1: -4.151993e-01, e+1: -4.151993e-01, T: 1.8821e-13, no:     372, try:  52387500000
emin+1: -4.151993e-01, e+1: -4.151993e-01, T: 1.5849e-13, no:     138, try:  52800000000
emin+1: -4.151993e-01, e+1: -4.151993e-01, T: 1.1875e-13, no:    1899, try:  53212500000
emin+1: -4.151993e-01, e+1: -4.151993e-01, T: 1.0000e-13, no:      56, try:  53625000000
emin+1: -4.151993e-01, e+1: -4.151993e-01, T: 7.4928e-14, no:     201, try:  54037500000
emin+1: -4.151993e-01, e+1: -4.151993e-01, T: 6.3096e-14, no:       1, try:  54450000000
emin+1: -4.151993e-01, e+1: -4.151993e-01, T: 4.7276e-14, no:      28, try:  54862500000
emin+1: -4.151993e-01, e+1: -4.151993e-01, T: 3.9811e-14, no:       8, try:  55275000000
emin+1: -4.151993e-01, e+1: -4.151993e-01, T: 2.9829e-14, no:      14, try:  55687500000
emin+1: -4.151993e-01, e+1: -4.151993e-01, T: 2.5119e-14, no:     886, try:  56100000000
emin+1: -4.151993e-01, e+1: -4.151993e-01, T: 1.8821e-14, no:     258, try:  56512500000
emin+1: -4.151993e-01, e+1: -4.151993e-01, T: 1.5849e-14, no:     170, try:  56925000000
emin+1: -4.151993e-01, e+1: -4.151993e-01, T: 1.1875e-14, no:     187, try:  57337500000
emin+1: -4.151993e-01, e+1: -4.151993e-01, T: 1.0000e-14, no:      47, try:  57750000000
emin+1: -4.151993e-01, e+1: -4.151993e-01, T: 7.4928e-15, no:      16, try:  58162500000
emin+1: -4.151993e-01, e+1: -4.151993e-01, T: 6.3096e-15, no:     116, try:  58575000000
emin+1: -4.151993e-01, e+1: -4.151993e-01, T: 4.7276e-15, no:     113, try:  58987500000
emin+1: -4.151993e-01, e+1: -4.151993e-01, T: 3.9811e-15, no:      57, try:  59400000000
emin+1: -4.151993e-01, e+1: -4.151993e-01, T: 2.9829e-15, no:      12, try:  59812500000
emin+1: -4.151993e-01, e+1: -4.151993e-01, T: 2.5119e-15, no:      10, try:  60225000000
emin+1: -4.151993e-01, e+1: -4.151993e-01, T: 1.8821e-15, no:      67, try:  60637500000
emin+1: -4.151993e-01, e+1: -4.151993e-01, T: 1.5849e-15, no:       0, try:  61050000000
emin+1: -4.151993e-01, e+1: -4.151993e-01, T: 1.1875e-15, no:      18, try:  61462500000
emin+1: -4.151993e-01, e+1: -4.151993e-01, T: 1.0000e-15, no:       6, try:  61875000000

Last chain: -1.415199335805675918660909152e+00
Best chain: -1.415199335805676950062435837e+00 (-1.415199335805676950062435837e+00)

Error: length:  0.000000000000000000000000000e+00, angle:  0.000000000000000000000000000e+00


Last chain: -1.415199335805675918660909152e+00
Best chain: -1.415199335805676950062435837e+00 (-1.415199335805676950062435837e+00)

Error: length:  0.000000000000000000000000000e+00, angle:  0.000000000000000000000000000e+00


6 13
emin+1:  0.000000e+00, e+1:  0.000000e+00, T: 1.0000e+00
emin+1:  0.000000e+00, e+1:  4.578160e-01, T: 7.4928e-01, no:       2, try:    703500000
emin+1:  0.000000e+00, e+1:  4.574725e-01, T: 6.3096e-01, no:       4, try:   1407000000
emin+1:  0.000000e+00, e+1:  4.568606e-01, T: 4.7276e-01, no:       2, try:   2110500000
emin+1:  0.000000e+00, e+1:  4.562631e-01, T: 3.9811e-01, no:       0, try:   2814000000
emin+1:  0.000000e+00, e+1:  4.554448e-01, T: 2.9829e-01, no:       0, try:   3517500000
emin+1:  0.000000e+00, e+1:  4.543910e-01, T: 2.5119e-01, no:       0, try:   4221000000
emin+1:  0.000000e+00, e+1:  4.529710e-01, T: 1.8821e-01, no:       1, try:   4924500000
emin+1:  0.000000e+00, e+1:  4.513489e-01, T: 1.5849e-01, no:       0, try:   5628000000
emin+1:  0.000000e+00, e+1:  4.490278e-01, T: 1.1875e-01, no:       2, try:   6331500000
emin+1:  0.000000e+00, e+1:  4.463620e-01, T: 1.0000e-01, no:       1, try:   7035000000
emin+1:  0.000000e+00, e+1:  4.428891e-01, T: 7.4928e-02, no:       0, try:   7738500000
emin+1:  0.000000e+00, e+1:  4.387982e-01, T: 6.3096e-02, no:       0, try:   8442000000
emin+1:  0.000000e+00, e+1:  4.327582e-01, T: 4.7276e-02, no:       1, try:   9145500000
emin+1:  0.000000e+00, e+1:  4.261995e-01, T: 3.9811e-02, no:       1, try:   9849000000
emin+1:  0.000000e+00, e+1:  4.166890e-01, T: 2.9829e-02, no:       0, try:  10552500000
emin+1:  0.000000e+00, e+1:  4.061681e-01, T: 2.5119e-02, no:       2, try:  11256000000
emin+1:  0.000000e+00, e+1:  3.913506e-01, T: 1.8821e-02, no:       2, try:  11959500000
emin+1:  0.000000e+00, e+1:  3.741077e-01, T: 1.5849e-02, no:       0, try:  12663000000
emin+1:  0.000000e+00, e+1:  3.496585e-01, T: 1.1875e-02, no:       1, try:  13366500000
emin+1:  0.000000e+00, e+1:  3.195228e-01, T: 1.0000e-02, no:       0, try:  14070000000
emin+1: -3.397856e-02, e+1:  2.620581e-01, T: 7.4928e-03, no:       1, try:  14773500000
emin+1: -1.012145e-01, e+1:  1.782529e-01, T: 6.3096e-03, no:       0, try:  15477000000
emin+1: -2.332626e-01, e+1:  8.156815e-02, T: 4.7276e-03, no:       0, try:  16180500000
emin+1: -3.039791e-01, e+1: -6.056162e-02, T: 3.9811e-03, no:       0, try:  16884000000
emin+1: -3.344184e-01, e+1: -1.964163e-01, T: 2.9829e-03, no:       3, try:  17587500000
emin+1: -3.559419e-01, e+1: -2.551792e-01, T: 2.5119e-03, no:       3, try:  18291000000
emin+1: -3.718904e-01, e+1: -2.962169e-01, T: 1.8821e-03, no:       0, try:  18994500000
emin+1: -3.793467e-01, e+1: -3.242967e-01, T: 1.5849e-03, no:       0, try:  19698000000
emin+1: -3.901688e-01, e+1: -3.459879e-01, T: 1.1875e-03, no:       0, try:  20401500000
emin+1: -3.944557e-01, e+1: -3.613351e-01, T: 1.0000e-03, no:       0, try:  21105000000
emin+1: -4.000790e-01, e+1: -3.735237e-01, T: 7.4928e-04, no:       4, try:  21808500000
emin+1: -4.023109e-01, e+1: -3.824226e-01, T: 6.3096e-04, no:       1, try:  22512000000
emin+1: -4.062965e-01, e+1: -3.896021e-01, T: 4.7276e-04, no:       0, try:  23215500000
emin+1: -4.070878e-01, e+1: -3.948945e-01, T: 3.9811e-04, no:       0, try:  23919000000
emin+1: -4.087986e-01, e+1: -3.992417e-01, T: 2.9829e-04, no:       3, try:  24622500000
emin+1: -4.110559e-01, e+1: -4.025051e-01, T: 2.5119e-04, no:      17, try:  25326000000
emin+1: -4.114089e-01, e+1: -4.051728e-01, T: 1.8821e-04, no:       0, try:  26029500000
emin+1: -4.116559e-01, e+1: -4.071783e-01, T: 1.5849e-04, no:       2, try:  26733000000
emin+1: -4.125199e-01, e+1: -4.088074e-01, T: 1.1875e-04, no:       5, try:  27436500000
emin+1: -4.132212e-01, e+1: -4.100219e-01, T: 1.0000e-04, no:       4, try:  28140000000
emin+1: -4.133157e-01, e+1: -4.110058e-01, T: 7.4928e-05, no:       3, try:  28843500000
emin+1: -4.134649e-01, e+1: -4.117390e-01, T: 6.3096e-05, no:       2, try:  29547000000
emin+1: -4.137286e-01, e+1: -4.123416e-01, T: 4.7276e-05, no:       7, try:  30250500000
emin+1: -4.138224e-01, e+1: -4.127816e-01, T: 3.9811e-05, no:      15, try:  30954000000
emin+1: -4.139192e-01, e+1: -4.131271e-01, T: 2.9829e-05, no:       7, try:  31657500000
emin+1: -4.140140e-01, e+1: -4.133831e-01, T: 2.5119e-05, no:      34, try:  32361000000
emin+1: -4.140774e-01, e+1: -4.135953e-01, T: 1.8821e-05, no:       0, try:  33064500000
emin+1: -4.141229e-01, e+1: -4.137459e-01, T: 1.5849e-05, no:       1, try:  33768000000
emin+1: -4.141817e-01, e+1: -4.138722e-01, T: 1.1875e-05, no:       1, try:  34471500000
emin+1: -4.142106e-01, e+1: -4.139668e-01, T: 1.0000e-05, no:       6, try:  35175000000
emin+1: -4.142203e-01, e+1: -4.140453e-01, T: 7.4928e-06, no:       5, try:  35878500000
emin+1: -4.142418e-01, e+1: -4.140972e-01, T: 6.3096e-06, no:      19, try:  36582000000
emin+1: -4.142434e-01, e+1: -4.141374e-01, T: 4.7276e-06, no:       0, try:  37285500000
emin+1: -4.142434e-01, e+1: -4.141551e-01, T: 3.9811e-06, no:       8, try:  37989000000
emin+1: -4.143949e-01, e+1: -4.142163e-01, T: 2.9829e-06, no:      28, try:  38692500000
emin+1: -4.144210e-01, e+1: -4.143349e-01, T: 2.5119e-06, no:       7, try:  39396000000
emin+1: -4.144332e-01, e+1: -4.143669e-01, T: 1.8821e-06, no:       5, try:  40099500000
emin+1: -4.144445e-01, e+1: -4.143929e-01, T: 1.5849e-06, no:       2, try:  40803000000
emin+1: -4.144600e-01, e+1: -4.144118e-01, T: 1.1875e-06, no:      41, try:  41506500000
emin+1: -4.144648e-01, e+1: -4.144343e-01, T: 1.0000e-06, no:       3, try:  42210000000
emin+1: -4.144695e-01, e+1: -4.144445e-01, T: 7.4928e-07, no:       3, try:  42913500000
emin+1: -4.144744e-01, e+1: -4.144562e-01, T: 6.3096e-07, no:      27, try:  43617000000
emin+1: -4.144784e-01, e+1: -4.144632e-01, T: 4.7276e-07, no:      16, try:  44320500000
emin+1: -4.144811e-01, e+1: -4.144688e-01, T: 3.9811e-07, no:      15, try:  45024000000
emin+1: -4.144845e-01, e+1: -4.144752e-01, T: 2.9829e-07, no:      14, try:  45727500000
emin+1: -4.144872e-01, e+1: -4.144787e-01, T: 2.5119e-07, no:       0, try:  46431000000
emin+1: -4.144882e-01, e+1: -4.144821e-01, T: 1.8821e-07, no:      13, try:  47134500000
emin+1: -4.144888e-01, e+1: -4.144848e-01, T: 1.5849e-07, no:       3, try:  47838000000
emin+1: -4.144903e-01, e+1: -4.144868e-01, T: 1.1875e-07, no:      98, try:  48541500000
emin+1: -4.144910e-01, e+1: -4.144882e-01, T: 1.0000e-07, no:      22, try:  49245000000
emin+1: -4.144914e-01, e+1: -4.144894e-01, T: 7.4928e-08, no:       6, try:  49948500000
emin+1: -4.144923e-01, e+1: -4.144902e-01, T: 6.3096e-08, no:       0, try:  50652000000
emin+1: -4.144925e-01, e+1: -4.144911e-01, T: 4.7276e-08, no:      53, try:  51355500000
emin+1: -4.144928e-01, e+1: -4.144917e-01, T: 3.9811e-08, no:      76, try:  52059000000
emin+1: -4.144932e-01, e+1: -4.144922e-01, T: 2.9829e-08, no:       2, try:  52762500000
emin+1: -4.144935e-01, e+1: -4.144926e-01, T: 2.5119e-08, no:       4, try:  53466000000
emin+1: -4.144935e-01, e+1: -4.144929e-01, T: 1.8821e-08, no:      10, try:  54169500000
emin+1: -4.144935e-01, e+1: -4.144931e-01, T: 1.5849e-08, no:     140, try:  54873000000
emin+1: -4.144937e-01, e+1: -4.144934e-01, T: 1.1875e-08, no:     115, try:  55576500000
emin+1: -4.144938e-01, e+1: -4.144936e-01, T: 1.0000e-08, no:      26, try:  56280000000
emin+1: -4.144939e-01, e+1: -4.144937e-01, T: 7.4928e-09, no:       0, try:  56983500000
emin+1: -4.144939e-01, e+1: -4.144937e-01, T: 6.3096e-09, no:       5, try:  57687000000
emin+1: -4.144940e-01, e+1: -4.144938e-01, T: 4.7276e-09, no:      11, try:  58390500000
emin+1: -4.144941e-01, e+1: -4.144940e-01, T: 3.9811e-09, no:     175, try:  59094000000
emin+1: -4.144941e-01, e+1: -4.144940e-01, T: 2.9829e-09, no:      15, try:  59797500000
emin+1: -4.144941e-01, e+1: -4.144941e-01, T: 2.5119e-09, no:     171, try:  60501000000
emin+1: -4.144941e-01, e+1: -4.144941e-01, T: 1.8821e-09, no:      33, try:  61204500000
emin+1: -4.144942e-01, e+1: -4.144941e-01, T: 1.5849e-09, no:      86, try:  61908000000
emin+1: -4.144942e-01, e+1: -4.144941e-01, T: 1.1875e-09, no:      36, try:  62611500000
emin+1: -4.144942e-01, e+1: -4.144942e-01, T: 1.0000e-09, no:      35, try:  63315000000
emin+1: -4.144942e-01, e+1: -4.144942e-01, T: 7.4928e-10, no:      47, try:  64018500000
emin+1: -4.144942e-01, e+1: -4.144942e-01, T: 6.3096e-10, no:      28, try:  64722000000
emin+1: -4.144942e-01, e+1: -4.144942e-01, T: 4.7276e-10, no:      39, try:  65425500000
emin+1: -4.144942e-01, e+1: -4.144942e-01, T: 3.9811e-10, no:     932, try:  66129000000
emin+1: -4.144942e-01, e+1: -4.144942e-01, T: 2.9829e-10, no:     186, try:  66832500000
emin+1: -4.144942e-01, e+1: -4.144942e-01, T: 2.5119e-10, no:     437, try:  67536000000
emin+1: -4.144942e-01, e+1: -4.144942e-01, T: 1.8821e-10, no:     807, try:  68239500000
emin+1: -4.144942e-01, e+1: -4.144942e-01, T: 1.5849e-10, no:     265, try:  68943000000
emin+1: -4.144942e-01, e+1: -4.144942e-01, T: 1.1875e-10, no:     557, try:  69646500000
emin+1: -4.144942e-01, e+1: -4.144942e-01, T: 1.0000e-10, no:     312, try:  70350000000
emin+1: -4.144942e-01, e+1: -4.144942e-01, T: 7.4928e-11, no:     159, try:  71053500000
emin+1: -4.144942e-01, e+1: -4.144942e-01, T: 6.3096e-11, no:     210, try:  71757000000
emin+1: -4.144942e-01, e+1: -4.144942e-01, T: 4.7276e-11, no:     157, try:  72460500000
emin+1: -4.144942e-01, e+1: -4.144942e-01, T: 3.9811e-11, no:       5, try:  73164000000
emin+1: -4.144942e-01, e+1: -4.144942e-01, T: 2.9829e-11, no:       7, try:  73867500000
emin+1: -4.144942e-01, e+1: -4.144942e-01, T: 2.5119e-11, no:     151, try:  74571000000
emin+1: -4.144942e-01, e+1: -4.144942e-01, T: 1.8821e-11, no:      10, try:  75274500000
emin+1: -4.144942e-01, e+1: -4.144942e-01, T: 1.5849e-11, no:     149, try:  75978000000
emin+1: -4.144942e-01, e+1: -4.144942e-01, T: 1.1875e-11, no:     216, try:  76681500000
emin+1: -4.144942e-01, e+1: -4.144942e-01, T: 1.0000e-11, no:     373, try:  77385000000
emin+1: -4.144942e-01, e+1: -4.144942e-01, T: 7.4928e-12, no:      74, try:  78088500000
emin+1: -4.144942e-01, e+1: -4.144942e-01, T: 6.3096e-12, no:      67, try:  78792000000
emin+1: -4.144942e-01, e+1: -4.144942e-01, T: 4.7276e-12, no:     145, try:  79495500000
emin+1: -4.144942e-01, e+1: -4.144942e-01, T: 3.9811e-12, no:      88, try:  80199000000
emin+1: -4.144942e-01, e+1: -4.144942e-01, T: 2.9829e-12, no:     162, try:  80902500000
emin+1: -4.144942e-01, e+1: -4.144942e-01, T: 2.5119e-12, no:      14, try:  81606000000
emin+1: -4.144942e-01, e+1: -4.144942e-01, T: 1.8821e-12, no:      16, try:  82309500000
emin+1: -4.144942e-01, e+1: -4.144942e-01, T: 1.5849e-12, no:     118, try:  83013000000
emin+1: -4.144942e-01, e+1: -4.144942e-01, T: 1.1875e-12, no:     404, try:  83716500000
emin+1: -4.144942e-01, e+1: -4.144942e-01, T: 1.0000e-12, no:       0, try:  84420000000
emin+1: -4.144942e-01, e+1: -4.144942e-01, T: 7.4928e-13, no:       2, try:  85123500000
emin+1: -4.144942e-01, e+1: -4.144942e-01, T: 6.3096e-13, no:      76, try:  85827000000
emin+1: -4.144942e-01, e+1: -4.144942e-01, T: 4.7276e-13, no:       7, try:  86530500000
emin+1: -4.144942e-01, e+1: -4.144942e-01, T: 3.9811e-13, no:      20, try:  87234000000
emin+1: -4.144942e-01, e+1: -4.144942e-01, T: 2.9829e-13, no:      90, try:  87937500000
emin+1: -4.144942e-01, e+1: -4.144942e-01, T: 2.5119e-13, no:      25, try:  88641000000
emin+1: -4.144942e-01, e+1: -4.144942e-01, T: 1.8821e-13, no:      14, try:  89344500000
emin+1: -4.144942e-01, e+1: -4.144942e-01, T: 1.5849e-13, no:      11, try:  90048000000
emin+1: -4.144942e-01, e+1: -4.144942e-01, T: 1.1875e-13, no:      14, try:  90751500000
emin+1: -4.144942e-01, e+1: -4.144942e-01, T: 1.0000e-13, no:      27, try:  91455000000
emin+1: -4.144942e-01, e+1: -4.144942e-01, T: 7.4928e-14, no:      22, try:  92158500000
emin+1: -4.144942e-01, e+1: -4.144942e-01, T: 6.3096e-14, no:      14, try:  92862000000
emin+1: -4.144942e-01, e+1: -4.144942e-01, T: 4.7276e-14, no:      68, try:  93565500000
emin+1: -4.144942e-01, e+1: -4.144942e-01, T: 3.9811e-14, no:      22, try:  94269000000
emin+1: -4.144942e-01, e+1: -4.144942e-01, T: 2.9829e-14, no:      10, try:  94972500000
emin+1: -4.144942e-01, e+1: -4.144942e-01, T: 2.5119e-14, no:       9, try:  95676000000
emin+1: -4.144942e-01, e+1: -4.144942e-01, T: 1.8821e-14, no:      10, try:  96379500000
emin+1: -4.144942e-01, e+1: -4.144942e-01, T: 1.5849e-14, no:      32, try:  97083000000
emin+1: -4.144942e-01, e+1: -4.144942e-01, T: 1.1875e-14, no:      12, try:  97786500000
emin+1: -4.144942e-01, e+1: -4.144942e-01, T: 1.0000e-14, no:      10, try:  98490000000
emin+1: -4.144942e-01, e+1: -4.144942e-01, T: 7.4928e-15, no:       2, try:  99193500000
emin+1: -4.144942e-01, e+1: -4.144942e-01, T: 6.3096e-15, no:      13, try:  99897000000
emin+1: -4.144942e-01, e+1: -4.144942e-01, T: 4.7276e-15, no:      12, try: 100600500000
emin+1: -4.144942e-01, e+1: -4.144942e-01, T: 3.9811e-15, no:      22, try: 101304000000
emin+1: -4.144942e-01, e+1: -4.144942e-01, T: 2.9829e-15, no:       2, try: 102007500000
emin+1: -4.144942e-01, e+1: -4.144942e-01, T: 2.5119e-15, no:       5, try: 102711000000
emin+1: -4.144942e-01, e+1: -4.144942e-01, T: 1.8821e-15, no:       9, try: 103414500000
emin+1: -4.144942e-01, e+1: -4.144942e-01, T: 1.5849e-15, no:      16, try: 104118000000
emin+1: -4.144942e-01, e+1: -4.144942e-01, T: 1.1875e-15, no:       1, try: 104821500000
emin+1: -4.144942e-01, e+1: -4.144942e-01, T: 1.0000e-15, no:       4, try: 105525000000

Last chain: -1.414494212124008368138688985e+00
Best chain: -1.414494212124014180438115462e+00 (-1.414494212124014180438115462e+00)

Error: length:  0.000000000000000000000000000e+00, angle:  0.000000000000000000000000000e+00


Last chain: -1.414494212124008368138688985e+00
Best chain: -1.414494212124014180438115462e+00 (-1.414494212124014180438115462e+00)

Error: length:  0.000000000000000000000000000e+00, angle:  0.000000000000000000000000000e+00


7 15
emin+1:  0.000000e+00, e+1:  0.000000e+00, T: 1.0000e+00
emin+1:  0.000000e+00, e+1:  4.946171e-01, T: 7.4928e-01, no:       2, try:   1105500000
emin+1:  0.000000e+00, e+1:  4.942937e-01, T: 6.3096e-01, no:       3, try:   2211000000
emin+1:  0.000000e+00, e+1:  4.938876e-01, T: 4.7276e-01, no:       3, try:   3316500000
emin+1:  0.000000e+00, e+1:  4.934170e-01, T: 3.9811e-01, no:       1, try:   4422000000
emin+1:  0.000000e+00, e+1:  4.927936e-01, T: 2.9829e-01, no:       0, try:   5527500000
emin+1:  0.000000e+00, e+1:  4.920448e-01, T: 2.5119e-01, no:       0, try:   6633000000
emin+1:  0.000000e+00, e+1:  4.909706e-01, T: 1.8821e-01, no:       4, try:   7738500000
emin+1:  0.000000e+00, e+1:  4.897706e-01, T: 1.5849e-01, no:       0, try:   8844000000
emin+1:  0.000000e+00, e+1:  4.881762e-01, T: 1.1875e-01, no:       1, try:   9949500000
emin+1:  0.000000e+00, e+1:  4.862063e-01, T: 1.0000e-01, no:       0, try:  11055000000
emin+1:  0.000000e+00, e+1:  4.836261e-01, T: 7.4928e-02, no:       1, try:  12160500000
emin+1:  0.000000e+00, e+1:  4.805473e-01, T: 6.3096e-02, no:       0, try:  13266000000
emin+1:  0.000000e+00, e+1:  4.763939e-01, T: 4.7276e-02, no:       2, try:  14371500000
emin+1:  0.000000e+00, e+1:  4.716531e-01, T: 3.9811e-02, no:       8, try:  15477000000
emin+1:  0.000000e+00, e+1:  4.650972e-01, T: 2.9829e-02, no:       1, try:  16582500000
emin+1:  0.000000e+00, e+1:  4.575046e-01, T: 2.5119e-02, no:       0, try:  17688000000
emin+1:  0.000000e+00, e+1:  4.471995e-01, T: 1.8821e-02, no:       0, try:  18793500000
emin+1:  0.000000e+00, e+1:  4.356488e-01, T: 1.5849e-02, no:       1, try:  19899000000
emin+1:  0.000000e+00, e+1:  4.198872e-01, T: 1.1875e-02, no:       4, try:  21004500000
emin+1:  0.000000e+00, e+1:  4.024282e-01, T: 1.0000e-02, no:       0, try:  22110000000
emin+1:  0.000000e+00, e+1:  3.760684e-01, T: 7.4928e-03, no:       0, try:  23215500000
emin+1:  0.000000e+00, e+1:  3.394889e-01, T: 6.3096e-03, no:       1, try:  24321000000
emin+1:  0.000000e+00, e+1:  2.510579e-01, T: 4.7276e-03, no:       0, try:  25426500000
emin+1: -1.059916e-01, e+1:  1.370379e-01, T: 3.9811e-03, no:       3, try:  26532000000
emin+1: -2.667141e-01, e+1:  2.562925e-03, T: 2.9829e-03, no:       2, try:  27637500000
emin+1: -3.136972e-01, e+1: -1.677574e-01, T: 2.5119e-03, no:       0, try:  28743000000
emin+1: -3.419643e-01, e+1: -2.374587e-01, T: 1.8821e-03, no:       2, try:  29848500000
emin+1: -3.549801e-01, e+1: -2.818163e-01, T: 1.5849e-03, no:       8, try:  30954000000
emin+1: -3.716600e-01, e+1: -3.146961e-01, T: 1.1875e-03, no:       0, try:  32059500000
emin+1: -3.797639e-01, e+1: -3.376274e-01, T: 1.0000e-03, no:       1, try:  33165000000
emin+1: -3.891481e-01, e+1: -3.554899e-01, T: 7.4928e-04, no:       0, try:  34270500000
emin+1: -3.939119e-01, e+1: -3.683843e-01, T: 6.3096e-04, no:       6, try:  35376000000
emin+1: -3.995123e-01, e+1: -3.787082e-01, T: 4.7276e-04, no:       3, try:  36481500000
emin+1: -4.027273e-01, e+1: -3.863048e-01, T: 3.9811e-04, no:       1, try:  37587000000
emin+1: -4.050472e-01, e+1: -3.925121e-01, T: 2.9829e-04, no:       0, try:  38692500000
emin+1: -4.067199e-01, e+1: -3.971199e-01, T: 2.5119e-04, no:       1, try:  39798000000
emin+1: -4.083715e-01, e+1: -4.009182e-01, T: 1.8821e-04, no:       4, try:  40903500000
emin+1: -4.098782e-01, e+1: -4.037809e-01, T: 1.5849e-04, no:       1, try:  42009000000
emin+1: -4.109223e-01, e+1: -4.061450e-01, T: 1.1875e-04, no:       2, try:  43114500000
emin+1: -4.116120e-01, e+1: -4.079013e-01, T: 1.0000e-04, no:       2, try:  44220000000
emin+1: -4.124000e-01, e+1: -4.093367e-01, T: 7.4928e-05, no:       7, try:  45325500000
emin+1: -4.128660e-01, e+1: -4.104004e-01, T: 6.3096e-05, no:       8, try:  46431000000
emin+1: -4.131349e-01, e+1: -4.112734e-01, T: 4.7276e-05, no:       7, try:  47536500000
emin+1: -4.132864e-01, e+1: -4.119327e-01, T: 3.9811e-05, no:       2, try:  48642000000
emin+1: -4.135253e-01, e+1: -4.124705e-01, T: 2.9829e-05, no:      12, try:  49747500000
emin+1: -4.136915e-01, e+1: -4.128645e-01, T: 2.5119e-05, no:      14, try:  50853000000
emin+1: -4.138288e-01, e+1: -4.131790e-01, T: 1.8821e-05, no:       6, try:  51958500000
emin+1: -4.139578e-01, e+1: -4.134104e-01, T: 1.5849e-05, no:       3, try:  53064000000
emin+1: -4.140148e-01, e+1: -4.136001e-01, T: 1.1875e-05, no:       0, try:  54169500000
emin+1: -4.140662e-01, e+1: -4.137395e-01, T: 1.0000e-05, no:      19, try:  55275000000
emin+1: -4.141253e-01, e+1: -4.138590e-01, T: 7.4928e-06, no:      16, try:  56380500000
emin+1: -4.141278e-01, e+1: -4.139439e-01, T: 6.3096e-06, no:       0, try:  57486000000
emin+1: -4.141574e-01, e+1: -4.140142e-01, T: 4.7276e-06, no:      20, try:  58591500000
emin+1: -4.141756e-01, e+1: -4.140698e-01, T: 3.9811e-06, no:       1, try:  59697000000
emin+1: -4.141944e-01, e+1: -4.141102e-01, T: 2.9829e-06, no:       2, try:  60802500000
emin+1: -4.141947e-01, e+1: -4.141362e-01, T: 2.5119e-06, no:       1, try:  61908000000
emin+1: -4.142003e-01, e+1: -4.141554e-01, T: 1.8821e-06, no:      12, try:  63013500000
emin+1: -4.142120e-01, e+1: -4.141707e-01, T: 1.5849e-06, no:      23, try:  64119000000
emin+1: -4.142120e-01, e+1: -4.141864e-01, T: 1.1875e-06, no:       5, try:  65224500000
emin+1: -4.142120e-01, e+1: -4.141948e-01, T: 1.0000e-06, no:       0, try:  66330000000
emin+1: -4.142123e-01, e+1: -4.141999e-01, T: 7.4928e-07, no:      28, try:  67435500000
emin+1: -4.142123e-01, e+1: -4.142028e-01, T: 6.3096e-07, no:       0, try:  68541000000
emin+1: -4.142133e-01, e+1: -4.142060e-01, T: 4.7276e-07, no:       4, try:  69646500000
emin+1: -4.142153e-01, e+1: -4.142089e-01, T: 3.9811e-07, no:       0, try:  70752000000
emin+1: -4.142164e-01, e+1: -4.142116e-01, T: 2.9829e-07, no:       0, try:  71857500000
emin+1: -4.142171e-01, e+1: -4.142132e-01, T: 2.5119e-07, no:       0, try:  72963000000
emin+1: -4.142197e-01, e+1: -4.142162e-01, T: 1.8821e-07, no:       2, try:  74068500000
emin+1: -4.142215e-01, e+1: -4.142188e-01, T: 1.5849e-07, no:      18, try:  75174000000
emin+1: -4.142236e-01, e+1: -4.142214e-01, T: 1.1875e-07, no:       4, try:  76279500000
emin+1: -4.142244e-01, e+1: -4.142227e-01, T: 1.0000e-07, no:      12, try:  77385000000
emin+1: -4.142251e-01, e+1: -4.142240e-01, T: 7.4928e-08, no:       6, try:  78490500000
emin+1: -4.142258e-01, e+1: -4.142248e-01, T: 6.3096e-08, no:       4, try:  79596000000
emin+1: -4.142264e-01, e+1: -4.142256e-01, T: 4.7276e-08, no:       0, try:  80701500000
emin+1: -4.142267e-01, e+1: -4.142261e-01, T: 3.9811e-08, no:       4, try:  81807000000
emin+1: -4.142269e-01, e+1: -4.142265e-01, T: 2.9829e-08, no:       2, try:  82912500000
emin+1: -4.142270e-01, e+1: -4.142267e-01, T: 2.5119e-08, no:       1, try:  84018000000
emin+1: -4.142270e-01, e+1: -4.142268e-01, T: 1.8821e-08, no:       0, try:  85123500000
emin+1: -4.142271e-01, e+1: -4.142269e-01, T: 1.5849e-08, no:       1, try:  86229000000
emin+1: -4.142271e-01, e+1: -4.142270e-01, T: 1.1875e-08, no:       4, try:  87334500000
emin+1: -4.142272e-01, e+1: -4.142271e-01, T: 1.0000e-08, no:       2, try:  88440000000
emin+1: -4.142272e-01, e+1: -4.142271e-01, T: 7.4928e-09, no:       2, try:  89545500000
emin+1: -4.142272e-01, e+1: -4.142272e-01, T: 6.3096e-09, no:       3, try:  90651000000
emin+1: -4.142272e-01, e+1: -4.142272e-01, T: 4.7276e-09, no:       0, try:  91756500000
emin+1: -4.142273e-01, e+1: -4.142272e-01, T: 3.9811e-09, no:       3, try:  92862000000
emin+1: -4.142273e-01, e+1: -4.142272e-01, T: 2.9829e-09, no:       1, try:  93967500000
emin+1: -4.142273e-01, e+1: -4.142272e-01, T: 2.5119e-09, no:       0, try:  95073000000
emin+1: -4.142273e-01, e+1: -4.142273e-01, T: 1.8821e-09, no:       8, try:  96178500000
emin+1: -4.142273e-01, e+1: -4.142273e-01, T: 1.5849e-09, no:       3, try:  97284000000
emin+1: -4.142273e-01, e+1: -4.142273e-01, T: 1.1875e-09, no:       9, try:  98389500000
emin+1: -4.142273e-01, e+1: -4.142273e-01, T: 1.0000e-09, no:       1, try:  99495000000
emin+1: -4.142273e-01, e+1: -4.142273e-01, T: 7.4928e-10, no:       0, try: 100600500000
emin+1: -4.142273e-01, e+1: -4.142273e-01, T: 6.3096e-10, no:       3, try: 101706000000
emin+1: -4.142273e-01, e+1: -4.142273e-01, T: 4.7276e-10, no:       1, try: 102811500000
emin+1: -4.142273e-01, e+1: -4.142273e-01, T: 3.9811e-10, no:       0, try: 103917000000
emin+1: -4.142273e-01, e+1: -4.142273e-01, T: 2.9829e-10, no:       2, try: 105022500000
emin+1: -4.142273e-01, e+1: -4.142273e-01, T: 2.5119e-10, no:       0, try: 106128000000
emin+1: -4.142273e-01, e+1: -4.142273e-01, T: 1.8821e-10, no:       0, try: 107233500000
emin+1: -4.142273e-01, e+1: -4.142273e-01, T: 1.5849e-10, no:       0, try: 108339000000
emin+1: -4.142273e-01, e+1: -4.142273e-01, T: 1.1875e-10, no:       5, try: 109444500000
emin+1: -4.142273e-01, e+1: -4.142273e-01, T: 1.0000e-10, no:       7, try: 110550000000
emin+1: -4.142273e-01, e+1: -4.142273e-01, T: 7.4928e-11, no:       0, try: 111655500000
emin+1: -4.142273e-01, e+1: -4.142273e-01, T: 6.3096e-11, no:       4, try: 112761000000
emin+1: -4.142273e-01, e+1: -4.142273e-01, T: 4.7276e-11, no:       0, try: 113866500000
emin+1: -4.142273e-01, e+1: -4.142273e-01, T: 3.9811e-11, no:       0, try: 114972000000
emin+1: -4.142273e-01, e+1: -4.142273e-01, T: 2.9829e-11, no:       0, try: 116077500000
emin+1: -4.142273e-01, e+1: -4.142273e-01, T: 2.5119e-11, no:       9, try: 117183000000
emin+1: -4.142273e-01, e+1: -4.142273e-01, T: 1.8821e-11, no:       4, try: 118288500000
emin+1: -4.142273e-01, e+1: -4.142273e-01, T: 1.5849e-11, no:       1, try: 119394000000
emin+1: -4.142273e-01, e+1: -4.142273e-01, T: 1.1875e-11, no:       0, try: 120499500000
emin+1: -4.142273e-01, e+1: -4.142273e-01, T: 1.0000e-11, no:       0, try: 121605000000
emin+1: -4.142273e-01, e+1: -4.142273e-01, T: 7.4928e-12, no:       6, try: 122710500000
emin+1: -4.142273e-01, e+1: -4.142273e-01, T: 6.3096e-12, no:       4, try: 123816000000
emin+1: -4.142273e-01, e+1: -4.142273e-01, T: 4.7276e-12, no:       0, try: 124921500000
emin+1: -4.142273e-01, e+1: -4.142273e-01, T: 3.9811e-12, no:       1, try: 126027000000
emin+1: -4.142273e-01, e+1: -4.142273e-01, T: 2.9829e-12, no:       1, try: 127132500000
emin+1: -4.142273e-01, e+1: -4.142273e-01, T: 2.5119e-12, no:       2, try: 128238000000
emin+1: -4.142273e-01, e+1: -4.142273e-01, T: 1.8821e-12, no:       2, try: 129343500000
emin+1: -4.142273e-01, e+1: -4.142273e-01, T: 1.5849e-12, no:       2, try: 130449000000
emin+1: -4.142273e-01, e+1: -4.142273e-01, T: 1.1875e-12, no:       0, try: 131554500000
emin+1: -4.142273e-01, e+1: -4.142273e-01, T: 1.0000e-12, no:       1, try: 132660000000
emin+1: -4.142273e-01, e+1: -4.142273e-01, T: 7.4928e-13, no:       0, try: 133765500000
emin+1: -4.142273e-01, e+1: -4.142273e-01, T: 6.3096e-13, no:       3, try: 134871000000
emin+1: -4.142273e-01, e+1: -4.142273e-01, T: 4.7276e-13, no:       6, try: 135976500000
emin+1: -4.142273e-01, e+1: -4.142273e-01, T: 3.9811e-13, no:       1, try: 137082000000
emin+1: -4.142273e-01, e+1: -4.142273e-01, T: 2.9829e-13, no:       3, try: 138187500000
emin+1: -4.142273e-01, e+1: -4.142273e-01, T: 2.5119e-13, no:       0, try: 139293000000
emin+1: -4.142273e-01, e+1: -4.142273e-01, T: 1.8821e-13, no:       0, try: 140398500000
emin+1: -4.142273e-01, e+1: -4.142273e-01, T: 1.5849e-13, no:       1, try: 141504000000
emin+1: -4.142273e-01, e+1: -4.142273e-01, T: 1.1875e-13, no:       0, try: 142609500000
emin+1: -4.142273e-01, e+1: -4.142273e-01, T: 1.0000e-13, no:       4, try: 143715000000
emin+1: -4.142273e-01, e+1: -4.142273e-01, T: 7.4928e-14, no:       6, try: 144820500000
emin+1: -4.142273e-01, e+1: -4.142273e-01, T: 6.3096e-14, no:       1, try: 145926000000
emin+1: -4.142273e-01, e+1: -4.142273e-01, T: 4.7276e-14, no:       3, try: 147031500000
emin+1: -4.142273e-01, e+1: -4.142273e-01, T: 3.9811e-14, no:       4, try: 148137000000
emin+1: -4.142273e-01, e+1: -4.142273e-01, T: 2.9829e-14, no:       5, try: 149242500000
emin+1: -4.142273e-01, e+1: -4.142273e-01, T: 2.5119e-14, no:       2, try: 150348000000
emin+1: -4.142273e-01, e+1: -4.142273e-01, T: 1.8821e-14, no:       1, try: 151453500000
emin+1: -4.142273e-01, e+1: -4.142273e-01, T: 1.5849e-14, no:       1, try: 152559000000
emin+1: -4.142273e-01, e+1: -4.142273e-01, T: 1.1875e-14, no:       2, try: 153664500000
emin+1: -4.142273e-01, e+1: -4.142273e-01, T: 1.0000e-14, no:       7, try: 154770000000
emin+1: -4.142273e-01, e+1: -4.142273e-01, T: 7.4928e-15, no:       0, try: 155875500000
emin+1: -4.142273e-01, e+1: -4.142273e-01, T: 6.3096e-15, no:       4, try: 156981000000
emin+1: -4.142273e-01, e+1: -4.142273e-01, T: 4.7276e-15, no:       2, try: 158086500000
emin+1: -4.142273e-01, e+1: -4.142273e-01, T: 3.9811e-15, no:       0, try: 159192000000
emin+1: -4.142273e-01, e+1: -4.142273e-01, T: 2.9829e-15, no:       0, try: 160297500000
emin+1: -4.142273e-01, e+1: -4.142273e-01, T: 2.5119e-15, no:       0, try: 161403000000
emin+1: -4.142273e-01, e+1: -4.142273e-01, T: 1.8821e-15, no:       5, try: 162508500000
emin+1: -4.142273e-01, e+1: -4.142273e-01, T: 1.5849e-15, no:       1, try: 163614000000
emin+1: -4.142273e-01, e+1: -4.142273e-01, T: 1.1875e-15, no:       1, try: 164719500000
emin+1: -4.142273e-01, e+1: -4.142273e-01, T: 1.0000e-15, no:       0, try: 165825000000

Last chain: -1.414227287970026835229979401e+00
Best chain: -1.414227287970038037640506390e+00 (-1.414227287970038037640506390e+00)

Error: length:  0.000000000000000000000000000e+00, angle:  0.000000000000000000000000000e+00


Last chain: -1.414227287970026835229979401e+00
Best chain: -1.414227287970038037640506390e+00 (-1.414227287970038037640506390e+00)

Error: length:  0.000000000000000000000000000e+00, angle:  0.000000000000000000000000000e+00

8 17
emin+1:  0.000000e+00, e+1:  0.000000e+00, T: 1.0000e+00
emin+1:  0.000000e+00, e+1:  5.241972e-01, T: 7.4928e-01, no:       0, try:   1639500000
emin+1:  0.000000e+00, e+1:  5.239814e-01, T: 6.3096e-01, no:       0, try:   3279000000
emin+1:  0.000000e+00, e+1:  5.236671e-01, T: 4.7276e-01, no:       0, try:   4918500000
emin+1:  0.000000e+00, e+1:  5.232840e-01, T: 3.9811e-01, no:       0, try:   6558000000
emin+1:  0.000000e+00, e+1:  5.227782e-01, T: 2.9829e-01, no:       5, try:   8197500000
emin+1:  0.000000e+00, e+1:  5.221683e-01, T: 2.5119e-01, no:       3, try:   9837000000
emin+1:  0.000000e+00, e+1:  5.214158e-01, T: 1.8821e-01, no:       2, try:  11476500000
emin+1:  0.000000e+00, e+1:  5.205470e-01, T: 1.5849e-01, no:       0, try:  13116000000
emin+1:  0.000000e+00, e+1:  5.192090e-01, T: 1.1875e-01, no:       4, try:  14755500000
emin+1:  0.000000e+00, e+1:  5.176968e-01, T: 1.0000e-01, no:       0, try:  16395000000
emin+1:  0.000000e+00, e+1:  5.157526e-01, T: 7.4928e-02, no:       0, try:  18034500000
emin+1:  0.000000e+00, e+1:  5.134927e-01, T: 6.3096e-02, no:       0, try:  19674000000
emin+1:  0.000000e+00, e+1:  5.102093e-01, T: 4.7276e-02, no:       3, try:  21313500000
emin+1:  0.000000e+00, e+1:  5.066754e-01, T: 3.9811e-02, no:       0, try:  22953000000
emin+1:  0.000000e+00, e+1:  5.015622e-01, T: 2.9829e-02, no:       0, try:  24592500000
emin+1:  0.000000e+00, e+1:  4.959715e-01, T: 2.5119e-02, no:       1, try:  26232000000
emin+1:  0.000000e+00, e+1:  4.884334e-01, T: 1.8821e-02, no:       1, try:  27871500000
emin+1:  0.000000e+00, e+1:  4.799681e-01, T: 1.5849e-02, no:       1, try:  29511000000
emin+1:  0.000000e+00, e+1:  4.684241e-01, T: 1.1875e-02, no:       0, try:  31150500000
emin+1:  0.000000e+00, e+1:  4.558917e-01, T: 1.0000e-02, no:       0, try:  32790000000
emin+1:  0.000000e+00, e+1:  4.391131e-01, T: 7.4928e-03, no:       0, try:  34429500000
emin+1:  0.000000e+00, e+1:  4.195557e-01, T: 6.3096e-03, no:       0, try:  36069000000
emin+1:  0.000000e+00, e+1:  3.876231e-01, T: 4.7276e-03, no:       0, try:  37708500000
emin+1:  0.000000e+00, e+1:  3.244431e-01, T: 3.9811e-03, no:       0, try:  39348000000
emin+1: -6.518574e-02, e+1:  1.719531e-01, T: 2.9829e-03, no:       1, try:  40987500000
emin+1: -2.221774e-01, e+1:  6.692380e-02, T: 2.5119e-03, no:       2, try:  42627000000
emin+1: -2.948154e-01, e+1: -1.514110e-01, T: 1.8821e-03, no:       0, try:  44266500000
emin+1: -3.197211e-01, e+1: -2.267086e-01, T: 1.5849e-03, no:       0, try:  45906000000
emin+1: -3.490889e-01, e+1: -2.754081e-01, T: 1.1875e-03, no:       0, try:  47545500000
emin+1: -3.645836e-01, e+1: -3.085744e-01, T: 1.0000e-03, no:       1, try:  49185000000
emin+1: -3.776713e-01, e+1: -3.336971e-01, T: 7.4928e-04, no:       1, try:  50824500000
emin+1: -3.830788e-01, e+1: -3.516625e-01, T: 6.3096e-04, no:       1, try:  52464000000
emin+1: -3.906504e-01, e+1: -3.658532e-01, T: 4.7276e-04, no:       4, try:  54103500000
emin+1: -3.961069e-01, e+1: -3.762413e-01, T: 3.9811e-04, no:       1, try:  55743000000
emin+1: -4.006930e-01, e+1: -3.846705e-01, T: 2.9829e-04, no:       0, try:  57382500000
emin+1: -4.024595e-01, e+1: -3.909107e-01, T: 2.5119e-04, no:       3, try:  59022000000
emin+1: -4.058632e-01, e+1: -3.960200e-01, T: 1.8821e-04, no:       0, try:  60661500000
emin+1: -4.070487e-01, e+1: -3.998528e-01, T: 1.5849e-04, no:       1, try:  62301000000
