   0.10670179410381214  0.34822363027190384  0.7291993905868391  0.9770909325303725
   0.08896028065029471  0.40142727542473733  0.7434919811919074  0.9364678763522276
   0.07374412002127798  0.44857978054519543  0.7556400136641999  0.8990088485732102
   0.06075301967276881  0.4900890114361969  0.7658871548394872  0.8651025471791779
   0.049694672667192574  0.5264665616758569  0.774451415932713  0.8347698207059436
   0.040298379688279345  0.5582457857642097  0.7815367792909951  0.8078409290328047
   0.03232046298263477  0.5859433790897949  0.787334450861071  0.784055033575079
   0.025545791571213332  0.6100413108115149  0.7920211776500428  0.7631161683893248
   0.019787105876972494  0.6309791480093554  0.7957575510667948  0.7447244088583989
   0.014883101268572337  0.6491519711601695  0.7986871581506986  0.7285926473246125
   0.010695899815972264  0.6649113381780035  0.8009366296457361  0.7144549456171725
   0.007108319305160166  0.6785678617980824  0.8026163743162152  0.7020699760155297
   0.004021188739885113  0.6903945622962239  0.8038217522907818  0.6912216491736815
   0.0013508479438107991  0.7006305014365553  0.8046344802212022  0.6817181914044809
   -0.0009731043977563381  0.7094844096216916  0.8051241173778141  0.6733904292053227
   0.001160073703753487  0.7172316225645583  0.8054545924051014  0.6661587228070565
   -0.0008349137089780113  0.7240330601865924  0.8056813258329517  0.6598920832758314
   0.0010150945795839332  0.7299791545047505  0.8057961131228347  0.6544408782246564
   -0.0007343076576794873  0.7351985069362714  0.8058446607471247  0.6497117232402967
   0.0009057599401807318  0.73975797879153  0.8058163475397578  0.6455916326309974
   -0.0006623944905578445  0.7437602981408223  0.8057488976232696  0.6420140796462706
   0.0008238381802593711  0.7472540876717697  0.8056301499503408  0.6388929122916936
   -0.0006120957682686917  0.7503215202191955  0.8054913762813279  0.6361808999562776
   0.0007628111495301439  0.7529972829887025  0.8053196131121946  0.6338117419056649
   -0.0005778873230293993  0.7553472844107818  0.8051409505756442  0.6317521356751893
   0.0007175971550796648  0.7573956755836543  0.8049421915680519  0.6299506074617198
   -0.0005555181262930338  0.7591955159232957  0.8047452670166498  0.6283839386247567
   0.0006842773426449719  0.7607630673597358  0.8045371592895204  0.627011827554069
   -0.000541752246829408  0.7621412367576028  0.8043364492245129  0.6258183648066382
   0.0006598541959813593  0.76334043660299  0.8041305825985929  0.6247717357421373
   -0.0005341490090634881  0.7643955400490854  0.8039354255072817  0.6238613246788516
   0.0006420498843217968  0.765312669323625  0.8037390702199696  0.623061813168251
   -0.0005308830982864339  0.7661203247956756  0.8035551658902909  0.6223664081548624
   0.000629143126697743  0.7668215222330914  0.8033725586420886  0.6217547994994028
   -0.000530600909396009  0.7674396901488069  0.803203071345326  0.621222939352583
   0.0006198398031226054  0.767975631057484  0.8030363562185496  0.6207544057847846
   -0.0005323076668160591  0.7684487209671358  0.8028827177568275  0.6203471056414117
   0.0006131716840833768  0.7688582189060117  0.8027326275233614  0.6199876564158873
   -0.0005352797216494447  0.7692202481478484  0.8025951158726239  0.6196753394534961
   0.0006084179106151718  0.7695330231083474  0.8024614602364992  0.6193991645524166
   -0.0005389969846634349  0.769810043121061  0.8023396120829074  0.6191593622267223
   0.0006050445415563587  0.7700488467500981  0.8022216236354932  0.6189468383576189
   -0.0005430912214732485  0.7702608051085501  0.8021145249712871  0.6187624616883189
   0.0006026582688208751  0.7704430510165575  0.8020111010966701  0.6185986515299118
   -0.0005473067112077542  0.7706052194701464  0.8019175889661039  0.618456688574236
   0.0006009711437923483  0.7707442331594624  0.8018274582199388  0.6183302088335307
   -0.0005514704660950593  0.7708683023005457  0.8017462582052332  0.6182207413719599
   0.0005997738043706886  0.7709742790602282  0.801668092290231  0.6181229074981066
   -0.0005554697994545124  0.7710691971521652  0.8015979098915614  0.6180383675012592
   0.0005989152304617853  0.771149935920675  0.8015303967785704  0.6179625464713898
   -0.0005592355131477187  0.7712225515131496  0.8014699760149285  0.6178971531065067
   0.0005982874919318185  0.7712840169723486  0.8014118655928772  0.6178382730352631
   -0.0005627293635079786  0.7713395711054746  0.8013600245545747  0.617787605869092
   0.0005978143004386751  0.7713863241307523  0.8013101550977849  0.6177417840234823
   -0.0005659347716392513  0.771428827277494  0.8012658055164127  0.6177024591332609
   0.0005974424499155338  0.7714643545258846  0.801223116969495  0.6176667194768523
   -0.000568849984293688  0.7714968752302312  0.8011852729047859  0.6176361434210323
   0.0005971354437713594  0.7715238414678944  0.8011488113002707  0.6176082019374964
   -0.0005714830783726402  0.7715487273438247  0.8011165905981531  0.6175843847019865
   0.0005968687722586966  0.7715691686015809  0.8010855066860206  0.6175624860869688
   -0.0005738483465581191  0.7715882155289411  0.8010581278041969  0.6175438987474696
   0.0005966264310922819  0.7716036869455098  0.8010316720695145  0.6175266920683545
   -0.0005759637127948245  0.7716182685955045  0.8010084480956566  0.6175121583874533
   0.0005963983705302121  0.7716299575655579  0.8009859636838189  0.6174986023297777
   -0.0005778489116593849  0.7716411245495879  0.800966294811893  0.6174872161281821
   0.0005961786393396222  0.7716499373085385  0.800947209405784  0.6174765067242234
   -0.0005795242309019942  0.7716584930685436  0.8009305747322812  0.6174675688432947
   0.0005959640455592777  0.7716651209417914  0.8009143920839665  0.6174590842977189
   -0.0005810096662078367  0.7716716798334408  0.8009003412964752  0.6174520544649624
   0.0005957531998108242  0.771676649919052  0.8008866328721429  0.6174453129923745
   -0.000582324375079879  0.771681681662302  0.8008747781970645  0.6174397730320702
   0.0005955458402617303  0.771685395598757  0.8008631752215006  0.6174344006051369
   -0.0005834863454634524  0.7716892592923387  0.8008531838531104  0.6174300262922764
   0.0005953423636600279  0.7716920229072426  0.8008433699195335  0.6174257319443234
   -0.0005845122164635013  0.7716949930546552  0.8008349570522716  0.6174222714486547
   0.0005951435060314097  0.7716970390349597  0.8008266613805205  0.617418828339557
   -0.0005854172049013211  0.7716993254559573  0.8008195838980592  0.6174160856983988
   0.0005949501311134434  0.7717008306784018  0.8008125752683679  0.6174133165811193
   -0.0005862151037890149  0.7717025937407219  0.8008066260975902  0.6174111390128368
   0.0005947630955124355  0.7717036925169256  0.8008007074507631  0.6174089050632537
   -0.0005869183280438686  0.7717050547866584  0.8007957105596788  0.6174071732166754
   0.000594583167767105  0.77170584898306  0.8007907142317351  0.6174053654364037
   -0.000587537989665053  0.771706904134512  0.8007865202327273  0.6174039858867535
   0.0005944109846409053  0.7717074709020676  0.8007823037789086  0.6174025184764372
   -0.0005880839897245077  0.771708290530772  0.800778786089037  0.6174014179420311
   0.0005942470325458922  0.7717086882068411  0.800775228645471  0.6174002231853725
   -0.0005885651183148988  0.7717093270383796  0.8007722801513135  0.6173993440638195
   0.0005940916454034604  0.7717095996511845  0.8007692792804658  0.617398368371268
   -0.0005889891563838554  0.7717100995228876  0.8007668094543563  0.6173976652886777
   0.0005939450127636116  0.7717102802278382  0.8007642784211332  0.6173968661324345
   -0.0005893629754143929  0.7717106731319272  0.8007622108373325  0.6173963032712997
   0.0005938071938555844  0.7717107868317333  0.8007600762652436  0.617395646806334
   -0.0005896926323791189  0.7717110972407191  0.800758346467672  0.6173951958327657
   0.0005936781345938086  0.7717111625819791  0.8007565463280538  0.6173946550466052
   -0.0005899834584440931  0.7717114092252688  0.8007551000050697  0.617394293499544
   0.0005935576855434872  0.7717114401188974  0.8007535818964929  0.6173938467702824
   -0.0005902401406358542  0.7717116373398639  0.8007523733223955  0.6173935568073382
   0.0005934456195533936  0.7717116441180326  0.8007510930016709  0.617393186777316
   -0.000590466796194903  0.7717118029104174  0.800750083708852  0.6173929541963455
   0.000593341648262715  0.7717117932061422  0.8007490038392874  0.6173926468903729


   0.9790634677515995  0.5149108550383907  0.34122859407747175  0.37273711177236435  0.8288734424952475
   0.9556216015314498  0.5163007861615279  0.3907325529388077  0.4011335901706231  0.8054698630055759
   0.931990269670929  0.5181497708771271  0.4336862633806176  0.42680412244625554  0.7827104153586368
   0.9090455241286277  0.5201690307964789  0.47070442402161006  0.4495681138055664  0.7611617758436049
   0.8873584079304254  0.5222382758319583  0.5024815161437126  0.46949000936427293  0.7411420008858123
   0.8672594963831103  0.5243098803405555  0.5296991144052463  0.4867631272968683  0.7227968113148862
   0.8489033861578317  0.5263641821475817  0.5529856430435054  0.5016396177449409  0.7061564074572754
   0.8323230800530405  0.5283903613627657  0.5729013199364225  0.5143891925372343  0.6911768076341203
   0.8174720749653277  0.5303792507459485  0.5899356539265195  0.5252757741149668  0.6777692009979436
   0.8042552228871189  0.5323213302216715  0.6045110861860948  0.5345452159948358  0.6658202517463726
   0.7925504829123493  0.5342067301920028  0.6169893608269231  0.5424197365375775  0.6552057524501411
   0.7822237440143578  0.5360258308772331  0.6276787879704725  0.5490963007945345  0.6457995109187085
   0.7731385867974165  0.5377698835486104  0.6368414372648386  0.5547472170926849  0.6374788990520504
   0.7651624530302966  0.5394314613751234  0.6446997932549731  0.5595218817661664  0.6301281139674219
   0.7592246678436602  0.5424812940944054  0.6514426803127193  0.5635490317193332  0.6236399046963063
   0.7542596184685971  0.5455411395558978  0.6573008658815715  0.5669656174339904  0.6179705367065887
   0.7495968961591376  0.5478354838605114  0.6624113788780084  0.569871259733132  0.6130315950296721
   0.7457456640610114  0.5502070957566361  0.6668541013293459  0.5723362757415833  0.6087157377702113
   0.7421023275507524  0.5519550039070213  0.6707344009747818  0.5744332891853924  0.604956888134769
   0.7391324454948425  0.5538169897643394  0.6741091668289296  0.5762108598945378  0.6016711067655139
   0.7362950719270174  0.5551616340324103  0.6770599998758459  0.5777225705109819  0.5988097137442328
   0.734015661980129  0.556638886062138  0.6796270392744377  0.5790019222316418  0.5963070852151202
   0.7318106135492807  0.5576809864500492  0.6818739775524953  0.5800888955604545  0.5941278096657127
   0.7300681912986577  0.5588631300159606  0.6838287735207889  0.5810064866594405  0.5922204628504679
   0.7283565737687177  0.5596752434090533  0.6855415446810139  0.5817848419856216  0.5905596267108072
   0.7270294694653744  0.5606280652112182  0.6870314028183482  0.5824395854522454  0.5891048466940045
   0.7257014587699668  0.5612635263541849  0.6883381032114693  0.582993675303119  0.5878381671432718
   0.7246941863055778  0.5620362463842117  0.6894743431880795  0.5834575426065873  0.5867276057134249
   0.7236636424313456  0.5625349195611082  0.6904719101183998  0.5838488389266412  0.5857607406169267
   0.7229018074819897  0.5631649506811165  0.6913388656818863  0.5841743333211957  0.5849121438043206
   0.7221015510549318  0.5635570363480449  0.6921008253288355  0.5844477242168241  0.5841734701363639
   0.7215275043512472  0.5640731884167776  0.6927625188415634  0.584673202397104  0.5835243769067382
   0.7209053546678851  0.5643818133579419  0.6933447463254169  0.5848614969219956  0.5829595004916609
   0.7204746064635665  0.5648065088907992  0.6938498629404841  0.5850149920747837  0.5824624587159151
   0.7199901484504987  0.5650495347720309  0.6942948852289026  0.5851421690730244  0.582030049789659
   0.719668475341677  0.5654003791078568  0.6946804971520794  0.5852441574933288  0.5816489897531754
   0.7192904685973628  0.5655916947897123  0.6950207216918464  0.5853277241409467  0.5813176273331297
   0.7190516134462417  0.565882613113396  0.6953150882125253  0.5853931391813202  0.5810251143158536
   0.7187559413232085  0.5660330766602355  0.6955752348801654  0.5854458521906973  0.5807708956955677
   0.7185798035738349  0.566275152713221  0.6957999150443566  0.5854855570891652  0.5805460486621568
   0.7183478637334726  0.5663932896101995  0.6959988539984824  0.5855166838691269  0.5803507783437706
   0.7182190861034268  0.5665953939839982  0.696170305399923  0.585538552595876  0.580177692896255
   0.7180365352973025  0.5666879217886744  0.696322449720034  0.5855547980655278  0.5800275100952936
   0.7179434060019384  0.5668571886292302  0.6964532413452645  0.58556451047135  0.5798940630687094
   0.7177991854792661  0.5669294155967863  0.6965696046220102  0.5855706995405888  0.5797784011569876
   0.7177327889784693  0.5670716081021965  0.6966693387151637  0.5855723272505996  0.5796753440896545
   0.7176183702336072  0.567127738772742  0.6967583396098584  0.5855719079739735  0.5795861413261089
   0.7175719322423375  0.5672475318592495  0.6968343534566079  0.5855683464353547  0.5795064126545049
   0.7174807346644092  0.5672909030166137  0.6969024286197741  0.5855637611177879  0.5794375132187105
   0.7174491181781252  0.5673921035079067  0.6969603294441551  0.5855570482199427  0.5793757161501369
   0.7173760601928105  0.5674253674483591  0.6970124009511527  0.5855500070566978  0.5793224153562531
   0.7173553784291531  0.5675110866526031  0.6970564739996088  0.5855415579588593  0.5792744212952405
   0.7172965319543712  0.5675363542227599  0.6970963061389552  0.5855332406210402  0.5792331200931511
   0.7172838515352483  0.5676091439158585  0.6971298262443972  0.5855240206038792  0.5791957672603947
   0.7172361761961554  0.5676280966094268  0.6971602980294559  0.5855152245081711  0.5791637096149425
   0.7172292898188607  0.5676900566936897  0.6971857676167093  0.5855058759599198  0.5791345738747473
   0.7171904286254711  0.5677040348101952  0.697209081032407  0.5854971250777125  0.5791096470261822
   0.7171876811471505  0.5677568989174488  0.6972284120074028  0.5854880605387642  0.5790868675150223
   0.7171558034719765  0.5677669711095752  0.6972462512076911  0.5854796850085261  0.5790674499721169
   0.717155958992474  0.5678121749410471  0.6972609040032685  0.5854711551136751  0.5790495963383451
   0.7171296399139734  0.5678191932313486  0.6972745570463598  0.5854633492695127  0.5790344421231989
   0.7171317802915417  0.5678579293230757  0.6972856469385392  0.5854554921464349  0.579020413378976
   0.7171099078777978  0.5678625727348172  0.6972960988943602  0.5854483566132621  0.5790085638181972
   0.7171133553207623  0.5678958345043874  0.6973044773040395  0.5854412336055849  0.5789975112202613
   0.7170950593700851  0.5678986437418486  0.6973124814760487  0.585434805655295  0.578988227678851
   0.7170993174539911  0.5679272610384687  0.6973187981460451  0.5854284269835388  0.5789794958841179
   0.717083914708874  0.5679286661105297  0.6973249305565905  0.5854227022646709  0.5789722084303678
   0.7170886234840197  0.5679533340049218  0.6973296811035404  0.5854170453052797  0.578965290558398
   0.7170755754905985  0.5679536762700017  0.6973343821775777  0.5854119932539597  0.578959558754565
   0.7170804773569331  0.5679749784466493  0.697337944457707  0.585407015422439  0.5789540620395385
   0.7170693580314096  0.5679745282363378  0.6973415509130451  0.5854025900635614  0.578949544967722
   0.7170742718354586  0.5679929560611593  0.6973442128312518  0.5853982377711371  0.5789451644792399
   0.7170647424824913  0.5679919267914565  0.6973469820758259  0.5853943851731249  0.578941597805622
   0.7170695438878828  0.5680078949030157  0.6973489628490789  0.5853905999419469  0.5789380963220346
   0.7170613339409126  0.5680064543889771  0.6973510916450024  0.5853872632569141  0.5789352747290292
   0.7170659405818756  0.5680203134858292  0.6973525580583815  0.5853839857929817  0.5789324673056749
   0.717058832738298  0.5680185930248206  0.6973541967991197  0.585381108567693  0.5789302310211049
   0.7170631930163593  0.5680306403841782  0.6973552756314049  0.5853782813783055  0.5789279731441151
   0.7170570117495809  0.568028742055162  0.6973565392622618  0.5853758096383475  0.5789261975999773
   0.7170610964024401  0.5680392302101225  0.6973573267815498  0.5853733786233166  0.5789243760808404
   0.7170556990699674  0.5680372327440256  0.6973583031518078  0.5853712620972366  0.5789229639647614
   0.7170594948472826  0.5680463766615279  0.6973588723701596  0.5853691774263889  0.5789214899318831
   0.7170547647957936  0.5680443401650992  0.6973596286201613  0.5853673701761775  0.5789203650696007
   0.7170582697340779  0.5680523231995234  0.6973600348344785  0.5853655866794241  0.5789191685659549
   0.7170541109418344  0.5680502929578254  0.6973606222793431  0.5853640473296201  0.5789182712064265
   0.7170573308511036  0.5680572718018027  0.697360907301848  0.585362524562295  0.5789172970186687
   0.7170536637549295  0.5680552813392146  0.6973613651651379  0.5853612162654555  0.5789165801948043
   0.7170566096218541  0.5680613901507855  0.6973615605520794  0.5853599183649144  0.5789157846277256
   0.7170533678578379  0.5680594636945305  0.6973619188197936  0.5853588086011926  0.5789152113429393
   0.71705605394054  0.568064817545915  0.6973620483344826  0.5853577040164866  0.5789145597205457
   0.7170531817904479  0.5680629720076448  0.6973623299362679  0.5853567642958546  0.5789141007701211
   0.7170556242338627  0.5680676697737764  0.6973624114270475  0.5853558254473803  0.5789135654959893
   0.7170530746174094  0.56806591634206  0.6973626339029325  0.5853550309618071  0.5789131977770816
   0.7170552904592025  0.5680700431252722  0.6973626807342186  0.585354233869815  0.5789127568258148
   0.7170530233492735  0.5680683885437434  0.697362857507986  0.5853535631273858  0.5789124620241032
   0.717055029817636  0.5680720177134504  0.6973628796500129  0.5853528870352513  0.5789120977656073
   0.7170530109838833  0.5680704653048918  0.6973630210018604  0.5853523214972388  0.5789118613327101
   0.7170548250124428  0.5680736602169483  0.6973630258598965  0.5853517485061469  0.5789115596138442
   0.7170530250204199  0.5680722107019879  0.6973631396692613  0.5853512722402469  0.5789113699695521
   0.7170546629237033  0.568075026150923  0.6973631327140328  0.5853507869654238  0.5789111193951619


   -0.017741513453517436  0.05320364515283349  0.01429259060506832  -0.040623056178144934
   -0.015216160629016729  0.04715250512045813  0.012148032472292451  -0.03745902777901745
   -0.012991100348509163  0.041509230891001454  0.010247141175287355  -0.03390630139403228
   -0.011058347005576235  0.03637755023966008  0.008564261093225856  -0.030332726473234276
   -0.00939629297891323  0.03177922408835276  0.007085363358282058  -0.0269288916731389
   -0.00797791670564457  0.0276975933255852  0.005797671570075977  -0.023785895457725706
   -0.0067746714114214415  0.02409793172172008  0.00468672678897176  -0.020938865185754205
   -0.005758685694240839  0.020937837197840436  0.003736373416752054  -0.01839175953092598
   -0.0049040046084001575  0.018172823150814196  0.002929607083903784  -0.016131761533786353
   -0.004187201452600073  0.015759367017834033  0.0022494714950375243  -0.014137701707440005
   -0.0035875805108120974  0.013656523620078841  0.00167974467047915  -0.012384969601642865
   -0.0030871305652750538  0.011826700498141494  0.0012053779745665903  -0.010848326841848211
   -0.0026703407960743135  0.010235939140331388  0.0008127279304204517  -0.009503457769200585
   -0.002323952341567137  0.008853908185136287  0.0004896371566118878  -0.008327762199158211
   0.002133178101509825  0.007747212942866708  0.000330475027287282  -0.007231706398266152
   -0.0019949874127314984  0.006801437622034109  0.00022673342785032614  -0.006266639531225104
   0.0018500082885619445  0.0059460943181580735  0.00011478728988298381  -0.005451205051175023
   -0.0017494022372634204  0.005219352431520984  4.854762428995515e-05  -0.004729154984359715
   0.001640067597860219  0.0045594718552586  -2.831320736686356e-05  -0.004120090609299269
   -0.0015681544307385763  0.0040023193492923345  -6.744991648826963e-05  -0.0035775529847267957
   0.0014862326708172157  0.0034937895309473917  -0.00011874767292883396  -0.003121167354576902
   -0.0014359339485280629  0.003067432547425783  -0.0001387736690128304  -0.0027120123354160363
   0.0013749069177988356  0.002675762769506952  -0.00017176316913341443  -0.0023691580506126977
   -0.0013406984725595431  0.002350001422079297  -0.00017866253655036057  -0.0020596062304756046
   0.001295484478109064  0.0020483911728725124  -0.00019875900759225556  -0.001801528213469422
   -0.0012731152813726986  0.0017998403396414057  -0.0001969245514020809  -0.0015666688369631579
   0.0012397954689380057  0.001567551436440046  -0.0002081077271294668  -0.0013721110706877383
   -0.00122602958947438  0.0013781693978671067  -0.0002007100650075924  -0.0011934627474308353
   0.0012016064428107672  0.0011991998453871576  -0.00020586662591988523  -0.0010466290645008937
   -0.0011940032050448473  0.00105510344609544  -0.00019515709131121602  -0.0009104110632856986
   0.0011761988933852848  0.0009171292745395751  -0.00019635528731209604  -0.0007995115106005889
   -0.0011729329826082307  0.0008076554720506876  -0.0001839043296787044  -0.0006954050133885824
   0.0011600262249841769  0.0007011974374157735  -0.00018260724820225085  -0.0006116086554595933
   -0.001159744036093752  0.000618167915715462  -0.00016948729676262387  -0.0005318601468198474
   0.0011504407125186144  0.0005359409086771044  -0.00016671512677634507  -0.000468533567798397
   -0.0011521474699386644  0.0004730899096517735  -0.0001536384617221373  -0.0004073001433728199
   0.0011454793508994358  0.0004094979388758824  -0.00015009023346617637  -0.00035944922552449184
   -0.0011484514057328215  0.0003620292418367293  -0.00013751165073754706  -0.0003123169623911919
   0.0011436976322646165  0.00031277496049898854  -0.0001336556361246897  -0.0002761749010794538
   -0.0011474148952786067  0.00027702001271372786  -0.00012184815359188349  -0.00023980232569427527
   0.0011440415262197936  0.00023880362903704998  -0.00011798844741412861  -0.00021252386910337092
   -0.0011481357630296072  0.00021195835845200933  -0.00010709866420609412  -0.000184376669299895
   0.0011457494902941236  0.00018224590800741767  -0.0001034238746170403  -0.00016381015840719135
   -0.0011499649800286293  0.00016216845358881047  -9.35121305662024e-05  -0.0001419629556758551
   0.0011482778550001025  0.00013901368931597616  -9.013074616500034e-05  -0.00012647974070528235
   -0.0011524416098874076  0.0001240691410833673  -8.120001470564167e-05  -0.0001094674615707697
   0.001151244270465748  0.0001059767596824487  -7.816591500221142e-05  -9.783387385329297e-05
   -0.001155243603825201  9.491809193693402e-05  -7.018239866949348e-05  -8.453999684744119e-05
   0.0011543850299162977  8.073876850990015e-05  -6.751311299098978e-05  -7.582102986939624e-05
   -0.001158150743609504  7.261559247452934e-05  -6.0420763641916026e-05  -6.539336488311197e-05
   0.0011575230050795372  6.146545919910162e-05  -5.8110422051298096e-05  -5.888007124363586e-05
   -0.001161016855439797  5.55541331259974e-05  -5.1841038302529504e-05  -5.0667166171075063e-05
   0.0011605436639466537  4.67530252777279e-05  -4.986945678970775e-05  -4.5821845609621097e-05
   -0.0011637490720779265  4.250314674169361e-05  -4.434958137220467e-05  -3.9324890221448944e-05
   0.001163377221554785  3.552724839058028e-05  -4.2688546917733685e-05  -3.5739656408653904e-05
   -0.0011662924342092217  3.2520704346711456e-05  -3.784406470902805e-05  -3.0576055819897356e-05
   0.0011659854280650474  2.696623766313376e-05  -3.6461604515171647e-05  -2.7941483535892826e-05
   -0.0011686185221439997  2.488587593029324e-05  -3.2220702117650817e-05  -2.3817235509932498e-05
   0.0011683518506313368  2.0441257756082486e-05  -3.108391213243111e-05  -2.1898615017669834e-05
   -0.0011707171188168157  1.9046927360166083e-05  -2.737888182366378e-05  -1.8587339499201785e-05
   0.001170474777650401  1.5471416568786818e-05  -2.6455734682415046e-05  -1.7206679115112748e-05
   -0.0011725901438871065  1.4581649994698312e-05  -2.322397385786691e-05  -1.4533680901191066e-05
   0.0011723620833250367  1.1688970053314734e-05  -2.2484411837751968e-05  -1.3556057675575758e-05
   -0.001174247282189597  1.1166984029984187e-05  -1.9668871925967654e-05  -1.1386201595588695e-05
   0.001174027550999007  8.812758950551246e-06  -1.9085406108934524e-05  -1.0709403958782462e-05
   -0.0011757028702416164  8.555760005092214e-06  -1.6634673502721655e-05  -8.937880928693367e-06
   0.001175488276461272  6.6278732478121036e-06  -1.618264831470097e-05  -8.48454557581587e-06
   -0.0011769737117671144  6.558891649336221e-06  -1.4050787491270804e-05  -7.02983275642239e-06
   0.001176762866018661  4.970085611235089e-06  -1.370842433235037e-05  -6.741472587997593e-06
   -0.0011780775748907032  5.031743249905157e-06  -1.1854675078352105e-05  -5.539960304304543e-06
   0.0011778702153416093  3.7139364550556678e-06  -1.160297556395979e-05  -5.372426933347198e-06
   -0.0011790321857251826  3.863693581619004e-06  -9.991368390166021e-06  -4.374312860467265e-06
   0.0011788287091234802  2.7636149039578575e-06  -9.81393357692541e-06  -4.2943479530059905e-06
   -0.0011798545801235292  2.9701474125306757e-06  -8.412867261936921e-06  -3.4604956686400817e-06
   0.001179655722494911  2.0459803045345948e-06  -8.295671751109776e-06  -3.443109097701902e-06
   -0.0011805607109327309  2.2864209975924712e-06  -7.077482461352851e-06  -2.7426411582359006e-06
   0.0011803673360147645  1.5052224444540852e-06  -7.008629691235106e-06  -2.769117279469678e-06
   -0.0011811652349024582  1.76306232012053e-06  -5.949170777717807e-06  -2.177568282445315e-06
   0.0011809781993014504  1.098776203735559e-06  -5.918646827139315e-06  -2.233949583139473e-06
   -0.0011816814235563041  1.3622697328241617e-06  -4.996891084396975e-06  -1.7318465783486975e-06
   0.0011815014958109736  7.941964016910594e-07  -4.996327943688431e-06  -1.8077802717295435e-06
   -0.001182121157432158  1.0551514520087263e-06  -4.193999007727229e-06  -1.3795496501736032e-06
   0.0011819489743059583  5.667675555334761e-07  -4.216453818717009e-06  -1.4674103162746685e-06
   -0.001182494974365413  8.196287043142972e-07  -3.517689871592334e-06  -1.1005344061273958e-06
   0.0011823310222704  3.9767606920849963e-07  -3.5574435659703647e-06  -1.194756658558227e-06
   -0.001182812150860791  6.388315384950327e-07  -2.948494157460624e-06  -8.791215529938695e-07
   0.0011826567637183592  2.726128048415391e-07  -3.000870847714651e-06  -9.756925514713133e-07
   -0.0011830808017873158  4.99871703144722e-07  -2.4698261095169004e-06  -7.030825904226837e-07
   0.001182934169147467  1.807049505161626e-07  -2.5310332231083532e-06  -7.991562432111896e-07
   -0.0011833079881780045  3.929040890329055e-07  -2.067583800748757e-06  -5.628611347650164e-07
   0.0011831701692699773  1.136998061500305e-07  -2.1345720888970784e-06  -6.564649657082172e-07
   -0.0011834998262347032  3.104089857210515e-07  -1.7297975715923307e-06  -4.5097356829101876e-07
   0.0011833707669729274  6.534126010138835e-08  -1.800139618163537e-06  -5.407861604920031e-07
   -0.0011836615930379017  2.4664328966955e-07  -1.4463229841624181e-06  -3.615470611263716e-07
   0.0011835411439875803  3.0893628504349846e-08  -1.5181085767737058e-06  -4.4672926156636567e-07
   -0.0011837978261793414  1.972209665137073e-07  -1.2085740975125228e-06  -2.8996294418413143e-07
   0.0011836857601892478  6.7781687242141064e-09  -1.280320724513992e-06  -3.7003002221341896e-07
   -0.0011839124157482965  1.587923847768194e-07  -1.0092928188418226e-06  -2.3258097053748678e-07
   0.001183808444457618  -9.70427515342015e-09  -1.0798695646075697e-06  -3.073059726714164e-07
   -0.0011840086879433094  1.2879926809122866e-07  -8.423502209967647e-07  -1.8652576082561073e-07
