 1  2   1.414213562373090289224671079
 1  3   1.732050807568872397858815437
 1  4   1.999999999999994226840271949
 1  5   2.236067977499779484747838287
 1  6   2.449489742783165436429415607
 1  7   2.645751311064581083468474909
 1  8   2.828427124746171696665145157
 1  9   2.999999999999991673327315311
 1 10   3.162277660168365929493905497
 1 11   3.316624790355360697389000557
 1 12   3.464101615137731473041335373
 1 13   3.605551275463967478979165904
 1 14   3.741657386773917127716429509
 1 15   3.872983346207385662793298842
 1 16   3.999999999999976907361087797
 1 17   4.123105625617641279475472649
 1 18   4.242640687119265205645007866
 1 19   4.358898943540643374471021954
 1 20   4.472135954999558969495676575
 1 21   4.582575694955815342936794599
 1 22   4.690415759823392740680836344
 1 23   4.795831523312699569243366948
 1 24   4.898979485566328208323572113
 1 25   4.999999999999967803532285870
 1 26   5.099019513592758523230080714
 1 27   5.196152422706602455257374196
 1 28   5.291502622129146623814605066
 1 29   5.385164807134475929185912779
 1 30   5.477225575051629883477355420
 1 31   5.567764362829989796370433464
 1 32   5.656854249492352275114487314
 1 33   5.744562646537979659373124308
 1 34   5.830951894845270889241456436
 1 35   5.916079783099580511728649013
 1 36   5.999999999999969357844520346
 1 37   6.082762530298173381769488710
 1 38   6.164414002968931922607498386
 1 39   6.244997998398352833607921619
 1 40   6.324555320336697442074047615
 1 41   6.403124237432796078337005063
 1 42   6.480740698407819338350277505
 1 43   6.557438524301955314402268193
 1 44   6.633249580710749483420524131
 1 45   6.708203932499312641558192327
 1 46   6.782329983125211853977470922
 1 47   6.855654600401010091877129771
 1 48   6.928203230275452287941634344
 1 49   6.999999999999950067719467484

 2  4   1.414213562373085982556801532
 2  5   1.457737973700122191696680607
 2  6   1.732050807568858635321698558
 2  7   1.767766952965471949159835530
 2  8   1.999999999999977261895198200
 2  9   2.031009601135454172536609629
 2 10   2.236067977499766487549034966
 2 11   2.263846284534032916565052251
 2 12   2.449489742783152449205272272
 2 13   2.474873734152705324982474133
 2 14   2.645751311064550062275915754
 2 15   2.669269563007592584386387657
 2 16   2.828427124746159055301494845
 2 17   2.850438562747422551260645385
 2 18   2.999999999999962931127722721
 2 19   3.020761493398194151268135177
 2 20   3.162277660168340279222068401
 2 21   3.181980515339025319997492969
 2 22   3.316624790355351389513349769
 2 23   3.335416016030456840381693273
 2 24   3.464101615137717025396865700
 2 25   3.482097069294672448151392596
 2 26   3.605551275463942081543275431
 2 27   3.622844186546625190169929054
 2 28   3.741657386773894239991727906
 2 29   3.758324094592881521202307193
 2 30   3.872983346207363760174691159
 2 31   3.889087296525788762157835321
 2 32   3.999999999999943045125155860
 2 33   4.015594601051916613405207146
 2 34   4.123105625617610766556891955
 2 35   4.138236339311318053978822062
 2 36   4.242640687119240579510542899
 2 37   4.257346591480908943715827375
 2 38   4.358898943540613263140925948
 2 39   4.373213921133435045252718654
 2 40   4.472135954999524840979691076
 2 41   4.486089611231390595919715780
 2 42   4.582575694955783088789524893
 2 43   4.596194077712178981814927781
 2 44   4.690415759823370699718031451
 2 45   4.703721930555521691004472462
 2 46   4.795831523312663848684911372
 2 47   4.808846015399809343399128991
 2 48   4.898979485566292737998977946
 2 49   4.911720676096762072584261949

 3  6   1.414213562373073725000720280
 3  7   1.424877661999443267731510487
 3  8   1.483927568603471794893289282
 3  9   1.732050807568857689138462630
 3 10   1.740768899566788896720974378
 3 11   1.789424775965276187225140581
 3 12   1.999999999999967308268733479
 3 13   2.008325283217914940811846258
 3 14   2.049888052764260018556718990
 3 15   2.236067977499750475183989962
 3 16   2.243517427441179424435491185
 3 17   2.280798331476484325491121963
 3 18   2.449489742783131330898516165
 3 19   2.456292008355356481239320510
 3 20   2.490389734331228816606104703
 3 21   2.645751311064544845095061754
 3 22   2.652050230289456778619283650
 3 23   2.683661869323725185929388481
 3 24   2.828427124746146051380638053
 3 25   2.834320101408568700306067623
 3 26   2.863920569580257335191506018
 3 27   2.999999999999940532595041343
 3 28   3.005556593161065784269858625
 3 29   3.033486612606094676852785952
 3 30   3.162277660168323809974227911
 3 31   3.167549593496615562395260501
 3 32   3.194063404014171238948227582
 3 33   3.316624790355330388950949594
 3 34   3.321651760819667882499231504
 3 35   3.346945029254738995577386773
 3 36   3.464101615137679332457817938
 3 37   3.468914879709296719819885957
 3 38   3.493141999527497486158558737
 3 39   3.605551275463914241183049914
 3 40   3.610175956716399060320368819
 3 41   3.633461301412407934907297657
 3 42   3.741657386773874846000106920
 3 43   3.746114045589472042827733356
 3 44   3.768559542963379292409079047
 3 45   3.872983346207335353427250735
 3 46   3.877289055438587631616589868
 3 47   3.898979485565638105184008144
 3 48   3.999999999999918297560047575
 3 49   4.004169130907217477415016571

 4  8   1.414213562373071585761413749
 4  9   1.416865801320197244491695676
 4 10   1.457737973535091706867722339
 4 11   1.502451101446221433193504990
 4 12   1.732050807568847634681195868
 4 13   1.735551723852244510926980114
 4 14   1.767766952960486609653170675
 4 15   1.804815589713383612558393609
 4 16   1.999999999999958067396776951
 4 17   2.003398085566461449486333479
 4 18   2.031009601157493513158211473
 4 19   2.063336936339853870236299427
 4 20   2.236067977499733288411151721
 4 21   2.239107828801895470720306758
 4 22   2.263846284528138886943046670
 4 23   2.292893218812228523038193595
 4 24   2.449489742783133490412403321
 4 25   2.452265075255498782622054499
 4 26   2.474873734150951455797173839
 4 27   2.501471429552858789140470930
 4 28   2.645751311064540600009875604
 4 29   2.648531397555371679321603584
 4 30   2.669269563006265879364503624
 4 31   2.693948647037443937983861031
 4 32   2.828427124746119535048105575
 4 33   2.831027804064706643403376285
 4 34   2.850438562746694398696359340
 4 35   2.873562129635329647327560143
 4 36   2.999999999999921972354890998
 4 37   3.002452069911062733365003652
 4 38   3.020761493396985194722151324
 4 39   3.042590888186012422619505791
 4 40   3.162277660168303034709039179
 4 41   3.164604012895424972086344528
 4 42   3.181980515334952818980521205
 4 43   3.202711244067149056347770797
 4 44   3.316624790355322865238393848
 4 45   3.318675045507859567867764428
 4 46   3.335416016026818986041010962
 4 47   3.355198848484224419209606682
 4 48   3.464101615137666127525878368
 4 49   3.466064619429529605537307346

 5 10   1.414213562373064318462671796
 5 11   1.414826021961003458854606862
 5 12   1.428517681234113555037434917
 5 13   1.463698737886357821602091589
 5 14   1.516640245220361495341772351
 5 15   1.732050807568834558986155259
 5 16   1.733306867274576099731062118
 5 17   1.744946368252026715293251380
 5 18   1.773235982272455797691991519
 5 19   1.816644608994880855904092976
 5 20   1.999999999999946642724804602
 5 21   2.001578127805686848315891435
 5 22   2.010809137725999758920109040
 5 23   2.035292117224725962033524129
 5 24   2.073691788909644566742465632
 5 25   2.236067977499725590575727074
 5 26   2.237682853393567785705089990
 5 27   2.246071681786367396117809481
 5 28   2.268119452596535805212127346
 5 29   2.302215809909022063532713087
 5 30   2.449489742783116131251419656
 5 31   2.449625965045959066464578702
 5 32   2.458323265134871458926710264
 5 33   2.478389396841154083614422454
 5 34   2.510019449206481016029224307
 5 35   2.645751311064510899375562536
 5 36   2.647204733818553410752694166
 5 37   2.654211363326848299682911292
 5 38   2.672894657733751375399550154
 5 39   2.701887791043933289983694501
 5 40   2.828427124746096548227325407
 5 41   2.829752140274554154161096298
 5 42   2.836080631874638178840583591
 5 43   2.853833536013442729499869910
 5 44   2.881006358095257832490840300
 5 45   2.999999999999900278336781301
 5 46   3.000049873873533136641594821
 5 47   3.007463707333636227132800389
 5 48   3.023642505100842356024343216
 5 49   3.049622539820650970587151418

 6 12   1.414213562373064437724910769
 6 13   1.414219486202507138896886096
 6 14   1.424877655215338699687052659
 6 15   1.457737973509625013768774282
 6 16   1.483927568596430098999371106
 6 17   1.528049897919655367986221939
 6 18   1.732050807568813021418419051
 6 19   1.732094407943956764503803947
 6 20   1.740769595046627219326468294
 6 21   1.767766952959268752241031586
 6 22   1.789424775968115281852936771
 6 23   1.826180848251560981583031806
 6 24   1.999999999999939204230539613
 6 25   2.000024132837435602259856804
 6 26   2.007555070241992815644610504
 6 27   2.031009601075557713433308860
 6 28   2.049888052763211458229611339
 6 29   2.082051029761979193434540125
 6 30   2.236067977499713845847273408
 6 31   2.236152535922521595364992342
 6 32   2.243517421575236153600055311
 6 33   2.263846284521620341040337721
 6 34   2.280798331469676114595032668
 6 35   2.309748144391762220530364691
 6 36   2.449489742783089069782034852
 6 37   2.449510315862652440940111509
 6 38   2.456292008864374598175323028
 6 39   2.474873734148680789936974866
 6 40   2.490389734324914209999402015
 6 41   2.516929973304260599424597711
 6 42   2.645751311064494427091955964
 6 43   2.645827147421692592584724357
 6 44   2.651466889403544275206209280
 6 45   2.669269563004655420202643201
 6 46   2.683661869320137532100856159
 6 47   2.708308787882532437133950576
 6 48   2.828427124746086638402628455
 6 49   2.828457470777899149033327020

 7 14   1.414213562373054614961648268
 7 15   1.414214394754003393432986724
 7 16   1.417959339238850846685174867
 7 17   1.431422799265502464999798293
 7 18   1.459325389551845087799178402
 7 19   1.488020625250704135180204735
 7 20   1.537531936035401351346892096
 7 21   1.732050807568813272302801765
 7 22   1.732055914022036240628409087
 7 23   1.736419545950900938545077845
 7 24   1.746996577637469206362684504
 7 25   1.767907818913253035304419813
 7 26   1.792820510137123721987155445
 7 27   1.834122257187248880658941852
 7 28   1.999999999999927728817905592
 7 29   2.000006007075739400142416757
 7 30   2.004033225763859409193287653
 7 31   2.012957246638179831200662906
 7 32   2.031036681385465304848850221
 7 33   2.052852985838779735668080395
 7 34   2.089019974613306123963421546
 7 35   2.236067977499699092240950660
 7 36   2.236079040354193514560446343
 7 37   2.239387110121005113006972809
 7 38   2.246732587119283273318151584
 7 39   2.263873029890616146416262855
 7 40   2.282760402111674385983164370
 7 41   2.316032049503687496004589175
 7 42   2.449489742783083664383683709
 7 43   2.449528394686227500366346166
 7 44   2.452754712853711103028378493
 7 45   2.460080689690325084781688525
 7 46   2.474889437804807183112279501
 7 47   2.492830796810063457734016334
 7 48   2.522697852363267173418648337
 7 49   2.645751311064477494456106954
