 1  2    4.884981e-15
 1  3    4.884981e-15
 1  4    5.773160e-15
 1  5    1.021405e-14
 1  6    1.243450e-14
 1  7    9.769963e-15
 1  8    1.865175e-14
 1  9    8.437695e-15
 1 10    1.376677e-14
 1 11    3.907985e-14
 1 12    2.309264e-14
 1 13    2.176037e-14
 1 14    2.398082e-14
 1 15    3.153033e-14
 1 16    2.309264e-14
 1 17    1.953993e-14
 1 18    1.953993e-14
 1 19    3.019807e-14
 1 20    2.042810e-14
 1 21    2.486900e-14
 1 22    3.730349e-14
 1 23    1.953993e-14
 1 24    2.753353e-14
 1 25    3.197442e-14
 1 26    2.575717e-14
 1 27    2.930989e-14
 1 28    3.463896e-14
 1 29    2.753353e-14
 1 30    3.108624e-14
 1 31    3.197442e-14
 1 32    2.842171e-14
 1 33    4.884981e-14
 1 34    3.019807e-14
 1 35    3.552714e-14
 1 36    3.108624e-14
 1 37    4.618528e-14
 1 38    4.440892e-14
 1 39    4.529710e-14
 1 40    6.128431e-14
 1 41    5.240253e-14
 1 42    4.085621e-14
 1 43    4.529710e-14
 1 44    4.973799e-14
 1 45    5.684342e-14
 1 46    5.595524e-14
 1 47    3.375078e-14
 1 48    5.684342e-14
 1 49    4.973799e-14

 2  4    9.103829e-15
 2  5    1.120304e-11
 2  6    1.865175e-14
 2  7    8.968382e-13
 2  8    2.264855e-14
 2  9    2.353584e-11
 2 10    2.353673e-14
 2 11    3.215206e-13
 2 12    2.531308e-14
 2 13    2.109424e-13
 2 14    4.085621e-14
 2 15    2.353673e-13
 2 16    3.108624e-14
 2 17    4.223288e-13
 2 18    3.685940e-14
 2 19    4.489742e-13
 2 20    3.907985e-14
 2 21    4.383161e-13
 2 22    4.840572e-14
 2 23    1.126654e-12
 2 24    3.730349e-14
 2 25    1.357137e-12
 2 26    4.707346e-14
 2 27    7.345236e-13
 2 28    4.707346e-14
 2 29    3.455014e-13
 2 30    5.329071e-14
 2 31    2.224887e-13
 2 32    5.684342e-14
 2 33    3.357314e-13
 2 34    4.973799e-14
 2 35    3.943512e-13
 2 36    4.440892e-14
 2 37    6.918910e-13
 2 38    6.039613e-14
 2 39    5.400125e-13
 2 40    5.506706e-14
 2 41    1.998401e-13
 2 42    5.684342e-14
 2 43    3.801404e-13
 2 44    5.861978e-14
 2 45    1.173284e-12
 2 46    5.506706e-14
 2 47    1.802647e-11
 2 48    6.306067e-14
 2 49    3.623768e-13

 3  6    2.131628e-14
 3  7   1.424877661999443267731510487
 3  8   1.483927568603471794893289282
 3  9    1.953993e-14
 3 10   1.740768899566788896720974378
 3 11   1.789424775965276187225140581
 3 12    3.264056e-14
 3 13   2.008325283217914940811846258
 3 14   2.049888052764260018556718990
 3 15    3.952394e-14
 3 16   2.243517427441179424435491185
 3 17   2.280798331476484325491121963
 3 18    4.662937e-14
 3 19   2.456292008355356481239320510
 3 20   2.490389734331228816606104703
 3 21    4.574119e-14
 3 22   2.652050230289456778619283650
 3 23   2.683661869323725185929388481
 3 24    4.440892e-14
 3 25   2.834320101408568700306067623
 3 26   2.863920569580257335191506018
 3 27    5.950795e-14
 3 28   3.005556593161065784269858625
 3 29   3.033486612606094676852785952
 3 30    5.551115e-14
 3 31   3.167549593496615562395260501
 3 32   3.194063404014171238948227582
 3 33    6.927792e-14
 3 34   3.321651760819667882499231504
 3 35   3.346945029254738995577386773
 3 36    7.505108e-14
 3 37   3.468914879709296719819885957
 3 38   3.493141999527497486158558737
 3 39    7.505108e-14
 3 40   3.610175956716399060320368819
 3 41   3.633461301412407934907297657
 3 42    6.661338e-14
 3 43   3.746114045589472042827733356
 3 44   3.768559542963379292409079047
 3 45    8.171241e-14
 3 46   3.877289055438587631616589868
 3 47   3.898979485565638105184008144
 3 48    8.171241e-14
 3 49   4.004169130907217477415016571

 4  8    2.353673e-14
 4  9   1.416865801320197244491695676
 4 10    1.762335e-10
 4 11   1.502451101446221433193504990
 4 12    2.953193e-14
 4 13   1.735551723852244510926980114
 4 14    5.882184e-12
 4 15   1.804815589713383612558393609
 4 16    4.196643e-14
 4 17   2.003398085566461449486333479
 4 18    1.496581e-12
 4 19   2.063336936339853870236299427
 4 20    5.639933e-14
 4 21   2.239107828801895470720306758
 4 22    6.215473e-12
 4 23   2.292893218812228523038193595
 4 24    4.440892e-14
 4 25   2.452265075255498782622054499
 4 26    1.965095e-12
 4 27   2.501471429552858789140470930
 4 28    5.018208e-14
 4 29   2.648531397555371679321603584
 4 30    1.561862e-12
 4 31   2.693948647037443937983861031
 4 32    7.061018e-14
 4 33   2.831027804064706643403376285
 4 34    1.150191e-12
 4 35   2.873562129635329647327560143
 4 36    7.815970e-14
 4 37   3.002452069911062733365003652
 4 38    1.657785e-12
 4 39   3.042590888186012422619505791
 4 40    7.638334e-14
 4 41   3.164604012895424972086344528
 4 42    4.511058e-12
 4 43   3.202711244067149056347770797
 4 44    7.682743e-14
 4 45   3.318675045507859567867764428
 4 46    4.764633e-12
 4 47   3.355198848484224419209606682
 4 48    8.837375e-14
 4 49   3.466064619429529605537307346

 5 10    3.086420e-14
 5 11   1.414826021961003458854606862
 5 12   1.428517681234113555037434917
 5 13   1.463698737886357821602091589
 5 14   1.516640245220361495341772351
 5 15    4.263256e-14
 5 16   1.733306867274576099731062118
 5 17   1.744946368252026715293251380
 5 18   1.773235982272455797691991519
 5 19   1.816644608994880855904092976
 5 20    5.329071e-14
 5 21   2.001578127805686848315891435
 5 22   2.010809137725999758920109040
 5 23   2.035292117224725962033524129
 5 24   2.073691788909644566742465632
 5 25    6.439294e-14
 5 26   2.237682853393567785705089990
 5 27   2.246071681786367396117809481
 5 28   2.268119452596535805212127346
 5 29   2.302215809909022063532713087
 5 30    6.172840e-14
 5 31   2.449625965045959066464578702
 5 32   2.458323265134871458926710264
 5 33   2.478389396841154083614422454
 5 34   2.510019449206481016029224307
 5 35    7.993606e-14
 5 36   2.647204733818553410752694166
 5 37   2.654211363326848299682911292
 5 38   2.672894657733751375399550154
 5 39   2.701887791043933289983694501
 5 40    9.370282e-14
 5 41   2.829752140274554154161096298
 5 42   2.836080631874638178840583591
 5 43   2.853833536013442729499869910
 5 44   2.881006358095257832490840300
 5 45    9.992007e-14
 5 46   3.000049873873533136641594821
 5 47   3.007463707333636227132800389
 5 48   3.023642505100842356024343216
 5 49   3.049622539820650970587151418

 6 12    3.064216e-14
 6 13   1.414219486202507138896886096
 6 14   1.424877655215338699687052659
 6 15    2.017002e-10
 6 16   1.483927568596430098999371106
 6 17   1.528049897919655367986221939
 6 18    6.417089e-14
 6 19   1.732094407943956764503803947
 6 20   1.740769595046627219326468294
 6 21    7.100098e-12
 6 22   1.789424775968115281852936771
 6 23   1.826180848251560981583031806
 6 24    6.084022e-14
 6 25   2.000024132837435602259856804
 6 26   2.007555070241992815644610504
 6 27    8.343237e-11
 6 28   2.049888052763211458229611339
 6 29   2.082051029761979193434540125
 6 30    7.593925e-14
 6 31   2.236152535922521595364992342
 6 32   2.243517421575236153600055311
 6 33    1.273381e-11
 6 34   2.280798331469676114595032668
 6 35   2.309748144391762220530364691
 6 36    8.881784e-14
 6 37   2.449510315862652440940111509
 6 38   2.456292008864374598175323028
 6 39    4.235723e-12
 6 40   2.490389734324914209999402015
 6 41   2.516929973304260599424597711
 6 42    9.636736e-14
 6 43   2.645827147421692592584724357
 6 44   2.651466889403544275206209280
 6 45    3.172573e-12
 6 46   2.683661869320137532100856159
 6 47   2.708308787882532437133950576
 6 48    1.034728e-13
 6 49   2.828457470777899149033327020

 7 14    4.063416e-14
 7 15   1.414214394754003393432986724
 7 16   1.417959339238850846685174867
 7 17   1.431422799265502464999798293
 7 18   1.459325389551845087799178402
 7 19   1.488020625250704135180204735
 7 20   1.537531936035401351346892096
 7 21    6.394885e-14
 7 22   1.732055914022036240628409087
 7 23   1.736419545950900938545077845
 7 24   1.746996577637469206362684504
 7 25   1.767907818913253035304419813
 7 26   1.792820510137123721987155445
 7 27   1.834122257187248880658941852
 7 28    7.216450e-14
 7 29   2.000006007075739400142416757
 7 30   2.004033225763859409193287653
 7 31   2.012957246638179831200662906
 7 32   2.031036681385465304848850221
 7 33   2.052852985838779735668080395
 7 34   2.089019974613306123963421546
 7 35    9.059420e-14
 7 36   2.236079040354193514560446343
 7 37   2.239387110121005113006972809
 7 38   2.246732587119283273318151584
 7 39   2.263873029890616146416262855
 7 40   2.282760402111674385983164370
 7 41   2.316032049503687496004589175
 7 42    9.414691e-14
 7 43   2.449528394686227500366346166
 7 44   2.452754712853711103028378493
 7 45   2.460080689690325084781688525
 7 46   2.474889437804807183112279501
 7 47   2.492830796810063457734016334
 7 48   2.522697852363267173418648337
 7 49    1.132427e-13
