1 25
emin+1:  0.000000e+00, e+1:  0.000000e+00, T: 1.0000e+00
emin+1: -2.774457e+00, e+1: -1.354472e+00, T: 7.4928e-01, no:       3, try:    150000000
emin+1: -2.920578e+00, e+1: -1.383798e+00, T: 6.3096e-01, no:       0, try:    300000000
emin+1: -2.962129e+00, e+1: -1.422272e+00, T: 4.7276e-01, no:       2, try:    450000000
emin+1: -2.962129e+00, e+1: -1.465978e+00, T: 3.9811e-01, no:       0, try:    600000000
emin+1: -2.964060e+00, e+1: -1.526296e+00, T: 2.9829e-01, no:       1, try:    750000000
emin+1: -2.976164e+00, e+1: -1.594819e+00, T: 2.5119e-01, no:       0, try:    900000000
emin+1: -2.992016e+00, e+1: -1.684522e+00, T: 1.8821e-01, no:       1, try:   1050000000
emin+1: -3.088446e+00, e+1: -1.780376e+00, T: 1.5849e-01, no:       0, try:   1200000000
emin+1: -3.142645e+00, e+1: -1.906276e+00, T: 1.1875e-01, no:       1, try:   1350000000
emin+1: -3.157035e+00, e+1: -2.043539e+00, T: 1.0000e-01, no:       1, try:   1500000000
emin+1: -3.308835e+00, e+1: -2.205445e+00, T: 7.4928e-02, no:       0, try:   1650000000
emin+1: -3.381841e+00, e+1: -2.373859e+00, T: 6.3096e-02, no:       0, try:   1800000000
emin+1: -3.454646e+00, e+1: -2.570169e+00, T: 4.7276e-02, no:       0, try:   1950000000
emin+1: -3.574797e+00, e+1: -2.764492e+00, T: 3.9811e-02, no:       2, try:   2100000000
emin+1: -3.706825e+00, e+1: -2.974177e+00, T: 2.9829e-02, no:       1, try:   2250000000
emin+1: -3.761837e+00, e+1: -3.164570e+00, T: 2.5119e-02, no:       2, try:   2400000000
emin+1: -3.844923e+00, e+1: -3.349374e+00, T: 1.8821e-02, no:       1, try:   2550000000
emin+1: -3.871434e+00, e+1: -3.496224e+00, T: 1.5849e-02, no:       2, try:   2700000000
emin+1: -3.907235e+00, e+1: -3.620656e+00, T: 1.1875e-02, no:       4, try:   2850000000
emin+1: -3.925349e+00, e+1: -3.708423e+00, T: 1.0000e-02, no:       7, try:   3000000000
emin+1: -3.941484e+00, e+1: -3.775340e+00, T: 7.4928e-03, no:       2, try:   3150000000
emin+1: -3.952304e+00, e+1: -3.823531e+00, T: 6.3096e-03, no:       2, try:   3300000000
emin+1: -3.965881e+00, e+1: -3.862705e+00, T: 4.7276e-03, no:       2, try:   3450000000
emin+1: -3.968660e+00, e+1: -3.891202e+00, T: 3.9811e-03, no:       7, try:   3600000000
emin+1: -3.978261e+00, e+1: -3.914653e+00, T: 2.9829e-03, no:       2, try:   3750000000
emin+1: -3.981194e+00, e+1: -3.932048e+00, T: 2.5119e-03, no:       0, try:   3900000000
emin+1: -3.986543e+00, e+1: -3.946504e+00, T: 1.8821e-03, no:       0, try:   4050000000
emin+1: -3.987876e+00, e+1: -3.957354e+00, T: 1.5849e-03, no:       1, try:   4200000000
emin+1: -3.990046e+00, e+1: -3.966351e+00, T: 1.1875e-03, no:       0, try:   4350000000
emin+1: -3.992670e+00, e+1: -3.973114e+00, T: 1.0000e-03, no:       1, try:   4500000000
emin+1: -3.993842e+00, e+1: -3.978789e+00, T: 7.4928e-04, no:      10, try:   4650000000
emin+1: -3.994904e+00, e+1: -3.983071e+00, T: 6.3096e-04, no:       2, try:   4800000000
emin+1: -3.996724e+00, e+1: -3.986600e+00, T: 4.7276e-04, no:      13, try:   4950000000
emin+1: -3.996949e+00, e+1: -3.989297e+00, T: 3.9811e-04, no:       4, try:   5100000000
emin+1: -3.997429e+00, e+1: -3.991532e+00, T: 2.9829e-04, no:       4, try:   5250000000
emin+1: -3.998204e+00, e+1: -3.993228e+00, T: 2.5119e-04, no:      40, try:   5400000000
emin+1: -3.998737e+00, e+1: -3.994654e+00, T: 1.8821e-04, no:       6, try:   5550000000
emin+1: -3.998821e+00, e+1: -3.995728e+00, T: 1.5849e-04, no:       7, try:   5700000000
emin+1: -3.999052e+00, e+1: -3.996621e+00, T: 1.1875e-04, no:      13, try:   5850000000
emin+1: -3.999127e+00, e+1: -3.997302e+00, T: 1.0000e-04, no:       0, try:   6000000000
emin+1: -3.999347e+00, e+1: -3.997864e+00, T: 7.4928e-05, no:      19, try:   6150000000
emin+1: -3.999522e+00, e+1: -3.998290e+00, T: 6.3096e-05, no:      21, try:   6300000000
emin+1: -3.999616e+00, e+1: -3.998651e+00, T: 4.7276e-05, no:      27, try:   6450000000
emin+1: -3.999663e+00, e+1: -3.998925e+00, T: 3.9811e-05, no:       1, try:   6600000000
emin+1: -3.999758e+00, e+1: -3.999148e+00, T: 2.9829e-05, no:       1, try:   6750000000
emin+1: -3.999803e+00, e+1: -3.999321e+00, T: 2.5119e-05, no:       7, try:   6900000000
emin+1: -3.999833e+00, e+1: -3.999462e+00, T: 1.8821e-05, no:       3, try:   7050000000
emin+1: -3.999865e+00, e+1: -3.999571e+00, T: 1.5849e-05, no:      17, try:   7200000000
emin+1: -3.999890e+00, e+1: -3.999661e+00, T: 1.1875e-05, no:      17, try:   7350000000
emin+1: -3.999902e+00, e+1: -3.999729e+00, T: 1.0000e-05, no:      18, try:   7500000000
emin+1: -3.999927e+00, e+1: -3.999785e+00, T: 7.4928e-06, no:      75, try:   7650000000
emin+1: -3.999947e+00, e+1: -3.999829e+00, T: 6.3096e-06, no:      95, try:   7800000000
emin+1: -3.999961e+00, e+1: -3.999865e+00, T: 4.7276e-06, no:      12, try:   7950000000
emin+1: -3.999976e+00, e+1: -3.999892e+00, T: 3.9811e-06, no:      12, try:   8100000000
emin+1: -3.999976e+00, e+1: -3.999915e+00, T: 2.9829e-06, no:      26, try:   8250000000
emin+1: -3.999981e+00, e+1: -3.999932e+00, T: 2.5119e-06, no:     101, try:   8400000000
emin+1: -3.999982e+00, e+1: -3.999946e+00, T: 1.8821e-06, no:      93, try:   8550000000
emin+1: -3.999985e+00, e+1: -3.999957e+00, T: 1.5849e-06, no:      91, try:   8700000000
emin+1: -3.999989e+00, e+1: -3.999966e+00, T: 1.1875e-06, no:      70, try:   8850000000
emin+1: -3.999991e+00, e+1: -3.999973e+00, T: 1.0000e-06, no:     231, try:   9000000000
emin+1: -3.999992e+00, e+1: -3.999979e+00, T: 7.4928e-07, no:      96, try:   9150000000
emin+1: -3.999994e+00, e+1: -3.999983e+00, T: 6.3096e-07, no:       6, try:   9300000000
emin+1: -3.999996e+00, e+1: -3.999987e+00, T: 4.7276e-07, no:     269, try:   9450000000
emin+1: -3.999996e+00, e+1: -3.999989e+00, T: 3.9811e-07, no:     235, try:   9600000000
emin+1: -3.999997e+00, e+1: -3.999992e+00, T: 2.9829e-07, no:      12, try:   9750000000
emin+1: -3.999998e+00, e+1: -3.999993e+00, T: 2.5119e-07, no:      13, try:   9900000000
emin+1: -3.999998e+00, e+1: -3.999995e+00, T: 1.8821e-07, no:      75, try:  10050000000
emin+1: -3.999998e+00, e+1: -3.999996e+00, T: 1.5849e-07, no:     110, try:  10200000000
emin+1: -3.999999e+00, e+1: -3.999997e+00, T: 1.1875e-07, no:     165, try:  10350000000
emin+1: -3.999999e+00, e+1: -3.999997e+00, T: 1.0000e-07, no:      44, try:  10500000000
emin+1: -3.999999e+00, e+1: -3.999998e+00, T: 7.4928e-08, no:     169, try:  10650000000
emin+1: -3.999999e+00, e+1: -3.999998e+00, T: 6.3096e-08, no:     842, try:  10800000000
emin+1: -3.999999e+00, e+1: -3.999999e+00, T: 4.7276e-08, no:     259, try:  10950000000
emin+1: -4.000000e+00, e+1: -3.999999e+00, T: 3.9811e-08, no:     231, try:  11100000000
emin+1: -4.000000e+00, e+1: -3.999999e+00, T: 2.9829e-08, no:    1921, try:  11250000000
emin+1: -4.000000e+00, e+1: -3.999999e+00, T: 2.5119e-08, no:     268, try:  11400000000
emin+1: -4.000000e+00, e+1: -3.999999e+00, T: 1.8821e-08, no:     634, try:  11550000000
emin+1: -4.000000e+00, e+1: -4.000000e+00, T: 1.5849e-08, no:     407, try:  11700000000
emin+1: -4.000000e+00, e+1: -4.000000e+00, T: 1.1875e-08, no:     514, try:  11850000000
emin+1: -4.000000e+00, e+1: -4.000000e+00, T: 1.0000e-08, no:       5, try:  12000000000
emin+1: -4.000000e+00, e+1: -4.000000e+00, T: 7.4928e-09, no:     636, try:  12150000000
emin+1: -4.000000e+00, e+1: -4.000000e+00, T: 6.3096e-09, no:      64, try:  12300000000
emin+1: -4.000000e+00, e+1: -4.000000e+00, T: 4.7276e-09, no:     290, try:  12450000000
emin+1: -4.000000e+00, e+1: -4.000000e+00, T: 3.9811e-09, no:    4800, try:  12600000000
emin+1: -4.000000e+00, e+1: -4.000000e+00, T: 2.9829e-09, no:     966, try:  12750000000
emin+1: -4.000000e+00, e+1: -4.000000e+00, T: 2.5119e-09, no:     625, try:  12900000000
emin+1: -4.000000e+00, e+1: -4.000000e+00, T: 1.8821e-09, no:    2410, try:  13050000000
emin+1: -4.000000e+00, e+1: -4.000000e+00, T: 1.5849e-09, no:    1271, try:  13200000000
emin+1: -4.000000e+00, e+1: -4.000000e+00, T: 1.1875e-09, no:    1231, try:  13350000000
emin+1: -4.000000e+00, e+1: -4.000000e+00, T: 1.0000e-09, no:    3386, try:  13500000000
emin+1: -4.000000e+00, e+1: -4.000000e+00, T: 7.4928e-10, no:    1291, try:  13650000000
emin+1: -4.000000e+00, e+1: -4.000000e+00, T: 6.3096e-10, no:    3069, try:  13800000000
emin+1: -4.000000e+00, e+1: -4.000000e+00, T: 4.7276e-10, no:    1667, try:  13950000000
emin+1: -4.000000e+00, e+1: -4.000000e+00, T: 3.9811e-10, no:     601, try:  14100000000
emin+1: -4.000000e+00, e+1: -4.000000e+00, T: 2.9829e-10, no:   10564, try:  14250000000
emin+1: -4.000000e+00, e+1: -4.000000e+00, T: 2.5119e-10, no:    1070, try:  14400000000
emin+1: -4.000000e+00, e+1: -4.000000e+00, T: 1.8821e-10, no:    8162, try:  14550000000
emin+1: -4.000000e+00, e+1: -4.000000e+00, T: 1.5849e-10, no:    8759, try:  14700000000
emin+1: -4.000000e+00, e+1: -4.000000e+00, T: 1.1875e-10, no:    7618, try:  14850000000
emin+1: -4.000000e+00, e+1: -4.000000e+00, T: 1.0000e-10, no:    4647, try:  15000000000
emin+1: -4.000000e+00, e+1: -4.000000e+00, T: 7.4928e-11, no:   10336, try:  15150000000
emin+1: -4.000000e+00, e+1: -4.000000e+00, T: 6.3096e-11, no:     179, try:  15300000000
emin+1: -4.000000e+00, e+1: -4.000000e+00, T: 4.7276e-11, no:   25914, try:  15450000000
emin+1: -4.000000e+00, e+1: -4.000000e+00, T: 3.9811e-11, no:     884, try:  15600000000
emin+1: -4.000000e+00, e+1: -4.000000e+00, T: 2.9829e-11, no:   64718, try:  15750000000
emin+1: -4.000000e+00, e+1: -4.000000e+00, T: 2.5119e-11, no:   29061, try:  15900000000
emin+1: -4.000000e+00, e+1: -4.000000e+00, T: 1.8821e-11, no:   21986, try:  16050000000
emin+1: -4.000000e+00, e+1: -4.000000e+00, T: 1.5849e-11, no:    2186, try:  16200000000
emin+1: -4.000000e+00, e+1: -4.000000e+00, T: 1.1875e-11, no:   86366, try:  16350000000
emin+1: -4.000000e+00, e+1: -4.000000e+00, T: 1.0000e-11, no:   47804, try:  16500000000
emin+1: -4.000000e+00, e+1: -4.000000e+00, T: 7.4928e-12, no:   26414, try:  16650000000
emin+1: -4.000000e+00, e+1: -4.000000e+00, T: 6.3096e-12, no:   62225, try:  16800000000
emin+1: -4.000000e+00, e+1: -4.000000e+00, T: 4.7276e-12, no:  114113, try:  16950000000
emin+1: -4.000000e+00, e+1: -4.000000e+00, T: 3.9811e-12, no:     745, try:  17100000000
emin+1: -4.000000e+00, e+1: -4.000000e+00, T: 2.9829e-12, no:   28633, try:  17250000000
emin+1: -4.000000e+00, e+1: -4.000000e+00, T: 2.5119e-12, no:   45550, try:  17400000000
emin+1: -4.000000e+00, e+1: -4.000000e+00, T: 1.8821e-12, no:  170851, try:  17550000000
emin+1: -4.000000e+00, e+1: -4.000000e+00, T: 1.5849e-12, no:  142889, try:  17700000000
emin+1: -4.000000e+00, e+1: -4.000000e+00, T: 1.1875e-12, no:  181139, try:  17850000000
emin+1: -4.000000e+00, e+1: -4.000000e+00, T: 1.0000e-12, no:  164218, try:  18000000000
emin+1: -4.000000e+00, e+1: -4.000000e+00, T: 7.4928e-13, no:  149239, try:  18150000000
emin+1: -4.000000e+00, e+1: -4.000000e+00, T: 6.3096e-13, no:   96643, try:  18300000000
emin+1: -4.000000e+00, e+1: -4.000000e+00, T: 4.7276e-13, no:  104745, try:  18450000000
emin+1: -4.000000e+00, e+1: -4.000000e+00, T: 3.9811e-13, no:   84178, try:  18600000000
emin+1: -4.000000e+00, e+1: -4.000000e+00, T: 2.9829e-13, no:  282805, try:  18750000000
emin+1: -4.000000e+00, e+1: -4.000000e+00, T: 2.5119e-13, no:   67816, try:  18900000000
emin+1: -4.000000e+00, e+1: -4.000000e+00, T: 1.8821e-13, no:  324061, try:  19050000000
emin+1: -4.000000e+00, e+1: -4.000000e+00, T: 1.5849e-13, no:   69096, try:  19200000000
emin+1: -4.000000e+00, e+1: -4.000000e+00, T: 1.1875e-13, no:   57885, try:  19350000000
emin+1: -4.000000e+00, e+1: -4.000000e+00, T: 1.0000e-13, no:   19944, try:  19500000000
emin+1: -4.000000e+00, e+1: -4.000000e+00, T: 7.4928e-14, no:  301939, try:  19650000000
emin+1: -4.000000e+00, e+1: -4.000000e+00, T: 6.3096e-14, no:  243133, try:  19800000000
emin+1: -4.000000e+00, e+1: -4.000000e+00, T: 4.7276e-14, no:  383811, try:  19950000000
emin+1: -4.000000e+00, e+1: -4.000000e+00, T: 3.9811e-14, no:  918755, try:  20100000000
emin+1: -4.000000e+00, e+1: -4.000000e+00, T: 2.9829e-14, no:  143487, try:  20250000000
emin+1: -4.000000e+00, e+1: -4.000000e+00, T: 2.5119e-14, no:  248102, try:  20400000000
emin+1: -4.000000e+00, e+1: -4.000000e+00, T: 1.8821e-14, no:  255195, try:  20550000000
emin+1: -4.000000e+00, e+1: -4.000000e+00, T: 1.5849e-14, no:  338882, try:  20700000000
emin+1: -4.000000e+00, e+1: -4.000000e+00, T: 1.1875e-14, no:   62383, try:  20850000000
emin+1: -4.000000e+00, e+1: -4.000000e+00, T: 1.0000e-14, no:  271233, try:  21000000000
emin+1: -4.000000e+00, e+1: -4.000000e+00, T: 7.4928e-15, no: 1480167, try:  21150000000
emin+1: -4.000000e+00, e+1: -4.000000e+00, T: 6.3096e-15, no: 2774962, try:  21300000000
emin+1: -4.000000e+00, e+1: -4.000000e+00, T: 4.7276e-15, no: 6784839, try:  21450000000
emin+1: -4.000000e+00, e+1: -4.000000e+00, T: 3.9811e-15, no:   93099, try:  21600000000
emin+1: -4.000000e+00, e+1: -4.000000e+00, T: 2.9829e-15, no: 1161333, try:  21750000000
emin+1: -4.000000e+00, e+1: -4.000000e+00, T: 2.5119e-15, no: 2628040, try:  21900000000
emin+1: -4.000000e+00, e+1: -4.000000e+00, T: 1.8821e-15, no:  594179, try:  22050000000
emin+1: -4.000000e+00, e+1: -4.000000e+00, T: 1.5849e-15, no:  615965, try:  22200000000
emin+1: -4.000000e+00, e+1: -4.000000e+00, T: 1.1875e-15, no: 2047406, try:  22350000000
emin+1: -4.000000e+00, e+1: -4.000000e+00, T: 1.0000e-15, no: 2111718, try:  22500000000

Last chain: -4.999999999999944905182402977e+00
Best chain: -4.999999999999944905182402977e+00 (-4.999999999999944905182402977e+00)

Error: length:  5.551115123125782702118158340e-17, angle:  0.000000000000000000000000000e+00


Last chain: -4.999999999999944905182402977e+00
Best chain: -4.999999999999944905182402977e+00 (-4.999999999999944905182402977e+00)

Error: length:  5.551115123125782702118158340e-17, angle:  0.000000000000000000000000000e+00


5 15
emin+1:  0.000000e+00, e+1:  0.000000e+00, T: 1.0000e+00
emin+1:  0.000000e+00, e+1:  3.506682e-01, T: 7.4928e-01, no:       3, try:    262500000
emin+1:  0.000000e+00, e+1:  3.498391e-01, T: 6.3096e-01, no:       1, try:    525000000
emin+1:  0.000000e+00, e+1:  3.487156e-01, T: 4.7276e-01, no:       0, try:    787500000
emin+1:  0.000000e+00, e+1:  3.472941e-01, T: 3.9811e-01, no:       1, try:   1050000000
emin+1:  0.000000e+00, e+1:  3.454223e-01, T: 2.9829e-01, no:       0, try:   1312500000
emin+1:  0.000000e+00, e+1:  3.437728e-01, T: 2.5119e-01, no:       3, try:   1575000000
emin+1:  0.000000e+00, e+1:  3.408012e-01, T: 1.8821e-01, no:       0, try:   1837500000
emin+1:  0.000000e+00, e+1:  3.375354e-01, T: 1.5849e-01, no:       0, try:   2100000000
emin+1:  0.000000e+00, e+1:  3.331090e-01, T: 1.1875e-01, no:       3, try:   2362500000
emin+1:  0.000000e+00, e+1:  3.279404e-01, T: 1.0000e-01, no:       1, try:   2625000000
emin+1:  0.000000e+00, e+1:  3.205596e-01, T: 7.4928e-02, no:       4, try:   2887500000
emin+1:  0.000000e+00, e+1:  3.125024e-01, T: 6.3096e-02, no:       0, try:   3150000000
emin+1:  0.000000e+00, e+1:  3.011105e-01, T: 4.7276e-02, no:       4, try:   3412500000
emin+1:  0.000000e+00, e+1:  2.883886e-01, T: 3.9811e-02, no:       1, try:   3675000000
emin+1: -2.187136e-02, e+1:  2.711462e-01, T: 2.9829e-02, no:       0, try:   3937500000
emin+1: -2.562350e-02, e+1:  2.518167e-01, T: 2.5119e-02, no:       0, try:   4200000000
emin+1: -4.157547e-02, e+1:  2.260941e-01, T: 1.8821e-02, no:       1, try:   4462500000
emin+1: -8.177314e-02, e+1:  1.965932e-01, T: 1.5849e-02, no:       1, try:   4725000000
emin+1: -1.541412e-01, e+1:  1.546287e-01, T: 1.1875e-02, no:       0, try:   4987500000
emin+1: -2.113735e-01, e+1:  1.046626e-01, T: 1.0000e-02, no:       1, try:   5250000000
emin+1: -2.963188e-01, e+1:  2.526022e-02, T: 7.4928e-03, no:       0, try:   5512500000
emin+1: -3.299094e-01, e+1: -7.050124e-02, T: 6.3096e-03, no:       0, try:   5775000000
emin+1: -4.870548e-01, e+1: -1.985568e-01, T: 4.7276e-03, no:       1, try:   6037500000
emin+1: -5.782732e-01, e+1: -3.148468e-01, T: 3.9811e-03, no:       0, try:   6300000000
emin+1: -6.228125e-01, e+1: -4.706567e-01, T: 2.9829e-03, no:       8, try:   6562500000
emin+1: -6.420458e-01, e+1: -5.396352e-01, T: 2.5119e-03, no:       2, try:   6825000000
emin+1: -6.768903e-01, e+1: -5.866091e-01, T: 1.8821e-03, no:       1, try:   7087500000
emin+1: -6.794640e-01, e+1: -6.189510e-01, T: 1.5849e-03, no:       0, try:   7350000000
emin+1: -6.929507e-01, e+1: -6.444708e-01, T: 1.1875e-03, no:       2, try:   7612500000
emin+1: -7.007077e-01, e+1: -6.631437e-01, T: 1.0000e-03, no:       0, try:   7875000000
emin+1: -7.090379e-01, e+1: -6.781544e-01, T: 7.4928e-04, no:       2, try:   8137500000
emin+1: -7.130726e-01, e+1: -6.893232e-01, T: 6.3096e-04, no:       2, try:   8400000000
emin+1: -7.169190e-01, e+1: -6.984918e-01, T: 4.7276e-04, no:       7, try:   8662500000
emin+1: -7.199977e-01, e+1: -7.053767e-01, T: 3.9811e-04, no:       8, try:   8925000000
emin+1: -7.226892e-01, e+1: -7.110614e-01, T: 2.9829e-04, no:       6, try:   9187500000
emin+1: -7.242843e-01, e+1: -7.153452e-01, T: 2.5119e-04, no:      11, try:   9450000000
emin+1: -7.260027e-01, e+1: -7.188543e-01, T: 1.8821e-04, no:       1, try:   9712500000
emin+1: -7.272567e-01, e+1: -7.215377e-01, T: 1.5849e-04, no:       5, try:   9975000000
emin+1: -7.281722e-01, e+1: -7.237492e-01, T: 1.1875e-04, no:      10, try:  10237500000
emin+1: -7.288005e-01, e+1: -7.254218e-01, T: 1.0000e-04, no:       4, try:  10500000000
emin+1: -7.295608e-01, e+1: -7.268134e-01, T: 7.4928e-05, no:       3, try:  10762500000
emin+1: -7.299885e-01, e+1: -7.278724e-01, T: 6.3096e-05, no:       2, try:  11025000000
emin+1: -7.304552e-01, e+1: -7.287544e-01, T: 4.7276e-05, no:       7, try:  11287500000
emin+1: -7.307891e-01, e+1: -7.294184e-01, T: 3.9811e-05, no:       4, try:  11550000000
emin+1: -7.311142e-01, e+1: -7.299656e-01, T: 2.9829e-05, no:       2, try:  11812500000
emin+1: -7.312282e-01, e+1: -7.303876e-01, T: 2.5119e-05, no:       1, try:  12075000000
emin+1: -7.314514e-01, e+1: -7.307362e-01, T: 1.8821e-05, no:       0, try:  12337500000
emin+1: -7.315269e-01, e+1: -7.310005e-01, T: 1.5849e-05, no:       2, try:  12600000000
emin+1: -7.316662e-01, e+1: -7.312225e-01, T: 1.1875e-05, no:      26, try:  12862500000
emin+1: -7.317226e-01, e+1: -7.313893e-01, T: 1.0000e-05, no:       7, try:  13125000000
emin+1: -7.318125e-01, e+1: -7.315275e-01, T: 7.4928e-06, no:       9, try:  13387500000
emin+1: -7.318598e-01, e+1: -7.316328e-01, T: 6.3096e-06, no:      15, try:  13650000000
emin+1: -7.318881e-01, e+1: -7.317212e-01, T: 4.7276e-06, no:      12, try:  13912500000
emin+1: -7.319173e-01, e+1: -7.317871e-01, T: 3.9811e-06, no:      37, try:  14175000000
emin+1: -7.319453e-01, e+1: -7.318425e-01, T: 2.9829e-06, no:       1, try:  14437500000
emin+1: -7.319780e-01, e+1: -7.318846e-01, T: 2.5119e-06, no:       8, try:  14700000000
emin+1: -7.319874e-01, e+1: -7.319195e-01, T: 1.8821e-06, no:      48, try:  14962500000
emin+1: -7.319979e-01, e+1: -7.319460e-01, T: 1.5849e-06, no:       2, try:  15225000000
emin+1: -7.320092e-01, e+1: -7.319678e-01, T: 1.1875e-06, no:      85, try:  15487500000
emin+1: -7.320183e-01, e+1: -7.319845e-01, T: 1.0000e-06, no:      20, try:  15750000000
emin+1: -7.320254e-01, e+1: -7.319985e-01, T: 7.4928e-07, no:      11, try:  16012500000
emin+1: -7.320295e-01, e+1: -7.320091e-01, T: 6.3096e-07, no:       1, try:  16275000000
emin+1: -7.320342e-01, e+1: -7.320178e-01, T: 4.7276e-07, no:     125, try:  16537500000
emin+1: -7.320370e-01, e+1: -7.320244e-01, T: 3.9811e-07, no:     121, try:  16800000000
emin+1: -7.320397e-01, e+1: -7.320300e-01, T: 2.9829e-07, no:      49, try:  17062500000
emin+1: -7.320418e-01, e+1: -7.320343e-01, T: 2.5119e-07, no:      88, try:  17325000000
emin+1: -7.320439e-01, e+1: -7.320376e-01, T: 1.8821e-07, no:     123, try:  17587500000
emin+1: -7.320451e-01, e+1: -7.320403e-01, T: 1.5849e-07, no:     107, try:  17850000000
emin+1: -7.320465e-01, e+1: -7.320425e-01, T: 1.1875e-07, no:     272, try:  18112500000
emin+1: -7.320473e-01, e+1: -7.320442e-01, T: 1.0000e-07, no:     156, try:  18375000000
emin+1: -7.320481e-01, e+1: -7.320456e-01, T: 7.4928e-08, no:     205, try:  18637500000
emin+1: -7.320487e-01, e+1: -7.320466e-01, T: 6.3096e-08, no:     167, try:  18900000000
emin+1: -7.320490e-01, e+1: -7.320475e-01, T: 4.7276e-08, no:      37, try:  19162500000
emin+1: -7.320493e-01, e+1: -7.320482e-01, T: 3.9811e-08, no:     211, try:  19425000000
emin+1: -7.320497e-01, e+1: -7.320487e-01, T: 2.9829e-08, no:      19, try:  19687500000
emin+1: -7.320499e-01, e+1: -7.320491e-01, T: 2.5119e-08, no:     947, try:  19950000000
emin+1: -7.320501e-01, e+1: -7.320495e-01, T: 1.8821e-08, no:     323, try:  20212500000
emin+1: -7.320502e-01, e+1: -7.320498e-01, T: 1.5849e-08, no:    1238, try:  20475000000
emin+1: -7.320503e-01, e+1: -7.320500e-01, T: 1.1875e-08, no:     463, try:  20737500000
emin+1: -7.320505e-01, e+1: -7.320501e-01, T: 1.0000e-08, no:     201, try:  21000000000
emin+1: -7.320505e-01, e+1: -7.320503e-01, T: 7.4928e-09, no:      32, try:  21262500000
emin+1: -7.320506e-01, e+1: -7.320504e-01, T: 6.3096e-09, no:     292, try:  21525000000
emin+1: -7.320506e-01, e+1: -7.320505e-01, T: 4.7276e-09, no:       1, try:  21787500000
emin+1: -7.320507e-01, e+1: -7.320505e-01, T: 3.9811e-09, no:     635, try:  22050000000
emin+1: -7.320507e-01, e+1: -7.320506e-01, T: 2.9829e-09, no:    1521, try:  22312500000
emin+1: -7.320507e-01, e+1: -7.320506e-01, T: 2.5119e-09, no:    1844, try:  22575000000
emin+1: -7.320507e-01, e+1: -7.320507e-01, T: 1.8821e-09, no:    3982, try:  22837500000
emin+1: -7.320507e-01, e+1: -7.320507e-01, T: 1.5849e-09, no:    1970, try:  23100000000
emin+1: -7.320508e-01, e+1: -7.320507e-01, T: 1.1875e-09, no:    1763, try:  23362500000
emin+1: -7.320508e-01, e+1: -7.320507e-01, T: 1.0000e-09, no:    3340, try:  23625000000
emin+1: -7.320508e-01, e+1: -7.320508e-01, T: 7.4928e-10, no:    3203, try:  23887500000
emin+1: -7.320508e-01, e+1: -7.320508e-01, T: 6.3096e-10, no:     160, try:  24150000000
emin+1: -7.320508e-01, e+1: -7.320508e-01, T: 4.7276e-10, no:     585, try:  24412500000
emin+1: -7.320508e-01, e+1: -7.320508e-01, T: 3.9811e-10, no:    3301, try:  24675000000
emin+1: -7.320508e-01, e+1: -7.320508e-01, T: 2.9829e-10, no:    3197, try:  24937500000
emin+1: -7.320508e-01, e+1: -7.320508e-01, T: 2.5119e-10, no:    2563, try:  25200000000
emin+1: -7.320508e-01, e+1: -7.320508e-01, T: 1.8821e-10, no:    7186, try:  25462500000
emin+1: -7.320508e-01, e+1: -7.320508e-01, T: 1.5849e-10, no:     479, try:  25725000000
emin+1: -7.320508e-01, e+1: -7.320508e-01, T: 1.1875e-10, no:    8163, try:  25987500000
emin+1: -7.320508e-01, e+1: -7.320508e-01, T: 1.0000e-10, no:    1031, try:  26250000000
emin+1: -7.320508e-01, e+1: -7.320508e-01, T: 7.4928e-11, no:    4499, try:  26512500000
emin+1: -7.320508e-01, e+1: -7.320508e-01, T: 6.3096e-11, no:    2531, try:  26775000000
emin+1: -7.320508e-01, e+1: -7.320508e-01, T: 4.7276e-11, no:    5380, try:  27037500000
emin+1: -7.320508e-01, e+1: -7.320508e-01, T: 3.9811e-11, no:    7474, try:  27300000000
emin+1: -7.320508e-01, e+1: -7.320508e-01, T: 2.9829e-11, no:    3547, try:  27562500000
emin+1: -7.320508e-01, e+1: -7.320508e-01, T: 2.5119e-11, no:    7764, try:  27825000000
emin+1: -7.320508e-01, e+1: -7.320508e-01, T: 1.8821e-11, no:     657, try:  28087500000
emin+1: -7.320508e-01, e+1: -7.320508e-01, T: 1.5849e-11, no:   17863, try:  28350000000
emin+1: -7.320508e-01, e+1: -7.320508e-01, T: 1.1875e-11, no:    5059, try:  28612500000
emin+1: -7.320508e-01, e+1: -7.320508e-01, T: 1.0000e-11, no:    6135, try:  28875000000
emin+1: -7.320508e-01, e+1: -7.320508e-01, T: 7.4928e-12, no:   10074, try:  29137500000
emin+1: -7.320508e-01, e+1: -7.320508e-01, T: 6.3096e-12, no:    6788, try:  29400000000
emin+1: -7.320508e-01, e+1: -7.320508e-01, T: 4.7276e-12, no:   53762, try:  29662500000
emin+1: -7.320508e-01, e+1: -7.320508e-01, T: 3.9811e-12, no:   17672, try:  29925000000
emin+1: -7.320508e-01, e+1: -7.320508e-01, T: 2.9829e-12, no:   26558, try:  30187500000
emin+1: -7.320508e-01, e+1: -7.320508e-01, T: 2.5119e-12, no:   27264, try:  30450000000
emin+1: -7.320508e-01, e+1: -7.320508e-01, T: 1.8821e-12, no:   46250, try:  30712500000
emin+1: -7.320508e-01, e+1: -7.320508e-01, T: 1.5849e-12, no:   26818, try:  30975000000
emin+1: -7.320508e-01, e+1: -7.320508e-01, T: 1.1875e-12, no:  107173, try:  31237500000
emin+1: -7.320508e-01, e+1: -7.320508e-01, T: 1.0000e-12, no:    5303, try:  31500000000
emin+1: -7.320508e-01, e+1: -7.320508e-01, T: 7.4928e-13, no:   91287, try:  31762500000
emin+1: -7.320508e-01, e+1: -7.320508e-01, T: 6.3096e-13, no:  160436, try:  32025000000
emin+1: -7.320508e-01, e+1: -7.320508e-01, T: 4.7276e-13, no:   29062, try:  32287500000
emin+1: -7.320508e-01, e+1: -7.320508e-01, T: 3.9811e-13, no:   61164, try:  32550000000
emin+1: -7.320508e-01, e+1: -7.320508e-01, T: 2.9829e-13, no:   71554, try:  32812500000
emin+1: -7.320508e-01, e+1: -7.320508e-01, T: 2.5119e-13, no:   17108, try:  33075000000
emin+1: -7.320508e-01, e+1: -7.320508e-01, T: 1.8821e-13, no:  257369, try:  33337500000
emin+1: -7.320508e-01, e+1: -7.320508e-01, T: 1.5849e-13, no:   57007, try:  33600000000
emin+1: -7.320508e-01, e+1: -7.320508e-01, T: 1.1875e-13, no:  593529, try:  33862500000
emin+1: -7.320508e-01, e+1: -7.320508e-01, T: 1.0000e-13, no:    3514, try:  34125000000
emin+1: -7.320508e-01, e+1: -7.320508e-01, T: 7.4928e-14, no:   82313, try:  34387500000
emin+1: -7.320508e-01, e+1: -7.320508e-01, T: 6.3096e-14, no:  300611, try:  34650000000
emin+1: -7.320508e-01, e+1: -7.320508e-01, T: 4.7276e-14, no:  112784, try:  34912500000
emin+1: -7.320508e-01, e+1: -7.320508e-01, T: 3.9811e-14, no:   17143, try:  35175000000
emin+1: -7.320508e-01, e+1: -7.320508e-01, T: 2.9829e-14, no:   37230, try:  35437500000
emin+1: -7.320508e-01, e+1: -7.320508e-01, T: 2.5119e-14, no:  326847, try:  35700000000
emin+1: -7.320508e-01, e+1: -7.320508e-01, T: 1.8821e-14, no:   22441, try:  35962500000
emin+1: -7.320508e-01, e+1: -7.320508e-01, T: 1.5849e-14, no: 3017526, try:  36225000000
emin+1: -7.320508e-01, e+1: -7.320508e-01, T: 1.1875e-14, no:  592540, try:  36487500000
emin+1: -7.320508e-01, e+1: -7.320508e-01, T: 1.0000e-14, no:  143772, try:  36750000000
emin+1: -7.320508e-01, e+1: -7.320508e-01, T: 7.4928e-15, no:  577895, try:  37012500000
emin+1: -7.320508e-01, e+1: -7.320508e-01, T: 6.3096e-15, no:  132548, try:  37275000000
emin+1: -7.320508e-01, e+1: -7.320508e-01, T: 4.7276e-15, no:  414179, try:  37537500000
emin+1: -7.320508e-01, e+1: -7.320508e-01, T: 3.9811e-15, no: 1971454, try:  37800000000
emin+1: -7.320508e-01, e+1: -7.320508e-01, T: 2.9829e-15, no: 3431832, try:  38062500000
emin+1: -7.320508e-01, e+1: -7.320508e-01, T: 2.5119e-15, no:   14387, try:  38325000000
emin+1: -7.320508e-01, e+1: -7.320508e-01, T: 1.8821e-15, no: 1527344, try:  38587500000
emin+1: -7.320508e-01, e+1: -7.320508e-01, T: 1.5849e-15, no: 1628738, try:  38850000000
emin+1: -7.320508e-01, e+1: -7.320508e-01, T: 1.1875e-15, no:  184527, try:  39112500000
emin+1: -7.320508e-01, e+1: -7.320508e-01, T: 1.0000e-15, no: 1750893, try:  39375000000

Last chain: -1.732050807568805984404218534e+00
Best chain: -1.732050807568805984512638751e+00 (-1.732050807568805984512638751e+00)

Error: length:  5.551115123125782702118158340e-17, angle:  0.000000000000000000000000000e+00


Last chain: -1.732050807568805984404218534e+00
Best chain: -1.732050807568805984512638751e+00 (-1.732050807568805984512638751e+00)

Error: length:  5.551115123125782702118158340e-17, angle:  0.000000000000000000000000000e+00


4 17
emin+1:  0.000000e+00, e+1:  0.000000e+00, T: 1.0000e+00
emin+1: -1.912034e-01, e+1:  2.015970e-01, T: 7.4928e-01, no:       0, try:    272000000
emin+1: -1.912034e-01, e+1:  2.001287e-01, T: 6.3096e-01, no:       2, try:    544000000
emin+1: -1.912034e-01, e+1:  1.978276e-01, T: 4.7276e-01, no:       0, try:    816000000
emin+1: -2.111751e-01, e+1:  1.952585e-01, T: 3.9811e-01, no:       1, try:   1088000000
emin+1: -2.111751e-01, e+1:  1.914750e-01, T: 2.9829e-01, no:       0, try:   1360000000
emin+1: -2.111751e-01, e+1:  1.877620e-01, T: 2.5119e-01, no:       2, try:   1632000000
emin+1: -2.128940e-01, e+1:  1.819143e-01, T: 1.8821e-01, no:       0, try:   1904000000
emin+1: -2.128940e-01, e+1:  1.752201e-01, T: 1.5849e-01, no:       0, try:   2176000000
emin+1: -2.128940e-01, e+1:  1.666025e-01, T: 1.1875e-01, no:       0, try:   2448000000
emin+1: -2.212804e-01, e+1:  1.564413e-01, T: 1.0000e-01, no:       0, try:   2720000000
emin+1: -2.364764e-01, e+1:  1.425409e-01, T: 7.4928e-02, no:       0, try:   2992000000
emin+1: -2.364764e-01, e+1:  1.270016e-01, T: 6.3096e-02, no:       0, try:   3264000000
emin+1: -2.596989e-01, e+1:  1.057184e-01, T: 4.7276e-02, no:       0, try:   3536000000
emin+1: -2.596989e-01, e+1:  8.210820e-02, T: 3.9811e-02, no:       0, try:   3808000000
emin+1: -2.933830e-01, e+1:  5.120886e-02, T: 2.9829e-02, no:       0, try:   4080000000
emin+1: -3.330206e-01, e+1:  1.707801e-02, T: 2.5119e-02, no:       0, try:   4352000000
emin+1: -3.853391e-01, e+1: -2.875821e-02, T: 1.8821e-02, no:       1, try:   4624000000
emin+1: -4.341089e-01, e+1: -8.094569e-02, T: 1.5849e-02, no:       0, try:   4896000000
emin+1: -4.876269e-01, e+1: -1.487914e-01, T: 1.1875e-02, no:       0, try:   5168000000
emin+1: -5.603708e-01, e+1: -2.296075e-01, T: 1.0000e-02, no:       2, try:   5440000000
emin+1: -6.614389e-01, e+1: -3.358285e-01, T: 7.4928e-03, no:       1, try:   5712000000
emin+1: -7.588102e-01, e+1: -4.518238e-01, T: 6.3096e-03, no:       2, try:   5984000000
emin+1: -8.519769e-01, e+1: -5.879039e-01, T: 4.7276e-03, no:       1, try:   6256000000
emin+1: -8.952950e-01, e+1: -7.126246e-01, T: 3.9811e-03, no:       2, try:   6528000000
emin+1: -9.262466e-01, e+1: -7.985422e-01, T: 2.9829e-03, no:       1, try:   6800000000
emin+1: -9.421034e-01, e+1: -8.507881e-01, T: 2.5119e-03, no:       0, try:   7072000000
emin+1: -9.593359e-01, e+1: -8.889589e-01, T: 1.8821e-03, no:       2, try:   7344000000
emin+1: -9.716988e-01, e+1: -9.152397e-01, T: 1.5849e-03, no:       2, try:   7616000000
emin+1: -9.779223e-01, e+1: -9.357008e-01, T: 1.1875e-03, no:       6, try:   7888000000
emin+1: -9.814159e-01, e+1: -9.503579e-01, T: 1.0000e-03, no:       1, try:   8160000000
emin+1: -9.879904e-01, e+1: -9.619825e-01, T: 7.4928e-04, no:       8, try:   8432000000
emin+1: -9.901802e-01, e+1: -9.705454e-01, T: 6.3096e-04, no:       0, try:   8704000000
emin+1: -9.932525e-01, e+1: -9.774539e-01, T: 4.7276e-04, no:       1, try:   8976000000
emin+1: -9.940914e-01, e+1: -9.826172e-01, T: 3.9811e-04, no:      11, try:   9248000000
emin+1: -9.965402e-01, e+1: -9.867870e-01, T: 2.9829e-04, no:       0, try:   9520000000
emin+1: -9.970497e-01, e+1: -9.899040e-01, T: 2.5119e-04, no:       0, try:   9792000000
emin+1: -9.983325e-01, e+1: -9.924452e-01, T: 1.8821e-04, no:       5, try:  10064000000
emin+1: -9.985458e-01, e+1: -9.942914e-01, T: 1.5849e-04, no:       5, try:  10336000000
emin+1: -9.995745e-01, e+1: -9.958085e-01, T: 1.1875e-04, no:       2, try:  10608000000
emin+1: -9.999627e-01, e+1: -9.969295e-01, T: 1.0000e-04, no:       8, try:  10880000000
emin+1: -1.000839e+00, e+1: -9.979314e-01, T: 7.4928e-05, no:       3, try:  11152000000
emin+1: -1.001193e+00, e+1: -9.988298e-01, T: 6.3096e-05, no:       6, try:  11424000000
emin+1: -1.001887e+00, e+1: -9.998694e-01, T: 4.7276e-05, no:       7, try:  11696000000
emin+1: -1.002145e+00, e+1: -1.000721e+00, T: 3.9811e-05, no:      26, try:  11968000000
emin+1: -1.002433e+00, e+1: -1.001296e+00, T: 2.9829e-05, no:      10, try:  12240000000
emin+1: -1.002588e+00, e+1: -1.001744e+00, T: 2.5119e-05, no:      12, try:  12512000000
emin+1: -1.002794e+00, e+1: -1.002099e+00, T: 1.8821e-05, no:       8, try:  12784000000
emin+1: -1.002899e+00, e+1: -1.002370e+00, T: 1.5849e-05, no:      11, try:  13056000000
emin+1: -1.003014e+00, e+1: -1.002591e+00, T: 1.1875e-05, no:       0, try:  13328000000
emin+1: -1.003107e+00, e+1: -1.002752e+00, T: 1.0000e-05, no:      19, try:  13600000000
emin+1: -1.003148e+00, e+1: -1.002889e+00, T: 7.4928e-06, no:      27, try:  13872000000
emin+1: -1.003204e+00, e+1: -1.002991e+00, T: 6.3096e-06, no:       9, try:  14144000000
emin+1: -1.003244e+00, e+1: -1.003078e+00, T: 4.7276e-06, no:       1, try:  14416000000
emin+1: -1.003283e+00, e+1: -1.003144e+00, T: 3.9811e-06, no:      14, try:  14688000000
emin+1: -1.003306e+00, e+1: -1.003197e+00, T: 2.9829e-06, no:      34, try:  14960000000
emin+1: -1.003324e+00, e+1: -1.003237e+00, T: 2.5119e-06, no:      17, try:  15232000000
emin+1: -1.003334e+00, e+1: -1.003270e+00, T: 1.8821e-06, no:      68, try:  15504000000
emin+1: -1.003347e+00, e+1: -1.003297e+00, T: 1.5849e-06, no:      29, try:  15776000000
emin+1: -1.003360e+00, e+1: -1.003318e+00, T: 1.1875e-06, no:       0, try:  16048000000
emin+1: -1.003364e+00, e+1: -1.003334e+00, T: 1.0000e-06, no:      29, try:  16320000000
emin+1: -1.003373e+00, e+1: -1.003347e+00, T: 7.4928e-07, no:      11, try:  16592000000
emin+1: -1.003378e+00, e+1: -1.003357e+00, T: 6.3096e-07, no:      23, try:  16864000000
emin+1: -1.003382e+00, e+1: -1.003366e+00, T: 4.7276e-07, no:      37, try:  17136000000
emin+1: -1.003384e+00, e+1: -1.003373e+00, T: 3.9811e-07, no:      17, try:  17408000000
emin+1: -1.003388e+00, e+1: -1.003378e+00, T: 2.9829e-07, no:      87, try:  17680000000
emin+1: -1.003390e+00, e+1: -1.003382e+00, T: 2.5119e-07, no:      13, try:  17952000000
emin+1: -1.003392e+00, e+1: -1.003385e+00, T: 1.8821e-07, no:      20, try:  18224000000
emin+1: -1.003393e+00, e+1: -1.003388e+00, T: 1.5849e-07, no:      23, try:  18496000000
emin+1: -1.003394e+00, e+1: -1.003390e+00, T: 1.1875e-07, no:      58, try:  18768000000
emin+1: -1.003395e+00, e+1: -1.003392e+00, T: 1.0000e-07, no:      19, try:  19040000000
emin+1: -1.003396e+00, e+1: -1.003393e+00, T: 7.4928e-08, no:       9, try:  19312000000
emin+1: -1.003396e+00, e+1: -1.003394e+00, T: 6.3096e-08, no:     205, try:  19584000000
emin+1: -1.003396e+00, e+1: -1.003395e+00, T: 4.7276e-08, no:     180, try:  19856000000
emin+1: -1.003397e+00, e+1: -1.003396e+00, T: 3.9811e-08, no:     242, try:  20128000000
emin+1: -1.003397e+00, e+1: -1.003396e+00, T: 2.9829e-08, no:     146, try:  20400000000
emin+1: -1.003397e+00, e+1: -1.003397e+00, T: 2.5119e-08, no:     470, try:  20672000000
emin+1: -1.003397e+00, e+1: -1.003397e+00, T: 1.8821e-08, no:      21, try:  20944000000
emin+1: -1.003398e+00, e+1: -1.003397e+00, T: 1.5849e-08, no:     126, try:  21216000000
emin+1: -1.003398e+00, e+1: -1.003397e+00, T: 1.1875e-08, no:      27, try:  21488000000
emin+1: -1.003398e+00, e+1: -1.003397e+00, T: 1.0000e-08, no:     166, try:  21760000000
emin+1: -1.003398e+00, e+1: -1.003398e+00, T: 7.4928e-09, no:      27, try:  22032000000
emin+1: -1.003398e+00, e+1: -1.003398e+00, T: 6.3096e-09, no:    1646, try:  22304000000
emin+1: -1.003398e+00, e+1: -1.003398e+00, T: 4.7276e-09, no:     568, try:  22576000000
emin+1: -1.003398e+00, e+1: -1.003398e+00, T: 3.9811e-09, no:     935, try:  22848000000
emin+1: -1.003398e+00, e+1: -1.003398e+00, T: 2.9829e-09, no:    3449, try:  23120000000
emin+1: -1.003398e+00, e+1: -1.003398e+00, T: 2.5119e-09, no:     403, try:  23392000000
emin+1: -1.003398e+00, e+1: -1.003398e+00, T: 1.8821e-09, no:     311, try:  23664000000
emin+1: -1.003398e+00, e+1: -1.003398e+00, T: 1.5849e-09, no:     878, try:  23936000000
emin+1: -1.003398e+00, e+1: -1.003398e+00, T: 1.1875e-09, no:    1752, try:  24208000000
emin+1: -1.003398e+00, e+1: -1.003398e+00, T: 1.0000e-09, no:     610, try:  24480000000
emin+1: -1.003398e+00, e+1: -1.003398e+00, T: 7.4928e-10, no:     490, try:  24752000000
emin+1: -1.003398e+00, e+1: -1.003398e+00, T: 6.3096e-10, no:    1781, try:  25024000000
emin+1: -1.003398e+00, e+1: -1.003398e+00, T: 4.7276e-10, no:       4, try:  25296000000
emin+1: -1.003398e+00, e+1: -1.003398e+00, T: 3.9811e-10, no:     579, try:  25568000000
emin+1: -1.003398e+00, e+1: -1.003398e+00, T: 2.9829e-10, no:    2478, try:  25840000000
emin+1: -1.003398e+00, e+1: -1.003398e+00, T: 2.5119e-10, no:     103, try:  26112000000
emin+1: -1.003398e+00, e+1: -1.003398e+00, T: 1.8821e-10, no:     794, try:  26384000000
emin+1: -1.003398e+00, e+1: -1.003398e+00, T: 1.5849e-10, no:    1603, try:  26656000000
emin+1: -1.003398e+00, e+1: -1.003398e+00, T: 1.1875e-10, no:    2111, try:  26928000000
emin+1: -1.003398e+00, e+1: -1.003398e+00, T: 1.0000e-10, no:    8463, try:  27200000000
emin+1: -1.003398e+00, e+1: -1.003398e+00, T: 7.4928e-11, no:    8405, try:  27472000000
emin+1: -1.003398e+00, e+1: -1.003398e+00, T: 6.3096e-11, no:    1109, try:  27744000000
emin+1: -1.003398e+00, e+1: -1.003398e+00, T: 4.7276e-11, no:     659, try:  28016000000
emin+1: -1.003398e+00, e+1: -1.003398e+00, T: 3.9811e-11, no:    1428, try:  28288000000
emin+1: -1.003398e+00, e+1: -1.003398e+00, T: 2.9829e-11, no:   10152, try:  28560000000
emin+1: -1.003398e+00, e+1: -1.003398e+00, T: 2.5119e-11, no:     642, try:  28832000000
emin+1: -1.003398e+00, e+1: -1.003398e+00, T: 1.8821e-11, no:    8313, try:  29104000000
emin+1: -1.003398e+00, e+1: -1.003398e+00, T: 1.5849e-11, no:    7140, try:  29376000000
emin+1: -1.003398e+00, e+1: -1.003398e+00, T: 1.1875e-11, no:    3097, try:  29648000000
emin+1: -1.003398e+00, e+1: -1.003398e+00, T: 1.0000e-11, no:    1667, try:  29920000000
emin+1: -1.003398e+00, e+1: -1.003398e+00, T: 7.4928e-12, no:    6822, try:  30192000000
emin+1: -1.003398e+00, e+1: -1.003398e+00, T: 6.3096e-12, no:    4152, try:  30464000000
emin+1: -1.003398e+00, e+1: -1.003398e+00, T: 4.7276e-12, no:    8539, try:  30736000000
emin+1: -1.003398e+00, e+1: -1.003398e+00, T: 3.9811e-12, no:     380, try:  31008000000
emin+1: -1.003398e+00, e+1: -1.003398e+00, T: 2.9829e-12, no:    7059, try:  31280000000
emin+1: -1.003398e+00, e+1: -1.003398e+00, T: 2.5119e-12, no:    7034, try:  31552000000
emin+1: -1.003398e+00, e+1: -1.003398e+00, T: 1.8821e-12, no:    5006, try:  31824000000
emin+1: -1.003398e+00, e+1: -1.003398e+00, T: 1.5849e-12, no:   12298, try:  32096000000
emin+1: -1.003398e+00, e+1: -1.003398e+00, T: 1.1875e-12, no:   35825, try:  32368000000
emin+1: -1.003398e+00, e+1: -1.003398e+00, T: 1.0000e-12, no:    6684, try:  32640000000
emin+1: -1.003398e+00, e+1: -1.003398e+00, T: 7.4928e-13, no:   17702, try:  32912000000
emin+1: -1.003398e+00, e+1: -1.003398e+00, T: 6.3096e-13, no:   60596, try:  33184000000
emin+1: -1.003398e+00, e+1: -1.003398e+00, T: 4.7276e-13, no:   31349, try:  33456000000
emin+1: -1.003398e+00, e+1: -1.003398e+00, T: 3.9811e-13, no:   50082, try:  33728000000
emin+1: -1.003398e+00, e+1: -1.003398e+00, T: 2.9829e-13, no:   36216, try:  34000000000
emin+1: -1.003398e+00, e+1: -1.003398e+00, T: 2.5119e-13, no:    2873, try:  34272000000
emin+1: -1.003398e+00, e+1: -1.003398e+00, T: 1.8821e-13, no:   11702, try:  34544000000
emin+1: -1.003398e+00, e+1: -1.003398e+00, T: 1.5849e-13, no:   31715, try:  34816000000
emin+1: -1.003398e+00, e+1: -1.003398e+00, T: 1.1875e-13, no:   19956, try:  35088000000
emin+1: -1.003398e+00, e+1: -1.003398e+00, T: 1.0000e-13, no:   72726, try:  35360000000
emin+1: -1.003398e+00, e+1: -1.003398e+00, T: 7.4928e-14, no:   19287, try:  35632000000
emin+1: -1.003398e+00, e+1: -1.003398e+00, T: 6.3096e-14, no:   52165, try:  35904000000
emin+1: -1.003398e+00, e+1: -1.003398e+00, T: 4.7276e-14, no:   11089, try:  36176000000
emin+1: -1.003398e+00, e+1: -1.003398e+00, T: 3.9811e-14, no:   12767, try:  36448000000
emin+1: -1.003398e+00, e+1: -1.003398e+00, T: 2.9829e-14, no:   14617, try:  36720000000
emin+1: -1.003398e+00, e+1: -1.003398e+00, T: 2.5119e-14, no:   33805, try:  36992000000
emin+1: -1.003398e+00, e+1: -1.003398e+00, T: 1.8821e-14, no:   11334, try:  37264000000
emin+1: -1.003398e+00, e+1: -1.003398e+00, T: 1.5849e-14, no:   11016, try:  37536000000
emin+1: -1.003398e+00, e+1: -1.003398e+00, T: 1.1875e-14, no:    2560, try:  37808000000
emin+1: -1.003398e+00, e+1: -1.003398e+00, T: 1.0000e-14, no:   21512, try:  38080000000
emin+1: -1.003398e+00, e+1: -1.003398e+00, T: 7.4928e-15, no:    6653, try:  38352000000
emin+1: -1.003398e+00, e+1: -1.003398e+00, T: 6.3096e-15, no:   17753, try:  38624000000
emin+1: -1.003398e+00, e+1: -1.003398e+00, T: 4.7276e-15, no:    2885, try:  38896000000
emin+1: -1.003398e+00, e+1: -1.003398e+00, T: 3.9811e-15, no:    9969, try:  39168000000
emin+1: -1.003398e+00, e+1: -1.003398e+00, T: 2.9829e-15, no:    3226, try:  39440000000
emin+1: -1.003398e+00, e+1: -1.003398e+00, T: 2.5119e-15, no:   17254, try:  39712000000
emin+1: -1.003398e+00, e+1: -1.003398e+00, T: 1.8821e-15, no:    5692, try:  39984000000
emin+1: -1.003398e+00, e+1: -1.003398e+00, T: 1.5849e-15, no:   16012, try:  40256000000
emin+1: -1.003398e+00, e+1: -1.003398e+00, T: 1.1875e-15, no:    4537, try:  40528000000
emin+1: -1.003398e+00, e+1: -1.003398e+00, T: 1.0000e-15, no:    1152, try:  40800000000

Last chain: -2.003398140026091477083891590e+00
Best chain: -2.003398140026094817944465887e+00 (-2.003398140026094817944465887e+00)

Error: length:  0.000000000000000000000000000e+00, angle:  0.000000000000000000000000000e+00


Last chain: -2.003398140026091477083891590e+00
Best chain: -2.003398140026094817944465887e+00 (-2.003398140026094817944465887e+00)

Error: length:  0.000000000000000000000000000e+00, angle:  0.000000000000000000000000000e+00


3 19
emin+1:  0.000000e+00, e+1:  0.000000e+00, T: 1.0000e+00
emin+1: -5.902383e-01, e+1: -2.261758e-02, T: 7.4928e-01, no:       0, try:    256500000
emin+1: -5.902383e-01, e+1: -2.580767e-02, T: 6.3096e-01, no:       0, try:    513000000
emin+1: -5.902383e-01, e+1: -3.104628e-02, T: 4.7276e-01, no:       2, try:    769500000
emin+1: -5.902383e-01, e+1: -3.617904e-02, T: 3.9811e-01, no:       2, try:   1026000000
emin+1: -6.235100e-01, e+1: -4.419120e-02, T: 2.9829e-01, no:       0, try:   1282500000
emin+1: -6.235100e-01, e+1: -5.221716e-02, T: 2.5119e-01, no:       0, try:   1539000000
emin+1: -6.607560e-01, e+1: -6.426249e-02, T: 1.8821e-01, no:       2, try:   1795500000
emin+1: -6.607560e-01, e+1: -7.837897e-02, T: 1.5849e-01, no:       1, try:   2052000000
emin+1: -6.607560e-01, e+1: -9.576800e-02, T: 1.1875e-01, no:       2, try:   2308500000
emin+1: -6.607560e-01, e+1: -1.180139e-01, T: 1.0000e-01, no:       3, try:   2565000000
emin+1: -6.607560e-01, e+1: -1.463985e-01, T: 7.4928e-02, no:       5, try:   2821500000
emin+1: -6.607560e-01, e+1: -1.772409e-01, T: 6.3096e-02, no:       2, try:   3078000000
emin+1: -7.143999e-01, e+1: -2.188738e-01, T: 4.7276e-02, no:       0, try:   3334500000
emin+1: -7.891943e-01, e+1: -2.642678e-01, T: 3.9811e-02, no:       0, try:   3591000000
emin+1: -7.891943e-01, e+1: -3.231500e-01, T: 2.9829e-02, no:       0, try:   3847500000
emin+1: -8.489496e-01, e+1: -3.863285e-01, T: 2.5119e-02, no:       1, try:   4104000000
emin+1: -8.779908e-01, e+1: -4.647334e-01, T: 1.8821e-02, no:       0, try:   4360500000
emin+1: -9.525547e-01, e+1: -5.492137e-01, T: 1.5849e-02, no:       0, try:   4617000000
emin+1: -1.051943e+00, e+1: -6.553983e-01, T: 1.1875e-02, no:       0, try:   4873500000
emin+1: -1.134366e+00, e+1: -7.680838e-01, T: 1.0000e-02, no:       0, try:   5130000000
emin+1: -1.230332e+00, e+1: -8.968449e-01, T: 7.4928e-03, no:       2, try:   5386500000
emin+1: -1.295685e+00, e+1: -1.021386e+00, T: 6.3096e-03, no:       0, try:   5643000000
emin+1: -1.373190e+00, e+1: -1.143603e+00, T: 4.7276e-03, no:       5, try:   5899500000
emin+1: -1.383732e+00, e+1: -1.230934e+00, T: 3.9811e-03, no:       1, try:   6156000000
emin+1: -1.408732e+00, e+1: -1.291026e+00, T: 2.9829e-03, no:       8, try:   6412500000
emin+1: -1.408970e+00, e+1: -1.330684e+00, T: 2.5119e-03, no:       0, try:   6669000000
emin+1: -1.423171e+00, e+1: -1.360919e+00, T: 1.8821e-03, no:       0, try:   6925500000
emin+1: -1.430175e+00, e+1: -1.382129e+00, T: 1.5849e-03, no:       1, try:   7182000000
emin+1: -1.433767e+00, e+1: -1.398580e+00, T: 1.1875e-03, no:       0, try:   7438500000
emin+1: -1.438217e+00, e+1: -1.410427e+00, T: 1.0000e-03, no:       0, try:   7695000000
emin+1: -1.441542e+00, e+1: -1.419864e+00, T: 7.4928e-04, no:       0, try:   7951500000
emin+1: -1.443786e+00, e+1: -1.426803e+00, T: 6.3096e-04, no:       0, try:   8208000000
emin+1: -1.446836e+00, e+1: -1.432476e+00, T: 4.7276e-04, no:       6, try:   8464500000
emin+1: -1.447017e+00, e+1: -1.436695e+00, T: 3.9811e-04, no:       3, try:   8721000000
emin+1: -1.448294e+00, e+1: -1.440176e+00, T: 2.9829e-04, no:       6, try:   8977500000
emin+1: -1.449246e+00, e+1: -1.442694e+00, T: 2.5119e-04, no:       0, try:   9234000000
emin+1: -1.450808e+00, e+1: -1.444737e+00, T: 1.8821e-04, no:       8, try:   9490500000
emin+1: -1.451718e+00, e+1: -1.446337e+00, T: 1.5849e-04, no:       2, try:   9747000000
emin+1: -1.452747e+00, e+1: -1.448233e+00, T: 1.1875e-04, no:       3, try:  10003500000
emin+1: -1.453467e+00, e+1: -1.450075e+00, T: 1.0000e-04, no:       3, try:  10260000000
emin+1: -1.454171e+00, e+1: -1.451598e+00, T: 7.4928e-05, no:       6, try:  10516500000
emin+1: -1.454627e+00, e+1: -1.452623e+00, T: 6.3096e-05, no:       1, try:  10773000000
emin+1: -1.454975e+00, e+1: -1.453421e+00, T: 4.7276e-05, no:       7, try:  11029500000
emin+1: -1.455338e+00, e+1: -1.454024e+00, T: 3.9811e-05, no:      21, try:  11286000000
emin+1: -1.455519e+00, e+1: -1.454506e+00, T: 2.9829e-05, no:       4, try:  11542500000
emin+1: -1.455669e+00, e+1: -1.454868e+00, T: 2.5119e-05, no:       0, try:  11799000000
emin+1: -1.455800e+00, e+1: -1.455164e+00, T: 1.8821e-05, no:       9, try:  12055500000
emin+1: -1.455875e+00, e+1: -1.455396e+00, T: 1.5849e-05, no:       0, try:  12312000000
emin+1: -1.455983e+00, e+1: -1.455586e+00, T: 1.1875e-05, no:      11, try:  12568500000
emin+1: -1.456031e+00, e+1: -1.455728e+00, T: 1.0000e-05, no:       9, try:  12825000000
emin+1: -1.456092e+00, e+1: -1.455845e+00, T: 7.4928e-06, no:       2, try:  13081500000
emin+1: -1.456113e+00, e+1: -1.455937e+00, T: 6.3096e-06, no:       9, try:  13338000000
emin+1: -1.456172e+00, e+1: -1.456012e+00, T: 4.7276e-06, no:       3, try:  13594500000
emin+1: -1.456185e+00, e+1: -1.456068e+00, T: 3.9811e-06, no:       7, try:  13851000000
emin+1: -1.456211e+00, e+1: -1.456115e+00, T: 2.9829e-06, no:       0, try:  14107500000
emin+1: -1.456223e+00, e+1: -1.456149e+00, T: 2.5119e-06, no:      32, try:  14364000000
emin+1: -1.456241e+00, e+1: -1.456180e+00, T: 1.8821e-06, no:      14, try:  14620500000
emin+1: -1.456249e+00, e+1: -1.456203e+00, T: 1.5849e-06, no:      13, try:  14877000000
emin+1: -1.456258e+00, e+1: -1.456222e+00, T: 1.1875e-06, no:      87, try:  15133500000
emin+1: -1.456265e+00, e+1: -1.456236e+00, T: 1.0000e-06, no:      27, try:  15390000000
emin+1: -1.456270e+00, e+1: -1.456248e+00, T: 7.4928e-07, no:      12, try:  15646500000
emin+1: -1.456275e+00, e+1: -1.456256e+00, T: 6.3096e-07, no:      78, try:  15903000000
emin+1: -1.456278e+00, e+1: -1.456264e+00, T: 4.7276e-07, no:     298, try:  16159500000
emin+1: -1.456280e+00, e+1: -1.456269e+00, T: 3.9811e-07, no:      96, try:  16416000000
emin+1: -1.456283e+00, e+1: -1.456274e+00, T: 2.9829e-07, no:      38, try:  16672500000
emin+1: -1.456285e+00, e+1: -1.456278e+00, T: 2.5119e-07, no:      17, try:  16929000000
emin+1: -1.456287e+00, e+1: -1.456281e+00, T: 1.8821e-07, no:      52, try:  17185500000
emin+1: -1.456288e+00, e+1: -1.456283e+00, T: 1.5849e-07, no:     155, try:  17442000000
emin+1: -1.456289e+00, e+1: -1.456285e+00, T: 1.1875e-07, no:     111, try:  17698500000
emin+1: -1.456289e+00, e+1: -1.456286e+00, T: 1.0000e-07, no:      64, try:  17955000000
emin+1: -1.456290e+00, e+1: -1.456288e+00, T: 7.4928e-08, no:     132, try:  18211500000
emin+1: -1.456290e+00, e+1: -1.456288e+00, T: 6.3096e-08, no:      25, try:  18468000000
emin+1: -1.456291e+00, e+1: -1.456289e+00, T: 4.7276e-08, no:      15, try:  18724500000
emin+1: -1.456291e+00, e+1: -1.456290e+00, T: 3.9811e-08, no:     105, try:  18981000000
emin+1: -1.456291e+00, e+1: -1.456290e+00, T: 2.9829e-08, no:     111, try:  19237500000
emin+1: -1.456291e+00, e+1: -1.456291e+00, T: 2.5119e-08, no:     505, try:  19494000000
emin+1: -1.456291e+00, e+1: -1.456291e+00, T: 1.8821e-08, no:     381, try:  19750500000
emin+1: -1.456292e+00, e+1: -1.456291e+00, T: 1.5849e-08, no:     272, try:  20007000000
emin+1: -1.456292e+00, e+1: -1.456291e+00, T: 1.1875e-08, no:      93, try:  20263500000
emin+1: -1.456292e+00, e+1: -1.456291e+00, T: 1.0000e-08, no:     220, try:  20520000000
emin+1: -1.456292e+00, e+1: -1.456292e+00, T: 7.4928e-09, no:     750, try:  20776500000
emin+1: -1.456292e+00, e+1: -1.456292e+00, T: 6.3096e-09, no:     239, try:  21033000000
emin+1: -1.456292e+00, e+1: -1.456292e+00, T: 4.7276e-09, no:     431, try:  21289500000
emin+1: -1.456292e+00, e+1: -1.456292e+00, T: 3.9811e-09, no:     266, try:  21546000000
emin+1: -1.456292e+00, e+1: -1.456292e+00, T: 2.9829e-09, no:     357, try:  21802500000
emin+1: -1.456292e+00, e+1: -1.456292e+00, T: 2.5119e-09, no:    2793, try:  22059000000
emin+1: -1.456292e+00, e+1: -1.456292e+00, T: 1.8821e-09, no:    1663, try:  22315500000
emin+1: -1.456292e+00, e+1: -1.456292e+00, T: 1.5849e-09, no:    1128, try:  22572000000
emin+1: -1.456292e+00, e+1: -1.456292e+00, T: 1.1875e-09, no:     754, try:  22828500000
emin+1: -1.456292e+00, e+1: -1.456292e+00, T: 1.0000e-09, no:     379, try:  23085000000
emin+1: -1.456292e+00, e+1: -1.456292e+00, T: 7.4928e-10, no:    1215, try:  23341500000
emin+1: -1.456292e+00, e+1: -1.456292e+00, T: 6.3096e-10, no:    3439, try:  23598000000
emin+1: -1.456292e+00, e+1: -1.456292e+00, T: 4.7276e-10, no:    3409, try:  23854500000
emin+1: -1.456292e+00, e+1: -1.456292e+00, T: 3.9811e-10, no:     435, try:  24111000000
emin+1: -1.456292e+00, e+1: -1.456292e+00, T: 2.9829e-10, no:     698, try:  24367500000
emin+1: -1.456292e+00, e+1: -1.456292e+00, T: 2.5119e-10, no:     387, try:  24624000000
emin+1: -1.456292e+00, e+1: -1.456292e+00, T: 1.8821e-10, no:    2177, try:  24880500000
emin+1: -1.456292e+00, e+1: -1.456292e+00, T: 1.5849e-10, no:    6120, try:  25137000000
emin+1: -1.456292e+00, e+1: -1.456292e+00, T: 1.1875e-10, no:    3070, try:  25393500000
emin+1: -1.456292e+00, e+1: -1.456292e+00, T: 1.0000e-10, no:    2786, try:  25650000000
emin+1: -1.456292e+00, e+1: -1.456292e+00, T: 7.4928e-11, no:    1057, try:  25906500000
emin+1: -1.456292e+00, e+1: -1.456292e+00, T: 6.3096e-11, no:    9726, try:  26163000000
emin+1: -1.456292e+00, e+1: -1.456292e+00, T: 4.7276e-11, no:    6822, try:  26419500000
emin+1: -1.456292e+00, e+1: -1.456292e+00, T: 3.9811e-11, no:    4809, try:  26676000000
emin+1: -1.456292e+00, e+1: -1.456292e+00, T: 2.9829e-11, no:   12804, try:  26932500000
emin+1: -1.456292e+00, e+1: -1.456292e+00, T: 2.5119e-11, no:    4126, try:  27189000000
emin+1: -1.456292e+00, e+1: -1.456292e+00, T: 1.8821e-11, no:    8117, try:  27445500000
emin+1: -1.456292e+00, e+1: -1.456292e+00, T: 1.5849e-11, no:    9361, try:  27702000000
emin+1: -1.456292e+00, e+1: -1.456292e+00, T: 1.1875e-11, no:    1890, try:  27958500000
emin+1: -1.456292e+00, e+1: -1.456292e+00, T: 1.0000e-11, no:    7920, try:  28215000000
emin+1: -1.456292e+00, e+1: -1.456292e+00, T: 7.4928e-12, no:   22005, try:  28471500000
emin+1: -1.456292e+00, e+1: -1.456292e+00, T: 6.3096e-12, no:   24159, try:  28728000000
emin+1: -1.456292e+00, e+1: -1.456292e+00, T: 4.7276e-12, no:    6801, try:  28984500000
emin+1: -1.456292e+00, e+1: -1.456292e+00, T: 3.9811e-12, no:   20113, try:  29241000000
emin+1: -1.456292e+00, e+1: -1.456292e+00, T: 2.9829e-12, no:   22894, try:  29497500000
emin+1: -1.456292e+00, e+1: -1.456292e+00, T: 2.5119e-12, no:   18243, try:  29754000000
emin+1: -1.456292e+00, e+1: -1.456292e+00, T: 1.8821e-12, no:   22456, try:  30010500000
emin+1: -1.456292e+00, e+1: -1.456292e+00, T: 1.5849e-12, no:   36018, try:  30267000000
emin+1: -1.456292e+00, e+1: -1.456292e+00, T: 1.1875e-12, no:   41044, try:  30523500000
emin+1: -1.456292e+00, e+1: -1.456292e+00, T: 1.0000e-12, no:  208125, try:  30780000000
emin+1: -1.456292e+00, e+1: -1.456292e+00, T: 7.4928e-13, no:   16831, try:  31036500000
emin+1: -1.456292e+00, e+1: -1.456292e+00, T: 6.3096e-13, no:  143480, try:  31293000000
emin+1: -1.456292e+00, e+1: -1.456292e+00, T: 4.7276e-13, no:   15772, try:  31549500000
emin+1: -1.456292e+00, e+1: -1.456292e+00, T: 3.9811e-13, no:   12983, try:  31806000000
emin+1: -1.456292e+00, e+1: -1.456292e+00, T: 2.9829e-13, no:   63840, try:  32062500000
emin+1: -1.456292e+00, e+1: -1.456292e+00, T: 2.5119e-13, no:  240082, try:  32319000000
emin+1: -1.456292e+00, e+1: -1.456292e+00, T: 1.8821e-13, no:  116442, try:  32575500000
emin+1: -1.456292e+00, e+1: -1.456292e+00, T: 1.5849e-13, no:  115137, try:  32832000000
emin+1: -1.456292e+00, e+1: -1.456292e+00, T: 1.1875e-13, no:  215831, try:  33088500000
emin+1: -1.456292e+00, e+1: -1.456292e+00, T: 1.0000e-13, no:   63852, try:  33345000000
emin+1: -1.456292e+00, e+1: -1.456292e+00, T: 7.4928e-14, no:   10969, try:  33601500000
emin+1: -1.456292e+00, e+1: -1.456292e+00, T: 6.3096e-14, no:  152556, try:  33858000000
emin+1: -1.456292e+00, e+1: -1.456292e+00, T: 4.7276e-14, no:  160666, try:  34114500000
emin+1: -1.456292e+00, e+1: -1.456292e+00, T: 3.9811e-14, no:  118215, try:  34371000000
emin+1: -1.456292e+00, e+1: -1.456292e+00, T: 2.9829e-14, no:   14623, try:  34627500000
emin+1: -1.456292e+00, e+1: -1.456292e+00, T: 2.5119e-14, no:  120442, try:  34884000000
emin+1: -1.456292e+00, e+1: -1.456292e+00, T: 1.8821e-14, no:   43680, try:  35140500000
emin+1: -1.456292e+00, e+1: -1.456292e+00, T: 1.5849e-14, no:  141899, try:  35397000000
emin+1: -1.456292e+00, e+1: -1.456292e+00, T: 1.1875e-14, no:   85813, try:  35653500000
emin+1: -1.456292e+00, e+1: -1.456292e+00, T: 1.0000e-14, no:  123801, try:  35910000000
emin+1: -1.456292e+00, e+1: -1.456292e+00, T: 7.4928e-15, no:  476670, try:  36166500000
emin+1: -1.456292e+00, e+1: -1.456292e+00, T: 6.3096e-15, no:  168864, try:  36423000000
emin+1: -1.456292e+00, e+1: -1.456292e+00, T: 4.7276e-15, no:  367427, try:  36679500000
emin+1: -1.456292e+00, e+1: -1.456292e+00, T: 3.9811e-15, no:  355919, try:  36936000000
emin+1: -1.456292e+00, e+1: -1.456292e+00, T: 2.9829e-15, no:  145908, try:  37192500000
emin+1: -1.456292e+00, e+1: -1.456292e+00, T: 2.5119e-15, no:  216857, try:  37449000000
emin+1: -1.456292e+00, e+1: -1.456292e+00, T: 1.8821e-15, no:  145014, try:  37705500000
emin+1: -1.456292e+00, e+1: -1.456292e+00, T: 1.5849e-15, no:  197299, try:  37962000000
emin+1: -1.456292e+00, e+1: -1.456292e+00, T: 1.1875e-15, no:  802460, try:  38218500000
emin+1: -1.456292e+00, e+1: -1.456292e+00, T: 1.0000e-15, no:   83662, try:  38475000000

Last chain: -2.456292012954203462637287059e+00
Best chain: -2.456292012954207069777914918e+00 (-2.456292012954207069777914918e+00)

Error: length:  0.000000000000000000000000000e+00, angle:  0.000000000000000000000000000e+00


Last chain: -2.456292012954203462637287059e+00
Best chain: -2.456292012954207069777914918e+00 (-2.456292012954207069777914918e+00)

Error: length:  0.000000000000000000000000000e+00, angle:  0.000000000000000000000000000e+00


9 13
emin+1:  0.000000e+00, e+1:  0.000000e+00, T: 1.0000e+00
emin+1:  0.000000e+00, e+1:  5.977038e-01, T: 7.4928e-01, no:       0, try:    416500000
emin+1:  0.000000e+00, e+1:  5.975931e-01, T: 6.3096e-01, no:       1, try:    833000000
emin+1:  0.000000e+00, e+1:  5.974707e-01, T: 4.7276e-01, no:       1, try:   1249500000
emin+1:  0.000000e+00, e+1:  5.973027e-01, T: 3.9811e-01, no:       0, try:   1666000000
emin+1:  0.000000e+00, e+1:  5.970930e-01, T: 2.9829e-01, no:       6, try:   2082500000
emin+1:  0.000000e+00, e+1:  5.968721e-01, T: 2.5119e-01, no:       1, try:   2499000000
emin+1:  0.000000e+00, e+1:  5.965245e-01, T: 1.8821e-01, no:       0, try:   2915500000
emin+1:  0.000000e+00, e+1:  5.961494e-01, T: 1.5849e-01, no:       2, try:   3332000000
emin+1:  0.000000e+00, e+1:  5.956002e-01, T: 1.1875e-01, no:       0, try:   3748500000
emin+1:  0.000000e+00, e+1:  5.949904e-01, T: 1.0000e-01, no:       0, try:   4165000000
emin+1:  0.000000e+00, e+1:  5.941425e-01, T: 7.4928e-02, no:       2, try:   4581500000
emin+1:  0.000000e+00, e+1:  5.931694e-01, T: 6.3096e-02, no:       5, try:   4998000000
emin+1:  0.000000e+00, e+1:  5.917490e-01, T: 4.7276e-02, no:       2, try:   5414500000
emin+1:  0.000000e+00, e+1:  5.900864e-01, T: 3.9811e-02, no:       0, try:   5831000000
emin+1:  0.000000e+00, e+1:  5.878995e-01, T: 2.9829e-02, no:       0, try:   6247500000
emin+1:  0.000000e+00, e+1:  5.854037e-01, T: 2.5119e-02, no:       1, try:   6664000000
emin+1:  0.000000e+00, e+1:  5.816427e-01, T: 1.8821e-02, no:       2, try:   7080500000
emin+1:  0.000000e+00, e+1:  5.777671e-01, T: 1.5849e-02, no:       1, try:   7497000000
emin+1:  0.000000e+00, e+1:  5.716936e-01, T: 1.1875e-02, no:       0, try:   7913500000
emin+1:  0.000000e+00, e+1:  5.647599e-01, T: 1.0000e-02, no:       2, try:   8330000000
emin+1:  0.000000e+00, e+1:  5.553001e-01, T: 7.4928e-03, no:       4, try:   8746500000
emin+1:  0.000000e+00, e+1:  5.436681e-01, T: 6.3096e-03, no:       3, try:   9163000000
emin+1:  0.000000e+00, e+1:  5.215188e-01, T: 4.7276e-03, no:       0, try:   9579500000
emin+1:  0.000000e+00, e+1:  4.548515e-01, T: 3.9811e-03, no:       0, try:   9996000000
emin+1:  0.000000e+00, e+1:  2.140353e-01, T: 2.9829e-03, no:       1, try:  10412500000
emin+1:  0.000000e+00, e+1:  1.437351e-01, T: 2.5119e-03, no:       1, try:  10829000000
emin+1:  0.000000e+00, e+1:  1.040571e-01, T: 1.8821e-03, no:       2, try:  11245500000
emin+1:  0.000000e+00, e+1:  7.712022e-02, T: 1.5849e-03, no:       6, try:  11662000000
emin+1:  0.000000e+00, e+1:  5.635255e-02, T: 1.1875e-03, no:       0, try:  12078500000
emin+1:  0.000000e+00, e+1:  4.142235e-02, T: 1.0000e-03, no:       0, try:  12495000000
emin+1:  0.000000e+00, e+1:  2.993919e-02, T: 7.4928e-04, no:       3, try:  12911500000
emin+1:  0.000000e+00, e+1:  2.201247e-02, T: 6.3096e-04, no:       0, try:  13328000000
emin+1:  0.000000e+00, e+1:  1.544486e-02, T: 4.7276e-04, no:       0, try:  13744500000
emin+1: -1.147604e-03, e+1:  9.977038e-03, T: 3.9811e-04, no:       0, try:  14161000000
emin+1: -3.690175e-03, e+1:  5.716978e-03, T: 2.9829e-04, no:       2, try:  14577500000
emin+1: -4.571141e-03, e+1:  2.932919e-03, T: 2.5119e-04, no:       2, try:  14994000000
emin+1: -7.014020e-03, e+1:  5.313436e-04, T: 1.8821e-04, no:       1, try:  15410500000
emin+1: -1.034796e-02, e+1: -2.549732e-03, T: 1.5849e-04, no:       0, try:  15827000000
emin+1: -1.329025e-02, e+1: -6.095437e-03, T: 1.1875e-04, no:       0, try:  16243500000
emin+1: -1.375143e-02, e+1: -9.197268e-03, T: 1.0000e-04, no:       5, try:  16660000000
emin+1: -1.471998e-02, e+1: -1.146540e-02, T: 7.4928e-05, no:       0, try:  17076500000
emin+1: -1.546075e-02, e+1: -1.290902e-02, T: 6.3096e-05, no:       1, try:  17493000000
emin+1: -1.608556e-02, e+1: -1.405069e-02, T: 4.7276e-05, no:       1, try:  17909500000
emin+1: -1.657252e-02, e+1: -1.489779e-02, T: 3.9811e-05, no:       5, try:  18326000000
emin+1: -1.689967e-02, e+1: -1.558336e-02, T: 2.9829e-05, no:       1, try:  18742500000
emin+1: -1.707500e-02, e+1: -1.610806e-02, T: 2.5119e-05, no:       9, try:  19159000000
emin+1: -1.736374e-02, e+1: -1.653483e-02, T: 1.8821e-05, no:       1, try:  19575500000
emin+1: -1.743773e-02, e+1: -1.684718e-02, T: 1.5849e-05, no:       5, try:  19992000000
emin+1: -1.764067e-02, e+1: -1.710880e-02, T: 1.1875e-05, no:       8, try:  20408500000
emin+1: -1.772656e-02, e+1: -1.731587e-02, T: 1.0000e-05, no:       3, try:  20825000000
emin+1: -1.780705e-02, e+1: -1.747893e-02, T: 7.4928e-06, no:       1, try:  21241500000
emin+1: -1.784202e-02, e+1: -1.760442e-02, T: 6.3096e-06, no:      56, try:  21658000000
emin+1: -1.791519e-02, e+1: -1.771082e-02, T: 4.7276e-06, no:       2, try:  22074500000
emin+1: -1.794081e-02, e+1: -1.779280e-02, T: 3.9811e-06, no:       8, try:  22491000000
emin+1: -1.799017e-02, e+1: -1.785652e-02, T: 2.9829e-06, no:       1, try:  22907500000
emin+1: -1.800991e-02, e+1: -1.790986e-02, T: 2.5119e-06, no:       7, try:  23324000000
emin+1: -1.803024e-02, e+1: -1.794970e-02, T: 1.8821e-06, no:       3, try:  23740500000
emin+1: -1.803866e-02, e+1: -1.798176e-02, T: 1.5849e-06, no:       1, try:  24157000000
emin+1: -1.805390e-02, e+1: -1.800831e-02, T: 1.1875e-06, no:       0, try:  24573500000
emin+1: -1.806532e-02, e+1: -1.802826e-02, T: 1.0000e-06, no:       9, try:  24990000000
emin+1: -1.807682e-02, e+1: -1.804488e-02, T: 7.4928e-07, no:       4, try:  25406500000
emin+1: -1.808114e-02, e+1: -1.805702e-02, T: 6.3096e-07, no:      14, try:  25823000000
emin+1: -1.808562e-02, e+1: -1.806754e-02, T: 4.7276e-07, no:      39, try:  26239500000
emin+1: -1.808885e-02, e+1: -1.807536e-02, T: 3.9811e-07, no:       5, try:  26656000000
emin+1: -1.809334e-02, e+1: -1.808186e-02, T: 2.9829e-07, no:      26, try:  27072500000
emin+1: -1.809635e-02, e+1: -1.808701e-02, T: 2.5119e-07, no:      24, try:  27489000000
emin+1: -1.809842e-02, e+1: -1.809127e-02, T: 1.8821e-07, no:      12, try:  27905500000
emin+1: -1.810014e-02, e+1: -1.809442e-02, T: 1.5849e-07, no:      47, try:  28322000000
emin+1: -1.810124e-02, e+1: -1.809685e-02, T: 1.1875e-07, no:       3, try:  28738500000
emin+1: -1.810244e-02, e+1: -1.809893e-02, T: 1.0000e-07, no:       0, try:  29155000000
emin+1: -1.810347e-02, e+1: -1.810069e-02, T: 7.4928e-08, no:      31, try:  29571500000
emin+1: -1.810402e-02, e+1: -1.810196e-02, T: 6.3096e-08, no:      51, try:  29988000000
emin+1: -1.810500e-02, e+1: -1.810306e-02, T: 4.7276e-08, no:     103, try:  30404500000
emin+1: -1.810512e-02, e+1: -1.810385e-02, T: 3.9811e-08, no:      35, try:  30821000000
emin+1: -1.810564e-02, e+1: -1.810444e-02, T: 2.9829e-08, no:     111, try:  31237500000
emin+1: -1.810578e-02, e+1: -1.810495e-02, T: 2.5119e-08, no:     319, try:  31654000000
emin+1: -1.810603e-02, e+1: -1.810534e-02, T: 1.8821e-08, no:      68, try:  32070500000
emin+1: -1.810617e-02, e+1: -1.810565e-02, T: 1.5849e-08, no:      16, try:  32487000000
emin+1: -1.810634e-02, e+1: -1.810596e-02, T: 1.1875e-08, no:     407, try:  32903500000
emin+1: -1.810649e-02, e+1: -1.810616e-02, T: 1.0000e-08, no:     111, try:  33320000000
emin+1: -1.810656e-02, e+1: -1.810632e-02, T: 7.4928e-09, no:      31, try:  33736500000
emin+1: -1.810664e-02, e+1: -1.810643e-02, T: 6.3096e-09, no:     419, try:  34153000000
emin+1: -1.810668e-02, e+1: -1.810653e-02, T: 4.7276e-09, no:      55, try:  34569500000
emin+1: -1.810671e-02, e+1: -1.810661e-02, T: 3.9811e-09, no:      51, try:  34986000000
emin+1: -1.810679e-02, e+1: -1.810668e-02, T: 2.9829e-09, no:      56, try:  35402500000
emin+1: -1.810681e-02, e+1: -1.810673e-02, T: 2.5119e-09, no:      13, try:  35819000000
emin+1: -1.810682e-02, e+1: -1.810677e-02, T: 1.8821e-09, no:     767, try:  36235500000
emin+1: -1.810686e-02, e+1: -1.810680e-02, T: 1.5849e-09, no:     954, try:  36652000000
emin+1: -1.810686e-02, e+1: -1.810683e-02, T: 1.1875e-09, no:    1349, try:  37068500000
emin+1: -1.810688e-02, e+1: -1.810685e-02, T: 1.0000e-09, no:     204, try:  37485000000
emin+1: -1.810688e-02, e+1: -1.810686e-02, T: 7.4928e-10, no:     277, try:  37901500000
emin+1: -1.810690e-02, e+1: -1.810688e-02, T: 6.3096e-10, no:     462, try:  38318000000
emin+1: -1.810691e-02, e+1: -1.810689e-02, T: 4.7276e-10, no:     358, try:  38734500000
emin+1: -1.810691e-02, e+1: -1.810690e-02, T: 3.9811e-10, no:     119, try:  39151000000
emin+1: -1.810691e-02, e+1: -1.810690e-02, T: 2.9829e-10, no:       5, try:  39567500000
emin+1: -1.810692e-02, e+1: -1.810691e-02, T: 2.5119e-10, no:    1098, try:  39984000000
emin+1: -1.810692e-02, e+1: -1.810691e-02, T: 1.8821e-10, no:      54, try:  40400500000
emin+1: -1.810692e-02, e+1: -1.810692e-02, T: 1.5849e-10, no:     166, try:  40817000000
emin+1: -1.810692e-02, e+1: -1.810692e-02, T: 1.1875e-10, no:     312, try:  41233500000
emin+1: -1.810692e-02, e+1: -1.810692e-02, T: 1.0000e-10, no:     641, try:  41650000000
emin+1: -1.810692e-02, e+1: -1.810692e-02, T: 7.4928e-11, no:      40, try:  42066500000
emin+1: -1.810693e-02, e+1: -1.810692e-02, T: 6.3096e-11, no:    1652, try:  42483000000
emin+1: -1.810693e-02, e+1: -1.810693e-02, T: 4.7276e-11, no:    6473, try:  42899500000
emin+1: -1.810693e-02, e+1: -1.810693e-02, T: 3.9811e-11, no:     290, try:  43316000000
emin+1: -1.810693e-02, e+1: -1.810693e-02, T: 2.9829e-11, no:    7354, try:  43732500000
emin+1: -1.810693e-02, e+1: -1.810693e-02, T: 2.5119e-11, no:    3213, try:  44149000000
emin+1: -1.810693e-02, e+1: -1.810693e-02, T: 1.8821e-11, no:    1679, try:  44565500000
emin+1: -1.810693e-02, e+1: -1.810693e-02, T: 1.5849e-11, no:      69, try:  44982000000
emin+1: -1.810693e-02, e+1: -1.810693e-02, T: 1.1875e-11, no:    5457, try:  45398500000
emin+1: -1.810693e-02, e+1: -1.810693e-02, T: 1.0000e-11, no:   10941, try:  45815000000
emin+1: -1.810693e-02, e+1: -1.810693e-02, T: 7.4928e-12, no:    7434, try:  46231500000
emin+1: -1.810693e-02, e+1: -1.810693e-02, T: 6.3096e-12, no:     149, try:  46648000000
emin+1: -1.810693e-02, e+1: -1.810693e-02, T: 4.7276e-12, no:      75, try:  47064500000
emin+1: -1.810693e-02, e+1: -1.810693e-02, T: 3.9811e-12, no:    3818, try:  47481000000
emin+1: -1.810693e-02, e+1: -1.810693e-02, T: 2.9829e-12, no:     191, try:  47897500000
emin+1: -1.810693e-02, e+1: -1.810693e-02, T: 2.5119e-12, no:    3703, try:  48314000000
emin+1: -1.810693e-02, e+1: -1.810693e-02, T: 1.8821e-12, no:    2420, try:  48730500000
emin+1: -1.810693e-02, e+1: -1.810693e-02, T: 1.5849e-12, no:   13202, try:  49147000000
emin+1: -1.810693e-02, e+1: -1.810693e-02, T: 1.1875e-12, no:   20296, try:  49563500000
emin+1: -1.810693e-02, e+1: -1.810693e-02, T: 1.0000e-12, no:    1417, try:  49980000000
emin+1: -1.810693e-02, e+1: -1.810693e-02, T: 7.4928e-13, no:     607, try:  50396500000
emin+1: -1.810693e-02, e+1: -1.810693e-02, T: 6.3096e-13, no:   20675, try:  50813000000
emin+1: -1.810693e-02, e+1: -1.810693e-02, T: 4.7276e-13, no:    4680, try:  51229500000
emin+1: -1.810693e-02, e+1: -1.810693e-02, T: 3.9811e-13, no:    4048, try:  51646000000
emin+1: -1.810693e-02, e+1: -1.810693e-02, T: 2.9829e-13, no:    1535, try:  52062500000
emin+1: -1.810693e-02, e+1: -1.810693e-02, T: 2.5119e-13, no:    3823, try:  52479000000
emin+1: -1.810693e-02, e+1: -1.810693e-02, T: 1.8821e-13, no:    1436, try:  52895500000
emin+1: -1.810693e-02, e+1: -1.810693e-02, T: 1.5849e-13, no:    1738, try:  53312000000
emin+1: -1.810693e-02, e+1: -1.810693e-02, T: 1.1875e-13, no:     254, try:  53728500000
emin+1: -1.810693e-02, e+1: -1.810693e-02, T: 1.0000e-13, no:     709, try:  54145000000
emin+1: -1.810693e-02, e+1: -1.810693e-02, T: 7.4928e-14, no:     241, try:  54561500000
emin+1: -1.810693e-02, e+1: -1.810693e-02, T: 6.3096e-14, no:     422, try:  54978000000
emin+1: -1.810693e-02, e+1: -1.810693e-02, T: 4.7276e-14, no:    1978, try:  55394500000
emin+1: -1.810693e-02, e+1: -1.810693e-02, T: 3.9811e-14, no:     352, try:  55811000000
emin+1: -1.810693e-02, e+1: -1.810693e-02, T: 2.9829e-14, no:    2423, try:  56227500000
emin+1: -1.810693e-02, e+1: -1.810693e-02, T: 2.5119e-14, no:     237, try:  56644000000
emin+1: -1.810693e-02, e+1: -1.810693e-02, T: 1.8821e-14, no:    2262, try:  57060500000
emin+1: -1.810693e-02, e+1: -1.810693e-02, T: 1.5849e-14, no:     927, try:  57477000000
emin+1: -1.810693e-02, e+1: -1.810693e-02, T: 1.1875e-14, no:     714, try:  57893500000
emin+1: -1.810693e-02, e+1: -1.810693e-02, T: 1.0000e-14, no:    1882, try:  58310000000
emin+1: -1.810693e-02, e+1: -1.810693e-02, T: 7.4928e-15, no:     601, try:  58726500000
emin+1: -1.810693e-02, e+1: -1.810693e-02, T: 6.3096e-15, no:     151, try:  59143000000
emin+1: -1.810693e-02, e+1: -1.810693e-02, T: 4.7276e-15, no:     596, try:  59559500000
emin+1: -1.810693e-02, e+1: -1.810693e-02, T: 3.9811e-15, no:     356, try:  59976000000
emin+1: -1.810693e-02, e+1: -1.810693e-02, T: 2.9829e-15, no:     309, try:  60392500000
emin+1: -1.810693e-02, e+1: -1.810693e-02, T: 2.5119e-15, no:      57, try:  60809000000
emin+1: -1.810693e-02, e+1: -1.810693e-02, T: 1.8821e-15, no:      38, try:  61225500000
emin+1: -1.810693e-02, e+1: -1.810693e-02, T: 1.5849e-15, no:      57, try:  61642000000
emin+1: -1.810693e-02, e+1: -1.810693e-02, T: 1.1875e-15, no:       9, try:  62058500000
emin+1: -1.810693e-02, e+1: -1.810693e-02, T: 1.0000e-15, no:     155, try:  62475000000

Last chain: -1.018106929765832992197324702e+00
Best chain: -1.018106929765832992197324702e+00 (-1.018106929765832992197324702e+00)

Error: length:  0.000000000000000000000000000e+00, angle:  0.000000000000000000000000000e+00


Last chain: -1.018106929765832992197324702e+00
Best chain: -1.018106929765832992197324702e+00 (-1.018106929765832992197324702e+00)

Error: length:  0.000000000000000000000000000e+00, angle:  0.000000000000000000000000000e+00


4 18
emin+1:  0.000000e+00, e+1:  0.000000e+00, T: 1.0000e+00
emin+1: -1.962872e-01, e+1:  1.861728e-01, T: 7.4928e-01, no:       3, try:    306000000
emin+1: -2.293537e-01, e+1:  1.844373e-01, T: 6.3096e-01, no:       0, try:    612000000
emin+1: -2.293537e-01, e+1:  1.820400e-01, T: 4.7276e-01, no:       4, try:    918000000
emin+1: -2.293537e-01, e+1:  1.794518e-01, T: 3.9811e-01, no:       0, try:   1224000000
emin+1: -2.293537e-01, e+1:  1.757526e-01, T: 2.9829e-01, no:       1, try:   1530000000
emin+1: -2.293537e-01, e+1:  1.713079e-01, T: 2.5119e-01, no:       0, try:   1836000000
emin+1: -2.293537e-01, e+1:  1.656246e-01, T: 1.8821e-01, no:       0, try:   2142000000
emin+1: -2.293537e-01, e+1:  1.587075e-01, T: 1.5849e-01, no:       1, try:   2448000000
emin+1: -2.701684e-01, e+1:  1.496050e-01, T: 1.1875e-01, no:       0, try:   2754000000
emin+1: -2.701684e-01, e+1:  1.390331e-01, T: 1.0000e-01, no:       1, try:   3060000000
emin+1: -2.701684e-01, e+1:  1.245186e-01, T: 7.4928e-02, no:       0, try:   3366000000
emin+1: -2.701684e-01, e+1:  1.087125e-01, T: 6.3096e-02, no:       3, try:   3672000000
emin+1: -2.924033e-01, e+1:  8.681612e-02, T: 4.7276e-02, no:       0, try:   3978000000
emin+1: -2.924033e-01, e+1:  6.209858e-02, T: 3.9811e-02, no:       0, try:   4284000000
emin+1: -3.261357e-01, e+1:  3.035783e-02, T: 2.9829e-02, no:       0, try:   4590000000
emin+1: -3.497496e-01, e+1: -4.762666e-03, T: 2.5119e-02, no:      10, try:   4896000000
emin+1: -3.740412e-01, e+1: -5.098232e-02, T: 1.8821e-02, no:       1, try:   5202000000
emin+1: -4.529420e-01, e+1: -1.008592e-01, T: 1.5849e-02, no:       0, try:   5508000000
emin+1: -5.106613e-01, e+1: -1.712756e-01, T: 1.1875e-02, no:       0, try:   5814000000
emin+1: -5.757382e-01, e+1: -2.499499e-01, T: 1.0000e-02, no:       0, try:   6120000000
emin+1: -6.923738e-01, e+1: -3.580380e-01, T: 7.4928e-03, no:       2, try:   6426000000
emin+1: -7.597417e-01, e+1: -4.745269e-01, T: 6.3096e-03, no:       4, try:   6732000000
emin+1: -8.775472e-01, e+1: -6.128214e-01, T: 4.7276e-03, no:       3, try:   7038000000
emin+1: -9.124533e-01, e+1: -7.359716e-01, T: 3.9811e-03, no:       7, try:   7344000000
emin+1: -9.488450e-01, e+1: -8.207115e-01, T: 2.9829e-03, no:       0, try:   7650000000
emin+1: -9.622507e-01, e+1: -8.737236e-01, T: 2.5119e-03, no:       0, try:   7956000000
emin+1: -9.782380e-01, e+1: -9.105701e-01, T: 1.8821e-03, no:       0, try:   8262000000
emin+1: -9.826804e-01, e+1: -9.347211e-01, T: 1.5849e-03, no:       0, try:   8568000000
emin+1: -9.888897e-01, e+1: -9.525088e-01, T: 1.1875e-03, no:       1, try:   8874000000
emin+1: -9.934289e-01, e+1: -9.650135e-01, T: 1.0000e-03, no:       2, try:   9180000000
emin+1: -1.000530e+00, e+1: -9.748825e-01, T: 7.4928e-04, no:       5, try:   9486000000
emin+1: -1.006810e+00, e+1: -9.823898e-01, T: 6.3096e-04, no:      10, try:   9792000000
emin+1: -1.013182e+00, e+1: -9.908901e-01, T: 4.7276e-04, no:       0, try:  10098000000
emin+1: -1.017605e+00, e+1: -1.000456e+00, T: 3.9811e-04, no:      17, try:  10404000000
emin+1: -1.020307e+00, e+1: -1.007927e+00, T: 2.9829e-04, no:      11, try:  10710000000
emin+1: -1.022270e+00, e+1: -1.013064e+00, T: 2.5119e-04, no:       3, try:  11016000000
emin+1: -1.025038e+00, e+1: -1.017079e+00, T: 1.8821e-04, no:      10, try:  11322000000
emin+1: -1.025738e+00, e+1: -1.019964e+00, T: 1.5849e-04, no:      10, try:  11628000000
emin+1: -1.027017e+00, e+1: -1.022323e+00, T: 1.1875e-04, no:       6, try:  11934000000
emin+1: -1.027866e+00, e+1: -1.024114e+00, T: 1.0000e-04, no:       0, try:  12240000000
emin+1: -1.028499e+00, e+1: -1.025580e+00, T: 7.4928e-05, no:       1, try:  12546000000
emin+1: -1.028879e+00, e+1: -1.026682e+00, T: 6.3096e-05, no:       0, try:  12852000000
emin+1: -1.029412e+00, e+1: -1.027601e+00, T: 4.7276e-05, no:       0, try:  13158000000
emin+1: -1.029682e+00, e+1: -1.028283e+00, T: 3.9811e-05, no:       8, try:  13464000000
emin+1: -1.029952e+00, e+1: -1.028858e+00, T: 2.9829e-05, no:      10, try:  13770000000
emin+1: -1.030229e+00, e+1: -1.029293e+00, T: 2.5119e-05, no:       8, try:  14076000000
emin+1: -1.030348e+00, e+1: -1.029653e+00, T: 1.8821e-05, no:      28, try:  14382000000
emin+1: -1.030502e+00, e+1: -1.029928e+00, T: 1.5849e-05, no:      15, try:  14688000000
emin+1: -1.030611e+00, e+1: -1.030153e+00, T: 1.1875e-05, no:       7, try:  14994000000
emin+1: -1.030672e+00, e+1: -1.030327e+00, T: 1.0000e-05, no:       6, try:  15300000000
emin+1: -1.030763e+00, e+1: -1.030471e+00, T: 7.4928e-06, no:      10, try:  15606000000
emin+1: -1.030795e+00, e+1: -1.030578e+00, T: 6.3096e-06, no:       2, try:  15912000000
emin+1: -1.030855e+00, e+1: -1.030669e+00, T: 4.7276e-06, no:       4, try:  16218000000
emin+1: -1.030877e+00, e+1: -1.030738e+00, T: 3.9811e-06, no:       3, try:  16524000000
emin+1: -1.030906e+00, e+1: -1.030795e+00, T: 2.9829e-06, no:      43, try:  16830000000
emin+1: -1.030927e+00, e+1: -1.030838e+00, T: 2.5119e-06, no:      25, try:  17136000000
emin+1: -1.030942e+00, e+1: -1.030873e+00, T: 1.8821e-06, no:      12, try:  17442000000
emin+1: -1.030958e+00, e+1: -1.030901e+00, T: 1.5849e-06, no:       0, try:  17748000000
emin+1: -1.030966e+00, e+1: -1.030924e+00, T: 1.1875e-06, no:      25, try:  18054000000
emin+1: -1.030974e+00, e+1: -1.030941e+00, T: 1.0000e-06, no:      27, try:  18360000000
emin+1: -1.030983e+00, e+1: -1.030956e+00, T: 7.4928e-07, no:      51, try:  18666000000
emin+1: -1.030988e+00, e+1: -1.030966e+00, T: 6.3096e-07, no:     172, try:  18972000000
emin+1: -1.030993e+00, e+1: -1.030976e+00, T: 4.7276e-07, no:      54, try:  19278000000
emin+1: -1.030996e+00, e+1: -1.030982e+00, T: 3.9811e-07, no:      19, try:  19584000000
emin+1: -1.031000e+00, e+1: -1.030988e+00, T: 2.9829e-07, no:     162, try:  19890000000
emin+1: -1.031000e+00, e+1: -1.030992e+00, T: 2.5119e-07, no:      96, try:  20196000000
emin+1: -1.031003e+00, e+1: -1.030996e+00, T: 1.8821e-07, no:      73, try:  20502000000
emin+1: -1.031004e+00, e+1: -1.030999e+00, T: 1.5849e-07, no:      60, try:  20808000000
emin+1: -1.031005e+00, e+1: -1.031001e+00, T: 1.1875e-07, no:      41, try:  21114000000
emin+1: -1.031006e+00, e+1: -1.031003e+00, T: 1.0000e-07, no:     566, try:  21420000000
emin+1: -1.031007e+00, e+1: -1.031004e+00, T: 7.4928e-08, no:      98, try:  21726000000
emin+1: -1.031007e+00, e+1: -1.031005e+00, T: 6.3096e-08, no:     110, try:  22032000000
emin+1: -1.031008e+00, e+1: -1.031006e+00, T: 4.7276e-08, no:     177, try:  22338000000
emin+1: -1.031008e+00, e+1: -1.031007e+00, T: 3.9811e-08, no:     169, try:  22644000000
emin+1: -1.031008e+00, e+1: -1.031007e+00, T: 2.9829e-08, no:     127, try:  22950000000
emin+1: -1.031009e+00, e+1: -1.031008e+00, T: 2.5119e-08, no:      68, try:  23256000000
emin+1: -1.031009e+00, e+1: -1.031008e+00, T: 1.8821e-08, no:      23, try:  23562000000
emin+1: -1.031009e+00, e+1: -1.031009e+00, T: 1.5849e-08, no:    1483, try:  23868000000
emin+1: -1.031009e+00, e+1: -1.031009e+00, T: 1.1875e-08, no:      11, try:  24174000000
emin+1: -1.031009e+00, e+1: -1.031009e+00, T: 1.0000e-08, no:     785, try:  24480000000
emin+1: -1.031009e+00, e+1: -1.031009e+00, T: 7.4928e-09, no:     265, try:  24786000000
emin+1: -1.031009e+00, e+1: -1.031009e+00, T: 6.3096e-09, no:     166, try:  25092000000
emin+1: -1.031009e+00, e+1: -1.031009e+00, T: 4.7276e-09, no:      28, try:  25398000000
emin+1: -1.031009e+00, e+1: -1.031009e+00, T: 3.9811e-09, no:    1288, try:  25704000000
emin+1: -1.031009e+00, e+1: -1.031009e+00, T: 2.9829e-09, no:    1715, try:  26010000000
emin+1: -1.031009e+00, e+1: -1.031009e+00, T: 2.5119e-09, no:    5363, try:  26316000000
emin+1: -1.031010e+00, e+1: -1.031009e+00, T: 1.8821e-09, no:    1079, try:  26622000000
emin+1: -1.031010e+00, e+1: -1.031009e+00, T: 1.5849e-09, no:    4960, try:  26928000000
emin+1: -1.031010e+00, e+1: -1.031010e+00, T: 1.1875e-09, no:    2898, try:  27234000000
emin+1: -1.031010e+00, e+1: -1.031010e+00, T: 1.0000e-09, no:     887, try:  27540000000
emin+1: -1.031010e+00, e+1: -1.031010e+00, T: 7.4928e-10, no:    2031, try:  27846000000
emin+1: -1.031010e+00, e+1: -1.031010e+00, T: 6.3096e-10, no:    3312, try:  28152000000
emin+1: -1.031010e+00, e+1: -1.031010e+00, T: 4.7276e-10, no:     389, try:  28458000000
emin+1: -1.031010e+00, e+1: -1.031010e+00, T: 3.9811e-10, no:    5919, try:  28764000000
emin+1: -1.031010e+00, e+1: -1.031010e+00, T: 2.9829e-10, no:     421, try:  29070000000
emin+1: -1.031010e+00, e+1: -1.031010e+00, T: 2.5119e-10, no:     891, try:  29376000000
emin+1: -1.031010e+00, e+1: -1.031010e+00, T: 1.8821e-10, no:    1166, try:  29682000000
emin+1: -1.031010e+00, e+1: -1.031010e+00, T: 1.5849e-10, no:    1068, try:  29988000000
emin+1: -1.031010e+00, e+1: -1.031010e+00, T: 1.1875e-10, no:     691, try:  30294000000
emin+1: -1.031010e+00, e+1: -1.031010e+00, T: 1.0000e-10, no:    3728, try:  30600000000
emin+1: -1.031010e+00, e+1: -1.031010e+00, T: 7.4928e-11, no:    7783, try:  30906000000
emin+1: -1.031010e+00, e+1: -1.031010e+00, T: 6.3096e-11, no:   12068, try:  31212000000
emin+1: -1.031010e+00, e+1: -1.031010e+00, T: 4.7276e-11, no:     370, try:  31518000000
emin+1: -1.031010e+00, e+1: -1.031010e+00, T: 3.9811e-11, no:    9572, try:  31824000000
emin+1: -1.031010e+00, e+1: -1.031010e+00, T: 2.9829e-11, no:   11101, try:  32130000000
emin+1: -1.031010e+00, e+1: -1.031010e+00, T: 2.5119e-11, no:    1731, try:  32436000000
emin+1: -1.031010e+00, e+1: -1.031010e+00, T: 1.8821e-11, no:   13058, try:  32742000000
emin+1: -1.031010e+00, e+1: -1.031010e+00, T: 1.5849e-11, no:    5229, try:  33048000000
emin+1: -1.031010e+00, e+1: -1.031010e+00, T: 1.1875e-11, no:    6293, try:  33354000000
emin+1: -1.031010e+00, e+1: -1.031010e+00, T: 1.0000e-11, no:    3180, try:  33660000000
emin+1: -1.031010e+00, e+1: -1.031010e+00, T: 7.4928e-12, no:    9980, try:  33966000000
emin+1: -1.031010e+00, e+1: -1.031010e+00, T: 6.3096e-12, no:    4382, try:  34272000000
emin+1: -1.031010e+00, e+1: -1.031010e+00, T: 4.7276e-12, no:   94476, try:  34578000000
emin+1: -1.031010e+00, e+1: -1.031010e+00, T: 3.9811e-12, no:      52, try:  34884000000
emin+1: -1.031010e+00, e+1: -1.031010e+00, T: 2.9829e-12, no:   14654, try:  35190000000
emin+1: -1.031010e+00, e+1: -1.031010e+00, T: 2.5119e-12, no:   44565, try:  35496000000
emin+1: -1.031010e+00, e+1: -1.031010e+00, T: 1.8821e-12, no:  106942, try:  35802000000
emin+1: -1.031010e+00, e+1: -1.031010e+00, T: 1.5849e-12, no:    6129, try:  36108000000
emin+1: -1.031010e+00, e+1: -1.031010e+00, T: 1.1875e-12, no:   49635, try:  36414000000
emin+1: -1.031010e+00, e+1: -1.031010e+00, T: 1.0000e-12, no:   13651, try:  36720000000
emin+1: -1.031010e+00, e+1: -1.031010e+00, T: 7.4928e-13, no:  192349, try:  37026000000
emin+1: -1.031010e+00, e+1: -1.031010e+00, T: 6.3096e-13, no:    7852, try:  37332000000
emin+1: -1.031010e+00, e+1: -1.031010e+00, T: 4.7276e-13, no:   81064, try:  37638000000
emin+1: -1.031010e+00, e+1: -1.031010e+00, T: 3.9811e-13, no:   36644, try:  37944000000
emin+1: -1.031010e+00, e+1: -1.031010e+00, T: 2.9829e-13, no:   25533, try:  38250000000
emin+1: -1.031010e+00, e+1: -1.031010e+00, T: 2.5119e-13, no:   56268, try:  38556000000
emin+1: -1.031010e+00, e+1: -1.031010e+00, T: 1.8821e-13, no:  160117, try:  38862000000
emin+1: -1.031010e+00, e+1: -1.031010e+00, T: 1.5849e-13, no:  195980, try:  39168000000
emin+1: -1.031010e+00, e+1: -1.031010e+00, T: 1.1875e-13, no:   39087, try:  39474000000
emin+1: -1.031010e+00, e+1: -1.031010e+00, T: 1.0000e-13, no:  281018, try:  39780000000
emin+1: -1.031010e+00, e+1: -1.031010e+00, T: 7.4928e-14, no:   44856, try:  40086000000
emin+1: -1.031010e+00, e+1: -1.031010e+00, T: 6.3096e-14, no:  196053, try:  40392000000
emin+1: -1.031010e+00, e+1: -1.031010e+00, T: 4.7276e-14, no:   34177, try:  40698000000
emin+1: -1.031010e+00, e+1: -1.031010e+00, T: 3.9811e-14, no:  154820, try:  41004000000
emin+1: -1.031010e+00, e+1: -1.031010e+00, T: 2.9829e-14, no:  343251, try:  41310000000
emin+1: -1.031010e+00, e+1: -1.031010e+00, T: 2.5119e-14, no:  240291, try:  41616000000
emin+1: -1.031010e+00, e+1: -1.031010e+00, T: 1.8821e-14, no:  288649, try:  41922000000
emin+1: -1.031010e+00, e+1: -1.031010e+00, T: 1.5849e-14, no:  889527, try:  42228000000
emin+1: -1.031010e+00, e+1: -1.031010e+00, T: 1.1875e-14, no:   38498, try:  42534000000
emin+1: -1.031010e+00, e+1: -1.031010e+00, T: 1.0000e-14, no:  233801, try:  42840000000
emin+1: -1.031010e+00, e+1: -1.031010e+00, T: 7.4928e-15, no:   69991, try:  43146000000
emin+1: -1.031010e+00, e+1: -1.031010e+00, T: 6.3096e-15, no: 1133082, try:  43452000000
emin+1: -1.031010e+00, e+1: -1.031010e+00, T: 4.7276e-15, no:   29533, try:  43758000000
emin+1: -1.031010e+00, e+1: -1.031010e+00, T: 3.9811e-15, no:  523230, try:  44064000000
emin+1: -1.031010e+00, e+1: -1.031010e+00, T: 2.9829e-15, no:  446073, try:  44370000000
emin+1: -1.031010e+00, e+1: -1.031010e+00, T: 2.5119e-15, no:   67780, try:  44676000000
emin+1: -1.031010e+00, e+1: -1.031010e+00, T: 1.8821e-15, no:  883641, try:  44982000000
emin+1: -1.031010e+00, e+1: -1.031010e+00, T: 1.5849e-15, no:  389668, try:  45288000000
emin+1: -1.031010e+00, e+1: -1.031010e+00, T: 1.1875e-15, no:   88831, try:  45594000000
emin+1: -1.031010e+00, e+1: -1.031010e+00, T: 1.0000e-15, no:  258110, try:  45900000000

Last chain: -2.031009601158843835572859193e+00
Best chain: -2.031009601158846208240893461e+00 (-2.031009601158846208240893461e+00)

Error: length:  0.000000000000000000000000000e+00, angle:  0.000000000000000000000000000e+00


Last chain: -2.031009601158843835572859193e+00
Best chain: -2.031009601158846208240893461e+00 (-2.031009601158846208240893461e+00)

Error: length:  0.000000000000000000000000000e+00, angle:  0.000000000000000000000000000e+00


3 20
emin+1:  0.000000e+00, e+1:  0.000000e+00, T: 1.0000e+00
emin+1: -6.145843e-01, e+1: -4.044859e-02, T: 7.4928e-01, no:       3, try:    285000000
emin+1: -6.304901e-01, e+1: -4.439739e-02, T: 6.3096e-01, no:       2, try:    570000000
emin+1: -6.304901e-01, e+1: -4.921155e-02, T: 4.7276e-01, no:       2, try:    855000000
emin+1: -6.304901e-01, e+1: -5.467574e-02, T: 3.9811e-01, no:       6, try:   1140000000
emin+1: -6.304901e-01, e+1: -6.293908e-02, T: 2.9829e-01, no:       0, try:   1425000000
emin+1: -6.393740e-01, e+1: -7.206538e-02, T: 2.5119e-01, no:       0, try:   1710000000
emin+1: -6.393740e-01, e+1: -8.369754e-02, T: 1.8821e-01, no:       1, try:   1995000000
emin+1: -6.541952e-01, e+1: -9.809046e-02, T: 1.5849e-01, no:       2, try:   2280000000
emin+1: -6.541952e-01, e+1: -1.170967e-01, T: 1.1875e-01, no:       0, try:   2565000000
emin+1: -6.800129e-01, e+1: -1.390115e-01, T: 1.0000e-01, no:       1, try:   2850000000
emin+1: -6.962291e-01, e+1: -1.668180e-01, T: 7.4928e-02, no:       1, try:   3135000000
emin+1: -7.460986e-01, e+1: -1.997156e-01, T: 6.3096e-02, no:       1, try:   3420000000
emin+1: -7.460986e-01, e+1: -2.422793e-01, T: 4.7276e-02, no:       2, try:   3705000000
emin+1: -7.551718e-01, e+1: -2.888962e-01, T: 3.9811e-02, no:       3, try:   3990000000
emin+1: -7.752377e-01, e+1: -3.479552e-01, T: 2.9829e-02, no:       1, try:   4275000000
emin+1: -8.405086e-01, e+1: -4.107798e-01, T: 2.5119e-02, no:       1, try:   4560000000
emin+1: -9.276058e-01, e+1: -4.899358e-01, T: 1.8821e-02, no:       0, try:   4845000000
emin+1: -9.712759e-01, e+1: -5.765987e-01, T: 1.5849e-02, no:       0, try:   5130000000
emin+1: -1.092236e+00, e+1: -6.853998e-01, T: 1.1875e-02, no:       0, try:   5415000000
emin+1: -1.163117e+00, e+1: -7.968799e-01, T: 1.0000e-02, no:       0, try:   5700000000
emin+1: -1.255405e+00, e+1: -9.310910e-01, T: 7.4928e-03, no:       3, try:   5985000000
emin+1: -1.327824e+00, e+1: -1.057383e+00, T: 6.3096e-03, no:       0, try:   6270000000
emin+1: -1.382662e+00, e+1: -1.179312e+00, T: 4.7276e-03, no:       4, try:   6555000000
emin+1: -1.405754e+00, e+1: -1.267649e+00, T: 3.9811e-03, no:       1, try:   6840000000
emin+1: -1.431511e+00, e+1: -1.327784e+00, T: 2.9829e-03, no:       2, try:   7125000000
emin+1: -1.435476e+00, e+1: -1.365891e+00, T: 2.5119e-03, no:       2, try:   7410000000
emin+1: -1.446940e+00, e+1: -1.392316e+00, T: 1.8821e-03, no:       0, try:   7695000000
emin+1: -1.449379e+00, e+1: -1.409508e+00, T: 1.5849e-03, no:       1, try:   7980000000
emin+1: -1.456960e+00, e+1: -1.422450e+00, T: 1.1875e-03, no:       0, try:   8265000000
emin+1: -1.459641e+00, e+1: -1.431808e+00, T: 1.0000e-03, no:       5, try:   8550000000
emin+1: -1.467945e+00, e+1: -1.440693e+00, T: 7.4928e-04, no:       0, try:   8835000000
emin+1: -1.469259e+00, e+1: -1.448600e+00, T: 6.3096e-04, no:       0, try:   9120000000
emin+1: -1.477418e+00, e+1: -1.457086e+00, T: 4.7276e-04, no:       1, try:   9405000000
emin+1: -1.478850e+00, e+1: -1.464021e+00, T: 3.9811e-04, no:       1, try:   9690000000
emin+1: -1.481793e+00, e+1: -1.470117e+00, T: 2.9829e-04, no:       1, try:   9975000000
emin+1: -1.483023e+00, e+1: -1.474630e+00, T: 2.5119e-04, no:       4, try:  10260000000
emin+1: -1.485043e+00, e+1: -1.478198e+00, T: 1.8821e-04, no:      11, try:  10545000000
emin+1: -1.485833e+00, e+1: -1.480740e+00, T: 1.5849e-04, no:       7, try:  10830000000
emin+1: -1.487330e+00, e+1: -1.482822e+00, T: 1.1875e-04, no:       5, try:  11115000000
emin+1: -1.487693e+00, e+1: -1.484371e+00, T: 1.0000e-04, no:       2, try:  11400000000
emin+1: -1.488227e+00, e+1: -1.485651e+00, T: 7.4928e-05, no:       8, try:  11685000000
emin+1: -1.488599e+00, e+1: -1.486607e+00, T: 6.3096e-05, no:       6, try:  11970000000
emin+1: -1.488960e+00, e+1: -1.487411e+00, T: 4.7276e-05, no:       0, try:  12255000000
emin+1: -1.489254e+00, e+1: -1.488009e+00, T: 3.9811e-05, no:       2, try:  12540000000
emin+1: -1.489545e+00, e+1: -1.488514e+00, T: 2.9829e-05, no:      21, try:  12825000000
emin+1: -1.489669e+00, e+1: -1.488889e+00, T: 2.5119e-05, no:       6, try:  13110000000
emin+1: -1.489851e+00, e+1: -1.489204e+00, T: 1.8821e-05, no:       8, try:  13395000000
emin+1: -1.489959e+00, e+1: -1.489443e+00, T: 1.5849e-05, no:       9, try:  13680000000
emin+1: -1.490061e+00, e+1: -1.489642e+00, T: 1.1875e-05, no:      17, try:  13965000000
emin+1: -1.490104e+00, e+1: -1.489793e+00, T: 1.0000e-05, no:      36, try:  14250000000
emin+1: -1.490186e+00, e+1: -1.489917e+00, T: 7.4928e-06, no:      26, try:  14535000000
emin+1: -1.490207e+00, e+1: -1.490015e+00, T: 6.3096e-06, no:      21, try:  14820000000
emin+1: -1.490260e+00, e+1: -1.490092e+00, T: 4.7276e-06, no:      16, try:  15105000000
emin+1: -1.490287e+00, e+1: -1.490152e+00, T: 3.9811e-06, no:      30, try:  15390000000
emin+1: -1.490299e+00, e+1: -1.490202e+00, T: 2.9829e-06, no:      45, try:  15675000000
emin+1: -1.490327e+00, e+1: -1.490241e+00, T: 2.5119e-06, no:      10, try:  15960000000
emin+1: -1.490340e+00, e+1: -1.490271e+00, T: 1.8821e-06, no:       4, try:  16245000000
emin+1: -1.490344e+00, e+1: -1.490295e+00, T: 1.5849e-06, no:      90, try:  16530000000
emin+1: -1.490359e+00, e+1: -1.490315e+00, T: 1.1875e-06, no:      87, try:  16815000000
emin+1: -1.490362e+00, e+1: -1.490330e+00, T: 1.0000e-06, no:      17, try:  17100000000
emin+1: -1.490367e+00, e+1: -1.490342e+00, T: 7.4928e-07, no:      10, try:  17385000000
emin+1: -1.490374e+00, e+1: -1.490352e+00, T: 6.3096e-07, no:      88, try:  17670000000
emin+1: -1.490376e+00, e+1: -1.490360e+00, T: 4.7276e-07, no:      29, try:  17955000000
emin+1: -1.490378e+00, e+1: -1.490366e+00, T: 3.9811e-07, no:     129, try:  18240000000
emin+1: -1.490381e+00, e+1: -1.490371e+00, T: 2.9829e-07, no:      54, try:  18525000000
emin+1: -1.490382e+00, e+1: -1.490375e+00, T: 2.5119e-07, no:      88, try:  18810000000
emin+1: -1.490384e+00, e+1: -1.490378e+00, T: 1.8821e-07, no:     111, try:  19095000000
