1 1.0050209184 1.0 5.38318530718 5.38318530718
2 1.27660621346 0.115106197226 5.49829150441 5.49829150441
3 1.41350082803 0.000504360665783 5.49778714374 5.49778714374
4 1.41421356231 4.27659428758e-11 5.49778714378 5.49778714378
5

1.41421356237309470139
0.0u 0.0s 0:00.08 100.0% 0+0k 0+8io 0pf+0w

1 1.01006704642 1.0 0.1 5.66328964341
2 1.55836124395 0.11326226572 0.1 5.77655190913
3 1.68527364909 0.038860136997 0.1 5.73769177213
4 1.72635159756 0.00229813839139 0.1 5.73998991053
5 1.73191674215 5.49883334738e-05 0.1 5.74004489886
6 1.73205070124 7.62009456231e-08 0.1 5.74004482266
7 1.73205080756 2.5300363306e-12 0.1 5.74004482266
8

1.73205080756887630500
0.0u 0.0s 0:00.08 100.0% 0+0k 0+0io 0pf+0w

1 1.01513851064 1.0 0.1 5.88582943977
2 1.8221497977 0.0771914409476 0.1 5.90967730834
3 1.93663255765 0.0394704549793 0.1 5.87020685336
4 1.97990293004 0.0060589078823 0.1 5.87626576125
5 1.99969020934 0.000180792482267 0.1 5.87608496876
6 1.99999043378 7.30691566764e-06 0.1 5.87607766185
7 1.99999992187 2.26444729556e-08 0.1 5.87607768449
8 1.99999999999 1.58823277738e-12 0.1 5.87607768449
9

1.99999999999999911182
0.0u 0.0s 0:00.08 100.0% 0+0k 0+0io 0pf+0w

1 1.02023543827 1.0 0.1 6.06218358616
2 1.9730779443 0.0880738926113 0.1 5.97410969354
3 2.19005973559 0.0113591687492 0.1 5.96691381299
4 2.22760556684 0.00198025110873 0.1 5.96832340564
5 2.23345710081 0.000587660599259 0.1 5.96891106624
6 2.23606699178 5.44275517822e-07 0.1 5.96891052196
7 2.23606795502 1.66052710781e-08 0.1 5.96891050535
8 2.23606797749 3.73425921563e-12 0.1 5.96891050535
9

2.23606797749978492007
0.0u 0.0s 0:00.09 88.8% 0+0k 0+0io 0pf+0w

1 1.02535795715 1.0 0.1 6.20100968025
2 2.05138354351 0.173636720604 0.1 6.02737295964
3 2.38650285042 0.0217503706185 0.1 6.04791856036
4 2.40843629164 0.0136216024654 0.1 6.03429695789
5 2.42790122368 0.00433565137655 0.1 6.03863260927
6 2.44850994938 0.00040566128971 0.1 6.03822694798
7 2.4494614425 1.99188257629e-05 0.1 6.03820702915
8 2.44948727063 4.49434293138e-07 0.1 6.03820747859
9 2.44948971402 5.28599296986e-09 0.1 6.03820748388
10 2.44948974277 9.42930014042e-12 0.1 6.03820748387
11 2.44948974278 1.00710382895e-15 0.1 6.03820748387
12

2.44948974278317654907
0.0u 0.0s 0:00.09 100.0% 0+0k 0+0io 0pf+0w

1 1.03050619579 1.0 0.0258850962359 6.19587172724
2 2.09343566599 0.205460164495 0.1 6.10361023892
3 2.52793365084 0.0370489235992 0.1 6.11263618723
4 2.53226978336 0.029928398318 0.1 6.08270778891
5 2.58117832714 0.0116442166693 0.1 6.09435200558
6 2.64103753362 0.00185280714238 0.1 6.09249919844
7 2.64557383865 7.40966920634e-05 0.1 6.0925153706
8 2.64564911367 1.61595755196e-05 0.1 6.09253153018
9 2.64575016599 4.08811305235e-07 0.1 6.09253112136
10 2.64575128943 1.59491494761e-08 0.1 6.09253110542
11 2.64575131056 7.86296454462e-11 0.1 6.09253110549
12 2.64575131106 3.21294309109e-14 0.1 6.09253110549
13

2.64575131106458849573
0.0u 0.0s 0:00.11 90.9% 0+0k 0+0io 0pf+0w

1 1.03568028331 1.0 0.0216405710954 6.19278843874
2 2.12425456232 0.207597712467 0.1 6.21170569055
3 2.56698127522 0.0645853423885 0.1 6.14712034816
4 2.62541575017 0.0459657443513 0.1 6.11835099689
5 2.69160744865 0.0226229975444 0.1 6.14097399444
6 2.81468950509 0.00500419589269 0.1 6.13596979855
7 2.82585494985 0.000325849751541 0.1 6.1362956483
8 2.82819183492 3.49061653246e-05 0.1 6.13633055446
9 2.82841550667 5.51605002782e-06 0.1 6.13632503841
10 2.82842663729 7.03679448496e-08 0.1 6.13632509772
11 2.8284270449 1.08076591819e-08 0.1 6.13632510853
12 2.82842712458 1.02234849929e-10 0.1 6.13632510843
13 2.82842712475 1.2990467891e-13 0.1 6.13632510843
14

2.82842712474618851459
0.1u 0.0s 0:00.12 100.0% 0+0k 0+0io 0pf+0w

1 1.0408803495 1.0 0.0193242987026 6.19139261254
2 2.15835159153 0.210085174394 0.0531889283423 6.21094926673
3 2.52925092214 0.184931210975 0.1 6.15144302455
4 2.71069844744 0.0626617855943 0.1 6.14282326885
5 2.74853239311 0.0389675576786 0.1 6.18179082653
6 2.96679221675 0.0106868341404 0.1 6.17110399239
7 2.99087305942 0.00107830914741 0.1 6.17218230154
8 2.99949037661 6.7476735041e-05 0.1 6.17219121244
9 2.99995172722 1.61075207328e-05 0.1 6.17217510491
10 2.9999897885 1.20248864555e-06 0.1 6.1721763074
11 2.99999973685 3.64213506615e-08 0.1 6.17217633056
12 2.99999999209 4.50964942777e-09 0.1 6.17217632605
13 2.99999999946 6.45929305192e-11 0.1 6.17217632611
14 3.0 1.99397077967e-13 0.1 6.17217632611
15

2.99999999999999422684
0.1u 0.0s 0:00.15 93.3% 0+0k 0+8io 0pf+0w

1 1.0461065248 1.0 0.0185954046475 6.1913936563
2 2.20294144044 0.210482050024 0.057280449297 6.21377140872
3 2.47330061267 0.279818445435 0.1 6.17018480987
4 2.79230517744 0.0814110371638 0.1 6.16817515677
5 2.82113849836 0.0588843313382 0.1 6.21885702597
6 3.09011617941 0.019139547973 0.1 6.19971747799
7 3.14248386823 0.00210471013914 0.1 6.20182218813
8 3.16104174619 0.00014160380144 0.1 6.20175231132
9 3.16212073048 3.40382981887e-05 0.1 6.20172055032
10 3.16223405112 4.63127048761e-06 0.1 6.20172518159
11 3.16227647287 1.25252029136e-07 0.1 6.20172507595
12 3.16227759414 2.22573065849e-08 0.1 6.20172505369
13 3.16227764485 1.63494292275e-09 0.1 6.20172505533
14 3.1622776601 2.60338524775e-11 0.1 6.2017250553
15 3.16227766017 1.65732231682e-13 0.1 6.2017250553
16

3.16227766016837374963
0.1u 0.0s 0:00.19 94.7% 0+0k 0+0io 0pf+0w

1 1.0513589403 1.0 0.019180927784 6.19255866991
2 2.26083585391 0.208182042321 0.0644059175105 6.22021971015
3 2.43974643978 0.311866953764 0.1 6.25514192102
4 2.8232395392 0.100101628065 0.1 6.21729786542
5 2.83195636538 0.0832111115608 0.1 6.2435773788
6 3.18741993023 0.0285977783741 0.1 6.22331342931
7 3.28547883935 0.00291756754213 0.1 6.22623099685
8 3.31408632806 0.000308381557086 0.1 6.22613529509
9 3.31618342375 7.51892151497e-05 0.1 6.22607673876
10 3.31650949963 1.08360197276e-05 0.1 6.22608757478
11 3.31661968754 4.93403906365e-07 0.1 6.22608708137
12 3.31662445997 7.92286269031e-08 0.1 6.22608702201
13 3.31662470008 8.5872138564e-09 0.1 6.22608703059
14 3.31662478934 3.88699469532e-10 0.1 6.22608703021
15 3.3166247903 4.95728212143e-12 0.1 6.22608703021
16 3.31662479035 5.30798546534e-14 0.1 6.22608703021
17

3.31662479035539536909
0.2u 0.0s 0:00.26 100.0% 0+0k 0+0io 0pf+0w

1 1.05663772775 1.0 0.0208598357119 6.19469886923
2 2.33240998672 0.209193603755 0.0736649654292 6.22930390747
3 2.43769853056 0.336270647006 0.1 6.24619540903
4 2.70722582052 0.112933527529 0.00583405764917 6.21174971508
5 2.82409947783 0.101818806927 0.1 6.24708615989
6 3.28371706661 0.0360491415205 0.1 6.24169766108
7 3.4106353284 0.00449685906368 0.1 6.24619452014
8 3.45955114646 0.000572855383836 0.1 6.2461424418
9 3.4630874784 0.000148844876775 0.1 6.24605190282
10 3.46386479353 2.13577684882e-05 0.1 6.24607097411
11 3.46408913508 1.48025235827e-06 0.1 6.24606949386
12 3.46410088166 1.45016259124e-07 0.1 6.24606946168
13 3.46410143067 1.66754839391e-08 0.1 6.24606947672
14 3.46410161084 1.15699574085e-09 0.1 6.24606947556
15 3.46410161471 3.74505581634e-11 0.1 6.2460694756
16 3.46410161514 3.39084762909e-13 0.1 6.2460694756
17 3.46410161514 4.46067600388e-15 0.1 6.2460694756
18

3.46410161513774728093
0.3u 0.0s 0:00.37 97.2% 0+0k 0+0io 0pf+0w

1 1.06194301956 1.0 0.0234513506577 6.19765967086
2 2.41678731905 0.209417650215 0.084190198009 6.23993097553
3 2.46017765133 0.346724489697 0.1 6.25204136157
4 2.58590492047 0.126828681439 0.00243866280959 6.2130366421
5 2.84216946352 0.136711387733 0.1 6.24744677398
6 3.36246771394 0.0384717656831 0.1 6.25636106281
7 3.5257261943 0.00602841102031 0.1 6.26238947383
8 3.59773703961 0.0010310912893 0.1 6.26238144227
9 3.60331457877 0.000297610394125 0.1 6.26226446759
10 3.6050461195 4.93419462798e-05 0.1 6.26229347593
11 3.6055186783 4.84291218529e-06 0.1 6.26228979847
12 3.60554802481 2.52363745661e-07 0.1 6.26229004375
13 3.60555116145 9.48920805493e-09 0.1 6.26229003909
14 3.60555127039 8.50059692409e-10 0.1 6.26229003858
15 3.60555127493 4.02755343749e-11 0.1 6.26229003862
16 3.60555127546 1.1171753179e-12 0.1 6.26229003862
17 3.60555127546 8.89869236476e-15 0.1 6.26229003862
18

3.60555127546398423988
0.4u 0.0s 0:00.51 98.0% 0+0k 0+0io 0pf+0w

1 1.0672749488 1.0 0.026806288018 6.20131333557
2 2.51251421284 0.209142557458 0.0954236778639 6.25137352485
3 2.49829837228 0.345986332899 0.1 6.26829954838
4 2.52019667167 0.142136726404 0.0793086004125 6.28107888382
5 2.89696506708 0.203847021326 0.1 6.24532505283
6 3.4191242071 0.0354587411423 0.1 6.27204912881
7 3.67984412381 0.00503152699046 0.1 6.27523847054
8 3.72869882954 0.00194427059721 0.1 6.27532289582
9 3.73677070341 0.000600679963797 0.1 6.27522293401
10 3.74055832939 0.000111349361117 0.1 6.27524961582
11 3.74156126554 1.32666203045e-05 0.1 6.27524537864
12 3.74164456366 1.13446818421e-06 0.1 6.27524581504
13 3.74165699756 5.95275024358e-08 0.1 6.27524578519
14 3.74165735957 2.24615931979e-09 0.1 6.27524578652
15 3.74165738651 4.74351092222e-11 0.1 6.27524578648
16 3.74165738677 5.19665349151e-13 0.1 6.27524578648
17 3.74165738677 2.37161814032e-15 0.1 6.27524578648
18

3.74165738677393600042
0.7u 0.0s 0:00.72 98.6% 0+0k 0+8io 0pf+0w

1 1.07263364923 1.0 0.0308005379418 6.20555343193
2 2.60685943747 0.208750761844 0.1 6.26327478826
3 2.54603670426 0.339213074478 0.00627659446781 6.14971581408
4 2.49526800789 0.157639625545 0.0745577933483 6.27603557599
5 2.97459330694 0.207736405765 0.012615288118 6.24564498814
6 3.49763287598 0.0301945532449 0.00233621187704 6.27399648792
7 3.82265940281 0.00683301751691 0.00221298964323 6.27550688412
8 3.85103744758 0.00337541919876 0.00212870488768 6.27583286129
9 3.86361116811 0.00106442549544 0.0021811120273 6.27565499816
10 3.87092422032 0.000204939988629 0.00216727580986 6.27570113063
11 3.8727617669 2.73851418668e-05 0.00216965408146 6.27569332507
12 3.87295371336 2.56782360023e-06 0.00216937741746 6.2756942154
13 3.87298216613 1.67030304388e-07 0.00216939994593 6.2756941448
14 3.87298324741 7.32246243672e-09 0.00216939866511 6.27569414867
15 3.87298334484 2.32313502812e-10 0.00216939871503 6.27569414852
16 3.87298334615 4.2363440678e-12 0.00216939871375 6.27569414853
17 3.87298334621 4.38900211981e-14 0.00216939871377 6.27569414853
18

3.87298334620740414280
0.9u 0.0s 0:00.98 100.0% 0+0k 0+0io 0pf+0w

1 1.07801925526 1.0 0.0353300958485 6.21029061553
2 2.69992759231 0.208360407333 0.1 6.27549982793
3 2.60009211681 0.329810681079 0.0290325548261 6.16867033671
4 2.49479167905 0.171474506375 0.0730232332504 6.271830858
5 2.96683623741 0.201775233639 0.0186482220735 6.24949306008
6 3.4565884888 0.080592629637 0.0022670979229 6.27746048179
7 3.90274804929 0.0104514318105 0.00320150844286 6.27663327307
8 3.96531404119 0.00514756541263 0.00300192101869 6.27708987209
9 3.98442938196 0.00163817454531 0.00311978056668 6.27685346808
10 3.99662357024 0.0003170078569 0.00308925840878 6.27691361846
11 3.99959775834 4.51867257302e-05 0.00309466620727 6.27690308925
12 3.99994496468 4.36266082391e-06 0.00309400770149 6.27690435217
13 3.99999767245 3.12864858597e-07 0.00309406474295 6.27690424498
14 3.99999977239 1.46523641842e-08 0.00309406124867 6.27690425136
15 3.9999999953 5.03233066503e-10 0.00309406139699 6.2769042511
16 3.99999999983 1.16806969632e-11 0.00309406139283 6.27690425111
17 4.0 1.77818999814e-13 0.00309406139289 6.27690425111
18 4.0 1.10051426322e-15 0.00309406139289 6.27690425111
19

3.99999999999999200639
1.3u 0.0s 0:01.34 99.2% 0+0k 0+0io 0pf+0w

1 1.08343190197 1.0 0.0403072288376 6.21544937286
2 2.8004573839 0.208523021405 0.00482396431345 6.14566640348
3 2.6587617402 0.321155906206 0.0519209321244 6.18886789036
4 2.50957023397 0.191556747398 0.0749882009035 6.26940038535
5 2.90465115083 0.192487269019 0.0300688700523 6.25913993807
6 3.35228207959 0.13075935734 0.0010554283879 6.28106941338
7 3.96452724124 0.0148039083057 0.0047265111486 6.27857243736
8 4.07204614986 0.00713801338243 0.00446369717383 6.27891698342
9 4.09912508 0.00229810335153 0.00470624939977 6.27868380049
10 4.11799625578 0.000448315618383 0.00464223402725 6.2787437521
11 4.12246460709 6.63708902801e-05 0.00465384605372 6.27873296245
12 4.12301307837 6.58965878367e-06 0.0046523879952 6.2787343036
13 4.12310157525 4.93490627573e-07 0.00465251925464 6.27873418452
14 4.12310519377 2.49781868838e-08 0.00465251088739 6.27873419197
15 4.12310561498 8.15175563925e-10 0.00465251125396 6.27873419165
16 4.12310562527 2.02678426004e-11 0.0046525112437 6.27873419166
17 4.12310562561 2.3616883178e-13 0.00465251124385 6.27873419166
18 4.12310562562 6.6648180934e-15 0.00465251124385 6.27873419166
19

4.12310562561765170386
1.8u 0.0s 0:01.90 99.4% 0+0k 0+8io 0pf+0w

1 1.08887172515 1.0 0.0456574862051 6.22096548223
2 2.90714910455 0.215444418506 0.0176045977955 6.15609135532
3 2.72111498931 0.323471991494 0.0743942048028 6.20965298696
4 2.52466604655 0.208636231957 0.0800566639036 6.26918053842
5 2.81199142627 0.181864249407 0.0447008729804 6.27140441678
6 3.24430972184 0.143390120042 8.22775632701e-05 6.28097549609
7 3.98452352422 0.0230638752329 0.00642253253959 6.28108370732
8 4.1739915221 0.00916789852393 0.00639145839554 6.2811727558
9 4.20858761014 0.00297955749257 0.00681702697201 6.28103505452
10 4.23549707696 0.000591689320345 0.00669867896604 6.28107197389
11 4.24172727278 8.74332675651e-05 0.00672035636737 6.28106522958
12 4.24250042395 9.02844536129e-06 0.00671760542611 6.28106608142
13 4.24263479132 6.53976764844e-07 0.00671785530348 6.28106600456
14 4.2426400383 3.39612950554e-08 0.00671783940307 6.2810660094
15 4.24264067497 1.08499350733e-09 0.00671784008033 6.2810660092
16 4.24264068669 2.38252438267e-11 0.00671784006324 6.28106600921
17 4.24264068711 6.04821491878e-13 0.00671784006338 6.28106600921
18 4.24264068712 1.47934312917e-14 0.00671784006338 6.28106600921
19

4.24264068711927588851
2.5u 0.0s 0:02.55 100.0% 0+0k 0+0io 0pf+0w

1 1.09433886123 1.0 0.0513173449079 6.22678401392
2 3.01893079087 0.222109183702 0.0306405109652 6.16690480364
3 2.78656794919 0.324776977054 0.0962565608814 6.23078822117
4 2.5369274834 0.222432451048 0.0876659165981 6.27132290941
5 2.75262398534 0.17551003902 0.00190757256457 6.25925421577
6 3.15953927884 0.154549881476 0.000129856410092 6.2773159561
7 3.87492415815 0.0478239901685 0.000634842379584 6.27119669639
8 4.24363167675 0.011813241942 0.000576874746759 6.27275651977
9 4.31391508239 0.00358680586143 0.000626084995905 6.27186265233
10 4.34967584116 0.000718721258295 0.000613311408465 6.27208178578
11 4.35772171602 0.000104200160864 0.000615663119415 6.27204216983
12 4.35871057306 1.09933255085e-05 0.000615365693654 6.27204706021
13 4.35889147997 7.65298719791e-07 0.000615392493847 6.27204663436
14 4.35889813632 3.94471367108e-08 0.000615390820049 6.27204665963
15 4.35889892977 1.26391321799e-09 0.000615390888555 6.27204665868
16 4.35889894313 2.27208099801e-11 0.000615390886989 6.2720466587
17 4.35889894353 7.93506254552e-13 0.000615390886995 6.2720466587
18 4.35889894354 1.71203575471e-14 0.000615390886996 6.2720466587
19 4.35889894354 1.00793973656e-15 0.000615390886996 6.2720466587
20 4.35889894354 1.05511283414e-15 0.000615390886996 6.2720466587
21

4.35889894354066065318
3.9u 0.0s 0:03.92 100.0% 0+0k 0+0io 0pf+0w

1 1.09983344735 1.0 0.0572323380268 6.23285774049
2 3.13495656304 0.228540424798 0.0439050334885 6.17811041288
3 2.85470261577 0.325079238548 0.1 6.25217045305
4 2.5578962893 0.232886507618 0.0972706722873 6.27583773776
5 2.71990639539 0.169479850439 0.0162745829425 6.26732991218
6 3.10352179825 0.162591251265 0.0122897795831 6.28141607939
7 3.74241724974 0.0624367836241 0.00338324333878 6.27473944135
8 4.28686338763 0.0213566397402 0.00343895354953 6.2759265931
9 4.41594242952 0.00416655193483 0.00374147933305 6.27520955678
10 4.46097135371 0.000819842290921 0.00365515723836 6.27538540916
11 4.47071726309 0.000118213846187 0.00367093028905 6.27535343288
12 4.47190401518 1.23735920679e-05 0.00366894464153 6.27535738978
13 4.47212727224 8.84482510781e-07 0.00366912266892 6.27535704365
14 4.47213496267 4.22202634552e-08 0.00366911160172 6.27535706439
15 4.47213593564 1.35670410584e-09 0.00366911205577 6.27535706359
16 4.47213595455 2.9674176643e-11 0.00366911204496 6.27535706361
17 4.47213595499 7.94483508004e-13 0.00366911204504 6.27535706361
18 4.472135955 2.39605444926e-14 0.00366911204504 6.27535706361
19

4.47213595499956895196
4.5u 0.0s 0:04.52 100.0% 0+0k 0+0io 0pf+0w

1 1.10535562134 1.0 0.0633555544584 6.23914586253
2 3.19294969545 0.234755233536 0.0573611983161 6.18969870742
3 2.92520114211 0.324344273714 0.1 6.27371803906
4 2.58647731566 0.240050787157 0.1 6.28264826838
5 2.70905165142 0.163743561036 0.0308935819556 6.27604007038
6 3.07409311586 0.167097963232 0.015627988998 6.28120712666
7 3.62400291115 0.0643291836249 0.00613614806799 6.27849241574
8 4.31644175783 0.031684279494 0.00652153137164 6.27927211933
9 4.51553112385 0.00466834567881 0.00711906570212 6.27883870164
10 4.56946187135 0.000890550248465 0.00694190152101 6.27894311398
11 4.58091065892 0.000131018616664 0.00697396407148 6.27892406998
12 4.58230898883 1.3088133515e-05 0.00696996230715 6.27892642471
13 4.58256627583 9.61777379164e-07 0.00697031827917 6.2789262181
14 4.5825745405 4.47971956206e-08 0.00697029622967 6.27892623064
15 4.58257567101 1.62292293635e-09 0.00697029714541 6.27892623014
16 4.58257569436 3.62303770096e-11 0.00697029712199 6.27892623015
17 4.58257569494 7.9304613633e-13 0.00697029712228 6.27892623015
18 4.58257569496 2.52237524835e-14 0.00697029712228 6.27892623015
19

4.58257569495582384178
6.2u 0.0s 0:06.28 100.0% 0+0k 0+8io 0pf+0w

1 1.11090552172 1.0 0.0696464266839 6.24561297896
2 3.23612517581 0.240769206509 0.0709647894434 6.20164919289
3 2.99782318135 0.322542378894 0.0121497827462 6.15374682302
4 2.62199389107 0.24406005705 0.00841985330676 6.21185881968
5 2.71669596121 0.158209440047 0.00213905943694 6.26599194993
6 3.06746016165 0.172212382588 0.0213438641544 6.2816003896
7 3.53641208167 0.0639027398854 0.00898925428717 6.28237247472
8 4.34404400365 0.0391719766565 0.00977494198456 6.28276230069
9 4.61395552938 0.00503995921473 0.010689984155 6.28268683033
10 4.67543353706 0.000926753332711 0.0104137217875 6.28269887062
11 4.68855249981 0.000138440764111 0.0104629791002 6.28269658029
12 4.69012805801 1.3361960773e-05 0.0104569202499 6.28269686208
13 4.69040580383 9.77149092923e-07 0.0104574509976 6.28269683743
14 4.69041453057 4.77225810754e-08 0.0104574185525 6.28269683894
15 4.69041573359 1.71765315799e-09 0.0104574198956 6.28269683887
16 4.69041575903 3.6424990904e-11 0.0104574198602 6.28269683888
17 4.69041575981 8.63901927692e-13 0.0104574198607 6.28269683888
18 4.69041575982 2.53587991906e-14 0.0104574198607 6.28269683888
19

4.69041575982341019113
8.1u 0.0s 0:08.12 100.0% 0+0k 0+0io 0pf+0w

1 1.1164832877 1.0 0.0760697440851 6.25222824896
2 3.27101148395 0.246597902809 0.0846675645979 6.21393342108
3 3.07239334633 0.319667042215 0.0337214802722 6.16882201501
4 2.66401786572 0.246382402335 0.0193070038909 6.21285731405
5 2.74045377451 0.152792895974 0.011913309215 6.27118357828
6 3.08010582093 0.178638540959 0.0288074679735 6.28126185155
7 3.48297042667 0.0647315857024 0.00315285674218 6.27024273571
8 4.34852796581 0.0420768215651 0.00318895270294 6.27304655473
9 4.71263563679 0.00526246319481 0.00351125326186 6.27180784571
10 4.77935253466 0.000964352116682 0.00341930051349 6.27208521119
11 4.79383635701 0.000139779259424 0.00343558285251 6.27203614049
12 4.79551851116 1.36665196861e-05 0.00343360783112 6.27204194278
13 4.79582140567 9.22604223033e-07 0.00343377844176 6.27204145917
14 4.79583034036 4.63827317513e-08 0.00343376812599 6.27204148695
15 4.79583149395 1.59659284501e-09 0.00343376855238 6.27204148589
16 4.79583152249 4.10227485446e-11 0.00343376854087 6.27204148592
17 4.7958315233 8.58446275921e-13 0.00343376854105 6.27204148592
18 4.79583152331 3.33495294219e-14 0.00343376854105 6.27204148592
19

4.79583152331269957358
10.9u 0.0s 0:10.98 100.0% 0+0k 0+8io 0pf+0w

1 1.12208905918 1.0 0.0825948443251 6.25896470509
2 3.25165061596 0.252257044814 0.0984198810647 6.2265177834
3 3.14878626911 0.315739484554 0.0551202318092 6.18475533074
4 2.71227536303 0.261296166232 0.0318510345472 6.21565174055
5 2.75856751712 0.14743929119 0.0220704661825 6.27704168196
6 3.10009357301 0.181852928482 0.0374091204078 6.28044862981
7 3.46129517973 0.0654189691881 0.00718998992205 6.27508975372
8 4.3369792831 0.0419149972443 0.00690275016338 6.27699251108
9 4.81258411814 0.00614414748087 0.00763085163492 6.27620668198
10 4.88150590762 0.000979781925077 0.00743336992175 6.27637824534
11 4.89692662205 0.000135195490129 0.00746786144582 6.27634809886
12 4.89865414141 1.32943130435e-05 0.00746376020995 6.27635162536
13 4.89896978971 8.63616263473e-07 0.00746410671127 6.27635133421
14 4.89897829784 4.22578227307e-08 0.00746408623181 6.27635135086
15 4.89897945853 1.59676368857e-09 0.00746408706121 6.27635135022
16 4.89897948485 3.75808147994e-11 0.00746408703908 6.27635135023
17 4.89897948555 9.17974668871e-13 0.00746408703944 6.27635135023
18 4.89897948557 3.78601320093e-14 0.00746408703944 6.27635135023
19 4.89897948557 1.27120588364e-15 0.00746408703944 6.27635135023
20

4.89897948556633711092
14.7u 0.0s 0:14.77 99.9% 0+0k 0+8io 0pf+0w

1 1.12772297678 1.0 0.0891949464017 6.2657986868
2 3.22793826896 0.257762287571 0.1 6.23936570833
3 3.22690633464 0.310806897777 0.0762142797821 6.20145172663
4 2.76658847283 0.273235175147 0.0457365296279 6.22040973643
5 2.77227741311 0.142124933402 0.000277175245958 6.25373545615
6 3.12559606274 0.182303180741 0.00436175152826 6.28008296896
7 3.46741019723 0.0657884984439 0.0113016829136 6.28002521207
8 4.33996528419 0.041451470575 0.0106979486311 6.28100832093
9 4.88921811005 0.00847196481019 0.0118145343975 6.28070418989
10 4.98215391416 0.000966663613575 0.0115191951553 6.28076374505
11 4.99796122446 0.000126245562534 0.0115696173962 6.28075332712
12 4.99967916128 1.23426754215e-05 0.0115637832164 6.28075452554
13 4.99999116037 8.06026415046e-07 0.0115642605479 6.28075442834
14 4.99999888703 3.97602895267e-08 0.0115642333559 6.28075443381
15 4.99999997322 1.35789522673e-09 0.011564234412 6.2807544336
16 4.99999999931 2.68761802079e-11 0.0115642343851 6.28075443361
17 4.99999999997 9.34537282336e-13 0.0115642343855 6.28075443361
18 5.0 3.94220378236e-14 0.0115642343855 6.28075443361
19 5.0 1.55664837235e-15 0.0115642343855 6.28075443361
20

4.99999999999998845368
19.2u 0.0s 0:19.22 100.0% 0+0k 0+8io 0pf+0w

1 1.13338518183 1.0 0.095846597239 6.27270937032
2 3.20214995368 0.263128896771 0.1 6.25243927595
3 3.30666325525 0.304938041867 0.0968755510839 6.21880029412
4 2.82683425893 0.28210499789 0.0606249616919 6.22718903744
5 2.79591079893 0.136850100381 0.00713393594829 6.25884780369
6 3.16384977577 0.180476521175 0.0129030863031 6.2816324817
7 3.49738056094 0.065793527732 0.00181906620167 6.26459781296
8 4.35978709264 0.0406999514817 0.00190313828848 6.26800228478
9 4.95063032765 0.00971030542149 0.00207625778966 6.266330311
10 5.08094080078 0.000928954097349 0.00202640255411 6.2666974721
11 5.09705704197 0.000121277146955 0.00203465161717 6.2666376631
12 5.09871876 1.09674349298e-05 0.00203372481853 6.2666441116
13 5.09901052513 7.14607096666e-07 0.00203379809417 6.26664363028
14 5.09901855504 3.3263715188e-08 0.00203379408208 6.26664365455
15 5.09901949015 1.0833363e-09 0.0020337942309 6.26664365376
16 5.09901951289 2.52932112237e-11 0.00203379422731 6.26664365377
17 5.09901951356 1.06255249306e-12 0.00203379422736 6.26664365377
18 5.09901951359 4.04847260334e-14 0.00203379422736 6.26664365377
19 5.09901951359 1.81281740675e-15 0.00203379422736 6.26664365377
20

5.09901951359277028075
24.5u 0.0s 0:24.57 100.0% 0+0k 0+0io 0pf+0w

1 1.13907581634 1.0 0.1 6.27967837637
2 3.17296845039 0.268371450282 0.1 6.26570036223
3 3.35862960952 0.303450205801 0.1 6.23667960567
4 2.89291255087 0.287930091637 0.0761742319052 6.23594409161
5 2.82960837405 0.13163054198 0.0142940045311 6.2646574428
6 3.2134420085 0.179362491765 0.0221727266622 6.28298913378
7 3.54780799329 0.0654292996595 0.00681428439899 6.27010213748
8 4.39650043233 0.0396934367238 0.00603878005021 6.27235968298
9 5.0146553158 0.00990577556232 0.00665947145479 6.27120911151
10 5.1781353831 0.000871631726964 0.00650988746232 6.27146192182
11 5.19431487525 0.000113306657625 0.00653432723312 6.27142146418
12 5.19586890882 9.33823602126e-06 0.0065316571951 6.2714257481
13 5.19614393591 6.03534853158e-07 0.006531861498 6.27142543435
14 5.19615166516 2.84799561862e-08 0.00653185071561 6.27142544989
15 5.19615240439 9.44875525086e-10 0.00653185109967 6.27142544939
16 5.19615242218 2.30064188268e-11 0.0065318510908 6.2714254494
17 5.19615242268 1.09755752075e-12 0.00653185109093 6.2714254494
18 5.19615242271 5.12949579462e-14 0.00653185109093 6.2714254494
19 5.19615242271 1.76047190226e-15 0.00653185109093 6.2714254494
20

5.19615242270661248369
31.9u 0.0s 0:31.93 100.0% 0+0k 0+16io 0pf+0w

1 1.14479502307 1.0 0.0035041338987 6.14287613432
2 3.13963617153 0.273503580784 0.0999926126128 6.27911143358
3 3.32658838229 0.308793714897 0.0928358112462 6.25496288315
4 2.9647186839 0.290839736345 0.0842706512607 6.24653993856
5 2.87341153112 0.132796532503 0.0216323473277 6.27103565424
6 3.27329965165 0.181177585459 0.00110738244207 6.28153400436
7 3.61589582696 0.0658661022407 0.0118065626223 6.27559137822
8 4.44418040172 0.0385460592071 0.0102180692475 6.27676585096
9 5.08460428558 0.00965476372124 0.00523234224407 6.2761215778
10 5.27413748563 0.000799903360435 0.00459887885067 6.27626384744
11 5.28982333277 0.00010319909112 0.00458995635197 6.27624158074
12 5.29123395558 8.39515815413e-06 0.00458997173203 6.27624388671
13 5.29149391706 5.26741609591e-07 0.00458998218885 6.27624372187
14 5.2915019955 2.43432072794e-08 0.00458998177399 6.27624372984
15 5.29150260572 7.04858598417e-10 0.00458998168289 6.27624372959
16 5.29150262162 2.10816632911e-11 0.00458998168136 6.27624372959
17 5.2915026221 1.05780392134e-12 0.00458998168158 6.27624372959
18 5.29150262213 5.74227541586e-14 0.00458998168159 6.27624372959
19 5.29150262213 2.31877986181e-15 0.00458998168159 6.27624372959
20

5.29150262212916810967
38.8u 0.0s 0:38.84 100.0% 0+0k 0+8io 0pf+0w

1 1.15054294547 1.0 0.0105428313298 6.14969737991
2 3.10186529509 0.278537740451 0.00945078296925 6.10775857714
3 3.28962733456 0.313135552373 0.0854806842861 6.27352268336
4 3.04211952476 0.291047928781 0.0759040321349 6.25877106482
5 2.92725403162 0.133589186261 0.0290407489868 6.2778222119
6 3.3425877412 0.180935805028 0.00043891170167 6.2775085153
7 3.69937818173 0.0663448336951 0.0167785709708 6.28104580551
8 4.50878037504 0.0375172806331 0.0109212701002 6.28121472965
9 5.16186161759 0.00932632379675 0.00258333371699 6.2810421441
10 5.368909017 0.000735931750075 0.00200891458936 6.28108292217
11 5.38366220255 9.17731681821e-05 0.00200272335303 6.28107673147
12 5.38492004088 7.3969575862e-06 0.0020026931831 6.28107735603
13 5.38515694675 4.53933638934e-07 0.00200269804078 6.28107731267
14 5.38516427623 1.85825056252e-08 0.00200269809539 6.2810773147
15 5.38516479537 4.90366296872e-10 0.00200269806007 6.28107731464
16 5.38516480679 2.35159000989e-11 0.0020026980583 6.28107731464
17 5.38516480711 1.08871100708e-12 0.00200269805837 6.28107731464
18 5.38516480713 5.96684844254e-14 0.00200269805838 6.28107731464
19 5.38516480713 2.82861587931e-15 0.00200269805838 6.28107731464
20

5.38516480713448864037
49.6u 0.0s 0:49.71 100.0% 0+0k 0+8io 0pf+0w

1 1.15631972771 1.0 0.0175963384338 6.15655915094
2 3.05975127444 0.283484961948 0.023054120435 6.11845587843
3 3.24755580887 0.316480335222 0.00904967049649 6.14609339935
4 3.12493216571 0.288830259113 0.0694167728076 6.27238265468
5 2.99095768044 0.133832459992 0.00165743690492 6.24340084037
6 3.42062931841 0.179004046409 0.00238856971501 6.27858526499
7 3.79641980195 0.0663193991214 0.00326956945802 6.26054855887
8 4.58935203441 0.0363090772611 0.00251157108514 6.26367203436
9 5.2464365424 0.00892835417004 0.000106593215096 6.26204146966
10 5.46195710077 0.000687374430128 0.0019516454257 6.28285393151
11 5.47590050557 7.97458026392e-05 0.00194568293916 6.28285362042
12 5.47701104677 6.35279410643e-06 0.0019456398426 6.2828536297
13 5.47721816313 3.60683867357e-07 0.00194564422532 6.28285362897
14 5.47722514747 1.46558162812e-08 0.00194564445257 6.28285362893
15 5.47722556173 4.156737627e-10 0.00194564442975 6.28285362893
16 5.47722557458 2.45432490533e-11 0.00194564442752 6.28285362893
17 5.47722557504 1.30673450292e-12 0.00194564442754 6.28285362893
18 5.47722557505 5.79630246969e-14 0.00194564442755 6.28285362893
19 5.47722557505 3.10397865588e-15 0.00194564442755 6.28285362893
20

5.47722557505164253655
61.5u 0.0s 1:01.53 100.0% 0+0k 0+8io 0pf+0w

1 1.16212551471 1.0 0.024653235039 6.16345178795
2 3.01368767884 0.288354599759 0.0367029548082 6.12940872218
3 3.20050557479 0.318840890384 0.0277972547093 6.15660042505
4 3.21290524701 0.2845004347 0.00390659291988 6.22365093455
5 3.06422924161 0.133548109464 0.00874049830149 6.2495150882
6 3.50683906665 0.175734995282 0.00433766617005 6.28150968704
7 3.88076175491 0.0658424023469 0.00862565079667 6.2663752613
8 4.68400444341 0.0349546757631 0.00401528537712 6.26838517932
9 5.33752033664 0.00841404557876 0.00214651508827 6.28298242218
10 5.55211053628 0.00063328425882 0.00168759858659 6.28262015272
11 5.56658204939 6.7707051506e-05 0.00168254299684 6.28262072046
12 5.56758367843 5.31980578714e-06 0.00168249845355 6.28262073821
13 5.56775753453 3.05312367694e-07 0.00168250161035 6.28262073717
14 5.56776403543 1.22811121526e-08 0.00168250190739 6.28262073707
15 5.56776434825 3.87602359788e-10 0.00168250190029 6.28262073707
16 5.56776436223 2.38913451041e-11 0.00168250189832 6.28262073707
17 5.56776436282 1.41658357773e-12 0.00168250189828 6.28262073707
18 5.56776436283 6.7626301205e-14 0.00168250189829 6.28262073707
19 5.56776436283 3.11972153952e-15 0.00168250189829 6.28262073707
20 5.56776436283 1.04126650895e-15 0.00168250189829 6.28262073707
21

5.56776436283000109029
82.0u 0.0s 1:22.06 100.0% 0+0k 0+8io 0pf+0w

1 1.16796045209 1.0 0.0317033329383 6.17036661931
2 2.96428335203 0.293154055505 0.050365934718 6.14059568942
3 3.14887796678 0.320235840689 0.0464724251524 6.16780844314
4 3.3057032827 0.29463790553 0.0194222357619 6.2274993735
5 3.14665660536 0.132771247755 0.0157320482141 6.25618377067
6 3.6006648683 0.171451181734 0.000932067200917 6.28230159667
7 3.97570183909 0.0649744885952 0.0139195189005 6.27212704831
8 4.79072777969 0.0334830134104 0.00129757897641 6.27312606372
9 5.43391475053 0.00785161585256 0.00160557112171 6.28246667929
10 5.64148860214 0.000576058389717 0.00122936631844 6.28219407348
11 5.65581040191 5.84536171365e-05 0.00122575769171 6.28219595235
12 5.6566963814 4.56544308345e-06 0.00122572332725 6.2821959836
13 5.65684867208 2.59832250365e-07 0.00122572504694 6.28219598225
14 5.65685399839 9.23317097808e-09 0.00122572529566 6.28219598204
15 5.65685423492 3.54979919358e-10 0.00122572529952 6.28219598204
16 5.65685424877 2.10597674191e-11 0.00122572529832 6.28219598204
17 5.65685424947 1.46773090382e-12 0.00122572529827 6.28219598204
18 5.65685424949 8.10998499946e-14 0.00122572529827 6.28219598204
19 5.65685424949 2.96305288565e-15 0.00122572529827 6.28219598204
20

5.65685424949236281833
94.6u 0.0s 1:34.74 100.0% 0+0k 0+8io 0pf+0w

1 1.17382468621 1.0 0.0387375292491 6.17729584409
2 2.91228448057 0.297888515166 0.0640135541672 6.15199660516
3 3.09329302909 0.320687151066 0.0649788394049 6.17967078849
4 3.37777493004 0.303952017646 0.0354610919236 6.23054743717
5 3.23770319153 0.131545595254 0.0225059491681 6.26331066781
6 3.70153308904 0.166435650414 0.0015540817696 6.26557832155
7 4.08178799301 0.0638325315603 0.014834117367 6.27779375135
8 4.9021120886 0.0319188322442 0.00121071881052 6.28302599362
9 5.53431955721 0.00730629766775 0.000876310851096 6.28176885359
10 5.72975585953 0.000517735875103 0.000591640091539 6.28159235451
11 5.74364954023 5.19320660128e-05 0.000589809865296 6.28159570729
12 5.74442177656 3.99490559461e-06 0.000589793875174 6.28159575324
13 5.74455742778 2.04874108603e-07 0.000589794415919 6.2815957518
14 5.74456243647 6.08646685028e-09 0.0005897945333 6.28159575149
15 5.74456263228 3.59291473175e-10 0.000589794538682 6.28159575147
16 5.7445626457 2.08577397554e-11 0.000589794538306 6.28159575147
17 5.74456264651 1.44367292537e-12 0.00058979453827 6.28159575147
18 5.74456264654 8.6968228083e-14 0.000589794538271 6.28159575147
19 5.74456264654 3.54842182413e-15 0.000589794538271 6.28159575147
20

5.74456264653801085274
118.5u 0.0s 1:58.54 100.0% 0+0k 0+8io 0pf+0w

1 1.17971836418 1.0 0.0457476801206 6.18423243122
2 2.85850461021 0.302560748806 0.0776180752466 6.16359254263
3 3.03453900312 0.320217968329 0.0706704760495 6.1921424473
4 3.42675050821 0.310760201973 0.0517608323456 6.23282912157
5 3.33670058825 0.129919335322 0.0289700010966 6.27077248048
6 3.80879517586 0.161906773437 0.00486503202519 6.26923658537
7 4.19759772301 0.0637628023233 0.000184397227533 6.24921695825
8 5.02137309634 0.0302831857094 0.00160045222256 6.28270557896
9 5.63750481841 0.00668895575127 0.00273750798226 6.28316663669
10 5.81701980741 0.000459997753942 0.00244274735773 6.28297593945
11 5.83015918499 4.55672820116e-05 0.00243838936272 6.28297597313
12 5.83082981469 3.31519613168e-06 0.00243834110851 6.28297597817
13 5.83094729602 1.48292347846e-07 0.00243834238485 6.28297597807
14 5.83095168614 5.22916552078e-09 0.00243834280186 6.28297597804
15 5.83095188085 3.57466382063e-10 0.00243834283272 6.28297597803
16 5.83095189395 2.11179561115e-11 0.00243834283205 6.28297597803
17 5.83095189481 1.32476367802e-12 0.00243834283189 6.28297597803
18 5.83095189484 8.57767177683e-14 0.00243834283189 6.28297597803
19 5.83095189485 4.26004520015e-15 0.00243834283189 6.28297597803
20

5.83095189484527764989
143.3u 0.0s 2:23.46 99.9% 0+0k 0+16io 0pf+0w

1 1.18564163382 1.0 0.052726491567 6.19117003234
2 2.8037652232 0.307171037081 0.0795089521595 6.17536571158
3 2.97352083368 0.318851128236 0.0688366561624 6.2051812682
4 3.47773451185 0.315170886578 0.055610758377 6.23438454579
5 3.39555445285 0.127941614033 0.0350677844858 6.2784296066
6 3.92167535815 0.160471386831 0.00769549874436 6.2727695261
7 4.32165883559 0.0632472534359 0.00566611322979 6.2552351359
8 5.14728140775 0.028834809489 0.002464715274 6.28290640811
9 5.74239683451 0.00608338032184 0.00167119680144 6.28212926855
10 5.90320323476 0.000404182700676 0.00146372788999 6.28202888766
11 5.91539484108 3.95142006079e-05 0.00146132006776 6.2820306254
12 5.91597705079 2.60217291812e-06 0.0014612948446 6.28203064809
13 5.91607617899 1.32523991226e-07 0.00146129503389 6.28203064797
14 5.91607960572 4.86280496572e-09 0.00146129522371 6.28203064782
15 5.91607977062 3.32888727872e-10 0.00146129524511 6.2820306478
16 5.91607978218 2.25024467158e-11 0.00146129524527 6.2820306478
17 5.91607978305 1.20061876348e-12 0.00146129524518 6.2820306478
18 5.9160797831 8.48242636414e-14 0.00146129524518 6.2820306478
19 5.9160797831 4.75708059398e-15 0.00146129524518 6.2820306478
20

5.91607978309959303687
179.2u 0.0s 2:59.33 99.9% 0+0k 0+8io 0pf+0w

1 1.19159464372 1.0 0.0596674247787 6.19810290614
2 2.74884852131 0.311717286761 0.0781346283675 6.18729922753
3 2.91120727842 0.316608671015 0.0669907023 6.21874818166
4 3.53043521708 0.317330121449 0.053132203867 6.23525819382
5 3.43302508463 0.125659745387 0.00295166676251 6.24380005884
6 4.03922198354 0.158220963271 0.00990483495536 6.27618218735
7 4.45237009757 0.0623619830799 0.00614888459915 6.26118206866
8 5.27853516208 0.0274063551477 0.000432631226098 6.28131302966
9 5.84311953624 0.00552270083963 0.000472075444134 6.28097268861
10 5.98758027809 0.000351309812607 0.000347590098872 6.28095363601
11 5.99940835388 3.38845260468e-05 0.000346993636408 6.28095670845
12 5.9999161605 2.35913681443e-06 0.00034698888006 6.28095674031
13 5.99999700324 1.10424630812e-07 0.000346988817951 6.28095674072
14 5.99999984331 4.47507668134e-09 0.000346988846123 6.28095674053
15 5.99999998785 3.30807463881e-10 0.000346988851227 6.2809567405
16 5.99999999906 2.31660652364e-11 0.000346988851379 6.2809567405
17 5.99999999994 1.17399851109e-12 0.000346988851361 6.2809567405
18 6.0 8.12115180339e-14 0.00034698885136 6.2809567405
19 6.0 4.8211852101e-15 0.00034698885136 6.2809567405
20

5.99999999999997601918
211.4u 0.0s 3:31.58 99.9% 0+0k 0+8io 0pf+0w

1 1.19757754319 1.0 0.0665646137201 6.2050258526
2 2.69446288665 0.316195376122 0.0768144664315 6.19937677894
3 2.84857758387 0.31351257293 0.0651753859855 6.232806253
4 3.58459921154 0.317407448979 0.0506466402138 6.23883054263
5 3.47710856082 0.129230013038 0.0105683762279 6.24992157905
6 4.12954712657 0.155331759224 0.0122322812645 6.27948458733
7 4.58791811927 0.0611794772262 0.00306600814234 6.26704501403
8 5.41367497449 0.0259217385919 0.00164823236793 6.28251472678
9 5.94301412979 0.00641113970852 0.00236677630095 6.282346686
10 6.07102934095 0.00030210276814 0.00222036957232 6.28229656601
11 6.08217042793 2.97559178192e-05 0.00221817631609 6.28229746526
12 6.08269638492 2.04900698323e-06 0.00221816000449 6.28229747373
13 6.08275982741 8.58516445252e-08 0.00221815914404 6.28229747409
14 6.08276238463 4.44708417832e-09 0.00221815921645 6.28229747406
15 6.08276251956 3.07345366621e-10 0.00221815924599 6.28229747405
16 6.08276252943 2.22168884717e-11 0.00221815924744 6.28229747405
17 6.08276253024 1.34267270778e-12 0.00221815924735 6.28229747405
18 6.0827625303 7.15561939665e-14 0.00221815924734 6.28229747405
19 6.0827625303 4.58132242505e-15 0.00221815924734 6.28229747405
20

6.08276253029819002904
262.9u 0.1s 4:23.12 99.9% 0+0k 0+16io 0pf+0w

1 1.20359048231 1.0 0.073412793194 6.2119341555
2 2.64122039867 0.320599732386 0.0754563790294 6.21158223287
3 2.78657014278 0.309586668942 0.0632466398009 6.24731861997
4 3.58068648155 0.315584706884 0.0481867416478 6.25134753483
5 3.52735979837 0.132226794536 0.0179655159744 6.25632810821
6 4.2133554848 0.151953495181 0.0147420914496 6.28269155945
7 4.72620366968 0.0597661056066 0.000266955461436 6.28316763323
8 5.55098388883 0.0251198425596 0.00127116796437 6.28263824424
9 6.04228881883 0.00791324970086 0.000919395144228 6.28094490339
10 6.15364497592 0.000276123970705 0.000839464678835 6.28095715588
11 6.16383577461 2.6927034637e-05 0.000838738469456 6.28095910601
12 6.16436004469 1.70438117493e-06 0.000838734744653 6.28095911751
13 6.16441181232 6.16712911092e-08 0.00083873428198 6.28095911875
14 6.16441388942 4.52198191439e-09 0.000838734271043 6.28095911878
15 6.1644139932 2.95343929977e-10 0.00083873428044 6.28095911875
16 6.16441400211 2.27004346783e-11 0.000838734281137 6.28095911875
17 6.1644140029 1.44297343315e-12 0.000838734281117 6.28095911875
18 6.16441400297 6.84945419702e-14 0.000838734281113 6.28095911875
19 6.16441400297 4.52982366466e-15 0.000838734281113 6.28095911875
20

6.16441400296893338151
314.6u 0.1s 5:14.73 100.0% 0+0k 0+8io 0pf+0w

1 1.20963361191 1.0 0.080207235853 6.21882353215
2 2.58962495717 0.324924095661 0.0739821267478 6.22389923804
3 2.7260365517 0.304859453181 0.0611889805492 6.26224563928
4 3.47511335963 0.312048554434 0.0453838903872 6.26474299507
5 3.58328993896 0.134443448918 0.0250320894366 6.26299633403
6 4.29686447671 0.148208753747 0.00263716096623 6.25251391228
7 4.86479797539 0.0581802970525 0.000978446954913 6.28165288344
8 5.67902147587 0.0291869779078 0.00108330755751 6.28273415729
9 6.09466235665 0.00988763761134 0.00311951632315 6.28256876358
10 6.23494806883 0.00025254577795 0.0030165318228 6.28254531431
11 6.24446004137 2.37278875347e-05 0.00301483416062 6.28254571318
12 6.2449499677 1.3579948565e-06 0.00301483514778 6.28254571406
13 6.24499622242 5.77729726824e-08 0.00301483317766 6.28254571448
14 6.24499789828 4.52312868818e-09 0.00301483302777 6.28254571451
15 6.24499798912 2.96798072061e-10 0.00301483305455 6.2825457145
16 6.24499799762 2.13141801619e-11 0.00301483305728 6.2825457145
17 6.24499799833 1.42718042613e-12 0.00301483305725 6.2825457145
18 6.24499799839 6.30428245479e-14 0.00301483305723 6.2825457145
19 6.2449979984 4.35141971479e-15 0.00301483305723 6.2825457145
20

6.24499799839837255178
387.6u 0.0s 6:27.70 100.0% 0+0k 0+8io 0pf+0w

1 1.21570708357 1.0 0.0836369386599 6.22569008917
2 2.54006907581 0.329162379685 0.072601642815 6.23631089161
3 2.66770465033 0.308344718924 0.0592156979642 6.27754181287
4 3.37334759527 0.306986680573 0.0426171731693 6.27885835164
5 3.6443881257 0.135903163334 0.0271208162723 6.26988849907
6 4.37911023508 0.144194687024 0.00571562818728 6.25629643304
7 4.96647584789 0.0564711757887 0.00086256588978 6.28167643041
8 5.62730200159 0.0337317292217 0.000355221515659 6.2819818679
9 6.1199288219 0.0123851713617 0.000388581737659 6.28096237512
10 6.31525391013 0.000262299101831 0.000386370773259 6.28098341674
11 6.32405459991 2.04247261744e-05 0.00038661088124 6.28098452465
12 6.32451298551 1.15794190361e-06 0.000386595107778 6.28098452115
13 6.32455334191 5.0962519077e-08 0.000386595752131 6.28098452269
14 6.32455522528 4.43573309332e-09 0.000386595736702 6.28098452287
15 6.32455531278 3.1251612022e-10 0.000386595736895 6.28098452285
16 6.32455531962 2.10972974603e-11 0.000386595736894 6.28098452285
17 6.32455532027 1.49208078164e-12 0.000386595736894 6.28098452285
18 6.32455532033 7.15411544075e-14 0.000386595736894 6.28098452285
19 6.32455532034 3.95744107518e-15 0.000386595736894 6.28098452285
20

6.32455532033673328840
440.8u 0.1s 7:20.93 100.0% 0+0k 0+16io 0pf+0w

1 1.22181104964 1.0 0.0828318906609 6.23253028363
2 2.49283725282 0.333309512237 0.0712275724276 6.24879952765
3 2.61215335034 0.314648919723 0.00996788554706 6.13813771231
4 3.27679890371 0.300586814535 0.0103498919586 6.23421923797
5 3.71012876489 0.136637418447 0.0236480041265 6.27695316011
6 4.45916690873 0.139986697265 0.00539261238351 6.26010207354
7 5.05991398601 0.055644769794 0.000649089772718 6.28104083848
8 5.53963075424 0.0384511089512 0.00057040328487 6.27972016306
9 6.13183877026 0.0154766187071 0.00406963190782 6.28292539595
10 6.39409582598 0.000423305782306 0.00399702760328 6.28291288936
11 6.40261133471 1.74905280373e-05 0.00399592618336 6.28291297864
12 6.40308713001 1.09262724435e-06 0.00399594710588 6.28291297752
13 6.4031221316 5.19357359881e-08 0.00399594413594 6.28291297772
14 6.40312414981 4.27944484382e-09 0.00399594374361 6.28291297775
15 6.40312423002 3.16309635892e-10 0.00399594376253 6.28291297774
16 6.40312423675 1.85908773307e-11 0.00399594376636 6.28291297774
17 6.40312423737 1.39937012142e-12 0.00399594376642 6.28291297774
18 6.40312423743 7.28703867649e-14 0.0039959437664 6.28291297774
19 6.40312423743 3.87899646418e-15 0.0039959437664 6.28291297774
20

6.40312423743282543853
543.4u 0.2s 9:03.70 100.0% 0+0k 0+8io 0pf+0w

1 1.22794566322 1.0 0.0819186974015 6.2393408887
2 2.44811392516 0.337362136266 0.0697146188209 6.26134666329
3 2.5598005859 0.320043395753 0.0258306039305 6.14515861723
4 3.18650925889 0.296708214734 0.0254292268439 6.2389706385
5 3.7799689531 0.136686011335 0.000941447020444 6.24364306443
6 4.5361989807 0.135643487718 0.00155554112431 6.26392845066
7 5.06660163679 0.0546795536808 0.00473085707816 6.28220799349
8 5.43233512494 0.0429296297108 0.003524912773 6.28229233639
9 6.12626699834 0.0192308125917 0.00224163564001 6.28114432606
10 6.46904511497 0.000674784976708 0.00220473884909 6.28116173008
11 6.48023704274 1.69646786612e-05 0.00220428512939 6.28116221786
12 6.48070819989 1.00828691216e-06 0.00220429884831 6.28116220622
13 6.48073842758 4.96054064083e-08 0.00220429725069 6.28116220765
14 6.48074059526 4.28639178998e-09 0.00220429700642 6.28116220788
15 6.48074069111 3.22729582395e-10 0.00220429701319 6.28116220787
16 6.48074069783 1.91648321758e-11 0.0022042970153 6.28116220787
17 6.48074069835 1.42908754797e-12 0.00220429701536 6.28116220787
18 6.4807406984 7.67185719209e-14 0.00220429701535 6.28116220787
19 6.48074069841 3.54544546432e-15 0.00220429701535 6.28116220787
20

6.48074069840782307494
634.8u 0.2s 10:35.00 100.0% 0+0k 0+8io 0pf+0w

1 1.23411107819 1.0 0.0810553602194 6.24611896319
2 2.40599427722 0.341319077764 0.0683241118381 6.27393310789
3 2.51090398239 0.324500323245 0.0418709379192 6.15287767679
4 3.10312743113 0.305054395958 0.0342870745735 6.24326752572
5 3.85334430124 0.136097630516 0.0081508944842 6.24951855358
6 4.60950434533 0.131212527306 0.00162231255386 6.2820969343
7 4.93383649363 0.0535556701363 0.00115221823151 6.28022222755
8 5.31278338756 0.0466815009051 0.00112310895713 6.28098226429
9 6.09906125062 0.0236677795782 0.000354022572589 6.28193194967
10 6.5392858931 0.00109526897093 0.000344711195449 6.2808366807
11 6.55696105791 1.62233780717e-05 0.000344664459959 6.28083668396
12 6.55740996476 9.14886472933e-07 0.000344666893914 6.28083680731
13 6.55743623402 4.430483292e-08 0.000344666655903 6.28083680489
14 6.55743841102 4.0257596783e-09 0.000344666616216 6.28083680488
15 6.55743851763 3.24833069257e-10 0.000344666616915 6.28083680485
16 6.55743852377 1.81627705292e-11 0.000344666617243 6.28083680485
17 6.55743852424 1.34829511346e-12 0.000344666617253 6.28083680485
18 6.5574385243 7.42497441859e-14 0.000344666617252 6.28083680485
19 6.5574385243 3.10417403582e-15 0.000344666617252 6.28083680485
20

6.55743852430196927372
759.6u 1.2s 12:40.89 100.0% 0+0k 0+16io 0pf+0w

1 1.24030744921 1.0 0.0803088554525 6.25286182466
2 2.36649651666 0.345181531125 0.00335390340924 6.03826023808
3 2.46557231008 0.328009037034 0.0511449480574 6.16128923416
4 3.02692626172 0.311511321917 0.0314939414327 6.24709370447
5 3.9296719391 0.134930069589 0.0133779127144 6.255405053
6 4.67854687204 0.126734794656 0.0022785520619 6.28231962125
7 4.80934727462 0.0522994919228 0.00201004696054 6.28048635349
8 5.19040520394 0.0492357419835 0.00116390377595 6.28193428589
9 6.04772845721 0.0286939804304 0.000507437728156 6.281606646
10 6.60228156507 0.00180196714973 0.00334946740676 6.28189077776
11 6.63281091482 1.53481345666e-05 0.00334933421739 6.28189021725
12 6.63322203678 8.17455966733e-07 0.00334936031828 6.28189025443
13 6.63324738151 4.40013214801e-08 0.00334935804525 6.28189025353
14 6.63324946827 3.91650730646e-09 0.00334935767395 6.28189025351
15 6.63324957504 3.12365466748e-10 0.00334935768062 6.28189025349
16 6.63324958017 1.66722477156e-11 0.00334935768374 6.2818902535
17 6.63324958065 1.29183995502e-12 0.00334935768384 6.2818902535
18 6.63324958071 7.28029444528e-14 0.00334935768384 6.2818902535
19 6.63324958071 3.19809673061e-15 0.00334935768384 6.2818902535
20

6.63324958071076942190
838.4u 0.3s 13:58.69 100.0% 0+0k 0+8io 0pf+0w

1 1.24653493171 1.0 0.0794116202241 6.25956702534
2 2.32957458211 0.348952964703 0.015959891744 6.04770630939
3 2.42378478908 0.330576379015 0.0489635878744 6.17037178913
4 2.95785238295 0.316100446578 0.0288666406831 6.25044340734
5 4.00836624334 0.133249347452 0.00988217574889 6.26130933264
6 4.74298095886 0.122686609084 0.00280556837331 6.28079899506
7 4.69978143104 0.0509287625696 0.000295907842344 6.27754695411
8 5.06664600931 0.0512136649566 2.16371865445e-05 6.27960769332
9 5.97347588259 0.0340460199325 0.000123848120539 6.28126577974
10 6.65420927945 0.00294881951807 0.00133992361904 6.28290986367
11 6.70778795247 1.43795883112e-05 0.00133992768693 6.28290323127
12 6.70817690905 7.1749690963e-07 0.00133993819432 6.28290323091
13 6.70820169663 4.44761042096e-08 0.00133993736081 6.28290323097
14 6.70820382215 3.94831702143e-09 0.00133993722035 6.28290323095
15 6.70820392649 3.16230649727e-10 0.00133993722282 6.28290323095
16 6.70820393197 1.68248485025e-11 0.00133993722405 6.28290323095
17 6.70820393244 1.30207389916e-12 0.00133993722409 6.28290323095
18 6.70820393249 7.15351457863e-14 0.00133993722409 6.28290323095
19 6.7082039325 3.26892917927e-15 0.00133993722409 6.28290323095
20

6.70820393249932767077
993.1u 0.1s 16:33.21 100.0% 0+0k 0+8io 0pf+0w

1 1.25279368188 1.0 0.0786004052484 6.2662323308
2 2.29513056462 0.352638794949 0.0285462445326 6.05732061064
3 2.38541495788 0.332225407018 0.0468658600023 6.18008943975
4 2.89559483145 0.318880612527 0.0259420197482 6.25332217247
5 4.03545378517 0.131127515377 0.00656787524222 6.26723665179
6 4.78364198831 0.120797375382 0.00153724032638 6.2823048775
7 4.60930407602 0.0494561311168 0.000246154987963 6.27968402102
8 4.95228074137 0.0531869684454 0.0044007090813 6.28265855745
9 5.88252376747 0.0392825199878 0.00232130189847 6.28308661385
10 6.69050261269 0.0047041486472 0.000680887962098 6.28297578307
11 6.78181079311 2.56749324082e-05 0.00065521302969 6.28297066226
12 6.78230426014 6.82787027802e-07 0.000655232624103 6.28297065514
13 6.78232779664 4.30592815441e-08 0.00065523161237 6.28297065547
14 6.78232987612 3.83486280652e-09 0.000655231672866 6.28297065545
15 6.78232997659 3.1453054827e-10 0.000655231677427 6.28297065545
16 6.78232998263 1.71706544345e-11 0.000655231676961 6.28297065545
17 6.78232998307 1.27051143639e-12 0.000655231676938 6.28297065545
18 6.78232998312 6.78976004524e-14 0.00065523167694 6.28297065545
19 6.78232998313 3.25628056422e-15 0.000655231676941 6.28297065545
20

6.78232998312523260864
1156.8u 0.1s 19:16.89 100.0% 0+0k 0+8io 0pf+0w

1 1.25908385673 1.0 0.0779155297262 6.27285570083
2 2.26302638657 0.3562459069 0.041094045462 6.06708941465
3 2.35025603931 0.332992858039 0.044935958633 6.19039449426
4 2.83965937903 0.319944844564 0.0230783035846 6.2557465162
5 3.91254469478 0.131693638221 0.00330568031392 6.27318990152
6 4.71800876661 0.118667470375 0.00014392532963 6.27752706792
7 4.53922256878 0.0478922237862 0.000364848330484 6.28290194554
8 4.85414396522 0.0551204581634 0.00321084541577 6.28142132227
9 5.78542306449 0.0438530231904 0.00213922295456 6.2830111136
10 6.70668450075 0.00720092463597 0.000821926648425 6.28313256241
11 6.85419237726 7.43474146833e-05 0.000800681883708 6.2831284131
12 6.85562921149 7.30255253708e-07 0.000800731390623 6.28312840969
13 6.85565253501 4.02019453393e-08 0.000800728918393 6.28312840987
14 6.85565450281 3.6179896917e-09 0.000800729042059 6.28312840986
15 6.85565459348 3.04717192695e-10 0.000800729045341 6.28312840986
16 6.85565459991 1.69683533157e-11 0.000800729044736 6.28312840986
17 6.85565460034 1.21349507008e-12 0.000800729044716 6.28312840986
18 6.8556546004 6.31110680793e-14 0.000800729044719 6.28312840986
19 6.8556546004 3.4667972704e-15 0.000800729044719 6.28312840986
20

6.85565460040101370964
1362.9u 0.2s 22:43.17 100.0% 0+0k 0+16io 0pf+0w

1 1.26540561404 1.0 0.0770570774353 6.27943527231
2 2.23309448006 0.359782108081 0.0535852769094 6.07699877183
3 2.31804534723 0.33292591417 0.0428823767195 6.20123070182
4 2.78943827791 0.319414608315 0.0204088556341 6.25774268917
5 3.80506015642 0.134948572575 0.000591970036692 6.28294207442
6 4.66883401758 0.116335273517 8.80750505355e-05 6.28033871457
7 4.48827452909 0.0463129081908 0.00276660125037 6.28259110226
8 4.77634694122 0.0569749439149 0.000788713689706 6.28078719086
9 5.66291810541 0.0472329426895 0.000666915595626 6.28306969378
10 6.70085445415 0.010469172201 0.000191803102153 6.28235472748
11 6.92455326887 0.000185319628528 0.000188396186075 6.28235507918
12 6.92817473587 7.61829756873e-07 0.00018841325076 6.28235500558
13 6.9282013321 3.70706662766e-08 0.00018841237134 6.28235500939
14 6.92820314588 3.50895791926e-09 0.000188412414338 6.28235500921
15 6.92820322316 2.89018312123e-10 0.000188412414449 6.2823550092
16 6.92820322974 1.63006535464e-11 0.000188412414306 6.28235500921
17 6.92820323021 1.17934211587e-12 0.000188412414303 6.28235500921
18 6.92820323027 6.33654869555e-14 0.000188412414304 6.28235500921
19 6.92820323028 3.83891813865e-15 0.000188412414304 6.28235500921
20

6.92820323027546525196
1602.4u 0.1s 26:42.47 100.0% 0+0k 0+8io 0pf+0w

1 1.27175911237 1.0 0.00278403672092 6.07826867298
2 2.20514734779 0.363255594184 0.0599142870835 6.08703489909
3 2.28848606179 0.332078816958 0.0407433004821 6.21253656559
4 2.74426902383 0.317432560951 0.0177627924857 6.26065306815
5 3.71073964613 0.137346345944 0.00119764246172 6.28116709507
6 4.63349051285 0.113839152606 0.00157391489784 6.28312114553
7 4.45343954809 0.0454645477514 0.00137520744701 6.28248109994
8 4.71963172179 0.058710616357 0.00240450137252 6.28158661287
9 5.54999753433 0.0490689838261 6.56883612206e-05 6.28164637935
10 6.67571886896 0.0143807286593 0.000519639955918 6.28269236127
11 6.99177957024 0.000412607935219 0.000516995195402 6.28269260519
12 6.99996864586 7.75697276638e-07 0.000517049578959 6.28269255373
13 6.99999808667 3.97179581009e-08 0.000517046438705 6.2826925567
14 6.99999991822 3.59937485654e-09 0.000517046597321 6.28269255655
15 6.99999999293 2.86538214468e-10 0.00051704659558 6.28269255655
16 6.99999999942 1.52131837037e-11 0.000517046595205 6.28269255655
17 6.99999999993 1.22766304216e-12 0.000517046595202 6.28269255655
18 7.0 6.23586583536e-14 0.000517046595204 6.28269255655
19 7.0 3.75489594609e-15 0.000517046595204 6.28269255655
20

6.99999999999996536104
1723.0u 0.3s 28:43.22 100.0% 0+0k 0+8io 0pf+0w

1 1.2781445111 1.0 0.0092710550594 6.0842844784
2 2.17898598055 0.366674484349 0.058703477326 6.09718448236
3 2.26126547489 0.3305097586 0.0387864937729 6.22424832719
4 2.70347946211 0.314154876502 0.0148317459452 6.2727157537
5 3.62747310236 0.138946624692 0.000551692052639 6.27998109316
6 4.60882658794 0.111216131923 0.000174910534027 6.27967936125
7 4.43095414009 0.0475421511108 0.00703844249392 6.28255184746
8 4.68185035211 0.0602902856686 0.00216645922799 6.28006132145
9 5.45685465855 0.0493266942276 0.00035998658561 6.28187016097
10 6.61596206125 0.0186425760272 0.000925056079161 6.28311125008
11 7.05413437186 0.000828844799512 0.000923435387418 6.28311137645
12 7.07103318753 2.00145031318e-06 0.00092353655356 6.28311136837
13 7.07106591912 4.09178439647e-08 0.000923530003344 6.28311136889
14 7.07106772648 3.5814176538e-09 0.000923530354755 6.28311136886
15 7.07106780514 2.82680850632e-10 0.00092353034789 6.28311136886
16 7.07106781124 1.65285627205e-11 0.00092353034728 6.28311136886
17 7.07106781179 1.24695583654e-12 0.00092353034728 6.28311136886
18 7.07106781186 6.01341216619e-14 0.000923530347285 6.28311136886
19 7.07106781187 4.2500313812e-15 0.000923530347285 6.28311136886
20

7.07106781186543642548
2028.0u 0.3s 33:48.44 99.9% 0+0k 0+16io 0pf+0w

