   1      1   8.376e-03   x   2
   1      2   9.496e-03   x   2
   1      3   9.867e-03   x   2
   1      4   9.972e-03   x   2
   1      5   8.876e-03   x   2
   1      6   9.397e-03   x   2
   1      7   9.281e-03   x   2
   1      8   9.471e-03   x   2
   1      9   8.448e-03   x   2
   1     10   1.012e-02   x   2

   2      1   9.309e-03   x   2
   2      2   9.340e-03   x   2
   2      3   1.004e-02   x   2
   2      4   9.378e-03   x   2
   2      5   8.903e-03   x   2
   2      6   9.965e-03   x   2
   2      7   9.847e-03   x   2
   2      8   9.561e-03   x   2
   2      9   9.633e-03   x   2
   2     10   9.731e-03   x   2

   3      1   9.855e-03   x   2
   3      2   8.891e-03   x   2
   3      3   9.841e-03   x   2
   3      4   1.017e-02   x   2
   3      5   9.937e-03   x   2
   3      6   9.627e-03   x   2
   3      7   9.716e-03   x   2
   3      8   9.545e-03   x   2
   3      9   8.911e-03   x   2
   3     10   1.036e-02   x   2

   4      1   9.354e-03   x   2
   4      2   7.529e-03   x   2
   4      3   9.269e-03   x   2
   4      4   9.187e-03   x   2
   4      5   9.453e-03   x   2
   4      6   9.322e-03   x   2
   4      7   9.626e-03   x   2
   4      8   8.541e-03   x   2
   4      9   9.369e-03   x   2
   4     10   9.120e-03   x   2

   5      1   9.243e-03   x   2
   5      2   9.233e-03   x   2
   5      3   9.536e-03   x   2
   5      4   9.324e-03   x   2
   5      5   9.012e-03   x   2
   5      6   1.030e-02   x   2
   5      7   9.870e-03   x   2
   5      8   9.484e-03   x   2
   5      9   9.779e-03   x   2
   5     10   8.872e-03   x   2

   6      1   9.241e-03   x   2
   6      2   9.222e-03   x   2
   6      3   9.303e-03   x   2
   6      4   1.007e-02   x   2
   6      5   1.000e-02   x   2
   6      6   9.910e-03   x   2
   6      7   9.667e-03   x   2
   6      8   9.555e-03   x   2
   6      9   1.008e-02   x   2
   6     10   1.001e-02   x   2

   7      1   1.008e-02   x   2
   7      2   8.597e-03   x   2
   7      3   9.739e-03   x   2
   7      4   9.718e-03   x   2
   7      5   9.780e-03   x   2
   7      6   1.006e-02   x   2
   7      7   1.014e-02   x   2
   7      8   9.854e-03   x   2
   7      9   9.428e-03   x   2
   7     10   1.033e-02   x   2

   8      1   8.644e-03   x   2
   8      2   8.954e-03   x   2
   8      3   9.213e-03   x   2
   8      4   9.002e-03   x   2
   8      5   1.008e-02   x   2
   8      6   9.709e-03   x   2
   8      7   9.778e-03   x   2
   8      8   9.996e-03   x   2
   8      9   9.821e-03   x   2
   8     10   9.625e-03   x   2

   9      1   9.407e-03   x   2
   9      2   9.781e-03   x   2
   9      3   9.751e-03   x   2
   9      4   8.873e-03   x   2
   9      5   8.831e-03   x   2
   9      6   9.884e-03   x   2
   9      7   9.589e-03   x   2
   9      8   9.681e-03   x   2
   9      9   9.982e-03   x   2
   9     10   9.696e-03   x   2

  10      1   9.846e-03   x   2
  10      2   1.072e-02   x   2
  10      3   9.888e-03   x   2
  10      4   1.023e-02   x   2
  10      5   9.959e-03   x   2
  10      6   9.972e-03   x   2
  10      7   9.926e-03   x   2
  10      8   9.889e-03   x   2
  10      9   9.844e-03   x   2
  10     10   1.007e-02   x   2

