   1      1   8.462e-03   10*x   11
   1      2   9.723e-03   25*x   28
   1      3   9.842e-03   8*x   9
   1      4   1.006e-02   8*x   9
   1      5   9.961e-03   8*x   9
   1      6   1.013e-02   8*x   9
   1      7   9.886e-03   8*x   9
   1      8   9.934e-03   8*x   9
   1      9   9.739e-03   8*x   9
   1     10   9.762e-03   8*x   9

   2      1   1.005e-02   10*x   11
   2      2   8.934e-03   25*x^2   28*x
   2      3   9.821e-03   8*x   9
   2      4   9.638e-03   8*x   9
   2      5   9.616e-03   8*x   9
   2      6   9.996e-03   8*x   9
   2      7   8.285e-03   8*x   9
   2      8   9.800e-03   8*x   9
   2      9   9.823e-03   8*x   9
   2     10   9.759e-03   8*x   9

   3      1   9.942e-03   10*x^3   11*x^2
   3      2   9.772e-03   25*x^2   28*x
   3      3   9.983e-03   8*x   9
   3      4   9.595e-03   8*x   9
   3      5   9.858e-03   8*x   9
   3      6   9.539e-03   8*x   9
   3      7   1.006e-02   8*x   9
   3      8   9.823e-03   8*x   9
   3      9   9.392e-03   8*x   9
   3     10   9.674e-03   8*x   9

   4      1   9.763e-03   10*x^3   11*x^2
   4      2   9.626e-03   25*x^2   28*x
   4      3   9.243e-03   8*x   9
   4      4   9.780e-03   8*x   9
   4      5   8.939e-03   8*x   9
   4      6   9.746e-03   8*x   9
   4      7   1.042e-02   8*x   9
   4      8   9.815e-03   8*x   9
   4      9   1.012e-02   8*x   9
   4     10   9.549e-03   8*x   9

   5      1   1.015e-02   10*x^3   11*x^2
   5      2   8.770e-03   25*x^2   28*x
   5      3   7.065e-03   8*x   9
   5      4   8.699e-03   8*x   9
   5      5   9.782e-03   8*x   9
   5      6   9.440e-03   8*x   9
   5      7   1.004e-02   8*x   9
   5      8   9.171e-03   8*x   9
   5      9   9.877e-03   8*x   9
   5     10   9.506e-03   8*x   9

   6      1   9.249e-03   10*x^3   11*x^2
   6      2   1.046e-02   25*x^2   28*x
   6      3   9.588e-03   8*x   9
   6      4   7.893e-03   8*x   9
   6      5   8.852e-03   8*x   9
   6      6   8.734e-03   8*x   9
   6      7   1.039e-02   8*x   9
   6      8   1.016e-02   8*x   9
   6      9   9.906e-03   8*x   9
   6     10   8.690e-03   8*x   9

   7      1   9.627e-03   10*x^3   11*x^2
   7      2   9.195e-03   25*x^2   28*x
   7      3   9.478e-03   8*x   9
   7      4   9.367e-03   8*x   9
   7      5   8.705e-03   8*x   9
   7      6   8.375e-03   8*x   9
   7      7   9.641e-03   8*x   9
   7      8   9.638e-03   8*x   9
   7      9   9.450e-03   8*x   9
   7     10   9.738e-03   8*x   9

   8      1   9.866e-03   10*x^3   11*x^2
   8      2   1.074e-02   25*x^2   28*x
   8      3   9.670e-03   8*x   9
   8      4   8.939e-03   8*x   9
   8      5   8.486e-03   8*x   9
   8      6   8.630e-03   8*x   9
   8      7   9.447e-03   8*x   9
   8      8   1.031e-02   8*x   9
   8      9   9.596e-03   8*x   9
   8     10   9.386e-03   8*x   9

   9      1   9.504e-03   10*x^3   11*x^2
   9      2   9.568e-03   25*x^2   28*x
   9      3   1.027e-02   8*x   9
   9      4   9.806e-03   8*x   9
   9      5   9.772e-03   8*x   9
   9      6   1.027e-02   8*x   9
   9      7   1.036e-02   8*x   9
   9      8   1.044e-02   8*x   9
   9      9   9.917e-03   8*x   9
   9     10   1.014e-02   8*x   9

  10      1   1.063e-02   10*x^3   11*x^2
  10      2   1.053e-02   25*x^2   28*x
  10      3   8.387e-03   8*x   9
  10      4   1.034e-02   8*x   9
  10      5   9.370e-03   8*x   9
  10      6   9.135e-03   8*x   9
  10      7   8.454e-03   8*x   9
  10      8   1.010e-02   8*x   9
  10      9   9.877e-03   8*x   9
  10     10   9.776e-03   8*x   9

