   1      1   8.584e-03   x   1
   1      2   9.443e-03   100*x   101
   1      3   7.457e-03   500*x   507
   1      4   9.143e-03   10000*x   10149
   1      5   9.944e-03   25000*x   25373
   1      6   9.565e-03   250000*x   253731
   1      7   7.617e-03   10000000*x   10149247
   1      8   9.558e-03   50000000*x   50746239
   1      9   1.027e-02   1000000000*x   1014924789
   1     10   9.744e-03   10000000000*x   10149247893
   1     11   9.760e-03   100000000000*x   101492478937
   1     12   9.717e-03   500000000000*x   507462394689
   1     13   1.023e-02   1250000000000*x   1268655986723
   1     14   9.969e-03   12500000000000*x   12686559867231
   1     15   9.682e-03   1000000000000000*x   1014924789378487
   1     16   9.136e-03   1000000000000000*x   1014924789378487
   1     17   9.548e-03   114575072244694*x   116285081065971
   1     18   8.677e-03   54142453323379*x   54950518035665
   1     19   9.399e-03   922062250586212*x   935823835470065
   1     20   9.513e-03   743446575860943*x   754542359419825
   1     21   9.755e-03   1681661651973222*x   1706760097934801
   1     22   9.629e-03   534523389595913*x   542501038603507
   1     23   9.722e-03   534523389595913*x   542501038603507
   1     24   9.852e-03   848719710746567*x   861386673670830
   1     25   9.670e-03   992045473777257*x   1006851543527264
   1     26   9.582e-03   992045473777257*x   1006851543527264
   1     27   7.809e-03   992045473777257*x   1006851543527264
   1     28   9.462e-03   422111626382336*x   428411553500303
   1     29   9.338e-03   847498197526134*x   860146929622859
   1     30   9.288e-03   963512716928988*x   977892941292647
   1     31   9.558e-03   963512716928988*x   977892941292647
   1     32   9.903e-03   963512716928988*x   977892941292647
   1     33   9.570e-03   963512716928988*x   977892941292647
   1     34   9.540e-03   963512716928988*x   977892941292647
   1     35   9.887e-03   963512716928988*x   977892941292647
   1     36   9.267e-03   963512716928988*x   977892941292647
   1     37   9.630e-03   963512716928988*x   977892941292647
   1     38   9.404e-03   963512716928988*x   977892941292647
   1     39   8.529e-03   53696656558192740491206*x   54498067847652724742997
   1     40   9.375e-03   1069176478811877792960*x   1085133712566577535771

   2      1   6.958e-03   x   1
   2      2   9.119e-03   100*x   101
   2      3   8.964e-03   500*x   507
   2      4   9.760e-03   10000*x^2   10149*x
   2      5   1.016e-02   25000*x^2   25373
   2      6   1.007e-02   250000*x   253731
   2      7   9.579e-03   10000000*x   10149247
   2      8   9.789e-03   50000000*x   50746239
   2      9   9.835e-03   1000000000*x^2   1014924789*x
   2     10   9.752e-03   10000000000*x^2   10149247893*x
   2     11   8.990e-03   4918259677*x^2   2096430673
   2     12   9.498e-03   10182098527*x^2   209049036
   2     13   9.847e-03   12479400249*x^2   11564968470
   2     14   9.879e-03   7960446833*x^2   7795784563
   2     15   9.546e-03   8802928154*x^2   3339474758
   2     16   8.877e-03   8802928154*x^2   3339474758
   2     17   9.508e-03   6553854017*x^2   3209326000
   2     18   9.709e-03   11533654433*x^2   8900239752
   2     19   9.406e-03   11666964430*x^2   470108291
   2     20   9.682e-03   14193675301*x^2   4829355885
   2     21   9.667e-03   3716381135*x^2   5151971856
   2     22   9.207e-03   1978309670*x^2   10609341001
   2     23   9.307e-03   1978309670*x^2   10609341001
   2     24   9.301e-03   2986295533*x^2   740961780
   2     25   9.578e-03   11275522283*x^2   13184594438
   2     26   9.829e-03   11275522283*x^2   13184594438
   2     27   9.945e-03   11275522283*x^2   13184594438
   2     28   9.856e-03   10296609595*x^2   10917138293
   2     29   9.666e-03   4474946291*x^2   2102640221
   2     30   9.942e-03   2326097913*x^2   4865260711
   2     31   9.130e-03   2326097913*x^2   4865260711
   2     32   9.959e-03   2326097913*x^2   4865260711
   2     33   1.012e-02   2326097913*x^2   4865260711
   2     34   9.663e-03   2326097913*x^2   4865260711
   2     35   9.558e-03   2326097913*x^2   4865260711
   2     36   9.103e-03   2326097913*x^2   4865260711
   2     37   9.695e-03   2326097913*x^2   4865260711
   2     38   9.731e-03   2326097913*x^2   4865260711
   2     39   9.476e-03   1645027848569528*x^2   462344689635434
   2     40   9.754e-03   867040994467066*x^2   469928102253389

   3      1   9.595e-03   x   1
   3      2   9.380e-03   100*x   101
   3      3   9.464e-03   500*x   507
   3      4   9.703e-03   10000*x^2   10149*x
   3      5   1.003e-02   25000*x^2   25373
   3      6   9.950e-03   250000*x   253731
   3      7   9.681e-03   10000000*x   10149247
   3      8   9.856e-03   8104321*x^3   36465400
   3      9   9.778e-03   1251894*x^3   10299641
   3     10   9.862e-03   11085727*x^3   208270
   3     11   1.001e-02   8989232*x^3   5556706
   3     12   9.800e-03   20345794*x^3   30295510
   3     13   9.799e-03   65973*x^3   6205951
   3     14   9.620e-03   24644450*x^3   14023534
   3     15   9.464e-03   13750502*x^3   10572103
   3     16   1.025e-02   13750502*x^3   10572103
   3     17   9.440e-03   3223860*x^3   34232062
   3     18   9.603e-03   1592556*x^3   15765436
   3     19   9.979e-03   26829384*x^3   5067972
   3     20   9.195e-03   4406405*x^3   13173074
   3     21   9.848e-03   12510059*x^3   37026331
   3     22   1.012e-02   28021876*x^3   3925602
   3     23   8.993e-03   28021876*x^3   3925602
   3     24   9.719e-03   13293703*x^3   4288291
   3     25   8.834e-03   1992361*x^3   31207549
   3     26   9.411e-03   1992361*x^3   31207549
   3     27   9.377e-03   1992361*x^3   31207549
   3     28   9.777e-03   8613181*x^3   8587873
   3     29   8.981e-03   24809289*x^3   5490094
   3     30   8.211e-03   1656537*x^3   31801681
   3     31   8.551e-03   29527528*x^3   16810207
   3     32   9.017e-03   29527528*x^3   16810207
   3     33   1.000e-02   29527528*x^3   16810207
   3     34   9.829e-03   29527528*x^3   16810207
   3     35   7.923e-03   29527528*x^3   16810207
   3     36   9.855e-03   29527528*x^3   16810207
   3     37   9.408e-03   29527528*x^3   16810207
   3     38   8.541e-03   29527528*x^3   16810207
   3     39   9.945e-03   250236691625*x^3   18404822697
   3     40   1.018e-02   123830292392*x^3   244563433871

   4      1   9.483e-03   x   1
   4      2   9.773e-03   100*x   101
   4      3   9.856e-03   500*x   507
   4      4   9.908e-03   10000*x^2   10149*x
   4      5   9.701e-03   25000*x^4   25373*x^2
   4      6   9.088e-03   250000*x   253731
   4      7   9.841e-03   895741*x^4   610806
   4      8   1.004e-02   182001*x^4   334633
   4      9   9.107e-03   233784*x^4   841900
   4     10   1.002e-02   835173*x^4   258227
   4     11   9.575e-03   701964*x^4   1250448
   4     12   1.002e-02   576797*x^4   337448
   4     13   9.778e-03   220768*x^4   371418
   4     14   9.613e-03   304042*x^4   62026
   4     15   9.595e-03   679681*x^4   38071
   4     16   9.731e-03   679681*x^4   38071
   4     17   1.021e-02   153630*x^4   460000
   4     18   1.016e-02   640312*x^4   1184055
   4     19   1.006e-02   435973*x^4   263938
   4     20   9.848e-03   563281*x^4   344821
   4     21   9.970e-03   763204*x^4   471806
   4     22   9.396e-03   70634*x^4   460412
   4     23   9.146e-03   70634*x^4   460412
   4     24   1.021e-02   219688*x^4   13020
   4     25   9.850e-03   4*x^4   16
   4     26   9.638e-03   4*x^4   16
   4     27   1.154e-02   4*x^4   16
   4     28   9.803e-03   4*x^4   16
   4     29   1.025e-02   4*x^4   16
   4     30   9.907e-03   4*x^4   16
   4     31   9.857e-03   4*x^4   16
   4     32   9.781e-03   4*x^4   16
   4     33   1.020e-02   4*x^4   16
   4     34   9.432e-03   4*x^4   16
   4     35   9.681e-03   4*x^4   16
   4     36   1.006e-02   4*x^4   16
   4     37   8.696e-03   4*x^4   16
   4     38   7.305e-03   4*x^4   16
   4     39   8.232e-03   4*x^4   16
   4     40   1.042e-02   4*x^4   16

   5      1   9.694e-03   x   1
   5      2   9.779e-03   100*x   101
   5      3   9.711e-03   500*x   507
   5      4   1.014e-02   10000*x^2   10149*x
   5      5   1.014e-02   25000*x^4   25373*x^2
   5      6   8.803e-03   68659*x^5   17154
   5      7   9.858e-03   25277*x^5   32895
   5      8   9.741e-03   82677*x^5   35856
   5      9   9.069e-03   57636*x^5   10153
   5     10   8.890e-03   35638*x^5   37734
   5     11   1.007e-02   60595*x^5   24022
   5     12   7.917e-03   30631*x^5   3262
   5     13   1.029e-02   5204*x^5   61194
   5     14   1.018e-02   4000*x^5   14819
   5     15   1.038e-02   1466*x^5   19553
   5     16   1.022e-02   1466*x^5   19553
   5     17   1.054e-02   24538*x^5   9938
   5     18   1.046e-02   8287*x^5   41894
   5     19   1.018e-02   34032*x^5   61677
   5     20   1.068e-02   83343*x^5   44490
   5     21   1.069e-02   9648*x^5   52103
   5     22   1.051e-02   268*x^5   1088
   5     23   1.053e-02   268*x^5   1088
   5     24   9.063e-03   268*x^5   1088
   5     25   9.323e-03   4*x^5   16
   5     26   7.432e-03   4*x^5   16
   5     27   1.025e-02   4*x^5   16
   5     28   1.154e-02   4*x^5   16
   5     29   1.042e-02   4*x^5   16
   5     30   9.647e-03   4*x^5   16
   5     31   9.954e-03   4*x^5   16*x
   5     32   9.677e-03   4*x^5   16*x
   5     33   9.565e-03   4*x^5   16*x
   5     34   1.040e-02   4*x^5   16*x
   5     35   8.930e-03   4*x^5   16*x
   5     36   8.351e-03   4*x^5   16*x
   5     37   8.813e-03   4*x^5   16*x
   5     38   1.003e-02   4*x^5   16*x
   5     39   1.046e-02   268*x^5   1088
   5     40   1.037e-02   268*x^5   1088

   6      1   9.813e-03   x   1
   6      2   9.908e-03   100*x   101
   6      3   1.042e-02   500*x   507
   6      4   9.993e-03   10000*x^2   10149*x
   6      5   9.881e-03   21209*x^6   5494
   6      6   1.005e-02   5439*x^6   11570
   6      7   1.053e-02   4293*x^6   3044
   6      8   1.057e-02   4093*x^6   787
   6      9   9.514e-03   3375*x^6   1600
   6     10   1.025e-02   1376*x^6   2455
   6     11   1.074e-02   7833*x^6   1817
   6     12   1.026e-02   953*x^6   4521
   6     13   9.901e-03   249*x^6   6114
   6     14   8.758e-03   11114*x^6   2724
   6     15   1.020e-02   11289*x^6   8077
   6     16   1.065e-02   11289*x^6   8077
   6     17   1.033e-02   2893*x^6   8391
   6     18   1.067e-02   16496*x^6   9483
   6     19   1.068e-02   6668*x^6   13075
   6     20   1.065e-02   153*x^6   5825
   6     21   1.051e-02   10017*x^6   960
   6     22   1.038e-02   268*x^6   1088
   6     23   1.037e-02   268*x^6   1088
   6     24   1.005e-02   268*x^6   1088
   6     25   1.048e-02   4*x^6   16
   6     26   9.860e-03   4*x^6   16
   6     27   1.038e-02   4*x^6   16
   6     28   1.046e-02   4*x^6   16
   6     29   1.053e-02   4*x^5   16
   6     30   1.001e-02   4*x^6   16*x
   6     31   9.884e-03   4*x^6   16*x^2
   6     32   9.625e-03   4*x^5   16*x
   6     33   9.843e-03   4*x^5   16*x
   6     34   9.208e-03   4*x^5   16*x
   6     35   1.012e-02   4*x^5   16*x
   6     36   1.030e-02   4*x^5   16*x
   6     37   1.015e-02   4*x^5   16*x
   6     38   1.023e-02   4*x^5   16*x
   6     39   1.055e-02   268*x^6   1088
   6     40   1.052e-02   4*x^6   16

   7      1   9.842e-03   x   1
   7      2   1.018e-02   100*x   101
   7      3   1.016e-02   500*x   507
   7      4   1.039e-02   541*x^7   3585
   7      5   1.055e-02   200*x^7   1695
   7      6   1.087e-02   246*x^7   2474
   7      7   9.386e-03   1520*x^7   163
   7      8   9.833e-03   1365*x^7   1872
   7      9   8.122e-03   4621*x^7   966
   7     10   1.068e-02   2025*x^7   3439
   7     11   1.114e-02   2017*x^7   1411
   7     12   1.100e-02   2385*x^7   3534
   7     13   1.105e-02   2508*x^7   2342
   7     14   9.498e-03   3327*x^7   2359
   7     15   1.018e-02   1688*x^7   495
   7     16   8.353e-03   1688*x^7   495
   7     17   1.054e-02   70*x^7   847
   7     18   9.837e-03   2375*x^7   2450
   7     19   1.006e-02   1725*x^7   1643
   7     20   9.589e-03   412*x^7   576
   7     21   1.099e-02   412*x^7   576
   7     22   1.004e-02   48*x^7   192
   7     23   1.105e-02   48*x^7   192
   7     24   1.063e-02   4*x^7   16
   7     25   1.060e-02   4*x^7   16*x
   7     26   1.028e-02   4*x^7   16*x
   7     27   8.889e-03   4*x^7   16*x
   7     28   1.000e-02   4*x^6   16
   7     29   9.739e-03   4*x^7   16*x^2
   7     30   1.049e-02   4*x^7   16
   7     31   1.037e-02   4*x^6   16*x^2
   7     32   1.028e-02   4*x^7   16*x^3
   7     33   1.065e-02   4*x^7   16*x^3
   7     34   9.849e-03   4*x^7   16*x^3
   7     35   8.180e-03   4*x^7   16*x^3
   7     36   1.014e-02   4*x^7   16*x^3
   7     37   1.026e-02   4*x^7   16*x^3
   7     38   1.035e-02   4*x^7   16*x^3
   7     39   9.374e-03   4*x^7   16
   7     40   9.576e-03   4*x^7   16

   8      1   7.520e-03   x   1
   8      2   9.722e-03   100*x   101
   8      3   1.024e-02   500*x   507
   8      4   1.070e-02   781*x^8   466
   8      5   1.137e-02   458*x^8   341
   8      6   1.041e-02   302*x^8   349
   8      7   1.138e-02   829*x^8   475
   8      8   1.143e-02   676*x^8   438
   8      9   1.114e-02   938*x^8   86
   8     10   1.163e-02   91*x^8   617
   8     11   1.173e-02   611*x^8   559
   8     12   1.149e-02   516*x^8   602
   8     13   1.215e-02   316*x^8   542
   8     14   1.146e-02   1005*x^8   796
   8     15   1.060e-02   16*x^8   256
   8     16   1.150e-02   16*x^8   256
   8     17   1.137e-02   16*x^8   256
   8     18   1.148e-02   16*x^8   256
   8     19   1.154e-02   16*x^8   256
   8     20   1.179e-02   16*x^8   256
   8     21   1.175e-02   16*x^8   256
   8     22   1.133e-02   4*x^8   16
   8     23   9.759e-03   4*x^8   16
   8     24   1.055e-02   4*x^8   16
   8     25   1.052e-02   4*x^7   16*x
   8     26   1.058e-02   4*x^7   16*x
   8     27   1.050e-02   4*x^7   16*x
   8     28   1.077e-02   4*x^8   16*x^2
   8     29   1.074e-02   4*x^7   16*x^2
   8     30   1.093e-02   4*x^7   16
   8     31   1.080e-02   4*x^6   16*x^2
   8     32   1.039e-02   4*x^7   16*x^3
   8     33   1.047e-02   4*x^7   16*x^3
   8     34   1.058e-02   4*x^7   16*x^3
   8     35   1.055e-02   4*x^7   16*x^3
   8     36   1.056e-02   4*x^7   16*x^3
   8     37   9.325e-03   4*x^7   16*x^3
   8     38   1.065e-02   4*x^7   16*x^3
   8     39   9.288e-03   4*x^8   16
   8     40   1.004e-02   4*x^8   16

   9      1   7.115e-03   x   1
   9      2   1.038e-02   100*x   101
   9      3   1.051e-02   500*x   507
   9      4   1.146e-02   442*x^9   116
   9      5   1.196e-02   19*x^9   580
   9      6   1.252e-02   44*x^9   392
   9      7   1.034e-02   270*x^9   138
   9      8   1.163e-02   151*x^9   371
   9      9   1.038e-02   481*x^9   481
   9     10   1.268e-02   334*x^9   224
   9     11   1.254e-02   469*x^9   282
   9     12   1.214e-02   62*x^9   408
   9     13   1.234e-02   559*x^9   390
   9     14   1.266e-02   274*x^9   291
   9     15   9.951e-03   743*x^9   68
   9     16   1.048e-02   743*x^9   68
   9     17   1.219e-02   317*x^9   496
   9     18   1.089e-02   465*x^9   110
   9     19   1.227e-02   298*x^9   80
   9     20   1.224e-02   4*x^9   16
   9     21   1.158e-02   4*x^9   16
   9     22   1.116e-02   4*x^9   16
   9     23   1.093e-02   4*x^9   16
   9     24   1.098e-02   4*x^9   16
   9     25   1.106e-02   4*x^7   16*x
   9     26   1.084e-02   4*x^7   16*x
   9     27   1.013e-02   4*x^7   16*x
   9     28   9.387e-03   4*x^9   16
   9     29   1.010e-02   4*x^7   16*x^2
   9     30   7.919e-03   4*x^7   16
   9     31   9.554e-03   4*x^6   16*x^2
   9     32   9.071e-03   4*x^7   16*x^3
   9     33   1.064e-02   4*x^7   16*x^3
   9     34   8.581e-03   4*x^7   16*x^3
   9     35   9.842e-03   4*x^7   16*x^3
   9     36   1.047e-02   4*x^7   16*x^3
   9     37   1.055e-02   4*x^7   16*x^3
   9     38   1.092e-02   4*x^7   16*x^3
   9     39   9.772e-03   4*x^9   16
   9     40   9.947e-03   4*x^8   16

  10      1   7.259e-03   x   1
  10      2   9.272e-03   100*x   101
  10      3   9.031e-03   500*x   507
  10      4   1.041e-02   90*x^10   25
  10      5   9.003e-03   27*x^10   170
  10      6   1.332e-02   20*x^10   287
  10      7   1.318e-02   128*x^10   2
  10      8   1.298e-02   135*x^10   104
  10      9   1.230e-02   50*x^10   264
  10     10   1.081e-02   99*x^10   214
  10     11   1.013e-02   374*x^10   41
  10     12   1.324e-02   208*x^10   35
  10     13   1.328e-02   75*x^10   87
  10     14   1.258e-02   156*x^10   129
  10     15   1.093e-02   181*x^10   308
  10     16   1.238e-02   181*x^10   308
  10     17   1.313e-02   24*x^10   138
  10     18   1.293e-02   297*x^10   32
  10     19   1.291e-02   4*x^10   16
  10     20   1.075e-02   4*x^10   16
  10     21   1.140e-02   4*x^10   16*x
  10     22   9.508e-03   4*x^10   16*x
  10     23   1.174e-02   4*x^10   16*x
  10     24   1.125e-02   4*x^10   16
  10     25   1.100e-02   4*x^7   16*x
  10     26   1.120e-02   4*x^7   16*x
  10     27   1.114e-02   4*x^7   16*x
  10     28   1.149e-02   4*x^9   16
  10     29   1.124e-02   4*x^7   16*x^2
  10     30   1.104e-02   4*x^7   16
  10     31   1.106e-02   4*x^6   16*x^2
  10     32   1.094e-02   4*x^7   16*x^3
  10     33   9.586e-03   4*x^7   16*x^3
  10     34   1.005e-02   4*x^7   16*x^3
  10     35   8.091e-03   4*x^7   16*x^3
  10     36   1.080e-02   4*x^7   16*x^3
  10     37   1.094e-02   4*x^7   16*x^3
  10     38   1.088e-02   4*x^7   16*x^3
  10     39   9.788e-03   4*x^9   16
  10     40   9.874e-03   4*x^8   16

  11      1   9.816e-03   x   1
  11      2   1.065e-02   100*x   101
  11      3   1.169e-02   109*x^11   91
  11      4   1.271e-02   50*x^11   80
  11      5   1.285e-02   133*x^11   11
  11      6   1.459e-02   38*x^11   3
  11      7   1.411e-02   39*x^11   10
  11      8   1.365e-02   22*x^11   3
  11      9   1.290e-02   49*x^11   109
  11     10   1.442e-02   37*x^11   7
  11     11   1.512e-02   70*x^11   119
  11     12   1.416e-02   2*x^11   45
  11     13   1.422e-02   75*x^11   1
  11     14   1.450e-02   98*x^11   260
  11     15   1.381e-02   47*x^11   134
  11     16   1.253e-02   47*x^11   134
  11     17   9.912e-03   73*x^11   128
  11     18   1.407e-02   59*x^11   149
  11     19   1.422e-02   205*x^11   9
  11     20   1.380e-02   179*x^11   166
  11     21   1.265e-02   4*x^11   16*x^2
  11     22   1.203e-02   4*x^11   16*x
  11     23   1.203e-02   4*x^11   16*x
  11     24   1.207e-02   4*x^10   16
  11     25   9.430e-03   4*x^7   16*x
  11     26   1.141e-02   4*x^7   16*x
  11     27   1.145e-02   4*x^7   16*x
  11     28   1.152e-02   4*x^9   16
  11     29   1.154e-02   4*x^7   16*x^2
  11     30   1.138e-02   4*x^7   16
  11     31   1.147e-02   4*x^6   16*x^2
  11     32   1.146e-02   4*x^7   16*x^3
  11     33   1.167e-02   4*x^7   16*x^3
  11     34   1.120e-02   4*x^7   16*x^3
  11     35   1.130e-02   4*x^7   16*x^3
  11     36   1.115e-02   4*x^7   16*x^3
  11     37   1.148e-02   4*x^7   16*x^3
  11     38   1.117e-02   4*x^7   16*x^3
  11     39   1.249e-02   4*x^11   16
  11     40   1.211e-02   4*x^8   16

  12      1   9.947e-03   x   1
  12      2   1.079e-02   100*x   101
  12      3   1.285e-02   18*x^12   5
  12      4   1.356e-02   16*x^12   22
  12      5   1.479e-02   108*x^12   99
  12      6   1.517e-02   106*x^12   14
  12      7   1.509e-02   3*x^12   48
  12      8   1.572e-02   19*x^12   89
  12      9   1.552e-02   21*x^12   48
  12     10   1.469e-02   67*x^12   7
  12     11   1.439e-02   10*x^12   258
  12     12   1.522e-02   5*x^12   48
  12     13   1.578e-02   41*x^12   13
  12     14   1.519e-02   20*x^12   72
  12     15   1.532e-02   58*x^12   163
  12     16   1.364e-02   58*x^12   163
  12     17   1.518e-02   x^12   95
  12     18   1.500e-02   42*x^12   76
  12     19   1.539e-02   83*x^12   48
  12     20   1.508e-02   11*x^12   100
  12     21   1.428e-02   31*x^12   130
  12     22   1.277e-02   4*x^11   16*x
  12     23   1.323e-02   4*x^11   16*x
  12     24   1.227e-02   4*x^12   16*x
  12     25   1.189e-02   4*x^7   16*x
  12     26   1.216e-02   4*x^7   16*x
  12     27   1.197e-02   4*x^7   16*x
  12     28   1.199e-02   4*x^9   16
  12     29   1.193e-02   4*x^7   16*x^2
  12     30   1.164e-02   4*x^7   16
  12     31   1.177e-02   4*x^6   16*x^2
  12     32   1.169e-02   4*x^7   16*x^3
  12     33   1.202e-02   4*x^7   16*x^3
  12     34   1.206e-02   4*x^7   16*x^3
  12     35   1.176e-02   4*x^7   16*x^3
  12     36   1.118e-02   4*x^7   16*x^3
  12     37   1.160e-02   4*x^7   16*x^3
  12     38   1.178e-02   4*x^7   16*x^3
  12     39   1.287e-02   4*x^11   16
  12     40   1.315e-02   4*x^8   16

  13      1   9.601e-03   x   1
  13      2   1.138e-02   100*x   101
  13      3   1.481e-02   16*x^13   32
  13      4   1.336e-02   29*x^13   5
  13      5   1.662e-02   76*x^13   42
  13      6   1.672e-02   53*x^13   4
  13      7   1.761e-02   61*x^13   20
  13      8   1.740e-02   32*x^13   19
  13      9   1.655e-02   x^13   6
  13     10   1.759e-02   6*x^13   65
  13     11   1.710e-02   12*x^13   12
  13     12   1.638e-02   4*x^13   5
  13     13   1.755e-02   9*x^13   53
  13     14   1.723e-02   54*x^13   12
  13     15   1.673e-02   37*x^13   42
  13     16   1.603e-02   37*x^13   42
  13     17   1.748e-02   62*x^13   11
  13     18   1.347e-02   13*x^13   13
  13     19   1.596e-02   4*x^13   2
  13     20   1.585e-02   8*x^13   36
  13     21   1.642e-02   32*x^13   50
  13     22   1.381e-02   4*x^11   16*x
  13     23   1.197e-02   4*x^11   16*x
  13     24   1.254e-02   4*x^13   16*x
  13     25   1.277e-02   4*x^7   16*x
  13     26   1.256e-02   4*x^7   16*x
  13     27   1.201e-02   4*x^7   16*x
  13     28   1.343e-02   4*x^9   16
  13     29   1.187e-02   4*x^7   16*x^2
  13     30   1.402e-02   4*x^7   16
  13     31   1.145e-02   4*x^6   16*x^2
  13     32   1.045e-02   4*x^7   16*x^3
  13     33   1.245e-02   4*x^7   16*x^3
  13     34   1.217e-02   4*x^7   16*x^3
  13     35   1.012e-02   4*x^7   16*x^3
  13     36   1.231e-02   4*x^7   16*x^3
  13     37   1.105e-02   4*x^7   16*x^3
  13     38   1.047e-02   4*x^7   16*x^3
  13     39   1.358e-02   4*x^11   16
  13     40   1.305e-02   4*x^13   16

  14      1   9.968e-03   x   1
  14      2   1.136e-02   100*x   101
  14      3   1.632e-02   68*x^14   34
  14      4   1.691e-02   20*x^14   6
  14      5   1.673e-02   18*x^14   25
  14      6   1.924e-02   42*x^14   8
  14      7   1.724e-02   10*x^14   69
  14      8   1.895e-02   11*x^14   7
  14      9   1.815e-02   27*x^14   57
  14     10   1.627e-02   9*x^14   8
  14     11   1.789e-02   5*x^14   49
  14     12   1.931e-02   15*x^14   21
  14     13   1.727e-02   x^14   14
  14     14   1.931e-02   3*x^14   24
  14     15   1.843e-02   68*x^14   8
  14     16   1.816e-02   68*x^14   8
  14     17   1.631e-02   30*x^14   2
  14     18   1.880e-02   8*x^14   13
  14     19   1.726e-02   44*x^14   35
  14     20   1.903e-02   11*x^14   55
  14     21   1.683e-02   49*x^14   63
  14     22   1.552e-02   39*x^14   47
  14     23   1.543e-02   39*x^14   47
  14     24   1.444e-02   5*x^14   2
  14     25   1.182e-02   4*x^7   16*x
  14     26   1.295e-02   4*x^7   16*x
  14     27   1.377e-02   4*x^7   16*x
  14     28   1.177e-02   4*x^9   16
  14     29   1.316e-02   4*x^7   16*x^2
  14     30   1.292e-02   4*x^7   16
  14     31   1.306e-02   4*x^6   16*x^2
  14     32   1.347e-02   4*x^7   16*x^3
  14     33   1.294e-02   4*x^7   16*x^3
  14     34   1.262e-02   4*x^7   16*x^3
  14     35   1.286e-02   4*x^7   16*x^3
  14     36   1.283e-02   4*x^7   16*x^3
  14     37   1.159e-02   4*x^7   16*x^3
  14     38   1.284e-02   4*x^7   16*x^3
  14     39   1.415e-02   4*x^14   16*x^3
  14     40   1.381e-02   4*x^13   16

  15      1   9.782e-03   x   1
  15      2   1.251e-02   2*x^15   2
  15      3   1.903e-02   22*x^15   18
  15      4   1.749e-02   13*x^15   21
  15      5   2.027e-02   3*x^15   7
  15      6   2.099e-02   28*x^15   3
  15      7   2.030e-02   42*x^15   31
  15      8   1.767e-02   9*x^15   17
  15      9   1.777e-02   26*x^15   45
  15     10   1.930e-02   3*x^15   31
  15     11   1.756e-02   5*x^15   49
  15     12   2.073e-02   5*x^15   21
  15     13   2.071e-02   x^15   14*x
  15     14   1.850e-02   12*x^15   50
  15     15   2.046e-02   25*x^15   29
  15     16   2.074e-02   25*x^15   29
  15     17   1.771e-02   15*x^15   15
  15     18   2.069e-02   14*x^15   47
  15     19   2.006e-02   12*x^15   37
  15     20   1.849e-02   5*x^15   9
  15     21   2.059e-02   22*x^15   8
  15     22   1.630e-02   12*x^15   2
  15     23   1.795e-02   12*x^15   2
  15     24   1.544e-02   7*x^15   44
  15     25   1.407e-02   4*x^7   16*x
  15     26   1.386e-02   4*x^7   16*x
  15     27   1.368e-02   4*x^7   16*x
  15     28   1.397e-02   4*x^9   16
  15     29   1.397e-02   4*x^7   16*x^2
  15     30   1.154e-02   4*x^7   16
  15     31   1.167e-02   4*x^6   16*x^2
  15     32   1.147e-02   4*x^7   16*x^3
  15     33   1.352e-02   4*x^7   16*x^3
  15     34   1.178e-02   4*x^7   16*x^3
  15     35   1.324e-02   4*x^7   16*x^3
  15     36   1.366e-02   4*x^7   16*x^3
  15     37   1.356e-02   4*x^7   16*x^3
  15     38   1.328e-02   4*x^7   16*x^3
  15     39   1.550e-02   4*x^14   16*x^3
  15     40   1.294e-02   4*x^13   16

  16      1   1.008e-02   x   1
  16      2   1.229e-02   2*x^16   6
  16      3   1.887e-02   16*x^16   20
  16      4   1.993e-02   4*x^16   21
  16      5   2.051e-02   41*x^16   22
  16      6   2.529e-02   7*x^16   2
  16      7   2.217e-02   42*x^15   31
  16      8   2.119e-02   3*x^16   8
  16      9   2.106e-02   5*x^16   41
  16     10   2.189e-02   5*x^16   3
  16     11   1.924e-02   6*x^16   31
  16     12   2.194e-02   15*x^16   24
  16     13   2.191e-02   2*x^16   10
  16     14   2.244e-02   38*x^16   21
  16     15   2.221e-02   31*x^16   22
  16     16   2.227e-02   31*x^16   22
  16     17   2.259e-02   3*x^16   12
  16     18   2.003e-02   12*x^16   21
  16     19   2.067e-02   27*x^16   11
  16     20   1.854e-02   x^16   20
  16     21   1.699e-02   19*x^16   10
  16     22   1.638e-02   6*x^16   32
  16     23   1.899e-02   6*x^16   32
  16     24   1.799e-02   15*x^16   40
  16     25   1.480e-02   4*x^7   16*x
  16     26   1.441e-02   4*x^7   16*x
  16     27   1.330e-02   4*x^7   16*x
  16     28   1.469e-02   4*x^9   16
  16     29   1.428e-02   4*x^7   16*x^2
  16     30   1.433e-02   4*x^7   16
  16     31   1.454e-02   4*x^6   16*x^2
  16     32   1.421e-02   4*x^7   16*x^3
  16     33   1.398e-02   4*x^7   16*x^3
  16     34   1.417e-02   4*x^7   16*x^3
  16     35   1.416e-02   4*x^7   16*x^3
  16     36   1.399e-02   4*x^7   16*x^3
  16     37   1.407e-02   4*x^7   16*x^3
  16     38   1.446e-02   4*x^7   16*x^3
  16     39   1.611e-02   4*x^14   16*x^3
  16     40   1.538e-02   4*x^13   16

  17      1   9.987e-03   x   1
  17      2   1.492e-02   13*x^17   18
  17      3   2.498e-02   8*x^17   1
  17      4   2.375e-02   5*x^17   1
  17      5   2.104e-02   x^17   1
  17      6   2.134e-02   x^17   34
  17      7   2.473e-02   11*x^17   5
  17      8   2.039e-02   4*x^17   14
  17      9   2.109e-02   7*x^17   13
  17     10   2.045e-02   6*x^17   4
  17     11   2.512e-02   5*x^17   4
  17     12   2.429e-02   7*x^17   1
  17     13   2.610e-02   15*x^17   5
  17     14   2.060e-02   4*x^17   19
  17     15   2.526e-02   x^17   7
  17     16   2.110e-02   x^17   7
  17     17   2.096e-02   5*x^17   24
  17     18   2.329e-02   11*x^17   32
  17     19   1.965e-02   4*x^17   6
  17     20   2.003e-02   x^16   20
  17     21   1.894e-02   3*x^17   10
  17     22   1.906e-02   22*x^17   5
  17     23   1.804e-02   22*x^17   5
  17     24   2.177e-02   8*x^17   1
  17     25   1.676e-02   15*x^17   24
  17     26   1.602e-02   15*x^17   24
  17     27   1.642e-02   15*x^17   24
  17     28   1.355e-02   4*x^9   16
  17     29   1.428e-02   4*x^7   16*x^2
  17     30   1.494e-02   4*x^7   16
  17     31   1.481e-02   4*x^6   16*x^2
  17     32   1.455e-02   4*x^7   16*x^3
  17     33   1.459e-02   4*x^7   16*x^3
  17     34   1.420e-02   4*x^7   16*x^3
  17     35   1.493e-02   4*x^7   16*x^3
  17     36   1.324e-02   4*x^7   16*x^3
  17     37   1.333e-02   4*x^7   16*x^3
  17     38   1.263e-02   4*x^7   16*x^3
  17     39   1.460e-02   4*x^17   16
  17     40   1.495e-02   4*x^13   16

  18      1   1.046e-02   x   1
  18      2   1.804e-02   8*x^18   4
  18      3   2.737e-02   3*x^18   10
  18      4   2.479e-02   3*x^18   2
  18      5   2.322e-02   9*x^18   6
  18      6   2.542e-02   x^18   23
  18      7   2.391e-02   x^18   6
  18      8   2.214e-02   11*x^18   17
  18      9   2.472e-02   7*x^18   13*x
  18     10   2.564e-02   11*x^18   2
  18     11   2.832e-02   2*x^18   21
  18     12   2.750e-02   8*x^18   6
  18     13   2.615e-02   4*x^18   1
  18     14   2.436e-02   2*x^18   11
  18     15   2.312e-02   x^18   15
  18     16   2.507e-02   x^18   15
  18     17   2.347e-02   3*x^18   27
  18     18   2.541e-02   14*x^18   2
  18     19   2.379e-02   2*x^18   17
  18     20   2.450e-02   3*x^18   7
  18     21   2.317e-02   4*x^18   5
  18     22   2.299e-02   3*x^18   3
  18     23   2.284e-02   3*x^18   3
  18     24   1.758e-02   11*x^18   14
  18     25   1.984e-02   x^18   10
  18     26   1.513e-02   x^18   10
  18     27   1.954e-02   x^18   10
  18     28   1.658e-02   21*x^18   18
  18     29   1.495e-02   4*x^7   16*x^2
  18     30   1.392e-02   4*x^7   16
  18     31   1.305e-02   4*x^6   16*x^2
  18     32   1.295e-02   4*x^7   16*x^3
  18     33   1.594e-02   4*x^7   16*x^3
  18     34   1.535e-02   4*x^7   16*x^3
  18     35   1.630e-02   4*x^7   16*x^3
  18     36   1.270e-02   4*x^7   16*x^3
  18     37   1.269e-02   4*x^7   16*x^3
  18     38   1.493e-02   4*x^7   16*x^3
  18     39   1.799e-02   4*x^18   16
  18     40   1.853e-02   4*x^18   16

  19      1   8.828e-03   x   1
  19      2   2.455e-02   13*x^19   5
  19      3   2.467e-02   4*x^19   19
  19      4   2.970e-02   9*x^19   9
  19      5   2.420e-02   x^19   9
  19      6   3.140e-02   2*x^19   10
  19      7   2.440e-02   x^18   6
  19      8   2.513e-02   4*x^19   5
  19      9   2.864e-02   7*x^18   13*x
  19     10   2.888e-02   x^19   2
  19     11   2.662e-02   7*x^19   4
  19     12   2.415e-02   6*x^19   8
  19     13   2.593e-02   8*x^19   6
  19     14   2.440e-02   3*x^19   13
  19     15   2.535e-02   3*x^19   1
  19     16   2.493e-02   3*x^19   1
  19     17   2.829e-02   7*x^19   8
  19     18   2.699e-02   2*x^19   5
  19     19   2.419e-02   2*x^19   7
  19     20   2.509e-02   3*x^18   7
  19     21   2.969e-02   14*x^19   6
  19     22   2.518e-02   17*x^19   3
  19     23   2.472e-02   17*x^19   3
  19     24   2.124e-02   x^19   22
  19     25   1.940e-02   5*x^19   6
  19     26   1.986e-02   5*x^19   6
  19     27   1.989e-02   5*x^19   6
  19     28   1.941e-02   21*x^18   18
  19     29   1.679e-02   2*x^19   12
  19     30   1.463e-02   4*x^7   16
  19     31   1.562e-02   4*x^6   16*x^2
  19     32   1.427e-02   4*x^7   16*x^3
  19     33   1.332e-02   4*x^7   16*x^3
  19     34   1.395e-02   4*x^7   16*x^3
  19     35   1.645e-02   4*x^7   16*x^3
  19     36   1.492e-02   4*x^7   16*x^3
  19     37   1.626e-02   4*x^7   16*x^3
  19     38   1.678e-02   4*x^7   16*x^3
  19     39   1.840e-02   4*x^18   16
  19     40   1.601e-02   4*x^18   16

  20      1   1.054e-02   x   1
  20      2   2.389e-02   13*x^19   5
  20      3   2.539e-02   4*x^19   19
  20      4   2.756e-02   3*x^20   15
  20      5   2.991e-02   x^20   11
  20      6   2.939e-02   3*x^20   8
  20      7   2.857e-02   7*x^19   8
  20      8   2.884e-02   x^20   16
  20      9   2.750e-02   6*x^20   18
  20     10   3.106e-02   2*x^20   8
  20     11   2.904e-02   4*x^20   5
  20     12   3.083e-02   6*x^19   8
  20     13   2.858e-02   4*x^20   1
  20     14   3.036e-02   2*x^20   2
  20     15   2.912e-02   3*x^20   7
  20     16   3.160e-02   3*x^20   7
  20     17   2.943e-02   7*x^19   8
  20     18   3.176e-02   15*x^20   10
  20     19   2.792e-02   2*x^19   7
  20     20   3.093e-02   2*x^20   4
  20     21   2.719e-02   9*x^20   7
  20     22   2.563e-02   x^20   4
  20     23   2.533e-02   x^20   4
  20     24   2.517e-02   11*x^20   15
  20     25   2.316e-02   6*x^20   9
  20     26   2.392e-02   6*x^20   9
  20     27   2.474e-02   6*x^20   9
  20     28   2.201e-02   2*x^20   3
  20     29   1.633e-02   2*x^20   12
  20     30   1.694e-02   x^20   6
  20     31   1.531e-02   4*x^6   16*x^2
  20     32   1.277e-02   4*x^7   16*x^3
  20     33   1.637e-02   4*x^7   16*x^3
  20     34   1.384e-02   4*x^7   16*x^3
  20     35   1.495e-02   4*x^7   16*x^3
  20     36   1.501e-02   4*x^7   16*x^3
  20     37   1.715e-02   4*x^7   16*x^3
  20     38   1.624e-02   4*x^7   16*x^3
  20     39   2.270e-02   4*x^20   16
  20     40   2.102e-02   4*x^18   16

