   1      1   7.469e-03   5*x   6
   1      2   7.118e-03   5*x   6
   1      3   6.934e-03   500*x   601
   1      4   6.947e-03   500*x   601
   1      5   6.865e-03   25000*x   30051
   1      6   6.841e-03   1000000*x   1202041
   1      7   6.579e-03   1000000*x   1202041
   1      8   7.032e-03   50000000*x   60102051
   1      9   7.141e-03   250000000*x   300510257
   1     10   6.843e-03   625000000*x   751275643
   1     11   6.767e-03   50000000000*x   60102051443
   1     12   6.512e-03   1000000000000*x   1202041028867
   1     13   7.651e-03   312500000000*x   375637821521
   1     14   7.206e-03   12500000000000*x   15025512860841
   1     15   7.415e-03   1000000000000000*x   1202041028867287
   1     16   7.003e-03   668364340144621*x   803401359085646
   1     17   7.128e-03   668364340144621*x   803401359085646
   1     18   6.738e-03   304376149541475*x   365872619957498
   1     19   6.561e-03   605546007698107*x   727891146119911
   1     20   7.037e-03   871495487402409*x   1047573332330390
   1     21   6.861e-03   871495487402409*x   1047573332330390
   1     22   6.986e-03   594302710056611*x   714376241055066
   1     23   6.498e-03   76893836185064*x   92429545961447
   1     24   7.213e-03   1749708174461881*x   2103221014247663
   1     25   6.593e-03   158474209095359*x   190492501349915
   1     26   6.758e-03   158474209095359*x   190492501349915
   1     27   7.017e-03   837489347677576*x   1006696557147747
   1     28   7.074e-03   447072356258065*x   537399315094567
   1     29   6.881e-03   1130514401112317*x   1358924693862335
   1     30   6.716e-03   433791637441960*x   521435346184759

   2      1   7.362e-03   5*x^2   6*x
   2      2   7.663e-03   5*x^2   6*x
   2      3   6.576e-03   500*x^2   601
   2      4   6.934e-03   500*x^2   601
   2      5   7.079e-03   25000*x^2   30051
   2      6   6.615e-03   1000000*x^2   1202041
   2      7   6.929e-03   1000000*x^2   1202041
   2      8   7.060e-03   50000000*x^2   60102051*x
   2      9   7.165e-03   250000000*x^2   300510257*x
   2     10   7.354e-03   625000000*x^2   751275643*x
   2     11   6.721e-03   4410901245*x^2   792608588
   2     12   7.186e-03   5763577907*x^2   2027538239
   2     13   6.967e-03   8322795481*x^2   3295289707
   2     14   7.168e-03   3587348415*x^2   149916841
   2     15   7.290e-03   1664963694*x^2   4083107825
   2     16   6.948e-03   7070043403*x^2   382432140
   2     17   6.993e-03   7070043403*x^2   382432140
   2     18   6.827e-03   466901212*x^2   1809096753
   2     19   7.398e-03   1578645135*x^2   7104882604
   2     20   7.994e-03   2238700289*x^2   1662638256
   2     21   6.684e-03   2238700289*x^2   1662638256
   2     22   6.623e-03   x^2   25
   2     23   6.834e-03   x^2   25
   2     24   7.082e-03   x^2   25
   2     25   6.865e-03   x^2   25
   2     26   7.250e-03   x^2   25
   2     27   6.678e-03   x^2   25
   2     28   7.324e-03   x^2   25
   2     29   6.816e-03   x^2   25
   2     30   7.435e-03   x^2   25

   3      1   7.305e-03   5*x^3   6*x^2
   3      2   7.220e-03   5*x^3   6*x^2
   3      3   7.201e-03   500*x^2   601
   3      4   9.406e-03   500*x^2   601
   3      5   7.022e-03   25000*x^2   30051
   3      6   7.064e-03   1000000*x^2   1202041
   3      7   7.315e-03   1000000*x^2   1202041
   3      8   7.094e-03   15091149*x^3   4447687
   3      9   7.014e-03   12083022*x^3   18727797
   3     10   7.136e-03   4623266*x^3   38259551
   3     11   7.074e-03   142660*x^3   34160401
   3     12   7.565e-03   13492542*x^3   24263373
   3     13   7.364e-03   20108548*x^3   1268584
   3     14   6.922e-03   24855693*x^3   23390710
   3     15   6.898e-03   2620148*x^3   2170911
   3     16   7.437e-03   2828010*x^3   41749903
   3     17   6.926e-03   2828010*x^3   41749903
   3     18   7.124e-03   48015*x^3   1442900
   3     19   6.585e-03   48015*x^3   1442900
   3     20   6.876e-03   9701*x^3   291525
   3     21   7.210e-03   9701*x^3   291525
   3     22   7.045e-03   9701*x^3   291525
   3     23   6.849e-03   490*x^3   14725
   3     24   7.905e-03   490*x^3   14725
   3     25   7.651e-03   5*x^3   150
   3     26   7.317e-03   5*x^3   150
   3     27   7.251e-03   5*x^3   150
   3     28   7.003e-03   5*x^3   150
   3     29   6.873e-03   x^3   25
   3     30   6.934e-03   x^2   25

   4      1   7.160e-03   5*x^3   6*x^2
   4      2   7.060e-03   5*x^3   6*x^2
   4      3   6.814e-03   500*x^2   601
   4      4   7.115e-03   500*x^2   601
   4      5   7.762e-03   25000*x^2   30051
   4      6   7.437e-03   1000000*x^2   1202041
   4      7   9.650e-02   1000000*x^2   1202041
   4      8   7.973e-03   313703*x^4   27183
   4      9   7.877e-03   103440*x^4   775925
   4     10   8.016e-03   731719*x^4   523113
   4     11   7.147e-03   353795*x^4   93504
   4     12   7.506e-03   478175*x^4   203735
   4     13   7.006e-03   360743*x^4   1293645
   4     14   7.382e-03   x^4   625
   4     15   7.057e-03   x^4   625
   4     16   7.609e-03   x^4   625
   4     17   7.340e-03   x^4   625
   4     18   7.216e-03   x^4   625
   4     19   8.207e-03   x^4   625
   4     20   7.277e-03   x^4   625
   4     21   7.014e-03   x^4   625
   4     22   7.137e-03   x^4   625
   4     23   6.945e-03   x^4   625
   4     24   7.423e-03   x^4   625
   4     25   6.808e-03   5*x^4   150
   4     26   7.382e-03   5*x^4   150
   4     27   7.185e-03   5*x^3   150
   4     28   7.099e-03   5*x^4   150
   4     29   7.315e-03   x^4   25
   4     30   6.836e-03   x^4   25

   5      1   6.959e-03   5*x^3   6*x^2
   5      2   7.139e-03   5*x^3   6*x^2
   5      3   7.064e-03   500*x^2   601
   5      4   7.444e-03   500*x^2   601
   5      5   7.311e-03   25000*x^2   30051
   5      6   7.766e-03   12722*x^5   31150
   5      7   7.503e-03   12722*x^5   31150
   5      8   7.007e-03   46858*x^5   11515
   5      9   7.366e-03   46003*x^5   2144
   5     10   7.246e-03   11022*x^5   105891
   5     11   7.781e-03   60539*x^5   36523
   5     12   7.165e-03   20381*x^5   98049
   5     13   7.715e-03   18584*x^5   3926
   5     14   7.413e-03   5*x^5   3750
   5     15   7.186e-03   x^5   625*x
   5     16   7.277e-03   x^5   625
   5     17   7.284e-03   x^5   625
   5     18   7.980e-03   x^5   625
   5     19   6.958e-03   x^5   625
   5     20   7.027e-03   x^5   625
   5     21   7.531e-03   x^5   625
   5     22   6.963e-03   x^5   625
   5     23   8.188e-03   x^5   625
   5     24   8.166e-03   x^5   625
   5     25   8.014e-03   2*x^5   75
   5     26   6.589e-03   2*x^5   75
   5     27   7.798e-03   3*x^5   100
   5     28   7.658e-03   3*x^5   100
   5     29   8.300e-03   x^5   50
   5     30   8.052e-03   x^5   25

   6      1   8.334e-03   5*x^3   6*x^2
   6      2   8.121e-03   5*x^3   6*x^2
   6      3   7.207e-03   500*x^2   601
   6      4   7.581e-03   500*x^2   601
   6      5   7.303e-03   2799*x^6   1639
   6      6   7.669e-03   9260*x^6   8305
   6      7   7.248e-03   9260*x^6   8305
   6      8   7.735e-03   4032*x^6   4256
   6      9   7.689e-03   5358*x^6   1342
   6     10   7.563e-03   2299*x^6   3325
   6     11   7.683e-03   11427*x^6   4079
   6     12   7.476e-03   13758*x^6   5679
   6     13   7.360e-03   5367*x^6   15974
   6     14   7.082e-03   x^6   625
   6     15   7.504e-03   x^6   625*x^2
   6     16   7.623e-03   x^6   625*x
   6     17   7.339e-03   x^6   625*x
   6     18   7.090e-03   x^6   625
   6     19   6.753e-03   x^6   625*x
   6     20   7.029e-03   x^6   625*x
   6     21   7.357e-03   x^6   625*x
   6     22   7.319e-03   x^6   625*x
   6     23   7.977e-03   5*x^6   225
   6     24   7.371e-03   5*x^6   225
   6     25   7.360e-03   2*x^5   75
   6     26   7.583e-03   2*x^5   75
   6     27   7.179e-03   x^6   50
   6     28   7.400e-03   x^6   50
   6     29   7.229e-03   x^6   50*x
   6     30   7.060e-03   x^5   25

   7      1   8.110e-03   5*x^3   6*x^2
   7      2   8.291e-03   5*x^3   6*x^2
   7      3   6.911e-03   500*x^2   601
   7      4   8.103e-03   500*x^2   601
   7      5   7.393e-03   2179*x^7   3671
   7      6   8.322e-03   1885*x^7   814
   7      7   9.182e-03   1885*x^7   814
   7      8   8.325e-03   1443*x^7   2069
   7      9   8.632e-03   2201*x^7   283
   7     10   7.683e-03   4862*x^7   211
   7     11   8.010e-03   2829*x^7   2732
   7     12   8.115e-03   1958*x^7   4640
   7     13   7.481e-03   2*x^7   1875
   7     14   7.680e-03   x^7   1250
   7     15   8.337e-03   x^7   625
   7     16   7.670e-03   x^6   625*x
   7     17   8.317e-03   x^6   625*x
   7     18   7.008e-03   x^7   625
   7     19   8.117e-03   x^6   625*x
   7     20   7.655e-03   x^7   625
   7     21   7.404e-03   x^7   625
   7     22   7.821e-03   x^7   625
   7     23   7.158e-03   9*x^7   50
   7     24   7.348e-03   4*x^7   275
   7     25   7.384e-03   x^7   50
   7     26   7.339e-03   x^7   50
   7     27   7.372e-03   x^6   50
   7     28   7.101e-03   2*x^7   25*x
   7     29   7.434e-03   x^7   25
   7     30   8.174e-03   x^5   25

   8      1   7.725e-03   5*x^3   6*x^2
   8      2   7.166e-03   5*x^3   6*x^2
   8      3   7.229e-03   500*x^2   601
   8      4   7.550e-03   500*x^2   601
   8      5   8.182e-03   717*x^8   736
   8      6   7.963e-03   475*x^8   1179
   8      7   9.158e-03   475*x^8   1179
   8      8   8.479e-03   1515*x^8   1787
   8      9   8.609e-03   1264*x^8   431
   8     10   8.388e-03   113*x^8   1325
   8     11   8.193e-03   620*x^8   133
   8     12   8.077e-03   255*x^8   735
   8     13   8.179e-03   304*x^8   653
   8     14   8.131e-03   1124*x^8   1939
   8     15   7.727e-03   x^8   625
   8     16   7.507e-03   x^6   625*x
   8     17   8.214e-03   x^6   625*x
   8     18   8.343e-03   x^7   625
   8     19   8.492e-03   x^6   625*x
   8     20   7.598e-03   x^8   100
   8     21   6.835e-03   x^8   100
   8     22   7.104e-03   x^8   100
   8     23   7.074e-03   x^8   100
   8     24   7.697e-03   x^8   100
   8     25   7.019e-03   2*x^8   50
   8     26   7.561e-03   2*x^8   50
   8     27   7.527e-03   x^8   25*x
   8     28   7.196e-03   x^8   25
   8     29   7.101e-03   x^8   25
   8     30   7.453e-03   x^5   25

   9      1   7.521e-03   5*x^3   6*x^2
   9      2   7.209e-03   5*x^3   6*x^2
   9      3   7.079e-03   500*x^2   601
   9      4   7.656e-03   500*x^2   601
   9      5   8.086e-03   46*x^9   95
   9      6   8.939e-03   135*x^9   501
   9      7   9.372e-03   135*x^9   501
   9      8   8.705e-03   350*x^9   474
   9      9   9.654e-03   385*x^9   448
   9     10   9.639e-03   189*x^9   264
   9     11   9.779e-03   490*x^9   60
   9     12   8.668e-03   67*x^9   220
   9     13   8.763e-03   264*x^9   46
   9     14   7.891e-03   401*x^9   316
   9     15   7.771e-03   x^9   625
   9     16   7.859e-03   x^9   625*x^2
   9     17   7.746e-03   x^9   625*x^2
   9     18   7.787e-03   x^7   625
   9     19   7.678e-03   5*x^9   25
   9     20   8.001e-03   x^9   100
   9     21   7.930e-03   x^9   100
   9     22   7.834e-03   x^8   100
   9     23   7.461e-03   2*x^9   125
   9     24   7.639e-03   x^9   75
   9     25   7.576e-03   x^9   25
   9     26   7.371e-03   x^9   25
   9     27   7.927e-03   x^9   25
   9     28   7.592e-03   x^9   25
   9     29   7.303e-03   x^9   25
   9     30   6.969e-03   x^5   25

  10      1   7.193e-03   5*x^3   6*x^2
  10      2   7.570e-03   5*x^3   6*x^2
  10      3   7.523e-03   500*x^2   601
  10      4   7.833e-03   500*x^2   601
  10      5   9.247e-03   180*x^10   299
  10      6   9.875e-03   297*x^10   235
  10      7   8.922e-03   297*x^10   235
  10      8   9.263e-03   242*x^10   134
  10      9   9.809e-03   7*x^10   191
  10     10   9.316e-03   61*x^10   39
  10     11   9.904e-03   26*x^10   42
  10     12   9.042e-03   110*x^10   235
  10     13   9.468e-03   92*x^10   129
  10     14   9.155e-03   346*x^10   259
  10     15   8.883e-03   94*x^10   333
  10     16   9.196e-03   3*x^10   192
  10     17   8.660e-03   3*x^10   192
  10     18   8.082e-03   5*x^10   600
  10     19   8.695e-03   10*x^10   50
  10     20   7.740e-03   x^10   125
  10     21   7.879e-03   x^10   125
  10     22   7.850e-03   x^10   100
  10     23   7.694e-03   x^10   100
  10     24   8.723e-03   x^9   75
  10     25   8.427e-03   x^9   25
  10     26   7.690e-03   x^9   25
  10     27   8.680e-03   x^10   25*x
  10     28   7.903e-03   x^9   25
  10     29   7.804e-03   x^10   25*x
  10     30   8.487e-03   x^5   25

