   4    100   1.284e-02   131050989125703488*x^4   16111275291582199
   4    101   1.075e-02   131050989125703488*x^4   16111275291582199
   4    102   1.053e-02   131050989125703488*x^4   16111275291582199
   4    103   1.142e-02   131050989125703488*x^4   16111275291582199
   4    104   1.025e-02   131050989125703488*x^4   16111275291582199
   4    105   1.096e-02   131050989125703488*x^4   16111275291582199
   4    106   1.083e-02   131050989125703488*x^4   16111275291582199
   4    107   1.072e-02   131050989125703488*x^4   16111275291582199
   4    108   1.206e-02   131050989125703488*x^4   16111275291582199
   4    109   1.090e-02   131050989125703488*x^4   16111275291582199
   4    110   9.897e-03   131050989125703488*x^4   16111275291582199
   4    111   1.039e-02   131050989125703488*x^4   16111275291582199
   4    112   1.063e-02   131050989125703488*x^4   16111275291582199
   4    113   1.055e-02   131050989125703488*x^4   16111275291582199
   4    114   1.114e-02   131050989125703488*x^4   16111275291582199
   4    115   1.060e-02   131050989125703488*x^4   16111275291582199
   4    116   1.142e-02   2396375938272265346668*x^4   890453760903426709709
   4    117   1.114e-02   2396375938272265346668*x^4   890453760903426709709
   4    118   1.044e-02   2396375938272265346668*x^4   890453760903426709709
   4    119   1.021e-02   2396375938272265346668*x^4   890453760903426709709
   4    120   1.044e-02   2396375938272265346668*x^4   890453760903426709709
   4    121   1.024e-02   2396375938272265346668*x^4   890453760903426709709
   4    122   9.978e-03   2396375938272265346668*x^4   890453760903426709709
   4    123   1.048e-02   2396375938272265346668*x^4   890453760903426709709
   4    124   1.042e-02   2396375938272265346668*x^4   890453760903426709709
   4    125   9.997e-03   2396375938272265346668*x^4   890453760903426709709
   4    126   1.002e-02   2396375938272265346668*x^4   890453760903426709709
   4    127   1.023e-02   2396375938272265346668*x^4   890453760903426709709
   4    128   9.779e-03   2396375938272265346668*x^4   890453760903426709709
   4    129   1.053e-02   2396375938272265346668*x^4   890453760903426709709
   4    130   1.077e-02   2396375938272265346668*x^4   890453760903426709709
   4    131   9.555e-03   2396375938272265346668*x^4   890453760903426709709
   4    132   9.888e-03   2396375938272265346668*x^4   890453760903426709709
   4    133   1.042e-02   2396375938272265346668*x^4   890453760903426709709
   4    134   1.172e-02   2396375938272265346668*x^4   890453760903426709709
   4    135   1.170e-02   785828392796314780790337*x^4   1238911329752544375211200
   4    136   1.158e-02   785828392796314780790337*x^4   1238911329752544375211200
   4    137   1.188e-02   785828392796314780790337*x^4   1238911329752544375211200
   4    138   1.147e-02   785828392796314780790337*x^4   1238911329752544375211200
   4    139   1.197e-02   785828392796314780790337*x^4   1238911329752544375211200
   4    140   1.166e-02   785828392796314780790337*x^4   1238911329752544375211200
   4    141   1.158e-02   785828392796314780790337*x^4   1238911329752544375211200
   4    142   1.163e-02   785828392796314780790337*x^4   1238911329752544375211200
   4    143   1.181e-02   785828392796314780790337*x^4   1238911329752544375211200
   4    144   1.158e-02   785828392796314780790337*x^4   1238911329752544375211200
   4    145   1.134e-02   785828392796314780790337*x^4   1238911329752544375211200
   4    146   1.172e-02   785828392796314780790337*x^4   1238911329752544375211200
   4    147   1.094e-02   785828392796314780790337*x^4   1238911329752544375211200
   4    148   1.185e-02   785828392796314780790337*x^4   1238911329752544375211200
   4    149   1.174e-02   785828392796314780790337*x^4   1238911329752544375211200
   4    150   1.131e-02   785828392796314780790337*x^4   1238911329752544375211200
   4    151   9.636e-03   785828392796314780790337*x^4   1238911329752544375211200
   4    152   1.009e-02   785828392796314780790337*x^4   1238911329752544375211200
   4    153   1.039e-02   785828392796314780790337*x^4   1238911329752544375211200
   4    154   1.199e-02   785828392796314780790337*x^4   1238911329752544375211200
   4    155   1.187e-02   2267108503744048692459815568*x^4   636202265966831732503491073
   4    156   9.893e-03   2267108503744048692459815568*x^4   636202265966831732503491073
   4    157   9.681e-03   2267108503744048692459815568*x^4   636202265966831732503491073
   4    158   1.071e-02   2267108503744048692459815568*x^4   636202265966831732503491073
   4    159   1.202e-02   2267108503744048692459815568*x^4   636202265966831732503491073
   4    160   1.235e-02   2267108503744048692459815568*x^4   636202265966831732503491073
   4    161   1.204e-02   2267108503744048692459815568*x^4   636202265966831732503491073
   4    162   1.191e-02   2267108503744048692459815568*x^4   636202265966831732503491073
   4    163   1.164e-02   2267108503744048692459815568*x^4   636202265966831732503491073
   4    164   1.247e-02   2267108503744048692459815568*x^4   636202265966831732503491073
   4    165   1.193e-02   2267108503744048692459815568*x^4   636202265966831732503491073
   4    166   1.196e-02   2267108503744048692459815568*x^4   636202265966831732503491073
   4    167   1.189e-02   2267108503744048692459815568*x^4   636202265966831732503491073
   4    168   1.199e-02   2267108503744048692459815568*x^4   636202265966831732503491073
   4    169   1.210e-02   2267108503744048692459815568*x^4   636202265966831732503491073
   4    170   1.190e-02   2267108503744048692459815568*x^4   636202265966831732503491073
   4    171   1.194e-02   2267108503744048692459815568*x^4   636202265966831732503491073
   4    172   1.169e-02   2267108503744048692459815568*x^4   636202265966831732503491073
   4    173   1.052e-02   2267108503744048692459815568*x^4   636202265966831732503491073
   4    174   1.103e-02   1010710737013370853437747986239*x^4   1698134080787741192110101115626
   4    175   1.051e-02   1010710737013370853437747986239*x^4   1698134080787741192110101115626
   4    176   1.199e-02   1010710737013370853437747986239*x^4   1698134080787741192110101115626
   4    177   1.116e-02   1010710737013370853437747986239*x^4   1698134080787741192110101115626
   4    178   1.181e-02   1010710737013370853437747986239*x^4   1698134080787741192110101115626
   4    179   1.244e-02   1010710737013370853437747986239*x^4   1698134080787741192110101115626
   4    180   1.173e-02   1010710737013370853437747986239*x^4   1698134080787741192110101115626
   4    181   1.213e-02   1010710737013370853437747986239*x^4   1698134080787741192110101115626
   4    182   1.185e-02   1010710737013370853437747986239*x^4   1698134080787741192110101115626
   4    183   1.218e-02   1010710737013370853437747986239*x^4   1698134080787741192110101115626
   4    184   1.226e-02   1010710737013370853437747986239*x^4   1698134080787741192110101115626
   4    185   1.206e-02   1010710737013370853437747986239*x^4   1698134080787741192110101115626
   4    186   1.201e-02   1010710737013370853437747986239*x^4   1698134080787741192110101115626
   4    187   1.057e-02   1010710737013370853437747986239*x^4   1698134080787741192110101115626
   4    188   1.081e-02   1010710737013370853437747986239*x^4   1698134080787741192110101115626
   4    189   1.003e-02   1010710737013370853437747986239*x^4   1698134080787741192110101115626
   4    190   1.005e-02   1010710737013370853437747986239*x^4   1698134080787741192110101115626
   4    191   1.045e-02   1010710737013370853437747986239*x^4   1698134080787741192110101115626
   4    192   1.091e-02   1010710737013370853437747986239*x^4   1698134080787741192110101115626
   4    193   1.211e-02   1599107657485265896759872746129281*x^4   6391773213490057445918358282906109
   4    194   1.277e-02   1599107657485265896759872746129281*x^4   6391773213490057445918358282906109
   4    195   1.188e-02   1599107657485265896759872746129281*x^4   6391773213490057445918358282906109
   4    196   1.091e-02   1599107657485265896759872746129281*x^4   6391773213490057445918358282906109
   4    197   1.264e-02   1599107657485265896759872746129281*x^4   6391773213490057445918358282906109
   4    198   1.234e-02   1599107657485265896759872746129281*x^4   6391773213490057445918358282906109
   4    199   1.171e-02   1599107657485265896759872746129281*x^4   6391773213490057445918358282906109
   4    200   1.146e-02   1599107657485265896759872746129281*x^4   6391773213490057445918358282906109

   5    100   1.051e-02   323486073936173*x^5   1144093901291351
   5    101   1.067e-02   323486073936173*x^5   1144093901291351
   5    102   1.011e-02   323486073936173*x^5   1144093901291351
   5    103   1.083e-02   323486073936173*x^5   1144093901291351
   5    104   9.925e-03   323486073936173*x^5   1144093901291351
   5    105   9.944e-03   323486073936173*x^5   1144093901291351
   5    106   1.001e-02   323486073936173*x^5   1144093901291351
   5    107   1.168e-02   323486073936173*x^5   1144093901291351
   5    108   1.130e-02   323486073936173*x^5   1144093901291351
   5    109   1.099e-02   323486073936173*x^5   1144093901291351
   5    110   1.075e-02   323486073936173*x^5   1144093901291351
   5    111   1.011e-02   323486073936173*x^5   1144093901291351
   5    112   1.143e-02   323486073936173*x^5   1144093901291351
   5    113   1.105e-02   323486073936173*x^5   1144093901291351
   5    114   1.112e-02   323486073936173*x^5   1144093901291351
   5    115   1.165e-02   323486073936173*x^5   1144093901291351
   5    116   9.903e-03   13711212952210182*x^5   8002246462887200
   5    117   9.968e-03   13711212952210182*x^5   8002246462887200
   5    118   1.195e-02   13711212952210182*x^5   8002246462887200
   5    119   1.162e-02   13711212952210182*x^5   8002246462887200
   5    120   1.097e-02   13711212952210182*x^5   8002246462887200
   5    121   1.250e-02   13711212952210182*x^5   8002246462887200
   5    122   1.230e-02   13711212952210182*x^5   8002246462887200
   5    123   1.197e-02   13711212952210182*x^5   8002246462887200
   5    124   1.247e-02   13711212952210182*x^5   8002246462887200
   5    125   1.143e-02   13711212952210182*x^5   8002246462887200
   5    126   1.056e-02   13711212952210182*x^5   8002246462887200
   5    127   1.039e-02   13711212952210182*x^5   8002246462887200
   5    128   1.229e-02   13711212952210182*x^5   8002246462887200
   5    129   1.154e-02   13711212952210182*x^5   8002246462887200
   5    130   1.074e-02   13711212952210182*x^5   8002246462887200
   5    131   1.081e-02   13711212952210182*x^5   8002246462887200
   5    132   1.116e-02   13711212952210182*x^5   8002246462887200
   5    133   1.060e-02   13711212952210182*x^5   8002246462887200
   5    134   1.051e-02   13711212952210182*x^5   8002246462887200
   5    135   1.201e-02   169692793362128351825*x^5   76679156962458217143
   5    136   1.305e-02   169692793362128351825*x^5   76679156962458217143
   5    137   1.228e-02   169692793362128351825*x^5   76679156962458217143
   5    138   1.079e-02   169692793362128351825*x^5   76679156962458217143
   5    139   1.274e-02   169692793362128351825*x^5   76679156962458217143
   5    140   1.188e-02   169692793362128351825*x^5   76679156962458217143
   5    141   1.064e-02   169692793362128351825*x^5   76679156962458217143
   5    142   1.048e-02   169692793362128351825*x^5   76679156962458217143
   5    143   1.233e-02   169692793362128351825*x^5   76679156962458217143
   5    144   1.185e-02   169692793362128351825*x^5   76679156962458217143
   5    145   9.014e-03   169692793362128351825*x^5   76679156962458217143
   5    146   1.283e-02   169692793362128351825*x^5   76679156962458217143
   5    147   1.275e-02   169692793362128351825*x^5   76679156962458217143
   5    148   1.029e-02   169692793362128351825*x^5   76679156962458217143
   5    149   1.192e-02   169692793362128351825*x^5   76679156962458217143
   5    150   1.311e-02   169692793362128351825*x^5   76679156962458217143
   5    151   1.268e-02   169692793362128351825*x^5   76679156962458217143
   5    152   1.315e-02   169692793362128351825*x^5   76679156962458217143
   5    153   1.290e-02   169692793362128351825*x^5   76679156962458217143
   5    154   1.244e-02   169692793362128351825*x^5   76679156962458217143
   5    155   1.345e-02   9404585433839004211018*x^5   39418437705912052355306
   5    156   1.343e-02   9404585433839004211018*x^5   39418437705912052355306
   5    157   1.347e-02   9404585433839004211018*x^5   39418437705912052355306
   5    158   1.327e-02   9404585433839004211018*x^5   39418437705912052355306
   5    159   1.326e-02   9404585433839004211018*x^5   39418437705912052355306
   5    160   1.306e-02   9404585433839004211018*x^5   39418437705912052355306
   5    161   1.359e-02   9404585433839004211018*x^5   39418437705912052355306
   5    162   1.326e-02   9404585433839004211018*x^5   39418437705912052355306
   5    163   1.271e-02   9404585433839004211018*x^5   39418437705912052355306
   5    164   1.328e-02   9404585433839004211018*x^5   39418437705912052355306
   5    165   1.308e-02   9404585433839004211018*x^5   39418437705912052355306
   5    166   1.080e-02   9404585433839004211018*x^5   39418437705912052355306
   5    167   9.536e-03   9404585433839004211018*x^5   39418437705912052355306
   5    168   1.196e-02   9404585433839004211018*x^5   39418437705912052355306
   5    169   1.231e-02   9404585433839004211018*x^5   39418437705912052355306
   5    170   1.235e-02   9404585433839004211018*x^5   39418437705912052355306
   5    171   8.940e-03   9404585433839004211018*x^5   39418437705912052355306
   5    172   1.259e-02   9404585433839004211018*x^5   39418437705912052355306
   5    173   1.286e-02   9404585433839004211018*x^5   39418437705912052355306
   5    174   1.268e-02   12691406035503993633008640*x^5   8387050985081380712507714
   5    175   1.371e-02   12691406035503993633008640*x^5   8387050985081380712507714
   5    176   1.358e-02   12691406035503993633008640*x^5   8387050985081380712507714
   5    177   1.336e-02   12691406035503993633008640*x^5   8387050985081380712507714
   5    178   1.109e-02   12691406035503993633008640*x^5   8387050985081380712507714
   5    179   1.311e-02   12691406035503993633008640*x^5   8387050985081380712507714
   5    180   1.363e-02   12691406035503993633008640*x^5   8387050985081380712507714
   5    181   1.331e-02   12691406035503993633008640*x^5   8387050985081380712507714
   5    182   1.322e-02   12691406035503993633008640*x^5   8387050985081380712507714
   5    183   1.419e-02   12691406035503993633008640*x^5   8387050985081380712507714
   5    184   9.967e-03   12691406035503993633008640*x^5   8387050985081380712507714
   5    185   1.411e-02   12691406035503993633008640*x^5   8387050985081380712507714
   5    186   9.686e-03   12691406035503993633008640*x^5   8387050985081380712507714
   5    187   1.352e-02   12691406035503993633008640*x^5   8387050985081380712507714
   5    188   1.333e-02   12691406035503993633008640*x^5   8387050985081380712507714
   5    189   1.221e-02   12691406035503993633008640*x^5   8387050985081380712507714
   5    190   1.078e-02   12691406035503993633008640*x^5   8387050985081380712507714
   5    191   9.714e-03   12691406035503993633008640*x^5   8387050985081380712507714
   5    192   1.199e-02   12691406035503993633008640*x^5   8387050985081380712507714
   5    193   1.190e-02   9250562981200721835838625014*x^5   7282411529944804778451921779
   5    194   1.173e-02   9250562981200721835838625014*x^5   7282411529944804778451921779
   5    195   1.167e-02   9250562981200721835838625014*x^5   7282411529944804778451921779
   5    196   1.277e-02   9250562981200721835838625014*x^5   7282411529944804778451921779
   5    197   1.356e-02   9250562981200721835838625014*x^5   7282411529944804778451921779
   5    198   1.277e-02   9250562981200721835838625014*x^5   7282411529944804778451921779
   5    199   1.432e-02   9250562981200721835838625014*x^5   7282411529944804778451921779
   5    200   1.139e-02   9250562981200721835838625014*x^5   7282411529944804778451921779

   6    100   9.636e-03   9596033755744*x^6   75878605297
   6    101   1.140e-02   9596033755744*x^6   75878605297
   6    102   1.051e-02   9596033755744*x^6   75878605297
   6    103   1.304e-02   9596033755744*x^6   75878605297
   6    104   1.250e-02   9596033755744*x^6   75878605297
   6    105   1.213e-02   9596033755744*x^6   75878605297
   6    106   1.033e-02   9596033755744*x^6   75878605297
   6    107   1.320e-02   9596033755744*x^6   75878605297
   6    108   1.297e-02   9596033755744*x^6   75878605297
   6    109   1.194e-02   9596033755744*x^6   75878605297
   6    110   8.860e-03   9596033755744*x^6   75878605297
   6    111   1.188e-02   9596033755744*x^6   75878605297
   6    112   1.147e-02   9596033755744*x^6   75878605297
   6    113   1.304e-02   9596033755744*x^6   75878605297
   6    114   1.248e-02   9596033755744*x^6   75878605297
   6    115   1.333e-02   9596033755744*x^6   75878605297
   6    116   1.181e-02   192763671725816*x^6   547962119805147
   6    117   1.204e-02   192763671725816*x^6   547962119805147
   6    118   1.054e-02   192763671725816*x^6   547962119805147
   6    119   1.394e-02   192763671725816*x^6   547962119805147
   6    120   1.247e-02   192763671725816*x^6   547962119805147
   6    121   1.213e-02   192763671725816*x^6   547962119805147
   6    122   1.061e-02   192763671725816*x^6   547962119805147
   6    123   1.191e-02   192763671725816*x^6   547962119805147
   6    124   1.207e-02   192763671725816*x^6   547962119805147
   6    125   1.315e-02   192763671725816*x^6   547962119805147
   6    126   1.353e-02   192763671725816*x^6   547962119805147
   6    127   1.357e-02   192763671725816*x^6   547962119805147
   6    128   1.398e-02   192763671725816*x^6   547962119805147
   6    129   1.352e-02   192763671725816*x^6   547962119805147
   6    130   1.332e-02   192763671725816*x^6   547962119805147
   6    131   1.365e-02   192763671725816*x^6   547962119805147
   6    132   1.333e-02   192763671725816*x^6   547962119805147
   6    133   1.268e-02   192763671725816*x^6   547962119805147
   6    134   1.209e-02   192763671725816*x^6   547962119805147
   6    135   1.096e-02   143976223606889356*x^6   12534248458945198
   6    136   1.377e-02   143976223606889356*x^6   12534248458945198
   6    137   1.414e-02   143976223606889356*x^6   12534248458945198
   6    138   1.416e-02   143976223606889356*x^6   12534248458945198
   6    139   1.398e-02   143976223606889356*x^6   12534248458945198
   6    140   1.421e-02   143976223606889356*x^6   12534248458945198
   6    141   1.242e-02   143976223606889356*x^6   12534248458945198
   6    142   1.410e-02   143976223606889356*x^6   12534248458945198
   6    143   1.467e-02   143976223606889356*x^6   12534248458945198
   6    144   1.406e-02   143976223606889356*x^6   12534248458945198
   6    145   1.411e-02   143976223606889356*x^6   12534248458945198
   6    146   1.409e-02   143976223606889356*x^6   12534248458945198
   6    147   1.416e-02   143976223606889356*x^6   12534248458945198
   6    148   1.426e-02   143976223606889356*x^6   12534248458945198
   6    149   1.391e-02   143976223606889356*x^6   12534248458945198
   6    150   1.410e-02   143976223606889356*x^6   12534248458945198
   6    151   1.298e-02   143976223606889356*x^6   12534248458945198
   6    152   1.411e-02   143976223606889356*x^6   12534248458945198
   6    153   1.391e-02   143976223606889356*x^6   12534248458945198
   6    154   1.397e-02   143976223606889356*x^6   12534248458945198
   6    155   1.471e-02   1535226407193755657*x^6   34461779567697398911
   6    156   1.325e-02   1535226407193755657*x^6   34461779567697398911
   6    157   1.462e-02   1535226407193755657*x^6   34461779567697398911
   6    158   1.470e-02   1535226407193755657*x^6   34461779567697398911
   6    159   1.329e-02   1535226407193755657*x^6   34461779567697398911
   6    160   1.439e-02   1535226407193755657*x^6   34461779567697398911
   6    161   1.427e-02   1535226407193755657*x^6   34461779567697398911
   6    162   1.440e-02   1535226407193755657*x^6   34461779567697398911
   6    163   1.459e-02   1535226407193755657*x^6   34461779567697398911
   6    164   1.463e-02   1535226407193755657*x^6   34461779567697398911
   6    165   1.461e-02   1535226407193755657*x^6   34461779567697398911
   6    166   1.454e-02   1535226407193755657*x^6   34461779567697398911
   6    167   1.436e-02   1535226407193755657*x^6   34461779567697398911
   6    168   1.455e-02   1535226407193755657*x^6   34461779567697398911
   6    169   1.339e-02   1535226407193755657*x^6   34461779567697398911
   6    170   1.248e-02   1535226407193755657*x^6   34461779567697398911
   6    171   1.147e-02   1535226407193755657*x^6   34461779567697398911
   6    172   1.495e-02   1535226407193755657*x^6   34461779567697398911
   6    173   1.514e-02   1535226407193755657*x^6   34461779567697398911
   6    174   1.506e-02   934099918771854032300*x^6   274234942897555748477
   6    175   1.422e-02   934099918771854032300*x^6   274234942897555748477
   6    176   1.305e-02   934099918771854032300*x^6   274234942897555748477
   6    177   1.469e-02   934099918771854032300*x^6   274234942897555748477
   6    178   1.259e-02   934099918771854032300*x^6   274234942897555748477
   6    179   1.346e-02   934099918771854032300*x^6   274234942897555748477
   6    180   1.520e-02   934099918771854032300*x^6   274234942897555748477
   6    181   1.388e-02   934099918771854032300*x^6   274234942897555748477
   6    182   1.129e-02   934099918771854032300*x^6   274234942897555748477
   6    183   1.289e-02   934099918771854032300*x^6   274234942897555748477
   6    184   1.292e-02   934099918771854032300*x^6   274234942897555748477
   6    185   1.398e-02   934099918771854032300*x^6   274234942897555748477
   6    186   1.544e-02   934099918771854032300*x^6   274234942897555748477
   6    187   1.482e-02   934099918771854032300*x^6   274234942897555748477
   6    188   1.371e-02   934099918771854032300*x^6   274234942897555748477
   6    189   1.496e-02   934099918771854032300*x^6   274234942897555748477
   6    190   1.515e-02   934099918771854032300*x^6   274234942897555748477
   6    191   1.313e-02   934099918771854032300*x^6   274234942897555748477
   6    192   1.521e-02   934099918771854032300*x^6   274234942897555748477
   6    193   1.409e-02   309730051630808486836417*x^6   442663730752874535187927
   6    194   1.166e-02   309730051630808486836417*x^6   442663730752874535187927
   6    195   1.410e-02   309730051630808486836417*x^6   442663730752874535187927
   6    196   1.441e-02   309730051630808486836417*x^6   442663730752874535187927
   6    197   1.290e-02   309730051630808486836417*x^6   442663730752874535187927
   6    198   1.542e-02   309730051630808486836417*x^6   442663730752874535187927
   6    199   1.458e-02   309730051630808486836417*x^6   442663730752874535187927
   6    200   1.169e-02   309730051630808486836417*x^6   442663730752874535187927

   7    100   1.484e-02   66152994999*x^7   2076048498
   7    101   1.168e-02   66152994999*x^7   2076048498
   7    102   1.289e-02   66152994999*x^7   2076048498
   7    103   1.470e-02   66152994999*x^7   2076048498
   7    104   1.411e-02   66152994999*x^7   2076048498
   7    105   1.450e-02   66152994999*x^7   2076048498
   7    106   1.324e-02   66152994999*x^7   2076048498
   7    107   1.146e-02   66152994999*x^7   2076048498
   7    108   1.217e-02   66152994999*x^7   2076048498
   7    109   1.271e-02   66152994999*x^7   2076048498
   7    110   1.247e-02   66152994999*x^7   2076048498
   7    111   1.245e-02   66152994999*x^7   2076048498
   7    112   1.243e-02   66152994999*x^7   2076048498
   7    113   1.245e-02   66152994999*x^7   2076048498
   7    114   1.386e-02   66152994999*x^7   2076048498
   7    115   1.187e-02   66152994999*x^7   2076048498
   7    116   1.222e-02   4191381573881*x^7   24601260777983
   7    117   1.245e-02   4191381573881*x^7   24601260777983
   7    118   1.238e-02   4191381573881*x^7   24601260777983
   7    119   1.253e-02   4191381573881*x^7   24601260777983
   7    120   1.251e-02   4191381573881*x^7   24601260777983
   7    121   1.271e-02   4191381573881*x^7   24601260777983
   7    122   1.289e-02   4191381573881*x^7   24601260777983
   7    123   1.570e-02   4191381573881*x^7   24601260777983
   7    124   1.502e-02   4191381573881*x^7   24601260777983
   7    125   1.226e-02   4191381573881*x^7   24601260777983
   7    126   1.172e-02   4191381573881*x^7   24601260777983
   7    127   1.234e-02   4191381573881*x^7   24601260777983
   7    128   1.261e-02   4191381573881*x^7   24601260777983
   7    129   1.391e-02   4191381573881*x^7   24601260777983
   7    130   1.397e-02   4191381573881*x^7   24601260777983
   7    131   1.514e-02   4191381573881*x^7   24601260777983
   7    132   1.358e-02   4191381573881*x^7   24601260777983
   7    133   1.430e-02   4191381573881*x^7   24601260777983
   7    134   1.142e-02   4191381573881*x^7   24601260777983
   7    135   1.311e-02   894767761381116*x^7   486074585333717
   7    136   1.437e-02   894767761381116*x^7   486074585333717
   7    137   1.279e-02   894767761381116*x^7   486074585333717
   7    138   1.506e-02   894767761381116*x^7   486074585333717
   7    139   1.490e-02   894767761381116*x^7   486074585333717
   7    140   1.571e-02   894767761381116*x^7   486074585333717
   7    141   1.548e-02   894767761381116*x^7   486074585333717
   7    142   1.540e-02   894767761381116*x^7   486074585333717
   7    143   1.570e-02   894767761381116*x^7   486074585333717
   7    144   1.566e-02   894767761381116*x^7   486074585333717
   7    145   1.484e-02   894767761381116*x^7   486074585333717
   7    146   1.392e-02   894767761381116*x^7   486074585333717
   7    147   1.568e-02   894767761381116*x^7   486074585333717
   7    148   1.545e-02   894767761381116*x^7   486074585333717
   7    149   1.467e-02   894767761381116*x^7   486074585333717
   7    150   1.425e-02   894767761381116*x^7   486074585333717
   7    151   1.552e-02   894767761381116*x^7   486074585333717
   7    152   1.545e-02   894767761381116*x^7   486074585333717
   7    153   1.572e-02   894767761381116*x^7   486074585333717
   7    154   1.541e-02   894767761381116*x^7   486074585333717
   7    155   1.676e-02   49412368170950140*x^7   63592485451817063
   7    156   1.705e-02   49412368170950140*x^7   63592485451817063
   7    157   1.643e-02   49412368170950140*x^7   63592485451817063
   7    158   1.677e-02   49412368170950140*x^7   63592485451817063
   7    159   1.715e-02   49412368170950140*x^7   63592485451817063
   7    160   1.697e-02   49412368170950140*x^7   63592485451817063
   7    161   1.697e-02   49412368170950140*x^7   63592485451817063
   7    162   1.702e-02   49412368170950140*x^7   63592485451817063
   7    163   1.599e-02   49412368170950140*x^7   63592485451817063
   7    164   1.635e-02   49412368170950140*x^7   63592485451817063
   7    165   1.679e-02   49412368170950140*x^7   63592485451817063
   7    166   1.688e-02   49412368170950140*x^7   63592485451817063
   7    167   1.687e-02   49412368170950140*x^7   63592485451817063
   7    168   1.623e-02   49412368170950140*x^7   63592485451817063
   7    169   1.664e-02   49412368170950140*x^7   63592485451817063
   7    170   1.617e-02   49412368170950140*x^7   63592485451817063
   7    171   1.614e-02   49412368170950140*x^7   63592485451817063
   7    172   1.735e-02   49412368170950140*x^7   63592485451817063
   7    173   1.617e-02   49412368170950140*x^7   63592485451817063
   7    174   1.752e-02   10043991318308844946*x^7   1119464372850515128
   7    175   1.757e-02   10043991318308844946*x^7   1119464372850515128
   7    176   1.729e-02   10043991318308844946*x^7   1119464372850515128
   7    177   1.789e-02   10043991318308844946*x^7   1119464372850515128
   7    178   1.596e-02   10043991318308844946*x^7   1119464372850515128
   7    179   1.701e-02   10043991318308844946*x^7   1119464372850515128
   7    180   1.699e-02   10043991318308844946*x^7   1119464372850515128
   7    181   1.819e-02   10043991318308844946*x^7   1119464372850515128
   7    182   1.553e-02   10043991318308844946*x^7   1119464372850515128
   7    183   1.725e-02   10043991318308844946*x^7   1119464372850515128
   7    184   1.443e-02   10043991318308844946*x^7   1119464372850515128
   7    185   1.594e-02   10043991318308844946*x^7   1119464372850515128
   7    186   1.614e-02   10043991318308844946*x^7   1119464372850515128
   7    187   1.790e-02   10043991318308844946*x^7   1119464372850515128
   7    188   1.691e-02   10043991318308844946*x^7   1119464372850515128
   7    189   1.782e-02   10043991318308844946*x^7   1119464372850515128
   7    190   1.716e-02   10043991318308844946*x^7   1119464372850515128
   7    191   1.339e-02   10043991318308844946*x^7   1119464372850515128
   7    192   1.770e-02   10043991318308844946*x^7   1119464372850515128
   7    193   1.754e-02   188833285788794028430*x^7   347518505659845195896
   7    194   1.928e-02   188833285788794028430*x^7   347518505659845195896
   7    195   1.747e-02   188833285788794028430*x^7   347518505659845195896
   7    196   1.830e-02   188833285788794028430*x^7   347518505659845195896
   7    197   1.739e-02   188833285788794028430*x^7   347518505659845195896
   7    198   1.790e-02   188833285788794028430*x^7   347518505659845195896
   7    199   1.746e-02   188833285788794028430*x^7   347518505659845195896
   7    200   1.891e-02   188833285788794028430*x^7   347518505659845195896

   8    100   1.552e-02   5168073362*x^8   5664076151
   8    101   1.634e-02   5168073362*x^8   5664076151
   8    102   1.604e-02   5168073362*x^8   5664076151
   8    103   1.575e-02   5168073362*x^8   5664076151
   8    104   1.493e-02   5168073362*x^8   5664076151
   8    105   1.593e-02   5168073362*x^8   5664076151
   8    106   1.541e-02   5168073362*x^8   5664076151
   8    107   1.603e-02   5168073362*x^8   5664076151
   8    108   1.615e-02   5168073362*x^8   5664076151
   8    109   1.537e-02   5168073362*x^8   5664076151
   8    110   1.474e-02   5168073362*x^8   5664076151
   8    111   1.620e-02   5168073362*x^8   5664076151
   8    112   1.569e-02   5168073362*x^8   5664076151
   8    113   1.558e-02   5168073362*x^8   5664076151
   8    114   1.641e-02   5168073362*x^8   5664076151
   8    115   1.463e-02   5168073362*x^8   5664076151
   8    116   1.596e-02   50399245355*x^8   243246360020
   8    117   1.657e-02   50399245355*x^8   243246360020
   8    118   1.737e-02   50399245355*x^8   243246360020
   8    119   1.726e-02   50399245355*x^8   243246360020
   8    120   1.693e-02   50399245355*x^8   243246360020
   8    121   1.751e-02   50399245355*x^8   243246360020
   8    122   1.695e-02   50399245355*x^8   243246360020
   8    123   1.663e-02   50399245355*x^8   243246360020
   8    124   1.486e-02   50399245355*x^8   243246360020
   8    125   1.707e-02   50399245355*x^8   243246360020
   8    126   1.613e-02   50399245355*x^8   243246360020
   8    127   1.442e-02   50399245355*x^8   243246360020
   8    128   1.690e-02   50399245355*x^8   243246360020
   8    129   1.619e-02   50399245355*x^8   243246360020
   8    130   1.503e-02   50399245355*x^8   243246360020
   8    131   1.650e-02   50399245355*x^8   243246360020
   8    132   1.644e-02   50399245355*x^8   243246360020
   8    133   1.647e-02   50399245355*x^8   243246360020
   8    134   1.677e-02   50399245355*x^8   243246360020
   8    135   1.635e-02   7836422965249*x^8   11697929711218
   8    136   1.787e-02   7836422965249*x^8   11697929711218
   8    137   1.671e-02   7836422965249*x^8   11697929711218
   8    138   1.811e-02   7836422965249*x^8   11697929711218
   8    139   1.664e-02   7836422965249*x^8   11697929711218
   8    140   1.776e-02   7836422965249*x^8   11697929711218
   8    141   1.766e-02   7836422965249*x^8   11697929711218
   8    142   1.764e-02   7836422965249*x^8   11697929711218
   8    143   1.696e-02   7836422965249*x^8   11697929711218
   8    144   1.512e-02   7836422965249*x^8   11697929711218
   8    145   1.772e-02   7836422965249*x^8   11697929711218
   8    146   1.753e-02   7836422965249*x^8   11697929711218
   8    147   1.797e-02   7836422965249*x^8   11697929711218
   8    148   1.745e-02   7836422965249*x^8   11697929711218
   8    149   1.758e-02   7836422965249*x^8   11697929711218
   8    150   1.771e-02   7836422965249*x^8   11697929711218
   8    151   1.584e-02   7836422965249*x^8   11697929711218
   8    152   1.562e-02   7836422965249*x^8   11697929711218
   8    153   1.695e-02   7836422965249*x^8   11697929711218
   8    154   1.625e-02   7836422965249*x^8   11697929711218
   8    155   1.915e-02   1337567694152279*x^8   788924536503950
   8    156   1.960e-02   1337567694152279*x^8   788924536503950
   8    157   1.829e-02   1337567694152279*x^8   788924536503950
   8    158   1.956e-02   1337567694152279*x^8   788924536503950
   8    159   1.780e-02   1337567694152279*x^8   788924536503950
   8    160   1.743e-02   1337567694152279*x^8   788924536503950
   8    161   1.869e-02   1337567694152279*x^8   788924536503950
   8    162   1.823e-02   1337567694152279*x^8   788924536503950
   8    163   1.662e-02   1337567694152279*x^8   788924536503950
   8    164   1.677e-02   1337567694152279*x^8   788924536503950
   8    165   1.767e-02   1337567694152279*x^8   788924536503950
   8    166   1.839e-02   1337567694152279*x^8   788924536503950
   8    167   1.812e-02   1337567694152279*x^8   788924536503950
   8    168   1.936e-02   1337567694152279*x^8   788924536503950
   8    169   1.759e-02   1337567694152279*x^8   788924536503950
   8    170   1.961e-02   1337567694152279*x^8   788924536503950
   8    171   1.727e-02   1337567694152279*x^8   788924536503950
   8    172   1.828e-02   1337567694152279*x^8   788924536503950
   8    173   1.939e-02   1337567694152279*x^8   788924536503950
   8    174   1.943e-02   7974727510785561*x^8   19287948880774141
   8    175   1.732e-02   7974727510785561*x^8   19287948880774141
   8    176   1.884e-02   7974727510785561*x^8   19287948880774141
   8    177   1.934e-02   7974727510785561*x^8   19287948880774141
   8    178   1.480e-02   7974727510785561*x^8   19287948880774141
   8    179   1.659e-02   7974727510785561*x^8   19287948880774141
   8    180   1.851e-02   7974727510785561*x^8   19287948880774141
   8    181   1.669e-02   7974727510785561*x^8   19287948880774141
   8    182   1.917e-02   7974727510785561*x^8   19287948880774141
   8    183   1.977e-02   7974727510785561*x^8   19287948880774141
   8    184   1.889e-02   7974727510785561*x^8   19287948880774141
   8    185   1.936e-02   7974727510785561*x^8   19287948880774141
   8    186   1.948e-02   7974727510785561*x^8   19287948880774141
   8    187   1.929e-02   7974727510785561*x^8   19287948880774141
   8    188   1.918e-02   7974727510785561*x^8   19287948880774141
   8    189   1.865e-02   7974727510785561*x^8   19287948880774141
   8    190   1.821e-02   7974727510785561*x^8   19287948880774141
   8    191   1.935e-02   7974727510785561*x^8   19287948880774141
   8    192   1.862e-02   7974727510785561*x^8   19287948880774141
   8    193   2.215e-02   1533328956976559324*x^8   1560525703327493844
   8    194   1.942e-02   1533328956976559324*x^8   1560525703327493844
   8    195   1.930e-02   1533328956976559324*x^8   1560525703327493844
   8    196   1.763e-02   1533328956976559324*x^8   1560525703327493844
   8    197   2.053e-02   1533328956976559324*x^8   1560525703327493844
   8    198   1.913e-02   1533328956976559324*x^8   1560525703327493844
   8    199   1.908e-02   1533328956976559324*x^8   1560525703327493844
   8    200   1.902e-02   1533328956976559324*x^8   1560525703327493844

   9    100   1.754e-02   126547507*x^9   323406368
   9    101   1.798e-02   126547507*x^9   323406368
   9    102   1.824e-02   126547507*x^9   323406368
   9    103   1.822e-02   126547507*x^9   323406368
   9    104   1.709e-02   126547507*x^9   323406368
   9    105   1.799e-02   126547507*x^9   323406368
   9    106   1.579e-02   126547507*x^9   323406368
   9    107   1.799e-02   126547507*x^9   323406368
   9    108   1.541e-02   126547507*x^9   323406368
   9    109   1.844e-02   126547507*x^9   323406368
   9    110   1.716e-02   126547507*x^9   323406368
   9    111   1.702e-02   126547507*x^9   323406368
   9    112   1.825e-02   126547507*x^9   323406368
   9    113   1.783e-02   126547507*x^9   323406368
   9    114   1.793e-02   126547507*x^9   323406368
   9    115   1.675e-02   126547507*x^9   323406368
   9    116   1.886e-02   17212635015*x^9   19394462821
   9    117   1.949e-02   17212635015*x^9   19394462821
   9    118   1.856e-02   17212635015*x^9   19394462821
   9    119   1.921e-02   17212635015*x^9   19394462821
   9    120   1.746e-02   17212635015*x^9   19394462821
   9    121   1.680e-02   17212635015*x^9   19394462821
   9    122   1.755e-02   17212635015*x^9   19394462821
   9    123   1.965e-02   17212635015*x^9   19394462821
   9    124   1.684e-02   17212635015*x^9   19394462821
   9    125   1.532e-02   17212635015*x^9   19394462821
   9    126   1.825e-02   17212635015*x^9   19394462821
   9    127   1.784e-02   17212635015*x^9   19394462821
   9    128   1.892e-02   17212635015*x^9   19394462821
   9    129   1.912e-02   17212635015*x^9   19394462821
   9    130   1.766e-02   17212635015*x^9   19394462821
   9    131   1.876e-02   17212635015*x^9   19394462821
   9    132   2.164e-02   17212635015*x^9   19394462821
   9    133   1.861e-02   17212635015*x^9   19394462821
   9    134   1.838e-02   17212635015*x^9   19394462821
   9    135   1.928e-02   535272442464*x^9   594062066398
   9    136   1.996e-02   535272442464*x^9   594062066398
   9    137   1.687e-02   535272442464*x^9   594062066398
   9    138   1.988e-02   535272442464*x^9   594062066398
   9    139   1.732e-02   535272442464*x^9   594062066398
   9    140   1.811e-02   535272442464*x^9   594062066398
   9    141   1.714e-02   535272442464*x^9   594062066398
   9    142   2.028e-02   535272442464*x^9   594062066398
   9    143   1.999e-02   535272442464*x^9   594062066398
   9    144   1.529e-02   535272442464*x^9   594062066398
   9    145   2.018e-02   535272442464*x^9   594062066398
   9    146   1.809e-02   535272442464*x^9   594062066398
   9    147   1.991e-02   535272442464*x^9   594062066398
   9    148   1.694e-02   535272442464*x^9   594062066398
   9    149   1.770e-02   535272442464*x^9   594062066398
   9    150   1.768e-02   535272442464*x^9   594062066398
   9    151   1.604e-02   535272442464*x^9   594062066398
   9    152   1.877e-02   535272442464*x^9   594062066398
   9    153   2.026e-02   535272442464*x^9   594062066398
   9    154   1.775e-02   535272442464*x^9   594062066398
   9    155   2.096e-02   6796798948825*x^9   31198296013814
   9    156   2.214e-02   6796798948825*x^9   31198296013814
   9    157   2.284e-02   6796798948825*x^9   31198296013814
   9    158   2.027e-02   6796798948825*x^9   31198296013814
   9    159   2.035e-02   6796798948825*x^9   31198296013814
   9    160   2.054e-02   6796798948825*x^9   31198296013814
   9    161   2.092e-02   6796798948825*x^9   31198296013814
   9    162   2.148e-02   6796798948825*x^9   31198296013814
   9    163   2.071e-02   6796798948825*x^9   31198296013814
   9    164   1.715e-02   6796798948825*x^9   31198296013814
   9    165   1.898e-02   6796798948825*x^9   31198296013814
   9    166   2.236e-02   6796798948825*x^9   31198296013814
   9    167   2.071e-02   6796798948825*x^9   31198296013814
   9    168   1.870e-02   6796798948825*x^9   31198296013814
   9    169   2.122e-02   6796798948825*x^9   31198296013814
   9    170   2.058e-02   6796798948825*x^9   31198296013814
   9    171   2.272e-02   6796798948825*x^9   31198296013814
   9    172   2.280e-02   6796798948825*x^9   31198296013814
   9    173   1.968e-02   6796798948825*x^9   31198296013814
   9    174   2.106e-02   51354622977066*x^9   369760424681850
   9    175   2.297e-02   51354622977066*x^9   369760424681850
   9    176   2.209e-02   51354622977066*x^9   369760424681850
   9    177   1.868e-02   51354622977066*x^9   369760424681850
   9    178   2.148e-02   51354622977066*x^9   369760424681850
   9    179   2.290e-02   51354622977066*x^9   369760424681850
   9    180   2.215e-02   51354622977066*x^9   369760424681850
   9    181   1.904e-02   51354622977066*x^9   369760424681850
   9    182   2.002e-02   51354622977066*x^9   369760424681850
   9    183   2.236e-02   51354622977066*x^9   369760424681850
   9    184   2.244e-02   51354622977066*x^9   369760424681850
   9    185   1.988e-02   51354622977066*x^9   369760424681850
   9    186   2.244e-02   51354622977066*x^9   369760424681850
   9    187   1.959e-02   51354622977066*x^9   369760424681850
   9    188   2.269e-02   51354622977066*x^9   369760424681850
   9    189   2.287e-02   51354622977066*x^9   369760424681850
   9    190   2.222e-02   51354622977066*x^9   369760424681850
   9    191   2.411e-02   51354622977066*x^9   369760424681850
   9    192   1.950e-02   51354622977066*x^9   369760424681850
   9    193   2.139e-02   7198771893754858*x^9   26269046197236669
   9    194   2.151e-02   7198771893754858*x^9   26269046197236669
   9    195   1.959e-02   7198771893754858*x^9   26269046197236669
   9    196   2.551e-02   7198771893754858*x^9   26269046197236669
   9    197   2.410e-02   7198771893754858*x^9   26269046197236669
   9    198   2.448e-02   7198771893754858*x^9   26269046197236669
   9    199   2.270e-02   7198771893754858*x^9   26269046197236669
   9    200   1.929e-02   7198771893754858*x^9   26269046197236669

  10    100   1.907e-02   42786858*x^10   61373711
  10    101   1.994e-02   42786858*x^10   61373711
  10    102   1.784e-02   42786858*x^10   61373711
  10    103   1.782e-02   42786858*x^10   61373711
  10    104   1.701e-02   42786858*x^10   61373711
  10    105   2.006e-02   42786858*x^10   61373711
  10    106   1.683e-02   42786858*x^10   61373711
  10    107   1.820e-02   42786858*x^10   61373711
  10    108   1.761e-02   42786858*x^10   61373711
  10    109   2.006e-02   42786858*x^10   61373711
  10    110   2.001e-02   42786858*x^10   61373711
  10    111   1.837e-02   42786858*x^10   61373711
  10    112   2.026e-02   42786858*x^10   61373711
  10    113   2.038e-02   42786858*x^10   61373711
  10    114   1.857e-02   42786858*x^10   61373711
  10    115   2.036e-02   42786858*x^10   61373711
  10    116   1.894e-02   1618097640*x^10   2593556874
  10    117   1.992e-02   1618097640*x^10   2593556874
  10    118   1.744e-02   1618097640*x^10   2593556874
  10    119   2.029e-02   1618097640*x^10   2593556874
  10    120   2.063e-02   1618097640*x^10   2593556874
  10    121   2.200e-02   1618097640*x^10   2593556874
  10    122   1.923e-02   1618097640*x^10   2593556874
  10    123   2.093e-02   1618097640*x^10   2593556874
  10    124   1.930e-02   1618097640*x^10   2593556874
  10    125   2.204e-02   1618097640*x^10   2593556874
  10    126   1.981e-02   1618097640*x^10   2593556874
  10    127   2.116e-02   1618097640*x^10   2593556874
  10    128   2.309e-02   1618097640*x^10   2593556874
  10    129   2.029e-02   1618097640*x^10   2593556874
  10    130   1.987e-02   1618097640*x^10   2593556874
  10    131   2.224e-02   1618097640*x^10   2593556874
  10    132   2.031e-02   1618097640*x^10   2593556874
  10    133   1.707e-02   1618097640*x^10   2593556874
  10    134   1.785e-02   1618097640*x^10   2593556874
  10    135   1.818e-02   71258102833*x^10   6056700186
  10    136   2.067e-02   71258102833*x^10   6056700186
  10    137   2.336e-02   71258102833*x^10   6056700186
  10    138   2.325e-02   71258102833*x^10   6056700186
  10    139   2.366e-02   71258102833*x^10   6056700186
  10    140   1.864e-02   71258102833*x^10   6056700186
  10    141   2.341e-02   71258102833*x^10   6056700186
  10    142   2.150e-02   71258102833*x^10   6056700186
  10    143   2.143e-02   71258102833*x^10   6056700186
  10    144   2.200e-02   71258102833*x^10   6056700186
  10    145   1.908e-02   71258102833*x^10   6056700186
  10    146   2.115e-02   71258102833*x^10   6056700186
  10    147   2.139e-02   71258102833*x^10   6056700186
  10    148   2.294e-02   71258102833*x^10   6056700186
  10    149   2.254e-02   71258102833*x^10   6056700186
  10    150   2.112e-02   71258102833*x^10   6056700186
  10    151   2.068e-02   71258102833*x^10   6056700186
  10    152   2.053e-02   71258102833*x^10   6056700186
  10    153   1.904e-02   71258102833*x^10   6056700186
  10    154   2.051e-02   71258102833*x^10   6056700186
  10    155   2.209e-02   1134769313933*x^10   288254301125
  10    156   2.272e-02   1134769313933*x^10   288254301125
  10    157   2.392e-02   1134769313933*x^10   288254301125
  10    158   1.963e-02   1134769313933*x^10   288254301125
  10    159   2.183e-02   1134769313933*x^10   288254301125
  10    160   2.089e-02   1134769313933*x^10   288254301125
  10    161   2.218e-02   1134769313933*x^10   288254301125
  10    162   1.963e-02   1134769313933*x^10   288254301125
  10    163   1.884e-02   1134769313933*x^10   288254301125
  10    164   2.349e-02   1134769313933*x^10   288254301125
  10    165   2.308e-02   1134769313933*x^10   288254301125
  10    166   2.201e-02   1134769313933*x^10   288254301125
  10    167   2.103e-02   1134769313933*x^10   288254301125
  10    168   2.033e-02   1134769313933*x^10   288254301125
  10    169   2.009e-02   1134769313933*x^10   288254301125
  10    170   2.072e-02   1134769313933*x^10   288254301125
  10    171   2.035e-02   1134769313933*x^10   288254301125
  10    172   2.160e-02   1134769313933*x^10   288254301125
  10    173   2.438e-02   1134769313933*x^10   288254301125
  10    174   2.124e-02   33176509660130*x^10   10059237318951
  10    175   2.403e-02   33176509660130*x^10   10059237318951
  10    176   2.351e-02   33176509660130*x^10   10059237318951
  10    177   2.238e-02   33176509660130*x^10   10059237318951
  10    178   2.327e-02   33176509660130*x^10   10059237318951
  10    179   2.455e-02   33176509660130*x^10   10059237318951
  10    180   2.427e-02   33176509660130*x^10   10059237318951
  10    181   2.420e-02   33176509660130*x^10   10059237318951
  10    182   2.360e-02   33176509660130*x^10   10059237318951
  10    183   2.420e-02   33176509660130*x^10   10059237318951
  10    184   2.129e-02   33176509660130*x^10   10059237318951
  10    185   2.552e-02   33176509660130*x^10   10059237318951
  10    186   2.505e-02   33176509660130*x^10   10059237318951
  10    187   2.285e-02   33176509660130*x^10   10059237318951
  10    188   2.113e-02   33176509660130*x^10   10059237318951
  10    189   2.157e-02   33176509660130*x^10   10059237318951
  10    190   2.199e-02   33176509660130*x^10   10059237318951
  10    191   2.239e-02   33176509660130*x^10   10059237318951
  10    192   2.226e-02   33176509660130*x^10   10059237318951
  10    193   2.412e-02   397524019735464*x^10   814608440521077
  10    194   2.445e-02   397524019735464*x^10   814608440521077
  10    195   2.519e-02   397524019735464*x^10   814608440521077
  10    196   2.565e-02   397524019735464*x^10   814608440521077
  10    197   2.166e-02   397524019735464*x^10   814608440521077
  10    198   2.300e-02   397524019735464*x^10   814608440521077
  10    199   2.302e-02   397524019735464*x^10   814608440521077
  10    200   2.522e-02   397524019735464*x^10   814608440521077

  11    100   1.879e-02   5228862*x^11   14705727
  11    101   1.940e-02   5228862*x^11   14705727
  11    102   1.767e-02   5228862*x^11   14705727
  11    103   2.332e-02   5228862*x^11   14705727
  11    104   2.293e-02   5228862*x^11   14705727
  11    105   2.263e-02   5228862*x^11   14705727
  11    106   1.861e-02   5228862*x^11   14705727
  11    107   2.139e-02   5228862*x^11   14705727
  11    108   2.340e-02   5228862*x^11   14705727
  11    109   2.269e-02   5228862*x^11   14705727
  11    110   1.972e-02   5228862*x^11   14705727
  11    111   1.795e-02   5228862*x^11   14705727
  11    112   2.249e-02   5228862*x^11   14705727
  11    113   2.197e-02   5228862*x^11   14705727
  11    114   1.793e-02   5228862*x^11   14705727
  11    115   2.082e-02   5228862*x^11   14705727
  11    116   2.394e-02   54011937*x^11   467477560
  11    117   2.405e-02   54011937*x^11   467477560
  11    118   2.376e-02   54011937*x^11   467477560
  11    119   2.384e-02   54011937*x^11   467477560
  11    120   2.406e-02   54011937*x^11   467477560
  11    121   2.192e-02   54011937*x^11   467477560
  11    122   2.485e-02   54011937*x^11   467477560
  11    123   2.446e-02   54011937*x^11   467477560
  11    124   2.314e-02   54011937*x^11   467477560
  11    125   2.498e-02   54011937*x^11   467477560
  11    126   2.416e-02   54011937*x^11   467477560
  11    127   2.395e-02   54011937*x^11   467477560
  11    128   2.452e-02   54011937*x^11   467477560
  11    129   2.218e-02   54011937*x^11   467477560
  11    130   2.007e-02   54011937*x^11   467477560
  11    131   2.059e-02   54011937*x^11   467477560
  11    132   2.294e-02   54011937*x^11   467477560
  11    133   2.346e-02   54011937*x^11   467477560
  11    134   2.316e-02   54011937*x^11   467477560
  11    135   2.412e-02   5346780708*x^11   1714911817
  11    136   2.456e-02   5346780708*x^11   1714911817
  11    137   2.474e-02   5346780708*x^11   1714911817
  11    138   2.467e-02   5346780708*x^11   1714911817
  11    139   2.340e-02   5346780708*x^11   1714911817
  11    140   2.314e-02   5346780708*x^11   1714911817
  11    141   2.482e-02   5346780708*x^11   1714911817
  11    142   2.427e-02   5346780708*x^11   1714911817
  11    143   2.436e-02   5346780708*x^11   1714911817
  11    144   2.384e-02   5346780708*x^11   1714911817
  11    145   2.393e-02   5346780708*x^11   1714911817
  11    146   2.316e-02   5346780708*x^11   1714911817
  11    147   2.398e-02   5346780708*x^11   1714911817
  11    148   2.357e-02   5346780708*x^11   1714911817
  11    149   2.449e-02   5346780708*x^11   1714911817
  11    150   2.372e-02   5346780708*x^11   1714911817
  11    151   2.457e-02   5346780708*x^11   1714911817
  11    152   2.393e-02   5346780708*x^11   1714911817
  11    153   2.204e-02   5346780708*x^11   1714911817
  11    154   2.385e-02   5346780708*x^11   1714911817
  11    155   2.469e-02   17300587327*x^11   21945413316
  11    156   2.572e-02   17300587327*x^11   21945413316
  11    157   2.396e-02   17300587327*x^11   21945413316
  11    158   2.339e-02   17300587327*x^11   21945413316
  11    159   2.373e-02   17300587327*x^11   21945413316
  11    160   3.012e-02   17300587327*x^11   21945413316
  11    161   2.728e-02   17300587327*x^11   21945413316
  11    162   2.492e-02   17300587327*x^11   21945413316
  11    163   2.593e-02   17300587327*x^11   21945413316
  11    164   2.301e-02   17300587327*x^11   21945413316
  11    165   2.496e-02   17300587327*x^11   21945413316
  11    166   2.464e-02   17300587327*x^11   21945413316
  11    167   2.691e-02   17300587327*x^11   21945413316
  11    168   2.729e-02   17300587327*x^11   21945413316
  11    169   2.678e-02   17300587327*x^11   21945413316
  11    170   2.578e-02   17300587327*x^11   21945413316
  11    171   2.395e-02   17300587327*x^11   21945413316
  11    172   2.515e-02   17300587327*x^11   21945413316
  11    173   2.384e-02   17300587327*x^11   21945413316
  11    174   2.627e-02   1089409412278*x^11   3569067350042
  11    175   3.003e-02   1089409412278*x^11   3569067350042
  11    176   2.613e-02   1089409412278*x^11   3569067350042
  11    177   2.683e-02   1089409412278*x^11   3569067350042
  11    178   2.510e-02   1089409412278*x^11   3569067350042
  11    179   3.044e-02   1089409412278*x^11   3569067350042
  11    180   2.736e-02   1089409412278*x^11   3569067350042
  11    181   2.537e-02   1089409412278*x^11   3569067350042
  11    182   3.052e-02   1089409412278*x^11   3569067350042
  11    183   2.633e-02   1089409412278*x^11   3569067350042
  11    184   2.860e-02   1089409412278*x^11   3569067350042
  11    185   2.898e-02   1089409412278*x^11   3569067350042
  11    186   3.229e-02   1089409412278*x^11   3569067350042
  11    187   2.879e-02   1089409412278*x^11   3569067350042
  11    188   2.678e-02   1089409412278*x^11   3569067350042
  11    189   3.053e-02   1089409412278*x^11   3569067350042
  11    190   2.734e-02   1089409412278*x^11   3569067350042
  11    191   3.138e-02   1089409412278*x^11   3569067350042
  11    192   2.813e-02   1089409412278*x^11   3569067350042
  11    193   2.775e-02   989478508251*x^11   19989665454828
  11    194   3.017e-02   989478508251*x^11   19989665454828
  11    195   2.702e-02   989478508251*x^11   19989665454828
  11    196   2.743e-02   989478508251*x^11   19989665454828
  11    197   3.094e-02   989478508251*x^11   19989665454828
  11    198   2.762e-02   989478508251*x^11   19989665454828
  11    199   2.963e-02   989478508251*x^11   19989665454828
  11    200   2.483e-02   989478508251*x^11   19989665454828

  12    100   2.353e-02   2126785*x^12   7137168
  12    101   2.265e-02   2126785*x^12   7137168
  12    102   2.469e-02   2126785*x^12   7137168
  12    103   2.015e-02   2126785*x^12   7137168
  12    104   1.973e-02   2126785*x^12   7137168
  12    105   2.482e-02   2126785*x^12   7137168
  12    106   2.247e-02   2126785*x^12   7137168
  12    107   2.140e-02   2126785*x^12   7137168
  12    108   2.322e-02   2126785*x^12   7137168
  12    109   2.379e-02   2126785*x^12   7137168
  12    110   2.295e-02   2126785*x^12   7137168
  12    111   2.260e-02   2126785*x^12   7137168
  12    112   2.115e-02   2126785*x^12   7137168
  12    113   2.083e-02   2126785*x^12   7137168
  12    114   2.490e-02   2126785*x^12   7137168
  12    115   2.087e-02   2126785*x^12   7137168
  12    116   2.553e-02   42806555*x^12   84354550
  12    117   2.230e-02   42806555*x^12   84354550
  12    118   2.515e-02   42806555*x^12   84354550
  12    119   2.500e-02   42806555*x^12   84354550
  12    120   2.480e-02   42806555*x^12   84354550
  12    121   2.430e-02   42806555*x^12   84354550
  12    122   2.775e-02   42806555*x^12   84354550
  12    123   2.657e-02   42806555*x^12   84354550
  12    124   2.712e-02   42806555*x^12   84354550
  12    125   2.754e-02   42806555*x^12   84354550
  12    126   2.380e-02   42806555*x^12   84354550
  12    127   2.422e-02   42806555*x^12   84354550
  12    128   2.354e-02   42806555*x^12   84354550
  12    129   2.808e-02   42806555*x^12   84354550
  12    130   2.446e-02   42806555*x^12   84354550
  12    131   2.364e-02   42806555*x^12   84354550
  12    132   2.581e-02   42806555*x^12   84354550
  12    133   2.569e-02   42806555*x^12   84354550
  12    134   2.521e-02   42806555*x^12   84354550
  12    135   2.645e-02   1267056931*x^12   617057769
  12    136   2.857e-02   1267056931*x^12   617057769
  12    137   2.696e-02   1267056931*x^12   617057769
  12    138   2.617e-02   1267056931*x^12   617057769
  12    139   2.622e-02   1267056931*x^12   617057769
  12    140   3.052e-02   1267056931*x^12   617057769
  12    141   2.624e-02   1267056931*x^12   617057769
  12    142   2.668e-02   1267056931*x^12   617057769
  12    143   2.526e-02   1267056931*x^12   617057769
  12    144   2.945e-02   1267056931*x^12   617057769
  12    145   2.643e-02   1267056931*x^12   617057769
  12    146   3.078e-02   1267056931*x^12   617057769
  12    147   2.848e-02   1267056931*x^12   617057769
  12    148   2.617e-02   1267056931*x^12   617057769
  12    149   2.638e-02   1267056931*x^12   617057769
  12    150   2.988e-02   1267056931*x^12   617057769
  12    151   2.677e-02   1267056931*x^12   617057769
  12    152   2.461e-02   1267056931*x^12   617057769
  12    153   3.035e-02   1267056931*x^12   617057769
  12    154   2.795e-02   1267056931*x^12   617057769
  12    155   2.818e-02   6251672035*x^12   3338029395
  12    156   2.708e-02   6251672035*x^12   3338029395
  12    157   2.938e-02   6251672035*x^12   3338029395
  12    158   2.859e-02   6251672035*x^12   3338029395
  12    159   3.075e-02   6251672035*x^12   3338029395
  12    160   2.850e-02   6251672035*x^12   3338029395
  12    161   3.118e-02   6251672035*x^12   3338029395
  12    162   2.865e-02   6251672035*x^12   3338029395
  12    163   2.982e-02   6251672035*x^12   3338029395
  12    164   2.830e-02   6251672035*x^12   3338029395
  12    165   3.017e-02   6251672035*x^12   3338029395
  12    166   2.852e-02   6251672035*x^12   3338029395
  12    167   2.793e-02   6251672035*x^12   3338029395
  12    168   2.800e-02   6251672035*x^12   3338029395
  12    169   2.875e-02   6251672035*x^12   3338029395
  12    170   2.849e-02   6251672035*x^12   3338029395
  12    171   2.769e-02   6251672035*x^12   3338029395
  12    172   2.703e-02   6251672035*x^12   3338029395
  12    173   3.208e-02   6251672035*x^12   3338029395
  12    174   2.935e-02   19511954463*x^12   127122925047
  12    175   3.255e-02   19511954463*x^12   127122925047
  12    176   2.897e-02   19511954463*x^12   127122925047
  12    177   3.243e-02   19511954463*x^12   127122925047
  12    178   3.236e-02   19511954463*x^12   127122925047
  12    179   2.919e-02   19511954463*x^12   127122925047
  12    180   2.743e-02   19511954463*x^12   127122925047
  12    181   3.177e-02   19511954463*x^12   127122925047
  12    182   3.262e-02   19511954463*x^12   127122925047
  12    183   3.308e-02   19511954463*x^12   127122925047
  12    184   3.131e-02   19511954463*x^12   127122925047
  12    185   3.249e-02   19511954463*x^12   127122925047
  12    186   3.303e-02   19511954463*x^12   127122925047
  12    187   2.949e-02   19511954463*x^12   127122925047
  12    188   3.169e-02   19511954463*x^12   127122925047
  12    189   3.004e-02   19511954463*x^12   127122925047
  12    190   2.822e-02   19511954463*x^12   127122925047
  12    191   2.977e-02   19511954463*x^12   127122925047
  12    192   3.318e-02   19511954463*x^12   127122925047
  12    193   3.087e-02   2698487839093*x^12   6093240618995
  12    194   3.281e-02   2698487839093*x^12   6093240618995
  12    195   3.270e-02   2698487839093*x^12   6093240618995
  12    196   3.476e-02   2698487839093*x^12   6093240618995
  12    197   3.425e-02   2698487839093*x^12   6093240618995
  12    198   3.339e-02   2698487839093*x^12   6093240618995
  12    199   3.242e-02   2698487839093*x^12   6093240618995
  12    200   3.421e-02   2698487839093*x^12   6093240618995

  13    100   2.876e-02   10309*x^13   1069158
  13    101   2.471e-02   10309*x^13   1069158
  13    102   2.459e-02   10309*x^13   1069158
  13    103   2.625e-02   10309*x^13   1069158
  13    104   2.818e-02   10309*x^13   1069158
  13    105   2.617e-02   10309*x^13   1069158
  13    106   2.544e-02   10309*x^13   1069158
  13    107   2.567e-02   10309*x^13   1069158
  13    108   2.395e-02   10309*x^13   1069158
  13    109   2.548e-02   10309*x^13   1069158
  13    110   2.282e-02   10309*x^13   1069158
  13    111   2.497e-02   10309*x^13   1069158
  13    112   2.469e-02   10309*x^13   1069158
  13    113   2.443e-02   10309*x^13   1069158
  13    114   2.535e-02   10309*x^13   1069158
  13    115   2.876e-02   10309*x^13   1069158
  13    116   3.307e-02   19614739*x^13   16124220
  13    117   2.567e-02   19614739*x^13   16124220
  13    118   3.066e-02   19614739*x^13   16124220
  13    119   3.286e-02   19614739*x^13   16124220
  13    120   2.918e-02   19614739*x^13   16124220
  13    121   2.705e-02   19614739*x^13   16124220
  13    122   3.464e-02   19614739*x^13   16124220
  13    123   2.952e-02   19614739*x^13   16124220
  13    124   2.761e-02   19614739*x^13   16124220
  13    125   3.097e-02   19614739*x^13   16124220
  13    126   2.756e-02   19614739*x^13   16124220
  13    127   2.814e-02   19614739*x^13   16124220
  13    128   3.128e-02   19614739*x^13   16124220
  13    129   2.750e-02   19614739*x^13   16124220
  13    130   3.086e-02   19614739*x^13   16124220
  13    131   2.829e-02   19614739*x^13   16124220
  13    132   3.126e-02   19614739*x^13   16124220
  13    133   2.879e-02   19614739*x^13   16124220
  13    134   3.071e-02   19614739*x^13   16124220
  13    135   3.028e-02   190128705*x^13   18821400
  13    136   3.292e-02   190128705*x^13   18821400
  13    137   3.291e-02   190128705*x^13   18821400
  13    138   2.929e-02   190128705*x^13   18821400
  13    139   3.282e-02   190128705*x^13   18821400
  13    140   2.909e-02   190128705*x^13   18821400
  13    141   3.233e-02   190128705*x^13   18821400
  13    142   3.365e-02   190128705*x^13   18821400
  13    143   2.923e-02   190128705*x^13   18821400
  13    144   3.203e-02   190128705*x^13   18821400
  13    145   3.308e-02   190128705*x^13   18821400
  13    146   3.042e-02   190128705*x^13   18821400
  13    147   3.234e-02   190128705*x^13   18821400
  13    148   3.194e-02   190128705*x^13   18821400
  13    149   3.472e-02   190128705*x^13   18821400
  13    150   3.132e-02   190128705*x^13   18821400
  13    151   3.239e-02   190128705*x^13   18821400
  13    152   2.920e-02   190128705*x^13   18821400
  13    153   3.232e-02   190128705*x^13   18821400
  13    154   3.346e-02   190128705*x^13   18821400
  13    155   3.237e-02   2699247413*x^13   908892555
  13    156   3.336e-02   2699247413*x^13   908892555
  13    157   3.413e-02   2699247413*x^13   908892555
  13    158   3.590e-02   2699247413*x^13   908892555
  13    159   3.376e-02   2699247413*x^13   908892555
  13    160   3.166e-02   2699247413*x^13   908892555
  13    161   3.114e-02   2699247413*x^13   908892555
  13    162   3.554e-02   2699247413*x^13   908892555
  13    163   3.517e-02   2699247413*x^13   908892555
  13    164   3.185e-02   2699247413*x^13   908892555
  13    165   2.980e-02   2699247413*x^13   908892555
  13    166   3.476e-02   2699247413*x^13   908892555
  13    167   3.477e-02   2699247413*x^13   908892555
  13    168   3.363e-02   2699247413*x^13   908892555
  13    169   3.151e-02   2699247413*x^13   908892555
  13    170   3.232e-02   2699247413*x^13   908892555
  13    171   3.399e-02   2699247413*x^13   908892555
  13    172   3.521e-02   2699247413*x^13   908892555
  13    173   3.652e-02   2699247413*x^13   908892555
  13    174   3.725e-02   42771639940*x^13   85543176877
  13    175   3.696e-02   42771639940*x^13   85543176877
  13    176   3.523e-02   42771639940*x^13   85543176877
  13    177   3.728e-02   42771639940*x^13   85543176877
  13    178   3.614e-02   42771639940*x^13   85543176877
  13    179   3.672e-02   42771639940*x^13   85543176877
  13    180   3.891e-02   42771639940*x^13   85543176877
  13    181   3.452e-02   42771639940*x^13   85543176877
  13    182   3.519e-02   42771639940*x^13   85543176877
  13    183   3.564e-02   42771639940*x^13   85543176877
  13    184   3.578e-02   42771639940*x^13   85543176877
  13    185   3.408e-02   42771639940*x^13   85543176877
  13    186   3.304e-02   42771639940*x^13   85543176877
  13    187   3.745e-02   42771639940*x^13   85543176877
  13    188   3.393e-02   42771639940*x^13   85543176877
  13    189   3.732e-02   42771639940*x^13   85543176877
  13    190   3.402e-02   42771639940*x^13   85543176877
  13    191   3.815e-02   42771639940*x^13   85543176877
  13    192   3.681e-02   42771639940*x^13   85543176877
  13    193   3.726e-02   632081697800*x^13   241476399330
  13    194   3.718e-02   632081697800*x^13   241476399330
  13    195   3.502e-02   632081697800*x^13   241476399330
  13    196   3.839e-02   632081697800*x^13   241476399330
  13    197   4.230e-02   632081697800*x^13   241476399330
  13    198   3.923e-02   632081697800*x^13   241476399330
  13    199   3.587e-02   632081697800*x^13   241476399330
  13    200   3.703e-02   632081697800*x^13   241476399330

  14    100   2.895e-02   104401*x^14   453556
  14    101   3.245e-02   104401*x^14   453556
  14    102   2.861e-02   104401*x^14   453556
  14    103   2.659e-02   104401*x^14   453556
  14    104   3.054e-02   104401*x^14   453556
  14    105   2.574e-02   104401*x^14   453556
  14    106   2.759e-02   104401*x^14   453556
  14    107   2.978e-02   104401*x^14   453556
  14    108   2.675e-02   104401*x^14   453556
  14    109   2.861e-02   104401*x^14   453556
  14    110   2.961e-02   104401*x^14   453556
  14    111   3.265e-02   104401*x^14   453556
  14    112   2.888e-02   104401*x^14   453556
  14    113   2.828e-02   104401*x^14   453556
  14    114   2.981e-02   104401*x^14   453556
  14    115   2.769e-02   104401*x^14   453556
  14    116   3.383e-02   16384*x^14   10000
  14    117   3.345e-02   16384*x^14   10000
  14    118   3.103e-02   16384*x^14   10000
  14    119   3.323e-02   16384*x^14   10000
  14    120   3.385e-02   16384*x^14   10000
  14    121   3.423e-02   16384*x^14   10000
  14    122   2.991e-02   16384*x^14   10000
  14    123   3.303e-02   16384*x^14   10000
  14    124   3.418e-02   16384*x^14   10000
  14    125   3.496e-02   16384*x^14   10000
  14    126   3.696e-02   16384*x^14   10000
  14    127   3.500e-02   16384*x^14   10000
  14    128   3.413e-02   16384*x^14   10000
  14    129   3.068e-02   16384*x^14   10000
  14    130   3.206e-02   16384*x^14   10000
  14    131   3.147e-02   16384*x^14   10000
  14    132   3.137e-02   16384*x^14   10000
  14    133   3.208e-02   16384*x^14   10000
  14    134   3.461e-02   16384*x^14   10000
  14    135   3.569e-02   16384*x^14   10000
  14    136   3.747e-02   16384*x^14   10000
  14    137   3.602e-02   16384*x^14   10000
  14    138   3.611e-02   16384*x^14   10000
  14    139   3.620e-02   16384*x^14   10000
  14    140   3.283e-02   16384*x^14   10000
  14    141   3.290e-02   16384*x^14   10000
  14    142   3.802e-02   16384*x^14   10000
  14    143   3.325e-02   16384*x^14   10000
  14    144   3.347e-02   16384*x^14   10000
  14    145   3.460e-02   16384*x^14   10000
  14    146   3.394e-02   16384*x^14   10000
  14    147   3.617e-02   16384*x^14   10000
  14    148   3.584e-02   16384*x^14   10000
  14    149   3.443e-02   16384*x^14   10000
  14    150   3.155e-02   16384*x^14   10000
  14    151   3.389e-02   16384*x^14   10000
  14    152   3.389e-02   16384*x^14   10000
  14    153   3.181e-02   16384*x^14   10000
  14    154   3.712e-02   16384*x^14   10000
  14    155   3.909e-02   16384*x^14   10000
  14    156   3.823e-02   16384*x^14   10000
  14    157   3.683e-02   16384*x^14   10000
  14    158   3.619e-02   16384*x^14   10000
  14    159   4.181e-02   16384*x^14   10000
  14    160   3.915e-02   16384*x^14   10000
  14    161   4.041e-02   16384*x^14   10000
  14    162   3.481e-02   16384*x^14   10000
  14    163   3.677e-02   16384*x^14   10000
  14    164   3.636e-02   16384*x^14   10000
  14    165   3.495e-02   16384*x^14   10000
  14    166   3.642e-02   16384*x^14   10000
  14    167   3.644e-02   16384*x^14   10000
  14    168   3.615e-02   16384*x^14   10000
  14    169   3.596e-02   16384*x^14   10000
  14    170   3.594e-02   16384*x^14   10000
  14    171   3.423e-02   16384*x^14   10000
  14    172   3.950e-02   16384*x^14   10000
  14    173   3.983e-02   16384*x^14   10000
  14    174   4.041e-02   16384*x^14   10000
  14    175   3.891e-02   16384*x^14   10000
  14    176   4.105e-02   16384*x^14   10000
  14    177   4.032e-02   16384*x^14   10000
  14    178   3.875e-02   16384*x^14   10000
  14    179   3.743e-02   16384*x^14   10000
  14    180   3.774e-02   16384*x^14   10000
  14    181   4.035e-02   16384*x^14   10000
  14    182   3.850e-02   16384*x^14   10000
  14    183   3.795e-02   16384*x^14   10000
  14    184   4.142e-02   16384*x^14   10000
  14    185   4.021e-02   16384*x^14   10000
  14    186   3.818e-02   16384*x^14   10000
  14    187   3.873e-02   16384*x^14   10000
  14    188   3.782e-02   16384*x^14   10000
  14    189   3.751e-02   16384*x^14   10000
  14    190   4.423e-02   16384*x^14   10000
  14    191   4.413e-02   16384*x^14   10000
  14    192   4.222e-02   16384*x^14   10000
  14    193   4.133e-02   16384*x^14   10000
  14    194   3.982e-02   16384*x^14   10000
  14    195   4.072e-02   16384*x^14   10000
  14    196   4.126e-02   16384*x^14   10000
  14    197   4.382e-02   16384*x^14   10000
  14    198   4.264e-02   16384*x^14   10000
  14    199   4.290e-02   16384*x^14   10000
  14    200   4.535e-02   16384*x^14   10000

  15    100   3.172e-02   34907*x^15   91471
  15    101   3.474e-02   34907*x^15   91471
  15    102   2.977e-02   34907*x^15   91471
  15    103   3.246e-02   34907*x^15   91471
  15    104   3.263e-02   34907*x^15   91471
  15    105   3.260e-02   34907*x^15   91471
  15    106   3.061e-02   34907*x^15   91471
  15    107   3.002e-02   34907*x^15   91471
  15    108   3.189e-02   34907*x^15   91471
  15    109   3.071e-02   34907*x^15   91471
  15    110   3.557e-02   34907*x^15   91471
  15    111   3.258e-02   34907*x^15   91471
  15    112   3.718e-02   34907*x^15   91471
  15    113   3.466e-02   34907*x^15   91471
  15    114   3.632e-02   34907*x^15   91471
  15    115   3.184e-02   34907*x^15   91471
  15    116   3.704e-02   1473779*x^15   1317131
  15    117   3.450e-02   1473779*x^15   1317131
  15    118   3.371e-02   1473779*x^15   1317131
  15    119   3.435e-02   1473779*x^15   1317131
  15    120   3.386e-02   1473779*x^15   1317131
  15    121   3.787e-02   1473779*x^15   1317131
  15    122   3.367e-02   1473779*x^15   1317131
  15    123   3.628e-02   1473779*x^15   1317131
  15    124   3.510e-02   1473779*x^15   1317131
  15    125   3.952e-02   1473779*x^15   1317131
  15    126   3.338e-02   1473779*x^15   1317131
  15    127   3.737e-02   1473779*x^15   1317131
  15    128   3.813e-02   1473779*x^15   1317131
  15    129   3.594e-02   1473779*x^15   1317131
  15    130   3.463e-02   1473779*x^15   1317131
  15    131   3.454e-02   1473779*x^15   1317131
  15    132   3.861e-02   1473779*x^15   1317131
  15    133   3.282e-02   1473779*x^15   1317131
  15    134   3.677e-02   1473779*x^15   1317131
  15    135   3.563e-02   16384*x^15   10000
  15    136   3.618e-02   16384*x^15   10000
  15    137   3.898e-02   16384*x^15   10000
  15    138   3.817e-02   16384*x^15   10000
  15    139   3.693e-02   16384*x^15   10000
  15    140   3.954e-02   16384*x^15   10000
  15    141   3.424e-02   16384*x^15   10000
  15    142   3.519e-02   16384*x^15   10000
  15    143   3.927e-02   16384*x^15   10000
  15    144   3.942e-02   16384*x^15   10000
  15    145   3.535e-02   16384*x^15   10000
  15    146   3.791e-02   16384*x^15   10000
  15    147   3.710e-02   16384*x^15   10000
  15    148   3.741e-02   16384*x^15   10000
  15    149   3.621e-02   16384*x^15   10000
  15    150   3.685e-02   16384*x^15   10000
  15    151   3.409e-02   16384*x^15   10000
  15    152   3.678e-02   16384*x^15   10000
  15    153   3.686e-02   16384*x^15   10000
  15    154   4.031e-02   16384*x^15   10000
  15    155   4.226e-02   16384*x^15   10000
  15    156   3.945e-02   16384*x^15   10000
  15    157   3.965e-02   16384*x^15   10000
  15    158   3.764e-02   16384*x^15   10000
  15    159   3.982e-02   16384*x^15   10000
  15    160   3.941e-02   16384*x^15   10000
  15    161   4.325e-02   16384*x^15   10000
  15    162   3.957e-02   16384*x^15   10000
  15    163   4.069e-02   16384*x^15   10000
  15    164   4.137e-02   16384*x^15   10000
  15    165   4.356e-02   16384*x^15   10000
  15    166   3.871e-02   16384*x^15   10000
  15    167   4.276e-02   16384*x^15   10000
  15    168   4.144e-02   16384*x^15   10000
  15    169   3.922e-02   16384*x^15   10000
  15    170   3.936e-02   16384*x^15   10000
  15    171   4.087e-02   16384*x^15   10000
  15    172   3.957e-02   16384*x^15   10000
  15    173   4.281e-02   16384*x^15   10000
  15    174   4.215e-02   16384*x^15   10000
  15    175   4.470e-02   16384*x^15   10000
  15    176   4.418e-02   16384*x^15   10000
  15    177   4.289e-02   16384*x^15   10000
  15    178   4.401e-02   16384*x^15   10000
  15    179   4.493e-02   16384*x^15   10000
  15    180   4.276e-02   16384*x^15   10000
  15    181   4.436e-02   16384*x^15   10000
  15    182   4.656e-02   16384*x^15   10000
  15    183   4.259e-02   16384*x^15   10000
  15    184   4.410e-02   16384*x^15   10000
  15    185   4.458e-02   16384*x^15   10000
  15    186   4.571e-02   16384*x^15   10000
  15    187   4.322e-02   16384*x^15   10000
  15    188   4.945e-02   16384*x^15   10000
  15    189   4.662e-02   16384*x^15   10000
  15    190   4.702e-02   16384*x^15   10000
  15    191   4.575e-02   16384*x^15   10000
  15    192   4.729e-02   16384*x^15   10000
  15    193   4.341e-02   16384*x^15   10000
  15    194   4.521e-02   16384*x^15   10000
  15    195   4.340e-02   16384*x^15   10000
  15    196   4.766e-02   16384*x^15   10000
  15    197   4.657e-02   16384*x^15   10000
  15    198   4.377e-02   16384*x^15   10000
  15    199   4.468e-02   16384*x^15   10000
  15    200   4.526e-02   16384*x^15   10000

  16    100   3.483e-02   54152*x^16   76168
  16    101   3.962e-02   54152*x^16   76168
  16    102   3.742e-02   54152*x^16   76168
  16    103   3.845e-02   54152*x^16   76168
  16    104   3.664e-02   54152*x^16   76168
  16    105   3.548e-02   54152*x^16   76168
  16    106   3.680e-02   54152*x^16   76168
  16    107   3.713e-02   54152*x^16   76168
  16    108   3.836e-02   54152*x^16   76168
  16    109   3.587e-02   54152*x^16   76168
  16    110   3.950e-02   54152*x^16   76168
  16    111   4.141e-02   54152*x^16   76168
  16    112   3.483e-02   54152*x^16   76168
  16    113   3.600e-02   54152*x^16   76168
  16    114   3.555e-02   54152*x^16   76168
  16    115   4.154e-02   54152*x^16   76168
  16    116   4.285e-02   69131*x^16   31735
  16    117   4.074e-02   69131*x^16   31735
  16    118   3.793e-02   69131*x^16   31735
  16    119   3.968e-02   69131*x^16   31735
  16    120   4.132e-02   69131*x^16   31735
  16    121   4.336e-02   69131*x^16   31735
  16    122   4.127e-02   69131*x^16   31735
  16    123   4.407e-02   69131*x^16   31735
  16    124   4.071e-02   69131*x^16   31735
  16    125   4.009e-02   69131*x^16   31735
  16    126   3.999e-02   69131*x^16   31735
  16    127   4.471e-02   69131*x^16   31735
  16    128   4.083e-02   69131*x^16   31735
  16    129   4.217e-02   69131*x^16   31735
  16    130   4.063e-02   69131*x^16   31735
  16    131   4.012e-02   69131*x^16   31735
  16    132   4.308e-02   69131*x^16   31735
  16    133   4.422e-02   69131*x^16   31735
  16    134   4.108e-02   69131*x^16   31735
  16    135   4.452e-02   16384*x^16   10000
  16    136   4.136e-02   16384*x^16   10000
  16    137   4.097e-02   16384*x^16   10000
  16    138   3.929e-02   16384*x^16   10000
  16    139   4.109e-02   16384*x^16   10000
  16    140   3.945e-02   16384*x^16   10000
  16    141   4.006e-02   16384*x^16   10000
  16    142   4.086e-02   16384*x^16   10000
  16    143   3.942e-02   16384*x^16   10000
  16    144   4.055e-02   16384*x^16   10000
  16    145   3.906e-02   16384*x^16   10000
  16    146   4.235e-02   16384*x^16   10000
  16    147   4.448e-02   16384*x^16   10000
  16    148   4.156e-02   16384*x^16   10000
  16    149   3.932e-02   16384*x^16   10000
  16    150   4.026e-02   16384*x^16   10000
  16    151   4.021e-02   16384*x^16   10000
  16    152   3.867e-02   16384*x^16   10000
  16    153   4.127e-02   16384*x^16   10000
  16    154   4.038e-02   16384*x^16   10000
  16    155   4.772e-02   16384*x^16   10000
  16    156   4.709e-02   16384*x^16   10000
  16    157   5.062e-02   16384*x^16   10000
  16    158   4.854e-02   16384*x^16   10000
  16    159   4.839e-02   16384*x^16   10000
  16    160   4.210e-02   16384*x^16   10000
  16    161   4.313e-02   16384*x^16   10000
  16    162   4.382e-02   16384*x^16   10000
  16    163   4.388e-02   16384*x^16   10000
  16    164   4.194e-02   16384*x^16   10000
  16    165   4.431e-02   16384*x^16   10000
  16    166   4.416e-02   16384*x^16   10000
  16    167   4.373e-02   16384*x^16   10000
  16    168   4.510e-02   16384*x^16   10000
  16    169   4.266e-02   16384*x^16   10000
  16    170   4.490e-02   16384*x^16   10000
  16    171   4.614e-02   16384*x^16   10000
  16    172   4.634e-02   16384*x^16   10000
  16    173   4.181e-02   16384*x^16   10000
  16    174   4.743e-02   16384*x^15   10000
  16    175   4.724e-02   16384*x^15   10000
  16    176   4.702e-02   16384*x^15   10000
  16    177   4.915e-02   16384*x^15   10000
  16    178   5.250e-02   16384*x^15   10000
  16    179   5.124e-02   16384*x^15   10000
  16    180   4.885e-02   16384*x^15   10000
  16    181   4.400e-02   16384*x^15   10000
  16    182   4.530e-02   16384*x^15   10000
  16    183   4.705e-02   16384*x^15   10000
  16    184   4.638e-02   16384*x^15   10000
  16    185   4.740e-02   16384*x^15   10000
  16    186   4.555e-02   16384*x^15   10000
  16    187   4.819e-02   16384*x^15   10000
  16    188   4.758e-02   16384*x^15   10000
  16    189   4.833e-02   16384*x^15   10000
  16    190   4.729e-02   16384*x^15   10000
  16    191   4.963e-02   16384*x^15   10000
  16    192   4.757e-02   16384*x^15   10000
  16    193   4.997e-02   16384*x^16   10000
  16    194   5.199e-02   16384*x^16   10000
  16    195   5.271e-02   16384*x^16   10000
  16    196   4.820e-02   16384*x^16   10000
  16    197   5.030e-02   16384*x^16   10000
  16    198   5.344e-02   16384*x^16   10000
  16    199   4.710e-02   16384*x^16   10000
  16    200   4.882e-02   16384*x^16   10000

  17    100   4.605e-02   33950*x^17   13292
  17    101   4.654e-02   33950*x^17   13292
  17    102   4.681e-02   33950*x^17   13292
  17    103   4.321e-02   33950*x^17   13292
  17    104   4.284e-02   33950*x^17   13292
  17    105   4.134e-02   33950*x^17   13292
  17    106   4.327e-02   33950*x^17   13292
  17    107   4.195e-02   33950*x^17   13292
  17    108   4.121e-02   33950*x^17   13292
  17    109   4.627e-02   33950*x^17   13292
  17    110   4.716e-02   33950*x^17   13292
  17    111   4.139e-02   33950*x^17   13292
  17    112   4.337e-02   33950*x^17   13292
  17    113   4.342e-02   33950*x^17   13292
  17    114   4.373e-02   33950*x^17   13292
  17    115   4.568e-02   33950*x^17   13292
  17    116   4.958e-02   474227*x^17   358954
  17    117   4.605e-02   474227*x^17   358954
  17    118   4.514e-02   474227*x^17   358954
  17    119   4.522e-02   474227*x^17   358954
  17    120   4.516e-02   474227*x^17   358954
  17    121   4.616e-02   474227*x^17   358954
  17    122   4.444e-02   474227*x^17   358954
  17    123   4.541e-02   474227*x^17   358954
  17    124   4.701e-02   474227*x^17   358954
  17    125   5.128e-02   474227*x^17   358954
  17    126   5.024e-02   474227*x^17   358954
  17    127   4.981e-02   474227*x^17   358954
  17    128   5.228e-02   474227*x^17   358954
  17    129   5.146e-02   474227*x^17   358954
  17    130   4.578e-02   474227*x^17   358954
  17    131   4.667e-02   474227*x^17   358954
  17    132   4.572e-02   474227*x^17   358954
  17    133   4.386e-02   474227*x^17   358954
  17    134   5.068e-02   474227*x^17   358954
  17    135   4.572e-02   16384*x^17   10000
  17    136   4.894e-02   16384*x^17   10000
  17    137   4.778e-02   16384*x^17   10000
  17    138   4.770e-02   16384*x^17   10000
  17    139   4.830e-02   16384*x^17   10000
  17    140   4.796e-02   16384*x^17   10000
  17    141   5.141e-02   16384*x^17   10000
  17    142   5.084e-02   16384*x^17   10000
  17    143   4.542e-02   16384*x^17   10000
  17    144   4.678e-02   16384*x^17   10000
  17    145   4.728e-02   16384*x^17   10000
  17    146   4.619e-02   16384*x^17   10000
  17    147   4.293e-02   16384*x^17   10000
  17    148   4.968e-02   16384*x^17   10000
  17    149   5.088e-02   16384*x^17   10000
  17    150   4.662e-02   16384*x^17   10000
  17    151   4.819e-02   16384*x^17   10000
  17    152   4.886e-02   16384*x^17   10000
  17    153   4.786e-02   16384*x^17   10000
  17    154   4.798e-02   16384*x^17   10000
  17    155   5.096e-02   16384*x^17   10000
  17    156   5.440e-02   16384*x^17   10000
  17    157   5.270e-02   16384*x^17   10000
  17    158   5.070e-02   16384*x^17   10000
  17    159   4.942e-02   16384*x^17   10000
  17    160   5.326e-02   16384*x^17   10000
  17    161   5.637e-02   16384*x^17   10000
  17    162   5.495e-02   16384*x^17   10000
  17    163   5.007e-02   16384*x^17   10000
  17    164   4.848e-02   16384*x^17   10000
  17    165   4.924e-02   16384*x^17   10000
  17    166   5.343e-02   16384*x^17   10000
  17    167   4.952e-02   16384*x^17   10000
  17    168   5.044e-02   16384*x^17   10000
  17    169   4.823e-02   16384*x^17   10000
  17    170   4.851e-02   16384*x^17   10000
  17    171   4.926e-02   16384*x^17   10000
  17    172   5.276e-02   16384*x^17   10000
  17    173   5.094e-02   16384*x^17   10000
  17    174   5.775e-02   16384*x^17   10000
  17    175   5.233e-02   16384*x^17   10000
  17    176   5.140e-02   16384*x^17   10000
  17    177   4.957e-02   16384*x^17   10000
  17    178   5.087e-02   16384*x^17   10000
  17    179   5.363e-02   16384*x^17   10000
  17    180   5.497e-02   16384*x^17   10000
  17    181   5.325e-02   16384*x^17   10000
  17    182   5.426e-02   16384*x^17   10000
  17    183   5.828e-02   16384*x^17   10000
  17    184   5.321e-02   16384*x^17   10000
  17    185   5.129e-02   16384*x^17   10000
  17    186   5.242e-02   16384*x^17   10000
  17    187   5.320e-02   16384*x^17   10000
  17    188   5.567e-02   16384*x^17   10000
  17    189   5.489e-02   16384*x^17   10000
  17    190   5.502e-02   16384*x^17   10000
  17    191   5.183e-02   16384*x^17   10000
  17    192   5.033e-02   16384*x^17   10000
  17    193   5.237e-02   16384*x^17   10000
  17    194   5.497e-02   16384*x^17   10000
  17    195   5.491e-02   16384*x^17   10000
  17    196   5.795e-02   16384*x^17   10000
  17    197   5.736e-02   16384*x^17   10000
  17    198   5.456e-02   16384*x^17   10000
  17    199   5.266e-02   16384*x^17   10000
  17    200   5.514e-02   16384*x^17   10000

  18    100   4.522e-02   12209*x^18   45207
  18    101   4.802e-02   12209*x^18   45207
  18    102   5.009e-02   12209*x^18   45207
  18    103   5.484e-02   12209*x^18   45207
  18    104   4.807e-02   12209*x^18   45207
  18    105   4.848e-02   12209*x^18   45207
  18    106   4.907e-02   12209*x^18   45207
  18    107   4.855e-02   12209*x^18   45207
  18    108   4.703e-02   12209*x^18   45207
  18    109   4.847e-02   12209*x^18   45207
  18    110   4.752e-02   12209*x^18   45207
  18    111   5.049e-02   12209*x^18   45207
  18    112   4.727e-02   12209*x^18   45207
  18    113   5.271e-02   12209*x^18   45207
  18    114   5.231e-02   12209*x^18   45207
  18    115   5.074e-02   12209*x^18   45207
  18    116   5.571e-02   5237*x^18   309513
  18    117   5.198e-02   5237*x^18   309513
  18    118   5.540e-02   5237*x^18   309513
  18    119   5.319e-02   5237*x^18   309513
  18    120   5.112e-02   5237*x^18   309513
  18    121   5.257e-02   5237*x^18   309513
  18    122   5.194e-02   5237*x^18   309513
  18    123   5.164e-02   5237*x^18   309513
  18    124   5.399e-02   5237*x^18   309513
  18    125   5.193e-02   5237*x^18   309513
  18    126   4.916e-02   5237*x^18   309513
  18    127   4.940e-02   5237*x^18   309513
  18    128   5.361e-02   5237*x^18   309513
  18    129   5.469e-02   5237*x^18   309513
  18    130   5.325e-02   5237*x^18   309513
  18    131   5.615e-02   5237*x^18   309513
  18    132   5.334e-02   5237*x^18   309513
  18    133   5.656e-02   5237*x^18   309513
  18    134   5.478e-02   5237*x^18   309513
  18    135   5.675e-02   1305097*x^18   547494
  18    136   5.578e-02   1305097*x^18   547494
  18    137   5.662e-02   1305097*x^18   547494
  18    138   4.899e-02   1305097*x^18   547494
  18    139   5.289e-02   1305097*x^18   547494
  18    140   5.545e-02   1305097*x^18   547494
  18    141   5.188e-02   1305097*x^18   547494
  18    142   5.465e-02   1305097*x^18   547494
  18    143   5.272e-02   1305097*x^18   547494
  18    144   5.487e-02   1305097*x^18   547494
  18    145   5.196e-02   1305097*x^18   547494
  18    146   5.111e-02   1305097*x^18   547494
  18    147   5.020e-02   1305097*x^18   547494
  18    148   4.983e-02   1305097*x^18   547494
  18    149   5.167e-02   1305097*x^18   547494
  18    150   5.194e-02   1305097*x^18   547494
  18    151   5.740e-02   1305097*x^18   547494
  18    152   5.252e-02   1305097*x^18   547494
  18    153   5.720e-02   1305097*x^18   547494
  18    154   5.196e-02   1305097*x^18   547494
  18    155   5.704e-02   16384*x^18   10000
  18    156   6.053e-02   16384*x^18   10000
  18    157   5.331e-02   16384*x^18   10000
  18    158   5.332e-02   16384*x^18   10000
  18    159   5.483e-02   16384*x^18   10000
  18    160   5.467e-02   16384*x^18   10000
  18    161   5.325e-02   16384*x^18   10000
  18    162   5.561e-02   16384*x^18   10000
  18    163   5.439e-02   16384*x^18   10000
  18    164   5.541e-02   16384*x^18   10000
  18    165   6.078e-02   16384*x^18   10000
  18    166   5.552e-02   16384*x^18   10000
  18    167   5.612e-02   16384*x^18   10000
  18    168   5.480e-02   16384*x^18   10000
  18    169   6.046e-02   16384*x^18   10000
  18    170   5.551e-02   16384*x^18   10000
  18    171   5.517e-02   16384*x^18   10000
  18    172   5.512e-02   16384*x^18   10000
  18    173   5.489e-02   16384*x^18   10000
  18    174   6.180e-02   16384*x^18   10000
  18    175   5.533e-02   16384*x^18   10000
  18    176   5.767e-02   16384*x^18   10000
  18    177   6.402e-02   16384*x^18   10000
  18    178   5.697e-02   16384*x^18   10000
  18    179   6.256e-02   16384*x^18   10000
  18    180   5.784e-02   16384*x^18   10000
  18    181   5.786e-02   16384*x^18   10000
  18    182   5.791e-02   16384*x^18   10000
  18    183   6.024e-02   16384*x^18   10000
  18    184   5.750e-02   16384*x^18   10000
  18    185   6.081e-02   16384*x^18   10000
  18    186   5.913e-02   16384*x^18   10000
  18    187   6.087e-02   16384*x^18   10000
  18    188   6.005e-02   16384*x^18   10000
  18    189   5.896e-02   16384*x^18   10000
  18    190   6.083e-02   16384*x^18   10000
  18    191   5.964e-02   16384*x^18   10000
  18    192   5.695e-02   16384*x^18   10000
  18    193   5.954e-02   16384*x^18   10000
  18    194   5.935e-02   16384*x^18   10000
  18    195   6.548e-02   16384*x^18   10000
  18    196   6.655e-02   16384*x^18   10000
  18    197   6.429e-02   16384*x^18   10000
  18    198   6.108e-02   16384*x^18   10000
  18    199   5.873e-02   16384*x^18   10000
  18    200   5.844e-02   16384*x^18   10000

  19    100   5.222e-02   1528*x^19   19906
  19    101   5.402e-02   1528*x^19   19906
  19    102   5.161e-02   1528*x^19   19906
  19    103   5.556e-02   1528*x^19   19906
  19    104   5.208e-02   1528*x^19   19906
  19    105   5.499e-02   1528*x^19   19906
  19    106   5.256e-02   1528*x^19   19906
  19    107   5.425e-02   1528*x^19   19906
  19    108   5.288e-02   1528*x^19   19906
  19    109   5.158e-02   1528*x^19   19906
  19    110   5.500e-02   1528*x^19   19906
  19    111   5.621e-02   1528*x^19   19906
  19    112   5.143e-02   1528*x^19   19906
  19    113   5.089e-02   1528*x^19   19906
  19    114   5.577e-02   1528*x^19   19906
  19    115   5.730e-02   1528*x^19   19906
  19    116   5.957e-02   17002*x^19   6084
  19    117   5.997e-02   17002*x^19   6084
  19    118   6.403e-02   17002*x^19   6084
  19    119   5.630e-02   17002*x^19   6084
  19    120   5.809e-02   17002*x^19   6084
  19    121   6.470e-02   17002*x^19   6084
  19    122   6.066e-02   17002*x^19   6084
  19    123   6.206e-02   17002*x^19   6084
  19    124   6.140e-02   17002*x^19   6084
  19    125   5.991e-02   17002*x^19   6084
  19    126   5.979e-02   17002*x^19   6084
  19    127   6.106e-02   17002*x^19   6084
  19    128   6.707e-02   17002*x^19   6084
  19    129   5.693e-02   17002*x^19   6084
  19    130   5.824e-02   17002*x^19   6084
  19    131   5.877e-02   17002*x^19   6084
  19    132   6.002e-02   17002*x^19   6084
  19    133   6.451e-02   17002*x^19   6084
  19    134   6.137e-02   17002*x^19   6084
  19    135   6.275e-02   279085*x^19   65234
  19    136   5.974e-02   279085*x^19   65234
  19    137   6.081e-02   279085*x^19   65234
  19    138   5.966e-02   279085*x^19   65234
  19    139   5.732e-02   279085*x^19   65234
  19    140   5.766e-02   279085*x^19   65234
  19    141   6.178e-02   279085*x^19   65234
  19    142   6.022e-02   279085*x^19   65234
  19    143   5.850e-02   279085*x^19   65234
  19    144   6.504e-02   279085*x^19   65234
  19    145   5.820e-02   279085*x^19   65234
  19    146   6.060e-02   279085*x^19   65234
  19    147   5.649e-02   279085*x^19   65234
  19    148   5.840e-02   279085*x^19   65234
  19    149   6.240e-02   279085*x^19   65234
  19    150   6.125e-02   279085*x^19   65234
  19    151   6.073e-02   279085*x^19   65234
  19    152   5.598e-02   279085*x^19   65234
  19    153   5.865e-02   279085*x^19   65234
  19    154   5.902e-02   279085*x^19   65234
  19    155   6.232e-02   16384*x^19   10000
  19    156   6.076e-02   16384*x^19   10000
  19    157   6.079e-02   16384*x^19   10000
  19    158   5.940e-02   16384*x^19   10000
  19    159   5.924e-02   16384*x^19   10000
  19    160   5.983e-02   16384*x^19   10000
  19    161   6.303e-02   16384*x^19   10000
  19    162   6.276e-02   16384*x^19   10000
  19    163   6.091e-02   16384*x^19   10000
  19    164   6.052e-02   16384*x^19   10000
  19    165   6.489e-02   16384*x^19   10000
  19    166   6.211e-02   16384*x^19   10000
  19    167   6.127e-02   16384*x^19   10000
  19    168   5.954e-02   16384*x^19   10000
  19    169   6.145e-02   16384*x^19   10000
  19    170   5.998e-02   16384*x^19   10000
  19    171   6.153e-02   16384*x^19   10000
  19    172   6.040e-02   16384*x^19   10000
  19    173   5.932e-02   16384*x^19   10000
  19    174   6.486e-02   16384*x^19   10000
  19    175   6.230e-02   16384*x^19   10000
  19    176   6.148e-02   16384*x^19   10000
  19    177   6.549e-02   16384*x^19   10000
  19    178   6.805e-02   16384*x^19   10000
  19    179   6.885e-02   16384*x^19   10000
  19    180   6.537e-02   16384*x^19   10000
  19    181   6.816e-02   16384*x^19   10000
  19    182   6.611e-02   16384*x^19   10000
  19    183   6.548e-02   16384*x^19   10000
  19    184   6.863e-02   16384*x^19   10000
  19    185   6.704e-02   16384*x^19   10000
  19    186   6.399e-02   16384*x^19   10000
  19    187   6.749e-02   16384*x^19   10000
  19    188   6.671e-02   16384*x^19   10000
  19    189   6.550e-02   16384*x^19   10000
  19    190   6.403e-02   16384*x^19   10000
  19    191   6.690e-02   16384*x^19   10000
  19    192   6.408e-02   16384*x^19   10000
  19    193   6.502e-02   16384*x^19   10000
  19    194   6.630e-02   16384*x^19   10000
  19    195   6.833e-02   16384*x^19   10000
  19    196   6.772e-02   16384*x^19   10000
  19    197   6.500e-02   16384*x^19   10000
  19    198   6.746e-02   16384*x^19   10000
  19    199   6.626e-02   16384*x^19   10000
  19    200   6.866e-02   16384*x^19   10000

  20    100   5.959e-02   1313*x^20   18548
  20    101   5.973e-02   1313*x^20   18548
  20    102   5.837e-02   1313*x^20   18548
  20    103   6.050e-02   1313*x^20   18548
  20    104   6.497e-02   1313*x^20   18548
  20    105   5.712e-02   1313*x^20   18548
  20    106   5.850e-02   1313*x^20   18548
  20    107   5.843e-02   1313*x^20   18548
  20    108   5.948e-02   1313*x^20   18548
  20    109   5.833e-02   1313*x^20   18548
  20    110   6.443e-02   1313*x^20   18548
  20    111   6.221e-02   1313*x^20   18548
  20    112   6.207e-02   1313*x^20   18548
  20    113   6.214e-02   1313*x^20   18548
  20    114   6.011e-02   1313*x^20   18548
  20    115   6.080e-02   1313*x^20   18548
  20    116   6.912e-02   5809*x^20   9973
  20    117   6.987e-02   5809*x^20   9973
  20    118   6.553e-02   5809*x^20   9973
  20    119   6.774e-02   5809*x^20   9973
  20    120   6.990e-02   5809*x^20   9973
  20    121   6.998e-02   5809*x^20   9973
  20    122   7.199e-02   5809*x^20   9973
  20    123   6.586e-02   5809*x^20   9973
  20    124   6.475e-02   5809*x^20   9973
  20    125   6.644e-02   5809*x^20   9973
  20    126   6.696e-02   5809*x^20   9973
  20    127   6.720e-02   5809*x^20   9973
  20    128   6.841e-02   5809*x^20   9973
  20    129   6.989e-02   5809*x^20   9973
  20    130   6.752e-02   5809*x^20   9973
  20    131   6.679e-02   5809*x^20   9973
  20    132   6.667e-02   5809*x^20   9973
  20    133   6.661e-02   5809*x^20   9973
  20    134   6.819e-02   5809*x^20   9973
  20    135   6.965e-02   10127*x^20   96058
  20    136   6.633e-02   10127*x^20   96058
  20    137   6.847e-02   10127*x^20   96058
  20    138   6.930e-02   10127*x^20   96058
  20    139   6.652e-02   10127*x^20   96058
  20    140   6.828e-02   10127*x^20   96058
  20    141   7.245e-02   10127*x^20   96058
  20    142   6.771e-02   10127*x^20   96058
  20    143   7.079e-02   10127*x^20   96058
  20    144   6.718e-02   10127*x^20   96058
  20    145   6.921e-02   10127*x^20   96058
  20    146   6.866e-02   10127*x^20   96058
  20    147   6.675e-02   10127*x^20   96058
  20    148   6.838e-02   10127*x^20   96058
  20    149   7.201e-02   10127*x^20   96058
  20    150   7.297e-02   10127*x^20   96058
  20    151   7.308e-02   10127*x^20   96058
  20    152   7.186e-02   10127*x^20   96058
  20    153   7.487e-02   10127*x^20   96058
  20    154   6.797e-02   10127*x^20   96058
  20    155   6.943e-02   16384*x^20   10000
  20    156   6.692e-02   16384*x^20   10000
  20    157   6.661e-02   16384*x^20   10000
  20    158   6.752e-02   16384*x^20   10000
  20    159   6.726e-02   16384*x^20   10000
  20    160   6.914e-02   16384*x^20   10000
  20    161   7.274e-02   16384*x^20   10000
  20    162   6.916e-02   16384*x^20   10000
  20    163   7.164e-02   16384*x^20   10000
  20    164   7.164e-02   16384*x^20   10000
  20    165   7.183e-02   16384*x^20   10000
  20    166   7.457e-02   16384*x^20   10000
  20    167   6.850e-02   16384*x^20   10000
  20    168   7.158e-02   16384*x^20   10000
  20    169   7.026e-02   16384*x^20   10000
  20    170   7.110e-02   16384*x^20   10000
  20    171   6.803e-02   16384*x^20   10000
  20    172   6.882e-02   16384*x^20   10000
  20    173   6.770e-02   16384*x^20   10000
  20    174   7.449e-02   16384*x^20   10000
  20    175   6.917e-02   16384*x^20   10000
  20    176   7.075e-02   16384*x^20   10000
  20    177   7.108e-02   16384*x^20   10000
  20    178   7.144e-02   16384*x^20   10000
  20    179   7.063e-02   16384*x^20   10000
  20    180   7.156e-02   16384*x^20   10000
  20    181   7.587e-02   16384*x^20   10000
  20    182   7.094e-02   16384*x^20   10000
  20    183   7.141e-02   16384*x^20   10000
  20    184   6.886e-02   16384*x^20   10000
  20    185   7.033e-02   16384*x^20   10000
  20    186   7.279e-02   16384*x^20   10000
  20    187   6.864e-02   16384*x^20   10000
  20    188   6.989e-02   16384*x^20   10000
  20    189   7.026e-02   16384*x^20   10000
  20    190   7.398e-02   16384*x^20   10000
  20    191   7.006e-02   16384*x^20   10000
  20    192   6.994e-02   16384*x^20   10000
  20    193   7.210e-02   16384*x^20   10000
  20    194   7.203e-02   16384*x^20   10000
  20    195   7.400e-02   16384*x^20   10000
  20    196   7.418e-02   16384*x^20   10000
  20    197   7.590e-02   16384*x^20   10000
  20    198   7.379e-02   16384*x^20   10000
  20    199   7.275e-02   16384*x^20   10000
  20    200   7.365e-02   16384*x^20   10000

