  10   1000   8.990e-02   86018169381674163398717231686577461136305865011096728558479876596658142*x^10   2219196323324749335878231992390246241977067037117373751460222437178145287
  10   2000   2.539e-01   7269558958433057784517310071744255853103170686099912320273314275610649112413791145024617703288587761629137813900195193224126152216417127092823654*x^10   26148333387063347741106907961696972938137155829278411076562367528092292394629363281419114119196753506711147476903703430201382675450115204821525032
  10   3000   5.721e-01   85705101280950136645324199153638788298549432604601706058807924670152691784045915599026118943611846886525962675030557293177701336729099816206770690463426251126827475323948986196031415182278329898037489070463820510571688*x^10   219128672751912929283216901364765630273598523745099950203899711377509449555595835796680036492624642288448917051913209410656953879253655763816369085668685091904699129776374121347968184632072899225807585522856477699404375
  10   4000   1.059e+00   426949782812726434985483240075621957915981794400512583087967397110572379444098998614482811711054018964327226607926718831324495434445301410439706067330108909326578664673615683956131871823967912843129054867244767579128898399540187808926941063883396332179349233059700580718601237427659689627131*x^10   199625327424351515920393042623641299820652527623500760060782786344320943796763796664252672243628723577063918884223308858096439440951576409962988665291218419277124440300537668444646619529402139152039252967431399841399806562927815594013417436561440417598208112373173784601908974455043335894316
  10   5000   1.769e+00   816179651270016518712122991649400639409289774972394541764751891148213477281573861138182440844720482671322246715157442372581578896537288934750378167344771151244193060833643217436858422974311291016387214421666500144644274392625874915555552127993667858815893085490007775607333772090364998295744474976328257867518990879492276331231873211013874033234917753153033382399*x^10   5702436840828616030810857495113253873623784566405364941151898551890619703607726780269097723695693689759721259824222402989379792371530194296425698258505069654043611045176657173031173123492712355073547381057845050565458744867621750872734450875549584918551358276636304848228936460767012137265754636905236009495276125819244671415466381692208443087296216722374255466910
  10   6000   2.741e+00   78306307814429985356109998329046767956937020870996897289251075704901575626354306664261372335102718423573406119956121915165526367841913219547717437573544210994742560431381813466432119961233372095960060843923000771165727013750267492483872553680594636200972451501082105402888064821813582192266633532472074682375151109754176565501006078017327837111322510813619736690391201597858052452607069515164442284430191715696285584133924074764777561208*x^10   23354501136343486699834625230728045719890038947891938846083317691569942911812924127813549182811003139356589541798007766545502155683101256258136800139071810737555946719267532974449247003882998344189473037916492602059516584005316978559117762853679626778590965932577015211049624992597542526805697005427338910075006874431277313697006949050420168760333516900652636575056347354590607348675681216457213612825294392938525319146263435994532300870
  10   7000   3.974e+00   99653569797783919124052872431526565333346884720985985684830117765524661138915406470779659804290516554825835428050027449176154538612368997936864472131716434194756096952551501213122900595234931153078029247275453260958581864849085460768075320322197316387241179080990220760810664034674400058181546119838484421193488773296730155964702932920743972865617051175761636907179044514813946233012438547625654004956470430184205752407370439460323195355651488679984984186327065222427189669535608042603412746629008711105481697*x^10   249134831421402201730223740165327230333363406433624424161967972911437102135768572690291812000870330398108805546509122255830210798351048374834470373220248361042084973716360819843492672483813933168665439945804199984967979716381853480969530757707519132984637032649398991016881750476756914967476735763709380547244734956577154195204975188424738230454310173050991725179089659475159569362174883836156803733407077551771969557115524040593494660369956804978876187577746967052922539826602379745708856946871293269007816592
  10   8000   5.452e+00   1595167393811666305635720736009122616585895977703259331880326330709901273720820504056486070709937165921279658368861757986945937115305781502267226523380896042818297692957189045763834282639583950963286557804247202414220698023946332051358106553840460225413537374534687172007002932874430013338168542631861647565128818761335093850779827517533612227342591697335340539541454671966492086094247428887232737326048983887206186468185526777846975520939068170725660831133142802248202304306351798574575048113568130214956307518614546160509677838974607397767634769726146602495944440307897676387672899*x^10   246349593149155708943284147694044461181997808361932786008200112399459602277940660685668480989231876364963131887558179164226529304636789509869231429308343611809620780628060285115878238828993159857505083059564626916697586541361372722626810397583560495665775532487879694604374032001396751949520568823122493289239962882330479332721127643734462277049605972059221048959941325156739398828790679750694597023489810957240872736646802501538235131743185227517174783883009258620743797252662370562664280275124557688078182783643058762445573723632690167709539745498675354684031124882372104631180933
  10   9000   7.199e+00   8522582512568403246647435639824420624114067953544973522172689401303600886315959044049554670382186611505258278554443808090185745039007772096257015344811162018856111478908633693870772520286076572618054727244609216771509219727924825689149989764935220077621571788121858824522496613813213424584174164671032101351405057787895877651144194024069162166056870142133373306021523790634138604210739719406877887768649514592581064338915544973994655762910414911353407915735185877531832111302131590489247557428291799661362588499544095379132587493071525480260428193149943248099096580098469598889020303732837641553125350517351458895661291680962651779881690734559814899038387*x^10   4934272065897964667808256556463285437924537833400244974714399408082352058939563482657935435733448067303415759139494689945309991626090374234595668971417067865066658458319146089915705082516127764427657543696978039227171634687940361586712024112121440700162344149052748640612421078586191170784859707387075803339013771198844512358533564583173835871589109628111608482738580350760372836334557230900386795193221755951806055883659395130847265191637598965156493835102653506468081068172024521388287017539784601924105328720410071536396743030225181295495220049021439996252894243961214045741647192220674460603872935523821772352254606853431291232644629306107000616875084
  10  10000   9.309e+00   41794259829130299771153938481134068151178268705358467678728878567290821772774880074654916743181383547888806745204548860916882008725937260183938905749595750160666249169773862888114985730002077914652869535282215767462769973628822454833555497069825758204654449648869113833421835738532731012972886950923596806159905129610775397080267454563638544981193165302296177361265805379031860327257899337960909269088366189296261978491034285900664093557046152254983121519976005164388341854706758476209978169611528588504784015100925960057043511185362307749242849263033889744393849399803683161408543794556622656280266554157359500897295110058287887763869451274175557503150444734602827828876486540262530680167321730091839980415633749291292718735561*x^10   26251117584261021381513082789958088643242526451495490446305316250089535612417458593200814706012776996296507581452558221525617650026423431126297967211844663133074864060385072802172795081629979594718322185537379420520959855204235088870765196221015080501406445355908221415695416784190309121131392426314650895218976909637942700302384945150537217157300533759266794443855529881868971557273099076072790628554345164649570788759149861035700638888557703471403390628636202764823948156839014115830758704216539551339804862681038720530049009078873038628996405276568442036031190571844613298292674407481610498145899882542755092164206770896087356323553365467521426666771072691907541839704303011295113844353607509764539914969066796609804080848624

  20   1000   5.334e-01   1093152437565242064067305439092792825*x^20   17796142478686158898081929607690620995
  20   2000   1.449e+00   2415507062217469059652142203912960602406681519641034570474614114250955385382*x^20   8027922033087610753632956902898891843018307734548068244295647524138313334850
  20   3000   3.038e+00   733873517584555791197824481346823198906748229560277924352818566788638632136866734047382605872930843978763367667736*x^20   884642540542380357155586572432155648794582344466474599523416526972400002472024691885932794050334703008487895333550
  20   4000   5.544e+00   25392562708882117372778543741645816517216460470788210897290232591728190330124344818351763179034535569059457819255807507427037626471463391995408362995046*x^20   46983374991962282876621595075672848994494766902103628556643459112389928241089478244995694889726562628468742008904437653940614877188043764367354188224377
  20   5000   9.162e+00   28892828071231113571703277411018410234875147399966685553324744010324822382256191225877913723207544735331310923727786425486876902851400063592620788477841290272452985009555840628773953958317540*x^20   3076767573535764703135368013557839776565547545924376618549579520412624949258661640822757021170063247056975190212240702091901888780457785532919012504687755167279256944362468610881360541735668
  20   6000   1.433e+01   370564976987296241436322089718642062912152977118048775368489448155280252234730465637904199063811376588282612718004691962485637644300635826897055379247173628324589135206346011923778369912574738095647209277642826397577583959490248*x^20   3216831449356975788274957721976192177940706237997239586009442971039510131341705702682941200144713681310445282500477926111833683037491421277493031797054871986538365813805187872600396129659464748611598786476250607102693045887534093
  20   7000   2.068e+01   17803766791653974798714488825474615158342219018055750488227540415658019480423119352252760791621271910274638079358040813369043683400037240250414083291350215944391682294090246971169888725997011415071803062566691587234959530902565707278844150759326061664024685797908812*x^20   129993326699782481125594812482298582407085767351039008055488567204079824722204017315519304378664619228352714202408682985883781051316611233507706205445554787078609012650303377666139620392385136617098109858297703141555085196662661794479680568315756205537631490317975040
  20   8000   2.841e+01   1415242326224986124985216179599706817008508713603429751472877739244948035905022281114741931739068701978010577982354334172381998011975151349560633180920344310829412304535196940717143461350566639362161963131736994694400921658961444955641891185280543970992772116829927523050311378133654130972755423919113612*x^20   76551005329149859943322902920258557688759667749541493915677398950538458758665956716256973242469501333508120469054978343200007414410790268385459676910947889721756052743981467255401199003635020251293206545188950334088778252097367187679824062126689504225138451270216234256584095472112740088040166604694563218
  20   9000   3.803e+01   12605596410076808739143703049441034209890301189935539558742069109686511596150207570857919753804589523488207303759685401305508472509179061569163563447188666299562108715112081958830218389183517100646070179633328592850720042772296043067811607960465341240042155624644586789772508490799182664340319908494722231932580750256357454214185745583707341983*x^20   9791658433618495330021228132841190374296092254154182964420996238519115929336951225893090174768402270785032661313865064472772132259036036164207609151518148898576260031344629774791865340730702710655147177237052608337950949267532903364865852902614897510234104409547400182320847284295462700350974344086924808200756064651637144841439087903449349120
  20  10000   4.901e+01   1436780008435707767303205945533348434177821740713858937579796613127900307201463293244197570868616158384495148341808549359556558027340574156572657311911817675829411073362062846833403580920531055597446858235041204713827956231822136483566730482988446710276808849032028346370890541937099008581468191857342051251002381076773359849131684438365062699387798707370192436250749575746385900911*x^20   631489027378852151574892779087395568224644341444217459037033737394953917628280541373869871510179963790172289666254896750266401641319035091204274202767888238155090728296418064860541759658143630797601934616220349017645852497389464230241747809945039956430005472571996625656742914565916444179576479233176468909773974374158639953812511050559431796538662047930508921720063022233891311510

  30   1000   1.840e+00   1224502445767354370750970*x^30   1357166664729778204857169
  30   2000   4.667e+00   2725092783018040529021002845237469976972405760959*x^30   3112203797268902269008983912534050627842548134238801
  30   3000   9.221e+00   7323889526684210317935918675078437214053998502112935770174932031040757714083*x^30   33986848070398432337393075250965392787956888777924340090414297259902220185410
  30   4000   1.607e+01   2440221107577386561998089095450078121422601232019207857983126591435450802984543349798928466110387968*x^30   10025850175989219487818672736015393470760373430921780208234603622813367277135276496314414796988795471705
  30   5000   2.542e+01   396842547040612769604249517530344189916955750744218897815342160419238790959559583156988073111735952764071894862085727493958079734*x^30   701831717570479284199952666673418373547526412416551090614842226084460845834496735016609323504086283831896479557034418418843484523
  30   6000   3.849e+01   1064712846968622095444426855595991076005513291885183069245588591546332456121206230120628311961500912551374407884320451878835537172991585881722531108909126*x^30   42543253771785322244855910822774355338092789841715863193713419433324454916083597927211842041095312053757063090592333395877413512588659629848347435865367252
  30   7000   5.593e+01   520363420617763239439219164809061554142590408976273258229178914817851609147072219952878338246080761624864272060262663851022652876443262235769892812697343170180312893100603483457674*x^30   3162437672471189779171092157503027826236391785547442574117426904192082422708397169178851542139800790878658832651059888538318960567634150310925212711184807194976402837498079589676386
  30   8000   7.673e+01   26226038166077110499141192310383091446033841765294563934568114541735648977555714878423234484226139222897070126136683264455229045850571669996810766239152060472213223598610020014515628664641471639827225262739*x^30   270742220969157814056518019742699783675695866838721567728558204137214534505822310289447011316108084532849110112409179251818930671338370196882339124321023209234695522614757810213027252918306319265217670255973
  30   9000   1.031e+02   632961331392621183269616574571106017325762574027421837619318943607472780733751083241109678162468267245825084932463341682658990862279504220071399947703898541465862150058151829091779207567893946155857604522555783603590056836754805502*x^30   765341063300418103480037322563578372358959855715606440063423003795908777129653225259859040575019778536530669428620967252044331742695130400906687084546279915333900614483916079059378047209940232411922941808074197947648430733161504520
  30  10000   1.339e+02   63529918323780706042062006373394564076453844949992015975371844534613631822246556551668528168846017945743507644536810498420539660494843362823266726983089056351885922048826991141976552543381307906166976008475740470042861009435637725558085809585537602198814518*x^30   563639174719222475910427854954079223169610778708931640071504792211026624591814065178776829979182719103897207092487095897875437307935643544936182087554564690482201116305522446291902173284992335342948463253490944885617994776490587234264033371719182306678779721

  40   1000   4.526e+00   180262678203270508*x^40   1851692413007058434
  40   2000   1.116e+01   111076564947036986300667590167343752*x^40   529756171207562392103794848454832048624
  40   3000   2.109e+01   2936884837560583894662270978274564135604916175573726574349*x^40   6195268457063336692827726704320346578385809162613638657173
  40   4000   3.530e+01   648341337088377298355211308141719689842791177505293996153572534910055958660*x^40   464264738151643317129079563087104835511642108653428004880308487428567139138159
  40   5000   5.454e+01   188532400085690784135063842244890522282173084176974737120298028050270707541884184603275995439*x^40   31176138435991842534262649711118688750719602547119112247361269469240022131812870539065373161378970
  40   6000   8.105e+01   5835611841103730818929110177343285246767329684387371419275924070639675292074975700385381817888803709763234587677*x^40   982293180743101607992556624685301561186668020807044472383084589800501266412128793670966934730955199923517167966480529
  40   7000   1.146e+02   36477811357408949672755615992676053847713064218008394757633413962825261449488927362039955992652263868871203184845339968448132760069061885*x^40   21515879857299241929003595923441684122938538366412998183840075813006190575434291360657822294569308119766008518508081662509732935687339114
  40   8000   1.566e+02   312484016648485193665745578799484865998861070078315119256664545472725091811629831990115312017450873679203046324785087281902605981850414496731710864412341918*x^40   550189960441797196383546278556966760318094620909601306182421731967669053155157883884043072467185695505277238083327979986404348057383124479115400818192979905
  40   9000   2.082e+02   60895947640729430467751726531327991826417348559526303054026988138111141903475938313423671369401676768053542183715323828561264898514954476203662214732375583541430244806796569*x^40   46624156617389395904474277288149149512870726054886091617475652342482243248480375681187292853168426760856456830600408621338936434652033485451508122339543746152291068146459744385
  40  10000   2.706e+02   52631690415590608418964533557501641763579541510818136950148514561188883036239235402072561710719626962569382148274002821495387638074417988859157304253119605154951457653965744299003891639014320916*x^40   813365419421731448768461478055902512020053011549831175900000968466698399409995370888657151675710569344141484021322860859137903785721137991397433465447995626427575355510401690984588002768337315515

  50   1000   8.982e+00   273428650149*x^50   1066050217727830
  50   2000   2.223e+01   353768003172098023424792212153*x^50   8349282954287194009530152880990
  50   3000   4.049e+01   217188134766541493683484323711135694303337023*x^50   132754003477897065275403859765723064076648777805
  50   4000   6.650e+01   9865443790298566200754285207521888714628059762894863958037013*x^50   257805689979500546177402942241328093987641627275256841592170238
  50   5000   1.015e+02   22094482417445674529413209042923275565673651426141028103955219895718767406184*x^50   483233197925257765057214606992275677841576285784025619670875420013320659548739
  50   6000   1.474e+02   183656614430359028748073258344774260148105873037188347072687501080141453325282654745991100724*x^50   6236009162864307599251178610945853680139556433529720528932870740660177567488976206202864741584
  50   7000   2.051e+02   4403114126812466532752386078978994398325832772535651930236015720516823319429530448977890602502526680836654494*x^50   20701800076319614153984800551178530433611354440746275370190124919575821476654415600942205228117384760517279950
  50   8000   2.767e+02   37854808061505393721235314583218632084923053925719036462050029591069060359211199317815482247762293132004128238574394436209798*x^50   13021661807818375009479017262734657919861901940397712132742650931586423718354596572507857322927210153860288251437445227548529
  50   9000   3.674e+02   926958769324410456740044727528341692595628943773360898762924932248874855878811060804083184541973842019660026562008253920929994314052281876*x^50   231977511102587339684457140666871532008459594622250916457373652845012925979949191570817757124113403832985647664423447805286140964181093925937
  50  10000   4.747e+02   174049845541550903924498575486618717446153634428165909751065918005454063267507304100920348449621006876835745737819193815685466676658973041282649320620894*x^50   2391735673728514684118103242297353241882911631280529225143108016515315413755337524087391918498193107068531764854552201498219391642501899129970660925774910556

  60   1000   1.614e+01   319264498195*x^60   1809111646156
  60   2000   3.929e+01   680385503380357733060*x^60   8862746177801644852997575
  60   3000   7.102e+01   213186251066671997058445005092222244*x^60   1385391296937818263266950646947126942376
  60   4000   1.144e+02   61884394981977387121486354966643648214939584786125*x^60   3567282022575592755572016434386740906097248777911150
  60   5000   1.713e+02   5673197520699331650454630676931399601581182009620963466661638*x^60   132699353273830818263952117047845425260646456425505292546894939690
  60   6000   2.461e+02   255418421454591987749047977843645884437409426305628192160593789943205994906356*x^60   5825234528520123008085221029182050201517690866293798513964732927876229066437362
  60   7000   3.361e+02   69673616592896541012140500010770676907228689560808970169139189182173364522070431136829041*x^60   1638557771996117709053891655357656147992455003535938013073237472064721026359287387163126255
  60   8000   4.493e+02   2478185033602351795957092656905949447421918073421944182971812967191369768951985356719702534833834867186*x^60   330790465301273717757218215780788414812256884089751042236109144033702190766103108198970600320726947024371
  60   9000   5.903e+02   11232245014486457604278658163280128098294292758950025485634695566990232882247958748029233449364371197989960065173155*x^60   4802928457632443380295822284792762642162163091950007635302053823803196065685776030718254022120114137611230724679249404
  60  10000   7.560e+02   116078439453800383361176421736509307306463896532166836822444042302825983498644783053580388021883791635010023163548895106358073263*x^60   82088384825898860035161065492749556870865476631765628856983709576984912788725197415385290158623637962753333101445999149335677360886

  70   1000   2.607e+01   12230251933*x^70   24151840410
  70   2000   6.332e+01   11391309364089*x^70   6460295797625005616511
  70   3000   1.070e+02   2199023255552*x^70   1444408272617472
  70   4000   1.648e+02   2199023255552*x^70   1444408272617472
  70   5000   2.436e+02   2199023255552*x^70   1444408272617472
  70   6000   3.430e+02   2199023255552*x^70   1444408272617472
  70   7000   4.706e+02   2199023255552*x^70   1444408272617472
  70   8000   6.306e+02   2199023255552*x^70   1444408272617472
  70   9000   8.218e+02   2199023255552*x^70   1444408272617472
  70  10000   1.048e+03   2199023255552*x^70   1444408272617472

  80   1000   4.032e+01   80007423*x^80   3434263134
  80   2000   9.815e+01   4633921635*x^80   258455210428620444
  80   3000   1.525e+02   1099511627776*x^80   722204136308736
  80   4000   2.250e+02   1099511627776*x^80   722204136308736
  80   5000   3.243e+02   1099511627776*x^80   722204136308736
  80   6000   4.531e+02   1099511627776*x^80   722204136308736
  80   7000   6.184e+02   1099511627776*x^80   722204136308736
  80   8000   8.182e+02   1099511627776*x^80   722204136308736
  80   9000   1.067e+03   1099511627776*x^80   722204136308736
  80  10000   1.380e+03   1099511627776*x^80   722204136308736

  90   1000   5.895e+01   1329495*x^89   99193348
  90   2000   1.426e+02   31653429100475539*x^90   37894511798981149
  90   3000   2.133e+02   1099511627776*x^89   722204136308736
  90   4000   3.057e+02   1099511627776*x^89   722204136308736
  90   5000   4.240e+02   1099511627776*x^89   722204136308736
  90   6000   5.859e+02   1099511627776*x^90   722204136308736
  90   7000   7.982e+02   1099511627776*x^89   722204136308736
  90   8000   1.044e+03   1099511627776*x^90   722204136308736*x
  90   9000   1.376e+03   1099511627776*x^89   722204136308736
  90  10000   1.752e+03   1099511627776*x^90   722204136308736

 100   1000   8.129e+01   4256*x^100   4625460
 100   2000   1.964e+02   959*x^100   4259913706629663
 100   3000   2.973e+02   1099511627776*x^97   722204136308736*x
 100   4000   4.006e+02   1099511627776*x^99   722204136308736
 100   5000   5.510e+02   1099511627776*x^99   722204136308736
 100   6000   7.516e+02   2199023255552*x^100   1444408272617472
 100   7000   1.006e+03   1099511627776*x^100   722204136308736*x
 100   8000   1.323e+03   1099511627776*x^99   722204136308736
 100   9000   1.722e+03   1099511627776*x^99   722204136308736
 100  10000   2.184e+03   1099511627776*x^99   722204136308736*x^3

  60   2000   3.943e+01   680385503380357733060*x^60   8862746177801644852997575
  60   2100   4.277e+01   1034448793939979434430754585*x^60   1942518222873789091602565331
  60   2200   4.526e+01   483784644579230357373071*x^60   61999346616550191377698143608
  60   2300   4.811e+01   71607622078980335260990895109*x^60   543816257955417144337700322723
  60   2400   5.184e+01   401639267676096726496179579345*x^60   9250372513249449704325477117072
  60   2500   5.353e+01   1680364181002254321113475396239*x^60   282353496207123324378430958068929
  60   2600   5.693e+01   115528155668065563090762696258*x^60   3962419110657606345039150675591840
  60   2700   6.044e+01   3021818808187129554019867236364*x^60   99564016850766661952878638588598937
  60   2800   6.420e+01   2910755365121662647323231330559062*x^60   1524841241529740547939934712453544322
  60   2900   6.803e+01   979861710994726430466001373590852*x^60   21070270078705633954306852017705193450
  60   3000   7.064e+01   213186251066671997058445005092222244*x^60   1385391296937818263266950646947126942376

  61   2000   4.348e+01   1924915370069058578280*x^61   31113019524950309216201936
  61   2100   4.488e+01   105456873939194887908358768*x^61   1175231982239158139774801515
  61   2200   4.779e+01   388135966864934601862129*x^61   9770896326836700864376847387
  61   2300   5.019e+01   3219916689684179815048205*x^61   87409728856456091977595438723
  61   2400   5.390e+01   14150298675883855955156579817*x^61   9354039573851076886722600711731
  61   2500   5.874e+01   333006212752191851629029659469*x^61   31491430032919820004063160641352
  61   2600   6.008e+01   1212490337126305854689014315790*x^61   493762983796918323736967816715012
  61   2700   6.375e+01   8454724393236456808415099806241080*x^61   20201776570033722885003788806680913
  61   2800   6.781e+01   404422396344707611826583147563762531*x^61   117094486765489170408441791133128340
  61   2900   7.148e+01   415780260299521948042966559038258372*x^61   30641848735480194506524246263461095567
  61   3000   7.475e+01   176200901891575283745115040303057*x^61   432729149845027684362155106005269957410

  62   2000   4.327e+01   220368332702783528596503*x^62   9785208737347894190260122
  62   2100   4.711e+01   2080961628059448834*x^62   193982855641171392821762118
  62   2200   5.022e+01   61296120280169594803183340*x^62   5871568785356242062156149025
  62   2300   5.330e+01   29961688944998086136754656639*x^62   50260566692418530981568766718
  62   2400   5.626e+01   173225807233676476468854285820*x^62   161275752735292098377050181944
  62   2500   5.917e+01   2806794461703391610985642*x^62   34244180176981973101956269843528
  62   2600   6.276e+01   6066608802949112391453638409*x^62   120296123110787036609561422969875
  62   2700   6.692e+01   7544468023340370680086416357091*x^62   5721928864928740930580273523939612
  62   2800   7.116e+01   65515515793380274830495907542*x^62   130626297890547462628728811377042514
  62   2900   7.508e+01   1939356299818392294555005506644*x^62   5124397634000434702472382836322812534
  62   3000   7.894e+01   66048220723841248590227068370645244*x^62   62802984581755772332133585026027867385

  63   2000   4.565e+01   15399448739910167105727*x^63   3542057797858524689998896
  63   2100   4.972e+01   451568084338253816500793*x^63   85171695327757638170634218
  63   2200   5.397e+01   45254908606407529838950380*x^63   1908988053254555335674369847
  63   2300   5.577e+01   1642344503599282102835520*x^63   75269294330869591033612022020
  63   2400   5.915e+01   551332526070985141613957*x^63   550681302843359592325227126300
  63   2500   6.247e+01   66929913635523007797*x^63   15266521087822317417679400232910
  63   2600   6.606e+01   36555632369571521195*x^63   130239154993319313548148165163041
  63   2700   7.052e+01   1181263892558257514865139*x^63   1338765087995002617014747133849513
  63   2800   7.431e+01   161080486923645762554833396472732*x^63   41882160123596679745576419149320217
  63   2900   7.836e+01   40320705271114590443814385931*x^63   1001743418269689239075347774450645816
  63   3000   8.246e+01   3232144005808680757669307475293141723*x^63   6763112573050461919790889242844340883

  64   2000   4.790e+01   362645643423310273*x^64   1620811173269926086879899
  64   2100   5.189e+01   31827422436488653543*x^64   5670399791372400961653759
  64   2200   5.547e+01   16069276529661101274900830*x^64   275377289822670608090667475
  64   2300   5.871e+01   1099511627776*x^64   722204136308736
  64   2400   6.214e+01   1099511627776*x^64   722204136308736
  64   2500   6.526e+01   1099511627776*x^64   722204136308736
  64   2600   6.886e+01   1099511627776*x^64   722204136308736
  64   2700   7.327e+01   1099511627776*x^64   722204136308736
  64   2800   7.784e+01   1099511627776*x^64   722204136308736
  64   2900   8.164e+01   1099511627776*x^64   722204136308736
  64   3000   8.566e+01   1099511627776*x^64   722204136308736

  65   2000   5.048e+01   41072289814503365*x^65   1371034758964464848921156
  65   2100   5.528e+01   148568122305238*x^65   10961013316250089166095732
  65   2200   5.834e+01   46038101719142242760045380*x^65   129522292302876175497228730
  65   2300   6.178e+01   1099511627776*x^65   722204136308736
  65   2400   6.517e+01   1099511627776*x^65   722204136308736
  65   2500   6.830e+01   1099511627776*x^65   722204136308736
  65   2600   7.186e+01   1099511627776*x^65   722204136308736
  65   2700   7.637e+01   1099511627776*x^65   722204136308736
  65   2800   8.062e+01   1099511627776*x^65   722204136308736
  65   2900   8.494e+01   1099511627776*x^65   722204136308736
  65   3000   8.910e+01   1099511627776*x^65   722204136308736

  66   2000   5.259e+01   383180720344375165*x^66   1002726516008173901667340
  66   2100   5.705e+01   35230018146751085556600*x^66   3925688127273377361886168
  66   2200   6.104e+01   25931634189293676342*x^66   9845780517174513214613932
  66   2300   6.457e+01   1099511627776*x^66   722204136308736
  66   2400   6.818e+01   1099511627776*x^66   722204136308736
  66   2500   7.129e+01   1099511627776*x^66   722204136308736
  66   2600   7.532e+01   1099511627776*x^66   722204136308736
  66   2700   8.071e+01   1099511627776*x^66   722204136308736
  66   2800   8.402e+01   1099511627776*x^66   722204136308736
  66   2900   8.839e+01   1099511627776*x^66   722204136308736
  66   3000   9.199e+01   1099511627776*x^66   722204136308736

  67   2000   5.517e+01   593817060078285649*x^67   449872518258522596187792
  67   2100   6.010e+01   4383001616412298508*x^67   2782174697683501116113165
  67   2200   6.380e+01   1590027161045369493347185*x^67   42539990844252491270657519
  67   2300   6.712e+01   1099511627776*x^67   722204136308736
  67   2400   7.139e+01   1099511627776*x^67   722204136308736
  67   2500   7.457e+01   1099511627776*x^67   722204136308736
  67   2600   7.815e+01   1099511627776*x^67   722204136308736
  67   2700   8.328e+01   1099511627776*x^67   722204136308736
  67   2800   8.717e+01   1099511627776*x^67   722204136308736
  67   2900   9.157e+01   1099511627776*x^67   722204136308736
  67   3000   9.551e+01   1099511627776*x^67   722204136308736

  68   2000   5.756e+01   913984072929601*x^68   55427171948156544173930
  68   2100   6.262e+01   196878519836352276103939*x^68   393340659422865512753496
  68   2200   6.651e+01   464173864985875485583*x^68   3995818489572835640634118
  68   2300   7.041e+01   1099511627776*x^68   722204136308736
  68   2400   7.422e+01   1099511627776*x^68   722204136308736
  68   2500   7.786e+01   3298534883328*x^68   2166612408926208
  68   2600   8.166e+01   1099511627776*x^68   722204136308736
  68   2700   8.645e+01   1099511627776*x^68   722204136308736
  68   2800   9.108e+01   1099511627776*x^68   722204136308736
  68   2900   9.500e+01   1099511627776*x^68   722204136308736
  68   3000   1.002e+02   1099511627776*x^68   722204136308736

  69   2000   6.064e+01   94746879498505*x^69   17299989093883339103665
  69   2100   6.557e+01   542542255057219318655*x^69   442294725724483173473191
  69   2200   6.992e+01   1895276468476464020238791*x^69   6902568792046170942042046
  69   2300   7.547e+01   160913509087085171155345*x^69   172712921307654500564908401
  69   2400   7.908e+01   2199023255552*x^69   1444408272617472
  69   2500   8.249e+01   2199023255552*x^69   1444408272617472
  69   2600   8.559e+01   2199023255552*x^69   1444408272617472
  69   2700   9.027e+01   1099511627776*x^69   722204136308736
  69   2800   9.511e+01   2199023255552*x^69   1444408272617472
  69   2900   9.981e+01   2199023255552*x^69   1444408272617472
  69   3000   1.037e+02   1099511627776*x^69   722204136308736

  70   2000   6.443e+01   11391309364089*x^70   6460295797625005616511
  70   2100   6.881e+01   158567414511289725186*x^70   388293557513017907925160
  70   2200   7.339e+01   50711775801764456081*x^70   1760537182103858193094502
  70   2300   7.725e+01   3756334493470505831905*x^70   14605139360053248847599696
  70   2400   8.125e+01   2199023255552*x^70   1444408272617472
  70   2500   8.508e+01   2199023255552*x^70   1444408272617472
  70   2600   8.958e+01   2199023255552*x^70   1444408272617472
  70   2700   9.386e+01   2199023255552*x^70   1444408272617472
  70   2800   9.989e+01   2199023255552*x^70   1444408272617472
  70   2900   1.036e+02   2199023255552*x^70   1444408272617472
  70   3000   1.090e+02   2199023255552*x^70   1444408272617472

  64   2200   5.735e+01   16069276529661101274900830*x^64   275377289822670608090667475
  64   2210   5.584e+01   16069276529661101274900830*x^64   275377289822670608090667475
  64   2220   5.711e+01   2996622299751673981368948*x^64   271264899711251648695988647
  64   2230   5.660e+01   2996622299751673981368948*x^64   271264899711251648695988647
  64   2240   5.691e+01   28711828988887118208660*x^64   1486573438196488253804741944
  64   2250   5.687e+01   28711828988887118208660*x^64   1486573438196488253804741944
  64   2260   5.768e+01   1099511627776*x^64   722204136308736
  64   2270   5.798e+01   1099511627776*x^64   722204136308736
  64   2280   5.895e+01   1099511627776*x^64   722204136308736
  64   2290   5.974e+01   1099511627776*x^64   722204136308736
  64   2300   5.916e+01   1099511627776*x^64   722204136308736

  64   2250   5.713e+01   28711828988887118208660*x^64   1486573438196488253804741944
  64   2251   5.697e+01   28711828988887118208660*x^64   1486573438196488253804741944
  64   2252   5.731e+01   28711828988887118208660*x^64   1486573438196488253804741944
  64   2253   5.687e+01   28711828988887118208660*x^64   1486573438196488253804741944
  64   2254   5.726e+01   28711828988887118208660*x^64   1486573438196488253804741944
  64   2255   5.849e+01   1099511627776*x^64   722204136308736
  64   2256   5.806e+01   1099511627776*x^64   722204136308736
  64   2257   5.816e+01   1099511627776*x^64   722204136308736
  64   2258   5.820e+01   1099511627776*x^64   722204136308736
  64   2259   5.778e+01   1099511627776*x^64   722204136308736
  64   2260   5.846e+01   1099511627776*x^64   722204136308736

