   2     10   8.777e-03   10000000000*x^2   10243506403
   2     20   7.362e-03   2907999589*x^2   5859628639
   2     30   8.195e-03   1937314533*x^2   7454681764
   2     40   7.490e-03   752153438625901*x^2   10595362834393
   2     50   7.039e-03   892211166208845*x^2   493038808208665
   2     60   7.337e-03   44629843624845746762*x^2   169706670089672003858
   2     70   7.134e-03   50266617299428510019*x^2   34000301677909930704
   2     80   7.339e-03   12982168867869677408753256*x^2   4306041054371131889109182
   2     90   8.000e-03   12982168867869677408753256*x^2   4306041054371131889109182
   2    100   7.547e-03   2549400943190969294719285137160*x^2   2573849670801212665941730249448

   3     10   7.260e-03   18365313*x^3   28029222
   3     20   7.252e-03   18717164*x^3   23087947
   3     30   7.360e-03   20689996*x^3   7340267
   3     40   8.239e-03   34791043021*x^3   124030977748
   3     50   8.160e-03   71241484550*x^3   103786579030
   3     60   7.450e-03   164638189408115*x^3   406112683747350
   3     70   7.416e-03   454940667682656*x^3   808983473890163
   3     80   6.985e-03   6325592892119140434*x^3   3273705913096214804
   3     90   8.018e-03   6325592892119140434*x^3   3273705913096214804
   3    100   7.436e-03   4339483109714834741146*x^3   10401143513098202167152

   4     10   7.828e-03   535567*x^4   76854
   4     20   7.368e-03   668545*x^4   39760
   4     30   7.259e-03   506015*x^4   240916
   4     40   8.275e-03   195349492*x^4   408401040
   4     50   7.195e-03   462443003*x^4   139714257
   4     60   7.577e-03   587942417813*x^4   1576734161072
   4     70   7.819e-03   509890205481*x^4   269545591154
   4     80   8.806e-03   796909854369990*x^4   824211817050484
   4     90   7.946e-03   796909854369990*x^4   824211817050484
   4    100   7.891e-03   230870260395016471*x^4   1339055411582129798

   5     10   7.725e-03   40903*x^5   89516
   5     20   7.524e-03   35037*x^5   37828
   5     30   8.143e-03   33906*x^5   46034
   5     40   7.883e-03   14002383*x^5   20031221
   5     50   7.483e-03   1720400*x^5   19398125
   5     60   7.466e-03   7970843874*x^5   923189597
   5     70   7.814e-03   1459640252*x^5   7210025304
   5     80   7.971e-03   1088021144760*x^5   142265721092
   5     90   8.201e-03   1088021144760*x^5   142265721092
   5    100   8.464e-03   315367316540604*x^5   664847415610225

   6     10   7.837e-03   2718*x^6   1690
   6     20   7.397e-03   7060*x^6   2617
   6     30   8.236e-03   13092*x^6   15610
   6     40   8.044e-03   245865*x^6   1547272
   6     50   8.217e-03   1378556*x^6   273089
   6     60   8.404e-03   248674566*x^6   276246579
   6     70   7.804e-03   215589917*x^6   149314073
   6     80   8.242e-03   32700733916*x^6   40153412477
   6     90   8.249e-03   32700733916*x^6   40153412477
   6    100   8.630e-03   3332338210912*x^6   10318631893854

   7     10   7.809e-03   1533*x^7   724
   7     20   7.835e-03   509*x^7   4212
   7     30   7.986e-03   3404*x^7   4807
   7     40   8.373e-03   171904*x^7   168170
   7     50   8.236e-03   31750*x^7   295899
   7     60   9.459e-03   2609119*x^7   12864773
   7     70   8.517e-03   35280325*x^7   9777153
   7     80   1.027e-02   1749810998*x^7   1772256363
   7     90   8.989e-03   1749810998*x^7   1772256363
   7    100   1.014e-02   144065425301*x^7   137970659749

   8     10   8.809e-03   552*x^8   304
   8     20   8.572e-03   889*x^8   460
   8     30   8.442e-03   596*x^8   1111
   8     40   8.689e-03   22812*x^8   64261
   8     50   8.457e-03   19212*x^8   54271
   8     60   9.263e-03   625*x^8   2401
   8     70   9.256e-03   625*x^8   2401
   8     80   9.786e-03   625*x^8   2401
   8     90   9.645e-03   625*x^8   2401
   8    100   1.051e-02   625*x^8   2401

   9     10   9.023e-03   523*x^9   462
   9     20   8.774e-03   122*x^9   275
   9     30   8.976e-03   164*x^9   242
   9     40   1.004e-02   4313*x^9   7930
   9     50   1.005e-02   18387*x^9   5077
   9     60   1.016e-02   625*x^9   2401
   9     70   9.951e-03   625*x^9   2401
   9     80   1.069e-02   625*x^9   2401
   9     90   1.063e-02   625*x^9   2401
   9    100   1.184e-02   625*x^9   2401

  10     10   1.048e-02   114*x^10   205
  10     20   9.504e-03   82*x^10   303
  10     30   9.589e-03   117*x^10   22
  10     40   1.040e-02   819*x^10   2920
  10     50   1.031e-02   7176*x^10   5371
  10     60   1.068e-02   625*x^9   2401
  10     70   1.029e-02   625*x^10   2401*x
  10     80   1.228e-02   625*x^10   2401*x
  10     90   1.127e-02   625*x^10   2401*x
  10    100   1.169e-02   625*x^9   2401

   8     50   9.473e-03   19212*x^8   54271
   8     51   8.609e-03   19212*x^8   54271
   8     52   9.117e-03   19212*x^8   54271
   8     53   8.823e-03   19212*x^8   54271
   8     54   9.695e-03   19212*x^8   54271
   8     55   8.674e-03   19212*x^8   54271
   8     56   9.195e-03   19212*x^8   54271
   8     57   9.655e-03   19212*x^8   54271
   8     58   9.890e-03   625*x^8   2401
   8     59   9.810e-03   625*x^8   2401
   8     60   9.406e-03   625*x^8   2401
   8     61   9.430e-03   625*x^8   2401
   8     62   9.958e-03   625*x^8   2401
   8     63   9.474e-03   625*x^8   2401
   8     64   9.340e-03   625*x^8   2401
   8     65   9.684e-03   625*x^8   2401
   8     66   1.033e-02   625*x^8   2401
   8     67   8.987e-03   625*x^8   2401
   8     68   9.080e-03   625*x^8   2401
   8     69   8.737e-03   625*x^8   2401
   8     70   9.331e-03   625*x^8   2401

