  10    100   1.530e-02   93256528*x^10   81845015
  10    200   2.008e-02   327291631861892*x^10   31949865794525
  10    300   2.797e-02   14191144987611727850262*x^10   6397573036237123434163
  10    400   3.487e-02   70630240421486561945258863541*x^10   35820475782520287164640409600
  10    500   4.380e-02   476960949953486835497616708813265098*x^10   460950984290678002654266595356068639
  10    600   5.441e-02   48201848570389214365056353257657145439082199*x^10   186162125654367920377863490923630744101007417
  10    700   6.456e-02   4342780366896694639893239216251525246803725125910141*x^10   1792465490338660511697054780723433449581843743847020
  10    800   7.620e-02   19831335697121573316359390307394422444283503386588339302515*x^10   7436230583779807346605192658758871111781593165769356155872
  10    900   8.922e-02   356740011700856969753421892879503882225515074841065707291724033783*x^10   43298411159490886181705077780274404690829946608645715078153875842
  10   1000   1.387e-01   127579263153189417455974024642556468525571634018393527853806441764112149*x^10   635029636509575044122937489013137739175973353813956126446237192642796113
  10   1100   1.162e-01   722409369480937226291120108170959630934583039706865347936271774814643100440754243*x^10   406205660956369657618584157198331647678941894994086418796924830764021254406669166
  10   1200   1.310e-01   193582019734805004349309925678716293370222692559810789382373311816263651707178702049427*x^10   6333309533622548230852559136297850187621995583216396063727116514627288328461673298477714
  10   1300   2.107e-01   28586502764470478315651206302851150915681405971774583448818192106440401235350665043284679053511*x^10   12817653268191861791253377738667612512356166478943641183844351683980586369729898365476433408074
  10   1400   1.640e-01   802053491957271279380051963489746610618021306290264367421256707607515320126935793882003926974685427994*x^10   421719868970312066565669325807169638815405960919619843092163630916441181545496601354792404068230975226
  10   1500   2.360e-01   9013903471821165683667375320585244107443332745761423032018760159680791658505023115138802304574044260745693084*x^10   4288563385177489611601385808023866423416585582161554366362605250709161093727543424196136707785039010945019268

  20    100   5.854e-02   532*x^20   2106
  20    200   1.051e-01   24493919*x^20   26687514
  20    300   1.541e-01   40878203312*x^20   97849165144
  20    400   2.621e-01   519749674892742*x^20   777052012638628
  20    500   2.826e-01   2702881622786894831*x^20   1635037764646698096
  20    600   4.069e-01   12181068853422770967957*x^20   63173976000932177183090
  20    700   4.145e-01   93139584203650624257812078*x^20   132395891682464075430040662
  20    800   4.911e-01   2810056153198630110151112957507*x^20   173587149209196201979391313083
  20    900   5.652e-01   134768907161102176566135251193659*x^20   10153864652824487155402186885850452
  20   1000   6.447e-01   16196368592951766428303995951090820709*x^20   25717504203128189206207244922397734950
  20   1100   8.914e-01   23523273305860951803539344986001057223*x^20   464616358528786129845650129705573408394408
  20   1200   1.027e+00   500824265377242345806822437886365913859994988*x^20   7997709938950032053055092580055808325365039866
  20   1300   1.114e+00   939871138660777168448708037960034876339167112567*x^20   14827834622576224071042518165934633135450985118619
  20   1400   1.284e+00   19577580800086682476766658073940516891065860085800858*x^20   54850013202203216661515629472638583727444141009497307
  20   1500   1.385e+00   532812067520172238782728776296207907172921084885943447586*x^20   75648370753734029680345594612615737073201334987505776709

  30    100   1.913e-01   50*x^29   33
  30    200   4.271e-01   4349*x^30   88851
  30    300   6.203e-01   2771593*x^30   60592620
  30    400   8.273e-01   696151127*x^30   8192398408
  30    500   1.093e+00   720544405975*x^30   1373714769944
  30    600   1.394e+00   1625629145831045*x^30   1292200577775848
  30    700   1.675e+00   690835688953537366*x^30   855365839550214298
  30    800   1.989e+00   183612555365669768810*x^30   89409516359838453358
  30    900   2.293e+00   579642969834708028680*x^30   11926437381198182030975
  30   1000   2.574e+00   14043660059819222714566156*x^30   12151593014071105752450735
  30   1100   2.881e+00   13306414998859818826240274584*x^30   26031019621908644332722697415
  30   1200   3.148e+00   144149210407937327911676097794*x^30   12803546749702258899809806951664
  30   1300   3.382e+00   512364066627714553951975088305*x^30   79944544216550482557459934644305
  30   1400   3.679e+00   439532866961787517260356046255510580*x^30   772439869544115009075113632013621181
  30   1500   4.021e+00   16481427143514726668558786670747815295*x^30   36317895223075985614074471893846283301

  40    100   4.739e-01   26*x^39   85
  40    200   1.018e+00   151*x^40   7257
  40    300   1.531e+00   140*x^40   123430
  40    400   2.055e+00   234155*x^40   12897904
  40    500   2.801e+00   99777600*x^40   776652828
  40    600   3.335e+00   27784049592*x^40   136961475568
  40    700   3.802e+00   1052975264338*x^40   13430623616545
  40    800   4.350e+00   236879913587*x^40   491392418619304
  40    900   5.036e+00   5106800241851407*x^40   44465738056262866
  40   1000   4.948e+00   6975757441*x^40   282429536481
  40   1100   5.568e+00   6975757441*x^40   282429536481
  40   1200   6.018e+00   6975757441*x^40   282429536481
  40   1300   6.241e+00   6975757441*x^40   282429536481
  40   1400   6.609e+00   6975757441*x^40   282429536481
  40   1500   7.011e+00   6975757441*x^40   282429536481

  50    100   9.986e-01   14*x^47   3
  50    200   2.022e+00   7*x^49   119
  50    300   3.121e+00   964*x^50   9568
  50    400   3.972e+00   508*x^50   961804
  50    500   4.902e+00   16963403*x^50   14339781
  50    600   6.042e+00   1362193*x^50   1217179622
  50    700   7.135e+00   8882379*x^50   31589543668
  50    800   8.117e+00   21707214588*x^50   146668585441
  50    900   9.061e+00   3227328013759*x^50   43665452970154
  50   1000   9.860e+00   1452937704740785*x^50   2024391606426190
  50   1100   1.063e+01   707117688854872*x^50   5095040341989307
  50   1200   1.079e+01   6975757441*x^48   282429536481*x
  50   1300   1.125e+01   6975757441*x^48   282429536481*x
  50   1400   1.139e+01   6975757441*x^49   282429536481*x^2
  50   1500   1.176e+01   6975757441*x^47   282429536481

  60    100   1.820e+00   x^59   15
  60    200   3.490e+00   116*x^58   78
  60    300   5.031e+00   388*x^58   5791
  60    400   7.072e+00   13830*x^60   20902
  60    500   8.245e+00   162314*x^60   1553728
  60    600   1.032e+01   572338*x^60   56709533
  60    700   1.248e+01   8642449*x^60   386126471
  60    800   1.404e+01   275164*x^60   5189657632
  60    900   1.628e+01   12669149827*x^60   735605241201
  60   1000   1.733e+01   17663376641*x^60   6420303994294
  60   1100   1.935e+01   1180*x^60   11802128384097
  60   1200   1.911e+01   20656552789587*x^60   7123779951313283
  60   1300   1.914e+01   824943712476300*x^60   62032351092109905
  60   1400   1.850e+01   6975757441*x^54   282429536481*x^2
  60   1500   1.890e+01   6975757441*x^53   282429536481*x

  70    100   2.668e+00   x^65   3
  70    200   5.060e+00   x^69   16
  70    300   7.806e+00   39*x^70   1139
  70    400   1.014e+01   1197*x^70   9713
  70    500   1.278e+01   53176*x^69   101722
  70    600   1.568e+01   102359*x^69   6619691
  70    700   1.884e+01   116*x^70   33700167
  70    800   2.211e+01   24081*x^70   91015264
  70    900   2.458e+01   35277409*x^70   4176857720
  70   1000   2.812e+01   1977720*x^70   3284436699
  70   1100   3.011e+01   2082099609*x^70   1616401295553
  70   1200   3.204e+01   47503792933*x^70   71497996031
  70   1300   3.307e+01   3737622136549*x^70   231276389136581
  70   1400   3.372e+01   62709584098*x^70   5539955825527882
  70   1500   3.292e+01   37199685387023*x^70   3585618646474555

  80    100   3.383e+00   x^65   3
  80    200   7.364e+00   14*x^78   4*x
  80    300   1.099e+01   x^79   1109
  80    400   1.493e+01   64*x^78   286
  80    500   1.876e+01   356*x^79   76464
  80    600   2.371e+01   2508*x^79   23959
  80    700   2.815e+01   62092*x^80   254803
  80    800   3.287e+01   89918*x^80   18678068
  80    900   3.769e+01   18100991*x^79   34325330
  80   1000   4.176e+01   100510*x^80   1183281474
  80   1100   4.652e+01   49951*x^80   403090918
  80   1200   4.991e+01   453261764*x^80   321801754450
  80   1300   5.241e+01   26687*x^80   10912430021649
  80   1400   5.544e+01   1333675600651*x^80   31342469990997
  80   1500   5.546e+01   1061733267409*x^80   407462735716642

  90    100   4.129e+00   x^65   3
  90    200   9.980e+00   2*x^80   28
  90    300   1.540e+01   x^88   347
  90    400   2.122e+01   2*x^89   202
  90    500   2.667e+01   963*x^89   3428
  90    600   3.371e+01   13*x^89   204157
  90    700   3.997e+01   94*x^90   756265
  90    800   4.633e+01   309*x^90   17974815
  90    900   5.302e+01   240008*x^88   22370535
  90   1000   6.533e+01   4440*x^90   421127555
  90   1100   6.876e+01   20792314*x^90   2045973888
  90   1200   7.330e+01   597097*x^90   11513903053
  90   1300   7.781e+01   4323260*x^90   10660365155
  90   1400   8.149e+01   73055925*x^90   180775387494
  90   1500   8.523e+01   11597916847*x^90   18681763828187

 100    100   4.949e+00   x^86   2*x
 100    200   1.251e+01   x^97   134
 100    300   1.998e+01   7*x^97   364
 100    400   2.772e+01   220*x^94   158
 100    500   3.593e+01   13*x^100   12336
 100    600   4.599e+01   6*x^100   7117
 100    700   5.446e+01   x^100   243996
 100    800   6.321e+01   36*x^100   340528
 100    900   7.215e+01   1051*x^98   39705609
 100   1000   8.316e+01   6*x^100   10024504
 100   1100   9.467e+01   205603*x^100   284059009
 100   1200   1.026e+02   3924*x^99   282458837
 100   1300   1.102e+02   40902233*x^100   29779806869
 100   1400   1.164e+02   13078*x^100   35257659333
 100   1500   1.230e+02   8480786*x^100   354613419443

  30    500   9.607e-01   720544405975*x^30   1373714769944
  30    550   1.063e+00   23692768756310*x^30   82004399780552
  30    600   1.218e+00   1625629145831045*x^30   1292200577775848
  30    650   1.296e+00   3511435485047768*x^30   18075472333667220
  30    700   1.450e+00   690835688953537366*x^30   855365839550214298
  30    750   1.577e+00   3683895540198399105*x^30   11343569275715094933
  30    800   1.708e+00   183612555365669768810*x^30   89409516359838453358
  30    850   1.832e+00   2161893320432274273437*x^30   8983118333497216258515
  30    900   2.162e+00   579642969834708028680*x^30   11926437381198182030975
  30    950   2.442e+00   338792436738498214489485*x^30   881847587849324556898885
  30   1000   2.504e+00   14043660059819222714566156*x^30   12151593014071105752450735
  30   1050   2.703e+00   4422217380573146680159242*x^30   421764822152598053572318368
  30   1100   2.740e+00   13306414998859818826240274584*x^30   26031019621908644332722697415
  30   1150   3.067e+00   13631396883226791231565365291*x^30   286398314283825616046590617246
  30   1200   3.114e+00   144149210407937327911676097794*x^30   12803546749702258899809806951664
  30   1250   3.235e+00   96902239581491356148986058840699*x^30   8452093046097615427239487734656
  30   1300   3.336e+00   512364066627714553951975088305*x^30   79944544216550482557459934644305
  30   1350   3.233e+00   9554492368865896528180736554479816*x^30   63570100641973162536152541952896316
  30   1400   3.249e+00   439532866961787517260356046255510580*x^30   772439869544115009075113632013621181
  30   1450   3.509e+00   9053142238479780847752523996215636567*x^30   39668833042516400569959455889075415795
  30   1500   4.001e+00   16481427143514726668558786670747815295*x^30   36317895223075985614074471893846283301

  31    500   1.109e+00   623926228524*x^31   876250569671
  31    550   1.361e+00   2701580552817*x^31   22002449142256
  31    600   1.457e+00   814871484258545*x^31   473905328490250
  31    650   1.613e+00   4576929491696513*x^31   3340733661720319
  31    700   1.839e+00   40236772811245539*x^31   76093086782310805
  31    750   2.007e+00   955822101746684979*x^31   1515985238577456437
  31    800   2.165e+00   136017910583102554*x^31   65410970168638340879
  31    850   2.378e+00   147309855140943105289*x^31   309412243549812837223
  31    900   2.499e+00   3360769132353938101472*x^31   15819301865458301833893
  31    950   2.745e+00   4141516035727276907764*x^31   242841186017270299733876
  31   1000   2.777e+00   2991639435736099039650*x^31   7294003898713358826526733
  31   1050   3.020e+00   3049076701168303146623266*x^31   120399412034624428880710129
  31   1100   3.092e+00   333797472946750013841244823*x^31   3031145082758216346235374070
  31   1150   3.245e+00   220025750759922489911025769*x^31   53326244735905824946633677759
  31   1200   3.411e+00   131250800869172106582183222051*x^31   659928078541886912370374264328
  31   1250   3.489e+00   1515630889328105999972050456454*x^31   8408983379923406933276672718856
  31   1300   3.631e+00   183996370431491216372605393188143*x^31   170413467105279668782091087632998
  31   1350   3.839e+00   2047312448510030568739546594874*x^31   1088436591378683087636377032296078
  31   1400   3.882e+00   472531574968796977779554381986840*x^31   40624456886682544691154844260813720
  31   1450   4.221e+00   27392215542659050734904051049479160*x^31   1330395077216944612065688516667966338
  31   1500   4.056e+00   11733711023760563992717288818914158319*x^31   1719517159020027436002691423292640450

  32    500   1.319e+00   964083289*x^32   571840526997
  32    550   1.489e+00   93908107057*x^32   364817357751
  32    600   1.670e+00   9773004882759*x^32   131582027771037
  32    650   1.756e+00   149705359116503*x^32   201534973887000
  32    700   1.988e+00   17179449979800055*x^32   48349033364762131
  32    750   2.169e+00   488644672401558568*x^32   442764315162320050
  32    800   2.456e+00   335199593156067609*x^32   10503815603224503298
  32    850   2.567e+00   6975757441*x^32   282429536481
  32    900   2.776e+00   6975757441*x^32   282429536481
  32    950   2.893e+00   6975757441*x^32   282429536481
  32   1000   3.010e+00   6975757441*x^32   282429536481
  32   1050   3.184e+00   6975757441*x^32   282429536481
  32   1100   2.952e+00   6975757441*x^32   282429536481
  32   1150   3.051e+00   6975757441*x^32   282429536481
  32   1200   3.372e+00   6975757441*x^32   282429536481
  32   1250   3.444e+00   6975757441*x^32   282429536481
  32   1300   3.574e+00   6975757441*x^32   282429536481
  32   1350   3.700e+00   6975757441*x^32   282429536481
  32   1400   3.858e+00   6975757441*x^32   282429536481
  32   1450   4.074e+00   6975757441*x^32   282429536481
  32   1500   4.236e+00   6975757441*x^32   282429536481

  33    500   1.338e+00   1270279332*x^33   15540367956
  33    550   1.429e+00   10698637206*x^33   4403310568119
  33    600   1.650e+00   222597748*x^33   89947267863954
  33    650   1.714e+00   770363374348491*x^33   173189629836739
  33    700   2.106e+00   361504968718554*x^33   16899210931403128
  33    750   2.063e+00   64189858198310573*x^33   74725800470605221
  33    800   2.393e+00   1321063520702824542*x^33   1603317885777200945
  33    850   2.745e+00   6975757441*x^33   282429536481
  33    900   2.739e+00   6975757441*x^33   282429536481
  33    950   3.128e+00   6975757441*x^33   282429536481
  33   1000   3.124e+00   6975757441*x^33   282429536481
  33   1050   3.463e+00   6975757441*x^33   282429536481
  33   1100   3.466e+00   6975757441*x^33   282429536481
  33   1150   3.618e+00   6975757441*x^33   282429536481
  33   1200   3.913e+00   6975757441*x^33   282429536481
  33   1250   3.993e+00   6975757441*x^33   282429536481
  33   1300   4.053e+00   6975757441*x^33   282429536481
  33   1350   4.342e+00   6975757441*x^33   282429536481
  33   1400   4.440e+00   6975757441*x^33   282429536481
  33   1450   4.757e+00   6975757441*x^33   282429536481
  33   1500   4.841e+00   6975757441*x^33   282429536481

  34    500   1.593e+00   4348889210*x^34   21467426555
  34    550   1.717e+00   990287098387*x^34   255362508094
  34    600   2.053e+00   3208505912975*x^34   5124426465667
  34    650   2.232e+00   28039260468245*x^34   203080255702550
  34    700   2.400e+00   477929477955259*x^34   1627640419713414
  34    750   2.621e+00   2029854428556774*x^34   54584748319428016
  34    800   2.948e+00   516751751033354419*x^34   400896053464382190
  34    850   3.054e+00   60370706737795552*x^34   23696912385942122804
  34    900   3.161e+00   6975757441*x^34   282429536481
  34    950   3.400e+00   6975757441*x^34   282429536481
  34   1000   3.443e+00   6975757441*x^34   282429536481
  34   1050   3.686e+00   6975757441*x^34   282429536481
  34   1100   3.801e+00   6975757441*x^34   282429536481
  34   1150   3.918e+00   6975757441*x^34   282429536481
  34   1200   4.162e+00   6975757441*x^34   282429536481
  34   1250   4.084e+00   6975757441*x^34   282429536481
  34   1300   4.356e+00   6975757441*x^34   282429536481
  34   1350   4.607e+00   6975757441*x^34   282429536481
  34   1400   4.559e+00   6975757441*x^34   282429536481
  34   1450   4.971e+00   6975757441*x^34   282429536481
  34   1500   5.074e+00   6975757441*x^34   282429536481

  35    500   1.774e+00   11196358674*x^35   57658666325
  35    550   1.970e+00   6455407894*x^35   1329583388929
  35    600   2.197e+00   61891835317*x^35   16706542791814
  35    650   2.441e+00   56153030389654*x^35   132296869967517
  35    700   2.692e+00   1858046336087*x^35   4641507514868331
  35    750   2.857e+00   715062936586832*x^35   5113300058199324
  35    800   3.159e+00   237316057934710637*x^35   88193634218737160
  35    850   3.268e+00   2282670648971628198*x^35   3605612024761232656
  35    900   3.435e+00   6975757441*x^35   282429536481
  35    950   3.591e+00   6975757441*x^35   282429536481
  35   1000   3.509e+00   6975757441*x^35   282429536481
  35   1050   3.820e+00   6975757441*x^35   282429536481
  35   1100   4.126e+00   6975757441*x^35   282429536481
  35   1150   4.215e+00   6975757441*x^35   282429536481
  35   1200   4.408e+00   6975757441*x^35   282429536481
  35   1250   4.506e+00   6975757441*x^35   282429536481
  35   1300   4.626e+00   6975757441*x^35   282429536481
  35   1350   4.878e+00   6975757441*x^35   282429536481
  35   1400   5.001e+00   6975757441*x^35   282429536481
  35   1450   5.274e+00   6975757441*x^35   282429536481
  35   1500   5.384e+00   6975757441*x^35   282429536481

  36    500   1.805e+00   435340146*x^36   11455606513
  36    550   2.200e+00   13369260887*x^36   285684945150
  36    600   2.442e+00   1767796357350*x^36   5502459086481
  36    650   2.679e+00   69990116796*x^36   4804516052678
  36    700   2.900e+00   76322334879855*x^36   784125484111038
  36    750   3.141e+00   254443508459487*x^36   3939673948279862
  36    800   3.317e+00   19235998768831019*x^36   12898284799121700
  36    850   3.574e+00   187186737737261970*x^36   449440075113881068
  36    900   3.644e+00   782939604437999041*x^36   24562559094369896490
  36    950   3.837e+00   6975757441*x^36   282429536481
  36   1000   3.754e+00   6975757441*x^36   282429536481
  36   1050   4.094e+00   6975757441*x^36   282429536481
  36   1100   4.295e+00   6975757441*x^36   282429536481
  36   1150   4.391e+00   6975757441*x^36   282429536481
  36   1200   4.677e+00   6975757441*x^36   282429536481
  36   1250   4.738e+00   6975757441*x^36   282429536481
  36   1300   4.937e+00   6975757441*x^36   282429536481
  36   1350   5.158e+00   13951514882*x^36   564859072962
  36   1400   5.304e+00   6975757441*x^36   282429536481
  36   1450   5.612e+00   6975757441*x^36   282429536481
  36   1500   5.622e+00   6975757441*x^36   282429536481

  37    500   2.094e+00   3207646384*x^37   13658880518
  37    550   2.382e+00   35600494323*x^37   146560823483
  37    600   2.690e+00   1055752347250*x^37   2326636230356
  37    650   2.848e+00   2559233252386*x^37   11449692538505
  37    700   3.206e+00   129491733269*x^37   186984452177735
  37    750   3.301e+00   248273528944808*x^37   1483275679039240
  37    800   3.602e+00   1013718213742064*x^37   30600492844822359
  37    850   3.799e+00   9673612529169640*x^37   433625030241145820
  37    900   3.969e+00   8003272702766042*x^37   2572629628286951304
  37    950   4.072e+00   6975757441*x^37   282429536481
  37   1000   4.199e+00   6975757441*x^37   282429536481
  37   1050   4.475e+00   6975757441*x^37   282429536481
  37   1100   4.577e+00   6975757441*x^37   282429536481
  37   1150   4.683e+00   6975757441*x^37   282429536481
  37   1200   4.904e+00   6975757441*x^37   282429536481
  37   1250   5.047e+00   6975757441*x^37   282429536481
  37   1300   5.250e+00   6975757441*x^37   282429536481
  37   1350   5.408e+00   6975757441*x^37   282429536481
  37   1400   5.614e+00   6975757441*x^37   282429536481
  37   1450   5.859e+00   6975757441*x^37   282429536481
  37   1500   5.990e+00   6975757441*x^37   282429536481

  38    500   2.270e+00   97327192*x^38   4796141141
  38    550   2.529e+00   38433670856*x^38   97220803832
  38    600   2.800e+00   43966201650*x^38   1104439315558
  38    650   3.054e+00   4150968567525*x^38   11899762815417
  38    700   3.343e+00   12241890903415*x^38   62204495158206
  38    750   3.445e+00   46415416450381*x^38   36427999443772
  38    800   3.818e+00   965053652730705*x^38   12959412310864581
  38    850   4.024e+00   117190810511466405*x^38   227283619321943281
  38    900   4.258e+00   50858982098836393*x^38   687743860992245306
  38    950   4.401e+00   6975757441*x^38   282429536481
  38   1000   4.433e+00   6975757441*x^38   282429536481
  38   1050   4.700e+00   6975757441*x^38   282429536481
  38   1100   4.823e+00   6975757441*x^38   282429536481
  38   1150   5.012e+00   6975757441*x^38   282429536481
  38   1200   5.202e+00   6975757441*x^38   282429536481
  38   1250   5.343e+00   6975757441*x^38   282429536481
  38   1300   5.551e+00   6975757441*x^38   282429536481
  38   1350   5.883e+00   6975757441*x^38   282429536481
  38   1400   5.890e+00   6975757441*x^38   282429536481
  38   1450   6.187e+00   6975757441*x^38   282429536481
  38   1500   6.329e+00   6975757441*x^38   282429536481

  39    500   2.490e+00   3515566743*x^39   651509460
  39    550   2.833e+00   11727944726*x^39   29228772894
  39    600   3.111e+00   17805522689*x^39   535586773483
  39    650   3.267e+00   3429619228*x^39   3738456308301
  39    700   3.566e+00   5306659959179*x^39   61230307407963
  39    750   3.760e+00   37819206004885*x^39   372372470965204
  39    800   3.879e+00   6069019597823*x^39   6121489598250378
  39    850   4.232e+00   205473957476311*x^39   20436891560310044
  39    900   4.437e+00   407519920334785286*x^39   506145466351344508
  39    950   4.701e+00   6975757441*x^39   282429536481
  39   1000   4.773e+00   6975757441*x^39   282429536481
  39   1050   4.954e+00   6975757441*x^39   282429536481
  39   1100   5.135e+00   6975757441*x^39   282429536481
  39   1150   5.209e+00   6975757441*x^39   282429536481
  39   1200   5.501e+00   6975757441*x^39   282429536481
  39   1250   5.676e+00   6975757441*x^39   282429536481
  39   1300   5.850e+00   6975757441*x^39   282429536481
  39   1350   6.149e+00   6975757441*x^39   282429536481
  39   1400   6.181e+00   6975757441*x^38   282429536481
  39   1450   6.560e+00   6975757441*x^39   282429536481
  39   1500   6.619e+00   6975757441*x^39   282429536481

  40    500   2.669e+00   99777600*x^40   776652828
  40    550   2.975e+00   842998*x^40   13504673919
  40    600   3.075e+00   27784049592*x^40   136961475568
  40    650   3.594e+00   97259260801*x^40   857843943511
  40    700   3.795e+00   1052975264338*x^40   13430623616545
  40    750   3.979e+00   983729109548*x^40   19862675054701
  40    800   4.381e+00   236879913587*x^40   491392418619304
  40    850   4.658e+00   262338323978629*x^40   7876195414929454
  40    900   4.809e+00   5106800241851407*x^40   44465738056262866
  40    950   5.021e+00   2655666294475457*x^40   515040833885864608
  40   1000   5.118e+00   6975757441*x^40   282429536481
  40   1050   5.270e+00   6975757441*x^40   282429536481
  40   1100   5.534e+00   6975757441*x^40   282429536481
  40   1150   5.575e+00   6975757441*x^40   282429536481
  40   1200   5.910e+00   6975757441*x^40   282429536481
  40   1250   6.023e+00   6975757441*x^40   282429536481
  40   1300   6.175e+00   6975757441*x^40   282429536481
  40   1350   6.466e+00   6975757441*x^40   282429536481
  40   1400   6.573e+00   6975757441*x^40   282429536481
  40   1450   6.940e+00   6975757441*x^40   282429536481
  40   1500   7.059e+00   6975757441*x^40   282429536481

  32    800   2.486e+00   335199593156067609*x^32   10503815603224503298
  32    810   2.418e+00   266002489987563414*x^32   43188167623196267558
  32    820   2.240e+00   266002489987563414*x^32   43188167623196267558
  32    830   2.522e+00   3762367323714084432*x^32   78532188632348157382
  32    840   2.492e+00   3762367323714084432*x^32   78532188632348157382
  32    850   2.632e+00   6975757441*x^32   282429536481
  32    860   2.708e+00   6975757441*x^32   282429536481
  32    870   2.651e+00   6975757441*x^32   282429536481
  32    880   2.629e+00   6975757441*x^32   282429536481
  32    890   2.814e+00   6975757441*x^32   282429536481
  32    900   2.579e+00   6975757441*x^32   282429536481

  32    840   2.510e+00   3762367323714084432*x^32   78532188632348157382
  32    841   2.517e+00   3762367323714084432*x^32   78532188632348157382
  32    842   2.563e+00   3762367323714084432*x^32   78532188632348157382
  32    843   2.520e+00   3762367323714084432*x^32   78532188632348157382
  32    844   2.391e+00   3762367323714084432*x^32   78532188632348157382
  32    845   2.516e+00   3762367323714084432*x^32   78532188632348157382
  32    846   2.504e+00   3762367323714084432*x^32   78532188632348157382
  32    847   2.502e+00   3762367323714084432*x^32   78532188632348157382
  32    848   2.629e+00   6975757441*x^32   282429536481
  32    849   2.628e+00   6975757441*x^32   282429536481
  32    850   2.663e+00   6975757441*x^32   282429536481
  32    851   2.482e+00   6975757441*x^32   282429536481
  32    852   2.591e+00   6975757441*x^32   282429536481
  32    853   2.634e+00   6975757441*x^32   282429536481
  32    854   2.627e+00   6975757441*x^32   282429536481
  32    855   2.610e+00   6975757441*x^32   282429536481
  32    856   2.718e+00   6975757441*x^32   282429536481
  32    857   2.642e+00   6975757441*x^32   282429536481
  32    858   2.614e+00   6975757441*x^32   282429536481
  32    859   2.637e+00   6975757441*x^32   282429536481
  32    860   2.764e+00   6975757441*x^32   282429536481

