   1    1  10*x 11
   1    2  10*x 11
   1    3  10*x^3 11*x^2
   1    4  10*x^3 11*x^2
   1    5  10*x^3 11*x^2
   1    6  10*x^3 11*x^2
   1    7  10*x^3 11*x^2
   1    8  10*x^3 11*x^2
   1    9  10*x^3 11*x^2
   1   10  10*x^3 11*x^2

   2    1  25*x 28
   2    2  25*x^2 28*x
   2    3  25*x^2 28*x
   2    4  25*x^2 28*x
   2    5  25*x^2 28*x
   2    6  25*x^2 28*x
   2    7  25*x^2 28*x
   2    8  25*x^2 28*x
   2    9  25*x^2 28*x
   2   10  25*x^2 28*x

   3    1  8*x 9
   3    2  8*x 9
   3    3  8*x 9
   3    4  8*x 9
   3    5  8*x 9
   3    6  8*x 9
   3    7  8*x 9
   3    8  8*x 9
   3    9  8*x 9
   3   10  8*x 9

   4    1  8*x 9
   4    2  8*x 9
   4    3  8*x 9
   4    4  8*x 9
   4    5  8*x 9
   4    6  8*x 9
   4    7  8*x 9
   4    8  8*x 9
   4    9  8*x 9
   4   10  8*x 9

   5    1  8*x 9
   5    2  8*x 9
   5    3  8*x 9
   5    4  8*x 9
   5    5  8*x 9
   5    6  8*x 9
   5    7  8*x 9
   5    8  8*x 9
   5    9  8*x 9
   5   10  8*x 9

   6    1  8*x 9
   6    2  8*x 9
   6    3  8*x 9
   6    4  8*x 9
   6    5  8*x 9
   6    6  8*x 9
   6    7  8*x 9
   6    8  8*x 9
   6    9  8*x 9
   6   10  8*x 9

   7    1  8*x 9
   7    2  8*x 9
   7    3  8*x 9
   7    4  8*x 9
   7    5  8*x 9
   7    6  8*x 9
   7    7  8*x 9
   7    8  8*x 9
   7    9  8*x 9
   7   10  8*x 9

   8    1  8*x 9
   8    2  8*x 9
   8    3  8*x 9
   8    4  8*x 9
   8    5  8*x 9
   8    6  8*x 9
   8    7  8*x 9
   8    8  8*x 9
   8    9  8*x 9
   8   10  8*x 9

   9    1  8*x 9
   9    2  8*x 9
   9    3  8*x 9
   9    4  8*x 9
   9    5  8*x 9
   9    6  8*x 9
   9    7  8*x 9
   9    8  8*x 9
   9    9  8*x 9
   9   10  8*x 9

  10    1  8*x 9
  10    2  8*x 9
  10    3  8*x 9
  10    4  8*x 9
  10    5  8*x 9
  10    6  8*x 9
  10    7  8*x 9
  10    8  8*x 9
  10    9  8*x 9
  10   10  8*x 9

  11    1  8*x 9
  11    2  8*x 9
  11    3  8*x 9
  11    4  8*x 9
  11    5  8*x 9
  11    6  8*x 9
  11    7  8*x 9
  11    8  8*x 9
  11    9  8*x 9
  11   10  8*x 9

  12    1  8*x 9
  12    2  8*x 9
  12    3  8*x 9
  12    4  8*x 9
  12    5  8*x 9
  12    6  8*x 9
  12    7  8*x 9
  12    8  8*x 9
  12    9  8*x 9
  12   10  8*x 9

  13    1  8*x 9
  13    2  8*x 9
  13    3  8*x 9
  13    4  8*x 9
  13    5  8*x 9
  13    6  8*x 9
  13    7  8*x 9
  13    8  8*x 9
  13    9  8*x 9
  13   10  8*x 9

  14    1  8*x 9
  14    2  8*x 9
  14    3  8*x 9
  14    4  8*x 9
  14    5  8*x 9
  14    6  8*x 9
  14    7  8*x 9
  14    8  8*x 9
  14    9  8*x 9
  14   10  8*x 9

  15    1  8*x 9
  15    2  8*x 9
  15    3  8*x 9
  15    4  8*x 9
  15    5  8*x 9
  15    6  8*x 9
  15    7  8*x 9
  15    8  8*x 9
  15    9  8*x 9
  15   10  8*x 9

  16    1  8*x 9
  16    2  8*x 9
  16    3  8*x 9
  16    4  8*x 9
  16    5  8*x 9
  16    6  8*x 9
  16    7  8*x 9
  16    8  8*x 9
  16    9  8*x 9
  16   10  8*x 9

  17    1  8*x 9
  17    2  8*x 9
  17    3  8*x 9
  17    4  8*x 9
  17    5  8*x 9
  17    6  8*x 9
  17    7  8*x 9
  17    8  8*x 9
  17    9  8*x 9
  17   10  8*x 9

  18    1  8*x 9
  18    2  8*x 9
  18    3  8*x 9
  18    4  8*x 9
  18    5  8*x 9
  18    6  8*x 9
  18    7  8*x 9
  18    8  8*x 9
  18    9  8*x 9
  18   10  8*x 9

  19    1  8*x 9
  19    2  8*x 9
  19    3  8*x 9
  19    4  8*x 9
  19    5  8*x 9
  19    6  8*x 9
  19    7  8*x 9
  19    8  8*x 9
  19    9  8*x 9
  19   10  8*x 9

  20    1  8*x 9
  20    2  8*x 9
  20    3  8*x 9
  20    4  8*x 9
  20    5  8*x 9
  20    6  8*x 9
  20    7  8*x 9
  20    8  8*x 9
  20    9  8*x 9
  20   10  8*x 9

  21    1  8*x 9
  21    2  8*x 9
  21    3  8*x 9
  21    4  8*x 9
  21    5  8*x 9
  21    6  8*x 9
  21    7  8*x 9
  21    8  8*x 9
  21    9  8*x 9
  21   10  8*x 9

  22    1  8*x 9
  22    2  8*x 9
  22    3  8*x 9
  22    4  8*x 9
  22    5  8*x 9
  22    6  8*x 9
  22    7  8*x 9
  22    8  8*x 9
  22    9  8*x 9
  22   10  8*x 9

  23    1  8*x 9
  23    2  8*x 9
  23    3  8*x 9
  23    4  8*x 9
  23    5  8*x 9
  23    6  8*x 9
  23    7  8*x 9
  23    8  8*x 9
  23    9  8*x 9
  23   10  8*x 9

  24    1  8*x 9
  24    2  8*x 9
  24    3  8*x 9
  24    4  8*x 9
  24    5  8*x 9
  24    6  8*x 9
  24    7  8*x 9
  24    8  8*x 9
  24    9  8*x 9
  24   10  8*x 9

  25    1  8*x 9
  25    2  8*x 9
  25    3  8*x 9
  25    4  8*x 9
  25    5  8*x 9
  25    6  8*x 9
  25    7  8*x 9
  25    8  8*x 9
  25    9  8*x 9
  25   10  8*x 9

  26    1  8*x 9
  26    2  8*x 9
  26    3  8*x 9
  26    4  8*x 9
  26    5  8*x 9
  26    6  8*x 9
  26    7  8*x 9
  26    8  8*x 9
  26    9  8*x 9
  26   10  8*x 9

  27    1  8*x 9
  27    2  8*x 9
  27    3  8*x 9
  27    4  8*x 9
  27    5  8*x 9
  27    6  8*x 9
  27    7  8*x 9
  27    8  8*x 9
  27    9  8*x 9
  27   10  8*x 9

  28    1  8*x 9
  28    2  8*x 9
  28    3  8*x 9
  28    4  8*x 9
  28    5  8*x 9
  28    6  8*x 9
  28    7  8*x 9
  28    8  8*x 9
  28    9  8*x 9
  28   10  8*x 9

  29    1  8*x 9
  29    2  8*x 9
  29    3  8*x 9
  29    4  8*x 9
  29    5  8*x 9
  29    6  8*x 9
  29    7  8*x 9
  29    8  8*x 9
  29    9  8*x 9
  29   10  8*x 9

  30    1  8*x 9
  30    2  8*x 9
  30    3  8*x 9
  30    4  8*x 9
  30    5  8*x 9
  30    6  8*x 9
  30    7  8*x 9
  30    8  8*x 9
  30    9  8*x 9
  30   10  8*x 9

  31    1  8*x 9
  31    2  8*x 9
  31    3  8*x 9
  31    4  8*x 9
  31    5  8*x 9
  31    6  8*x 9
  31    7  8*x 9
  31    8  8*x 9
  31    9  8*x 9
  31   10  8*x 9

  32    1  8*x 9
  32    2  8*x 9
  32    3  8*x 9
  32    4  8*x 9
  32    5  8*x 9
  32    6  8*x 9
  32    7  8*x 9
  32    8  8*x 9
  32    9  8*x 9
  32   10  8*x 9

  33    1  8*x 9
  33    2  8*x 9
  33    3  8*x 9
  33    4  8*x 9
  33    5  8*x 9
  33    6  8*x 9
  33    7  8*x 9
  33    8  8*x 9
  33    9  8*x 9
  33   10  8*x 9

  34    1  8*x 9
  34    2  8*x 9
  34    3  8*x 9
  34    4  8*x 9
  34    5  8*x 9
  34    6  8*x 9
  34    7  8*x 9
  34    8  8*x 9
  34    9  8*x 9
  34   10  8*x 9

  35    1  8*x 9
  35    2  8*x 9
  35    3  8*x 9
  35    4  8*x 9
  35    5  8*x 9
  35    6  8*x 9
  35    7  8*x 9
  35    8  8*x 9
  35    9  8*x 9
  35   10  8*x 9

  36    1  8*x 9
  36    2  8*x 9
  36    3  8*x 9
  36    4  8*x 9
  36    5  8*x 9
  36    6  8*x 9
  36    7  8*x 9
  36    8  8*x 9
  36    9  8*x 9
  36   10  8*x 9

  37    1  8*x 9
  37    2  8*x 9
  37    3  8*x 9
  37    4  8*x 9
  37    5  8*x 9
  37    6  8*x 9
  37    7  8*x 9
  37    8  8*x 9
  37    9  8*x 9
  37   10  8*x 9

  38    1  8*x 9
  38    2  8*x 9
  38    3  8*x 9
  38    4  8*x 9
  38    5  8*x 9
  38    6  8*x 9
  38    7  8*x 9
  38    8  8*x 9
  38    9  8*x 9
  38   10  8*x 9

  39    1  8*x 9
  39    2  8*x 9
  39    3  8*x 9
  39    4  8*x 9
  39    5  8*x 9
  39    6  8*x 9
  39    7  8*x 9
  39    8  8*x 9
  39    9  8*x 9
  39   10  8*x 9

  40    1  8*x 9
  40    2  8*x 9
  40    3  8*x 9
  40    4  8*x 9
  40    5  8*x 9
  40    6  8*x 9
  40    7  8*x 9
  40    8  8*x 9
  40    9  8*x 9
  40   10  8*x 9

  41    1  8*x 9
  41    2  8*x 9
  41    3  8*x 9
  41    4  8*x 9
  41    5  8*x 9
  41    6  8*x 9
  41    7  8*x 9
  41    8  8*x 9
  41    9  8*x 9
  41   10  8*x 9

  42    1  8*x 9
  42    2  8*x 9
  42    3  8*x 9
  42    4  8*x 9
  42    5  8*x 9
  42    6  8*x 9
  42    7  8*x 9
  42    8  8*x 9
  42    9  8*x 9
  42   10  8*x 9

  43    1  8*x 9
  43    2  8*x 9
  43    3  8*x 9
  43    4  8*x 9
  43    5  8*x 9
  43    6  8*x 9
  43    7  8*x 9
  43    8  8*x 9
  43    9  8*x 9
  43   10  8*x 9

  44    1  8*x 9
  44    2  8*x 9
  44    3  8*x 9
  44    4  8*x 9
  44    5  8*x 9
  44    6  8*x 9
  44    7  8*x 9
  44    8  8*x 9
  44    9  8*x 9
  44   10  8*x 9

  45    1  8*x 9
  45    2  8*x 9
  45    3  8*x 9
  45    4  8*x 9
  45    5  8*x 9
  45    6  8*x 9
  45    7  8*x 9
  45    8  8*x 9
  45    9  8*x 9
  45   10  8*x 9

  46    1  8*x 9
  46    2  8*x 9
  46    3  8*x 9
  46    4  8*x 9
  46    5  8*x 9
  46    6  8*x 9
  46    7  8*x 9
  46    8  8*x 9
  46    9  8*x 9
  46   10  8*x 9

  47    1  8*x 9
  47    2  8*x 9
  47    3  8*x 9
  47    4  8*x 9
  47    5  8*x 9
  47    6  8*x 9
  47    7  8*x 9
  47    8  8*x 9
  47    9  8*x 9
  47   10  8*x 9

  48    1  8*x 9
  48    2  8*x 9
  48    3  8*x 9
  48    4  8*x 9
  48    5  8*x 9
  48    6  8*x 9
  48    7  8*x 9
  48    8  8*x 9
  48    9  8*x 9
  48   10  8*x 9

  49    1  8*x 9
  49    2  8*x 9
  49    3  8*x 9
  49    4  8*x 9
  49    5  8*x 9
  49    6  8*x 9
  49    7  8*x 9
  49    8  8*x 9
  49    9  8*x 9
  49   10  8*x 9

  50    1  8*x 9
  50    2  8*x 9
  50    3  8*x 9
  50    4  8*x 9
  50    5  8*x 9
  50    6  8*x 9
  50    7  8*x 9
  50    8  8*x 9
  50    9  8*x 9
  50   10  8*x 9

  51    1  8*x 9
  51    2  8*x 9
  51    3  8*x 9
  51    4  8*x 9
  51    5  8*x 9
  51    6  8*x 9
  51    7  8*x 9
  51    8  8*x 9
  51    9  8*x 9
  51   10  8*x 9

  52    1  8*x 9
  52    2  8*x 9
  52    3  8*x 9
  52    4  8*x 9
  52    5  8*x 9
  52    6  8*x 9
  52    7  8*x 9
  52    8  8*x 9
  52    9  8*x 9
  52   10  8*x 9

  53    1  8*x 9
  53    2  8*x 9
  53    3  8*x 9
  53    4  8*x 9
  53    5  8*x 9
  53    6  8*x 9
  53    7  8*x 9
  53    8  8*x 9
  53    9  8*x 9
  53   10  8*x 9

  54    1  8*x 9
  54    2  8*x 9
  54    3  8*x 9
  54    4  8*x 9
  54    5  8*x 9
  54    6  8*x 9
  54    7  8*x 9
  54    8  8*x 9
  54    9  8*x 9
  54   10  8*x 9

  55    1  8*x 9
  55    2  8*x 9
  55    3  8*x 9
  55    4  8*x 9
  55    5  8*x 9
  55    6  8*x 9
  55    7  8*x 9
  55    8  8*x 9
  55    9  8*x 9
  55   10  8*x 9

  56    1  8*x 9
  56    2  8*x 9
  56    3  8*x 9
  56    4  8*x 9
  56    5  8*x 9
  56    6  8*x 9
  56    7  8*x 9
  56    8  8*x 9
  56    9  8*x 9
  56   10  8*x 9

  57    1  8*x 9
  57    2  8*x 9
  57    3  8*x 9
  57    4  8*x 9
  57    5  8*x 9
  57    6  8*x 9
  57    7  8*x 9
  57    8  8*x 9
  57    9  8*x 9
  57   10  8*x 9

  58    1  8*x 9
  58    2  8*x 9
  58    3  8*x 9
  58    4  8*x 9
  58    5  8*x 9
  58    6  8*x 9
  58    7  8*x 9
  58    8  8*x 9
  58    9  8*x 9
  58   10  8*x 9

  59    1  8*x 9
  59    2  8*x 9
  59    3  8*x 9
  59    4  8*x 9
  59    5  8*x 9
  59    6  8*x 9
  59    7  8*x 9
  59    8  8*x 9
  59    9  8*x 9
  59   10  8*x 9

  60    1  8*x 9
  60    2  8*x 9
  60    3  8*x 9
  60    4  8*x 9
  60    5  8*x 9
  60    6  8*x 9
  60    7  8*x 9
  60    8  8*x 9
  60    9  8*x 9
  60   10  8*x 9

  61    1  8*x 9
  61    2  8*x 9
  61    3  8*x 9
  61    4  8*x 9
  61    5  8*x 9
  61    6  8*x 9
  61    7  8*x 9
  61    8  8*x 9
  61    9  8*x 9
  61   10  8*x 9

  62    1  8*x 9
  62    2  8*x 9
  62    3  8*x 9
  62    4  8*x 9
  62    5  8*x 9
  62    6  8*x 9
  62    7  8*x 9
  62    8  8*x 9
  62    9  8*x 9
  62   10  8*x 9

  63    1  8*x 9
  63    2  8*x 9
  63    3  8*x 9
  63    4  8*x 9
  63    5  8*x 9
  63    6  8*x 9
  63    7  8*x 9
  63    8  8*x 9
  63    9  8*x 9
  63   10  8*x 9

  64    1  8*x 9
  64    2  8*x 9
  64    3  8*x 9
  64    4  8*x 9
  64    5  8*x 9
  64    6  8*x 9
  64    7  8*x 9
  64    8  8*x 9
  64    9  8*x 9
  64   10  8*x 9

  65    1  8*x 9
  65    2  8*x 9
  65    3  8*x 9
  65    4  8*x 9
  65    5  8*x 9
  65    6  8*x 9
  65    7  8*x 9
  65    8  8*x 9
  65    9  8*x 9
  65   10  8*x 9

  66    1  8*x 9
  66    2  8*x 9
  66    3  8*x 9
  66    4  8*x 9
  66    5  8*x 9
  66    6  8*x 9
  66    7  8*x 9
  66    8  8*x 9
  66    9  8*x 9
  66   10  8*x 9

  67    1  8*x 9
  67    2  8*x 9
  67    3  8*x 9
  67    4  8*x 9
  67    5  8*x 9
  67    6  8*x 9
  67    7  8*x 9
  67    8  8*x 9
  67    9  8*x 9
  67   10  8*x 9

  68    1  8*x 9
  68    2  8*x 9
  68    3  8*x 9
  68    4  8*x 9
  68    5  8*x 9
  68    6  8*x 9
  68    7  8*x 9
  68    8  8*x 9
  68    9  8*x 9
  68   10  8*x 9

  69    1  8*x 9
  69    2  8*x 9
  69    3  8*x 9
  69    4  8*x 9
  69    5  8*x 9
  69    6  8*x 9
  69    7  8*x 9
  69    8  8*x 9
  69    9  8*x 9
  69   10  8*x 9

  70    1  8*x 9
  70    2  8*x 9
  70    3  8*x 9
  70    4  8*x 9
  70    5  8*x 9
  70    6  8*x 9
  70    7  8*x 9
  70    8  8*x 9
  70    9  8*x 9
  70   10  8*x 9

  71    1  8*x 9
  71    2  8*x 9
  71    3  8*x 9
  71    4  8*x 9
  71    5  8*x 9
  71    6  8*x 9
  71    7  8*x 9
  71    8  8*x 9
  71    9  8*x 9
  71   10  8*x 9

  72    1  8*x 9
  72    2  8*x 9
  72    3  8*x 9
  72    4  8*x 9
  72    5  8*x 9
  72    6  8*x 9
  72    7  8*x 9
  72    8  8*x 9
  72    9  8*x 9
  72   10  8*x 9

  73    1  8*x 9
  73    2  8*x 9
  73    3  8*x 9
  73    4  8*x 9
  73    5  8*x 9
  73    6  8*x 9
  73    7  8*x 9
  73    8  8*x 9
  73    9  8*x 9
  73   10  8*x 9

  74    1  8*x 9
  74    2  8*x 9
  74    3  8*x 9
  74    4  8*x 9
  74    5  8*x 9
  74    6  8*x 9
  74    7  8*x 9
  74    8  8*x 9
  74    9  8*x 9
  74   10  8*x 9

  75    1  8*x 9
  75    2  8*x 9
  75    3  8*x 9
  75    4  8*x 9
  75    5  8*x 9
  75    6  8*x 9
  75    7  8*x 9
  75    8  8*x 9
  75    9  8*x 9
  75   10  8*x 9

  76    1  8*x 9
  76    2  8*x 9
  76    3  8*x 9
  76    4  8*x 9
  76    5  8*x 9
  76    6  8*x 9
  76    7  8*x 9
  76    8  8*x 9
  76    9  8*x 9
  76   10  8*x 9

  77    1  8*x 9
  77    2  8*x 9
  77    3  8*x 9
  77    4  8*x 9
  77    5  8*x 9
  77    6  8*x 9
  77    7  8*x 9
  77    8  8*x 9
  77    9  8*x 9
  77   10  8*x 9

  78    1  8*x 9
  78    2  8*x 9
  78    3  8*x 9
  78    4  8*x 9
  78    5  8*x 9
  78    6  8*x 9
  78    7  8*x 9
  78    8  8*x 9
  78    9  8*x 9
  78   10  8*x 9

  79    1  8*x 9
  79    2  8*x 9
  79    3  8*x 9
  79    4  8*x 9
  79    5  8*x 9
  79    6  8*x 9
  79    7  8*x 9
  79    8  8*x 9
  79    9  8*x 9
  79   10  8*x 9

  80    1  8*x 9
  80    2  8*x 9
  80    3  8*x 9
  80    4  8*x 9
  80    5  8*x 9
  80    6  8*x 9
  80    7  8*x 9
  80    8  8*x 9
  80    9  8*x 9
  80   10  8*x 9

  81    1  8*x 9
  81    2  8*x 9
  81    3  8*x 9
  81    4  8*x 9
  81    5  8*x 9
  81    6  8*x 9
  81    7  8*x 9
  81    8  8*x 9
  81    9  8*x 9
  81   10  8*x 9

  82    1  8*x 9
  82    2  8*x 9
  82    3  8*x 9
  82    4  8*x 9
  82    5  8*x 9
  82    6  8*x 9
  82    7  8*x 9
  82    8  8*x 9
  82    9  8*x 9
  82   10  8*x 9

  83    1  8*x 9
  83    2  8*x 9
  83    3  8*x 9
  83    4  8*x 9
  83    5  8*x 9
  83    6  8*x 9
  83    7  8*x 9
  83    8  8*x 9
  83    9  8*x 9
  83   10  8*x 9

  84    1  8*x 9
  84    2  8*x 9
  84    3  8*x 9
  84    4  8*x 9
  84    5  8*x 9
  84    6  8*x 9
  84    7  8*x 9
  84    8  8*x 9
  84    9  8*x 9
  84   10  8*x 9

  85    1  8*x 9
  85    2  8*x 9
  85    3  8*x 9
  85    4  8*x 9
  85    5  8*x 9
  85    6  8*x 9
  85    7  8*x 9
  85    8  8*x 9
  85    9  8*x 9
  85   10  8*x 9

  86    1  8*x 9
  86    2  8*x 9
  86    3  8*x 9
  86    4  8*x 9
  86    5  8*x 9
  86    6  8*x 9
  86    7  8*x 9
  86    8  8*x 9
  86    9  8*x 9
  86   10  8*x 9

  87    1  8*x 9
  87    2  8*x 9
  87    3  8*x 9
  87    4  8*x 9
  87    5  8*x 9
  87    6  8*x 9
  87    7  8*x 9
  87    8  8*x 9
  87    9  8*x 9
  87   10  8*x 9

  88    1  8*x 9
  88    2  8*x 9
  88    3  8*x 9
  88    4  8*x 9
  88    5  8*x 9
  88    6  8*x 9
  88    7  8*x 9
  88    8  8*x 9
  88    9  8*x 9
  88   10  8*x 9

  89    1  8*x 9
  89    2  8*x 9
  89    3  8*x 9
  89    4  8*x 9
  89    5  8*x 9
  89    6  8*x 9
  89    7  8*x 9
  89    8  8*x 9
  89    9  8*x 9
  89   10  8*x 9

  90    1  8*x 9
  90    2  8*x 9
  90    3  8*x 9
  90    4  8*x 9
  90    5  8*x 9
  90    6  8*x 9
  90    7  8*x 9
  90    8  8*x 9
  90    9  8*x 9
  90   10  8*x 9

  91    1  8*x 9
  91    2  8*x 9
  91    3  8*x 9
  91    4  8*x 9
  91    5  8*x 9
  91    6  8*x 9
  91    7  8*x 9
  91    8  8*x 9
  91    9  8*x 9
  91   10  8*x 9

  92    1  8*x 9
  92    2  8*x 9
  92    3  8*x 9
  92    4  8*x 9
  92    5  8*x 9
  92    6  8*x 9
  92    7  8*x 9
  92    8  8*x 9
  92    9  8*x 9
  92   10  8*x 9

  93    1  8*x 9
  93    2  8*x 9
  93    3  8*x 9
  93    4  8*x 9
  93    5  8*x 9
  93    6  8*x 9
  93    7  8*x 9
  93    8  8*x 9
  93    9  8*x 9
  93   10  8*x 9

  94    1  8*x 9
  94    2  8*x 9
  94    3  8*x 9
  94    4  8*x 9
  94    5  8*x 9
  94    6  8*x 9
  94    7  8*x 9
  94    8  8*x 9
  94    9  8*x 9
  94   10  8*x 9

  95    1  8*x 9
  95    2  8*x 9
  95    3  8*x 9
  95    4  8*x 9
  95    5  8*x 9
  95    6  8*x 9
  95    7  8*x 9
  95    8  8*x 9
  95    9  8*x 9
  95   10  8*x 9

  96    1  8*x 9
  96    2  8*x 9
  96    3  8*x 9
  96    4  8*x 9
  96    5  8*x 9
  96    6  8*x 9
  96    7  8*x 9
  96    8  8*x 9
  96    9  8*x 9
  96   10  8*x 9

  97    1  8*x 9
  97    2  8*x 9
  97    3  8*x 9
  97    4  8*x 9
  97    5  8*x 9
  97    6  8*x 9
  97    7  8*x 9
  97    8  8*x 9
  97    9  8*x 9
  97   10  8*x 9

  98    1  8*x 9
  98    2  8*x 9
  98    3  8*x 9
  98    4  8*x 9
  98    5  8*x 9
  98    6  8*x 9
  98    7  8*x 9
  98    8  8*x 9
  98    9  8*x 9
  98   10  8*x 9

  99    1  8*x 9
  99    2  8*x 9
  99    3  8*x 9
  99    4  8*x 9
  99    5  8*x 9
  99    6  8*x 9
  99    7  8*x 9
  99    8  8*x 9
  99    9  8*x 9
  99   10  8*x 9

 100    1  8*x 9
 100    2  8*x 9
 100    3  8*x 9
 100    4  8*x 9
 100    5  8*x 9
 100    6  8*x 9
 100    7  8*x 9
 100    8  8*x 9
 100    9  8*x 9
 100   10  8*x 9

