  1   2     1.41421356237309515

  1   3     1.73205080756887719
  2   3     1.06066017177982119

  1   4     2.00000000000000000
  2   4     1.41421356237309515
  3   4     1.00743475688427986

  1   5     2.23606797749978981
  2   5     1.45773797371132519
  4   5     1.00083944685935022

  1   6     2.44948974278317788
  2   6     1.73205080756887719
  3   6     1.41421356237309515
  4   6     1.06066017177982119
  5   6     1.00009347357651990

  1   7     2.64575131106459072
  2   7     1.76776695296636888
  6   7     1.00001038883740678

  1   8     2.82842712474619029
  2   8     2.00000000000000000
  4   8     1.41421356237309515
  6   8     1.00743475688427986
  7   8     1.00000115435563486

  1   9     3.00000000000000000
  2   9     2.03100960115899021
  3   9     1.73205080756887719
  6   9     1.06066017177982119
  8   9     1.00000012826229456

  1  10     3.16227766016837952
  2  10     2.23606797749978981
  4  10     1.45773797371132519
  5  10     1.41421356237309515
  8  10     1.00083944685935022
  9  10     1.00000001425137386

  1  11     3.31662479035539981
  2  11     2.26384628453435433

  1  12     3.46410161513775439
  2  12     2.44948974278317788
  3  12     2.00000000000000000
  4  12     1.73205080756887719
  6  12     1.41421356237309515
  8  12     1.06066017177982119
  9  12     1.00743475688427986
 10  12     1.00009347357651990

  1  13     3.60555127546398912
  2  13     2.47487373415291634

  1  14     3.74165738677394133
  2  14     2.64575131106459072
  4  14     1.76776695296636888
  7  14     1.41421356237309515
 12  14     1.00001038883740678

  1  15     3.87298334620741702
  2  15     2.66926956300782781
  3  15     2.23606797749978981
  5  15     1.73205080756887719
  6  15     1.45773797371132519
 10  15     1.06066017177982119
 12  15     1.00083944685935022

  1  16     4.00000000000000000
  2  16     2.82842712474619029
  4  16     2.00000000000000000
  8  16     1.41421356237309515
 12  16     1.00743475688427986
 14  16     1.00000115435563486

  1  17     4.12310562561766059
  2  17     2.85043856274784480

  1  18     4.24264068711928477
  2  18     3.00000000000000000
  3  18     2.44948974278317788
  4  18     2.03100960115899021
  6  18     1.73205080756887719
  9  18     1.41421356237309515
 12  18     1.06066017177982119
 15  18     1.00009347357651990
 16  18     1.00000012826229456

  1  19     4.35889894354067398
  2  19     3.02076149339864308

  1  20     4.47213595499957961
  2  20     3.16227766016837952
  4  20     2.23606797749978981
  5  20     2.00000000000000000
  8  20     1.45773797371132519
 10  20     1.41421356237309515
 15  20     1.00743475688427986
 16  20     1.00083944685935022
 18  20     1.00000001425137386

  1  21     4.58257569495583983
  2  21     3.18198051533946380
  3  21     2.64575131106459072
  6  21     1.76776695296636888
  7  21     1.73205080756887719
 14  21     1.06066017177982119
 18  21     1.00001038883740678

  1  22     4.69041575982342973
  2  22     3.31662479035539981
  4  22     2.26384628453435433
 11  22     1.41421356237309515

  1  23     4.79583152331271911
  2  23     3.33541601603158355

  1  24     4.89897948556635576
  2  24     3.46410161513775439
  3  24     2.82842712474619029
  4  24     2.44948974278317788
  6  24     2.00000000000000000
  8  24     1.73205080756887719
 12  24     1.41421356237309515
 16  24     1.06066017177982119
 18  24     1.00743475688427986
 20  24     1.00009347357651990
 21  24     1.00000115435563486

  1  25     5.00000000000000000
  2  25     3.48209706929602980
  5  25     2.23606797749978981
 10  25     1.45773797371132519
 20  25     1.00083944685935022
