-1.000000000000e-03  1.000734370962e+00 -7.342320663508e-01
-9.980000000000e-04  1.000732902498e+00 -7.342326231419e-01
-9.960000000000e-04  1.000731434032e+00 -7.342331799257e-01
-9.940000000000e-04  1.000729965565e+00 -7.342337367023e-01
-9.920000000000e-04  1.000728497097e+00 -7.342342934715e-01
-9.900000000000e-04  1.000727028628e+00 -7.342348502335e-01
-9.880000000000e-04  1.000725560157e+00 -7.342354069883e-01
-9.860000000000e-04  1.000724091686e+00 -7.342359637357e-01
-9.840000000000e-04  1.000722623214e+00 -7.342365204759e-01
-9.820000000000e-04  1.000721154740e+00 -7.342370772088e-01
-9.800000000000e-04  1.000719686265e+00 -7.342376339345e-01
-9.780000000000e-04  1.000718217789e+00 -7.342381906529e-01
-9.760000000000e-04  1.000716749312e+00 -7.342387473640e-01
-9.740000000000e-04  1.000715280834e+00 -7.342393040678e-01
-9.720000000000e-04  1.000713812355e+00 -7.342398607644e-01
-9.700000000000e-04  1.000712343875e+00 -7.342404174537e-01
-9.680000000000e-04  1.000710875394e+00 -7.342409741358e-01
-9.660000000000e-04  1.000709406911e+00 -7.342415308106e-01
-9.640000000000e-04  1.000707938427e+00 -7.342420874781e-01
-9.620000000000e-04  1.000706469943e+00 -7.342426441383e-01
-9.600000000000e-04  1.000705001457e+00 -7.342432007913e-01
-9.580000000000e-04  1.000703532970e+00 -7.342437574370e-01
-9.560000000000e-04  1.000702064482e+00 -7.342443140754e-01
-9.540000000000e-04  1.000700595993e+00 -7.342448707066e-01
-9.520000000000e-04  1.000699127502e+00 -7.342454273305e-01
-9.500000000000e-04  1.000697659011e+00 -7.342459839471e-01
-9.480000000000e-04  1.000696190518e+00 -7.342465405565e-01
-9.460000000000e-04  1.000694722025e+00 -7.342470971585e-01
-9.440000000000e-04  1.000693253530e+00 -7.342476537534e-01
-9.420000000000e-04  1.000691785034e+00 -7.342482103409e-01
-9.400000000000e-04  1.000690316537e+00 -7.342487669212e-01
-9.380000000000e-04  1.000688848039e+00 -7.342493234942e-01
-9.360000000000e-04  1.000687379540e+00 -7.342498800600e-01
-9.340000000000e-04  1.000685911040e+00 -7.342504366184e-01
-9.320000000000e-04  1.000684442538e+00 -7.342509931697e-01
-9.300000000000e-04  1.000682974036e+00 -7.342515497136e-01
-9.280000000000e-04  1.000681505532e+00 -7.342521062503e-01
-9.260000000000e-04  1.000680037027e+00 -7.342526627797e-01
-9.240000000000e-04  1.000678568521e+00 -7.342532193018e-01
-9.220000000000e-04  1.000677100014e+00 -7.342537758167e-01
-9.200000000000e-04  1.000675631506e+00 -7.342543323243e-01
-9.180000000000e-04  1.000674162997e+00 -7.342548888246e-01
-9.160000000000e-04  1.000672694487e+00 -7.342554453177e-01
-9.140000000000e-04  1.000671225975e+00 -7.342560018035e-01
-9.120000000000e-04  1.000669757463e+00 -7.342565582820e-01
-9.100000000000e-04  1.000668288949e+00 -7.342571147532e-01
-9.080000000000e-04  1.000666820434e+00 -7.342576712172e-01
-9.060000000000e-04  1.000665351918e+00 -7.342582276740e-01
-9.040000000000e-04  1.000663883401e+00 -7.342587841234e-01
-9.020000000000e-04  1.000662414883e+00 -7.342593405656e-01
-9.000000000000e-04  1.000660946364e+00 -7.342598970005e-01
-8.980000000000e-04  1.000659477844e+00 -7.342604534282e-01
-8.960000000000e-04  1.000658009322e+00 -7.342610098485e-01
-8.940000000000e-04  1.000656540799e+00 -7.342615662616e-01
-8.920000000000e-04  1.000655072276e+00 -7.342621226675e-01
-8.900000000000e-04  1.000653603751e+00 -7.342626790661e-01
-8.880000000000e-04  1.000652135225e+00 -7.342632354574e-01
-8.860000000000e-04  1.000650666698e+00 -7.342637918414e-01
-8.840000000000e-04  1.000649198170e+00 -7.342643482182e-01
-8.820000000000e-04  1.000647729641e+00 -7.342649045877e-01
-8.800000000000e-04  1.000646261110e+00 -7.342654609499e-01
-8.780000000000e-04  1.000644792579e+00 -7.342660173049e-01
-8.760000000000e-04  1.000643324046e+00 -7.342665736526e-01
-8.740000000000e-04  1.000641855513e+00 -7.342671299930e-01
-8.720000000000e-04  1.000640386978e+00 -7.342676863261e-01
-8.700000000000e-04  1.000638918442e+00 -7.342682426520e-01
-8.680000000000e-04  1.000637449905e+00 -7.342687989707e-01
-8.660000000000e-04  1.000635981367e+00 -7.342693552820e-01
-8.640000000000e-04  1.000634512827e+00 -7.342699115861e-01
-8.620000000000e-04  1.000633044287e+00 -7.342704678829e-01
-8.600000000000e-04  1.000631575745e+00 -7.342710241725e-01
-8.580000000000e-04  1.000630107203e+00 -7.342715804547e-01
-8.560000000000e-04  1.000628638659e+00 -7.342721367297e-01
-8.540000000000e-04  1.000627170114e+00 -7.342726929975e-01
-8.520000000000e-04  1.000625701568e+00 -7.342732492580e-01
-8.500000000000e-04  1.000624233021e+00 -7.342738055112e-01
-8.480000000000e-04  1.000622764473e+00 -7.342743617571e-01
-8.460000000000e-04  1.000621295924e+00 -7.342749179958e-01
-8.440000000000e-04  1.000619827373e+00 -7.342754742272e-01
-8.420000000000e-04  1.000618358822e+00 -7.342760304513e-01
-8.400000000000e-04  1.000616890269e+00 -7.342765866682e-01
-8.380000000000e-04  1.000615421716e+00 -7.342771428778e-01
-8.360000000000e-04  1.000613953161e+00 -7.342776990801e-01
-8.340000000000e-04  1.000612484605e+00 -7.342782552752e-01
-8.320000000000e-04  1.000611016048e+00 -7.342788114630e-01
-8.300000000000e-04  1.000609547490e+00 -7.342793676435e-01
-8.280000000000e-04  1.000608078930e+00 -7.342799238168e-01
-8.260000000000e-04  1.000606610370e+00 -7.342804799828e-01
-8.240000000000e-04  1.000605141808e+00 -7.342810361415e-01
-8.220000000000e-04  1.000603673246e+00 -7.342815922929e-01
-8.200000000000e-04  1.000602204682e+00 -7.342821484371e-01
-8.180000000000e-04  1.000600736117e+00 -7.342827045740e-01
-8.160000000000e-04  1.000599267551e+00 -7.342832607037e-01
-8.140000000000e-04  1.000597798984e+00 -7.342838168261e-01
-8.120000000000e-04  1.000596330416e+00 -7.342843729412e-01
-8.100000000000e-04  1.000594861847e+00 -7.342849290490e-01
-8.080000000000e-04  1.000593393276e+00 -7.342854851496e-01
-8.060000000000e-04  1.000591924705e+00 -7.342860412429e-01
-8.040000000000e-04  1.000590456132e+00 -7.342865973290e-01
-8.020000000000e-04  1.000588987558e+00 -7.342871534077e-01
-8.000000000000e-04  1.000587518983e+00 -7.342877094792e-01
-7.980000000000e-04  1.000586050407e+00 -7.342882655435e-01
-7.960000000000e-04  1.000584581830e+00 -7.342888216004e-01
-7.940000000000e-04  1.000583113252e+00 -7.342893776501e-01
-7.920000000000e-04  1.000581644673e+00 -7.342899336926e-01
-7.900000000000e-04  1.000580176092e+00 -7.342904897277e-01
-7.880000000000e-04  1.000578707511e+00 -7.342910457556e-01
-7.860000000000e-04  1.000577238928e+00 -7.342916017763e-01
-7.840000000000e-04  1.000575770344e+00 -7.342921577896e-01
-7.820000000000e-04  1.000574301760e+00 -7.342927137957e-01
-7.800000000000e-04  1.000572833174e+00 -7.342932697945e-01
-7.780000000000e-04  1.000571364587e+00 -7.342938257861e-01
-7.760000000000e-04  1.000569895998e+00 -7.342943817704e-01
-7.740000000000e-04  1.000568427409e+00 -7.342949377474e-01
-7.720000000000e-04  1.000566958819e+00 -7.342954937172e-01
-7.700000000000e-04  1.000565490227e+00 -7.342960496797e-01
-7.680000000000e-04  1.000564021634e+00 -7.342966056349e-01
-7.660000000000e-04  1.000562553041e+00 -7.342971615828e-01
-7.640000000000e-04  1.000561084446e+00 -7.342977175235e-01
-7.620000000000e-04  1.000559615850e+00 -7.342982734569e-01
-7.600000000000e-04  1.000558147253e+00 -7.342988293831e-01
-7.580000000000e-04  1.000556678654e+00 -7.342993853019e-01
-7.560000000000e-04  1.000555210055e+00 -7.342999412136e-01
-7.540000000000e-04  1.000553741455e+00 -7.343004971179e-01
-7.520000000000e-04  1.000552272853e+00 -7.343010530150e-01
-7.500000000000e-04  1.000550804250e+00 -7.343016089048e-01
-7.480000000000e-04  1.000549335647e+00 -7.343021647873e-01
-7.460000000000e-04  1.000547867042e+00 -7.343027206626e-01
-7.440000000000e-04  1.000546398436e+00 -7.343032765306e-01
-7.420000000000e-04  1.000544929829e+00 -7.343038323913e-01
-7.400000000000e-04  1.000543461220e+00 -7.343043882448e-01
-7.380000000000e-04  1.000541992611e+00 -7.343049440910e-01
-7.360000000000e-04  1.000540524001e+00 -7.343054999299e-01
-7.340000000000e-04  1.000539055389e+00 -7.343060557616e-01
-7.320000000000e-04  1.000537586776e+00 -7.343066115860e-01
-7.300000000000e-04  1.000536118163e+00 -7.343071674031e-01
-7.280000000000e-04  1.000534649548e+00 -7.343077232130e-01
-7.260000000000e-04  1.000533180932e+00 -7.343082790156e-01
-7.240000000000e-04  1.000531712315e+00 -7.343088348109e-01
-7.220000000000e-04  1.000530243696e+00 -7.343093905990e-01
-7.200000000000e-04  1.000528775077e+00 -7.343099463798e-01
-7.180000000000e-04  1.000527306457e+00 -7.343105021533e-01
-7.160000000000e-04  1.000525837835e+00 -7.343110579195e-01
-7.140000000000e-04  1.000524369212e+00 -7.343116136785e-01
-7.120000000000e-04  1.000522900589e+00 -7.343121694303e-01
-7.100000000000e-04  1.000521431964e+00 -7.343127251747e-01
-7.080000000000e-04  1.000519963338e+00 -7.343132809119e-01
-7.060000000000e-04  1.000518494711e+00 -7.343138366418e-01
-7.040000000000e-04  1.000517026082e+00 -7.343143923645e-01
-7.020000000000e-04  1.000515557453e+00 -7.343149480798e-01
-7.000000000000e-04  1.000514088823e+00 -7.343155037880e-01
-6.980000000000e-04  1.000512620191e+00 -7.343160594888e-01
-6.960000000000e-04  1.000511151558e+00 -7.343166151824e-01
-6.940000000000e-04  1.000509682925e+00 -7.343171708687e-01
-6.920000000000e-04  1.000508214290e+00 -7.343177265477e-01
-6.900000000000e-04  1.000506745654e+00 -7.343182822195e-01
-6.880000000000e-04  1.000505277017e+00 -7.343188378840e-01
-6.860000000000e-04  1.000503808378e+00 -7.343193935413e-01
-6.840000000000e-04  1.000502339739e+00 -7.343199491912e-01
-6.820000000000e-04  1.000500871099e+00 -7.343205048339e-01
-6.800000000000e-04  1.000499402457e+00 -7.343210604694e-01
-6.780000000000e-04  1.000497933814e+00 -7.343216160976e-01
-6.760000000000e-04  1.000496465170e+00 -7.343221717185e-01
-6.740000000000e-04  1.000494996526e+00 -7.343227273321e-01
-6.720000000000e-04  1.000493527880e+00 -7.343232829385e-01
-6.700000000000e-04  1.000492059232e+00 -7.343238385376e-01
-6.680000000000e-04  1.000490590584e+00 -7.343243941294e-01
-6.660000000000e-04  1.000489121935e+00 -7.343249497140e-01
-6.640000000000e-04  1.000487653284e+00 -7.343255052913e-01
-6.620000000000e-04  1.000486184633e+00 -7.343260608613e-01
-6.600000000000e-04  1.000484715980e+00 -7.343266164241e-01
-6.580000000000e-04  1.000483247326e+00 -7.343271719796e-01
-6.560000000000e-04  1.000481778671e+00 -7.343277275278e-01
-6.540000000000e-04  1.000480310015e+00 -7.343282830687e-01
-6.520000000000e-04  1.000478841358e+00 -7.343288386024e-01
-6.500000000000e-04  1.000477372700e+00 -7.343293941289e-01
-6.480000000000e-04  1.000475904041e+00 -7.343299496480e-01
-6.460000000000e-04  1.000474435380e+00 -7.343305051599e-01
-6.440000000000e-04  1.000472966719e+00 -7.343310606645e-01
-6.420000000000e-04  1.000471498056e+00 -7.343316161619e-01
-6.400000000000e-04  1.000470029392e+00 -7.343321716520e-01
-6.380000000000e-04  1.000468560727e+00 -7.343327271348e-01
-6.360000000000e-04  1.000467092061e+00 -7.343332826104e-01
-6.340000000000e-04  1.000465623394e+00 -7.343338380786e-01
-6.320000000000e-04  1.000464154726e+00 -7.343343935397e-01
-6.300000000000e-04  1.000462686057e+00 -7.343349489934e-01
-6.280000000000e-04  1.000461217386e+00 -7.343355044399e-01
-6.260000000000e-04  1.000459748715e+00 -7.343360598791e-01
-6.240000000000e-04  1.000458280042e+00 -7.343366153111e-01
-6.220000000000e-04  1.000456811368e+00 -7.343371707357e-01
-6.200000000000e-04  1.000455342693e+00 -7.343377261532e-01
-6.180000000000e-04  1.000453874017e+00 -7.343382815633e-01
-6.160000000000e-04  1.000452405340e+00 -7.343388369662e-01
-6.140000000000e-04  1.000450936662e+00 -7.343393923618e-01
-6.120000000000e-04  1.000449467983e+00 -7.343399477502e-01
-6.100000000000e-04  1.000447999302e+00 -7.343405031312e-01
-6.080000000000e-04  1.000446530621e+00 -7.343410585050e-01
-6.060000000000e-04  1.000445061938e+00 -7.343416138716e-01
-6.040000000000e-04  1.000443593254e+00 -7.343421692309e-01
-6.020000000000e-04  1.000442124569e+00 -7.343427245829e-01
-6.000000000000e-04  1.000440655883e+00 -7.343432799276e-01
-5.980000000000e-04  1.000439187196e+00 -7.343438352651e-01
-5.960000000000e-04  1.000437718508e+00 -7.343443905953e-01
-5.940000000000e-04  1.000436249819e+00 -7.343449459182e-01
-5.920000000000e-04  1.000434781128e+00 -7.343455012339e-01
-5.900000000000e-04  1.000433312437e+00 -7.343460565423e-01
-5.880000000000e-04  1.000431843744e+00 -7.343466118435e-01
-5.860000000000e-04  1.000430375050e+00 -7.343471671373e-01
-5.840000000000e-04  1.000428906355e+00 -7.343477224239e-01
-5.820000000000e-04  1.000427437659e+00 -7.343482777033e-01
-5.800000000000e-04  1.000425968962e+00 -7.343488329753e-01
-5.780000000000e-04  1.000424500264e+00 -7.343493882401e-01
-5.760000000000e-04  1.000423031565e+00 -7.343499434977e-01
-5.740000000000e-04  1.000421562864e+00 -7.343504987479e-01
-5.720000000000e-04  1.000420094163e+00 -7.343510539909e-01
-5.700000000000e-04  1.000418625460e+00 -7.343516092267e-01
-5.680000000000e-04  1.000417156756e+00 -7.343521644552e-01
-5.660000000000e-04  1.000415688051e+00 -7.343527196764e-01
-5.640000000000e-04  1.000414219345e+00 -7.343532748903e-01
-5.620000000000e-04  1.000412750638e+00 -7.343538300970e-01
-5.600000000000e-04  1.000411281930e+00 -7.343543852963e-01
-5.580000000000e-04  1.000409813221e+00 -7.343549404885e-01
-5.560000000000e-04  1.000408344510e+00 -7.343554956733e-01
-5.540000000000e-04  1.000406875799e+00 -7.343560508509e-01
-5.520000000000e-04  1.000405407086e+00 -7.343566060213e-01
-5.500000000000e-04  1.000403938372e+00 -7.343571611843e-01
-5.480000000000e-04  1.000402469657e+00 -7.343577163401e-01
-5.460000000000e-04  1.000401000941e+00 -7.343582714887e-01
-5.440000000000e-04  1.000399532224e+00 -7.343588266299e-01
-5.420000000000e-04  1.000398063506e+00 -7.343593817639e-01
-5.400000000000e-04  1.000396594787e+00 -7.343599368906e-01
-5.380000000000e-04  1.000395126066e+00 -7.343604920101e-01
-5.360000000000e-04  1.000393657345e+00 -7.343610471223e-01
-5.340000000000e-04  1.000392188622e+00 -7.343616022272e-01
-5.320000000000e-04  1.000390719898e+00 -7.343621573249e-01
-5.300000000000e-04  1.000389251173e+00 -7.343627124153e-01
-5.280000000000e-04  1.000387782447e+00 -7.343632674984e-01
-5.260000000000e-04  1.000386313720e+00 -7.343638225743e-01
-5.240000000000e-04  1.000384844992e+00 -7.343643776429e-01
-5.220000000000e-04  1.000383376263e+00 -7.343649327042e-01
-5.200000000000e-04  1.000381907532e+00 -7.343654877582e-01
-5.180000000000e-04  1.000380438801e+00 -7.343660428050e-01
-5.160000000000e-04  1.000378970068e+00 -7.343665978446e-01
-5.140000000000e-04  1.000377501335e+00 -7.343671528768e-01
-5.120000000000e-04  1.000376032600e+00 -7.343677079018e-01
-5.100000000000e-04  1.000374563864e+00 -7.343682629195e-01
-5.080000000000e-04  1.000373095127e+00 -7.343688179300e-01
-5.060000000000e-04  1.000371626388e+00 -7.343693729332e-01
-5.040000000000e-04  1.000370157649e+00 -7.343699279291e-01
-5.020000000000e-04  1.000368688909e+00 -7.343704829178e-01
-5.000000000000e-04  1.000367220167e+00 -7.343710378991e-01
-4.980000000000e-04  1.000365751425e+00 -7.343715928733e-01
-4.960000000000e-04  1.000364282681e+00 -7.343721478401e-01
-4.940000000000e-04  1.000362813936e+00 -7.343727027997e-01
-4.920000000000e-04  1.000361345190e+00 -7.343732577520e-01
-4.900000000000e-04  1.000359876443e+00 -7.343738126971e-01
-4.880000000000e-04  1.000358407695e+00 -7.343743676349e-01
-4.860000000000e-04  1.000356938945e+00 -7.343749225654e-01
-4.840000000000e-04  1.000355470195e+00 -7.343754774886e-01
-4.820000000000e-04  1.000354001444e+00 -7.343760324046e-01
-4.800000000000e-04  1.000352532691e+00 -7.343765873134e-01
-4.780000000000e-04  1.000351063937e+00 -7.343771422148e-01
-4.760000000000e-04  1.000349595182e+00 -7.343776971090e-01
-4.740000000000e-04  1.000348126426e+00 -7.343782519959e-01
-4.720000000000e-04  1.000346657669e+00 -7.343788068756e-01
-4.700000000000e-04  1.000345188911e+00 -7.343793617480e-01
-4.680000000000e-04  1.000343720152e+00 -7.343799166131e-01
-4.660000000000e-04  1.000342251392e+00 -7.343804714709e-01
-4.640000000000e-04  1.000340782630e+00 -7.343810263215e-01
-4.620000000000e-04  1.000339313867e+00 -7.343815811648e-01
-4.600000000000e-04  1.000337845104e+00 -7.343821360009e-01
-4.580000000000e-04  1.000336376339e+00 -7.343826908297e-01
-4.560000000000e-04  1.000334907573e+00 -7.343832456512e-01
-4.540000000000e-04  1.000333438806e+00 -7.343838004654e-01
-4.520000000000e-04  1.000331970038e+00 -7.343843552724e-01
-4.500000000000e-04  1.000330501268e+00 -7.343849100722e-01
-4.480000000000e-04  1.000329032498e+00 -7.343854648646e-01
-4.460000000000e-04  1.000327563727e+00 -7.343860196498e-01
-4.440000000000e-04  1.000326094954e+00 -7.343865744277e-01
-4.420000000000e-04  1.000324626180e+00 -7.343871291984e-01
-4.400000000000e-04  1.000323157406e+00 -7.343876839618e-01
-4.380000000000e-04  1.000321688630e+00 -7.343882387179e-01
-4.360000000000e-04  1.000320219853e+00 -7.343887934667e-01
-4.340000000000e-04  1.000318751074e+00 -7.343893482083e-01
-4.320000000000e-04  1.000317282295e+00 -7.343899029426e-01
-4.300000000000e-04  1.000315813515e+00 -7.343904576697e-01
-4.280000000000e-04  1.000314344733e+00 -7.343910123895e-01
-4.260000000000e-04  1.000312875951e+00 -7.343915671020e-01
-4.240000000000e-04  1.000311407167e+00 -7.343921218072e-01
-4.220000000000e-04  1.000309938382e+00 -7.343926765052e-01
-4.200000000000e-04  1.000308469596e+00 -7.343932311959e-01
-4.180000000000e-04  1.000307000809e+00 -7.343937858794e-01
-4.160000000000e-04  1.000305532021e+00 -7.343943405556e-01
-4.140000000000e-04  1.000304063232e+00 -7.343948952245e-01
-4.120000000000e-04  1.000302594442e+00 -7.343954498862e-01
-4.100000000000e-04  1.000301125650e+00 -7.343960045405e-01
-4.080000000000e-04  1.000299656858e+00 -7.343965591877e-01
-4.060000000000e-04  1.000298188064e+00 -7.343971138275e-01
-4.040000000000e-04  1.000296719269e+00 -7.343976684601e-01
-4.020000000000e-04  1.000295250473e+00 -7.343982230854e-01
-4.000000000000e-04  1.000293781676e+00 -7.343987777035e-01
-3.980000000000e-04  1.000292312878e+00 -7.343993323143e-01
-3.960000000000e-04  1.000290844079e+00 -7.343998869178e-01
-3.940000000000e-04  1.000289375279e+00 -7.344004415140e-01
-3.920000000000e-04  1.000287906477e+00 -7.344009961030e-01
-3.900000000000e-04  1.000286437675e+00 -7.344015506848e-01
-3.880000000000e-04  1.000284968871e+00 -7.344021052592e-01
-3.860000000000e-04  1.000283500066e+00 -7.344026598264e-01
-3.840000000000e-04  1.000282031260e+00 -7.344032143863e-01
-3.820000000000e-04  1.000280562453e+00 -7.344037689390e-01
-3.800000000000e-04  1.000279093645e+00 -7.344043234844e-01
-3.780000000000e-04  1.000277624836e+00 -7.344048780225e-01
-3.760000000000e-04  1.000276156026e+00 -7.344054325534e-01
-3.740000000000e-04  1.000274687214e+00 -7.344059870769e-01
-3.720000000000e-04  1.000273218402e+00 -7.344065415933e-01
-3.700000000000e-04  1.000271749588e+00 -7.344070961023e-01
-3.680000000000e-04  1.000270280773e+00 -7.344076506041e-01
-3.660000000000e-04  1.000268811958e+00 -7.344082050986e-01
-3.640000000000e-04  1.000267343141e+00 -7.344087595859e-01
-3.620000000000e-04  1.000265874323e+00 -7.344093140659e-01
-3.600000000000e-04  1.000264405503e+00 -7.344098685386e-01
-3.580000000000e-04  1.000262936683e+00 -7.344104230041e-01
-3.560000000000e-04  1.000261467862e+00 -7.344109774623e-01
-3.540000000000e-04  1.000259999039e+00 -7.344115319132e-01
-3.520000000000e-04  1.000258530216e+00 -7.344120863569e-01
-3.500000000000e-04  1.000257061391e+00 -7.344126407933e-01
-3.480000000000e-04  1.000255592565e+00 -7.344131952224e-01
-3.460000000000e-04  1.000254123738e+00 -7.344137496442e-01
-3.440000000000e-04  1.000252654910e+00 -7.344143040588e-01
-3.420000000000e-04  1.000251186081e+00 -7.344148584662e-01
-3.400000000000e-04  1.000249717251e+00 -7.344154128662e-01
-3.380000000000e-04  1.000248248419e+00 -7.344159672590e-01
-3.360000000000e-04  1.000246779587e+00 -7.344165216446e-01
-3.340000000000e-04  1.000245310753e+00 -7.344170760228e-01
-3.320000000000e-04  1.000243841918e+00 -7.344176303938e-01
-3.300000000000e-04  1.000242373083e+00 -7.344181847575e-01
-3.280000000000e-04  1.000240904246e+00 -7.344187391140e-01
-3.260000000000e-04  1.000239435408e+00 -7.344192934632e-01
-3.240000000000e-04  1.000237966568e+00 -7.344198478051e-01
-3.220000000000e-04  1.000236497728e+00 -7.344204021398e-01
-3.200000000000e-04  1.000235028887e+00 -7.344209564672e-01
-3.180000000000e-04  1.000233560044e+00 -7.344215107873e-01
-3.160000000000e-04  1.000232091201e+00 -7.344220651002e-01
-3.140000000000e-04  1.000230622356e+00 -7.344226194058e-01
-3.120000000000e-04  1.000229153510e+00 -7.344231737042e-01
-3.100000000000e-04  1.000227684663e+00 -7.344237279952e-01
-3.080000000000e-04  1.000226215815e+00 -7.344242822790e-01
-3.060000000000e-04  1.000224746966e+00 -7.344248365556e-01
-3.040000000000e-04  1.000223278116e+00 -7.344253908248e-01
-3.020000000000e-04  1.000221809265e+00 -7.344259450868e-01
-3.000000000000e-04  1.000220340412e+00 -7.344264993416e-01
-2.980000000000e-04  1.000218871559e+00 -7.344270535890e-01
-2.960000000000e-04  1.000217402704e+00 -7.344276078293e-01
-2.940000000000e-04  1.000215933848e+00 -7.344281620622e-01
-2.920000000000e-04  1.000214464991e+00 -7.344287162879e-01
-2.900000000000e-04  1.000212996133e+00 -7.344292705063e-01
-2.880000000000e-04  1.000211527274e+00 -7.344298247174e-01
-2.860000000000e-04  1.000210058414e+00 -7.344303789213e-01
-2.840000000000e-04  1.000208589553e+00 -7.344309331179e-01
-2.820000000000e-04  1.000207120690e+00 -7.344314873072e-01
-2.800000000000e-04  1.000205651827e+00 -7.344320414893e-01
-2.780000000000e-04  1.000204182962e+00 -7.344325956641e-01
-2.760000000000e-04  1.000202714096e+00 -7.344331498317e-01
-2.740000000000e-04  1.000201245230e+00 -7.344337039920e-01
-2.720000000000e-04  1.000199776362e+00 -7.344342581450e-01
-2.700000000000e-04  1.000198307493e+00 -7.344348122907e-01
-2.680000000000e-04  1.000196838622e+00 -7.344353664292e-01
-2.660000000000e-04  1.000195369751e+00 -7.344359205604e-01
-2.640000000000e-04  1.000193900879e+00 -7.344364746844e-01
-2.620000000000e-04  1.000192432005e+00 -7.344370288011e-01
-2.600000000000e-04  1.000190963131e+00 -7.344375829105e-01
-2.580000000000e-04  1.000189494255e+00 -7.344381370126e-01
-2.560000000000e-04  1.000188025378e+00 -7.344386911075e-01
-2.540000000000e-04  1.000186556500e+00 -7.344392451951e-01
-2.520000000000e-04  1.000185087621e+00 -7.344397992755e-01
-2.500000000000e-04  1.000183618741e+00 -7.344403533486e-01
-2.480000000000e-04  1.000182149860e+00 -7.344409074144e-01
-2.460000000000e-04  1.000180680977e+00 -7.344414614729e-01
-2.440000000000e-04  1.000179212094e+00 -7.344420155242e-01
-2.420000000000e-04  1.000177743209e+00 -7.344425695683e-01
-2.400000000000e-04  1.000176274324e+00 -7.344431236050e-01
-2.380000000000e-04  1.000174805437e+00 -7.344436776345e-01
-2.360000000000e-04  1.000173336549e+00 -7.344442316567e-01
-2.340000000000e-04  1.000171867660e+00 -7.344447856717e-01
-2.320000000000e-04  1.000170398770e+00 -7.344453396794e-01
-2.300000000000e-04  1.000168929878e+00 -7.344458936798e-01
-2.280000000000e-04  1.000167460986e+00 -7.344464476730e-01
-2.260000000000e-04  1.000165992093e+00 -7.344470016589e-01
-2.240000000000e-04  1.000164523198e+00 -7.344475556375e-01
-2.220000000000e-04  1.000163054302e+00 -7.344481096089e-01
-2.200000000000e-04  1.000161585406e+00 -7.344486635730e-01
-2.180000000000e-04  1.000160116508e+00 -7.344492175298e-01
-2.160000000000e-04  1.000158647609e+00 -7.344497714794e-01
-2.140000000000e-04  1.000157178709e+00 -7.344503254217e-01
-2.120000000000e-04  1.000155709808e+00 -7.344508793567e-01
-2.100000000000e-04  1.000154240905e+00 -7.344514332845e-01
-2.080000000000e-04  1.000152772002e+00 -7.344519872050e-01
-2.060000000000e-04  1.000151303097e+00 -7.344525411182e-01
-2.040000000000e-04  1.000149834192e+00 -7.344530950242e-01
-2.020000000000e-04  1.000148365285e+00 -7.344536489229e-01
-2.000000000000e-04  1.000146896377e+00 -7.344542028144e-01
-1.980000000000e-04  1.000145427468e+00 -7.344547566985e-01
-1.960000000000e-04  1.000143958558e+00 -7.344553105754e-01
-1.940000000000e-04  1.000142489647e+00 -7.344558644451e-01
-1.920000000000e-04  1.000141020735e+00 -7.344564183075e-01
-1.900000000000e-04  1.000139551821e+00 -7.344569721626e-01
-1.880000000000e-04  1.000138082907e+00 -7.344575260104e-01
-1.860000000000e-04  1.000136613991e+00 -7.344580798510e-01
-1.840000000000e-04  1.000135145074e+00 -7.344586336843e-01
-1.820000000000e-04  1.000133676157e+00 -7.344591875104e-01
-1.800000000000e-04  1.000132207238e+00 -7.344597413292e-01
-1.780000000000e-04  1.000130738318e+00 -7.344602951407e-01
-1.760000000000e-04  1.000129269396e+00 -7.344608489449e-01
-1.740000000000e-04  1.000127800474e+00 -7.344614027419e-01
-1.720000000000e-04  1.000126331551e+00 -7.344619565316e-01
-1.700000000000e-04  1.000124862626e+00 -7.344625103141e-01
-1.680000000000e-04  1.000123393701e+00 -7.344630640893e-01
-1.660000000000e-04  1.000121924774e+00 -7.344636178572e-01
-1.640000000000e-04  1.000120455846e+00 -7.344641716179e-01
-1.620000000000e-04  1.000118986917e+00 -7.344647253713e-01
-1.600000000000e-04  1.000117517987e+00 -7.344652791174e-01
-1.580000000000e-04  1.000116049056e+00 -7.344658328563e-01
-1.560000000000e-04  1.000114580124e+00 -7.344663865879e-01
-1.540000000000e-04  1.000113111191e+00 -7.344669403122e-01
-1.520000000000e-04  1.000111642256e+00 -7.344674940293e-01
-1.500000000000e-04  1.000110173321e+00 -7.344680477391e-01
-1.480000000000e-04  1.000108704384e+00 -7.344686014416e-01
-1.460000000000e-04  1.000107235446e+00 -7.344691551369e-01
-1.440000000000e-04  1.000105766507e+00 -7.344697088249e-01
-1.420000000000e-04  1.000104297567e+00 -7.344702625056e-01
-1.400000000000e-04  1.000102828626e+00 -7.344708161791e-01
-1.380000000000e-04  1.000101359684e+00 -7.344713698453e-01
-1.360000000000e-04  1.000099890741e+00 -7.344719235042e-01
-1.340000000000e-04  1.000098421797e+00 -7.344724771559e-01
-1.320000000000e-04  1.000096952851e+00 -7.344730308003e-01
-1.300000000000e-04  1.000095483904e+00 -7.344735844374e-01
-1.280000000000e-04  1.000094014957e+00 -7.344741380673e-01
-1.260000000000e-04  1.000092546008e+00 -7.344746916899e-01
-1.240000000000e-04  1.000091077058e+00 -7.344752453053e-01
-1.220000000000e-04  1.000089608107e+00 -7.344757989134e-01
-1.200000000000e-04  1.000088139155e+00 -7.344763525142e-01
-1.180000000000e-04  1.000086670201e+00 -7.344769061077e-01
-1.160000000000e-04  1.000085201247e+00 -7.344774596940e-01
-1.140000000000e-04  1.000083732292e+00 -7.344780132731e-01
-1.120000000000e-04  1.000082263335e+00 -7.344785668448e-01
-1.100000000000e-04  1.000080794377e+00 -7.344791204093e-01
-1.080000000000e-04  1.000079325419e+00 -7.344796739665e-01
-1.060000000000e-04  1.000077856459e+00 -7.344802275165e-01
-1.040000000000e-04  1.000076387498e+00 -7.344807810592e-01
-1.020000000000e-04  1.000074918536e+00 -7.344813345946e-01
-1.000000000000e-04  1.000073449572e+00 -7.344818881228e-01
-9.800000000000e-05  1.000071980608e+00 -7.344824416437e-01
-9.600000000000e-05  1.000070511643e+00 -7.344829951573e-01
-9.400000000000e-05  1.000069042676e+00 -7.344835486637e-01
-9.200000000000e-05  1.000067573708e+00 -7.344841021628e-01
-9.000000000000e-05  1.000066104740e+00 -7.344846556546e-01
-8.800000000000e-05  1.000064635770e+00 -7.344852091392e-01
-8.600000000000e-05  1.000063166799e+00 -7.344857626165e-01
-8.400000000000e-05  1.000061697827e+00 -7.344863160865e-01
-8.200000000000e-05  1.000060228854e+00 -7.344868695493e-01
-8.000000000000e-05  1.000058759879e+00 -7.344874230048e-01
-7.800000000000e-05  1.000057290904e+00 -7.344879764531e-01
-7.600000000000e-05  1.000055821927e+00 -7.344885298940e-01
-7.400000000000e-05  1.000054352950e+00 -7.344890833278e-01
-7.200000000000e-05  1.000052883971e+00 -7.344896367542e-01
-7.000000000000e-05  1.000051414991e+00 -7.344901901734e-01
-6.800000000000e-05  1.000049946010e+00 -7.344907435853e-01
-6.600000000000e-05  1.000048477028e+00 -7.344912969900e-01
-6.400000000000e-05  1.000047008045e+00 -7.344918503873e-01
-6.200000000000e-05  1.000045539061e+00 -7.344924037775e-01
-6.000000000000e-05  1.000044070075e+00 -7.344929571603e-01
-5.800000000000e-05  1.000042601089e+00 -7.344935105359e-01
-5.600000000000e-05  1.000041132101e+00 -7.344940639042e-01
-5.400000000000e-05  1.000039663113e+00 -7.344946172653e-01
-5.200000000000e-05  1.000038194123e+00 -7.344951706191e-01
-5.000000000000e-05  1.000036725132e+00 -7.344957239656e-01
-4.800000000000e-05  1.000035256140e+00 -7.344962773049e-01
-4.600000000000e-05  1.000033787147e+00 -7.344968306369e-01
-4.400000000000e-05  1.000032318153e+00 -7.344973839616e-01
-4.200000000000e-05  1.000030849157e+00 -7.344979372791e-01
-4.000000000000e-05  1.000029380161e+00 -7.344984905893e-01
-3.800000000000e-05  1.000027911163e+00 -7.344990438923e-01
-3.600000000000e-05  1.000026442165e+00 -7.344995971879e-01
-3.400000000000e-05  1.000024973165e+00 -7.345001504763e-01
-3.200000000000e-05  1.000023504164e+00 -7.345007037575e-01
-3.000000000000e-05  1.000022035162e+00 -7.345012570314e-01
-2.800000000000e-05  1.000020566159e+00 -7.345018102980e-01
-2.600000000000e-05  1.000019097155e+00 -7.345023635573e-01
-2.400000000000e-05  1.000017628150e+00 -7.345029168094e-01
-2.200000000000e-05  1.000016159143e+00 -7.345034700542e-01
-2.000000000000e-05  1.000014690136e+00 -7.345040232918e-01
-1.800000000000e-05  1.000013221127e+00 -7.345045765221e-01
-1.600000000000e-05  1.000011752117e+00 -7.345051297451e-01
-1.400000000000e-05  1.000010283107e+00 -7.345056829609e-01
-1.200000000000e-05  1.000008814095e+00 -7.345062361694e-01
-1.000000000000e-05  1.000007345082e+00 -7.345067893706e-01
-8.000000000000e-06  1.000005876068e+00 -7.345073425645e-01
-6.000000000000e-06  1.000004407052e+00 -7.345078957512e-01
-4.000000000000e-06  1.000002938036e+00 -7.345084489307e-01
-2.000000000000e-06  1.000001469019e+00 -7.345090021029e-01
 0.000000000000e+00  1.000000000000e+00  7.345095552678e-01
 2.000000000000e-06  1.000001469017e+00  7.345079367529e-01
 4.000000000000e-06  1.000002938032e+00  7.345063182341e-01
 6.000000000000e-06  1.000004407043e+00  7.345046997113e-01
 8.000000000000e-06  1.000005876051e+00  7.345030811846e-01
 1.000000000000e-05  1.000007345055e+00  7.345014626539e-01
 1.200000000000e-05  1.000008814056e+00  7.344998441193e-01
 1.400000000000e-05  1.000010283054e+00  7.344982255806e-01
 1.600000000000e-05  1.000011752049e+00  7.344966070381e-01
 1.800000000000e-05  1.000013221041e+00  7.344949884915e-01
 2.000000000000e-05  1.000014690029e+00  7.344933699410e-01
 2.200000000000e-05  1.000016159014e+00  7.344917513865e-01
 2.400000000000e-05  1.000017627996e+00  7.344901328281e-01
 2.600000000000e-05  1.000019096975e+00  7.344885142657e-01
 2.800000000000e-05  1.000020565950e+00  7.344868956994e-01
 3.000000000000e-05  1.000022034922e+00  7.344852771291e-01
 3.200000000000e-05  1.000023503891e+00  7.344836585548e-01
 3.400000000000e-05  1.000024972857e+00  7.344820399765e-01
 3.600000000000e-05  1.000026441820e+00  7.344804213943e-01
 3.800000000000e-05  1.000027910779e+00  7.344788028082e-01
 4.000000000000e-05  1.000029379735e+00  7.344771842180e-01
 4.200000000000e-05  1.000030848688e+00  7.344755656239e-01
 4.400000000000e-05  1.000032317637e+00  7.344739470259e-01
 4.600000000000e-05  1.000033786583e+00  7.344723284239e-01
 4.800000000000e-05  1.000035255526e+00  7.344707098179e-01
 5.000000000000e-05  1.000036724466e+00  7.344690912079e-01
 5.200000000000e-05  1.000038193403e+00  7.344674725940e-01
 5.400000000000e-05  1.000039662336e+00  7.344658539762e-01
 5.600000000000e-05  1.000041131266e+00  7.344642353543e-01
 5.800000000000e-05  1.000042600193e+00  7.344626167285e-01
 6.000000000000e-05  1.000044069117e+00  7.344609980988e-01
 6.200000000000e-05  1.000045538037e+00  7.344593794651e-01
 6.400000000000e-05  1.000047006954e+00  7.344577608274e-01
 6.600000000000e-05  1.000048475868e+00  7.344561421857e-01
 6.800000000000e-05  1.000049944779e+00  7.344545235401e-01
 7.000000000000e-05  1.000051413686e+00  7.344529048906e-01
 7.200000000000e-05  1.000052882590e+00  7.344512862370e-01
 7.400000000000e-05  1.000054351491e+00  7.344496675795e-01
 7.600000000000e-05  1.000055820389e+00  7.344480489181e-01
 7.800000000000e-05  1.000057289283e+00  7.344464302527e-01
 8.000000000000e-05  1.000058758175e+00  7.344448115833e-01
 8.200000000000e-05  1.000060227063e+00  7.344431929099e-01
 8.400000000000e-05  1.000061695947e+00  7.344415742326e-01
 8.600000000000e-05  1.000063164829e+00  7.344399555514e-01
 8.800000000000e-05  1.000064633707e+00  7.344383368661e-01
 9.000000000000e-05  1.000066102582e+00  7.344367181769e-01
 9.200000000000e-05  1.000067571454e+00  7.344350994838e-01
 9.400000000000e-05  1.000069040323e+00  7.344334807867e-01
 9.600000000000e-05  1.000070509188e+00  7.344318620856e-01
 9.800000000000e-05  1.000071978050e+00  7.344302433806e-01
 1.000000000000e-04  1.000073446909e+00  7.344286246716e-01
 1.020000000000e-04  1.000074915765e+00  7.344270059586e-01
 1.040000000000e-04  1.000076384617e+00  7.344253872417e-01
 1.060000000000e-04  1.000077853466e+00  7.344237685208e-01
 1.080000000000e-04  1.000079322312e+00  7.344221497959e-01
 1.100000000000e-04  1.000080791155e+00  7.344205310671e-01
 1.120000000000e-04  1.000082259994e+00  7.344189123343e-01
 1.140000000000e-04  1.000083728831e+00  7.344172935976e-01
 1.160000000000e-04  1.000085197663e+00  7.344156748569e-01
 1.180000000000e-04  1.000086666493e+00  7.344140561122e-01
 1.200000000000e-04  1.000088135320e+00  7.344124373636e-01
 1.220000000000e-04  1.000089604143e+00  7.344108186110e-01
 1.240000000000e-04  1.000091072963e+00  7.344091998545e-01
 1.260000000000e-04  1.000092541780e+00  7.344075810940e-01
 1.280000000000e-04  1.000094010593e+00  7.344059623295e-01
 1.300000000000e-04  1.000095479404e+00  7.344043435611e-01
 1.320000000000e-04  1.000096948211e+00  7.344027247887e-01
 1.340000000000e-04  1.000098417015e+00  7.344011060123e-01
 1.360000000000e-04  1.000099885815e+00  7.343994872320e-01
 1.380000000000e-04  1.000101354612e+00  7.343978684477e-01
 1.400000000000e-04  1.000102823407e+00  7.343962496595e-01
 1.420000000000e-04  1.000104292197e+00  7.343946308672e-01
 1.440000000000e-04  1.000105760985e+00  7.343930120711e-01
 1.460000000000e-04  1.000107229770e+00  7.343913932710e-01
 1.480000000000e-04  1.000108698551e+00  7.343897744669e-01
 1.500000000000e-04  1.000110167329e+00  7.343881556588e-01
 1.520000000000e-04  1.000111636103e+00  7.343865368468e-01
 1.540000000000e-04  1.000113104875e+00  7.343849180308e-01
 1.560000000000e-04  1.000114573643e+00  7.343832992109e-01
 1.580000000000e-04  1.000116042408e+00  7.343816803870e-01
 1.600000000000e-04  1.000117511170e+00  7.343800615591e-01
 1.620000000000e-04  1.000118979928e+00  7.343784427273e-01
 1.640000000000e-04  1.000120448683e+00  7.343768238915e-01
 1.660000000000e-04  1.000121917435e+00  7.343752050517e-01
 1.680000000000e-04  1.000123386184e+00  7.343735862080e-01
 1.700000000000e-04  1.000124854930e+00  7.343719673603e-01
 1.720000000000e-04  1.000126323672e+00  7.343703485087e-01
 1.740000000000e-04  1.000127792411e+00  7.343687296531e-01
 1.760000000000e-04  1.000129261147e+00  7.343671107936e-01
 1.780000000000e-04  1.000130729880e+00  7.343654919300e-01
 1.800000000000e-04  1.000132198609e+00  7.343638730625e-01
 1.820000000000e-04  1.000133667335e+00  7.343622541911e-01
 1.840000000000e-04  1.000135136058e+00  7.343606353157e-01
 1.860000000000e-04  1.000136604778e+00  7.343590164363e-01
 1.880000000000e-04  1.000138073494e+00  7.343573975530e-01
 1.900000000000e-04  1.000139542207e+00  7.343557786657e-01
 1.920000000000e-04  1.000141010917e+00  7.343541597745e-01
 1.940000000000e-04  1.000142479624e+00  7.343525408792e-01
 1.960000000000e-04  1.000143948327e+00  7.343509219801e-01
 1.980000000000e-04  1.000145417028e+00  7.343493030769e-01
 2.000000000000e-04  1.000146885725e+00  7.343476841698e-01
 2.020000000000e-04  1.000148354418e+00  7.343460652588e-01
 2.040000000000e-04  1.000149823109e+00  7.343444463437e-01
 2.060000000000e-04  1.000151291796e+00  7.343428274247e-01
 2.080000000000e-04  1.000152760480e+00  7.343412085018e-01
 2.100000000000e-04  1.000154229161e+00  7.343395895749e-01
 2.120000000000e-04  1.000155697839e+00  7.343379706440e-01
 2.140000000000e-04  1.000157166513e+00  7.343363517092e-01
 2.160000000000e-04  1.000158635184e+00  7.343347327704e-01
 2.180000000000e-04  1.000160103852e+00  7.343331138276e-01
 2.200000000000e-04  1.000161572516e+00  7.343314948809e-01
 2.220000000000e-04  1.000163041178e+00  7.343298759302e-01
 2.240000000000e-04  1.000164509836e+00  7.343282569756e-01
 2.260000000000e-04  1.000165978491e+00  7.343266380170e-01
 2.280000000000e-04  1.000167447142e+00  7.343250190544e-01
 2.300000000000e-04  1.000168915791e+00  7.343234000879e-01
 2.320000000000e-04  1.000170384436e+00  7.343217811174e-01
 2.340000000000e-04  1.000171853078e+00  7.343201621430e-01
 2.360000000000e-04  1.000173321717e+00  7.343185431646e-01
 2.380000000000e-04  1.000174790352e+00  7.343169241822e-01
 2.400000000000e-04  1.000176258984e+00  7.343153051958e-01
 2.420000000000e-04  1.000177727613e+00  7.343136862056e-01
 2.440000000000e-04  1.000179196239e+00  7.343120672113e-01
 2.460000000000e-04  1.000180664862e+00  7.343104482131e-01
 2.480000000000e-04  1.000182133481e+00  7.343088292109e-01
 2.500000000000e-04  1.000183602097e+00  7.343072102048e-01
 2.520000000000e-04  1.000185070710e+00  7.343055911947e-01
 2.540000000000e-04  1.000186539319e+00  7.343039721806e-01
 2.560000000000e-04  1.000188007926e+00  7.343023531626e-01
 2.580000000000e-04  1.000189476529e+00  7.343007341406e-01
 2.600000000000e-04  1.000190945129e+00  7.342991151146e-01
 2.620000000000e-04  1.000192413725e+00  7.342974960847e-01
 2.640000000000e-04  1.000193882319e+00  7.342958770509e-01
 2.660000000000e-04  1.000195350909e+00  7.342942580130e-01
 2.680000000000e-04  1.000196819496e+00  7.342926389712e-01
 2.700000000000e-04  1.000198288079e+00  7.342910199255e-01
 2.720000000000e-04  1.000199756660e+00  7.342894008758e-01
 2.740000000000e-04  1.000201225237e+00  7.342877818221e-01
 2.760000000000e-04  1.000202693811e+00  7.342861627644e-01
 2.780000000000e-04  1.000204162382e+00  7.342845437028e-01
 2.800000000000e-04  1.000205630949e+00  7.342829246373e-01
 2.820000000000e-04  1.000207099513e+00  7.342813055677e-01
 2.840000000000e-04  1.000208568074e+00  7.342796864943e-01
 2.860000000000e-04  1.000210036632e+00  7.342780674168e-01
 2.880000000000e-04  1.000211505186e+00  7.342764483354e-01
 2.900000000000e-04  1.000212973738e+00  7.342748292500e-01
 2.920000000000e-04  1.000214442286e+00  7.342732101607e-01
 2.940000000000e-04  1.000215910831e+00  7.342715910674e-01
 2.960000000000e-04  1.000217379372e+00  7.342699719702e-01
 2.980000000000e-04  1.000218847910e+00  7.342683528690e-01
 3.000000000000e-04  1.000220316446e+00  7.342667337638e-01
 3.020000000000e-04  1.000221784977e+00  7.342651146546e-01
 3.040000000000e-04  1.000223253506e+00  7.342634955415e-01
 3.060000000000e-04  1.000224722031e+00  7.342618764245e-01
 3.080000000000e-04  1.000226190554e+00  7.342602573035e-01
 3.100000000000e-04  1.000227659072e+00  7.342586381785e-01
 3.120000000000e-04  1.000229127588e+00  7.342570190495e-01
 3.140000000000e-04  1.000230596101e+00  7.342553999166e-01
 3.160000000000e-04  1.000232064610e+00  7.342537807798e-01
 3.180000000000e-04  1.000233533116e+00  7.342521616389e-01
 3.200000000000e-04  1.000235001618e+00  7.342505424942e-01
 3.220000000000e-04  1.000236470118e+00  7.342489233454e-01
 3.240000000000e-04  1.000237938614e+00  7.342473041927e-01
 3.260000000000e-04  1.000239407107e+00  7.342456850360e-01
 3.280000000000e-04  1.000240875597e+00  7.342440658754e-01
 3.300000000000e-04  1.000242344083e+00  7.342424467108e-01
 3.320000000000e-04  1.000243812567e+00  7.342408275423e-01
 3.340000000000e-04  1.000245281047e+00  7.342392083697e-01
 3.360000000000e-04  1.000246749523e+00  7.342375891933e-01
 3.380000000000e-04  1.000248217997e+00  7.342359700128e-01
 3.400000000000e-04  1.000249686467e+00  7.342343508284e-01
 3.420000000000e-04  1.000251154934e+00  7.342327316401e-01
 3.440000000000e-04  1.000252623398e+00  7.342311124478e-01
 3.460000000000e-04  1.000254091859e+00  7.342294932515e-01
 3.480000000000e-04  1.000255560316e+00  7.342278740512e-01
 3.500000000000e-04  1.000257028770e+00  7.342262548470e-01
 3.520000000000e-04  1.000258497221e+00  7.342246356389e-01
 3.540000000000e-04  1.000259965669e+00  7.342230164267e-01
 3.560000000000e-04  1.000261434113e+00  7.342213972107e-01
 3.580000000000e-04  1.000262902554e+00  7.342197779906e-01
 3.600000000000e-04  1.000264370992e+00  7.342181587666e-01
 3.620000000000e-04  1.000265839427e+00  7.342165395386e-01
 3.640000000000e-04  1.000267307859e+00  7.342149203067e-01
 3.660000000000e-04  1.000268776287e+00  7.342133010708e-01
 3.680000000000e-04  1.000270244712e+00  7.342116818310e-01
 3.700000000000e-04  1.000271713133e+00  7.342100625872e-01
 3.720000000000e-04  1.000273181552e+00  7.342084433394e-01
 3.740000000000e-04  1.000274649967e+00  7.342068240876e-01
 3.760000000000e-04  1.000276118379e+00  7.342052048320e-01
 3.780000000000e-04  1.000277586788e+00  7.342035855723e-01
 3.800000000000e-04  1.000279055194e+00  7.342019663087e-01
 3.820000000000e-04  1.000280523596e+00  7.342003470411e-01
 3.840000000000e-04  1.000281991995e+00  7.341987277696e-01
 3.860000000000e-04  1.000283460391e+00  7.341971084941e-01
 3.880000000000e-04  1.000284928783e+00  7.341954892146e-01
 3.900000000000e-04  1.000286397173e+00  7.341938699312e-01
 3.920000000000e-04  1.000287865559e+00  7.341922506438e-01
 3.940000000000e-04  1.000289333942e+00  7.341906313525e-01
 3.960000000000e-04  1.000290802321e+00  7.341890120572e-01
 3.980000000000e-04  1.000292270698e+00  7.341873927579e-01
 4.000000000000e-04  1.000293739071e+00  7.341857734547e-01
 4.020000000000e-04  1.000295207441e+00  7.341841541475e-01
 4.040000000000e-04  1.000296675808e+00  7.341825348363e-01
 4.060000000000e-04  1.000298144171e+00  7.341809155212e-01
 4.080000000000e-04  1.000299612531e+00  7.341792962022e-01
 4.100000000000e-04  1.000301080888e+00  7.341776768791e-01
 4.120000000000e-04  1.000302549242e+00  7.341760575522e-01
 4.140000000000e-04  1.000304017593e+00  7.341744382212e-01
 4.160000000000e-04  1.000305485940e+00  7.341728188863e-01
 4.180000000000e-04  1.000306954284e+00  7.341711995474e-01
 4.200000000000e-04  1.000308422625e+00  7.341695802046e-01
 4.220000000000e-04  1.000309890962e+00  7.341679608578e-01
 4.240000000000e-04  1.000311359296e+00  7.341663415070e-01
 4.260000000000e-04  1.000312827627e+00  7.341647221523e-01
 4.280000000000e-04  1.000314295955e+00  7.341631027937e-01
 4.300000000000e-04  1.000315764280e+00  7.341614834310e-01
 4.320000000000e-04  1.000317232601e+00  7.341598640644e-01
 4.340000000000e-04  1.000318700919e+00  7.341582446939e-01
 4.360000000000e-04  1.000320169234e+00  7.341566253194e-01
 4.380000000000e-04  1.000321637546e+00  7.341550059409e-01
 4.400000000000e-04  1.000323105854e+00  7.341533865585e-01
 4.420000000000e-04  1.000324574159e+00  7.341517671721e-01
 4.440000000000e-04  1.000326042461e+00  7.341501477817e-01
 4.460000000000e-04  1.000327510760e+00  7.341485283874e-01
 4.480000000000e-04  1.000328979055e+00  7.341469089891e-01
 4.500000000000e-04  1.000330447348e+00  7.341452895869e-01
 4.520000000000e-04  1.000331915637e+00  7.341436701807e-01
 4.540000000000e-04  1.000333383922e+00  7.341420507705e-01
 4.560000000000e-04  1.000334852205e+00  7.341404313564e-01
 4.580000000000e-04  1.000336320484e+00  7.341388119383e-01
 4.600000000000e-04  1.000337788760e+00  7.341371925163e-01
 4.620000000000e-04  1.000339257033e+00  7.341355730903e-01
 4.640000000000e-04  1.000340725302e+00  7.341339536603e-01
 4.660000000000e-04  1.000342193569e+00  7.341323342264e-01
 4.680000000000e-04  1.000343661832e+00  7.341307147885e-01
 4.700000000000e-04  1.000345130091e+00  7.341290953466e-01
 4.720000000000e-04  1.000346598348e+00  7.341274759008e-01
 4.740000000000e-04  1.000348066601e+00  7.341258564511e-01
 4.760000000000e-04  1.000349534851e+00  7.341242369973e-01
 4.780000000000e-04  1.000351003098e+00  7.341226175397e-01
 4.800000000000e-04  1.000352471342e+00  7.341209980780e-01
 4.820000000000e-04  1.000353939582e+00  7.341193786124e-01
 4.840000000000e-04  1.000355407819e+00  7.341177591428e-01
 4.860000000000e-04  1.000356876053e+00  7.341161396693e-01
 4.880000000000e-04  1.000358344284e+00  7.341145201918e-01
 4.900000000000e-04  1.000359812511e+00  7.341129007104e-01
 4.920000000000e-04  1.000361280736e+00  7.341112812250e-01
 4.940000000000e-04  1.000362748957e+00  7.341096617356e-01
 4.960000000000e-04  1.000364217174e+00  7.341080422423e-01
 4.980000000000e-04  1.000365685389e+00  7.341064227450e-01
 5.000000000000e-04  1.000367153600e+00  7.341048032437e-01
 5.020000000000e-04  1.000368621808e+00  7.341031837385e-01
 5.040000000000e-04  1.000370090013e+00  7.341015642294e-01
 5.060000000000e-04  1.000371558214e+00  7.340999447162e-01
 5.080000000000e-04  1.000373026412e+00  7.340983251991e-01
 5.100000000000e-04  1.000374494607e+00  7.340967056781e-01
 5.120000000000e-04  1.000375962799e+00  7.340950861531e-01
 5.140000000000e-04  1.000377430988e+00  7.340934666241e-01
 5.160000000000e-04  1.000378899173e+00  7.340918470912e-01
 5.180000000000e-04  1.000380367355e+00  7.340902275543e-01
 5.200000000000e-04  1.000381835534e+00  7.340886080134e-01
 5.220000000000e-04  1.000383303710e+00  7.340869884686e-01
 5.240000000000e-04  1.000384771882e+00  7.340853689199e-01
 5.260000000000e-04  1.000386240051e+00  7.340837493671e-01
 5.280000000000e-04  1.000387708217e+00  7.340821298104e-01
 5.300000000000e-04  1.000389176380e+00  7.340805102498e-01
 5.320000000000e-04  1.000390644539e+00  7.340788906852e-01
 5.340000000000e-04  1.000392112695e+00  7.340772711166e-01
 5.360000000000e-04  1.000393580848e+00  7.340756515441e-01
 5.380000000000e-04  1.000395048998e+00  7.340740319676e-01
 5.400000000000e-04  1.000396517144e+00  7.340724123871e-01
 5.420000000000e-04  1.000397985287e+00  7.340707928027e-01
 5.440000000000e-04  1.000399453427e+00  7.340691732144e-01
 5.460000000000e-04  1.000400921564e+00  7.340675536220e-01
 5.480000000000e-04  1.000402389698e+00  7.340659340257e-01
 5.500000000000e-04  1.000403857828e+00  7.340643144255e-01
 5.520000000000e-04  1.000405325955e+00  7.340626948213e-01
 5.540000000000e-04  1.000406794079e+00  7.340610752131e-01
 5.560000000000e-04  1.000408262199e+00  7.340594556010e-01
 5.580000000000e-04  1.000409730316e+00  7.340578359849e-01
 5.600000000000e-04  1.000411198431e+00  7.340562163648e-01
 5.620000000000e-04  1.000412666541e+00  7.340545967408e-01
 5.640000000000e-04  1.000414134649e+00  7.340529771128e-01
 5.660000000000e-04  1.000415602753e+00  7.340513574809e-01
 5.680000000000e-04  1.000417070854e+00  7.340497378450e-01
 5.700000000000e-04  1.000418538952e+00  7.340481182052e-01
 5.720000000000e-04  1.000420007047e+00  7.340464985614e-01
 5.740000000000e-04  1.000421475138e+00  7.340448789136e-01
 5.760000000000e-04  1.000422943226e+00  7.340432592619e-01
 5.780000000000e-04  1.000424411311e+00  7.340416396062e-01
 5.800000000000e-04  1.000425879393e+00  7.340400199465e-01
 5.820000000000e-04  1.000427347471e+00  7.340384002829e-01
 5.840000000000e-04  1.000428815547e+00  7.340367806153e-01
 5.860000000000e-04  1.000430283618e+00  7.340351609438e-01
 5.880000000000e-04  1.000431751687e+00  7.340335412683e-01
 5.900000000000e-04  1.000433219753e+00  7.340319215889e-01
 5.920000000000e-04  1.000434687815e+00  7.340303019055e-01
 5.940000000000e-04  1.000436155874e+00  7.340286822181e-01
 5.960000000000e-04  1.000437623930e+00  7.340270625268e-01
 5.980000000000e-04  1.000439091982e+00  7.340254428315e-01
 6.000000000000e-04  1.000440560031e+00  7.340238231322e-01
 6.020000000000e-04  1.000442028077e+00  7.340222034290e-01
 6.040000000000e-04  1.000443496120e+00  7.340205837218e-01
 6.060000000000e-04  1.000444964160e+00  7.340189640107e-01
 6.080000000000e-04  1.000446432196e+00  7.340173442956e-01
 6.100000000000e-04  1.000447900229e+00  7.340157245766e-01
 6.120000000000e-04  1.000449368259e+00  7.340141048536e-01
 6.140000000000e-04  1.000450836286e+00  7.340124851266e-01
 6.160000000000e-04  1.000452304309e+00  7.340108653957e-01
 6.180000000000e-04  1.000453772329e+00  7.340092456608e-01
 6.200000000000e-04  1.000455240346e+00  7.340076259220e-01
 6.220000000000e-04  1.000456708359e+00  7.340060061792e-01
 6.240000000000e-04  1.000458176370e+00  7.340043864324e-01
 6.260000000000e-04  1.000459644377e+00  7.340027666817e-01
 6.280000000000e-04  1.000461112381e+00  7.340011469270e-01
 6.300000000000e-04  1.000462580382e+00  7.339995271683e-01
 6.320000000000e-04  1.000464048379e+00  7.339979074057e-01
 6.340000000000e-04  1.000465516373e+00  7.339962876392e-01
 6.360000000000e-04  1.000466984364e+00  7.339946678686e-01
 6.380000000000e-04  1.000468452352e+00  7.339930480942e-01
 6.400000000000e-04  1.000469920336e+00  7.339914283157e-01
 6.420000000000e-04  1.000471388318e+00  7.339898085333e-01
 6.440000000000e-04  1.000472856296e+00  7.339881887470e-01
 6.460000000000e-04  1.000474324270e+00  7.339865689566e-01
 6.480000000000e-04  1.000475792242e+00  7.339849491624e-01
 6.500000000000e-04  1.000477260210e+00  7.339833293641e-01
 6.520000000000e-04  1.000478728175e+00  7.339817095619e-01
 6.540000000000e-04  1.000480196137e+00  7.339800897558e-01
 6.560000000000e-04  1.000481664096e+00  7.339784699457e-01
 6.580000000000e-04  1.000483132051e+00  7.339768501316e-01
 6.600000000000e-04  1.000484600003e+00  7.339752303135e-01
 6.620000000000e-04  1.000486067952e+00  7.339736104915e-01
 6.640000000000e-04  1.000487535897e+00  7.339719906656e-01
 6.660000000000e-04  1.000489003840e+00  7.339703708357e-01
 6.680000000000e-04  1.000490471779e+00  7.339687510018e-01
 6.700000000000e-04  1.000491939715e+00  7.339671311640e-01
 6.720000000000e-04  1.000493407647e+00  7.339655113222e-01
 6.740000000000e-04  1.000494875577e+00  7.339638914764e-01
 6.760000000000e-04  1.000496343503e+00  7.339622716267e-01
 6.780000000000e-04  1.000497811426e+00  7.339606517730e-01
 6.800000000000e-04  1.000499279346e+00  7.339590319154e-01
 6.820000000000e-04  1.000500747262e+00  7.339574120538e-01
 6.840000000000e-04  1.000502215175e+00  7.339557921883e-01
 6.860000000000e-04  1.000503683085e+00  7.339541723188e-01
 6.880000000000e-04  1.000505150992e+00  7.339525524453e-01
 6.900000000000e-04  1.000506618895e+00  7.339509325679e-01
 6.920000000000e-04  1.000508086796e+00  7.339493126865e-01
 6.940000000000e-04  1.000509554693e+00  7.339476928011e-01
 6.960000000000e-04  1.000511022586e+00  7.339460729118e-01
 6.980000000000e-04  1.000512490477e+00  7.339444530186e-01
 7.000000000000e-04  1.000513958364e+00  7.339428331213e-01
 7.020000000000e-04  1.000515426248e+00  7.339412132202e-01
 7.040000000000e-04  1.000516894129e+00  7.339395933150e-01
 7.060000000000e-04  1.000518362007e+00  7.339379734059e-01
 7.080000000000e-04  1.000519829881e+00  7.339363534929e-01
 7.100000000000e-04  1.000521297752e+00  7.339347335758e-01
 7.120000000000e-04  1.000522765620e+00  7.339331136549e-01
 7.140000000000e-04  1.000524233485e+00  7.339314937299e-01
 7.160000000000e-04  1.000525701346e+00  7.339298738010e-01
 7.180000000000e-04  1.000527169204e+00  7.339282538682e-01
 7.200000000000e-04  1.000528637059e+00  7.339266339314e-01
 7.220000000000e-04  1.000530104911e+00  7.339250139906e-01
 7.240000000000e-04  1.000531572759e+00  7.339233940459e-01
 7.260000000000e-04  1.000533040604e+00  7.339217740972e-01
 7.280000000000e-04  1.000534508446e+00  7.339201541445e-01
 7.300000000000e-04  1.000535976285e+00  7.339185341879e-01
 7.320000000000e-04  1.000537444120e+00  7.339169142273e-01
 7.340000000000e-04  1.000538911952e+00  7.339152942628e-01
 7.360000000000e-04  1.000540379781e+00  7.339136742943e-01
 7.380000000000e-04  1.000541847607e+00  7.339120543219e-01
 7.400000000000e-04  1.000543315430e+00  7.339104343455e-01
 7.420000000000e-04  1.000544783249e+00  7.339088143651e-01
 7.440000000000e-04  1.000546251065e+00  7.339071943808e-01
 7.460000000000e-04  1.000547718878e+00  7.339055743925e-01
 7.480000000000e-04  1.000549186687e+00  7.339039544002e-01
 7.500000000000e-04  1.000550654493e+00  7.339023344040e-01
 7.520000000000e-04  1.000552122296e+00  7.339007144039e-01
 7.540000000000e-04  1.000553590096e+00  7.338990943998e-01
 7.560000000000e-04  1.000555057893e+00  7.338974743917e-01
 7.580000000000e-04  1.000556525686e+00  7.338958543796e-01
 7.600000000000e-04  1.000557993476e+00  7.338942343637e-01
 7.620000000000e-04  1.000559461263e+00  7.338926143437e-01
 7.640000000000e-04  1.000560929047e+00  7.338909943198e-01
 7.660000000000e-04  1.000562396827e+00  7.338893742919e-01
 7.680000000000e-04  1.000563864604e+00  7.338877542601e-01
 7.700000000000e-04  1.000565332378e+00  7.338861342243e-01
 7.720000000000e-04  1.000566800149e+00  7.338845141845e-01
 7.740000000000e-04  1.000568267916e+00  7.338828941408e-01
 7.760000000000e-04  1.000569735680e+00  7.338812740932e-01
 7.780000000000e-04  1.000571203441e+00  7.338796540415e-01
 7.800000000000e-04  1.000572671199e+00  7.338780339859e-01
 7.820000000000e-04  1.000574138953e+00  7.338764139264e-01
 7.840000000000e-04  1.000575606705e+00  7.338747938629e-01
 7.860000000000e-04  1.000577074453e+00  7.338731737954e-01
 7.880000000000e-04  1.000578542197e+00  7.338715537240e-01
 7.900000000000e-04  1.000580009939e+00  7.338699336486e-01
 7.920000000000e-04  1.000581477677e+00  7.338683135693e-01
 7.940000000000e-04  1.000582945412e+00  7.338666934860e-01
 7.960000000000e-04  1.000584413144e+00  7.338650733988e-01
 7.980000000000e-04  1.000585880872e+00  7.338634533075e-01
 8.000000000000e-04  1.000587348598e+00  7.338618332124e-01
 8.020000000000e-04  1.000588816320e+00  7.338602131132e-01
 8.040000000000e-04  1.000590284038e+00  7.338585930101e-01
 8.060000000000e-04  1.000591751754e+00  7.338569729031e-01
 8.080000000000e-04  1.000593219466e+00  7.338553527921e-01
 8.100000000000e-04  1.000594687175e+00  7.338537326771e-01
 8.120000000000e-04  1.000596154881e+00  7.338521125582e-01
 8.140000000000e-04  1.000597622584e+00  7.338504924353e-01
 8.160000000000e-04  1.000599090283e+00  7.338488723085e-01
 8.180000000000e-04  1.000600557979e+00  7.338472521777e-01
 8.200000000000e-04  1.000602025672e+00  7.338456320429e-01
 8.220000000000e-04  1.000603493362e+00  7.338440119042e-01
 8.240000000000e-04  1.000604961048e+00  7.338423917615e-01
 8.260000000000e-04  1.000606428732e+00  7.338407716149e-01
 8.280000000000e-04  1.000607896411e+00  7.338391514643e-01
 8.300000000000e-04  1.000609364088e+00  7.338375313097e-01
 8.320000000000e-04  1.000610831762e+00  7.338359111512e-01
 8.340000000000e-04  1.000612299432e+00  7.338342909887e-01
 8.360000000000e-04  1.000613767099e+00  7.338326708223e-01
 8.380000000000e-04  1.000615234762e+00  7.338310506519e-01
 8.400000000000e-04  1.000616702423e+00  7.338294304776e-01
 8.420000000000e-04  1.000618170080e+00  7.338278102993e-01
 8.440000000000e-04  1.000619637734e+00  7.338261901170e-01
 8.460000000000e-04  1.000621105385e+00  7.338245699308e-01
 8.480000000000e-04  1.000622573032e+00  7.338229497406e-01
 8.500000000000e-04  1.000624040677e+00  7.338213295465e-01
 8.520000000000e-04  1.000625508318e+00  7.338197093484e-01
 8.540000000000e-04  1.000626975956e+00  7.338180891463e-01
 8.560000000000e-04  1.000628443590e+00  7.338164689403e-01
 8.580000000000e-04  1.000629911221e+00  7.338148487303e-01
 8.600000000000e-04  1.000631378850e+00  7.338132285164e-01
 8.620000000000e-04  1.000632846474e+00  7.338116082985e-01
 8.640000000000e-04  1.000634314096e+00  7.338099880767e-01
 8.660000000000e-04  1.000635781714e+00  7.338083678508e-01
 8.680000000000e-04  1.000637249329e+00  7.338067476211e-01
 8.700000000000e-04  1.000638716941e+00  7.338051273874e-01
 8.720000000000e-04  1.000640184550e+00  7.338035071497e-01
 8.740000000000e-04  1.000641652155e+00  7.338018869080e-01
 8.760000000000e-04  1.000643119757e+00  7.338002666624e-01
 8.780000000000e-04  1.000644587356e+00  7.337986464129e-01
 8.800000000000e-04  1.000646054952e+00  7.337970261594e-01
 8.820000000000e-04  1.000647522544e+00  7.337954059019e-01
 8.840000000000e-04  1.000648990134e+00  7.337937856405e-01
 8.860000000000e-04  1.000650457720e+00  7.337921653751e-01
 8.880000000000e-04  1.000651925302e+00  7.337905451057e-01
 8.900000000000e-04  1.000653392882e+00  7.337889248324e-01
 8.920000000000e-04  1.000654860458e+00  7.337873045551e-01
 8.940000000000e-04  1.000656328031e+00  7.337856842739e-01
 8.960000000000e-04  1.000657795601e+00  7.337840639887e-01
 8.980000000000e-04  1.000659263167e+00  7.337824436996e-01
 9.000000000000e-04  1.000660730731e+00  7.337808234065e-01
 9.020000000000e-04  1.000662198291e+00  7.337792031094e-01
 9.040000000000e-04  1.000663665847e+00  7.337775828084e-01
 9.060000000000e-04  1.000665133401e+00  7.337759625035e-01
 9.080000000000e-04  1.000666600951e+00  7.337743421945e-01
 9.100000000000e-04  1.000668068498e+00  7.3