3 10
emin+1:  0.000000e+00, e+1:  0.000000e+00, T: 1.0000e+00
emin+1: -3.690381e-01, e+1:  1.680412e-01, T: 7.4928e-01, no:       0, try:   4050000000
emin+1: -3.690381e-01, e+1:  1.658922e-01, T: 6.3096e-01, no:       0, try:   8100000000
emin+1: -3.690381e-01, e+1:  1.628304e-01, T: 4.7276e-01, no:       2, try:  12150000000
emin+1: -3.693942e-01, e+1:  1.593323e-01, T: 3.9811e-01, no:       1, try:  16200000000
emin+1: -3.693942e-01, e+1:  1.544716e-01, T: 2.9829e-01, no:       2, try:  20250000000
emin+1: -3.693942e-01, e+1:  1.487844e-01, T: 2.5119e-01, no:       0, try:  24300000000
emin+1: -3.789083e-01, e+1:  1.409261e-01, T: 1.8821e-01, no:       0, try:  28350000000
emin+1: -3.789083e-01, e+1:  1.317555e-01, T: 1.5849e-01, no:       1, try:  32400000000
emin+1: -3.789083e-01, e+1:  1.188539e-01, T: 1.1875e-01, no:       0, try:  36450000000
emin+1: -4.030221e-01, e+1:  1.040435e-01, T: 1.0000e-01, no:       1, try:  40500000000
emin+1: -4.044721e-01, e+1:  8.324383e-02, T: 7.4928e-02, no:       2, try:  44550000000
emin+1: -4.396475e-01, e+1:  5.916841e-02, T: 6.3096e-02, no:       0, try:  48600000000
emin+1: -4.489004e-01, e+1:  2.659984e-02, T: 4.7276e-02, no:       4, try:  52650000000
emin+1: -4.645345e-01, e+1: -1.029705e-02, T: 3.9811e-02, no:       1, try:  56700000000
emin+1: -5.380019e-01, e+1: -5.919290e-02, T: 2.9829e-02, no:       3, try:  60750000000
emin+1: -5.827582e-01, e+1: -1.128075e-01, T: 2.5119e-02, no:       0, try:  64800000000
emin+1: -6.251406e-01, e+1: -1.819268e-01, T: 1.8821e-02, no:       0, try:  68850000000
emin+1: -6.434128e-01, e+1: -2.555788e-01, T: 1.5849e-02, no:       1, try:  72900000000
emin+1: -6.722874e-01, e+1: -3.451839e-01, T: 1.1875e-02, no:       1, try:  76950000000
emin+1: -6.965175e-01, e+1: -4.373180e-01, T: 1.0000e-02, no:       1, try:  81000000000
emin+1: -7.129242e-01, e+1: -5.268547e-01, T: 7.4928e-03, no:       8, try:  85050000000
emin+1: -7.189288e-01, e+1: -5.850079e-01, T: 6.3096e-03, no:       5, try:  89100000000
emin+1: -7.233543e-01, e+1: -6.250675e-01, T: 4.7276e-03, no:       1, try:  93150000000
emin+1: -7.242769e-01, e+1: -6.522397e-01, T: 3.9811e-03, no:       5, try:  97200000000
emin+1: -7.289490e-01, e+1: -6.729187e-01, T: 2.9829e-03, no:       0, try: 101250000000
emin+1: -7.294483e-01, e+1: -6.875418e-01, T: 2.5119e-03, no:       1, try: 105300000000
emin+1: -7.313525e-01, e+1: -6.989914e-01, T: 1.8821e-03, no:       0, try: 109350000000
emin+1: -7.331635e-01, e+1: -7.072097e-01, T: 1.5849e-03, no:      15, try: 113400000000
emin+1: -7.337873e-01, e+1: -7.137531e-01, T: 1.1875e-03, no:       4, try: 117450000000
emin+1: -7.354537e-01, e+1: -7.185014e-01, T: 1.0000e-03, no:       1, try: 121500000000
emin+1: -7.358949e-01, e+1: -7.223145e-01, T: 7.4928e-04, no:       4, try: 125550000000
emin+1: -7.368741e-01, e+1: -7.251360e-01, T: 6.3096e-04, no:       1, try: 129600000000
emin+1: -7.379526e-01, e+1: -7.275936e-01, T: 4.7276e-04, no:       0, try: 133650000000
emin+1: -7.390165e-01, e+1: -7.297337e-01, T: 3.9811e-04, no:       2, try: 137700000000
emin+1: -7.395019e-01, e+1: -7.320755e-01, T: 2.9829e-04, no:       2, try: 141750000000
emin+1: -7.398517e-01, e+1: -7.340394e-01, T: 2.5119e-04, no:       6, try: 145800000000
emin+1: -7.404061e-01, e+1: -7.357614e-01, T: 1.8821e-04, no:       4, try: 149850000000
emin+1: -7.407433e-01, e+1: -7.371145e-01, T: 1.5849e-04, no:       9, try: 153900000000
emin+1: -7.409403e-01, e+1: -7.381845e-01, T: 1.1875e-04, no:       3, try: 157950000000
emin+1: -7.411031e-01, e+1: -7.389159e-01, T: 1.0000e-04, no:      12, try: 162000000000
emin+1: -7.411578e-01, e+1: -7.395081e-01, T: 7.4928e-05, no:       2, try: 166050000000
emin+1: -7.412651e-01, e+1: -7.399477e-01, T: 6.3096e-05, no:       4, try: 170100000000
emin+1: -7.413570e-01, e+1: -7.403087e-01, T: 4.7276e-05, no:      20, try: 174150000000
emin+1: -7.414376e-01, e+1: -7.405829e-01, T: 3.9811e-05, no:       2, try: 178200000000
emin+1: -7.414466e-01, e+1: -7.408087e-01, T: 2.9829e-05, no:      17, try: 182250000000
emin+1: -7.414972e-01, e+1: -7.409804e-01, T: 2.5119e-05, no:      33, try: 186300000000
emin+1: -7.415352e-01, e+1: -7.411223e-01, T: 1.8821e-05, no:      11, try: 190350000000
emin+1: -7.415439e-01, e+1: -7.412302e-01, T: 1.5849e-05, no:      16, try: 194400000000
emin+1: -7.415764e-01, e+1: -7.413194e-01, T: 1.1875e-05, no:      13, try: 198450000000
emin+1: -7.415903e-01, e+1: -7.413877e-01, T: 1.0000e-05, no:       9, try: 202500000000
emin+1: -7.416039e-01, e+1: -7.414442e-01, T: 7.4928e-06, no:      26, try: 206550000000
emin+1: -7.416150e-01, e+1: -7.414872e-01, T: 6.3096e-06, no:      17, try: 210600000000
emin+1: -7.416234e-01, e+1: -7.415226e-01, T: 4.7276e-06, no:       7, try: 214650000000
emin+1: -7.416303e-01, e+1: -7.415499e-01, T: 3.9811e-06, no:       7, try: 218700000000
emin+1: -7.416357e-01, e+1: -7.415724e-01, T: 2.9829e-06, no:      19, try: 222750000000
emin+1: -7.416383e-01, e+1: -7.415895e-01, T: 2.5119e-06, no:      12, try: 226800000000
emin+1: -7.416432e-01, e+1: -7.416037e-01, T: 1.8821e-06, no:      36, try: 230850000000
emin+1: -7.416461e-01, e+1: -7.416145e-01, T: 1.5849e-06, no:      57, try: 234900000000
emin+1: -7.416483e-01, e+1: -7.416235e-01, T: 1.1875e-06, no:      25, try: 238950000000
emin+1: -7.416500e-01, e+1: -7.416303e-01, T: 1.0000e-06, no:      35, try: 243000000000
emin+1: -7.416521e-01, e+1: -7.416360e-01, T: 7.4928e-07, no:       3, try: 247050000000
emin+1: -7.416527e-01, e+1: -7.416403e-01, T: 6.3096e-07, no:       1, try: 251100000000
emin+1: -7.416538e-01, e+1: -7.416439e-01, T: 4.7276e-07, no:     152, try: 255150000000
emin+1: -7.416546e-01, e+1: -7.416466e-01, T: 3.9811e-07, no:      25, try: 259200000000
emin+1: -7.416550e-01, e+1: -7.416489e-01, T: 2.9829e-07, no:     121, try: 263250000000
emin+1: -7.416557e-01, e+1: -7.416506e-01, T: 2.5119e-07, no:     129, try: 267300000000
emin+1: -7.416558e-01, e+1: -7.416520e-01, T: 1.8821e-07, no:      37, try: 271350000000
emin+1: -7.416561e-01, e+1: -7.416531e-01, T: 1.5849e-07, no:      22, try: 275400000000
emin+1: -7.416565e-01, e+1: -7.416540e-01, T: 1.1875e-07, no:     176, try: 279450000000
emin+1: -7.416567e-01, e+1: -7.416547e-01, T: 1.0000e-07, no:      61, try: 283500000000
emin+1: -7.416568e-01, e+1: -7.416552e-01, T: 7.4928e-08, no:     182, try: 287550000000
emin+1: -7.416569e-01, e+1: -7.416557e-01, T: 6.3096e-08, no:     225, try: 291600000000
emin+1: -7.416570e-01, e+1: -7.416560e-01, T: 4.7276e-08, no:     783, try: 295650000000
emin+1: -7.416571e-01, e+1: -7.416563e-01, T: 3.9811e-08, no:     374, try: 299700000000
emin+1: -7.416571e-01, e+1: -7.416565e-01, T: 2.9829e-08, no:      17, try: 303750000000
emin+1: -7.416572e-01, e+1: -7.416567e-01, T: 2.5119e-08, no:     159, try: 307800000000
emin+1: -7.416572e-01, e+1: -7.416568e-01, T: 1.8821e-08, no:     626, try: 311850000000
emin+1: -7.416573e-01, e+1: -7.416570e-01, T: 1.5849e-08, no:     434, try: 315900000000
emin+1: -7.416573e-01, e+1: -7.416570e-01, T: 1.1875e-08, no:     104, try: 319950000000
emin+1: -7.416573e-01, e+1: -7.416571e-01, T: 1.0000e-08, no:     137, try: 324000000000
emin+1: -7.416573e-01, e+1: -7.416572e-01, T: 7.4928e-09, no:     538, try: 328050000000
emin+1: -7.416573e-01, e+1: -7.416572e-01, T: 6.3096e-09, no:     149, try: 332100000000
emin+1: -7.416573e-01, e+1: -7.416573e-01, T: 4.7276e-09, no:     654, try: 336150000000
emin+1: -7.416574e-01, e+1: -7.416573e-01, T: 3.9811e-09, no:     701, try: 340200000000
emin+1: -7.416574e-01, e+1: -7.416573e-01, T: 2.9829e-09, no:     103, try: 344250000000
emin+1: -7.416574e-01, e+1: -7.416573e-01, T: 2.5119e-09, no:     505, try: 348300000000
emin+1: -7.416574e-01, e+1: -7.416573e-01, T: 1.8821e-09, no:     452, try: 352350000000
emin+1: -7.416574e-01, e+1: -7.416573e-01, T: 1.5849e-09, no:     959, try: 356400000000
emin+1: -7.416574e-01, e+1: -7.416574e-01, T: 1.1875e-09, no:     472, try: 360450000000
emin+1: -7.416574e-01, e+1: -7.416574e-01, T: 1.0000e-09, no:    5043, try: 364500000000
emin+1: -7.416574e-01, e+1: -7.416574e-01, T: 7.4928e-10, no:    2062, try: 368550000000
emin+1: -7.416574e-01, e+1: -7.416574e-01, T: 6.3096e-10, no:     539, try: 372600000000
emin+1: -7.416574e-01, e+1: -7.416574e-01, T: 4.7276e-10, no:    9542, try: 376650000000
emin+1: -7.416574e-01, e+1: -7.416574e-01, T: 3.9811e-10, no:     246, try: 380700000000
emin+1: -7.416574e-01, e+1: -7.416574e-01, T: 2.9829e-10, no:   10800, try: 384750000000
emin+1: -7.416574e-01, e+1: -7.416574e-01, T: 2.5119e-10, no:    1514, try: 388800000000
emin+1: -7.416574e-01, e+1: -7.416574e-01, T: 1.8821e-10, no:    7599, try: 392850000000
emin+1: -7.416574e-01, e+1: -7.416574e-01, T: 1.5849e-10, no:      47, try: 396900000000
emin+1: -7.416574e-01, e+1: -7.416574e-01, T: 1.1875e-10, no:    5132, try: 400950000000
emin+1: -7.416574e-01, e+1: -7.416574e-01, T: 1.0000e-10, no:    1432, try: 405000000000
emin+1: -7.416574e-01, e+1: -7.416574e-01, T: 7.4928e-11, no:    4589, try: 409050000000
emin+1: -7.416574e-01, e+1: -7.416574e-01, T: 6.3096e-11, no:    2225, try: 413100000000
emin+1: -7.416574e-01, e+1: -7.416574e-01, T: 4.7276e-11, no:    7890, try: 417150000000
emin+1: -7.416574e-01, e+1: -7.416574e-01, T: 3.9811e-11, no:    1126, try: 421200000000
emin+1: -7.416574e-01, e+1: -7.416574e-01, T: 2.9829e-11, no:    6093, try: 425250000000
emin+1: -7.416574e-01, e+1: -7.416574e-01, T: 2.5119e-11, no:    1359, try: 429300000000
emin+1: -7.416574e-01, e+1: -7.416574e-01, T: 1.8821e-11, no:    4191, try: 433350000000
emin+1: -7.416574e-01, e+1: -7.416574e-01, T: 1.5849e-11, no:    3303, try: 437400000000
emin+1: -7.416574e-01, e+1: -7.416574e-01, T: 1.1875e-11, no:   32281, try: 441450000000
emin+1: -7.416574e-01, e+1: -7.416574e-01, T: 1.0000e-11, no:   27530, try: 445500000000
emin+1: -7.416574e-01, e+1: -7.416574e-01, T: 7.4928e-12, no:     383, try: 449550000000
emin+1: -7.416574e-01, e+1: -7.416574e-01, T: 6.3096e-12, no:    9733, try: 453600000000
emin+1: -7.416574e-01, e+1: -7.416574e-01, T: 4.7276e-12, no:   70487, try: 457650000000
emin+1: -7.416574e-01, e+1: -7.416574e-01, T: 3.9811e-12, no:    4634, try: 461700000000
emin+1: -7.416574e-01, e+1: -7.416574e-01, T: 2.9829e-12, no:   58164, try: 465750000000
emin+1: -7.416574e-01, e+1: -7.416574e-01, T: 2.5119e-12, no:   36664, try: 469800000000
emin+1: -7.416574e-01, e+1: -7.416574e-01, T: 1.8821e-12, no:   35070, try: 473850000000
emin+1: -7.416574e-01, e+1: -7.416574e-01, T: 1.5849e-12, no:   10498, try: 477900000000
emin+1: -7.416574e-01, e+1: -7.416574e-01, T: 1.1875e-12, no:   13655, try: 481950000000
emin+1: -7.416574e-01, e+1: -7.416574e-01, T: 1.0000e-12, no:   43136, try: 486000000000
emin+1: -7.416574e-01, e+1: -7.416574e-01, T: 7.4928e-13, no:   63739, try: 490050000000
emin+1: -7.416574e-01, e+1: -7.416574e-01, T: 6.3096e-13, no:   77132, try: 494100000000
emin+1: -7.416574e-01, e+1: -7.416574e-01, T: 4.7276e-13, no:  211760, try: 498150000000
emin+1: -7.416574e-01, e+1: -7.416574e-01, T: 3.9811e-13, no:   41859, try: 502200000000
emin+1: -7.416574e-01, e+1: -7.416574e-01, T: 2.9829e-13, no:   56365, try: 506250000000
emin+1: -7.416574e-01, e+1: -7.416574e-01, T: 2.5119e-13, no:  123785, try: 510300000000
emin+1: -7.416574e-01, e+1: -7.416574e-01, T: 1.8821e-13, no:   50922, try: 514350000000
emin+1: -7.416574e-01, e+1: -7.416574e-01, T: 1.5849e-13, no:  247625, try: 518400000000
emin+1: -7.416574e-01, e+1: -7.416574e-01, T: 1.1875e-13, no:   37944, try: 522450000000
emin+1: -7.416574e-01, e+1: -7.416574e-01, T: 1.0000e-13, no:   94597, try: 526500000000
emin+1: -7.416574e-01, e+1: -7.416574e-01, T: 7.4928e-14, no:    8823, try: 530550000000
emin+1: -7.416574e-01, e+1: -7.416574e-01, T: 6.3096e-14, no:   40132, try: 534600000000
emin+1: -7.416574e-01, e+1: -7.416574e-01, T: 4.7276e-14, no:  139710, try: 538650000000
emin+1: -7.416574e-01, e+1: -7.416574e-01, T: 3.9811e-14, no:   38452, try: 542700000000
emin+1: -7.416574e-01, e+1: -7.416574e-01, T: 2.9829e-14, no:  628258, try: 546750000000
emin+1: -7.416574e-01, e+1: -7.416574e-01, T: 2.5119e-14, no:   24468, try: 550800000000
emin+1: -7.416574e-01, e+1: -7.416574e-01, T: 1.8821e-14, no:   99732, try: 554850000000
emin+1: -7.416574e-01, e+1: -7.416574e-01, T: 1.5849e-14, no:  263380, try: 558900000000
emin+1: -7.416574e-01, e+1: -7.416574e-01, T: 1.1875e-14, no:  325050, try: 562950000000
emin+1: -7.416574e-01, e+1: -7.416574e-01, T: 1.0000e-14, no:  122082, try: 567000000000
emin+1: -7.416574e-01, e+1: -7.416574e-01, T: 7.4928e-15, no:  416458, try: 571050000000
emin+1: -7.416574e-01, e+1: -7.416574e-01, T: 6.3096e-15, no:  244970, try: 575100000000
emin+1: -7.416574e-01, e+1: -7.416574e-01, T: 4.7276e-15, no:  497353, try: 579150000000
emin+1: -7.416574e-01, e+1: -7.416574e-01, T: 3.9811e-15, no:   31826, try: 583200000000
emin+1: -7.416574e-01, e+1: -7.416574e-01, T: 2.9829e-15, no:  104374, try: 587250000000
emin+1: -7.416574e-01, e+1: -7.416574e-01, T: 2.5119e-15, no:  826949, try: 591300000000
emin+1: -7.416574e-01, e+1: -7.416574e-01, T: 1.8821e-15, no:  752439, try: 595350000000
emin+1: -7.416574e-01, e+1: -7.416574e-01, T: 1.5849e-15, no:   45807, try: 599400000000
emin+1: -7.416574e-01, e+1: -7.416574e-01, T: 1.1875e-15, no:  104109, try: 603450000000
emin+1: -7.416574e-01, e+1: -7.416574e-01, T: 1.0000e-15, no: 1447383, try: 607500000000

Last chain: -1.741657386773919393482129570e+00
Best chain: -1.741657386773922367773949349e+00 (-1.741657386773922367773949349e+00)

Error: length:  0.000000000000000000000000000e+00, angle:  0.000000000000000000000000000e+00


Last chain: -1.741657386773919393482129570e+00
Best chain: -1.741657386773922367773949349e+00 (-1.741657386773922367773949349e+00)

Error: length:  0.000000000000000000000000000e+00, angle:  0.000000000000000000000000000e+00


