3 10
emin+1:  0.000000e+00, e+1:  0.000000e+00, T: 1.0000e+00
emin+1: -3.806731e-01, e+1:  1.680181e-01, T: 7.4928e-01, no:       1, try:    405000000
emin+1: -3.806731e-01, e+1:  1.658353e-01, T: 6.3096e-01, no:       6, try:    810000000
emin+1: -3.806731e-01, e+1:  1.627605e-01, T: 4.7276e-01, no:       0, try:   1215000000
emin+1: -3.806731e-01, e+1:  1.593948e-01, T: 3.9811e-01, no:       1, try:   1620000000
emin+1: -3.806731e-01, e+1:  1.544216e-01, T: 2.9829e-01, no:       0, try:   2025000000
emin+1: -3.806731e-01, e+1:  1.486650e-01, T: 2.5119e-01, no:       2, try:   2430000000
emin+1: -3.806731e-01, e+1:  1.410339e-01, T: 1.8821e-01, no:       2, try:   2835000000
emin+1: -3.806731e-01, e+1:  1.319330e-01, T: 1.5849e-01, no:       1, try:   3240000000
emin+1: -3.806731e-01, e+1:  1.188372e-01, T: 1.1875e-01, no:       1, try:   3645000000
emin+1: -3.806731e-01, e+1:  1.041603e-01, T: 1.0000e-01, no:       2, try:   4050000000
emin+1: -3.806731e-01, e+1:  8.325292e-02, T: 7.4928e-02, no:       1, try:   4455000000
emin+1: -3.954809e-01, e+1:  5.962865e-02, T: 6.3096e-02, no:       3, try:   4860000000
emin+1: -4.108308e-01, e+1:  2.687358e-02, T: 4.7276e-02, no:       1, try:   5265000000
emin+1: -4.405894e-01, e+1: -1.032397e-02, T: 3.9811e-02, no:       0, try:   5670000000
emin+1: -4.898795e-01, e+1: -5.953361e-02, T: 2.9829e-02, no:       2, try:   6075000000
emin+1: -5.314471e-01, e+1: -1.124591e-01, T: 2.5119e-02, no:       1, try:   6480000000
emin+1: -6.162568e-01, e+1: -1.823730e-01, T: 1.8821e-02, no:       0, try:   6885000000
emin+1: -6.428294e-01, e+1: -2.555379e-01, T: 1.5849e-02, no:       0, try:   7290000000
emin+1: -6.665797e-01, e+1: -3.444950e-01, T: 1.1875e-02, no:       0, try:   7695000000
emin+1: -6.856992e-01, e+1: -4.369724e-01, T: 1.0000e-02, no:       5, try:   8100000000
emin+1: -7.053529e-01, e+1: -5.266986e-01, T: 7.4928e-03, no:       2, try:   8505000000
emin+1: -7.117038e-01, e+1: -5.851658e-01, T: 6.3096e-03, no:       6, try:   8910000000
emin+1: -7.203132e-01, e+1: -6.251104e-01, T: 4.7276e-03, no:       0, try:   9315000000
emin+1: -7.248947e-01, e+1: -6.521288e-01, T: 3.9811e-03, no:       6, try:   9720000000
emin+1: -7.269345e-01, e+1: -6.729158e-01, T: 2.9829e-03, no:       2, try:  10125000000
emin+1: -7.298725e-01, e+1: -6.875444e-01, T: 2.5119e-03, no:       1, try:  10530000000
emin+1: -7.305589e-01, e+1: -6.989730e-01, T: 1.8821e-03, no:       2, try:  10935000000
emin+1: -7.320010e-01, e+1: -7.072063e-01, T: 1.5849e-03, no:       2, try:  11340000000
emin+1: -7.336847e-01, e+1: -7.137632e-01, T: 1.1875e-03, no:       6, try:  11745000000
emin+1: -7.350922e-01, e+1: -7.185003e-01, T: 1.0000e-03, no:       1, try:  12150000000
emin+1: -7.359615e-01, e+1: -7.223239e-01, T: 7.4928e-04, no:       0, try:  12555000000
emin+1: -7.362810e-01, e+1: -7.251305e-01, T: 6.3096e-04, no:       0, try:  12960000000
emin+1: -7.378712e-01, e+1: -7.275780e-01, T: 4.7276e-04, no:       7, try:  13365000000
emin+1: -7.384036e-01, e+1: -7.297292e-01, T: 3.9811e-04, no:       1, try:  13770000000
emin+1: -7.391930e-01, e+1: -7.320491e-01, T: 2.9829e-04, no:       0, try:  14175000000
emin+1: -7.398011e-01, e+1: -7.340633e-01, T: 2.5119e-04, no:       2, try:  14580000000
emin+1: -7.401205e-01, e+1: -7.357676e-01, T: 1.8821e-04, no:       4, try:  14985000000
emin+1: -7.404679e-01, e+1: -7.371526e-01, T: 1.5849e-04, no:       0, try:  15390000000
emin+1: -7.408310e-01, e+1: -7.381539e-01, T: 1.1875e-04, no:       0, try:  15795000000
emin+1: -7.408610e-01, e+1: -7.389245e-01, T: 1.0000e-04, no:       5, try:  16200000000
emin+1: -7.411338e-01, e+1: -7.395105e-01, T: 7.4928e-05, no:      47, try:  16605000000
emin+1: -7.412195e-01, e+1: -7.399484e-01, T: 6.3096e-05, no:       4, try:  17010000000
emin+1: -7.412705e-01, e+1: -7.403078e-01, T: 4.7276e-05, no:       0, try:  17415000000
emin+1: -7.413620e-01, e+1: -7.405836e-01, T: 3.9811e-05, no:      14, try:  17820000000
emin+1: -7.414314e-01, e+1: -7.408102e-01, T: 2.9829e-05, no:       8, try:  18225000000
emin+1: -7.414971e-01, e+1: -7.409810e-01, T: 2.5119e-05, no:      56, try:  18630000000
emin+1: -7.414999e-01, e+1: -7.411214e-01, T: 1.8821e-05, no:      12, try:  19035000000
emin+1: -7.415348e-01, e+1: -7.412301e-01, T: 1.5849e-05, no:      32, try:  19440000000
emin+1: -7.415623e-01, e+1: -7.413202e-01, T: 1.1875e-05, no:      14, try:  19845000000
emin+1: -7.415799e-01, e+1: -7.413874e-01, T: 1.0000e-05, no:       0, try:  20250000000
emin+1: -7.415964e-01, e+1: -7.414447e-01, T: 7.4928e-06, no:       8, try:  20655000000
emin+1: -7.416195e-01, e+1: -7.414868e-01, T: 6.3096e-06, no:       7, try:  21060000000
emin+1: -7.416195e-01, e+1: -7.415227e-01, T: 4.7276e-06, no:       4, try:  21465000000
emin+1: -7.416257e-01, e+1: -7.415501e-01, T: 3.9811e-06, no:       5, try:  21870000000
emin+1: -7.416345e-01, e+1: -7.415725e-01, T: 2.9829e-06, no:      80, try:  22275000000
emin+1: -7.416371e-01, e+1: -7.415896e-01, T: 2.5119e-06, no:       2, try:  22680000000
emin+1: -7.416402e-01, e+1: -7.416036e-01, T: 1.8821e-06, no:      12, try:  23085000000
emin+1: -7.416441e-01, e+1: -7.416145e-01, T: 1.5849e-06, no:      15, try:  23490000000
emin+1: -7.416475e-01, e+1: -7.416233e-01, T: 1.1875e-06, no:     260, try:  23895000000
emin+1: -7.416491e-01, e+1: -7.416303e-01, T: 1.0000e-06, no:      21, try:  24300000000
emin+1: -7.416512e-01, e+1: -7.416360e-01, T: 7.4928e-07, no:      97, try:  24705000000
emin+1: -7.416524e-01, e+1: -7.416403e-01, T: 6.3096e-07, no:      74, try:  25110000000
emin+1: -7.416535e-01, e+1: -7.416439e-01, T: 4.7276e-07, no:      10, try:  25515000000
emin+1: -7.416540e-01, e+1: -7.416466e-01, T: 3.9811e-07, no:      15, try:  25920000000
emin+1: -7.416547e-01, e+1: -7.416488e-01, T: 2.9829e-07, no:     180, try:  26325000000
emin+1: -7.416558e-01, e+1: -7.416506e-01, T: 2.5119e-07, no:      69, try:  26730000000
emin+1: -7.416558e-01, e+1: -7.416520e-01, T: 1.8821e-07, no:      74, try:  27135000000
emin+1: -7.416562e-01, e+1: -7.416531e-01, T: 1.5849e-07, no:      15, try:  27540000000
emin+1: -7.416563e-01, e+1: -7.416540e-01, T: 1.1875e-07, no:      42, try:  27945000000
emin+1: -7.416565e-01, e+1: -7.416547e-01, T: 1.0000e-07, no:     851, try:  28350000000
emin+1: -7.416567e-01, e+1: -7.416552e-01, T: 7.4928e-08, no:     197, try:  28755000000
emin+1: -7.416569e-01, e+1: -7.416557e-01, T: 6.3096e-08, no:      41, try:  29160000000
emin+1: -7.416569e-01, e+1: -7.416560e-01, T: 4.7276e-08, no:      49, try:  29565000000
emin+1: -7.416571e-01, e+1: -7.416563e-01, T: 3.9811e-08, no:     249, try:  29970000000
emin+1: -7.416572e-01, e+1: -7.416565e-01, T: 2.9829e-08, no:     365, try:  30375000000
emin+1: -7.416572e-01, e+1: -7.416567e-01, T: 2.5119e-08, no:     853, try:  30780000000
emin+1: -7.416572e-01, e+1: -7.416568e-01, T: 1.8821e-08, no:     425, try:  31185000000
emin+1: -7.416573e-01, e+1: -7.416570e-01, T: 1.5849e-08, no:      64, try:  31590000000
emin+1: -7.416573e-01, e+1: -7.416570e-01, T: 1.1875e-08, no:     335, try:  31995000000
emin+1: -7.416573e-01, e+1: -7.416571e-01, T: 1.0000e-08, no:     914, try:  32400000000
emin+1: -7.416573e-01, e+1: -7.416572e-01, T: 7.4928e-09, no:     318, try:  32805000000
emin+1: -7.416573e-01, e+1: -7.416572e-01, T: 6.3096e-09, no:     132, try:  33210000000
emin+1: -7.416573e-01, e+1: -7.416573e-01, T: 4.7276e-09, no:     541, try:  33615000000
emin+1: -7.416573e-01, e+1: -7.416573e-01, T: 3.9811e-09, no:     383, try:  34020000000
emin+1: -7.416574e-01, e+1: -7.416573e-01, T: 2.9829e-09, no:     194, try:  34425000000
emin+1: -7.416574e-01, e+1: -7.416573e-01, T: 2.5119e-09, no:    1810, try:  34830000000
emin+1: -7.416574e-01, e+1: -7.416573e-01, T: 1.8821e-09, no:    1220, try:  35235000000
emin+1: -7.416574e-01, e+1: -7.416573e-01, T: 1.5849e-09, no:    1453, try:  35640000000
emin+1: -7.416574e-01, e+1: -7.416574e-01, T: 1.1875e-09, no:    5309, try:  36045000000
emin+1: -7.416574e-01, e+1: -7.416574e-01, T: 1.0000e-09, no:    2730, try:  36450000000
emin+1: -7.416574e-01, e+1: -7.416574e-01, T: 7.4928e-10, no:     340, try:  36855000000
emin+1: -7.416574e-01, e+1: -7.416574e-01, T: 6.3096e-10, no:    1193, try:  37260000000
emin+1: -7.416574e-01, e+1: -7.416574e-01, T: 4.7276e-10, no:    1039, try:  37665000000
emin+1: -7.416574e-01, e+1: -7.416574e-01, T: 3.9811e-10, no:    5465, try:  38070000000
emin+1: -7.416574e-01, e+1: -7.416574e-01, T: 2.9829e-10, no:      21, try:  38475000000
emin+1: -7.416574e-01, e+1: -7.416574e-01, T: 2.5119e-10, no:       6, try:  38880000000
emin+1: -7.416574e-01, e+1: -7.416574e-01, T: 1.8821e-10, no:   10415, try:  39285000000
emin+1: -7.416574e-01, e+1: -7.416574e-01, T: 1.5849e-10, no:    9117, try:  39690000000
emin+1: -7.416574e-01, e+1: -7.416574e-01, T: 1.1875e-10, no:     884, try:  40095000000
emin+1: -7.416574e-01, e+1: -7.416574e-01, T: 1.0000e-10, no:     556, try:  40500000000
emin+1: -7.416574e-01, e+1: -7.416574e-01, T: 7.4928e-11, no:    5126, try:  40905000000
emin+1: -7.416574e-01, e+1: -7.416574e-01, T: 6.3096e-11, no:    5146, try:  41310000000
emin+1: -7.416574e-01, e+1: -7.416574e-01, T: 4.7276e-11, no:    5271, try:  41715000000
emin+1: -7.416574e-01, e+1: -7.416574e-01, T: 3.9811e-11, no:    1220, try:  42120000000
emin+1: -7.416574e-01, e+1: -7.416574e-01, T: 2.9829e-11, no:    2309, try:  42525000000
emin+1: -7.416574e-01, e+1: -7.416574e-01, T: 2.5119e-11, no:   48648, try:  42930000000
emin+1: -7.416574e-01, e+1: -7.416574e-01, T: 1.8821e-11, no:    6540, try:  43335000000
emin+1: -7.416574e-01, e+1: -7.416574e-01, T: 1.5849e-11, no:    6609, try:  43740000000
emin+1: -7.416574e-01, e+1: -7.416574e-01, T: 1.1875e-11, no:     503, try:  44145000000
emin+1: -7.416574e-01, e+1: -7.416574e-01, T: 1.0000e-11, no:   13388, try:  44550000000
emin+1: -7.416574e-01, e+1: -7.416574e-01, T: 7.4928e-12, no:    9055, try:  44955000000
emin+1: -7.416574e-01, e+1: -7.416574e-01, T: 6.3096e-12, no:    1735, try:  45360000000
emin+1: -7.416574e-01, e+1: -7.416574e-01, T: 4.7276e-12, no:    4895, try:  45765000000
emin+1: -7.416574e-01, e+1: -7.416574e-01, T: 3.9811e-12, no:   15576, try:  46170000000
emin+1: -7.416574e-01, e+1: -7.416574e-01, T: 2.9829e-12, no:    6316, try:  46575000000
emin+1: -7.416574e-01, e+1: -7.416574e-01, T: 2.5119e-12, no:   18511, try:  46980000000
emin+1: -7.416574e-01, e+1: -7.416574e-01, T: 1.8821e-12, no:    8614, try:  47385000000
emin+1: -7.416574e-01, e+1: -7.416574e-01, T: 1.5849e-12, no:    7066, try:  47790000000
emin+1: -7.416574e-01, e+1: -7.416574e-01, T: 1.1875e-12, no:    1456, try:  48195000000
emin+1: -7.416574e-01, e+1: -7.416574e-01, T: 1.0000e-12, no:   58377, try:  48600000000
emin+1: -7.416574e-01, e+1: -7.416574e-01, T: 7.4928e-13, no:  115978, try:  49005000000
emin+1: -7.416574e-01, e+1: -7.416574e-01, T: 6.3096e-13, no:  103491, try:  49410000000
emin+1: -7.416574e-01, e+1: -7.416574e-01, T: 4.7276e-13, no:   35177, try:  49815000000
emin+1: -7.416574e-01, e+1: -7.416574e-01, T: 3.9811e-13, no:  206389, try:  50220000000
emin+1: -7.416574e-01, e+1: -7.416574e-01, T: 2.9829e-13, no:    5460, try:  50625000000
emin+1: -7.416574e-01, e+1: -7.416574e-01, T: 2.5119e-13, no:   51014, try:  51030000000
emin+1: -7.416574e-01, e+1: -7.416574e-01, T: 1.8821e-13, no:  122259, try:  51435000000
emin+1: -7.416574e-01, e+1: -7.416574e-01, T: 1.5849e-13, no:  266757, try:  51840000000
emin+1: -7.416574e-01, e+1: -7.416574e-01, T: 1.1875e-13, no:   73661, try:  52245000000
emin+1: -7.416574e-01, e+1: -7.416574e-01, T: 1.0000e-13, no:  167368, try:  52650000000
emin+1: -7.416574e-01, e+1: -7.416574e-01, T: 7.4928e-14, no:  554232, try:  53055000000
emin+1: -7.416574e-01, e+1: -7.416574e-01, T: 6.3096e-14, no:     207, try:  53460000000
emin+1: -7.416574e-01, e+1: -7.416574e-01, T: 4.7276e-14, no:   42365, try:  53865000000
emin+1: -7.416574e-01, e+1: -7.416574e-01, T: 3.9811e-14, no:   31374, try:  54270000000
emin+1: -7.416574e-01, e+1: -7.416574e-01, T: 2.9829e-14, no:  271496, try:  54675000000
emin+1: -7.416574e-01, e+1: -7.416574e-01, T: 2.5119e-14, no:  178357, try:  55080000000
emin+1: -7.416574e-01, e+1: -7.416574e-01, T: 1.8821e-14, no:  168809, try:  55485000000
emin+1: -7.416574e-01, e+1: -7.416574e-01, T: 1.5849e-14, no:   27942, try:  55890000000
emin+1: -7.416574e-01, e+1: -7.416574e-01, T: 1.1875e-14, no:  131764, try:  56295000000
emin+1: -7.416574e-01, e+1: -7.416574e-01, T: 1.0000e-14, no:  528276, try:  56700000000
emin+1: -7.416574e-01, e+1: -7.416574e-01, T: 7.4928e-15, no:  186947, try:  57105000000
emin+1: -7.416574e-01, e+1: -7.416574e-01, T: 6.3096e-15, no:  471650, try:  57510000000
emin+1: -7.416574e-01, e+1: -7.416574e-01, T: 4.7276e-15, no:  157885, try:  57915000000
emin+1: -7.416574e-01, e+1: -7.416574e-01, T: 3.9811e-15, no:  246639, try:  58320000000
emin+1: -7.416574e-01, e+1: -7.416574e-01, T: 2.9829e-15, no:   70755, try:  58725000000
emin+1: -7.416574e-01, e+1: -7.416574e-01, T: 2.5119e-15, no:  145471, try:  59130000000
emin+1: -7.416574e-01, e+1: -7.416574e-01, T: 1.8821e-15, no:  342164, try:  59535000000
emin+1: -7.416574e-01, e+1: -7.416574e-01, T: 1.5849e-15, no:  354228, try:  59940000000
emin+1: -7.416574e-01, e+1: -7.416574e-01, T: 1.1875e-15, no:  147359, try:  60345000000
emin+1: -7.416574e-01, e+1: -7.416574e-01, T: 1.0000e-15, no:  126862, try:  60750000000

Last chain: -1.741657386773755917478562205e+00
Best chain: -1.741657386773758807311032748e+00 (-1.741657386773758807311032748e+00)

Error: length:  1.110223024625156540423631668e-16, angle:  0.000000000000000000000000000e+00


Last chain: -1.741657386773755917478562205e+00
Best chain: -1.741657386773758807311032748e+00 (-1.741657386773758807311032748e+00)

Error: length:  1.110223024625156540423631668e-16, angle:  0.000000000000000000000000000e+00


