3 10
emin+1:  0.000000e+00, e+1:  0.000000e+00, T: 1.0000e+00
emin+1: -4.124513e-01, e+1: -2.760112e+02, T: 7.4928e-01, no:       1, try: 405000000000
emin+1: -4.128179e-01, e+1: -2.809935e+02, T: 6.3096e-01, no:       1, try: 810000000000
emin+1: -4.341968e-01, e+1: -2.883205e+02, T: 4.7276e-01, no:       4, try: 1215000000000
emin+1: -4.600923e-01, e+1: -2.976577e+02, T: 3.9811e-01, no:       0, try: 1620000000000
emin+1: -4.600923e-01, e+1: -3.122532e+02, T: 2.9829e-01, no:       1, try: 2025000000000
emin+1: -4.600923e-01, e+1: -3.315961e+02, T: 2.5119e-01, no:       0, try: 2430000000000
emin+1: -4.600923e-01, e+1: -3.647302e+02, T: 1.8821e-01, no:       1, try: 2835000000000
emin+1: -4.600923e-01, e+1: -4.157387e+02, T: 1.5849e-01, no:       0, try: 3240000000000
emin+1: -4.680331e-01, e+1: -5.257432e+02, T: 1.1875e-01, no:       1, try: 3645000000000
emin+1: -4.680331e-01, e+1: -7.797565e+02, T: 1.0000e-01, no:       4, try: 4050000000000
emin+1: -4.760265e-01, e+1: -3.067590e+03, T: 7.4928e-02, no:       0, try: 4455000000000
emin+1: -4.875349e-01, e+1:  1.148945e+03, T: 6.3096e-02, no:       1, try: 4860000000000
emin+1: -4.958755e-01, e+1:  3.609814e+02, T: 4.7276e-02, no:       1, try: 5265000000000
emin+1: -5.659321e-01, e+1:  1.929209e+02, T: 3.9811e-02, no:       0, try: 5670000000000
emin+1: -5.782135e-01, e+1:  1.106748e+02, T: 2.9829e-02, no:       0, try: 6075000000000
emin+1: -6.053687e-01, e+1: -1.877345e+02, T: 2.5119e-02, no:       0, try: 6480000000000

Last chain: -1.273578726248896146253097861e+00
Best chain: -1.637893079689430035302856459e+00 (-1.637893079689430035302856459e+00)

