3 16
emin+1:  0.000000e+00, e+1:  0.000000e+00, T: 1.0000e+00
emin+1: -5.432978e-01, e+1: -3.719225e+00, T: 7.4928e-01, no:       1, try:  10800000000
emin+1: -5.537740e-01, e+1: -3.734880e+00, T: 6.3096e-01, no:       3, try:  21600000000
emin+1: -5.537740e-01, e+1: -3.756396e+00, T: 4.7276e-01, no:       1, try:  32400000000
emin+1: -5.664088e-01, e+1: -3.781562e+00, T: 3.9811e-01, no:       0, try:  43200000000
emin+1: -5.899175e-01, e+1: -3.816345e+00, T: 2.9829e-01, no:       1, try:  54000000000
emin+1: -5.899175e-01, e+1: -3.856416e+00, T: 2.5119e-01, no:       0, try:  64800000000
emin+1: -5.899175e-01, e+1: -3.912355e+00, T: 1.8821e-01, no:       0, try:  75600000000
emin+1: -5.899175e-01, e+1: -3.976911e+00, T: 1.5849e-01, no:       7, try:  86400000000
emin+1: -5.999050e-01, e+1: -4.066638e+00, T: 1.1875e-01, no:       0, try:  97200000000
emin+1: -6.087336e-01, e+1: -4.170041e+00, T: 1.0000e-01, no:       0, try: 108000000000
emin+1: -6.275336e-01, e+1: -4.313317e+00, T: 7.4928e-02, no:       3, try: 118800000000
emin+1: -6.490338e-01, e+1: -4.476797e+00, T: 6.3096e-02, no:       0, try: 129600000000
emin+1: -6.572030e-01, e+1: -4.701848e+00, T: 4.7276e-02, no:       1, try: 140400000000
emin+1: -7.452411e-01, e+1: -4.959724e+00, T: 3.9811e-02, no:       1, try: 151200000000
emin+1: -7.452411e-01, e+1: -5.317669e+00, T: 2.9829e-02, no:       0, try: 162000000000
emin+1: -7.713750e-01, e+1: -5.738820e+00, T: 2.5119e-02, no:       0, try: 172800000000
emin+1: -8.831621e-01, e+1: -6.349563e+00, T: 1.8821e-02, no:       0, try: 183600000000
emin+1: -9.119913e-01, e+1: -7.108602e+00, T: 1.5849e-02, no:       0, try: 194400000000
emin+1: -9.986414e-01, e+1: -8.323085e+00, T: 1.1875e-02, no:       4, try: 205200000000
emin+1: -1.064006e+00, e+1: -1.002084e+01, T: 1.0000e-02, no:       1, try: 216000000000
emin+1: -1.115360e+00, e+1: -1.316998e+01, T: 7.4928e-03, no:       1, try: 226800000000
emin+1: -1.156299e+00, e+1: -1.890736e+01, T: 6.3096e-03, no:       2, try: 237600000000
emin+1: -1.181123e+00, e+1: -3.428639e+01, T: 4.7276e-03, no:       2, try: 248400000000
emin+1: -1.195659e+00, e+1: -1.012041e+02, T: 3.9811e-03, no:       0, try: 259200000000
emin+1: -1.210359e+00, e+1:  1.044310e+02, T: 2.9829e-03, no:       5, try: 270000000000
emin+1: -1.216082e+00, e+1:  3.644941e+01, T: 2.5119e-03, no:       0, try: 280800000000
emin+1: -1.222584e+00, e+1:  2.130235e+01, T: 1.8821e-03, no:       1, try: 291600000000
emin+1: -1.226630e+00, e+1:  1.525563e+01, T: 1.5849e-03, no:       0, try: 302400000000
emin+1: -1.229198e+00, e+1:  1.157180e+01, T: 1.1875e-03, no:       0, try: 313200000000
emin+1: -1.230265e+00, e+1:  9.388456e+00, T: 1.0000e-03, no:       0, try: 324000000000
emin+1: -1.232936e+00, e+1:  7.748928e+00, T: 7.4928e-04, no:       4, try: 334800000000
emin+1: -1.234314e+00, e+1:  6.645734e+00, T: 6.3096e-04, no:       5, try: 345600000000
emin+1: -1.235947e+00, e+1:  5.755767e+00, T: 4.7276e-04, no:       1, try: 356400000000
emin+1: -1.236671e+00, e+1:  5.129331e+00, T: 3.9811e-04, no:       1, try: 367200000000
emin+1: -1.238357e+00, e+1:  4.614138e+00, T: 2.9829e-04, no:       0, try: 378000000000
emin+1: -1.238519e+00, e+1:  4.213216e+00, T: 2.5119e-04, no:       1, try: 388800000000
emin+1: -1.240052e+00, e+1:  3.772997e+00, T: 1.8821e-04, no:       1, try: 399600000000
emin+1: -1.240857e+00, e+1:  3.338388e+00, T: 1.5849e-04, no:       2, try: 410400000000
emin+1: -1.241557e+00, e+1: -1.237103e+00, T: 1.1875e-04, no:       7, try: 421200000000
emin+1: -1.241871e+00, e+1: -1.238564e+00, T: 1.0000e-04, no:       8, try: 432000000000
emin+1: -1.242246e+00, e+1: -1.239711e+00, T: 7.4928e-05, no:       1, try: 442800000000
emin+1: -1.242488e+00, e+1: -1.240520e+00, T: 6.3096e-05, no:       2, try: 453600000000
emin+1: -1.242676e+00, e+1: -1.241164e+00, T: 4.7276e-05, no:       1, try: 464400000000
emin+1: -1.242877e+00, e+1: -1.241647e+00, T: 3.9811e-05, no:       3, try: 475200000000
emin+1: -1.243016e+00, e+1: -1.242043e+00, T: 2.9829e-05, no:       8, try: 486000000000
emin+1: -1.243104e+00, e+1: -1.242343e+00, T: 2.5119e-05, no:      10, try: 496800000000
emin+1: -1.243201e+00, e+1: -1.242590e+00, T: 1.8821e-05, no:      17, try: 507600000000
emin+1: -1.243272e+00, e+1: -1.242778e+00, T: 1.5849e-05, no:      20, try: 518400000000
emin+1: -1.243303e+00, e+1: -1.242933e+00, T: 1.1875e-05, no:      10, try: 529200000000
emin+1: -1.243357e+00, e+1: -1.243051e+00, T: 1.0000e-05, no:       6, try: 540000000000
emin+1: -1.243401e+00, e+1: -1.243149e+00, T: 7.4928e-06, no:      61, try: 550800000000
emin+1: -1.243405e+00, e+1: -1.243223e+00, T: 6.3096e-06, no:      94, try: 561600000000
emin+1: -1.243435e+00, e+1: -1.243285e+00, T: 4.7276e-06, no:       1, try: 572400000000
emin+1: -1.243447e+00, e+1: -1.243332e+00, T: 3.9811e-06, no:      39, try: 583200000000
emin+1: -1.243466e+00, e+1: -1.243371e+00, T: 2.9829e-06, no:      34, try: 594000000000
emin+1: -1.243473e+00, e+1: -1.243400e+00, T: 2.5119e-06, no:      24, try: 604800000000
emin+1: -1.243482e+00, e+1: -1.243425e+00, T: 1.8821e-06, no:       5, try: 615600000000
emin+1: -1.243490e+00, e+1: -1.243444e+00, T: 1.5849e-06, no:      69, try: 626400000000
emin+1: -1.243496e+00, e+1: -1.243459e+00, T: 1.1875e-06, no:      12, try: 637200000000
emin+1: -1.243500e+00, e+1: -1.243471e+00, T: 1.0000e-06, no:      15, try: 648000000000
emin+1: -1.243506e+00, e+1: -1.243481e+00, T: 7.4928e-07, no:      90, try: 658800000000
emin+1: -1.243506e+00, e+1: -1.243488e+00, T: 6.3096e-07, no:      70, try: 669600000000
emin+1: -1.243509e+00, e+1: -1.243494e+00, T: 4.7276e-07, no:      44, try: 680400000000
emin+1: -1.243511e+00, e+1: -1.243499e+00, T: 3.9811e-07, no:     151, try: 691200000000
emin+1: -1.243512e+00, e+1: -1.243503e+00, T: 2.9829e-07, no:      68, try: 702000000000
emin+1: -1.243513e+00, e+1: -1.243506e+00, T: 2.5119e-07, no:      15, try: 712800000000
emin+1: -1.243514e+00, e+1: -1.243508e+00, T: 1.8821e-07, no:     117, try: 723600000000
emin+1: -1.243515e+00, e+1: -1.243510e+00, T: 1.5849e-07, no:     200, try: 734400000000
emin+1: -1.243515e+00, e+1: -1.243512e+00, T: 1.1875e-07, no:      83, try: 745200000000
emin+1: -1.243516e+00, e+1: -1.243513e+00, T: 1.0000e-07, no:     107, try: 756000000000
emin+1: -1.243516e+00, e+1: -1.243514e+00, T: 7.4928e-08, no:     215, try: 766800000000
emin+1: -1.243516e+00, e+1: -1.243514e+00, T: 6.3096e-08, no:     219, try: 777600000000
emin+1: -1.243517e+00, e+1: -1.243515e+00, T: 4.7276e-08, no:     232, try: 788400000000
emin+1: -1.243517e+00, e+1: -1.243516e+00, T: 3.9811e-08, no:     307, try: 799200000000
emin+1: -1.243517e+00, e+1: -1.243516e+00, T: 2.9829e-08, no:      88, try: 810000000000
emin+1: -1.243517e+00, e+1: -1.243516e+00, T: 2.5119e-08, no:     170, try: 820800000000
emin+1: -1.243517e+00, e+1: -1.243517e+00, T: 1.8821e-08, no:     469, try: 831600000000
emin+1: -1.243517e+00, e+1: -1.243517e+00, T: 1.5849e-08, no:     193, try: 842400000000
emin+1: -1.243517e+00, e+1: -1.243517e+00, T: 1.1875e-08, no:     210, try: 853200000000
emin+1: -1.243517e+00, e+1: -1.243517e+00, T: 1.0000e-08, no:      70, try: 864000000000
emin+1: -1.243517e+00, e+1: -1.243517e+00, T: 7.4928e-09, no:     296, try: 874800000000
emin+1: -1.243517e+00, e+1: -1.243517e+00, T: 6.3096e-09, no:     853, try: 885600000000
emin+1: -1.243517e+00, e+1: -1.243517e+00, T: 4.7276e-09, no:      28, try: 896400000000
emin+1: -1.243517e+00, e+1: -1.243517e+00, T: 3.9811e-09, no:     231, try: 907200000000
emin+1: -1.243517e+00, e+1: -1.243517e+00, T: 2.9829e-09, no:     703, try: 918000000000
emin+1: -1.243517e+00, e+1: -1.243517e+00, T: 2.5119e-09, no:     290, try: 928800000000
emin+1: -1.243517e+00, e+1: -1.243517e+00, T: 1.8821e-09, no:    2258, try: 939600000000
emin+1: -1.243517e+00, e+1: -1.243517e+00, T: 1.5849e-09, no:    2764, try: 950400000000
emin+1: -1.243517e+00, e+1: -1.243517e+00, T: 1.1875e-09, no:     715, try: 961200000000
emin+1: -1.243517e+00, e+1: -1.243517e+00, T: 1.0000e-09, no:    1027, try: 972000000000
emin+1: -1.243517e+00, e+1: -1.243517e+00, T: 7.4928e-10, no:    1281, try: 982800000000
emin+1: -1.243517e+00, e+1: -1.243517e+00, T: 6.3096e-10, no:      68, try: 993600000000
emin+1: -1.243517e+00, e+1: -1.243517e+00, T: 4.7276e-10, no:     435, try: 1004400000000
emin+1: -1.243517e+00, e+1: -1.243517e+00, T: 3.9811e-10, no:    4023, try: 1015200000000
emin+1: -1.243517e+00, e+1: -1.243517e+00, T: 2.9829e-10, no:     459, try: 1026000000000
emin+1: -1.243517e+00, e+1: -1.243517e+00, T: 2.5119e-10, no:    3121, try: 1036800000000
emin+1: -1.243517e+00, e+1: -1.243517e+00, T: 1.8821e-10, no:   19299, try: 1047600000000
emin+1: -1.243517e+00, e+1: -1.243517e+00, T: 1.5849e-10, no:    3055, try: 1058400000000
emin+1: -1.243517e+00, e+1: -1.243517e+00, T: 1.1875e-10, no:    1104, try: 1069200000000
emin+1: -1.243517e+00, e+1: -1.243517e+00, T: 1.0000e-10, no:      25, try: 1080000000000
emin+1: -1.243517e+00, e+1: -1.243517e+00, T: 7.4928e-11, no:   10197, try: 1090800000000
emin+1: -1.243517e+00, e+1: -1.243517e+00, T: 6.3096e-11, no:    1194, try: 1101600000000
emin+1: -1.243517e+00, e+1: -1.243517e+00, T: 4.7276e-11, no:    1433, try: 1112400000000
emin+1: -1.243517e+00, e+1: -1.243517e+00, T: 3.9811e-11, no:     450, try: 1123200000000
emin+1: -1.243517e+00, e+1: -1.243517e+00, T: 2.9829e-11, no:    5217, try: 1134000000000
emin+1: -1.243517e+00, e+1: -1.243517e+00, T: 2.5119e-11, no:   18128, try: 1144800000000
emin+1: -1.243517e+00, e+1: -1.243517e+00, T: 1.8821e-11, no:   23209, try: 1155600000000
emin+1: -1.243517e+00, e+1: -1.243517e+00, T: 1.5849e-11, no:    7323, try: 1166400000000
emin+1: -1.243517e+00, e+1: -1.243517e+00, T: 1.1875e-11, no:   23518, try: 1177200000000
emin+1: -1.243517e+00, e+1: -1.243517e+00, T: 1.0000e-11, no:    3835, try: 1188000000000
emin+1: -1.243517e+00, e+1: -1.243517e+00, T: 7.4928e-12, no:    4093, try: 1198800000000
emin+1: -1.243517e+00, e+1: -1.243517e+00, T: 6.3096e-12, no:    8391, try: 1209600000000
emin+1: -1.243517e+00, e+1: -1.243517e+00, T: 4.7276e-12, no:    8606, try: 1220400000000
emin+1: -1.243517e+00, e+1: -1.243517e+00, T: 3.9811e-12, no:   41470, try: 1231200000000
emin+1: -1.243517e+00, e+1: -1.243517e+00, T: 2.9829e-12, no:    8282, try: 1242000000000
emin+1: -1.243517e+00, e+1: -1.243517e+00, T: 2.5119e-12, no:    3918, try: 1252800000000
emin+1: -1.243517e+00, e+1: -1.243517e+00, T: 1.8821e-12, no:    2288, try: 1263600000000
emin+1: -1.243517e+00, e+1: -1.243517e+00, T: 1.5849e-12, no:  167836, try: 1274400000000
emin+1: -1.243517e+00, e+1: -1.243517e+00, T: 1.1875e-12, no:   15217, try: 1285200000000
emin+1: -1.243517e+00, e+1: -1.243517e+00, T: 1.0000e-12, no:  156435, try: 1296000000000
emin+1: -1.243517e+00, e+1: -1.243517e+00, T: 7.4928e-13, no:    9445, try: 1306800000000
emin+1: -1.243517e+00, e+1: -1.243517e+00, T: 6.3096e-13, no:   10220, try: 1317600000000
emin+1: -1.243517e+00, e+1: -1.243517e+00, T: 4.7276e-13, no:   98473, try: 1328400000000
emin+1: -1.243517e+00, e+1: -1.243517e+00, T: 3.9811e-13, no:     323, try: 1339200000000
emin+1: -1.243517e+00, e+1: -1.243517e+00, T: 2.9829e-13, no:   37240, try: 1350000000000
emin+1: -1.243517e+00, e+1: -1.243517e+00, T: 2.5119e-13, no:    5358, try: 1360800000000
emin+1: -1.243517e+00, e+1: -1.243517e+00, T: 1.8821e-13, no:   58235, try: 1371600000000
emin+1: -1.243517e+00, e+1: -1.243517e+00, T: 1.5849e-13, no:    4298, try: 1382400000000
emin+1: -1.243517e+00, e+1: -1.243517e+00, T: 1.1875e-13, no:  111445, try: 1393200000000
emin+1: -1.243517e+00, e+1: -1.243517e+00, T: 1.0000e-13, no:    5435, try: 1404000000000
emin+1: -1.243517e+00, e+1: -1.243517e+00, T: 7.4928e-14, no:   13922, try: 1414800000000
emin+1: -1.243517e+00, e+1: -1.243517e+00, T: 6.3096e-14, no:    7656, try: 1425600000000
emin+1: -1.243517e+00, e+1: -1.243517e+00, T: 4.7276e-14, no:  158367, try: 1436400000000
emin+1: -1.243517e+00, e+1: -1.243517e+00, T: 3.9811e-14, no:  416754, try: 1447200000000
emin+1: -1.243517e+00, e+1: -1.243517e+00, T: 2.9829e-14, no:  110181, try: 1458000000000
emin+1: -1.243517e+00, e+1: -1.243517e+00, T: 2.5119e-14, no:   59607, try: 1468800000000
emin+1: -1.243517e+00, e+1: -1.243517e+00, T: 1.8821e-14, no:  350959, try: 1479600000000
emin+1: -1.243517e+00, e+1: -1.243517e+00, T: 1.5849e-14, no:  133184, try: 1490400000000
emin+1: -1.243517e+00, e+1: -1.243517e+00, T: 1.1875e-14, no:  949476, try: 1501200000000
emin+1: -1.243517e+00, e+1: -1.243517e+00, T: 1.0000e-14, no:   93042, try: 1512000000000
emin+1: -1.243517e+00, e+1: -1.243517e+00, T: 7.4928e-15, no:  751991, try: 1522800000000
emin+1: -1.243517e+00, e+1: -1.243517e+00, T: 6.3096e-15, no:  234179, try: 1533600000000
emin+1: -1.243517e+00, e+1: -1.243517e+00, T: 4.7276e-15, no: 1260402, try: 1544400000000
emin+1: -1.243517e+00, e+1: -1.243517e+00, T: 3.9811e-15, no:  146581, try: 1555200000000
emin+1: -1.243517e+00, e+1: -1.243517e+00, T: 2.9829e-15, no: 2517729, try: 1566000000000
emin+1: -1.243517e+00, e+1: -1.243517e+00, T: 2.5119e-15, no:  646128, try: 1576800000000
emin+1: -1.243517e+00, e+1: -1.243517e+00, T: 1.8821e-15, no:  266018, try: 1587600000000
emin+1: -1.243517e+00, e+1: -1.243517e+00, T: 1.5849e-15, no:   93765, try: 1598400000000
emin+1: -1.243517e+00, e+1: -1.243517e+00, T: 1.1875e-15, no:  515467, try: 1609200000000
emin+1: -1.243517e+00, e+1: -1.243517e+00, T: 1.0000e-15, no: 2932258, try: 1620000000000

Last chain: -2.243517428705215629352112683e+00
Best chain: -2.243517428705225803071618418e+00 (-2.243517428705225803071618418e+00)

Error: length:  1.110223024625156540423631668e-16, angle:  0.000000000000000000000000000e+00


Last chain: -2.243517428705215629352112683e+00
Best chain: -2.243517428705225803071618418e+00 (-2.243517428705225803071618418e+00)

Error: length:  1.110223024625156540423631668e-16, angle:  0.000000000000000000000000000e+00


