3 16
emin+1:  0.000000e+00, e+1:  0.000000e+00, T: 1.0000e+00
emin+1: -5.438058e-01, e+1:  3.474122e-02, T: 7.4928e-01, no:       0, try:   1080000000
emin+1: -5.438058e-01, e+1:  3.163389e-02, T: 6.3096e-01, no:       0, try:   2160000000
emin+1: -5.482936e-01, e+1:  2.745555e-02, T: 4.7276e-01, no:       0, try:   3240000000
emin+1: -5.482936e-01, e+1:  2.254052e-02, T: 3.9811e-01, no:       6, try:   4320000000
emin+1: -5.482936e-01, e+1:  1.600061e-02, T: 2.9829e-01, no:       0, try:   5400000000
emin+1: -5.482936e-01, e+1:  8.073126e-03, T: 2.5119e-01, no:       1, try:   6480000000
emin+1: -5.482936e-01, e+1: -2.811676e-03, T: 1.8821e-01, no:       0, try:   7560000000
emin+1: -5.890254e-01, e+1: -1.500601e-02, T: 1.5849e-01, no:       0, try:   8640000000
emin+1: -5.890254e-01, e+1: -3.197985e-02, T: 1.1875e-01, no:       2, try:   9720000000
emin+1: -6.534027e-01, e+1: -5.128907e-02, T: 1.0000e-01, no:       1, try:  10800000000
emin+1: -6.534027e-01, e+1: -7.755377e-02, T: 7.4928e-02, no:       3, try:  11880000000
emin+1: -6.534027e-01, e+1: -1.070901e-01, T: 6.3096e-02, no:       1, try:  12960000000
emin+1: -6.534027e-01, e+1: -1.459776e-01, T: 4.7276e-02, no:       0, try:  14040000000
emin+1: -6.614449e-01, e+1: -1.885964e-01, T: 3.9811e-02, no:       2, try:  15120000000
emin+1: -7.358609e-01, e+1: -2.442252e-01, T: 2.9829e-02, no:       0, try:  16200000000
emin+1: -7.948191e-01, e+1: -3.038225e-01, T: 2.5119e-02, no:       3, try:  17280000000
emin+1: -8.177713e-01, e+1: -3.802072e-01, T: 1.8821e-02, no:       3, try:  18360000000
emin+1: -8.509831e-01, e+1: -4.620497e-01, T: 1.5849e-02, no:       2, try:  19440000000
emin+1: -9.684868e-01, e+1: -5.647791e-01, T: 1.1875e-02, no:       2, try:  20520000000
emin+1: -1.028384e+00, e+1: -6.690793e-01, T: 1.0000e-02, no:       1, try:  21600000000
emin+1: -1.094608e+00, e+1: -7.913687e-01, T: 7.4928e-03, no:       0, try:  22680000000
emin+1: -1.144477e+00, e+1: -9.039627e-01, T: 6.3096e-03, no:       1, try:  23760000000
emin+1: -1.172027e+00, e+1: -1.003954e+00, T: 4.7276e-03, no:       2, try:  24840000000
emin+1: -1.188671e+00, e+1: -1.068102e+00, T: 3.9811e-03, no:       0, try:  25920000000
emin+1: -1.205544e+00, e+1: -1.112843e+00, T: 2.9829e-03, no:       0, try:  27000000000
emin+1: -1.213078e+00, e+1: -1.143609e+00, T: 2.5119e-03, no:       6, try:  28080000000
emin+1: -1.219624e+00, e+1: -1.166905e+00, T: 1.8821e-03, no:       1, try:  29160000000
emin+1: -1.224706e+00, e+1: -1.183376e+00, T: 1.5849e-03, no:       3, try:  30240000000
emin+1: -1.227480e+00, e+1: -1.196303e+00, T: 1.1875e-03, no:       0, try:  31320000000
emin+1: -1.230262e+00, e+1: -1.205659e+00, T: 1.0000e-03, no:       0, try:  32400000000
emin+1: -1.231966e+00, e+1: -1.213214e+00, T: 7.4928e-04, no:       6, try:  33480000000
emin+1: -1.233658e+00, e+1: -1.218791e+00, T: 6.3096e-04, no:       1, try:  34560000000
emin+1: -1.235677e+00, e+1: -1.223332e+00, T: 4.7276e-04, no:       1, try:  35640000000
emin+1: -1.236141e+00, e+1: -1.226675e+00, T: 3.9811e-04, no:      15, try:  36720000000
emin+1: -1.237300e+00, e+1: -1.229365e+00, T: 2.9829e-04, no:       4, try:  37800000000
emin+1: -1.238363e+00, e+1: -1.231367e+00, T: 2.5119e-04, no:       4, try:  38880000000
emin+1: -1.239918e+00, e+1: -1.233271e+00, T: 1.8821e-04, no:      22, try:  39960000000
emin+1: -1.240350e+00, e+1: -1.235174e+00, T: 1.5849e-04, no:       0, try:  41040000000
emin+1: -1.241258e+00, e+1: -1.237093e+00, T: 1.1875e-04, no:       8, try:  42120000000
emin+1: -1.241609e+00, e+1: -1.238584e+00, T: 1.0000e-04, no:       2, try:  43200000000
emin+1: -1.242104e+00, e+1: -1.239694e+00, T: 7.4928e-05, no:       8, try:  44280000000
emin+1: -1.242472e+00, e+1: -1.240522e+00, T: 6.3096e-05, no:       0, try:  45360000000
emin+1: -1.242709e+00, e+1: -1.241162e+00, T: 4.7276e-05, no:       0, try:  46440000000
emin+1: -1.242857e+00, e+1: -1.241645e+00, T: 3.9811e-05, no:       2, try:  47520000000
emin+1: -1.242966e+00, e+1: -1.242044e+00, T: 2.9829e-05, no:      15, try:  48600000000
emin+1: -1.243071e+00, e+1: -1.242342e+00, T: 2.5119e-05, no:       1, try:  49680000000
emin+1: -1.243173e+00, e+1: -1.242590e+00, T: 1.8821e-05, no:       2, try:  50760000000
emin+1: -1.243214e+00, e+1: -1.242778e+00, T: 1.5849e-05, no:      13, try:  51840000000
emin+1: -1.243307e+00, e+1: -1.242934e+00, T: 1.1875e-05, no:       5, try:  52920000000
emin+1: -1.243333e+00, e+1: -1.243051e+00, T: 1.0000e-05, no:      23, try:  54000000000
emin+1: -1.243360e+00, e+1: -1.243149e+00, T: 7.4928e-06, no:      10, try:  55080000000
emin+1: -1.243399e+00, e+1: -1.243224e+00, T: 6.3096e-06, no:      36, try:  56160000000
emin+1: -1.243426e+00, e+1: -1.243285e+00, T: 4.7276e-06, no:      11, try:  57240000000
emin+1: -1.243443e+00, e+1: -1.243332e+00, T: 3.9811e-06, no:       9, try:  58320000000
emin+1: -1.243464e+00, e+1: -1.243371e+00, T: 2.9829e-06, no:       6, try:  59400000000
emin+1: -1.243469e+00, e+1: -1.243400e+00, T: 2.5119e-06, no:       2, try:  60480000000
emin+1: -1.243481e+00, e+1: -1.243425e+00, T: 1.8821e-06, no:      11, try:  61560000000
emin+1: -1.243487e+00, e+1: -1.243444e+00, T: 1.5849e-06, no:       3, try:  62640000000
emin+1: -1.243494e+00, e+1: -1.243459e+00, T: 1.1875e-06, no:      19, try:  63720000000
emin+1: -1.243496e+00, e+1: -1.243471e+00, T: 1.0000e-06, no:     118, try:  64800000000
emin+1: -1.243503e+00, e+1: -1.243480e+00, T: 7.4928e-07, no:      10, try:  65880000000
emin+1: -1.243505e+00, e+1: -1.243488e+00, T: 6.3096e-07, no:      80, try:  66960000000
emin+1: -1.243507e+00, e+1: -1.243494e+00, T: 4.7276e-07, no:     235, try:  68040000000
emin+1: -1.243510e+00, e+1: -1.243499e+00, T: 3.9811e-07, no:      43, try:  69120000000
emin+1: -1.243512e+00, e+1: -1.243503e+00, T: 2.9829e-07, no:     117, try:  70200000000
emin+1: -1.243513e+00, e+1: -1.243506e+00, T: 2.5119e-07, no:      94, try:  71280000000
emin+1: -1.243513e+00, e+1: -1.243508e+00, T: 1.8821e-07, no:      25, try:  72360000000
emin+1: -1.243514e+00, e+1: -1.243510e+00, T: 1.5849e-07, no:     120, try:  73440000000
emin+1: -1.243515e+00, e+1: -1.243512e+00, T: 1.1875e-07, no:     289, try:  74520000000
emin+1: -1.243515e+00, e+1: -1.243513e+00, T: 1.0000e-07, no:     244, try:  75600000000
emin+1: -1.243516e+00, e+1: -1.243514e+00, T: 7.4928e-08, no:      43, try:  76680000000
emin+1: -1.243516e+00, e+1: -1.243514e+00, T: 6.3096e-08, no:      88, try:  77760000000
emin+1: -1.243517e+00, e+1: -1.243515e+00, T: 4.7276e-08, no:     552, try:  78840000000
emin+1: -1.243517e+00, e+1: -1.243516e+00, T: 3.9811e-08, no:      22, try:  79920000000
emin+1: -1.243517e+00, e+1: -1.243516e+00, T: 2.9829e-08, no:      69, try:  81000000000
emin+1: -1.243517e+00, e+1: -1.243516e+00, T: 2.5119e-08, no:     128, try:  82080000000
emin+1: -1.243517e+00, e+1: -1.243517e+00, T: 1.8821e-08, no:      28, try:  83160000000
emin+1: -1.243517e+00, e+1: -1.243517e+00, T: 1.5849e-08, no:      81, try:  84240000000
emin+1: -1.243517e+00, e+1: -1.243517e+00, T: 1.1875e-08, no:     122, try:  85320000000
emin+1: -1.243517e+00, e+1: -1.243517e+00, T: 1.0000e-08, no:      45, try:  86400000000
emin+1: -1.243517e+00, e+1: -1.243517e+00, T: 7.4928e-09, no:     763, try:  87480000000
emin+1: -1.243517e+00, e+1: -1.243517e+00, T: 6.3096e-09, no:     317, try:  88560000000
emin+1: -1.243517e+00, e+1: -1.243517e+00, T: 4.7276e-09, no:    1706, try:  89640000000
emin+1: -1.243517e+00, e+1: -1.243517e+00, T: 3.9811e-09, no:    3230, try:  90720000000
emin+1: -1.243517e+00, e+1: -1.243517e+00, T: 2.9829e-09, no:    1559, try:  91800000000
emin+1: -1.243517e+00, e+1: -1.243517e+00, T: 2.5119e-09, no:     358, try:  92880000000
emin+1: -1.243517e+00, e+1: -1.243517e+00, T: 1.8821e-09, no:     690, try:  93960000000
emin+1: -1.243517e+00, e+1: -1.243517e+00, T: 1.5849e-09, no:    1602, try:  95040000000
emin+1: -1.243517e+00, e+1: -1.243517e+00, T: 1.1875e-09, no:     132, try:  96120000000
emin+1: -1.243517e+00, e+1: -1.243517e+00, T: 1.0000e-09, no:      28, try:  97200000000
emin+1: -1.243517e+00, e+1: -1.243517e+00, T: 7.4928e-10, no:     401, try:  98280000000
emin+1: -1.243517e+00, e+1: -1.243517e+00, T: 6.3096e-10, no:     543, try:  99360000000
emin+1: -1.243517e+00, e+1: -1.243517e+00, T: 4.7276e-10, no:     446, try: 100440000000
emin+1: -1.243517e+00, e+1: -1.243517e+00, T: 3.9811e-10, no:    2575, try: 101520000000
emin+1: -1.243517e+00, e+1: -1.243517e+00, T: 2.9829e-10, no:      55, try: 102600000000
emin+1: -1.243517e+00, e+1: -1.243517e+00, T: 2.5119e-10, no:    1762, try: 103680000000
emin+1: -1.243517e+00, e+1: -1.243517e+00, T: 1.8821e-10, no:     607, try: 104760000000
emin+1: -1.243517e+00, e+1: -1.243517e+00, T: 1.5849e-10, no:    6605, try: 105840000000
emin+1: -1.243517e+00, e+1: -1.243517e+00, T: 1.1875e-10, no:    4268, try: 106920000000
emin+1: -1.243517e+00, e+1: -1.243517e+00, T: 1.0000e-10, no:    3914, try: 108000000000
emin+1: -1.243517e+00, e+1: -1.243517e+00, T: 7.4928e-11, no:    2103, try: 109080000000
emin+1: -1.243517e+00, e+1: -1.243517e+00, T: 6.3096e-11, no:    9947, try: 110160000000
emin+1: -1.243517e+00, e+1: -1.243517e+00, T: 4.7276e-11, no:    4401, try: 111240000000
emin+1: -1.243517e+00, e+1: -1.243517e+00, T: 3.9811e-11, no:    1297, try: 112320000000
emin+1: -1.243517e+00, e+1: -1.243517e+00, T: 2.9829e-11, no:    9339, try: 113400000000
emin+1: -1.243517e+00, e+1: -1.243517e+00, T: 2.5119e-11, no:   10616, try: 114480000000
emin+1: -1.243517e+00, e+1: -1.243517e+00, T: 1.8821e-11, no:    3028, try: 115560000000
emin+1: -1.243517e+00, e+1: -1.243517e+00, T: 1.5849e-11, no:   19596, try: 116640000000
emin+1: -1.243517e+00, e+1: -1.243517e+00, T: 1.1875e-11, no:   39463, try: 117720000000
emin+1: -1.243517e+00, e+1: -1.243517e+00, T: 1.0000e-11, no:   30714, try: 118800000000
emin+1: -1.243517e+00, e+1: -1.243517e+00, T: 7.4928e-12, no:   14141, try: 119880000000
emin+1: -1.243517e+00, e+1: -1.243517e+00, T: 6.3096e-12, no:   22624, try: 120960000000
emin+1: -1.243517e+00, e+1: -1.243517e+00, T: 4.7276e-12, no:   11442, try: 122040000000
emin+1: -1.243517e+00, e+1: -1.243517e+00, T: 3.9811e-12, no:   99626, try: 123120000000
emin+1: -1.243517e+00, e+1: -1.243517e+00, T: 2.9829e-12, no:   73557, try: 124200000000
emin+1: -1.243517e+00, e+1: -1.243517e+00, T: 2.5119e-12, no:   35159, try: 125280000000
emin+1: -1.243517e+00, e+1: -1.243517e+00, T: 1.8821e-12, no:   47267, try: 126360000000
emin+1: -1.243517e+00, e+1: -1.243517e+00, T: 1.5849e-12, no:    7419, try: 127440000000
emin+1: -1.243517e+00, e+1: -1.243517e+00, T: 1.1875e-12, no:   27553, try: 128520000000
emin+1: -1.243517e+00, e+1: -1.243517e+00, T: 1.0000e-12, no:   53109, try: 129600000000
emin+1: -1.243517e+00, e+1: -1.243517e+00, T: 7.4928e-13, no:   88246, try: 130680000000
emin+1: -1.243517e+00, e+1: -1.243517e+00, T: 6.3096e-13, no:   24273, try: 131760000000
emin+1: -1.243517e+00, e+1: -1.243517e+00, T: 4.7276e-13, no:   39706, try: 132840000000
emin+1: -1.243517e+00, e+1: -1.243517e+00, T: 3.9811e-13, no:  131777, try: 133920000000
emin+1: -1.243517e+00, e+1: -1.243517e+00, T: 2.9829e-13, no:    8969, try: 135000000000
emin+1: -1.243517e+00, e+1: -1.243517e+00, T: 2.5119e-13, no:  109290, try: 136080000000
emin+1: -1.243517e+00, e+1: -1.243517e+00, T: 1.8821e-13, no:  438395, try: 137160000000
emin+1: -1.243517e+00, e+1: -1.243517e+00, T: 1.5849e-13, no:    5591, try: 138240000000
emin+1: -1.243517e+00, e+1: -1.243517e+00, T: 1.1875e-13, no:  199512, try: 139320000000
emin+1: -1.243517e+00, e+1: -1.243517e+00, T: 1.0000e-13, no:   91622, try: 140400000000
emin+1: -1.243517e+00, e+1: -1.243517e+00, T: 7.4928e-14, no:  189566, try: 141480000000
emin+1: -1.243517e+00, e+1: -1.243517e+00, T: 6.3096e-14, no:  118151, try: 142560000000
emin+1: -1.243517e+00, e+1: -1.243517e+00, T: 4.7276e-14, no:   18142, try: 143640000000
emin+1: -1.243517e+00, e+1: -1.243517e+00, T: 3.9811e-14, no:  303424, try: 144720000000
emin+1: -1.243517e+00, e+1: -1.243517e+00, T: 2.9829e-14, no:  153100, try: 145800000000
emin+1: -1.243517e+00, e+1: -1.243517e+00, T: 2.5119e-14, no:  389102, try: 146880000000
emin+1: -1.243517e+00, e+1: -1.243517e+00, T: 1.8821e-14, no:  117981, try: 147960000000
emin+1: -1.243517e+00, e+1: -1.243517e+00, T: 1.5849e-14, no:   23529, try: 149040000000
emin+1: -1.243517e+00, e+1: -1.243517e+00, T: 1.1875e-14, no:   67447, try: 150120000000
emin+1: -1.243517e+00, e+1: -1.243517e+00, T: 1.0000e-14, no:  175279, try: 151200000000
emin+1: -1.243517e+00, e+1: -1.243517e+00, T: 7.4928e-15, no:   36778, try: 152280000000
emin+1: -1.243517e+00, e+1: -1.243517e+00, T: 6.3096e-15, no:   51322, try: 153360000000
emin+1: -1.243517e+00, e+1: -1.243517e+00, T: 4.7276e-15, no:  986472, try: 154440000000
emin+1: -1.243517e+00, e+1: -1.243517e+00, T: 3.9811e-15, no:  441813, try: 155520000000
emin+1: -1.243517e+00, e+1: -1.243517e+00, T: 2.9829e-15, no:  252381, try: 156600000000
emin+1: -1.243517e+00, e+1: -1.243517e+00, T: 2.5119e-15, no: 1016200, try: 157680000000
emin+1: -1.243517e+00, e+1: -1.243517e+00, T: 1.8821e-15, no: 1059916, try: 158760000000
emin+1: -1.243517e+00, e+1: -1.243517e+00, T: 1.5849e-15, no:  627939, try: 159840000000
emin+1: -1.243517e+00, e+1: -1.243517e+00, T: 1.1875e-15, no:  534863, try: 160920000000
emin+1: -1.243517e+00, e+1: -1.243517e+00, T: 1.0000e-15, no:  280163, try: 162000000000

Last chain: -2.243517428705115820085358447e+00
Best chain: -2.243517428705120306730788626e+00 (-2.243517428705120306730788626e+00)

Error: length:  1.110223024625156540423631668e-16, angle:  0.000000000000000000000000000e+00


Last chain: -2.243517428705115820085358447e+00
Best chain: -2.243517428705120306730788626e+00 (-2.243517428705120306730788626e+00)

Error: length:  1.110223024625156540423631668e-16, angle:  0.000000000000000000000000000e+00


