3 16
emin+1:  0.000000e+00, e+1:  0.000000e+00, T: 1.0000e+00
emin+1: -5.898940e-01, e+1:  2.930992e+01, T: 7.4928e-01, no:       2, try: 108000000000
emin+1: -6.044989e-01, e+1:  2.936891e+01, T: 6.3096e-01, no:       0, try: 216000000000
emin+1: -6.044989e-01, e+1:  2.944932e+01, T: 4.7276e-01, no:       0, try: 324000000000
emin+1: -6.114058e-01, e+1:  2.953369e+01, T: 3.9811e-01, no:       0, try: 432000000000
emin+1: -6.718287e-01, e+1:  2.964491e+01, T: 2.9829e-01, no:       1, try: 540000000000
emin+1: -6.718287e-01, e+1:  2.977013e+01, T: 2.5119e-01, no:       0, try: 648000000000
emin+1: -6.718287e-01, e+1:  2.993114e+01, T: 1.8821e-01, no:       0, try: 756000000000
emin+1: -6.718287e-01, e+1:  3.010106e+01, T: 1.5849e-01, no:       4, try: 864000000000
emin+1: -6.718287e-01, e+1:  3.029089e+01, T: 1.1875e-01, no:       0, try: 972000000000
emin+1: -6.718287e-01, e+1:  3.047053e+01, T: 1.0000e-01, no:       0, try: 1080000000000
emin+1: -6.947486e-01, e+1:  3.061987e+01, T: 7.4928e-02, no:       0, try: 1188000000000
emin+1: -6.993201e-01, e+1:  3.067564e+01, T: 6.3096e-02, no:       1, try: 1296000000000
emin+1: -7.265294e-01, e+1:  3.053525e+01, T: 4.7276e-02, no:       1, try: 1404000000000
emin+1: -7.265294e-01, e+1: -2.925233e+01, T: 3.9811e-02, no:       0, try: 1512000000000
emin+1: -7.658776e-01, e+1: -3.331726e+01, T: 2.9829e-02, no:       1, try: 1620000000000
emin+1: -8.154299e-01, e+1: -3.949867e+01, T: 2.5119e-02, no:       0, try: 1728000000000
emin+1: -8.987042e-01, e+1: -5.328960e+01, T: 1.8821e-02, no:       2, try: 1836000000000
emin+1: -9.362527e-01, e+1: -8.841139e+01, T: 1.5849e-02, no:       0, try: 1944000000000
emin+1: -1.051661e+00, e+1: -1.129070e+03, T: 1.1875e-02, no:       1, try: 2052000000000
emin+1: -1.081426e+00, e+1:  9.298866e+01, T: 1.0000e-02, no:       0, try: 2160000000000
emin+1: -1.131881e+00, e+1: -4.500263e+01, T: 7.4928e-03, no:       1, try: 2268000000000
emin+1: -1.165405e+00, e+1: -3.636360e+02, T: 6.3096e-03, no:       1, try: 2376000000000
emin+1: -1.191335e+00, e+1:  5.437701e+01, T: 4.7276e-03, no:       1, try: 2484000000000
emin+1: -1.202410e+00, e+1: -1.012551e+02, T: 3.9811e-03, no:       1, try: 2592000000000
emin+1: -1.212645e+00, e+1:  1.043199e+02, T: 2.9829e-03, no:       2, try: 2700000000000
emin+1: -1.219602e+00, e+1: -4.599888e+01, T: 2.5119e-03, no:       0, try: 2808000000000
emin+1: -1.224927e+00, e+1: -5.540241e+02, T: 1.8821e-03, no:       4, try: 2916000000000
emin+1: -1.227396e+00, e+1:  5.862896e+01, T: 1.5849e-03, no:       0, try: 3024000000000
emin+1: -1.231061e+00, e+1: -6.400557e+01, T: 1.1875e-03, no:       1, try: 3132000000000
emin+1: -1.232023e+00, e+1:  2.146412e+02, T: 1.0000e-03, no:       9, try: 3240000000000
emin+1: -1.233603e+00, e+1:  3.653488e+01, T: 7.4928e-04, no:       1, try: 3348000000000
emin+1: -1.235006e+00, e+1: -8.829919e+01, T: 6.3096e-04, no:       0, try: 3456000000000
emin+1: -1.236288e+00, e+1:  8.243592e+01, T: 4.7276e-04, no:       9, try: 3564000000000
emin+1: -1.237462e+00, e+1: -2.811195e+01, T: 3.9811e-04, no:      10, try: 3672000000000
emin+1: -1.238418e+00, e+1: -7.396459e+01, T: 2.9829e-04, no:       2, try: 3780000000000
emin+1: -1.238929e+00, e+1:  1.351991e+02, T: 2.5119e-04, no:       5, try: 3888000000000
emin+1: -1.240317e+00, e+1:  2.792466e+01, T: 1.8821e-04, no:       0, try: 3996000000000
emin+1: -1.240901e+00, e+1: -1.014065e+02, T: 1.5849e-04, no:       4, try: 4104000000000
emin+1: -1.241550e+00, e+1:  3.110442e+01, T: 1.1875e-04, no:       0, try: 4212000000000
emin+1: -1.241966e+00, e+1: -3.230108e+01, T: 1.0000e-04, no:       4, try: 4320000000000
emin+1: -1.242372e+00, e+1:  1.330592e+02, T: 7.4928e-05, no:       0, try: 4428000000000
emin+1: -1.242562e+00, e+1:  2.279382e+01, T: 6.3096e-05, no:       9, try: 4536000000000
emin+1: -1.242768e+00, e+1: -2.224963e+01, T: 4.7276e-05, no:       5, try: 4644000000000
emin+1: -1.242910e+00, e+1: -1.292954e+02, T: 3.9811e-05, no:      12, try: 4752000000000
emin+1: -1.243069e+00, e+1:  2.986945e+01, T: 2.9829e-05, no:       5, try: 4860000000000
emin+1: -1.243116e+00, e+1:  1.371723e+01, T: 2.5119e-05, no:       3, try: 4968000000000
emin+1: -1.243271e+00, e+1: -1.540926e+01, T: 1.8821e-05, no:       1, try: 5076000000000
emin+1: -1.243271e+00, e+1: -4.015406e+01, T: 1.5849e-05, no:      19, try: 5184000000000
emin+1: -1.243335e+00, e+1:  5.143469e+01, T: 1.1875e-05, no:       1, try: 5292000000000
emin+1: -1.243376e+00, e+1:  1.615999e+01, T: 1.0000e-05, no:      10, try: 5400000000000
emin+1: -1.243420e+00, e+1:  9.236706e+00, T: 7.4928e-06, no:       8, try: 5508000000000
emin+1: -1.243420e+00, e+1: -6.516268e+00, T: 6.3096e-06, no:       5, try: 5616000000000
emin+1: -1.243443e+00, e+1: -9.205945e+00, T: 4.7276e-06, no:      17, try: 5724000000000
emin+1: -1.243451e+00, e+1: -1.535966e+01, T: 3.9811e-06, no:      13, try: 5832000000000
emin+1: -1.243473e+00, e+1: -5.870193e+01, T: 2.9829e-06, no:       5, try: 5940000000000
emin+1: -1.243478e+00, e+1:  3.446160e+01, T: 2.5119e-06, no:       8, try: 6048000000000
emin+1: -1.243489e+00, e+1:  1.259780e+01, T: 1.8821e-06, no:      17, try: 6156000000000
emin+1: -1.243493e+00, e+1:  7.865564e+00, T: 1.5849e-06, no:      14, try: 6264000000000
emin+1: -1.243498e+00, e+1:  5.613567e+00, T: 1.1875e-06, no:      38, try: 6372000000000
emin+1: -1.243501e+00, e+1:  4.428276e+00, T: 1.0000e-06, no:      34, try: 6480000000000
emin+1: -1.243505e+00, e+1:  3.618154e+00, T: 7.4928e-07, no:      19, try: 6588000000000
emin+1: -1.243508e+00, e+1: -1.243488e+00, T: 6.3096e-07, no:      56, try: 6696000000000
emin+1: -1.243510e+00, e+1: -1.243494e+00, T: 4.7276e-07, no:       3, try: 6804000000000
emin+1: -1.243511e+00, e+1: -1.243499e+00, T: 3.9811e-07, no:     164, try: 6912000000000
emin+1: -1.243512e+00, e+1: -1.243503e+00, T: 2.9829e-07, no:      44, try: 7020000000000
emin+1: -1.243514e+00, e+1: -1.243506e+00, T: 2.5119e-07, no:      18, try: 7128000000000
emin+1: -1.243514e+00, e+1: -1.243508e+00, T: 1.8821e-07, no:     374, try: 7236000000000
emin+1: -1.243515e+00, e+1: -1.243510e+00, T: 1.5849e-07, no:     125, try: 7344000000000
emin+1: -1.243515e+00, e+1: -1.243512e+00, T: 1.1875e-07, no:     115, try: 7452000000000
emin+1: -1.243516e+00, e+1: -1.243513e+00, T: 1.0000e-07, no:     131, try: 7560000000000
emin+1: -1.243516e+00, e+1: -1.243514e+00, T: 7.4928e-08, no:      42, try: 7668000000000
emin+1: -1.243516e+00, e+1: -1.243514e+00, T: 6.3096e-08, no:      74, try: 7776000000000
emin+1: -1.243517e+00, e+1: -1.243515e+00, T: 4.7276e-08, no:      24, try: 7884000000000
emin+1: -1.243517e+00, e+1: -1.243516e+00, T: 3.9811e-08, no:     121, try: 7992000000000

Last chain: -2.243515437791184177806005917e+00
Best chain: -2.243516816198497652217261344e+00 (-2.243516816198497652217261344e+00)

