3 16
emin+1:  0.000000e+00, e+1:  0.000000e+00, T: 1.0000e+00
emin+1: -5.168348e-01, e+1:  3.498353e-02, T: 7.4928e-01, no:       0, try:    108000000
emin+1: -5.168348e-01, e+1:  3.153297e-02, T: 6.3096e-01, no:       0, try:    216000000
emin+1: -5.168348e-01, e+1:  2.729599e-02, T: 4.7276e-01, no:       1, try:    324000000
emin+1: -5.168348e-01, e+1:  2.223556e-02, T: 3.9811e-01, no:       0, try:    432000000
emin+1: -5.168348e-01, e+1:  1.596814e-02, T: 2.9829e-01, no:       0, try:    540000000
emin+1: -5.168348e-01, e+1:  8.095327e-03, T: 2.5119e-01, no:       0, try:    648000000
emin+1: -5.186498e-01, e+1: -3.059776e-03, T: 1.8821e-01, no:       2, try:    756000000
emin+1: -5.460131e-01, e+1: -1.467687e-02, T: 1.5849e-01, no:       0, try:    864000000
emin+1: -5.460131e-01, e+1: -3.273992e-02, T: 1.1875e-01, no:       0, try:    972000000
emin+1: -5.507006e-01, e+1: -5.081130e-02, T: 1.0000e-01, no:       0, try:   1080000000
emin+1: -5.625175e-01, e+1: -7.747581e-02, T: 7.4928e-02, no:       0, try:   1188000000
emin+1: -6.049009e-01, e+1: -1.067491e-01, T: 6.3096e-02, no:       0, try:   1296000000
emin+1: -6.133681e-01, e+1: -1.458009e-01, T: 4.7276e-02, no:       1, try:   1404000000
emin+1: -6.498115e-01, e+1: -1.891214e-01, T: 3.9811e-02, no:       2, try:   1512000000
emin+1: -6.577138e-01, e+1: -2.431457e-01, T: 2.9829e-02, no:       3, try:   1620000000
emin+1: -7.375049e-01, e+1: -3.029149e-01, T: 2.5119e-02, no:       1, try:   1728000000
emin+1: -8.021849e-01, e+1: -3.801897e-01, T: 1.8821e-02, no:       1, try:   1836000000
emin+1: -8.518936e-01, e+1: -4.617564e-01, T: 1.5849e-02, no:       3, try:   1944000000
emin+1: -9.273402e-01, e+1: -5.638601e-01, T: 1.1875e-02, no:       7, try:   2052000000
emin+1: -1.000713e+00, e+1: -6.711495e-01, T: 1.0000e-02, no:       3, try:   2160000000
emin+1: -1.086212e+00, e+1: -7.904612e-01, T: 7.4928e-03, no:       0, try:   2268000000
emin+1: -1.126777e+00, e+1: -9.041123e-01, T: 6.3096e-03, no:       2, try:   2376000000
emin+1: -1.165279e+00, e+1: -1.003211e+00, T: 4.7276e-03, no:       1, try:   2484000000
emin+1: -1.184122e+00, e+1: -1.068030e+00, T: 3.9811e-03, no:       1, try:   2592000000
emin+1: -1.206949e+00, e+1: -1.112838e+00, T: 2.9829e-03, no:       1, try:   2700000000
emin+1: -1.207514e+00, e+1: -1.143441e+00, T: 2.5119e-03, no:       0, try:   2808000000
emin+1: -1.218878e+00, e+1: -1.166673e+00, T: 1.8821e-03, no:       4, try:   2916000000
emin+1: -1.221658e+00, e+1: -1.183410e+00, T: 1.5849e-03, no:       0, try:   3024000000
emin+1: -1.227799e+00, e+1: -1.196267e+00, T: 1.1875e-03, no:       4, try:   3132000000
emin+1: -1.229121e+00, e+1: -1.205688e+00, T: 1.0000e-03, no:       2, try:   3240000000
emin+1: -1.231577e+00, e+1: -1.213196e+00, T: 7.4928e-04, no:       0, try:   3348000000
emin+1: -1.233225e+00, e+1: -1.218799e+00, T: 6.3096e-04, no:       1, try:   3456000000
emin+1: -1.234140e+00, e+1: -1.223311e+00, T: 4.7276e-04, no:       7, try:   3564000000
emin+1: -1.235363e+00, e+1: -1.226658e+00, T: 3.9811e-04, no:       2, try:   3672000000
emin+1: -1.237215e+00, e+1: -1.229394e+00, T: 2.9829e-04, no:       8, try:   3780000000
emin+1: -1.237602e+00, e+1: -1.231362e+00, T: 2.5119e-04, no:       0, try:   3888000000
emin+1: -1.239601e+00, e+1: -1.233352e+00, T: 1.8821e-04, no:      17, try:   3996000000
emin+1: -1.240571e+00, e+1: -1.235096e+00, T: 1.5849e-04, no:       1, try:   4104000000
emin+1: -1.240978e+00, e+1: -1.236989e+00, T: 1.1875e-04, no:      18, try:   4212000000
emin+1: -1.241574e+00, e+1: -1.238562e+00, T: 1.0000e-04, no:       1, try:   4320000000
emin+1: -1.242108e+00, e+1: -1.239727e+00, T: 7.4928e-05, no:       1, try:   4428000000
emin+1: -1.242280e+00, e+1: -1.240510e+00, T: 6.3096e-05, no:      12, try:   4536000000
emin+1: -1.242596e+00, e+1: -1.241164e+00, T: 4.7276e-05, no:       1, try:   4644000000
emin+1: -1.242661e+00, e+1: -1.241645e+00, T: 3.9811e-05, no:       7, try:   4752000000
emin+1: -1.242917e+00, e+1: -1.242052e+00, T: 2.9829e-05, no:      18, try:   4860000000
emin+1: -1.243060e+00, e+1: -1.242342e+00, T: 2.5119e-05, no:      13, try:   4968000000
emin+1: -1.243139e+00, e+1: -1.242587e+00, T: 1.8821e-05, no:      10, try:   5076000000
emin+1: -1.243210e+00, e+1: -1.242780e+00, T: 1.5849e-05, no:      17, try:   5184000000
emin+1: -1.243274e+00, e+1: -1.242936e+00, T: 1.1875e-05, no:      24, try:   5292000000
emin+1: -1.243322e+00, e+1: -1.243051e+00, T: 1.0000e-05, no:       1, try:   5400000000
emin+1: -1.243363e+00, e+1: -1.243148e+00, T: 7.4928e-06, no:      15, try:   5508000000
emin+1: -1.243389e+00, e+1: -1.243223e+00, T: 6.3096e-06, no:       7, try:   5616000000
emin+1: -1.243432e+00, e+1: -1.243286e+00, T: 4.7276e-06, no:      48, try:   5724000000
emin+1: -1.243432e+00, e+1: -1.243332e+00, T: 3.9811e-06, no:      42, try:   5832000000
emin+1: -1.243459e+00, e+1: -1.243371e+00, T: 2.9829e-06, no:      18, try:   5940000000
emin+1: -1.243468e+00, e+1: -1.243400e+00, T: 2.5119e-06, no:      84, try:   6048000000
emin+1: -1.243477e+00, e+1: -1.243425e+00, T: 1.8821e-06, no:      27, try:   6156000000
emin+1: -1.243484e+00, e+1: -1.243444e+00, T: 1.5849e-06, no:      15, try:   6264000000
emin+1: -1.243491e+00, e+1: -1.243459e+00, T: 1.1875e-06, no:      41, try:   6372000000
emin+1: -1.243496e+00, e+1: -1.243471e+00, T: 1.0000e-06, no:      49, try:   6480000000
emin+1: -1.243501e+00, e+1: -1.243481e+00, T: 7.4928e-07, no:     103, try:   6588000000
emin+1: -1.243504e+00, e+1: -1.243488e+00, T: 6.3096e-07, no:      44, try:   6696000000
emin+1: -1.243506e+00, e+1: -1.243494e+00, T: 4.7276e-07, no:      25, try:   6804000000
emin+1: -1.243509e+00, e+1: -1.243499e+00, T: 3.9811e-07, no:       1, try:   6912000000
emin+1: -1.243510e+00, e+1: -1.243503e+00, T: 2.9829e-07, no:       1, try:   7020000000
emin+1: -1.243512e+00, e+1: -1.243506e+00, T: 2.5119e-07, no:     246, try:   7128000000
emin+1: -1.243513e+00, e+1: -1.243508e+00, T: 1.8821e-07, no:     297, try:   7236000000
emin+1: -1.243514e+00, e+1: -1.243510e+00, T: 1.5849e-07, no:      22, try:   7344000000
emin+1: -1.243514e+00, e+1: -1.243512e+00, T: 1.1875e-07, no:      54, try:   7452000000
emin+1: -1.243515e+00, e+1: -1.243513e+00, T: 1.0000e-07, no:      14, try:   7560000000
emin+1: -1.243516e+00, e+1: -1.243514e+00, T: 7.4928e-08, no:      49, try:   7668000000
emin+1: -1.243516e+00, e+1: -1.243515e+00, T: 6.3096e-08, no:     109, try:   7776000000
emin+1: -1.243516e+00, e+1: -1.243515e+00, T: 4.7276e-08, no:     141, try:   7884000000
emin+1: -1.243517e+00, e+1: -1.243516e+00, T: 3.9811e-08, no:      14, try:   7992000000
emin+1: -1.243517e+00, e+1: -1.243516e+00, T: 2.9829e-08, no:     246, try:   8100000000
emin+1: -1.243517e+00, e+1: -1.243516e+00, T: 2.5119e-08, no:     311, try:   8208000000
emin+1: -1.243517e+00, e+1: -1.243517e+00, T: 1.8821e-08, no:      24, try:   8316000000
emin+1: -1.243517e+00, e+1: -1.243517e+00, T: 1.5849e-08, no:     400, try:   8424000000
emin+1: -1.243517e+00, e+1: -1.243517e+00, T: 1.1875e-08, no:     242, try:   8532000000
emin+1: -1.243517e+00, e+1: -1.243517e+00, T: 1.0000e-08, no:       3, try:   8640000000
emin+1: -1.243517e+00, e+1: -1.243517e+00, T: 7.4928e-09, no:     700, try:   8748000000
emin+1: -1.243517e+00, e+1: -1.243517e+00, T: 6.3096e-09, no:    1149, try:   8856000000
emin+1: -1.243517e+00, e+1: -1.243517e+00, T: 4.7276e-09, no:     871, try:   8964000000
emin+1: -1.243517e+00, e+1: -1.243517e+00, T: 3.9811e-09, no:     343, try:   9072000000
emin+1: -1.243517e+00, e+1: -1.243517e+00, T: 2.9829e-09, no:    1088, try:   9180000000
emin+1: -1.243517e+00, e+1: -1.243517e+00, T: 2.5119e-09, no:      85, try:   9288000000
emin+1: -1.243517e+00, e+1: -1.243517e+00, T: 1.8821e-09, no:    2924, try:   9396000000
emin+1: -1.243517e+00, e+1: -1.243517e+00, T: 1.5849e-09, no:     969, try:   9504000000
emin+1: -1.243517e+00, e+1: -1.243517e+00, T: 1.1875e-09, no:     146, try:   9612000000
emin+1: -1.243517e+00, e+1: -1.243517e+00, T: 1.0000e-09, no:     417, try:   9720000000
emin+1: -1.243517e+00, e+1: -1.243517e+00, T: 7.4928e-10, no:      96, try:   9828000000
emin+1: -1.243517e+00, e+1: -1.243517e+00, T: 6.3096e-10, no:     223, try:   9936000000
emin+1: -1.243517e+00, e+1: -1.243517e+00, T: 4.7276e-10, no:    1560, try:  10044000000
emin+1: -1.243517e+00, e+1: -1.243517e+00, T: 3.9811e-10, no:     273, try:  10152000000
emin+1: -1.243517e+00, e+1: -1.243517e+00, T: 2.9829e-10, no:    4121, try:  10260000000
emin+1: -1.243517e+00, e+1: -1.243517e+00, T: 2.5119e-10, no:     147, try:  10368000000
emin+1: -1.243517e+00, e+1: -1.243517e+00, T: 1.8821e-10, no:   11827, try:  10476000000
emin+1: -1.243517e+00, e+1: -1.243517e+00, T: 1.5849e-10, no:   10497, try:  10584000000
emin+1: -1.243517e+00, e+1: -1.243517e+00, T: 1.1875e-10, no:     454, try:  10692000000
emin+1: -1.243517e+00, e+1: -1.243517e+00, T: 1.0000e-10, no:    2973, try:  10800000000
emin+1: -1.243517e+00, e+1: -1.243517e+00, T: 7.4928e-11, no:    2190, try:  10908000000
emin+1: -1.243517e+00, e+1: -1.243517e+00, T: 6.3096e-11, no:    2805, try:  11016000000
emin+1: -1.243517e+00, e+1: -1.243517e+00, T: 4.7276e-11, no:    1802, try:  11124000000
emin+1: -1.243517e+00, e+1: -1.243517e+00, T: 3.9811e-11, no:    6496, try:  11232000000
emin+1: -1.243517e+00, e+1: -1.243517e+00, T: 2.9829e-11, no:    2811, try:  11340000000
emin+1: -1.243517e+00, e+1: -1.243517e+00, T: 2.5119e-11, no:     885, try:  11448000000
emin+1: -1.243517e+00, e+1: -1.243517e+00, T: 1.8821e-11, no:   15833, try:  11556000000
emin+1: -1.243517e+00, e+1: -1.243517e+00, T: 1.5849e-11, no:   31628, try:  11664000000
emin+1: -1.243517e+00, e+1: -1.243517e+00, T: 1.1875e-11, no:   13520, try:  11772000000
emin+1: -1.243517e+00, e+1: -1.243517e+00, T: 1.0000e-11, no:   36506, try:  11880000000
emin+1: -1.243517e+00, e+1: -1.243517e+00, T: 7.4928e-12, no:   13853, try:  11988000000
emin+1: -1.243517e+00, e+1: -1.243517e+00, T: 6.3096e-12, no:    3170, try:  12096000000
emin+1: -1.243517e+00, e+1: -1.243517e+00, T: 4.7276e-12, no:   68470, try:  12204000000
emin+1: -1.243517e+00, e+1: -1.243517e+00, T: 3.9811e-12, no:   19237, try:  12312000000
emin+1: -1.243517e+00, e+1: -1.243517e+00, T: 2.9829e-12, no:   25235, try:  12420000000
emin+1: -1.243517e+00, e+1: -1.243517e+00, T: 2.5119e-12, no:   66529, try:  12528000000
emin+1: -1.243517e+00, e+1: -1.243517e+00, T: 1.8821e-12, no:    7200, try:  12636000000
emin+1: -1.243517e+00, e+1: -1.243517e+00, T: 1.5849e-12, no:   26556, try:  12744000000
emin+1: -1.243517e+00, e+1: -1.243517e+00, T: 1.1875e-12, no:   24257, try:  12852000000
emin+1: -1.243517e+00, e+1: -1.243517e+00, T: 1.0000e-12, no:   69028, try:  12960000000
emin+1: -1.243517e+00, e+1: -1.243517e+00, T: 7.4928e-13, no:   24010, try:  13068000000
emin+1: -1.243517e+00, e+1: -1.243517e+00, T: 6.3096e-13, no:   71337, try:  13176000000
emin+1: -1.243517e+00, e+1: -1.243517e+00, T: 4.7276e-13, no:  101770, try:  13284000000
emin+1: -1.243517e+00, e+1: -1.243517e+00, T: 3.9811e-13, no:   44855, try:  13392000000
emin+1: -1.243517e+00, e+1: -1.243517e+00, T: 2.9829e-13, no:  230553, try:  13500000000
emin+1: -1.243517e+00, e+1: -1.243517e+00, T: 2.5119e-13, no:  209594, try:  13608000000
emin+1: -1.243517e+00, e+1: -1.243517e+00, T: 1.8821e-13, no:   81399, try:  13716000000
emin+1: -1.243517e+00, e+1: -1.243517e+00, T: 1.5849e-13, no:    7806, try:  13824000000
emin+1: -1.243517e+00, e+1: -1.243517e+00, T: 1.1875e-13, no:   20834, try:  13932000000
emin+1: -1.243517e+00, e+1: -1.243517e+00, T: 1.0000e-13, no:   68281, try:  14040000000
emin+1: -1.243517e+00, e+1: -1.243517e+00, T: 7.4928e-14, no:  152141, try:  14148000000
emin+1: -1.243517e+00, e+1: -1.243517e+00, T: 6.3096e-14, no:   36556, try:  14256000000
emin+1: -1.243517e+00, e+1: -1.243517e+00, T: 4.7276e-14, no:  111989, try:  14364000000
emin+1: -1.243517e+00, e+1: -1.243517e+00, T: 3.9811e-14, no:   50326, try:  14472000000
emin+1: -1.243517e+00, e+1: -1.243517e+00, T: 2.9829e-14, no:  100391, try:  14580000000
emin+1: -1.243517e+00, e+1: -1.243517e+00, T: 2.5119e-14, no:    5079, try:  14688000000
emin+1: -1.243517e+00, e+1: -1.243517e+00, T: 1.8821e-14, no:  125286, try:  14796000000
emin+1: -1.243517e+00, e+1: -1.243517e+00, T: 1.5849e-14, no:  197814, try:  14904000000
emin+1: -1.243517e+00, e+1: -1.243517e+00, T: 1.1875e-14, no:  186473, try:  15012000000
emin+1: -1.243517e+00, e+1: -1.243517e+00, T: 1.0000e-14, no:  119203, try:  15120000000
emin+1: -1.243517e+00, e+1: -1.243517e+00, T: 7.4928e-15, no:   53325, try:  15228000000
emin+1: -1.243517e+00, e+1: -1.243517e+00, T: 6.3096e-15, no:   88661, try:  15336000000
emin+1: -1.243517e+00, e+1: -1.243517e+00, T: 4.7276e-15, no:   14078, try:  15444000000
emin+1: -1.243517e+00, e+1: -1.243517e+00, T: 3.9811e-15, no:   74665, try:  15552000000
emin+1: -1.243517e+00, e+1: -1.243517e+00, T: 2.9829e-15, no:    3896, try:  15660000000
emin+1: -1.243517e+00, e+1: -1.243517e+00, T: 2.5119e-15, no:   11095, try:  15768000000
emin+1: -1.243517e+00, e+1: -1.243517e+00, T: 1.8821e-15, no:   29879, try:  15876000000
emin+1: -1.243517e+00, e+1: -1.243517e+00, T: 1.5849e-15, no:     788, try:  15984000000
emin+1: -1.243517e+00, e+1: -1.243517e+00, T: 1.1875e-15, no:   17040, try:  16092000000
emin+1: -1.243517e+00, e+1: -1.243517e+00, T: 1.0000e-15, no:   25689, try:  16200000000

Last chain: -2.243517428702042994237420004e+00
Best chain: -2.243517428702043412088937280e+00 (-2.243517428702043412088937280e+00)

Error: length:  1.110223024625156540423631668e-16, angle:  0.000000000000000000000000000e+00


Last chain: -2.243517428702042994237420004e+00
Best chain: -2.243517428702043412088937280e+00 (-2.243517428702043412088937280e+00)

Error: length:  1.110223024625156540423631668e-16, angle:  0.000000000000000000000000000e+00


