3 22
emin+1:  0.000000e+00, e+1:  0.000000e+00, T: 1.0000e+00
emin+1: -7.509708e-01, e+1: -1.289452e+02, T: 7.4928e-01, no:       0, try: 207900000000
emin+1: -7.509708e-01, e+1: -1.298915e+02, T: 6.3096e-01, no:       0, try: 415800000000
emin+1: -7.509708e-01, e+1: -1.313677e+02, T: 4.7276e-01, no:       0, try: 623700000000
emin+1: -7.518904e-01, e+1: -1.329366e+02, T: 3.9811e-01, no:       0, try: 831600000000
emin+1: -7.518904e-01, e+1: -1.353849e+02, T: 2.9829e-01, no:       0, try: 1039500000000
emin+1: -7.991986e-01, e+1: -1.383230e+02, T: 2.5119e-01, no:       2, try: 1247400000000
emin+1: -7.991986e-01, e+1: -1.427210e+02, T: 1.8821e-01, no:       0, try: 1455300000000
emin+1: -7.991986e-01, e+1: -1.482362e+02, T: 1.5849e-01, no:       0, try: 1663200000000
emin+1: -8.696801e-01, e+1: -1.569225e+02, T: 1.1875e-01, no:       1, try: 1871100000000
emin+1: -8.696801e-01, e+1: -1.685595e+02, T: 1.0000e-01, no:       1, try: 2079000000000
emin+1: -8.696801e-01, e+1: -1.887275e+02, T: 7.4928e-02, no:       0, try: 2286900000000
emin+1: -8.696801e-01, e+1: -2.201309e+02, T: 6.3096e-02, no:       3, try: 2494800000000
emin+1: -8.697473e-01, e+1: -2.907468e+02, T: 4.7276e-02, no:       0, try: 2702700000000
emin+1: -9.230519e-01, e+1: -4.697958e+02, T: 3.9811e-02, no:       1, try: 2910600000000
emin+1: -9.536090e-01, e+1: -5.218437e+03, T: 2.9829e-02, no:       0, try: 3118500000000
emin+1: -1.020613e+00, e+1:  4.732400e+02, T: 2.5119e-02, no:       2, try: 3326400000000
emin+1: -1.078392e+00, e+1:  1.809643e+02, T: 1.8821e-02, no:       4, try: 3534300000000
emin+1: -1.148000e+00, e+1:  1.043106e+02, T: 1.5849e-02, no:       1, try: 3742200000000

Last chain: -1.774925085009677163728515625e+00
Best chain: -2.231738773065824179338972888e+00 (-2.231738773065824179338972888e+00)

