3 22
emin+1:  0.000000e+00, e+1:  0.000000e+00, T: 1.0000e+00
emin+1: -6.222928e-01, e+1: -7.550322e-02, T: 7.4928e-01, no:       1, try:    207900000
emin+1: -6.222928e-01, e+1: -7.951003e-02, T: 6.3096e-01, no:       2, try:    415800000
emin+1: -6.370905e-01, e+1: -8.451650e-02, T: 4.7276e-01, no:       0, try:    623700000
emin+1: -6.390643e-01, e+1: -9.041288e-02, T: 3.9811e-01, no:       0, try:    831600000
emin+1: -6.582540e-01, e+1: -9.848429e-02, T: 2.9829e-01, no:       2, try:   1039500000
emin+1: -6.582540e-01, e+1: -1.080891e-01, T: 2.5119e-01, no:       1, try:   1247400000
emin+1: -6.854652e-01, e+1: -1.214600e-01, T: 1.8821e-01, no:       0, try:   1455300000
emin+1: -6.854652e-01, e+1: -1.355137e-01, T: 1.5849e-01, no:       1, try:   1663200000
emin+1: -6.854652e-01, e+1: -1.561233e-01, T: 1.1875e-01, no:       1, try:   1871100000
emin+1: -7.003062e-01, e+1: -1.782215e-01, T: 1.0000e-01, no:       0, try:   2079000000
emin+1: -7.256393e-01, e+1: -2.083033e-01, T: 7.4928e-02, no:       1, try:   2286900000
emin+1: -7.578492e-01, e+1: -2.428002e-01, T: 6.3096e-02, no:       1, try:   2494800000
emin+1: -8.106695e-01, e+1: -2.864337e-01, T: 4.7276e-02, no:       1, try:   2702700000
emin+1: -8.106695e-01, e+1: -3.340545e-01, T: 3.9811e-02, no:       1, try:   2910600000
emin+1: -8.210088e-01, e+1: -3.943020e-01, T: 2.9829e-02, no:       2, try:   3118500000
emin+1: -8.867005e-01, e+1: -4.601298e-01, T: 2.5119e-02, no:       1, try:   3326400000
emin+1: -9.567618e-01, e+1: -5.422752e-01, T: 1.8821e-02, no:       1, try:   3534300000
emin+1: -1.027686e+00, e+1: -6.285219e-01, T: 1.5849e-02, no:       0, try:   3742200000
emin+1: -1.117951e+00, e+1: -7.403206e-01, T: 1.1875e-02, no:       0, try:   3950100000
emin+1: -1.208467e+00, e+1: -8.577335e-01, T: 1.0000e-02, no:       1, try:   4158000000
emin+1: -1.348534e+00, e+1: -9.930044e-01, T: 7.4928e-03, no:       0, try:   4365900000
emin+1: -1.433115e+00, e+1: -1.127721e+00, T: 6.3096e-03, no:       1, try:   4573800000
emin+1: -1.523449e+00, e+1: -1.263702e+00, T: 4.7276e-03, no:       0, try:   4781700000
emin+1: -1.537484e+00, e+1: -1.372815e+00, T: 3.9811e-03, no:       2, try:   4989600000
emin+1: -1.573740e+00, e+1: -1.449514e+00, T: 2.9829e-03, no:       0, try:   5197500000
emin+1: -1.589492e+00, e+1: -1.499750e+00, T: 2.5119e-03, no:       1, try:   5405400000
emin+1: -1.603712e+00, e+1: -1.537317e+00, T: 1.8821e-03, no:       1, try:   5613300000
emin+1: -1.614982e+00, e+1: -1.563118e+00, T: 1.5849e-03, no:       0, try:   5821200000
emin+1: -1.624211e+00, e+1: -1.583452e+00, T: 1.1875e-03, no:       0, try:   6029100000
emin+1: -1.627592e+00, e+1: -1.597879e+00, T: 1.0000e-03, no:       5, try:   6237000000
emin+1: -1.633810e+00, e+1: -1.609311e+00, T: 7.4928e-04, no:       0, try:   6444900000
emin+1: -1.636474e+00, e+1: -1.617707e+00, T: 6.3096e-04, no:       3, try:   6652800000
emin+1: -1.640379e+00, e+1: -1.624468e+00, T: 4.7276e-04, no:       0, try:   6860700000
emin+1: -1.640681e+00, e+1: -1.629481e+00, T: 3.9811e-04, no:       2, try:   7068600000
emin+1: -1.643130e+00, e+1: -1.633722e+00, T: 2.9829e-04, no:       8, try:   7276500000
emin+1: -1.644252e+00, e+1: -1.636831e+00, T: 2.5119e-04, no:       0, try:   7484400000
emin+1: -1.645324e+00, e+1: -1.639363e+00, T: 1.8821e-04, no:       0, try:   7692300000
emin+1: -1.645816e+00, e+1: -1.641154e+00, T: 1.5849e-04, no:       5, try:   7900200000
emin+1: -1.647573e+00, e+1: -1.642727e+00, T: 1.1875e-04, no:       6, try:   8108100000
emin+1: -1.648559e+00, e+1: -1.644451e+00, T: 1.0000e-04, no:       4, try:   8316000000
emin+1: -1.649521e+00, e+1: -1.646284e+00, T: 7.4928e-05, no:       3, try:   8523900000
emin+1: -1.649825e+00, e+1: -1.647682e+00, T: 6.3096e-05, no:       4, try:   8731800000
emin+1: -1.650469e+00, e+1: -1.648647e+00, T: 4.7276e-05, no:      10, try:   8939700000
emin+1: -1.650732e+00, e+1: -1.649373e+00, T: 3.9811e-05, no:       4, try:   9147600000
emin+1: -1.651065e+00, e+1: -1.649938e+00, T: 2.9829e-05, no:       3, try:   9355500000
emin+1: -1.651279e+00, e+1: -1.650369e+00, T: 2.5119e-05, no:       2, try:   9563400000
emin+1: -1.651438e+00, e+1: -1.650735e+00, T: 1.8821e-05, no:      12, try:   9771300000
emin+1: -1.651565e+00, e+1: -1.650996e+00, T: 1.5849e-05, no:       3, try:   9979200000
emin+1: -1.651676e+00, e+1: -1.651219e+00, T: 1.1875e-05, no:      33, try:  10187100000
emin+1: -1.651698e+00, e+1: -1.651389e+00, T: 1.0000e-05, no:       2, try:  10395000000
emin+1: -1.651798e+00, e+1: -1.651526e+00, T: 7.4928e-06, no:       0, try:  10602900000
emin+1: -1.651829e+00, e+1: -1.651632e+00, T: 6.3096e-06, no:      20, try:  10810800000
emin+1: -1.651890e+00, e+1: -1.651720e+00, T: 4.7276e-06, no:       2, try:  11018700000
emin+1: -1.651923e+00, e+1: -1.651786e+00, T: 3.9811e-06, no:      31, try:  11226600000
emin+1: -1.651966e+00, e+1: -1.651841e+00, T: 2.9829e-06, no:      12, try:  11434500000
emin+1: -1.651966e+00, e+1: -1.651883e+00, T: 2.5119e-06, no:      35, try:  11642400000
emin+1: -1.651986e+00, e+1: -1.651918e+00, T: 1.8821e-06, no:      40, try:  11850300000
emin+1: -1.652000e+00, e+1: -1.651945e+00, T: 1.5849e-06, no:      32, try:  12058200000
emin+1: -1.652006e+00, e+1: -1.651968e+00, T: 1.1875e-06, no:      27, try:  12266100000
emin+1: -1.652015e+00, e+1: -1.651984e+00, T: 1.0000e-06, no:      20, try:  12474000000
emin+1: -1.652024e+00, e+1: -1.651998e+00, T: 7.4928e-07, no:      64, try:  12681900000
emin+1: -1.652030e+00, e+1: -1.652008e+00, T: 6.3096e-07, no:       1, try:  12889800000
emin+1: -1.652034e+00, e+1: -1.652017e+00, T: 4.7276e-07, no:       3, try:  13097700000
emin+1: -1.652037e+00, e+1: -1.652024e+00, T: 3.9811e-07, no:     205, try:  13305600000
emin+1: -1.652040e+00, e+1: -1.652029e+00, T: 2.9829e-07, no:      17, try:  13513500000
emin+1: -1.652041e+00, e+1: -1.652034e+00, T: 2.5119e-07, no:     120, try:  13721400000
emin+1: -1.652043e+00, e+1: -1.652037e+00, T: 1.8821e-07, no:     176, try:  13929300000
emin+1: -1.652044e+00, e+1: -1.652040e+00, T: 1.5849e-07, no:      55, try:  14137200000
emin+1: -1.652046e+00, e+1: -1.652042e+00, T: 1.1875e-07, no:      95, try:  14345100000
emin+1: -1.652047e+00, e+1: -1.652044e+00, T: 1.0000e-07, no:      12, try:  14553000000
emin+1: -1.652047e+00, e+1: -1.652045e+00, T: 7.4928e-08, no:      69, try:  14760900000
emin+1: -1.652048e+00, e+1: -1.652046e+00, T: 6.3096e-08, no:     123, try:  14968800000
emin+1: -1.652049e+00, e+1: -1.652047e+00, T: 4.7276e-08, no:     159, try:  15176700000
emin+1: -1.652049e+00, e+1: -1.652048e+00, T: 3.9811e-08, no:     104, try:  15384600000
emin+1: -1.652049e+00, e+1: -1.652048e+00, T: 2.9829e-08, no:     276, try:  15592500000
emin+1: -1.652049e+00, e+1: -1.652049e+00, T: 2.5119e-08, no:      98, try:  15800400000
emin+1: -1.652050e+00, e+1: -1.652049e+00, T: 1.8821e-08, no:     329, try:  16008300000
emin+1: -1.652050e+00, e+1: -1.652049e+00, T: 1.5849e-08, no:      48, try:  16216200000
emin+1: -1.652050e+00, e+1: -1.652049e+00, T: 1.1875e-08, no:      61, try:  16424100000
emin+1: -1.652050e+00, e+1: -1.652050e+00, T: 1.0000e-08, no:      94, try:  16632000000
emin+1: -1.652050e+00, e+1: -1.652050e+00, T: 7.4928e-09, no:     435, try:  16839900000
emin+1: -1.652050e+00, e+1: -1.652050e+00, T: 6.3096e-09, no:     422, try:  17047800000
emin+1: -1.652050e+00, e+1: -1.652050e+00, T: 4.7276e-09, no:    2333, try:  17255700000
emin+1: -1.652050e+00, e+1: -1.652050e+00, T: 3.9811e-09, no:     831, try:  17463600000
emin+1: -1.652050e+00, e+1: -1.652050e+00, T: 2.9829e-09, no:     977, try:  17671500000
emin+1: -1.652050e+00, e+1: -1.652050e+00, T: 2.5119e-09, no:     557, try:  17879400000
emin+1: -1.652050e+00, e+1: -1.652050e+00, T: 1.8821e-09, no:     822, try:  18087300000
emin+1: -1.652050e+00, e+1: -1.652050e+00, T: 1.5849e-09, no:     437, try:  18295200000
emin+1: -1.652050e+00, e+1: -1.652050e+00, T: 1.1875e-09, no:    1491, try:  18503100000
emin+1: -1.652050e+00, e+1: -1.652050e+00, T: 1.0000e-09, no:     621, try:  18711000000
emin+1: -1.652050e+00, e+1: -1.652050e+00, T: 7.4928e-10, no:    1544, try:  18918900000
emin+1: -1.652050e+00, e+1: -1.652050e+00, T: 6.3096e-10, no:    1282, try:  19126800000
emin+1: -1.652050e+00, e+1: -1.652050e+00, T: 4.7276e-10, no:     443, try:  19334700000
emin+1: -1.652050e+00, e+1: -1.652050e+00, T: 3.9811e-10, no:    1542, try:  19542600000
emin+1: -1.652050e+00, e+1: -1.652050e+00, T: 2.9829e-10, no:     884, try:  19750500000
emin+1: -1.652050e+00, e+1: -1.652050e+00, T: 2.5119e-10, no:    3951, try:  19958400000
emin+1: -1.652050e+00, e+1: -1.652050e+00, T: 1.8821e-10, no:    3330, try:  20166300000
emin+1: -1.652050e+00, e+1: -1.652050e+00, T: 1.5849e-10, no:    1259, try:  20374200000
emin+1: -1.652050e+00, e+1: -1.652050e+00, T: 1.1875e-10, no:    3291, try:  20582100000
emin+1: -1.652050e+00, e+1: -1.652050e+00, T: 1.0000e-10, no:     937, try:  20790000000
emin+1: -1.652050e+00, e+1: -1.652050e+00, T: 7.4928e-11, no:    5174, try:  20997900000
emin+1: -1.652050e+00, e+1: -1.652050e+00, T: 6.3096e-11, no:    6197, try:  21205800000
emin+1: -1.652050e+00, e+1: -1.652050e+00, T: 4.7276e-11, no:    3020, try:  21413700000
emin+1: -1.652050e+00, e+1: -1.652050e+00, T: 3.9811e-11, no:   15419, try:  21621600000
emin+1: -1.652050e+00, e+1: -1.652050e+00, T: 2.9829e-11, no:   12745, try:  21829500000
emin+1: -1.652050e+00, e+1: -1.652050e+00, T: 2.5119e-11, no:   12718, try:  22037400000
emin+1: -1.652050e+00, e+1: -1.652050e+00, T: 1.8821e-11, no:    7998, try:  22245300000
emin+1: -1.652050e+00, e+1: -1.652050e+00, T: 1.5849e-11, no:    6016, try:  22453200000
emin+1: -1.652050e+00, e+1: -1.652050e+00, T: 1.1875e-11, no:    6680, try:  22661100000
emin+1: -1.652050e+00, e+1: -1.652050e+00, T: 1.0000e-11, no:    5205, try:  22869000000
emin+1: -1.652050e+00, e+1: -1.652050e+00, T: 7.4928e-12, no:    1711, try:  23076900000
emin+1: -1.652050e+00, e+1: -1.652050e+00, T: 6.3096e-12, no:    3377, try:  23284800000
emin+1: -1.652050e+00, e+1: -1.652050e+00, T: 4.7276e-12, no:    2497, try:  23492700000
emin+1: -1.652050e+00, e+1: -1.652050e+00, T: 3.9811e-12, no:   28946, try:  23700600000
emin+1: -1.652050e+00, e+1: -1.652050e+00, T: 2.9829e-12, no:   23811, try:  23908500000
emin+1: -1.652050e+00, e+1: -1.652050e+00, T: 2.5119e-12, no:      42, try:  24116400000
emin+1: -1.652050e+00, e+1: -1.652050e+00, T: 1.8821e-12, no:   43889, try:  24324300000
emin+1: -1.652050e+00, e+1: -1.652050e+00, T: 1.5849e-12, no:   21929, try:  24532200000
emin+1: -1.652050e+00, e+1: -1.652050e+00, T: 1.1875e-12, no:    5439, try:  24740100000
emin+1: -1.652050e+00, e+1: -1.652050e+00, T: 1.0000e-12, no:   23738, try:  24948000000
emin+1: -1.652050e+00, e+1: -1.652050e+00, T: 7.4928e-13, no:   38180, try:  25155900000
emin+1: -1.652050e+00, e+1: -1.652050e+00, T: 6.3096e-13, no:    1796, try:  25363800000
emin+1: -1.652050e+00, e+1: -1.652050e+00, T: 4.7276e-13, no:   31485, try:  25571700000
emin+1: -1.652050e+00, e+1: -1.652050e+00, T: 3.9811e-13, no:    2982, try:  25779600000
emin+1: -1.652050e+00, e+1: -1.652050e+00, T: 2.9829e-13, no:  143631, try:  25987500000
emin+1: -1.652050e+00, e+1: -1.652050e+00, T: 2.5119e-13, no:   10857, try:  26195400000
emin+1: -1.652050e+00, e+1: -1.652050e+00, T: 1.8821e-13, no:   35981, try:  26403300000
emin+1: -1.652050e+00, e+1: -1.652050e+00, T: 1.5849e-13, no:   61426, try:  26611200000
emin+1: -1.652050e+00, e+1: -1.652050e+00, T: 1.1875e-13, no:   82291, try:  26819100000
emin+1: -1.652050e+00, e+1: -1.652050e+00, T: 1.0000e-13, no:   84893, try:  27027000000
emin+1: -1.652050e+00, e+1: -1.652050e+00, T: 7.4928e-14, no:   16261, try:  27234900000
emin+1: -1.652050e+00, e+1: -1.652050e+00, T: 6.3096e-14, no:   12205, try:  27442800000
emin+1: -1.652050e+00, e+1: -1.652050e+00, T: 4.7276e-14, no:   36715, try:  27650700000
emin+1: -1.652050e+00, e+1: -1.652050e+00, T: 3.9811e-14, no:   37011, try:  27858600000
emin+1: -1.652050e+00, e+1: -1.652050e+00, T: 2.9829e-14, no:  197874, try:  28066500000
emin+1: -1.652050e+00, e+1: -1.652050e+00, T: 2.5119e-14, no:   28254, try:  28274400000
emin+1: -1.652050e+00, e+1: -1.652050e+00, T: 1.8821e-14, no:   82024, try:  28482300000
emin+1: -1.652050e+00, e+1: -1.652050e+00, T: 1.5849e-14, no:  104692, try:  28690200000
emin+1: -1.652050e+00, e+1: -1.652050e+00, T: 1.1875e-14, no:   32790, try:  28898100000
emin+1: -1.652050e+00, e+1: -1.652050e+00, T: 1.0000e-14, no:   66216, try:  29106000000
emin+1: -1.652050e+00, e+1: -1.652050e+00, T: 7.4928e-15, no:   81942, try:  29313900000
emin+1: -1.652050e+00, e+1: -1.652050e+00, T: 6.3096e-15, no:   51141, try:  29521800000
emin+1: -1.652050e+00, e+1: -1.652050e+00, T: 4.7276e-15, no:   17450, try:  29729700000
emin+1: -1.652050e+00, e+1: -1.652050e+00, T: 3.9811e-15, no:   79337, try:  29937600000
emin+1: -1.652050e+00, e+1: -1.652050e+00, T: 2.9829e-15, no:   73682, try:  30145500000
emin+1: -1.652050e+00, e+1: -1.652050e+00, T: 2.5119e-15, no:    3048, try:  30353400000
emin+1: -1.652050e+00, e+1: -1.652050e+00, T: 1.8821e-15, no:   42143, try:  30561300000
emin+1: -1.652050e+00, e+1: -1.652050e+00, T: 1.5849e-15, no:   14138, try:  30769200000
emin+1: -1.652050e+00, e+1: -1.652050e+00, T: 1.1875e-15, no:   12445, try:  30977100000
emin+1: -1.652050e+00, e+1: -1.652050e+00, T: 1.0000e-15, no:   30039, try:  31185000000

Last chain: -2.652050235740246389741156530e+00
Best chain: -2.652050235740246390608518268e+00 (-2.652050235740246390608518268e+00)

Error: length:  1.110223024625156540423631668e-16, angle:  0.000000000000000000000000000e+00


Last chain: -2.652050235740246389741156530e+00
Best chain: -2.652050235740246390608518268e+00 (-2.652050235740246390608518268e+00)

Error: length:  1.110223024625156540423631668e-16, angle:  0.000000000000000000000000000e+00


