3 22
emin+1:  0.000000e+00, e+1:  0.000000e+00, T: 1.0000e+00
emin+1: -7.137327e-01, e+1: -5.196654e+00, T: 7.4928e-01, no:       0, try:  20790000000
emin+1: -7.137327e-01, e+1: -5.219565e+00, T: 6.3096e-01, no:       1, try:  41580000000
emin+1: -7.250628e-01, e+1: -5.250988e+00, T: 4.7276e-01, no:       0, try:  62370000000
emin+1: -7.327230e-01, e+1: -5.286159e+00, T: 3.9811e-01, no:       2, try:  83160000000
emin+1: -7.540377e-01, e+1: -5.336969e+00, T: 2.9829e-01, no:       1, try: 103950000000
emin+1: -7.540377e-01, e+1: -5.394105e+00, T: 2.5119e-01, no:       1, try: 124740000000
emin+1: -7.540377e-01, e+1: -5.473643e+00, T: 1.8821e-01, no:       0, try: 145530000000
emin+1: -7.540377e-01, e+1: -5.565111e+00, T: 1.5849e-01, no:       0, try: 166320000000
emin+1: -7.540377e-01, e+1: -5.691132e+00, T: 1.1875e-01, no:       0, try: 187110000000
emin+1: -7.912896e-01, e+1: -5.833492e+00, T: 1.0000e-01, no:       0, try: 207900000000
emin+1: -8.021086e-01, e+1: -6.030083e+00, T: 7.4928e-02, no:       4, try: 228690000000
emin+1: -8.309863e-01, e+1: -6.251055e+00, T: 6.3096e-02, no:       5, try: 249480000000
emin+1: -8.469741e-01, e+1: -6.552045e+00, T: 4.7276e-02, no:       3, try: 270270000000
emin+1: -9.304926e-01, e+1: -6.891046e+00, T: 3.9811e-02, no:       2, try: 291060000000
emin+1: -9.304926e-01, e+1: -7.357261e+00, T: 2.9829e-02, no:       2, try: 311850000000
emin+1: -9.628695e-01, e+1: -7.893680e+00, T: 2.5119e-02, no:       3, try: 332640000000
emin+1: -1.051193e+00, e+1: -8.665902e+00, T: 1.8821e-02, no:       0, try: 353430000000
emin+1: -1.159249e+00, e+1: -9.613506e+00, T: 1.5849e-02, no:       2, try: 374220000000
emin+1: -1.208226e+00, e+1: -1.110298e+01, T: 1.1875e-02, no:       0, try: 395010000000
emin+1: -1.272814e+00, e+1: -1.316276e+01, T: 1.0000e-02, no:       0, try: 415800000000
emin+1: -1.386355e+00, e+1: -1.695781e+01, T: 7.4928e-03, no:       5, try: 436590000000
emin+1: -1.455636e+00, e+1: -2.365608e+01, T: 6.3096e-03, no:       1, try: 457380000000
emin+1: -1.531133e+00, e+1: -4.301792e+01, T: 4.7276e-03, no:       2, try: 478170000000
emin+1: -1.558118e+00, e+1: -1.644435e+02, T: 3.9811e-03, no:       0, try: 498960000000
emin+1: -1.587476e+00, e+1:  9.361093e+01, T: 2.9829e-03, no:       2, try: 519750000000
emin+1: -1.602322e+00, e+1:  3.915007e+01, T: 2.5119e-03, no:       2, try: 540540000000
emin+1: -1.615851e+00, e+1:  2.401415e+01, T: 1.8821e-03, no:       3, try: 561330000000
emin+1: -1.619855e+00, e+1:  1.756038e+01, T: 1.5849e-03, no:       2, try: 582120000000
emin+1: -1.628911e+00, e+1:  1.349001e+01, T: 1.1875e-03, no:       0, try: 602910000000
emin+1: -1.631624e+00, e+1:  1.102197e+01, T: 1.0000e-03, no:       8, try: 623700000000
emin+1: -1.635762e+00, e+1:  9.125540e+00, T: 7.4928e-04, no:       1, try: 644490000000
emin+1: -1.638939e+00, e+1: -7.498681e+00, T: 6.3096e-04, no:       2, try: 665280000000
emin+1: -1.641167e+00, e+1: -8.689828e+00, T: 4.7276e-04, no:       3, try: 686070000000
emin+1: -1.642161e+00, e+1: -1.027856e+01, T: 3.9811e-04, no:       0, try: 706860000000
emin+1: -1.643819e+00, e+1: -1.289802e+01, T: 2.9829e-04, no:       2, try: 727650000000
emin+1: -1.644698e+00, e+1: -1.687351e+01, T: 2.5119e-04, no:       5, try: 748440000000
emin+1: -1.645607e+00, e+1: -2.447419e+01, T: 1.8821e-04, no:       7, try: 769230000000
emin+1: -1.646902e+00, e+1: -4.054847e+01, T: 1.5849e-04, no:       3, try: 790020000000
emin+1: -1.648066e+00, e+1: -3.348099e+02, T: 1.1875e-04, no:       1, try: 810810000000
emin+1: -1.649201e+00, e+1:  3.349711e+01, T: 1.0000e-04, no:       2, try: 831600000000
emin+1: -1.649941e+00, e+1:  1.395802e+01, T: 7.4928e-05, no:       2, try: 852390000000
emin+1: -1.650287e+00, e+1:  9.498357e+00, T: 6.3096e-05, no:       3, try: 873180000000
emin+1: -1.650664e+00, e+1:  7.114484e+00, T: 4.7276e-05, no:       3, try: 893970000000
emin+1: -1.650891e+00, e+1:  5.747807e+00, T: 3.9811e-05, no:      27, try: 914760000000
emin+1: -1.651224e+00, e+1:  4.754248e+00, T: 2.9829e-05, no:       6, try: 935550000000
emin+1: -1.651327e+00, e+1:  4.080140e+00, T: 2.5119e-05, no:       0, try: 956340000000
emin+1: -1.651500e+00, e+1: -1.650728e+00, T: 1.8821e-05, no:       0, try: 977130000000
emin+1: -1.651587e+00, e+1: -1.650997e+00, T: 1.5849e-05, no:      18, try: 997920000000
emin+1: -1.651713e+00, e+1: -1.651219e+00, T: 1.1875e-05, no:      24, try: 1018710000000
emin+1: -1.651769e+00, e+1: -1.651387e+00, T: 1.0000e-05, no:       7, try: 1039500000000
emin+1: -1.651836e+00, e+1: -1.651526e+00, T: 7.4928e-06, no:      35, try: 1060290000000
emin+1: -1.651866e+00, e+1: -1.651632e+00, T: 6.3096e-06, no:       0, try: 1081080000000
emin+1: -1.651925e+00, e+1: -1.651720e+00, T: 4.7276e-06, no:      98, try: 1101870000000
emin+1: -1.651934e+00, e+1: -1.651787e+00, T: 3.9811e-06, no:      23, try: 1122660000000
emin+1: -1.651964e+00, e+1: -1.651842e+00, T: 2.9829e-06, no:       8, try: 1143450000000
emin+1: -1.651977e+00, e+1: -1.651884e+00, T: 2.5119e-06, no:      16, try: 1164240000000
emin+1: -1.651995e+00, e+1: -1.651919e+00, T: 1.8821e-06, no:      88, try: 1185030000000
emin+1: -1.652005e+00, e+1: -1.651945e+00, T: 1.5849e-06, no:      12, try: 1205820000000
emin+1: -1.652014e+00, e+1: -1.651967e+00, T: 1.1875e-06, no:      55, try: 1226610000000
emin+1: -1.652020e+00, e+1: -1.651984e+00, T: 1.0000e-06, no:       3, try: 1247400000000
emin+1: -1.652027e+00, e+1: -1.651998e+00, T: 7.4928e-07, no:      15, try: 1268190000000
emin+1: -1.652031e+00, e+1: -1.652008e+00, T: 6.3096e-07, no:      63, try: 1288980000000
emin+1: -1.652037e+00, e+1: -1.652017e+00, T: 4.7276e-07, no:      69, try: 1309770000000
emin+1: -1.652039e+00, e+1: -1.652024e+00, T: 3.9811e-07, no:      21, try: 1330560000000
emin+1: -1.652042e+00, e+1: -1.652029e+00, T: 2.9829e-07, no:      15, try: 1351350000000
emin+1: -1.652043e+00, e+1: -1.652034e+00, T: 2.5119e-07, no:      81, try: 1372140000000
emin+1: -1.652045e+00, e+1: -1.652037e+00, T: 1.8821e-07, no:      59, try: 1392930000000
emin+1: -1.652045e+00, e+1: -1.652040e+00, T: 1.5849e-07, no:       6, try: 1413720000000
emin+1: -1.652046e+00, e+1: -1.652042e+00, T: 1.1875e-07, no:     157, try: 1434510000000
emin+1: -1.652047e+00, e+1: -1.652044e+00, T: 1.0000e-07, no:      45, try: 1455300000000
emin+1: -1.652048e+00, e+1: -1.652045e+00, T: 7.4928e-08, no:     311, try: 1476090000000
emin+1: -1.652048e+00, e+1: -1.652046e+00, T: 6.3096e-08, no:     113, try: 1496880000000
emin+1: -1.652049e+00, e+1: -1.652047e+00, T: 4.7276e-08, no:     193, try: 1517670000000
emin+1: -1.652049e+00, e+1: -1.652048e+00, T: 3.9811e-08, no:     573, try: 1538460000000
emin+1: -1.652049e+00, e+1: -1.652048e+00, T: 2.9829e-08, no:      45, try: 1559250000000
emin+1: -1.652049e+00, e+1: -1.652049e+00, T: 2.5119e-08, no:     284, try: 1580040000000
emin+1: -1.652050e+00, e+1: -1.652049e+00, T: 1.8821e-08, no:      50, try: 1600830000000
emin+1: -1.652050e+00, e+1: -1.652049e+00, T: 1.5849e-08, no:      52, try: 1621620000000
emin+1: -1.652050e+00, e+1: -1.652049e+00, T: 1.1875e-08, no:     322, try: 1642410000000
emin+1: -1.652050e+00, e+1: -1.652050e+00, T: 1.0000e-08, no:     410, try: 1663200000000
emin+1: -1.652050e+00, e+1: -1.652050e+00, T: 7.4928e-09, no:     123, try: 1683990000000
emin+1: -1.652050e+00, e+1: -1.652050e+00, T: 6.3096e-09, no:     164, try: 1704780000000
emin+1: -1.652050e+00, e+1: -1.652050e+00, T: 4.7276e-09, no:    2568, try: 1725570000000
emin+1: -1.652050e+00, e+1: -1.652050e+00, T: 3.9811e-09, no:    2172, try: 1746360000000
emin+1: -1.652050e+00, e+1: -1.652050e+00, T: 2.9829e-09, no:       1, try: 1767150000000
emin+1: -1.652050e+00, e+1: -1.652050e+00, T: 2.5119e-09, no:      55, try: 1787940000000
emin+1: -1.652050e+00, e+1: -1.652050e+00, T: 1.8821e-09, no:     308, try: 1808730000000
emin+1: -1.652050e+00, e+1: -1.652050e+00, T: 1.5849e-09, no:     388, try: 1829520000000
emin+1: -1.652050e+00, e+1: -1.652050e+00, T: 1.1875e-09, no:     548, try: 1850310000000
emin+1: -1.652050e+00, e+1: -1.652050e+00, T: 1.0000e-09, no:     891, try: 1871100000000
emin+1: -1.652050e+00, e+1: -1.652050e+00, T: 7.4928e-10, no:    1946, try: 1891890000000
emin+1: -1.652050e+00, e+1: -1.652050e+00, T: 6.3096e-10, no:     199, try: 1912680000000
emin+1: -1.652050e+00, e+1: -1.652050e+00, T: 4.7276e-10, no:    4991, try: 1933470000000
emin+1: -1.652050e+00, e+1: -1.652050e+00, T: 3.9811e-10, no:    8033, try: 1954260000000
emin+1: -1.652050e+00, e+1: -1.652050e+00, T: 2.9829e-10, no:    7823, try: 1975050000000
emin+1: -1.652050e+00, e+1: -1.652050e+00, T: 2.5119e-10, no:    5895, try: 1995840000000
emin+1: -1.652050e+00, e+1: -1.652050e+00, T: 1.8821e-10, no:    4122, try: 2016630000000
emin+1: -1.652050e+00, e+1: -1.652050e+00, T: 1.5849e-10, no:    3676, try: 2037420000000
emin+1: -1.652050e+00, e+1: -1.652050e+00, T: 1.1875e-10, no:    1666, try: 2058210000000
emin+1: -1.652050e+00, e+1: -1.652050e+00, T: 1.0000e-10, no:    1302, try: 2079000000000
emin+1: -1.652050e+00, e+1: -1.652050e+00, T: 7.4928e-11, no:    1450, try: 2099790000000
emin+1: -1.652050e+00, e+1: -1.652050e+00, T: 6.3096e-11, no:    2851, try: 2120580000000
emin+1: -1.652050e+00, e+1: -1.652050e+00, T: 4.7276e-11, no:    1017, try: 2141370000000
emin+1: -1.652050e+00, e+1: -1.652050e+00, T: 3.9811e-11, no:   40911, try: 2162160000000
emin+1: -1.652050e+00, e+1: -1.652050e+00, T: 2.9829e-11, no:   13982, try: 2182950000000
emin+1: -1.652050e+00, e+1: -1.652050e+00, T: 2.5119e-11, no:   20330, try: 2203740000000
emin+1: -1.652050e+00, e+1: -1.652050e+00, T: 1.8821e-11, no:    3025, try: 2224530000000
emin+1: -1.652050e+00, e+1: -1.652050e+00, T: 1.5849e-11, no:   29650, try: 2245320000000
emin+1: -1.652050e+00, e+1: -1.652050e+00, T: 1.1875e-11, no:   17005, try: 2266110000000
emin+1: -1.652050e+00, e+1: -1.652050e+00, T: 1.0000e-11, no:   10904, try: 2286900000000
emin+1: -1.652050e+00, e+1: -1.652050e+00, T: 7.4928e-12, no:    3407, try: 2307690000000
emin+1: -1.652050e+00, e+1: -1.652050e+00, T: 6.3096e-12, no:   14233, try: 2328480000000
emin+1: -1.652050e+00, e+1: -1.652050e+00, T: 4.7276e-12, no:    2015, try: 2349270000000
emin+1: -1.652050e+00, e+1: -1.652050e+00, T: 3.9811e-12, no:   31778, try: 2370060000000
emin+1: -1.652050e+00, e+1: -1.652050e+00, T: 2.9829e-12, no:    1393, try: 2390850000000
emin+1: -1.652050e+00, e+1: -1.652050e+00, T: 2.5119e-12, no:    2835, try: 2411640000000
emin+1: -1.652050e+00, e+1: -1.652050e+00, T: 1.8821e-12, no:    8192, try: 2432430000000
emin+1: -1.652050e+00, e+1: -1.652050e+00, T: 1.5849e-12, no:    1270, try: 2453220000000
emin+1: -1.652050e+00, e+1: -1.652050e+00, T: 1.1875e-12, no:   99332, try: 2474010000000
emin+1: -1.652050e+00, e+1: -1.652050e+00, T: 1.0000e-12, no:   66668, try: 2494800000000
emin+1: -1.652050e+00, e+1: -1.652050e+00, T: 7.4928e-13, no:   19828, try: 2515590000000
emin+1: -1.652050e+00, e+1: -1.652050e+00, T: 6.3096e-13, no:   11321, try: 2536380000000
emin+1: -1.652050e+00, e+1: -1.652050e+00, T: 4.7276e-13, no:   35353, try: 2557170000000
emin+1: -1.652050e+00, e+1: -1.652050e+00, T: 3.9811e-13, no:   89832, try: 2577960000000
emin+1: -1.652050e+00, e+1: -1.652050e+00, T: 2.9829e-13, no:    2337, try: 2598750000000
emin+1: -1.652050e+00, e+1: -1.652050e+00, T: 2.5119e-13, no:   63448, try: 2619540000000
emin+1: -1.652050e+00, e+1: -1.652050e+00, T: 1.8821e-13, no:   54904, try: 2640330000000
emin+1: -1.652050e+00, e+1: -1.652050e+00, T: 1.5849e-13, no:  134531, try: 2661120000000
emin+1: -1.652050e+00, e+1: -1.652050e+00, T: 1.1875e-13, no:   36394, try: 2681910000000
emin+1: -1.652050e+00, e+1: -1.652050e+00, T: 1.0000e-13, no:  128117, try: 2702700000000
emin+1: -1.652050e+00, e+1: -1.652050e+00, T: 7.4928e-14, no:   39678, try: 2723490000000
emin+1: -1.652050e+00, e+1: -1.652050e+00, T: 6.3096e-14, no:  187748, try: 2744280000000
emin+1: -1.652050e+00, e+1: -1.652050e+00, T: 4.7276e-14, no:  211912, try: 2765070000000
emin+1: -1.652050e+00, e+1: -1.652050e+00, T: 3.9811e-14, no:  137565, try: 2785860000000
emin+1: -1.652050e+00, e+1: -1.652050e+00, T: 2.9829e-14, no:   53354, try: 2806650000000
emin+1: -1.652050e+00, e+1: -1.652050e+00, T: 2.5119e-14, no:  400626, try: 2827440000000
emin+1: -1.652050e+00, e+1: -1.652050e+00, T: 1.8821e-14, no:  207088, try: 2848230000000
emin+1: -1.652050e+00, e+1: -1.652050e+00, T: 1.5849e-14, no:  204167, try: 2869020000000
emin+1: -1.652050e+00, e+1: -1.652050e+00, T: 1.1875e-14, no:  397788, try: 2889810000000
emin+1: -1.652050e+00, e+1: -1.652050e+00, T: 1.0000e-14, no:  905393, try: 2910600000000
emin+1: -1.652050e+00, e+1: -1.652050e+00, T: 7.4928e-15, no:   85683, try: 2931390000000
emin+1: -1.652050e+00, e+1: -1.652050e+00, T: 6.3096e-15, no:  136733, try: 2952180000000
emin+1: -1.652050e+00, e+1: -1.652050e+00, T: 4.7276e-15, no:  110001, try: 2972970000000
emin+1: -1.652050e+00, e+1: -1.652050e+00, T: 3.9811e-15, no:  211721, try: 2993760000000
emin+1: -1.652050e+00, e+1: -1.652050e+00, T: 2.9829e-15, no: 2005058, try: 3014550000000
emin+1: -1.652050e+00, e+1: -1.652050e+00, T: 2.5119e-15, no: 1679517, try: 3035340000000
emin+1: -1.652050e+00, e+1: -1.652050e+00, T: 1.8821e-15, no:  127101, try: 3056130000000
emin+1: -1.652050e+00, e+1: -1.652050e+00, T: 1.5849e-15, no:  509586, try: 3076920000000
emin+1: -1.652050e+00, e+1: -1.652050e+00, T: 1.1875e-15, no:   93929, try: 3097710000000
emin+1: -1.652050e+00, e+1: -1.652050e+00, T: 1.0000e-15, no: 1196834, try: 3118500000000

Last chain: -2.652050235742884266637239832e+00
Best chain: -2.652050235742894387447679549e+00 (-2.652050235742894387447679549e+00)

Error: length:  1.110223024625156540423631668e-16, angle:  0.000000000000000000000000000e+00


Last chain: -2.652050235742884266637239832e+00
Best chain: -2.652050235742894387447679549e+00 (-2.652050235742894387447679549e+00)

Error: length:  1.110223024625156540423631668e-16, angle:  0.000000000000000000000000000e+00


