3 13
emin+1:  0.000000e+00, e+1:  0.000000e+00, T: 1.0000e+00
emin+1: -4.934767e-01, e+1: -4.204895e+01, T: 7.4928e-01, no:       1, try:  70200000000
emin+1: -4.934767e-01, e+1: -4.224832e+01, T: 6.3096e-01, no:       2, try: 140400000000
emin+1: -5.000349e-01, e+1: -4.253446e+01, T: 4.7276e-01, no:       0, try: 210600000000
emin+1: -5.000349e-01, e+1: -4.289290e+01, T: 3.9811e-01, no:       1, try: 280800000000
emin+1: -5.048726e-01, e+1: -4.338353e+01, T: 2.9829e-01, no:       0, try: 351000000000
emin+1: -5.048726e-01, e+1: -4.399502e+01, T: 2.5119e-01, no:       0, try: 421200000000
emin+1: -5.292861e-01, e+1: -4.486388e+01, T: 1.8821e-01, no:       1, try: 491400000000
emin+1: -5.292861e-01, e+1: -4.593594e+01, T: 1.5849e-01, no:       0, try: 561600000000
emin+1: -5.296525e-01, e+1: -4.754816e+01, T: 1.1875e-01, no:       4, try: 631800000000
emin+1: -5.731048e-01, e+1: -4.958175e+01, T: 1.0000e-01, no:       0, try: 702000000000
emin+1: -5.749577e-01, e+1: -5.287553e+01, T: 7.4928e-02, no:       0, try: 772200000000
emin+1: -5.749577e-01, e+1: -5.736387e+01, T: 6.3096e-02, no:       0, try: 842400000000
emin+1: -6.028844e-01, e+1: -6.531053e+01, T: 4.7276e-02, no:       1, try: 912600000000
emin+1: -6.204443e-01, e+1: -7.835373e+01, T: 3.9811e-02, no:       1, try: 982800000000
emin+1: -6.647577e-01, e+1: -1.110004e+02, T: 2.9829e-02, no:       1, try: 1053000000000
emin+1: -7.047678e-01, e+1: -2.205245e+02, T: 2.5119e-02, no:       2, try: 1123200000000
emin+1: -7.733288e-01, e+1:  4.710267e+02, T: 1.8821e-02, no:       0, try: 1193400000000
emin+1: -8.116686e-01, e+1:  9.949323e+01, T: 1.5849e-02, no:       0, try: 1263600000000
emin+1: -8.965690e-01, e+1:  4.627077e+01, T: 1.1875e-02, no:       4, try: 1333800000000
emin+1: -9.239375e-01, e+1:  2.870827e+01, T: 1.0000e-02, no:       0, try: 1404000000000
emin+1: -9.461745e-01, e+1: -3.774318e+01, T: 7.4928e-03, no:       2, try: 1474200000000
emin+1: -9.666972e-01, e+1: -2.947166e+02, T: 6.3096e-03, no:       0, try: 1544400000000
emin+1: -9.758634e-01, e+1:  5.271828e+01, T: 4.7276e-03, no:       1, try: 1614600000000
emin+1: -9.832103e-01, e+1:  2.607017e+01, T: 3.9811e-03, no:       4, try: 1684800000000
emin+1: -9.881266e-01, e+1: -4.662845e+01, T: 2.9829e-03, no:       5, try: 1755000000000
emin+1: -9.909879e-01, e+1: -1.060922e+03, T: 2.5119e-03, no:       1, try: 1825200000000
emin+1: -9.950874e-01, e+1:  4.652602e+01, T: 1.8821e-03, no:       1, try: 1895400000000
emin+1: -9.967017e-01, e+1:  2.337705e+01, T: 1.5849e-03, no:       3, try: 1965600000000
emin+1: -9.981929e-01, e+1: -3.861822e+01, T: 1.1875e-03, no:       6, try: 2035800000000
emin+1: -9.989901e-01, e+1: -3.417101e+02, T: 1.0000e-03, no:      11, try: 2106000000000
emin+1: -1.000565e+00, e+1:  4.510197e+01, T: 7.4928e-04, no:       2, try: 2176200000000
emin+1: -1.001610e+00, e+1:  2.205756e+01, T: 6.3096e-04, no:       0, try: 2246400000000
emin+1: -1.002840e+00, e+1: -2.371877e+01, T: 4.7276e-04, no:       3, try: 2316600000000
emin+1: -1.003782e+00, e+1: -5.171807e+01, T: 3.9811e-04, no:       3, try: 2386800000000
emin+1: -1.004797e+00, e+1:  1.254645e+02, T: 2.9829e-04, no:       7, try: 2457000000000
emin+1: -1.005618e+00, e+1:  2.510052e+01, T: 2.5119e-04, no:       0, try: 2527200000000
emin+1: -1.006365e+00, e+1: -1.652987e+01, T: 1.8821e-04, no:      10, try: 2597400000000
emin+1: -1.006610e+00, e+1: -5.016586e+01, T: 1.5849e-04, no:       6, try: 2667600000000
emin+1: -1.007112e+00, e+1:  4.464605e+01, T: 1.1875e-04, no:       4, try: 2737800000000
emin+1: -1.007290e+00, e+1:  1.618196e+01, T: 1.0000e-04, no:       1, try: 2808000000000
emin+1: -1.007529e+00, e+1: -1.027989e+01, T: 7.4928e-05, no:       0, try: 2878200000000
emin+1: -1.007750e+00, e+1: -1.752423e+01, T: 6.3096e-05, no:       4, try: 2948400000000
emin+1: -1.007821e+00, e+1: -7.878042e+01, T: 4.7276e-05, no:       3, try: 3018600000000
emin+1: -1.007920e+00, e+1:  3.387088e+01, T: 3.9811e-05, no:       2, try: 3088800000000
emin+1: -1.008031e+00, e+1:  1.322441e+01, T: 2.9829e-05, no:      10, try: 3159000000000
emin+1: -1.008082e+00, e+1:  8.398004e+00, T: 2.5119e-05, no:       2, try: 3229200000000
emin+1: -1.008136e+00, e+1: -5.696695e+00, T: 1.8821e-05, no:       3, try: 3299400000000
emin+1: -1.008160e+00, e+1: -7.631659e+00, T: 1.5849e-05, no:       1, try: 3369600000000
emin+1: -1.008204e+00, e+1: -1.224056e+01, T: 1.1875e-05, no:      10, try: 3439800000000
emin+1: -1.008225e+00, e+1: -2.891425e+01, T: 1.0000e-05, no:      36, try: 3510000000000
emin+1: -1.008240e+00, e+1:  5.847285e+01, T: 7.4928e-06, no:      27, try: 3580200000000
emin+1: -1.008261e+00, e+1:  1.518447e+01, T: 6.3096e-06, no:       5, try: 3650400000000
emin+1: -1.008273e+00, e+1:  8.423745e+00, T: 4.7276e-06, no:      14, try: 3720600000000
emin+1: -1.008287e+00, e+1:  5.950937e+00, T: 3.9811e-06, no:       2, try: 3790800000000
emin+1: -1.008293e+00, e+1:  4.530416e+00, T: 2.9829e-06, no:      27, try: 3861000000000
emin+1: -1.008298e+00, e+1:  3.711635e+00, T: 2.5119e-06, no:       9, try: 3931200000000
emin+1: -1.008307e+00, e+1:  3.119221e+00, T: 1.8821e-06, no:      53, try: 4001400000000
emin+1: -1.008308e+00, e+1: -1.008267e+00, T: 1.5849e-06, no:      39, try: 4071600000000
emin+1: -1.008313e+00, e+1: -1.008279e+00, T: 1.1875e-06, no:      10, try: 4141800000000
emin+1: -1.008316e+00, e+1: -1.008288e+00, T: 1.0000e-06, no:      29, try: 4212000000000
emin+1: -1.008318e+00, e+1: -1.008296e+00, T: 7.4928e-07, no:      34, try: 4282200000000
emin+1: -1.008318e+00, e+1: -1.008302e+00, T: 6.3096e-07, no:     164, try: 4352400000000
emin+1: -1.008320e+00, e+1: -1.008307e+00, T: 4.7276e-07, no:     107, try: 4422600000000
emin+1: -1.008321e+00, e+1: -1.008311e+00, T: 3.9811e-07, no:     183, try: 4492800000000
emin+1: -1.008322e+00, e+1: -1.008314e+00, T: 2.9829e-07, no:     150, try: 4563000000000
emin+1: -1.008322e+00, e+1: -1.008316e+00, T: 2.5119e-07, no:     145, try: 4633200000000
emin+1: -1.008323e+00, e+1: -1.008318e+00, T: 1.8821e-07, no:      92, try: 4703400000000
emin+1: -1.008323e+00, e+1: -1.008319e+00, T: 1.5849e-07, no:     156, try: 4773600000000
emin+1: -1.008324e+00, e+1: -1.008321e+00, T: 1.1875e-07, no:     100, try: 4843800000000
emin+1: -1.008324e+00, e+1: -1.008322e+00, T: 1.0000e-07, no:     322, try: 4914000000000
emin+1: -1.008324e+00, e+1: -1.008322e+00, T: 7.4928e-08, no:     329, try: 4984200000000
emin+1: -1.008324e+00, e+1: -1.008323e+00, T: 6.3096e-08, no:      65, try: 5054400000000
emin+1: -1.008325e+00, e+1: -1.008323e+00, T: 4.7276e-08, no:      44, try: 5124600000000
emin+1: -1.008325e+00, e+1: -1.008324e+00, T: 3.9811e-08, no:       4, try: 5194800000000
emin+1: -1.008325e+00, e+1: -1.008324e+00, T: 2.9829e-08, no:     198, try: 5265000000000
emin+1: -1.008325e+00, e+1: -1.008324e+00, T: 2.5119e-08, no:     207, try: 5335200000000
emin+1: -1.008325e+00, e+1: -1.008325e+00, T: 1.8821e-08, no:     222, try: 5405400000000
emin+1: -1.008325e+00, e+1: -1.008325e+00, T: 1.5849e-08, no:     226, try: 5475600000000
emin+1: -1.008325e+00, e+1: -1.008325e+00, T: 1.1875e-08, no:     455, try: 5545800000000
emin+1: -1.008325e+00, e+1: -1.008325e+00, T: 1.0000e-08, no:     352, try: 5616000000000
emin+1: -1.008325e+00, e+1: -1.008325e+00, T: 7.4928e-09, no:     374, try: 5686200000000
emin+1: -1.008325e+00, e+1: -1.008325e+00, T: 6.3096e-09, no:    1515, try: 5756400000000
emin+1: -1.008325e+00, e+1: -1.008325e+00, T: 4.7276e-09, no:     350, try: 5826600000000
emin+1: -1.008325e+00, e+1: -1.008325e+00, T: 3.9811e-09, no:     224, try: 5896800000000
emin+1: -1.008325e+00, e+1: -1.008325e+00, T: 2.9829e-09, no:     173, try: 5967000000000
emin+1: -1.008325e+00, e+1: -1.008325e+00, T: 2.5119e-09, no:    1368, try: 6037200000000
emin+1: -1.008325e+00, e+1: -1.008325e+00, T: 1.8821e-09, no:    1237, try: 6107400000000
emin+1: -1.008325e+00, e+1: -1.008325e+00, T: 1.5849e-09, no:    3819, try: 6177600000000
emin+1: -1.008325e+00, e+1: -1.008325e+00, T: 1.1875e-09, no:    1574, try: 6247800000000
emin+1: -1.008325e+00, e+1: -1.008325e+00, T: 1.0000e-09, no:     820, try: 6318000000000
emin+1: -1.008325e+00, e+1: -1.008325e+00, T: 7.4928e-10, no:    2547, try: 6388200000000
emin+1: -1.008325e+00, e+1: -1.008325e+00, T: 6.3096e-10, no:      40, try: 6458400000000
emin+1: -1.008325e+00, e+1: -1.008325e+00, T: 4.7276e-10, no:     604, try: 6528600000000
emin+1: -1.008325e+00, e+1: -1.008325e+00, T: 3.9811e-10, no:    4305, try: 6598800000000
emin+1: -1.008325e+00, e+1: -1.008325e+00, T: 2.9829e-10, no:     294, try: 6669000000000
emin+1: -1.008325e+00, e+1: -1.008325e+00, T: 2.5119e-10, no:    2936, try: 6739200000000
emin+1: -1.008325e+00, e+1: -1.008325e+00, T: 1.8821e-10, no:     111, try: 6809400000000
emin+1: -1.008325e+00, e+1: -1.008325e+00, T: 1.5849e-10, no:    7698, try: 6879600000000
emin+1: -1.008325e+00, e+1: -1.008325e+00, T: 1.1875e-10, no:     176, try: 6949800000000
emin+1: -1.008325e+00, e+1: -1.008325e+00, T: 1.0000e-10, no:   14071, try: 7020000000000
emin+1: -1.008325e+00, e+1: -1.008325e+00, T: 7.4928e-11, no:     954, try: 7090200000000
emin+1: -1.008325e+00, e+1: -1.008325e+00, T: 6.3096e-11, no:    9515, try: 7160400000000
emin+1: -1.008325e+00, e+1: -1.008325e+00, T: 4.7276e-11, no:    1454, try: 7230600000000
emin+1: -1.008325e+00, e+1: -1.008325e+00, T: 3.9811e-11, no:     704, try: 7300800000000
emin+1: -1.008325e+00, e+1: -1.008325e+00, T: 2.9829e-11, no:   15518, try: 7371000000000
emin+1: -1.008325e+00, e+1: -1.008325e+00, T: 2.5119e-11, no:    3252, try: 7441200000000
emin+1: -1.008325e+00, e+1: -1.008325e+00, T: 1.8821e-11, no:    8220, try: 7511400000000
emin+1: -1.008325e+00, e+1: -1.008325e+00, T: 1.5849e-11, no:    5930, try: 7581600000000
emin+1: -1.008325e+00, e+1: -1.008325e+00, T: 1.1875e-11, no:   26448, try: 7651800000000
emin+1: -1.008325e+00, e+1: -1.008325e+00, T: 1.0000e-11, no:    9238, try: 7722000000000
emin+1: -1.008325e+00, e+1: -1.008325e+00, T: 7.4928e-12, no:   58253, try: 7792200000000
emin+1: -1.008325e+00, e+1: -1.008325e+00, T: 6.3096e-12, no:    1590, try: 7862400000000
emin+1: -1.008325e+00, e+1: -1.008325e+00, T: 4.7276e-12, no:    1152, try: 7932600000000
emin+1: -1.008325e+00, e+1: -1.008325e+00, T: 3.9811e-12, no:    4437, try: 8002800000000
emin+1: -1.008325e+00, e+1: -1.008325e+00, T: 2.9829e-12, no:   21351, try: 8073000000000
emin+1: -1.008325e+00, e+1: -1.008325e+00, T: 2.5119e-12, no:   60680, try: 8143200000000
emin+1: -1.008325e+00, e+1: -1.008325e+00, T: 1.8821e-12, no:    1922, try: 8213400000000
emin+1: -1.008325e+00, e+1: -1.008325e+00, T: 1.5849e-12, no:   30722, try: 8283600000000
emin+1: -1.008325e+00, e+1: -1.008325e+00, T: 1.1875e-12, no:    2215, try: 8353800000000
emin+1: -1.008325e+00, e+1: -1.008325e+00, T: 1.0000e-12, no:   37265, try: 8424000000000
emin+1: -1.008325e+00, e+1: -1.008325e+00, T: 7.4928e-13, no:   74553, try: 8494200000000
emin+1: -1.008325e+00, e+1: -1.008325e+00, T: 6.3096e-13, no:  103188, try: 8564400000000
emin+1: -1.008325e+00, e+1: -1.008325e+00, T: 4.7276e-13, no:    6534, try: 8634600000000
emin+1: -1.008325e+00, e+1: -1.008325e+00, T: 3.9811e-13, no:  369868, try: 8704800000000
emin+1: -1.008325e+00, e+1: -1.008325e+00, T: 2.9829e-13, no:   41886, try: 8775000000000
emin+1: -1.008325e+00, e+1: -1.008325e+00, T: 2.5119e-13, no:    2846, try: 8845200000000
emin+1: -1.008325e+00, e+1: -1.008325e+00, T: 1.8821e-13, no:  229572, try: 8915400000000
emin+1: -1.008325e+00, e+1: -1.008325e+00, T: 1.5849e-13, no:  161533, try: 8985600000000
emin+1: -1.008325e+00, e+1: -1.008325e+00, T: 1.1875e-13, no:  128579, try: 9055800000000
emin+1: -1.008325e+00, e+1: -1.008325e+00, T: 1.0000e-13, no:   15496, try: 9126000000000
emin+1: -1.008325e+00, e+1: -1.008325e+00, T: 7.4928e-14, no:  492594, try: 9196200000000
emin+1: -1.008325e+00, e+1: -1.008325e+00, T: 6.3096e-14, no:   24328, try: 9266400000000
emin+1: -1.008325e+00, e+1: -1.008325e+00, T: 4.7276e-14, no:   59459, try: 9336600000000
emin+1: -1.008325e+00, e+1: -1.008325e+00, T: 3.9811e-14, no:  600073, try: 9406800000000
emin+1: -1.008325e+00, e+1: -1.008325e+00, T: 2.9829e-14, no:  196972, try: 9477000000000
emin+1: -1.008325e+00, e+1: -1.008325e+00, T: 2.5119e-14, no:  118143, try: 9547200000000
emin+1: -1.008325e+00, e+1: -1.008325e+00, T: 1.8821e-14, no:  273091, try: 9617400000000
emin+1: -1.008325e+00, e+1: -1.008325e+00, T: 1.5849e-14, no:  149611, try: 9687600000000
emin+1: -1.008325e+00, e+1: -1.008325e+00, T: 1.1875e-14, no:  240974, try: 9757800000000
emin+1: -1.008325e+00, e+1: -1.008325e+00, T: 1.0000e-14, no:   73732, try: 9828000000000

Last chain: -2.008325285630524058939558318e+00
Best chain: -2.008325285630697877581329891e+00 (-2.008325285630697877581329891e+00)

