3 13
emin+1:  0.000000e+00, e+1:  0.000000e+00, T: 1.0000e+00
emin+1: -4.073737e-01, e+1:  9.824402e-02, T: 7.4928e-01, no:       0, try:     70200000
emin+1: -4.073737e-01, e+1:  9.499627e-02, T: 6.3096e-01, no:       1, try:    140400000
emin+1: -4.073737e-01, e+1:  9.119716e-02, T: 4.7276e-01, no:       0, try:    210600000
emin+1: -4.073737e-01, e+1:  8.732984e-02, T: 3.9811e-01, no:       0, try:    280800000
emin+1: -4.073737e-01, e+1:  8.098968e-02, T: 2.9829e-01, no:       1, try:    351000000
emin+1: -4.073737e-01, e+1:  7.448704e-02, T: 2.5119e-01, no:       0, try:    421200000
emin+1: -4.073737e-01, e+1:  6.476775e-02, T: 1.8821e-01, no:       0, try:    491400000
emin+1: -4.278361e-01, e+1:  5.467370e-02, T: 1.5849e-01, no:       5, try:    561600000
emin+1: -4.476954e-01, e+1:  3.969873e-02, T: 1.1875e-01, no:       4, try:    631800000
emin+1: -4.476954e-01, e+1:  2.204508e-02, T: 1.0000e-01, no:       2, try:    702000000
emin+1: -4.509870e-01, e+1: -1.497888e-03, T: 7.4928e-02, no:       0, try:    772200000
emin+1: -4.839524e-01, e+1: -2.903620e-02, T: 6.3096e-02, no:       0, try:    842400000
emin+1: -5.670672e-01, e+1: -6.415641e-02, T: 4.7276e-02, no:       3, try:    912600000
emin+1: -5.740158e-01, e+1: -1.059888e-01, T: 3.9811e-02, no:       1, try:    982800000
emin+1: -6.029872e-01, e+1: -1.569414e-01, T: 2.9829e-02, no:       2, try:   1053000000
emin+1: -6.447625e-01, e+1: -2.142689e-01, T: 2.5119e-02, no:       2, try:   1123200000
emin+1: -6.661337e-01, e+1: -2.881043e-01, T: 1.8821e-02, no:       1, try:   1193400000
emin+1: -7.313463e-01, e+1: -3.659616e-01, T: 1.5849e-02, no:       0, try:   1263600000
emin+1: -8.195954e-01, e+1: -4.620037e-01, T: 1.1875e-02, no:       3, try:   1333800000
emin+1: -8.651101e-01, e+1: -5.607693e-01, T: 1.0000e-02, no:       1, try:   1404000000
emin+1: -9.195419e-01, e+1: -6.706533e-01, T: 7.4928e-03, no:       4, try:   1474200000
emin+1: -9.329447e-01, e+1: -7.665516e-01, T: 6.3096e-03, no:       0, try:   1544400000
emin+1: -9.664073e-01, e+1: -8.344495e-01, T: 4.7276e-03, no:       0, try:   1614600000
emin+1: -9.725613e-01, e+1: -8.782876e-01, T: 3.9811e-03, no:       3, try:   1684800000
emin+1: -9.788210e-01, e+1: -9.099486e-01, T: 2.9829e-03, no:       1, try:   1755000000
emin+1: -9.849251e-01, e+1: -9.321243e-01, T: 2.5119e-03, no:       0, try:   1825200000
emin+1: -9.911207e-01, e+1: -9.491925e-01, T: 1.8821e-03, no:       6, try:   1895400000
emin+1: -9.947969e-01, e+1: -9.613553e-01, T: 1.5849e-03, no:       0, try:   1965600000
emin+1: -9.952277e-01, e+1: -9.712133e-01, T: 1.1875e-03, no:       0, try:   2035800000
emin+1: -9.965748e-01, e+1: -9.781469e-01, T: 1.0000e-03, no:       8, try:   2106000000
emin+1: -9.981129e-01, e+1: -9.838990e-01, T: 7.4928e-04, no:       2, try:   2176200000
emin+1: -9.997582e-01, e+1: -9.880348e-01, T: 6.3096e-04, no:       1, try:   2246400000
emin+1: -1.000807e+00, e+1: -9.913460e-01, T: 4.7276e-04, no:      20, try:   2316600000
emin+1: -1.002398e+00, e+1: -9.938955e-01, T: 3.9811e-04, no:       3, try:   2386800000
emin+1: -1.003080e+00, e+1: -9.960160e-01, T: 2.9829e-04, no:       1, try:   2457000000
emin+1: -1.004366e+00, e+1: -9.979384e-01, T: 2.5119e-04, no:       0, try:   2527200000
emin+1: -1.005512e+00, e+1: -1.000221e+00, T: 1.8821e-04, no:       6, try:   2597400000
emin+1: -1.006107e+00, e+1: -1.001958e+00, T: 1.5849e-04, no:       4, try:   2667600000
emin+1: -1.006582e+00, e+1: -1.003492e+00, T: 1.1875e-04, no:       1, try:   2737800000
emin+1: -1.006990e+00, e+1: -1.004321e+00, T: 1.0000e-04, no:       7, try:   2808000000
emin+1: -1.007233e+00, e+1: -1.005374e+00, T: 7.4928e-05, no:       9, try:   2878200000
emin+1: -1.007502e+00, e+1: -1.005984e+00, T: 6.3096e-05, no:       1, try:   2948400000
emin+1: -1.007682e+00, e+1: -1.006493e+00, T: 4.7276e-05, no:       1, try:   3018600000
emin+1: -1.007789e+00, e+1: -1.006852e+00, T: 3.9811e-05, no:      20, try:   3088800000
emin+1: -1.007882e+00, e+1: -1.007163e+00, T: 2.9829e-05, no:      21, try:   3159000000
emin+1: -1.007966e+00, e+1: -1.007398e+00, T: 2.5119e-05, no:      28, try:   3229200000
emin+1: -1.008069e+00, e+1: -1.007594e+00, T: 1.8821e-05, no:       5, try:   3299400000
emin+1: -1.008108e+00, e+1: -1.007741e+00, T: 1.5849e-05, no:       3, try:   3369600000
emin+1: -1.008177e+00, e+1: -1.007866e+00, T: 1.1875e-05, no:      17, try:   3439800000
emin+1: -1.008180e+00, e+1: -1.007955e+00, T: 1.0000e-05, no:       4, try:   3510000000
emin+1: -1.008205e+00, e+1: -1.008033e+00, T: 7.4928e-06, no:      20, try:   3580200000
emin+1: -1.008225e+00, e+1: -1.008094e+00, T: 6.3096e-06, no:       9, try:   3650400000
emin+1: -1.008257e+00, e+1: -1.008140e+00, T: 4.7276e-06, no:      35, try:   3720600000
emin+1: -1.008265e+00, e+1: -1.008178e+00, T: 3.9811e-06, no:      15, try:   3790800000
emin+1: -1.008277e+00, e+1: -1.008209e+00, T: 2.9829e-06, no:      10, try:   3861000000
emin+1: -1.008287e+00, e+1: -1.008232e+00, T: 2.5119e-06, no:      80, try:   3931200000
emin+1: -1.008296e+00, e+1: -1.008253e+00, T: 1.8821e-06, no:      16, try:   4001400000
emin+1: -1.008301e+00, e+1: -1.008267e+00, T: 1.5849e-06, no:      50, try:   4071600000
emin+1: -1.008309e+00, e+1: -1.008279e+00, T: 1.1875e-06, no:       0, try:   4141800000
emin+1: -1.008310e+00, e+1: -1.008289e+00, T: 1.0000e-06, no:      37, try:   4212000000
emin+1: -1.008313e+00, e+1: -1.008296e+00, T: 7.4928e-07, no:      22, try:   4282200000
emin+1: -1.008317e+00, e+1: -1.008302e+00, T: 6.3096e-07, no:      87, try:   4352400000
emin+1: -1.008317e+00, e+1: -1.008307e+00, T: 4.7276e-07, no:      46, try:   4422600000
emin+1: -1.008319e+00, e+1: -1.008311e+00, T: 3.9811e-07, no:      15, try:   4492800000
emin+1: -1.008320e+00, e+1: -1.008314e+00, T: 2.9829e-07, no:     140, try:   4563000000
emin+1: -1.008321e+00, e+1: -1.008316e+00, T: 2.5119e-07, no:      16, try:   4633200000
emin+1: -1.008322e+00, e+1: -1.008318e+00, T: 1.8821e-07, no:      67, try:   4703400000
emin+1: -1.008323e+00, e+1: -1.008320e+00, T: 1.5849e-07, no:      72, try:   4773600000
emin+1: -1.008323e+00, e+1: -1.008321e+00, T: 1.1875e-07, no:      28, try:   4843800000
emin+1: -1.008324e+00, e+1: -1.008322e+00, T: 1.0000e-07, no:      70, try:   4914000000
emin+1: -1.008324e+00, e+1: -1.008322e+00, T: 7.4928e-08, no:     428, try:   4984200000
emin+1: -1.008324e+00, e+1: -1.008323e+00, T: 6.3096e-08, no:     418, try:   5054400000
emin+1: -1.008324e+00, e+1: -1.008323e+00, T: 4.7276e-08, no:      52, try:   5124600000
emin+1: -1.008325e+00, e+1: -1.008324e+00, T: 3.9811e-08, no:     141, try:   5194800000
emin+1: -1.008325e+00, e+1: -1.008324e+00, T: 2.9829e-08, no:      69, try:   5265000000
emin+1: -1.008325e+00, e+1: -1.008324e+00, T: 2.5119e-08, no:     512, try:   5335200000
emin+1: -1.008325e+00, e+1: -1.008325e+00, T: 1.8821e-08, no:       4, try:   5405400000
emin+1: -1.008325e+00, e+1: -1.008325e+00, T: 1.5849e-08, no:      78, try:   5475600000
emin+1: -1.008325e+00, e+1: -1.008325e+00, T: 1.1875e-08, no:      62, try:   5545800000
emin+1: -1.008325e+00, e+1: -1.008325e+00, T: 1.0000e-08, no:      14, try:   5616000000
emin+1: -1.008325e+00, e+1: -1.008325e+00, T: 7.4928e-09, no:    1083, try:   5686200000
emin+1: -1.008325e+00, e+1: -1.008325e+00, T: 6.3096e-09, no:      23, try:   5756400000
emin+1: -1.008325e+00, e+1: -1.008325e+00, T: 4.7276e-09, no:     354, try:   5826600000
emin+1: -1.008325e+00, e+1: -1.008325e+00, T: 3.9811e-09, no:    1037, try:   5896800000
emin+1: -1.008325e+00, e+1: -1.008325e+00, T: 2.9829e-09, no:      25, try:   5967000000
emin+1: -1.008325e+00, e+1: -1.008325e+00, T: 2.5119e-09, no:    5669, try:   6037200000
emin+1: -1.008325e+00, e+1: -1.008325e+00, T: 1.8821e-09, no:     164, try:   6107400000
emin+1: -1.008325e+00, e+1: -1.008325e+00, T: 1.5849e-09, no:     282, try:   6177600000
emin+1: -1.008325e+00, e+1: -1.008325e+00, T: 1.1875e-09, no:     958, try:   6247800000
emin+1: -1.008325e+00, e+1: -1.008325e+00, T: 1.0000e-09, no:     637, try:   6318000000
emin+1: -1.008325e+00, e+1: -1.008325e+00, T: 7.4928e-10, no:    3066, try:   6388200000
emin+1: -1.008325e+00, e+1: -1.008325e+00, T: 6.3096e-10, no:    2321, try:   6458400000
emin+1: -1.008325e+00, e+1: -1.008325e+00, T: 4.7276e-10, no:     755, try:   6528600000
emin+1: -1.008325e+00, e+1: -1.008325e+00, T: 3.9811e-10, no:     290, try:   6598800000
emin+1: -1.008325e+00, e+1: -1.008325e+00, T: 2.9829e-10, no:    1641, try:   6669000000
emin+1: -1.008325e+00, e+1: -1.008325e+00, T: 2.5119e-10, no:    4982, try:   6739200000
emin+1: -1.008325e+00, e+1: -1.008325e+00, T: 1.8821e-10, no:    2432, try:   6809400000
emin+1: -1.008325e+00, e+1: -1.008325e+00, T: 1.5849e-10, no:    1108, try:   6879600000
emin+1: -1.008325e+00, e+1: -1.008325e+00, T: 1.1875e-10, no:     183, try:   6949800000
emin+1: -1.008325e+00, e+1: -1.008325e+00, T: 1.0000e-10, no:    4419, try:   7020000000
emin+1: -1.008325e+00, e+1: -1.008325e+00, T: 7.4928e-11, no:   10093, try:   7090200000
emin+1: -1.008325e+00, e+1: -1.008325e+00, T: 6.3096e-11, no:   13291, try:   7160400000
emin+1: -1.008325e+00, e+1: -1.008325e+00, T: 4.7276e-11, no:     464, try:   7230600000
emin+1: -1.008325e+00, e+1: -1.008325e+00, T: 3.9811e-11, no:    1078, try:   7300800000
emin+1: -1.008325e+00, e+1: -1.008325e+00, T: 2.9829e-11, no:    1118, try:   7371000000
emin+1: -1.008325e+00, e+1: -1.008325e+00, T: 2.5119e-11, no:   48848, try:   7441200000
emin+1: -1.008325e+00, e+1: -1.008325e+00, T: 1.8821e-11, no:     188, try:   7511400000
emin+1: -1.008325e+00, e+1: -1.008325e+00, T: 1.5849e-11, no:   24824, try:   7581600000
emin+1: -1.008325e+00, e+1: -1.008325e+00, T: 1.1875e-11, no:    5032, try:   7651800000
emin+1: -1.008325e+00, e+1: -1.008325e+00, T: 1.0000e-11, no:    4616, try:   7722000000
emin+1: -1.008325e+00, e+1: -1.008325e+00, T: 7.4928e-12, no:     693, try:   7792200000
emin+1: -1.008325e+00, e+1: -1.008325e+00, T: 6.3096e-12, no:    7465, try:   7862400000
emin+1: -1.008325e+00, e+1: -1.008325e+00, T: 4.7276e-12, no:   23837, try:   7932600000
emin+1: -1.008325e+00, e+1: -1.008325e+00, T: 3.9811e-12, no:   28222, try:   8002800000
emin+1: -1.008325e+00, e+1: -1.008325e+00, T: 2.9829e-12, no:   23388, try:   8073000000
emin+1: -1.008325e+00, e+1: -1.008325e+00, T: 2.5119e-12, no:   12426, try:   8143200000
emin+1: -1.008325e+00, e+1: -1.008325e+00, T: 1.8821e-12, no:   18678, try:   8213400000
emin+1: -1.008325e+00, e+1: -1.008325e+00, T: 1.5849e-12, no:   16061, try:   8283600000
emin+1: -1.008325e+00, e+1: -1.008325e+00, T: 1.1875e-12, no:   33031, try:   8353800000
emin+1: -1.008325e+00, e+1: -1.008325e+00, T: 1.0000e-12, no:   25848, try:   8424000000
emin+1: -1.008325e+00, e+1: -1.008325e+00, T: 7.4928e-13, no:  109111, try:   8494200000
emin+1: -1.008325e+00, e+1: -1.008325e+00, T: 6.3096e-13, no:   32201, try:   8564400000
emin+1: -1.008325e+00, e+1: -1.008325e+00, T: 4.7276e-13, no:   26465, try:   8634600000
emin+1: -1.008325e+00, e+1: -1.008325e+00, T: 3.9811e-13, no:    2379, try:   8704800000
emin+1: -1.008325e+00, e+1: -1.008325e+00, T: 2.9829e-13, no:   36417, try:   8775000000
emin+1: -1.008325e+00, e+1: -1.008325e+00, T: 2.5119e-13, no:  262362, try:   8845200000
emin+1: -1.008325e+00, e+1: -1.008325e+00, T: 1.8821e-13, no:   50485, try:   8915400000
emin+1: -1.008325e+00, e+1: -1.008325e+00, T: 1.5849e-13, no:   10948, try:   8985600000
emin+1: -1.008325e+00, e+1: -1.008325e+00, T: 1.1875e-13, no:  107931, try:   9055800000
emin+1: -1.008325e+00, e+1: -1.008325e+00, T: 1.0000e-13, no:  119104, try:   9126000000
emin+1: -1.008325e+00, e+1: -1.008325e+00, T: 7.4928e-14, no:   48202, try:   9196200000
emin+1: -1.008325e+00, e+1: -1.008325e+00, T: 6.3096e-14, no:  165456, try:   9266400000
emin+1: -1.008325e+00, e+1: -1.008325e+00, T: 4.7276e-14, no:  134743, try:   9336600000
emin+1: -1.008325e+00, e+1: -1.008325e+00, T: 3.9811e-14, no:  173419, try:   9406800000
emin+1: -1.008325e+00, e+1: -1.008325e+00, T: 2.9829e-14, no:   46624, try:   9477000000
emin+1: -1.008325e+00, e+1: -1.008325e+00, T: 2.5119e-14, no:   94729, try:   9547200000
emin+1: -1.008325e+00, e+1: -1.008325e+00, T: 1.8821e-14, no:  826262, try:   9617400000
emin+1: -1.008325e+00, e+1: -1.008325e+00, T: 1.5849e-14, no:   96696, try:   9687600000
emin+1: -1.008325e+00, e+1: -1.008325e+00, T: 1.1875e-14, no:   27634, try:   9757800000
emin+1: -1.008325e+00, e+1: -1.008325e+00, T: 1.0000e-14, no:  253937, try:   9828000000
emin+1: -1.008325e+00, e+1: -1.008325e+00, T: 7.4928e-15, no:  415933, try:   9898200000
emin+1: -1.008325e+00, e+1: -1.008325e+00, T: 6.3096e-15, no:    3500, try:   9968400000
emin+1: -1.008325e+00, e+1: -1.008325e+00, T: 4.7276e-15, no:   60221, try:  10038600000
emin+1: -1.008325e+00, e+1: -1.008325e+00, T: 3.9811e-15, no:   23599, try:  10108800000
emin+1: -1.008325e+00, e+1: -1.008325e+00, T: 2.9829e-15, no:    5346, try:  10179000000
emin+1: -1.008325e+00, e+1: -1.008325e+00, T: 2.5119e-15, no:   10098, try:  10249200000
emin+1: -1.008325e+00, e+1: -1.008325e+00, T: 1.8821e-15, no:   55594, try:  10319400000
emin+1: -1.008325e+00, e+1: -1.008325e+00, T: 1.5849e-15, no:     616, try:  10389600000
emin+1: -1.008325e+00, e+1: -1.008325e+00, T: 1.1875e-15, no:    9393, try:  10459800000
emin+1: -1.008325e+00, e+1: -1.008325e+00, T: 1.0000e-15, no:   56291, try:  10530000000

Last chain: -2.008325285629640156830066910e+00
Best chain: -2.008325285629640214292782052e+00 (-2.008325285629640214292782052e+00)

Error: length:  0.000000000000000000000000000e+00, angle:  0.000000000000000000000000000e+00


Last chain: -2.008325285629640156830066910e+00
Best chain: -2.008325285629640214292782052e+00 (-2.008325285629640214292782052e+00)

Error: length:  0.000000000000000000000000000e+00, angle:  0.000000000000000000000000000e+00


