3 4
emin+1:  0.000000e+00, e+1:  0.000000e+00, T: 1.0000e+00
emin+1:  0.000000e+00, e+1:  3.399743e-01, T: 7.4928e-01, no:       0, try:      5400000
emin+1:  0.000000e+00, e+1:  3.389862e-01, T: 6.3096e-01, no:       1, try:     10800000
emin+1:  0.000000e+00, e+1:  3.378932e-01, T: 4.7276e-01, no:       0, try:     16200000
emin+1:  0.000000e+00, e+1:  3.361100e-01, T: 3.9811e-01, no:       1, try:     21600000
emin+1:  0.000000e+00, e+1:  3.338312e-01, T: 2.9829e-01, no:       0, try:     27000000
emin+1:  0.000000e+00, e+1:  3.303667e-01, T: 2.5119e-01, no:       0, try:     32400000
emin+1:  0.000000e+00, e+1:  3.263964e-01, T: 1.8821e-01, no:       0, try:     37800000
emin+1:  0.000000e+00, e+1:  3.226626e-01, T: 1.5849e-01, no:       0, try:     43200000
emin+1:  0.000000e+00, e+1:  3.135049e-01, T: 1.1875e-01, no:       3, try:     48600000
emin+1:  0.000000e+00, e+1:  3.049164e-01, T: 1.0000e-01, no:       0, try:     54000000
emin+1:  0.000000e+00, e+1:  2.899407e-01, T: 7.4928e-02, no:       0, try:     59400000
emin+1: -1.122307e-03, e+1:  2.696041e-01, T: 6.3096e-02, no:       1, try:     64800000
emin+1: -1.122307e-03, e+1:  2.389434e-01, T: 4.7276e-02, no:       0, try:     70200000
emin+1: -2.051795e-03, e+1:  2.027803e-01, T: 3.9811e-02, no:       1, try:     75600000
emin+1: -2.051795e-03, e+1:  1.569603e-01, T: 2.9829e-02, no:       2, try:     81000000
emin+1: -3.211696e-03, e+1:  1.197666e-01, T: 2.5119e-02, no:       0, try:     86400000
emin+1: -4.421399e-03, e+1:  8.548100e-02, T: 1.8821e-02, no:       1, try:     91800000
emin+1: -4.421399e-03, e+1:  6.422583e-02, T: 1.5849e-02, no:       1, try:     97200000
emin+1: -4.421399e-03, e+1:  4.830747e-02, T: 1.1875e-02, no:       0, try:    102600000
emin+1: -5.545167e-03, e+1:  3.735946e-02, T: 1.0000e-02, no:       0, try:    108000000
emin+1: -5.545167e-03, e+1:  2.829024e-02, T: 7.4928e-03, no:       1, try:    113400000
emin+1: -5.545167e-03, e+1:  2.166668e-02, T: 6.3096e-03, no:       0, try:    118800000
emin+1: -6.312656e-03, e+1:  1.630074e-02, T: 4.7276e-03, no:       0, try:    124200000
emin+1: -6.312656e-03, e+1:  1.248852e-02, T: 3.9811e-03, no:       0, try:    129600000
emin+1: -6.440917e-03, e+1:  9.153214e-03, T: 2.9829e-03, no:       0, try:    135000000
emin+1: -6.440917e-03, e+1:  6.833172e-03, T: 2.5119e-03, no:       5, try:    140400000
emin+1: -7.159902e-03, e+1:  4.797457e-03, T: 1.8821e-03, no:       0, try:    145800000
emin+1: -7.159902e-03, e+1:  3.390024e-03, T: 1.5849e-03, no:       0, try:    151200000
emin+1: -7.159902e-03, e+1:  1.904721e-03, T: 1.1875e-03, no:       1, try:    156600000
emin+1: -7.159902e-03, e+1:  3.145061e-04, T: 1.0000e-03, no:       5, try:    162000000
emin+1: -7.207283e-03, e+1: -1.036607e-03, T: 7.4928e-04, no:       3, try:    167400000
emin+1: -7.207283e-03, e+1: -2.550548e-03, T: 6.3096e-04, no:       1, try:    172800000
emin+1: -7.207283e-03, e+1: -3.754381e-03, T: 4.7276e-04, no:       0, try:    178200000
emin+1: -7.275868e-03, e+1: -4.591090e-03, T: 3.9811e-04, no:       9, try:    183600000
emin+1: -7.288114e-03, e+1: -5.264893e-03, T: 2.9829e-04, no:       3, try:    189000000
emin+1: -7.370120e-03, e+1: -5.616343e-03, T: 2.5119e-04, no:       5, try:    194400000
emin+1: -7.370120e-03, e+1: -6.020639e-03, T: 1.8821e-04, no:       3, try:    199800000
emin+1: -7.383337e-03, e+1: -6.323946e-03, T: 1.5849e-04, no:       3, try:    205200000
emin+1: -7.387350e-03, e+1: -6.562425e-03, T: 1.1875e-04, no:       1, try:    210600000
emin+1: -7.393530e-03, e+1: -6.726117e-03, T: 1.0000e-04, no:       1, try:    216000000
emin+1: -7.404803e-03, e+1: -6.874197e-03, T: 7.4928e-05, no:       2, try:    221400000
emin+1: -7.410177e-03, e+1: -6.993114e-03, T: 6.3096e-05, no:       4, try:    226800000
emin+1: -7.410177e-03, e+1: -7.077490e-03, T: 4.7276e-05, no:       4, try:    232200000
emin+1: -7.413097e-03, e+1: -7.154378e-03, T: 3.9811e-05, no:       2, try:    237600000
emin+1: -7.419998e-03, e+1: -7.213979e-03, T: 2.9829e-05, no:      13, try:    243000000
emin+1: -7.421111e-03, e+1: -7.256178e-03, T: 2.5119e-05, no:       3, try:    248400000
emin+1: -7.425144e-03, e+1: -7.296261e-03, T: 1.8821e-05, no:       1, try:    253800000
emin+1: -7.426702e-03, e+1: -7.320164e-03, T: 1.5849e-05, no:       5, try:    259200000
emin+1: -7.429197e-03, e+1: -7.347397e-03, T: 1.1875e-05, no:       7, try:    264600000
emin+1: -7.429197e-03, e+1: -7.365376e-03, T: 1.0000e-05, no:       7, try:    270000000
emin+1: -7.430517e-03, e+1: -7.378685e-03, T: 7.4928e-06, no:      15, try:    275400000
emin+1: -7.430960e-03, e+1: -7.391723e-03, T: 6.3096e-06, no:       0, try:    280800000
emin+1: -7.433156e-03, e+1: -7.397803e-03, T: 4.7276e-06, no:      98, try:    286200000
emin+1: -7.433254e-03, e+1: -7.405077e-03, T: 3.9811e-06, no:      57, try:    291600000
emin+1: -7.433254e-03, e+1: -7.413111e-03, T: 2.9829e-06, no:      37, try:    297000000
emin+1: -7.433631e-03, e+1: -7.416694e-03, T: 2.5119e-06, no:      14, try:    302400000
emin+1: -7.433942e-03, e+1: -7.420654e-03, T: 1.8821e-06, no:       3, try:    307800000
emin+1: -7.434267e-03, e+1: -7.422437e-03, T: 1.5849e-06, no:       6, try:    313200000
emin+1: -7.434267e-03, e+1: -7.425729e-03, T: 1.1875e-06, no:      36, try:    318600000
emin+1: -7.434298e-03, e+1: -7.427633e-03, T: 1.0000e-06, no:      10, try:    324000000
emin+1: -7.434391e-03, e+1: -7.428882e-03, T: 7.4928e-07, no:      15, try:    329400000
emin+1: -7.434391e-03, e+1: -7.430006e-03, T: 6.3096e-07, no:     120, try:    334800000
emin+1: -7.434391e-03, e+1: -7.430944e-03, T: 4.7276e-07, no:      23, try:    340200000
emin+1: -7.434394e-03, e+1: -7.431667e-03, T: 3.9811e-07, no:      16, try:    345600000
emin+1: -7.434495e-03, e+1: -7.432175e-03, T: 2.9829e-07, no:      31, try:    351000000
emin+1: -7.434626e-03, e+1: -7.432891e-03, T: 2.5119e-07, no:      12, try:    356400000
emin+1: -7.434651e-03, e+1: -7.433337e-03, T: 1.8821e-07, no:      23, try:    361800000
emin+1: -7.434651e-03, e+1: -7.433617e-03, T: 1.5849e-07, no:      33, try:    367200000
emin+1: -7.434707e-03, e+1: -7.433806e-03, T: 1.1875e-07, no:      80, try:    372600000
emin+1: -7.434707e-03, e+1: -7.434012e-03, T: 1.0000e-07, no:     193, try:    378000000
emin+1: -7.434707e-03, e+1: -7.434156e-03, T: 7.4928e-08, no:     100, try:    383400000
emin+1: -7.434711e-03, e+1: -7.434272e-03, T: 6.3096e-08, no:     104, try:    388800000
emin+1: -7.434711e-03, e+1: -7.434364e-03, T: 4.7276e-08, no:       9, try:    394200000
emin+1: -7.434713e-03, e+1: -7.434467e-03, T: 3.9811e-08, no:     220, try:    399600000
emin+1: -7.434731e-03, e+1: -7.434522e-03, T: 2.9829e-08, no:      47, try:    405000000
emin+1: -7.434731e-03, e+1: -7.434596e-03, T: 2.5119e-08, no:     409, try:    410400000
emin+1: -7.434731e-03, e+1: -7.434608e-03, T: 1.8821e-08, no:     955, try:    415800000
emin+1: -7.434738e-03, e+1: -7.434650e-03, T: 1.5849e-08, no:      25, try:    421200000
emin+1: -7.434739e-03, e+1: -7.434633e-03, T: 1.1875e-08, no:      62, try:    426600000
emin+1: -7.434745e-03, e+1: -7.434698e-03, T: 1.0000e-08, no:     187, try:    432000000
emin+1: -7.434750e-03, e+1: -7.434705e-03, T: 7.4928e-09, no:     217, try:    437400000
emin+1: -7.434750e-03, e+1: -7.434708e-03, T: 6.3096e-09, no:    2482, try:    442800000
emin+1: -7.434754e-03, e+1: -7.434725e-03, T: 4.7276e-09, no:     162, try:    448200000
emin+1: -7.434754e-03, e+1: -7.434731e-03, T: 3.9811e-09, no:     482, try:    453600000
emin+1: -7.434754e-03, e+1: -7.434740e-03, T: 2.9829e-09, no:      40, try:    459000000
emin+1: -7.434754e-03, e+1: -7.434741e-03, T: 2.5119e-09, no:    3388, try:    464400000
emin+1: -7.434754e-03, e+1: -7.434744e-03, T: 1.8821e-09, no:      16, try:    469800000
emin+1: -7.434755e-03, e+1: -7.434743e-03, T: 1.5849e-09, no:     301, try:    475200000
emin+1: -7.434755e-03, e+1: -7.434748e-03, T: 1.1875e-09, no:     128, try:    480600000
emin+1: -7.434755e-03, e+1: -7.434747e-03, T: 1.0000e-09, no:    2690, try:    486000000
emin+1: -7.434756e-03, e+1: -7.434751e-03, T: 7.4928e-10, no:     997, try:    491400000
emin+1: -7.434757e-03, e+1: -7.434752e-03, T: 6.3096e-10, no:      94, try:    496800000
emin+1: -7.434757e-03, e+1: -7.434752e-03, T: 4.7276e-10, no:     709, try:    502200000
emin+1: -7.434757e-03, e+1: -7.434754e-03, T: 3.9811e-10, no:     274, try:    507600000
emin+1: -7.434757e-03, e+1: -7.434754e-03, T: 2.9829e-10, no:      72, try:    513000000
emin+1: -7.434757e-03, e+1: -7.434754e-03, T: 2.5119e-10, no:      11, try:    518400000
emin+1: -7.434757e-03, e+1: -7.434755e-03, T: 1.8821e-10, no:     213, try:    523800000
emin+1: -7.434757e-03, e+1: -7.434755e-03, T: 1.5849e-10, no:    1472, try:    529200000
emin+1: -7.434757e-03, e+1: -7.434756e-03, T: 1.1875e-10, no:    1213, try:    534600000
emin+1: -7.434757e-03, e+1: -7.434756e-03, T: 1.0000e-10, no:    1046, try:    540000000
emin+1: -7.434757e-03, e+1: -7.434756e-03, T: 7.4928e-11, no:    4035, try:    545400000
emin+1: -7.434757e-03, e+1: -7.434756e-03, T: 6.3096e-11, no:     587, try:    550800000
emin+1: -7.434757e-03, e+1: -7.434756e-03, T: 4.7276e-11, no:      83, try:    556200000
emin+1: -7.434757e-03, e+1: -7.434757e-03, T: 3.9811e-11, no:     755, try:    561600000
emin+1: -7.434757e-03, e+1: -7.434757e-03, T: 2.9829e-11, no:    2278, try:    567000000
emin+1: -7.434757e-03, e+1: -7.434757e-03, T: 2.5119e-11, no:     548, try:    572400000
emin+1: -7.434757e-03, e+1: -7.434757e-03, T: 1.8821e-11, no:     978, try:    577800000
emin+1: -7.434757e-03, e+1: -7.434757e-03, T: 1.5849e-11, no:    1870, try:    583200000
emin+1: -7.434757e-03, e+1: -7.434757e-03, T: 1.1875e-11, no:   18987, try:    588600000
emin+1: -7.434757e-03, e+1: -7.434757e-03, T: 1.0000e-11, no:   49566, try:    594000000
emin+1: -7.434757e-03, e+1: -7.434757e-03, T: 7.4928e-12, no:   10887, try:    599400000
emin+1: -7.434757e-03, e+1: -7.434757e-03, T: 6.3096e-12, no:   19384, try:    604800000
emin+1: -7.434757e-03, e+1: -7.434757e-03, T: 4.7276e-12, no:     256, try:    610200000
emin+1: -7.434757e-03, e+1: -7.434757e-03, T: 3.9811e-12, no:    2145, try:    615600000
emin+1: -7.434757e-03, e+1: -7.434757e-03, T: 2.9829e-12, no:     371, try:    621000000
emin+1: -7.434757e-03, e+1: -7.434757e-03, T: 2.5119e-12, no:    1166, try:    626400000
emin+1: -7.434757e-03, e+1: -7.434757e-03, T: 1.8821e-12, no:    5748, try:    631800000
emin+1: -7.434757e-03, e+1: -7.434757e-03, T: 1.5849e-12, no:     548, try:    637200000
emin+1: -7.434757e-03, e+1: -7.434757e-03, T: 1.1875e-12, no:   20787, try:    642600000
emin+1: -7.434757e-03, e+1: -7.434757e-03, T: 1.0000e-12, no:   18611, try:    648000000
emin+1: -7.434757e-03, e+1: -7.434757e-03, T: 7.4928e-13, no:   25056, try:    653400000
emin+1: -7.434757e-03, e+1: -7.434757e-03, T: 6.3096e-13, no:   10994, try:    658800000
emin+1: -7.434757e-03, e+1: -7.434757e-03, T: 4.7276e-13, no:   10743, try:    664200000
emin+1: -7.434757e-03, e+1: -7.434757e-03, T: 3.9811e-13, no:    4386, try:    669600000
emin+1: -7.434757e-03, e+1: -7.434757e-03, T: 2.9829e-13, no:   62793, try:    675000000
emin+1: -7.434757e-03, e+1: -7.434757e-03, T: 2.5119e-13, no:  100319, try:    680400000
emin+1: -7.434757e-03, e+1: -7.434757e-03, T: 1.8821e-13, no:   16632, try:    685800000
emin+1: -7.434757e-03, e+1: -7.434757e-03, T: 1.5849e-13, no:   71235, try:    691200000
emin+1: -7.434757e-03, e+1: -7.434757e-03, T: 1.1875e-13, no:    6264, try:    696600000
emin+1: -7.434757e-03, e+1: -7.434757e-03, T: 1.0000e-13, no:    4152, try:    702000000
emin+1: -7.434757e-03, e+1: -7.434757e-03, T: 7.4928e-14, no:   41533, try:    707400000
emin+1: -7.434757e-03, e+1: -7.434757e-03, T: 6.3096e-14, no:   26155, try:    712800000
emin+1: -7.434757e-03, e+1: -7.434757e-03, T: 4.7276e-14, no:     729, try:    718200000
emin+1: -7.434757e-03, e+1: -7.434757e-03, T: 3.9811e-14, no:    9621, try:    723600000
emin+1: -7.434757e-03, e+1: -7.434757e-03, T: 2.9829e-14, no:   12038, try:    729000000
emin+1: -7.434757e-03, e+1: -7.434757e-03, T: 2.5119e-14, no:    8200, try:    734400000
emin+1: -7.434757e-03, e+1: -7.434757e-03, T: 1.8821e-14, no:    1261, try:    739800000
emin+1: -7.434757e-03, e+1: -7.434757e-03, T: 1.5849e-14, no:    3876, try:    745200000
emin+1: -7.434757e-03, e+1: -7.434757e-03, T: 1.1875e-14, no:   11984, try:    750600000
emin+1: -7.434757e-03, e+1: -7.434757e-03, T: 1.0000e-14, no:    4820, try:    756000000
emin+1: -7.434757e-03, e+1: -7.434757e-03, T: 7.4928e-15, no:     240, try:    761400000
emin+1: -7.434757e-03, e+1: -7.434757e-03, T: 6.3096e-15, no:    2137, try:    766800000
emin+1: -7.434757e-03, e+1: -7.434757e-03, T: 4.7276e-15, no:     542, try:    772200000
emin+1: -7.434757e-03, e+1: -7.434757e-03, T: 3.9811e-15, no:    2861, try:    777600000
emin+1: -7.434757e-03, e+1: -7.434757e-03, T: 2.9829e-15, no:    3033, try:    783000000
emin+1: -7.434757e-03, e+1: -7.434757e-03, T: 2.5119e-15, no:     990, try:    788400000
emin+1: -7.434757e-03, e+1: -7.434757e-03, T: 1.8821e-15, no:      34, try:    793800000
emin+1: -7.434757e-03, e+1: -7.434757e-03, T: 1.5849e-15, no:     422, try:    799200000
emin+1: -7.434757e-03, e+1: -7.434757e-03, T: 1.1875e-15, no:    2104, try:    804600000
emin+1: -7.434757e-03, e+1: -7.434757e-03, T: 1.0000e-15, no:    1318, try:    810000000

Last chain: -1.007434756883029548291987043e+00
Best chain: -1.007434756883029548291987043e+00 (-1.007434756883029548291987043e+00)

Error: length:  1.110223024625156540423631668e-16, angle:  0.000000000000000000000000000e+00


Last chain: -1.007434756883029548291987043e+00
Best chain: -1.007434756883029548291987043e+00 (-1.007434756883029548291987043e+00)

Error: length:  1.110223024625156540423631668e-16, angle:  0.000000000000000000000000000e+00


