3 4
emin+1:  0.000000e+00, e+1:  0.000000e+00, T: 1.0000e+00
emin+1:  0.000000e+00, e+1:  3.400226e-01, T: 7.4928e-01, no:       1, try:     54000000
emin+1:  0.000000e+00, e+1:  3.389391e-01, T: 6.3096e-01, no:       0, try:    108000000
emin+1:  0.000000e+00, e+1:  3.375474e-01, T: 4.7276e-01, no:       0, try:    162000000
emin+1:  0.000000e+00, e+1:  3.359088e-01, T: 3.9811e-01, no:       2, try:    216000000
emin+1:  0.000000e+00, e+1:  3.336593e-01, T: 2.9829e-01, no:       0, try:    270000000
emin+1:  0.000000e+00, e+1:  3.308916e-01, T: 2.5119e-01, no:       0, try:    324000000
emin+1:  0.000000e+00, e+1:  3.268925e-01, T: 1.8821e-01, no:       3, try:    378000000
emin+1: -1.804511e-04, e+1:  3.219423e-01, T: 1.5849e-01, no:       1, try:    432000000
emin+1: -1.804511e-04, e+1:  3.143531e-01, T: 1.1875e-01, no:       1, try:    486000000
emin+1: -3.494699e-04, e+1:  3.043836e-01, T: 1.0000e-01, no:       1, try:    540000000
emin+1: -4.322844e-04, e+1:  2.893272e-01, T: 7.4928e-02, no:       0, try:    594000000
emin+1: -1.038641e-03, e+1:  2.693769e-01, T: 6.3096e-02, no:       0, try:    648000000
emin+1: -2.828963e-03, e+1:  2.390134e-01, T: 4.7276e-02, no:       2, try:    702000000
emin+1: -3.358759e-03, e+1:  2.012253e-01, T: 3.9811e-02, no:       0, try:    756000000
emin+1: -4.637094e-03, e+1:  1.551350e-01, T: 2.9829e-02, no:       0, try:    810000000
emin+1: -6.185058e-03, e+1:  1.157162e-01, T: 2.5119e-02, no:       4, try:    864000000
emin+1: -6.185058e-03, e+1:  8.478700e-02, T: 1.8821e-02, no:       0, try:    918000000
emin+1: -6.185058e-03, e+1:  6.444509e-02, T: 1.5849e-02, no:       0, try:    972000000
emin+1: -6.185058e-03, e+1:  4.851171e-02, T: 1.1875e-02, no:       2, try:   1026000000
emin+1: -6.232713e-03, e+1:  3.733808e-02, T: 1.0000e-02, no:       1, try:   1080000000
emin+1: -6.232713e-03, e+1:  2.828601e-02, T: 7.4928e-03, no:       1, try:   1134000000
emin+1: -6.232713e-03, e+1:  2.173437e-02, T: 6.3096e-03, no:       2, try:   1188000000
emin+1: -6.309072e-03, e+1:  1.637049e-02, T: 4.7276e-03, no:       0, try:   1242000000
emin+1: -6.652772e-03, e+1:  1.244319e-02, T: 3.9811e-03, no:       4, try:   1296000000
emin+1: -6.652944e-03, e+1:  9.247561e-03, T: 2.9829e-03, no:       0, try:   1350000000
emin+1: -6.888087e-03, e+1:  6.842962e-03, T: 2.5119e-03, no:       1, try:   1404000000
emin+1: -6.938561e-03, e+1:  4.821045e-03, T: 1.8821e-03, no:       2, try:   1458000000
emin+1: -7.198459e-03, e+1:  3.253751e-03, T: 1.5849e-03, no:       2, try:   1512000000
emin+1: -7.198459e-03, e+1:  1.717612e-03, T: 1.1875e-03, no:       3, try:   1566000000
emin+1: -7.199837e-03, e+1:  3.980769e-04, T: 1.0000e-03, no:       4, try:   1620000000
emin+1: -7.233435e-03, e+1: -1.098773e-03, T: 7.4928e-04, no:       4, try:   1674000000
emin+1: -7.274113e-03, e+1: -2.447786e-03, T: 6.3096e-04, no:       3, try:   1728000000
emin+1: -7.294860e-03, e+1: -3.693484e-03, T: 4.7276e-04, no:       3, try:   1782000000
emin+1: -7.351246e-03, e+1: -4.556498e-03, T: 3.9811e-04, no:       4, try:   1836000000
emin+1: -7.357921e-03, e+1: -5.197367e-03, T: 2.9829e-04, no:       1, try:   1890000000
emin+1: -7.388265e-03, e+1: -5.664541e-03, T: 2.5119e-04, no:      10, try:   1944000000
emin+1: -7.388265e-03, e+1: -6.040066e-03, T: 1.8821e-04, no:       6, try:   1998000000
emin+1: -7.399174e-03, e+1: -6.322764e-03, T: 1.5849e-04, no:       0, try:   2052000000
emin+1: -7.399174e-03, e+1: -6.553258e-03, T: 1.1875e-04, no:       3, try:   2106000000
emin+1: -7.412548e-03, e+1: -6.731707e-03, T: 1.0000e-04, no:       8, try:   2160000000
emin+1: -7.412548e-03, e+1: -6.881256e-03, T: 7.4928e-05, no:       2, try:   2214000000
emin+1: -7.416993e-03, e+1: -6.991698e-03, T: 6.3096e-05, no:      12, try:   2268000000
emin+1: -7.421093e-03, e+1: -7.084500e-03, T: 4.7276e-05, no:       0, try:   2322000000
emin+1: -7.424067e-03, e+1: -7.152154e-03, T: 3.9811e-05, no:       5, try:   2376000000
emin+1: -7.424067e-03, e+1: -7.214918e-03, T: 2.9829e-05, no:      10, try:   2430000000
emin+1: -7.426222e-03, e+1: -7.257797e-03, T: 2.5119e-05, no:       1, try:   2484000000
emin+1: -7.429350e-03, e+1: -7.293245e-03, T: 1.8821e-05, no:       0, try:   2538000000
emin+1: -7.429951e-03, e+1: -7.324082e-03, T: 1.5849e-05, no:       5, try:   2592000000
emin+1: -7.429951e-03, e+1: -7.346090e-03, T: 1.1875e-05, no:      20, try:   2646000000
emin+1: -7.431442e-03, e+1: -7.364145e-03, T: 1.0000e-05, no:       3, try:   2700000000
emin+1: -7.431442e-03, e+1: -7.378325e-03, T: 7.4928e-06, no:      26, try:   2754000000
emin+1: -7.432924e-03, e+1: -7.389276e-03, T: 6.3096e-06, no:      12, try:   2808000000
emin+1: -7.432924e-03, e+1: -7.399187e-03, T: 4.7276e-06, no:       0, try:   2862000000
emin+1: -7.432924e-03, e+1: -7.406378e-03, T: 3.9811e-06, no:      22, try:   2916000000
emin+1: -7.433818e-03, e+1: -7.412116e-03, T: 2.9829e-06, no:      81, try:   2970000000
emin+1: -7.433843e-03, e+1: -7.416461e-03, T: 2.5119e-06, no:       4, try:   3024000000
emin+1: -7.433939e-03, e+1: -7.420370e-03, T: 1.8821e-06, no:       0, try:   3078000000
emin+1: -7.433939e-03, e+1: -7.423271e-03, T: 1.5849e-06, no:      42, try:   3132000000
emin+1: -7.434402e-03, e+1: -7.425672e-03, T: 1.1875e-06, no:      10, try:   3186000000
emin+1: -7.434402e-03, e+1: -7.427337e-03, T: 1.0000e-06, no:      63, try:   3240000000
emin+1: -7.434402e-03, e+1: -7.428899e-03, T: 7.4928e-07, no:       9, try:   3294000000
emin+1: -7.434402e-03, e+1: -7.430174e-03, T: 6.3096e-07, no:      31, try:   3348000000
emin+1: -7.434519e-03, e+1: -7.431126e-03, T: 4.7276e-07, no:      62, try:   3402000000
emin+1: -7.434587e-03, e+1: -7.431805e-03, T: 3.9811e-07, no:      22, try:   3456000000
emin+1: -7.434587e-03, e+1: -7.432442e-03, T: 2.9829e-07, no:     166, try:   3510000000
emin+1: -7.434587e-03, e+1: -7.432863e-03, T: 2.5119e-07, no:     133, try:   3564000000
emin+1: -7.434660e-03, e+1: -7.433305e-03, T: 1.8821e-07, no:      21, try:   3618000000
emin+1: -7.434671e-03, e+1: -7.433578e-03, T: 1.5849e-07, no:      42, try:   3672000000
emin+1: -7.434679e-03, e+1: -7.433832e-03, T: 1.1875e-07, no:      71, try:   3726000000
emin+1: -7.434736e-03, e+1: -7.434011e-03, T: 1.0000e-07, no:      51, try:   3780000000
emin+1: -7.434736e-03, e+1: -7.434173e-03, T: 7.4928e-08, no:      63, try:   3834000000
emin+1: -7.434736e-03, e+1: -7.434282e-03, T: 6.3096e-08, no:      38, try:   3888000000
emin+1: -7.434737e-03, e+1: -7.434386e-03, T: 4.7276e-08, no:      86, try:   3942000000
emin+1: -7.434737e-03, e+1: -7.434456e-03, T: 3.9811e-08, no:      76, try:   3996000000
emin+1: -7.434738e-03, e+1: -7.434529e-03, T: 2.9829e-08, no:     197, try:   4050000000
emin+1: -7.434739e-03, e+1: -7.434562e-03, T: 2.5119e-08, no:      89, try:   4104000000
emin+1: -7.434743e-03, e+1: -7.434609e-03, T: 1.8821e-08, no:     815, try:   4158000000
emin+1: -7.434744e-03, e+1: -7.434642e-03, T: 1.5849e-08, no:     535, try:   4212000000
emin+1: -7.434749e-03, e+1: -7.434660e-03, T: 1.1875e-08, no:     479, try:   4266000000
emin+1: -7.434749e-03, e+1: -7.434685e-03, T: 1.0000e-08, no:      89, try:   4320000000
emin+1: -7.434753e-03, e+1: -7.434698e-03, T: 7.4928e-09, no:     287, try:   4374000000
emin+1: -7.434755e-03, e+1: -7.434713e-03, T: 6.3096e-09, no:     480, try:   4428000000
emin+1: -7.434755e-03, e+1: -7.434718e-03, T: 4.7276e-09, no:     306, try:   4482000000
emin+1: -7.434755e-03, e+1: -7.434730e-03, T: 3.9811e-09, no:     935, try:   4536000000
emin+1: -7.434755e-03, e+1: -7.434734e-03, T: 2.9829e-09, no:       9, try:   4590000000
emin+1: -7.434755e-03, e+1: -7.434739e-03, T: 2.5119e-09, no:      28, try:   4644000000
emin+1: -7.434755e-03, e+1: -7.434740e-03, T: 1.8821e-09, no:    3336, try:   4698000000
emin+1: -7.434755e-03, e+1: -7.434745e-03, T: 1.5849e-09, no:     208, try:   4752000000
emin+1: -7.434756e-03, e+1: -7.434748e-03, T: 1.1875e-09, no:     545, try:   4806000000
emin+1: -7.434756e-03, e+1: -7.434750e-03, T: 1.0000e-09, no:      46, try:   4860000000
emin+1: -7.434756e-03, e+1: -7.434750e-03, T: 7.4928e-10, no:     463, try:   4914000000
emin+1: -7.434756e-03, e+1: -7.434753e-03, T: 6.3096e-10, no:    1349, try:   4968000000
emin+1: -7.434757e-03, e+1: -7.434753e-03, T: 4.7276e-10, no:    1612, try:   5022000000
emin+1: -7.434757e-03, e+1: -7.434754e-03, T: 3.9811e-10, no:      85, try:   5076000000
emin+1: -7.434757e-03, e+1: -7.434754e-03, T: 2.9829e-10, no:     879, try:   5130000000
emin+1: -7.434757e-03, e+1: -7.434755e-03, T: 2.5119e-10, no:    1357, try:   5184000000
emin+1: -7.434757e-03, e+1: -7.434755e-03, T: 1.8821e-10, no:    8033, try:   5238000000
emin+1: -7.434757e-03, e+1: -7.434756e-03, T: 1.5849e-10, no:    9261, try:   5292000000
emin+1: -7.434757e-03, e+1: -7.434756e-03, T: 1.1875e-10, no:      97, try:   5346000000
emin+1: -7.434757e-03, e+1: -7.434756e-03, T: 1.0000e-10, no:     105, try:   5400000000
emin+1: -7.434757e-03, e+1: -7.434756e-03, T: 7.4928e-11, no:    2303, try:   5454000000
emin+1: -7.434757e-03, e+1: -7.434756e-03, T: 6.3096e-11, no:      80, try:   5508000000
emin+1: -7.434757e-03, e+1: -7.434757e-03, T: 4.7276e-11, no:    4927, try:   5562000000
emin+1: -7.434757e-03, e+1: -7.434757e-03, T: 3.9811e-11, no:     965, try:   5616000000
emin+1: -7.434757e-03, e+1: -7.434757e-03, T: 2.9829e-11, no:      98, try:   5670000000
emin+1: -7.434757e-03, e+1: -7.434757e-03, T: 2.5119e-11, no:    1605, try:   5724000000
emin+1: -7.434757e-03, e+1: -7.434757e-03, T: 1.8821e-11, no:    8767, try:   5778000000
emin+1: -7.434757e-03, e+1: -7.434757e-03, T: 1.5849e-11, no:   20285, try:   5832000000
emin+1: -7.434757e-03, e+1: -7.434757e-03, T: 1.1875e-11, no:    3516, try:   5886000000
emin+1: -7.434757e-03, e+1: -7.434757e-03, T: 1.0000e-11, no:   15344, try:   5940000000
emin+1: -7.434757e-03, e+1: -7.434757e-03, T: 7.4928e-12, no:    2850, try:   5994000000
emin+1: -7.434757e-03, e+1: -7.434757e-03, T: 6.3096e-12, no:   13453, try:   6048000000
emin+1: -7.434757e-03, e+1: -7.434757e-03, T: 4.7276e-12, no:    5293, try:   6102000000
emin+1: -7.434757e-03, e+1: -7.434757e-03, T: 3.9811e-12, no:    1134, try:   6156000000
emin+1: -7.434757e-03, e+1: -7.434757e-03, T: 2.9829e-12, no:    6585, try:   6210000000
emin+1: -7.434757e-03, e+1: -7.434757e-03, T: 2.5119e-12, no:   15574, try:   6264000000
emin+1: -7.434757e-03, e+1: -7.434757e-03, T: 1.8821e-12, no:   10014, try:   6318000000
emin+1: -7.434757e-03, e+1: -7.434757e-03, T: 1.5849e-12, no:   96329, try:   6372000000
emin+1: -7.434757e-03, e+1: -7.434757e-03, T: 1.1875e-12, no:   11938, try:   6426000000
emin+1: -7.434757e-03, e+1: -7.434757e-03, T: 1.0000e-12, no:   23492, try:   6480000000
emin+1: -7.434757e-03, e+1: -7.434757e-03, T: 7.4928e-13, no:   60759, try:   6534000000
emin+1: -7.434757e-03, e+1: -7.434757e-03, T: 6.3096e-13, no:   41703, try:   6588000000
emin+1: -7.434757e-03, e+1: -7.434757e-03, T: 4.7276e-13, no:    3517, try:   6642000000
emin+1: -7.434757e-03, e+1: -7.434757e-03, T: 3.9811e-13, no:   14233, try:   6696000000
emin+1: -7.434757e-03, e+1: -7.434757e-03, T: 2.9829e-13, no:   27236, try:   6750000000
emin+1: -7.434757e-03, e+1: -7.434757e-03, T: 2.5119e-13, no:   36652, try:   6804000000
emin+1: -7.434757e-03, e+1: -7.434757e-03, T: 1.8821e-13, no:  168343, try:   6858000000
emin+1: -7.434757e-03, e+1: -7.434757e-03, T: 1.5849e-13, no:  113338, try:   6912000000
emin+1: -7.434757e-03, e+1: -7.434757e-03, T: 1.1875e-13, no:   25673, try:   6966000000
emin+1: -7.434757e-03, e+1: -7.434757e-03, T: 1.0000e-13, no:  108194, try:   7020000000
emin+1: -7.434757e-03, e+1: -7.434757e-03, T: 7.4928e-14, no:  109815, try:   7074000000
emin+1: -7.434757e-03, e+1: -7.434757e-03, T: 6.3096e-14, no:  155224, try:   7128000000
emin+1: -7.434757e-03, e+1: -7.434757e-03, T: 4.7276e-14, no:   57171, try:   7182000000
emin+1: -7.434757e-03, e+1: -7.434757e-03, T: 3.9811e-14, no:   52870, try:   7236000000
emin+1: -7.434757e-03, e+1: -7.434757e-03, T: 2.9829e-14, no:  700624, try:   7290000000
emin+1: -7.434757e-03, e+1: -7.434757e-03, T: 2.5119e-14, no:   18308, try:   7344000000
emin+1: -7.434757e-03, e+1: -7.434757e-03, T: 1.8821e-14, no:    9540, try:   7398000000
emin+1: -7.434757e-03, e+1: -7.434757e-03, T: 1.5849e-14, no:   62981, try:   7452000000
emin+1: -7.434757e-03, e+1: -7.434757e-03, T: 1.1875e-14, no:   29285, try:   7506000000
emin+1: -7.434757e-03, e+1: -7.434757e-03, T: 1.0000e-14, no:   19153, try:   7560000000
emin+1: -7.434757e-03, e+1: -7.434757e-03, T: 7.4928e-15, no:   30670, try:   7614000000
emin+1: -7.434757e-03, e+1: -7.434757e-03, T: 6.3096e-15, no:  208011, try:   7668000000
emin+1: -7.434757e-03, e+1: -7.434757e-03, T: 4.7276e-15, no:  258953, try:   7722000000
emin+1: -7.434757e-03, e+1: -7.434757e-03, T: 3.9811e-15, no:  139511, try:   7776000000
emin+1: -7.434757e-03, e+1: -7.434757e-03, T: 2.9829e-15, no:   50604, try:   7830000000
emin+1: -7.434757e-03, e+1: -7.434757e-03, T: 2.5119e-15, no:  157863, try:   7884000000
emin+1: -7.434757e-03, e+1: -7.434757e-03, T: 1.8821e-15, no:   15879, try:   7938000000
emin+1: -7.434757e-03, e+1: -7.434757e-03, T: 1.5849e-15, no:   43213, try:   7992000000
emin+1: -7.434757e-03, e+1: -7.434757e-03, T: 1.1875e-15, no:   23874, try:   8046000000
emin+1: -7.434757e-03, e+1: -7.434757e-03, T: 1.0000e-15, no:   58193, try:   8100000000

Last chain: -1.007434756884207711761548831e+00
Best chain: -1.007434756884207711761548831e+00 (-1.007434756884207711761548831e+00)

Error: length:  0.000000000000000000000000000e+00, angle:  0.000000000000000000000000000e+00


Last chain: -1.007434756884207711761548831e+00
Best chain: -1.007434756884207711761548831e+00 (-1.007434756884207711761548831e+00)

Error: length:  0.000000000000000000000000000e+00, angle:  0.000000000000000000000000000e+00


