3 4
emin+1:  0.000000e+00, e+1:  0.000000e+00, T: 1.0000e+00
emin+1: -4.730827e-03, e+1: -1.354615e+01, T: 7.4928e-01, no:       0, try:  54000000000
emin+1: -4.730827e-03, e+1: -1.359113e+01, T: 6.3096e-01, no:       2, try: 108000000000
emin+1: -4.730827e-03, e+1: -1.364900e+01, T: 4.7276e-01, no:       0, try: 162000000000
emin+1: -4.730827e-03, e+1: -1.372091e+01, T: 3.9811e-01, no:       2, try: 216000000000
emin+1: -5.890475e-03, e+1: -1.382899e+01, T: 2.9829e-01, no:       5, try: 270000000000
emin+1: -5.890475e-03, e+1: -1.395951e+01, T: 2.5119e-01, no:       2, try: 324000000000
emin+1: -5.890475e-03, e+1: -1.415571e+01, T: 1.8821e-01, no:       1, try: 378000000000
emin+1: -5.890475e-03, e+1: -1.440701e+01, T: 1.5849e-01, no:       1, try: 432000000000
emin+1: -5.890475e-03, e+1: -1.482031e+01, T: 1.1875e-01, no:       1, try: 486000000000
emin+1: -5.890475e-03, e+1: -1.538194e+01, T: 1.0000e-01, no:       0, try: 540000000000
emin+1: -5.890475e-03, e+1: -1.640589e+01, T: 7.4928e-02, no:       0, try: 594000000000
emin+1: -5.933929e-03, e+1: -1.799178e+01, T: 6.3096e-02, no:       1, try: 648000000000
emin+1: -6.015281e-03, e+1: -2.145395e+01, T: 4.7276e-02, no:       1, try: 702000000000
emin+1: -6.155412e-03, e+1: -2.838214e+01, T: 3.9811e-02, no:       2, try: 756000000000
emin+1: -6.316744e-03, e+1: -5.234578e+01, T: 2.9829e-02, no:       4, try: 810000000000
emin+1: -6.473252e-03, e+1: -3.888025e+02, T: 2.5119e-02, no:       1, try: 864000000000
emin+1: -6.514824e-03, e+1:  6.122538e+01, T: 1.8821e-02, no:       0, try: 918000000000
emin+1: -6.605488e-03, e+1:  2.912472e+01, T: 1.5849e-02, no:       1, try: 972000000000
emin+1: -6.994294e-03, e+1:  1.820929e+01, T: 1.1875e-02, no:       2, try: 1026000000000
emin+1: -7.046251e-03, e+1:  1.334378e+01, T: 1.0000e-02, no:       0, try: 1080000000000
emin+1: -7.046251e-03, e+1: -1.133787e+01, T: 7.4928e-03, no:       5, try: 1134000000000
emin+1: -7.046251e-03, e+1: -1.667059e+01, T: 6.3096e-03, no:       1, try: 1188000000000
emin+1: -7.083582e-03, e+1: -3.476093e+01, T: 4.7276e-03, no:       5, try: 1242000000000
emin+1: -7.157458e-03, e+1:  1.998033e+03, T: 3.9811e-03, no:       5, try: 1296000000000
emin+1: -7.168249e-03, e+1:  3.085281e+01, T: 2.9829e-03, no:       3, try: 1350000000000
emin+1: -7.273427e-03, e+1:  1.613966e+01, T: 2.5119e-03, no:       1, try: 1404000000000
emin+1: -7.273427e-03, e+1:  1.065752e+01, T: 1.8821e-03, no:       3, try: 1458000000000
emin+1: -7.279429e-03, e+1: -1.035582e+01, T: 1.5849e-03, no:       0, try: 1512000000000
emin+1: -7.330724e-03, e+1: -1.816780e+01, T: 1.1875e-03, no:       3, try: 1566000000000
emin+1: -7.352610e-03, e+1: -6.963378e+01, T: 1.0000e-03, no:       2, try: 1620000000000
emin+1: -7.366606e-03, e+1:  2.909661e+01, T: 7.4928e-04, no:       0, try: 1674000000000
emin+1: -7.386806e-03, e+1:  1.214425e+01, T: 6.3096e-04, no:       3, try: 1728000000000
emin+1: -7.388358e-03, e+1: -6.486572e+00, T: 4.7276e-04, no:       2, try: 1782000000000
emin+1: -7.394702e-03, e+1: -1.059238e+01, T: 3.9811e-04, no:       0, try: 1836000000000
emin+1: -7.404351e-03, e+1: -2.991884e+01, T: 2.9829e-04, no:       1, try: 1890000000000
emin+1: -7.426870e-03, e+1:  4.751827e+01, T: 2.5119e-04, no:       1, try: 1944000000000
emin+1: -7.426870e-03, e+1:  1.289628e+01, T: 1.8821e-04, no:       1, try: 1998000000000
emin+1: -7.426870e-03, e+1:  7.807621e+00, T: 1.5849e-04, no:      10, try: 2052000000000
emin+1: -7.426870e-03, e+1: -4.421927e+00, T: 1.1875e-04, no:       0, try: 2106000000000
emin+1: -7.428385e-03, e+1: -6.389032e+00, T: 1.0000e-04, no:       2, try: 2160000000000
emin+1: -7.428385e-03, e+1: -1.182855e+01, T: 7.4928e-05, no:       2, try: 2214000000000
emin+1: -7.428645e-03, e+1: -4.865959e+01, T: 6.3096e-05, no:       4, try: 2268000000000
emin+1: -7.429443e-03, e+1:  2.220232e+01, T: 4.7276e-05, no:       3, try: 2322000000000
emin+1: -7.431732e-03, e+1:  9.705092e+00, T: 3.9811e-05, no:      11, try: 2376000000000
emin+1: -7.431984e-03, e+1:  6.148519e+00, T: 2.9829e-05, no:      17, try: 2430000000000
emin+1: -7.432174e-03, e+1:  4.644353e+00, T: 2.5119e-05, no:       8, try: 2484000000000
emin+1: -7.432341e-03, e+1: -2.201496e+00, T: 1.8821e-05, no:       5, try: 2538000000000
emin+1: -7.433316e-03, e+1: -2.775737e+00, T: 1.5849e-05, no:       4, try: 2592000000000
emin+1: -7.433316e-03, e+1: -3.794095e+00, T: 1.1875e-05, no:      25, try: 2646000000000
emin+1: -7.433787e-03, e+1: -5.599288e+00, T: 1.0000e-05, no:       2, try: 2700000000000
emin+1: -7.433938e-03, e+1: -1.089589e+01, T: 7.4928e-06, no:       6, try: 2754000000000
emin+1: -7.434069e-03, e+1: -6.793521e+01, T: 6.3096e-06, no:       3, try: 2808000000000
emin+1: -7.434461e-03, e+1:  1.568934e+01, T: 4.7276e-06, no:      30, try: 2862000000000
emin+1: -7.434461e-03, e+1:  7.480304e+00, T: 3.9811e-06, no:       8, try: 2916000000000
emin+1: -7.434461e-03, e+1:  4.893889e+00, T: 2.9829e-06, no:      72, try: 2970000000000
emin+1: -7.434461e-03, e+1:  3.749438e+00, T: 2.5119e-06, no:      11, try: 3024000000000
emin+1: -7.434524e-03, e+1:  3.024357e+00, T: 1.8821e-06, no:      12, try: 3078000000000
emin+1: -7.434558e-03, e+1:  2.591871e+00, T: 1.5849e-06, no:      10, try: 3132000000000
emin+1: -7.434586e-03, e+1:  2.262043e+00, T: 1.1875e-06, no:       5, try: 3186000000000
emin+1: -7.434612e-03, e+1:  2.038160e+00, T: 1.0000e-06, no:      35, try: 3240000000000
emin+1: -7.434672e-03, e+1: -7.428937e-03, T: 7.4928e-07, no:      23, try: 3294000000000
emin+1: -7.434683e-03, e+1: -7.430098e-03, T: 6.3096e-07, no:      44, try: 3348000000000
emin+1: -7.434697e-03, e+1: -7.431063e-03, T: 4.7276e-07, no:      59, try: 3402000000000
emin+1: -7.434700e-03, e+1: -7.431804e-03, T: 3.9811e-07, no:      10, try: 3456000000000
emin+1: -7.434719e-03, e+1: -7.432414e-03, T: 2.9829e-07, no:       9, try: 3510000000000
emin+1: -7.434719e-03, e+1: -7.432883e-03, T: 2.5119e-07, no:      28, try: 3564000000000
emin+1: -7.434742e-03, e+1: -7.433275e-03, T: 1.8821e-07, no:      21, try: 3618000000000
emin+1: -7.434742e-03, e+1: -7.433573e-03, T: 1.5849e-07, no:     133, try: 3672000000000
emin+1: -7.434742e-03, e+1: -7.433819e-03, T: 1.1875e-07, no:      37, try: 3726000000000
emin+1: -7.434742e-03, e+1: -7.434009e-03, T: 1.0000e-07, no:     153, try: 3780000000000
emin+1: -7.434744e-03, e+1: -7.434164e-03, T: 7.4928e-08, no:      22, try: 3834000000000
emin+1: -7.434749e-03, e+1: -7.434283e-03, T: 6.3096e-08, no:      75, try: 3888000000000
emin+1: -7.434750e-03, e+1: -7.434382e-03, T: 4.7276e-08, no:      25, try: 3942000000000
emin+1: -7.434751e-03, e+1: -7.434458e-03, T: 3.9811e-08, no:       4, try: 3996000000000
emin+1: -7.434753e-03, e+1: -7.434521e-03, T: 2.9829e-08, no:      38, try: 4050000000000
emin+1: -7.434753e-03, e+1: -7.434568e-03, T: 2.5119e-08, no:     335, try: 4104000000000
emin+1: -7.434753e-03, e+1: -7.434608e-03, T: 1.8821e-08, no:      60, try: 4158000000000
emin+1: -7.434753e-03, e+1: -7.434638e-03, T: 1.5849e-08, no:     192, try: 4212000000000
emin+1: -7.434754e-03, e+1: -7.434663e-03, T: 1.1875e-08, no:      76, try: 4266000000000
emin+1: -7.434755e-03, e+1: -7.434682e-03, T: 1.0000e-08, no:     173, try: 4320000000000
emin+1: -7.434755e-03, e+1: -7.434697e-03, T: 7.4928e-09, no:      70, try: 4374000000000
emin+1: -7.434756e-03, e+1: -7.434709e-03, T: 6.3096e-09, no:     173, try: 4428000000000
emin+1: -7.434756e-03, e+1: -7.434719e-03, T: 4.7276e-09, no:     102, try: 4482000000000
emin+1: -7.434756e-03, e+1: -7.434727e-03, T: 3.9811e-09, no:     602, try: 4536000000000
emin+1: -7.434756e-03, e+1: -7.434733e-03, T: 2.9829e-09, no:    2626, try: 4590000000000
emin+1: -7.434756e-03, e+1: -7.434738e-03, T: 2.5119e-09, no:    4023, try: 4644000000000
emin+1: -7.434756e-03, e+1: -7.434742e-03, T: 1.8821e-09, no:     789, try: 4698000000000
emin+1: -7.434757e-03, e+1: -7.434745e-03, T: 1.5849e-09, no:    3064, try: 4752000000000
emin+1: -7.434757e-03, e+1: -7.434747e-03, T: 1.1875e-09, no:    1261, try: 4806000000000
emin+1: -7.434757e-03, e+1: -7.434749e-03, T: 1.0000e-09, no:    1037, try: 4860000000000
emin+1: -7.434757e-03, e+1: -7.434751e-03, T: 7.4928e-10, no:    1261, try: 4914000000000
emin+1: -7.434757e-03, e+1: -7.434752e-03, T: 6.3096e-10, no:     304, try: 4968000000000
emin+1: -7.434757e-03, e+1: -7.434753e-03, T: 4.7276e-10, no:    1314, try: 5022000000000
emin+1: -7.434757e-03, e+1: -7.434754e-03, T: 3.9811e-10, no:    1520, try: 5076000000000
emin+1: -7.434757e-03, e+1: -7.434754e-03, T: 2.9829e-10, no:      36, try: 5130000000000
emin+1: -7.434757e-03, e+1: -7.434755e-03, T: 2.5119e-10, no:       0, try: 5184000000000
emin+1: -7.434757e-03, e+1: -7.434755e-03, T: 1.8821e-10, no:      64, try: 5238000000000
emin+1: -7.434757e-03, e+1: -7.434756e-03, T: 1.5849e-10, no:    3303, try: 5292000000000
emin+1: -7.434757e-03, e+1: -7.434756e-03, T: 1.1875e-10, no:    1651, try: 5346000000000
emin+1: -7.434757e-03, e+1: -7.434756e-03, T: 1.0000e-10, no:    1540, try: 5400000000000
emin+1: -7.434757e-03, e+1: -7.434756e-03, T: 7.4928e-11, no:    3761, try: 5454000000000
emin+1: -7.434757e-03, e+1: -7.434756e-03, T: 6.3096e-11, no:     140, try: 5508000000000
emin+1: -7.434757e-03, e+1: -7.434757e-03, T: 4.7276e-11, no:     250, try: 5562000000000
emin+1: -7.434757e-03, e+1: -7.434757e-03, T: 3.9811e-11, no:    4285, try: 5616000000000
emin+1: -7.434757e-03, e+1: -7.434757e-03, T: 2.9829e-11, no:    2897, try: 5670000000000
emin+1: -7.434757e-03, e+1: -7.434757e-03, T: 2.5119e-11, no:    2585, try: 5724000000000
emin+1: -7.434757e-03, e+1: -7.434757e-03, T: 1.8821e-11, no:    9274, try: 5778000000000
emin+1: -7.434757e-03, e+1: -7.434757e-03, T: 1.5849e-11, no:     478, try: 5832000000000
emin+1: -7.434757e-03, e+1: -7.434757e-03, T: 1.1875e-11, no:     227, try: 5886000000000
emin+1: -7.434757e-03, e+1: -7.434757e-03, T: 1.0000e-11, no:    3218, try: 5940000000000
emin+1: -7.434757e-03, e+1: -7.434757e-03, T: 7.4928e-12, no:    8003, try: 5994000000000
emin+1: -7.434757e-03, e+1: -7.434757e-03, T: 6.3096e-12, no:   17344, try: 6048000000000
emin+1: -7.434757e-03, e+1: -7.434757e-03, T: 4.7276e-12, no:     706, try: 6102000000000
emin+1: -7.434757e-03, e+1: -7.434757e-03, T: 3.9811e-12, no:   14110, try: 6156000000000
emin+1: -7.434757e-03, e+1: -7.434757e-03, T: 2.9829e-12, no:   37680, try: 6210000000000
emin+1: -7.434757e-03, e+1: -7.434757e-03, T: 2.5119e-12, no:   26915, try: 6264000000000
emin+1: -7.434757e-03, e+1: -7.434757e-03, T: 1.8821e-12, no:   40069, try: 6318000000000
emin+1: -7.434757e-03, e+1: -7.434757e-03, T: 1.5849e-12, no:   12808, try: 6372000000000
emin+1: -7.434757e-03, e+1: -7.434757e-03, T: 1.1875e-12, no:   48949, try: 6426000000000
emin+1: -7.434757e-03, e+1: -7.434757e-03, T: 1.0000e-12, no:   37495, try: 6480000000000
emin+1: -7.434757e-03, e+1: -7.434757e-03, T: 7.4928e-13, no:   59079, try: 6534000000000
emin+1: -7.434757e-03, e+1: -7.434757e-03, T: 6.3096e-13, no:   54721, try: 6588000000000
emin+1: -7.434757e-03, e+1: -7.434757e-03, T: 4.7276e-13, no:   26880, try: 6642000000000
emin+1: -7.434757e-03, e+1: -7.434757e-03, T: 3.9811e-13, no:   57221, try: 6696000000000
emin+1: -7.434757e-03, e+1: -7.434757e-03, T: 2.9829e-13, no:   50979, try: 6750000000000
emin+1: -7.434757e-03, e+1: -7.434757e-03, T: 2.5119e-13, no:   91343, try: 6804000000000
emin+1: -7.434757e-03, e+1: -7.434757e-03, T: 1.8821e-13, no:  245085, try: 6858000000000
emin+1: -7.434757e-03, e+1: -7.434757e-03, T: 1.5849e-13, no:   34763, try: 6912000000000
emin+1: -7.434757e-03, e+1: -7.434757e-03, T: 1.1875e-13, no:   72919, try: 6966000000000
emin+1: -7.434757e-03, e+1: -7.434757e-03, T: 1.0000e-13, no:  266660, try: 7020000000000
emin+1: -7.434757e-03, e+1: -7.434757e-03, T: 7.4928e-14, no:    1838, try: 7074000000000
emin+1: -7.434757e-03, e+1: -7.434757e-03, T: 6.3096e-14, no:  277106, try: 7128000000000
emin+1: -7.434757e-03, e+1: -7.434757e-03, T: 4.7276e-14, no:  373183, try: 7182000000000
emin+1: -7.434757e-03, e+1: -7.434757e-03, T: 3.9811e-14, no:  176513, try: 7236000000000
emin+1: -7.434757e-03, e+1: -7.434757e-03, T: 2.9829e-14, no:   16610, try: 7290000000000
emin+1: -7.434757e-03, e+1: -7.434757e-03, T: 2.5119e-14, no:  196547, try: 7344000000000
emin+1: -7.434757e-03, e+1: -7.434757e-03, T: 1.8821e-14, no:   82489, try: 7398000000000
emin+1: -7.434757e-03, e+1: -7.434757e-03, T: 1.5849e-14, no:  213226, try: 7452000000000
emin+1: -7.434757e-03, e+1: -7.434757e-03, T: 1.1875e-14, no: 1371948, try: 7506000000000
emin+1: -7.434757e-03, e+1: -7.434757e-03, T: 1.0000e-14, no:  250801, try: 7560000000000
emin+1: -7.434757e-03, e+1: -7.434757e-03, T: 7.4928e-15, no:   20136, try: 7614000000000
emin+1: -7.434757e-03, e+1: -7.434757e-03, T: 6.3096e-15, no:   34188, try: 7668000000000
emin+1: -7.434757e-03, e+1: -7.434757e-03, T: 4.7276e-15, no:    1914, try: 7722000000000
emin+1: -7.434757e-03, e+1: -7.434757e-03, T: 3.9811e-15, no:  701872, try: 7776000000000
emin+1: -7.434757e-03, e+1: -7.434757e-03, T: 2.9829e-15, no:  305283, try: 7830000000000
emin+1: -7.434757e-03, e+1: -7.434757e-03, T: 2.5119e-15, no:  324211, try: 7884000000000
emin+1: -7.434757e-03, e+1: -7.434757e-03, T: 1.8821e-15, no:   35412, try: 7938000000000
emin+1: -7.434757e-03, e+1: -7.434757e-03, T: 1.5849e-15, no:   36738, try: 7992000000000
emin+1: -7.434757e-03, e+1: -7.434757e-03, T: 1.1875e-15, no:  102984, try: 8046000000000
emin+1: -7.434757e-03, e+1: -7.434757e-03, T: 1.0000e-15, no: 5673579, try: 8100000000000

Last chain: -1.007434756884276087730498150e+00
Best chain: -1.007434756884278824690462373e+00 (-1.007434756884278824690462373e+00)

Error: length:  0.000000000000000000000000000e+00, angle:  0.000000000000000000000000000e+00


Last chain: -1.007434756884276087730498150e+00
Best chain: -1.007434756884278824690462373e+00 (-1.007434756884278824690462373e+00)

Error: length:  0.000000000000000000000000000e+00, angle:  0.000000000000000000000000000e+00


