3 4
emin+1:  0.000000e+00, e+1:  0.000000e+00, T: 1.0000e+00
emin+1: -2.206503e-03, e+1:  2.116682e+00, T: 7.4928e-01, no:       1, try:   5400000000
emin+1: -2.206503e-03, e+1:  2.118172e+00, T: 6.3096e-01, no:       0, try:  10800000000
emin+1: -2.206503e-03, e+1:  2.120175e+00, T: 4.7276e-01, no:       0, try:  16200000000
emin+1: -4.093600e-03, e+1:  2.122604e+00, T: 3.9811e-01, no:       1, try:  21600000000
emin+1: -4.093600e-03, e+1:  2.126035e+00, T: 2.9829e-01, no:       1, try:  27000000000
emin+1: -4.093600e-03, e+1:  2.130117e+00, T: 2.5119e-01, no:       0, try:  32400000000
emin+1: -4.093600e-03, e+1:  2.136004e+00, T: 1.8821e-01, no:       1, try:  37800000000
emin+1: -4.178563e-03, e+1:  2.143129e+00, T: 1.5849e-01, no:       0, try:  43200000000
emin+1: -4.178563e-03, e+1:  2.153805e+00, T: 1.1875e-01, no:       1, try:  48600000000
emin+1: -4.178563e-03, e+1:  2.167076e+00, T: 1.0000e-01, no:       0, try:  54000000000
emin+1: -4.225321e-03, e+1:  2.187250e+00, T: 7.4928e-02, no:       1, try:  59400000000
emin+1: -4.705168e-03, e+1:  2.212371e+00, T: 6.3096e-02, no:       4, try:  64800000000
emin+1: -5.368973e-03, e+1:  2.248302e+00, T: 4.7276e-02, no:       0, try:  70200000000
emin+1: -5.368973e-03, e+1:  2.285887e+00, T: 3.9811e-02, no:       2, try:  75600000000
emin+1: -5.574010e-03, e+1:  2.319628e+00, T: 2.9829e-02, no:       0, try:  81000000000
emin+1: -5.990919e-03, e+1:  2.333335e+00, T: 2.5119e-02, no:       0, try:  86400000000
emin+1: -6.371831e-03, e+1:  2.322022e+00, T: 1.8821e-02, no:       2, try:  91800000000
emin+1: -6.371831e-03, e+1:  2.295774e+00, T: 1.5849e-02, no:       1, try:  97200000000
emin+1: -6.448590e-03, e+1:  2.253945e+00, T: 1.1875e-02, no:       0, try: 102600000000
emin+1: -6.671520e-03, e+1:  2.208460e+00, T: 1.0000e-02, no:       0, try: 108000000000
emin+1: -6.697793e-03, e+1:  2.153401e+00, T: 7.4928e-03, no:       0, try: 113400000000
emin+1: -6.877969e-03, e+1:  2.100050e+00, T: 6.3096e-03, no:       0, try: 118800000000
emin+1: -6.940870e-03, e+1:  2.040902e+00, T: 4.7276e-03, no:       1, try: 124200000000
emin+1: -7.023242e-03, e+1:  1.245828e-02, T: 3.9811e-03, no:       2, try: 129600000000
emin+1: -7.145644e-03, e+1:  9.239488e-03, T: 2.9829e-03, no:       0, try: 135000000000
emin+1: -7.145644e-03, e+1:  6.852623e-03, T: 2.5119e-03, no:       0, try: 140400000000
emin+1: -7.258644e-03, e+1:  4.842617e-03, T: 1.8821e-03, no:       1, try: 145800000000
emin+1: -7.258644e-03, e+1:  3.263390e-03, T: 1.5849e-03, no:       2, try: 151200000000
emin+1: -7.283218e-03, e+1:  1.768813e-03, T: 1.1875e-03, no:       1, try: 156600000000
emin+1: -7.305503e-03, e+1:  3.985287e-04, T: 1.0000e-03, no:       1, try: 162000000000
emin+1: -7.347189e-03, e+1: -1.122814e-03, T: 7.4928e-04, no:       1, try: 167400000000
emin+1: -7.355907e-03, e+1: -2.521554e-03, T: 6.3096e-04, no:      10, try: 172800000000
emin+1: -7.388914e-03, e+1: -3.710022e-03, T: 4.7276e-04, no:       6, try: 178200000000
emin+1: -7.393437e-03, e+1: -4.546457e-03, T: 3.9811e-04, no:       1, try: 183600000000
emin+1: -7.406138e-03, e+1: -5.188533e-03, T: 2.9829e-04, no:       0, try: 189000000000
emin+1: -7.406138e-03, e+1: -5.653988e-03, T: 2.5119e-04, no:       0, try: 194400000000
emin+1: -7.408659e-03, e+1: -6.033957e-03, T: 1.8821e-04, no:      12, try: 199800000000
emin+1: -7.410236e-03, e+1: -6.319929e-03, T: 1.5849e-04, no:       0, try: 205200000000
emin+1: -7.419637e-03, e+1: -6.554921e-03, T: 1.1875e-04, no:      14, try: 210600000000
emin+1: -7.424380e-03, e+1: -6.732800e-03, T: 1.0000e-04, no:       0, try: 216000000000
emin+1: -7.424534e-03, e+1: -6.879980e-03, T: 7.4928e-05, no:       5, try: 221400000000
emin+1: -7.426760e-03, e+1: -6.991259e-03, T: 6.3096e-05, no:       2, try: 226800000000
emin+1: -7.427340e-03, e+1: -7.084368e-03, T: 4.7276e-05, no:       0, try: 232200000000
emin+1: -7.431782e-03, e+1: -7.154418e-03, T: 3.9811e-05, no:       2, try: 237600000000
emin+1: -7.431782e-03, e+1: -7.213288e-03, T: 2.9829e-05, no:      25, try: 243000000000
emin+1: -7.431782e-03, e+1: -7.257648e-03, T: 2.5119e-05, no:       1, try: 248400000000
emin+1: -7.432675e-03, e+1: -7.294530e-03, T: 1.8821e-05, no:      11, try: 253800000000
emin+1: -7.432675e-03, e+1: -7.322595e-03, T: 1.5849e-05, no:       8, try: 259200000000
emin+1: -7.432884e-03, e+1: -7.345893e-03, T: 1.1875e-05, no:       7, try: 264600000000
emin+1: -7.433144e-03, e+1: -7.363638e-03, T: 1.0000e-05, no:       0, try: 270000000000
emin+1: -7.433466e-03, e+1: -7.378353e-03, T: 7.4928e-06, no:       3, try: 275400000000
emin+1: -7.433660e-03, e+1: -7.389695e-03, T: 6.3096e-06, no:       3, try: 280800000000
emin+1: -7.434034e-03, e+1: -7.399012e-03, T: 4.7276e-06, no:       1, try: 286200000000
emin+1: -7.434279e-03, e+1: -7.406134e-03, T: 3.9811e-06, no:      17, try: 291600000000
emin+1: -7.434279e-03, e+1: -7.412057e-03, T: 2.9829e-06, no:      19, try: 297000000000
emin+1: -7.434279e-03, e+1: -7.416587e-03, T: 2.5119e-06, no:       9, try: 302400000000
emin+1: -7.434515e-03, e+1: -7.420349e-03, T: 1.8821e-06, no:      19, try: 307800000000
emin+1: -7.434515e-03, e+1: -7.423193e-03, T: 1.5849e-06, no:      32, try: 313200000000
emin+1: -7.434515e-03, e+1: -7.425565e-03, T: 1.1875e-06, no:       8, try: 318600000000
emin+1: -7.434515e-03, e+1: -7.427404e-03, T: 1.0000e-06, no:       5, try: 324000000000
emin+1: -7.434574e-03, e+1: -7.428919e-03, T: 7.4928e-07, no:      98, try: 329400000000
emin+1: -7.434663e-03, e+1: -7.430099e-03, T: 6.3096e-07, no:       5, try: 334800000000
emin+1: -7.434663e-03, e+1: -7.431057e-03, T: 4.7276e-07, no:      34, try: 340200000000
emin+1: -7.434663e-03, e+1: -7.431803e-03, T: 3.9811e-07, no:      89, try: 345600000000
emin+1: -7.434714e-03, e+1: -7.432407e-03, T: 2.9829e-07, no:      72, try: 351000000000
emin+1: -7.434714e-03, e+1: -7.432887e-03, T: 2.5119e-07, no:      41, try: 356400000000
emin+1: -7.434714e-03, e+1: -7.433274e-03, T: 1.8821e-07, no:       1, try: 361800000000
emin+1: -7.434714e-03, e+1: -7.433569e-03, T: 1.5849e-07, no:     202, try: 367200000000
emin+1: -7.434725e-03, e+1: -7.433818e-03, T: 1.1875e-07, no:      79, try: 372600000000
emin+1: -7.434731e-03, e+1: -7.434008e-03, T: 1.0000e-07, no:      15, try: 378000000000
emin+1: -7.434739e-03, e+1: -7.434164e-03, T: 7.4928e-08, no:      94, try: 383400000000
emin+1: -7.434739e-03, e+1: -7.434284e-03, T: 6.3096e-08, no:      45, try: 388800000000
emin+1: -7.434743e-03, e+1: -7.434383e-03, T: 4.7276e-08, no:     193, try: 394200000000
emin+1: -7.434748e-03, e+1: -7.434459e-03, T: 3.9811e-08, no:      21, try: 399600000000
emin+1: -7.434748e-03, e+1: -7.434520e-03, T: 2.9829e-08, no:     105, try: 405000000000
emin+1: -7.434748e-03, e+1: -7.434569e-03, T: 2.5119e-08, no:     131, try: 410400000000
emin+1: -7.434751e-03, e+1: -7.434606e-03, T: 1.8821e-08, no:     101, try: 415800000000
emin+1: -7.434753e-03, e+1: -7.434638e-03, T: 1.5849e-08, no:      25, try: 421200000000
emin+1: -7.434754e-03, e+1: -7.434663e-03, T: 1.1875e-08, no:     803, try: 426600000000
emin+1: -7.434754e-03, e+1: -7.434681e-03, T: 1.0000e-08, no:     837, try: 432000000000
emin+1: -7.434755e-03, e+1: -7.434698e-03, T: 7.4928e-09, no:     121, try: 437400000000
emin+1: -7.434755e-03, e+1: -7.434710e-03, T: 6.3096e-09, no:     205, try: 442800000000
emin+1: -7.434756e-03, e+1: -7.434720e-03, T: 4.7276e-09, no:     648, try: 448200000000
emin+1: -7.434756e-03, e+1: -7.434727e-03, T: 3.9811e-09, no:     584, try: 453600000000
emin+1: -7.434756e-03, e+1: -7.434733e-03, T: 2.9829e-09, no:      97, try: 459000000000
emin+1: -7.434756e-03, e+1: -7.434738e-03, T: 2.5119e-09, no:     216, try: 464400000000
emin+1: -7.434756e-03, e+1: -7.434742e-03, T: 1.8821e-09, no:     617, try: 469800000000
emin+1: -7.434756e-03, e+1: -7.434745e-03, T: 1.5849e-09, no:     595, try: 475200000000
emin+1: -7.434757e-03, e+1: -7.434747e-03, T: 1.1875e-09, no:      20, try: 480600000000
emin+1: -7.434757e-03, e+1: -7.434749e-03, T: 1.0000e-09, no:    1267, try: 486000000000
emin+1: -7.434757e-03, e+1: -7.434751e-03, T: 7.4928e-10, no:    6408, try: 491400000000
emin+1: -7.434757e-03, e+1: -7.434752e-03, T: 6.3096e-10, no:    2575, try: 496800000000
emin+1: -7.434757e-03, e+1: -7.434753e-03, T: 4.7276e-10, no:    1786, try: 502200000000
emin+1: -7.434757e-03, e+1: -7.434754e-03, T: 3.9811e-10, no:     380, try: 507600000000
emin+1: -7.434757e-03, e+1: -7.434755e-03, T: 2.9829e-10, no:    1220, try: 513000000000
emin+1: -7.434757e-03, e+1: -7.434755e-03, T: 2.5119e-10, no:    2926, try: 518400000000
emin+1: -7.434757e-03, e+1: -7.434755e-03, T: 1.8821e-10, no:    2759, try: 523800000000
emin+1: -7.434757e-03, e+1: -7.434756e-03, T: 1.5849e-10, no:    5626, try: 529200000000
emin+1: -7.434757e-03, e+1: -7.434756e-03, T: 1.1875e-10, no:    7226, try: 534600000000
emin+1: -7.434757e-03, e+1: -7.434756e-03, T: 1.0000e-10, no:    6759, try: 540000000000
emin+1: -7.434757e-03, e+1: -7.434756e-03, T: 7.4928e-11, no:    1953, try: 545400000000
emin+1: -7.434757e-03, e+1: -7.434756e-03, T: 6.3096e-11, no:    7831, try: 550800000000
emin+1: -7.434757e-03, e+1: -7.434757e-03, T: 4.7276e-11, no:    1232, try: 556200000000
emin+1: -7.434757e-03, e+1: -7.434757e-03, T: 3.9811e-11, no:   19938, try: 561600000000
emin+1: -7.434757e-03, e+1: -7.434757e-03, T: 2.9829e-11, no:     935, try: 567000000000
emin+1: -7.434757e-03, e+1: -7.434757e-03, T: 2.5119e-11, no:    5374, try: 572400000000
emin+1: -7.434757e-03, e+1: -7.434757e-03, T: 1.8821e-11, no:     968, try: 577800000000
emin+1: -7.434757e-03, e+1: -7.434757e-03, T: 1.5849e-11, no:     192, try: 583200000000
emin+1: -7.434757e-03, e+1: -7.434757e-03, T: 1.1875e-11, no:   11300, try: 588600000000
emin+1: -7.434757e-03, e+1: -7.434757e-03, T: 1.0000e-11, no:    4544, try: 594000000000
emin+1: -7.434757e-03, e+1: -7.434757e-03, T: 7.4928e-12, no:    1234, try: 599400000000
emin+1: -7.434757e-03, e+1: -7.434757e-03, T: 6.3096e-12, no:   56917, try: 604800000000
emin+1: -7.434757e-03, e+1: -7.434757e-03, T: 4.7276e-12, no:   13467, try: 610200000000
emin+1: -7.434757e-03, e+1: -7.434757e-03, T: 3.9811e-12, no:   81797, try: 615600000000
emin+1: -7.434757e-03, e+1: -7.434757e-03, T: 2.9829e-12, no:    2612, try: 621000000000
emin+1: -7.434757e-03, e+1: -7.434757e-03, T: 2.5119e-12, no:    1263, try: 626400000000
emin+1: -7.434757e-03, e+1: -7.434757e-03, T: 1.8821e-12, no:     184, try: 631800000000
emin+1: -7.434757e-03, e+1: -7.434757e-03, T: 1.5849e-12, no:   16644, try: 637200000000
emin+1: -7.434757e-03, e+1: -7.434757e-03, T: 1.1875e-12, no:   10450, try: 642600000000
emin+1: -7.434757e-03, e+1: -7.434757e-03, T: 1.0000e-12, no:   67557, try: 648000000000
emin+1: -7.434757e-03, e+1: -7.434757e-03, T: 7.4928e-13, no:   57131, try: 653400000000
emin+1: -7.434757e-03, e+1: -7.434757e-03, T: 6.3096e-13, no:    1445, try: 658800000000
emin+1: -7.434757e-03, e+1: -7.434757e-03, T: 4.7276e-13, no:   66901, try: 664200000000
emin+1: -7.434757e-03, e+1: -7.434757e-03, T: 3.9811e-13, no:   60433, try: 669600000000
emin+1: -7.434757e-03, e+1: -7.434757e-03, T: 2.9829e-13, no:   95263, try: 675000000000
emin+1: -7.434757e-03, e+1: -7.434757e-03, T: 2.5119e-13, no:   59032, try: 680400000000
emin+1: -7.434757e-03, e+1: -7.434757e-03, T: 1.8821e-13, no:   97392, try: 685800000000
emin+1: -7.434757e-03, e+1: -7.434757e-03, T: 1.5849e-13, no:    2849, try: 691200000000
emin+1: -7.434757e-03, e+1: -7.434757e-03, T: 1.1875e-13, no:   16959, try: 696600000000
emin+1: -7.434757e-03, e+1: -7.434757e-03, T: 1.0000e-13, no:  178569, try: 702000000000
emin+1: -7.434757e-03, e+1: -7.434757e-03, T: 7.4928e-14, no:  117477, try: 707400000000
emin+1: -7.434757e-03, e+1: -7.434757e-03, T: 6.3096e-14, no:   57232, try: 712800000000
emin+1: -7.434757e-03, e+1: -7.434757e-03, T: 4.7276e-14, no:  145630, try: 718200000000
emin+1: -7.434757e-03, e+1: -7.434757e-03, T: 3.9811e-14, no:   81121, try: 723600000000
emin+1: -7.434757e-03, e+1: -7.434757e-03, T: 2.9829e-14, no:  243284, try: 729000000000
emin+1: -7.434757e-03, e+1: -7.434757e-03, T: 2.5119e-14, no:    2639, try: 734400000000
emin+1: -7.434757e-03, e+1: -7.434757e-03, T: 1.8821e-14, no:  102532, try: 739800000000
emin+1: -7.434757e-03, e+1: -7.434757e-03, T: 1.5849e-14, no:   78337, try: 745200000000
emin+1: -7.434757e-03, e+1: -7.434757e-03, T: 1.1875e-14, no:  119062, try: 750600000000
emin+1: -7.434757e-03, e+1: -7.434757e-03, T: 1.0000e-14, no:  901446, try: 756000000000
emin+1: -7.434757e-03, e+1: -7.434757e-03, T: 7.4928e-15, no:  105465, try: 761400000000
emin+1: -7.434757e-03, e+1: -7.434757e-03, T: 6.3096e-15, no:  131084, try: 766800000000
emin+1: -7.434757e-03, e+1: -7.434757e-03, T: 4.7276e-15, no:   55776, try: 772200000000
emin+1: -7.434757e-03, e+1: -7.434757e-03, T: 3.9811e-15, no:  573061, try: 777600000000
emin+1: -7.434757e-03, e+1: -7.434757e-03, T: 2.9829e-15, no:  245585, try: 783000000000
emin+1: -7.434757e-03, e+1: -7.434757e-03, T: 2.5119e-15, no:   41003, try: 788400000000
emin+1: -7.434757e-03, e+1: -7.434757e-03, T: 1.8821e-15, no:   77623, try: 793800000000
emin+1: -7.434757e-03, e+1: -7.434757e-03, T: 1.5849e-15, no:   84376, try: 799200000000
emin+1: -7.434757e-03, e+1: -7.434757e-03, T: 1.1875e-15, no:  121785, try: 804600000000
emin+1: -7.434757e-03, e+1: -7.434757e-03, T: 1.0000e-15, no: 1759623, try: 810000000000

Last chain: -1.007434756884271667221400492e+00
Best chain: -1.007434756884278547676807303e+00 (-1.007434756884278547676807303e+00)

Error: length:  0.000000000000000000000000000e+00, angle:  0.000000000000000000000000000e+00


Last chain: -1.007434756884271667221400492e+00
Best chain: -1.007434756884278547676807303e+00 (-1.007434756884278547676807303e+00)

Error: length:  0.000000000000000000000000000e+00, angle:  0.000000000000000000000000000e+00


