
 5  6   1.000093091327890504576951514
 5  7   1.012102089114105239807221703
 5  8   1.066018271606392128140854136
 5  9   1.140262090654496671127127172
 5 10    3.552714e-15
 5 11   1.415196605015327034398850414
 5 12   1.428879343691458318993219023
 5 13   1.463698740359207170176961132
 5 14   1.516640245873419972646133080
 5 15    4.662937e-15
 5 16   1.733304378902671424129630640
 5 17   1.744946424417632507191180946
 5 18   1.773235983012039499806880571
 5 19   1.816644608999050599881276702
 5 20    7.105427e-15
 5 21   2.001578270185241716170448933
 5 22   2.011178267553217597143899731
 5 23   2.035771561706077730901504053
 5 24   2.073691788912990798454324959
 5 25    6.661338e-15
 5 26   2.237636822984704308703296505
 5 27   2.246071687240178102332524568
 5 28   2.267689132702935946635930398
 5 29   2.302215809911094353355093256
 5 30    7.105427e-15
 5 31   2.451059628927382481357322153
 5 32   2.458625230428693055279368296
 5 33   2.478783139254491480352876609
 5 34   2.510019449208491012798943887
 5 35    8.881784e-15
 5 36   2.647300827990626186829795086
 5 37   2.654211375030722932805843373
 5 38   2.672529513886293047212824869
 5 39   2.701887791046184676344021902
 5 40    8.881784e-15
 5 41   2.829876619764940405121061984
 5 42   2.836342367112917543098271622
