3 4
emin+1:  0.000000e+00, e+1:  0.000000e+00, T: 1.0000e+00
emin+1:  0.000000e+00, e+1:  3.398009e-01, T: 7.4928e-01, no:       0, try:      5400000
emin+1:  0.000000e+00, e+1:  3.395158e-01, T: 6.3096e-01, no:       0, try:     10800000
emin+1:  0.000000e+00, e+1:  3.378882e-01, T: 4.7276e-01, no:       2, try:     16200000
emin+1:  0.000000e+00, e+1:  3.360558e-01, T: 3.9811e-01, no:       0, try:     21600000
emin+1:  0.000000e+00, e+1:  3.339272e-01, T: 2.9829e-01, no:       1, try:     27000000
emin+1:  0.000000e+00, e+1:  3.311722e-01, T: 2.5119e-01, no:       0, try:     32400000
emin+1:  0.000000e+00, e+1:  3.269625e-01, T: 1.8821e-01, no:       3, try:     37800000
emin+1:  0.000000e+00, e+1:  3.224022e-01, T: 1.5849e-01, no:       0, try:     43200000
emin+1:  0.000000e+00, e+1:  3.135287e-01, T: 1.1875e-01, no:       0, try:     48600000
emin+1: -4.549228e-04, e+1:  3.053275e-01, T: 1.0000e-01, no:       0, try:     54000000
emin+1: -4.549228e-04, e+1:  2.895863e-01, T: 7.4928e-02, no:       1, try:     59400000
emin+1: -4.549228e-04, e+1:  2.703890e-01, T: 6.3096e-02, no:       1, try:     64800000
emin+1: -4.549228e-04, e+1:  2.379646e-01, T: 4.7276e-02, no:       0, try:     70200000
emin+1: -3.163694e-03, e+1:  1.984934e-01, T: 3.9811e-02, no:       0, try:     75600000
emin+1: -3.163694e-03, e+1:  1.552506e-01, T: 2.9829e-02, no:       2, try:     81000000
emin+1: -3.163694e-03, e+1:  1.155136e-01, T: 2.5119e-02, no:       3, try:     86400000
emin+1: -3.825660e-03, e+1:  8.521468e-02, T: 1.8821e-02, no:       2, try:     91800000
emin+1: -3.825660e-03, e+1:  6.417837e-02, T: 1.5849e-02, no:       0, try:     97200000
emin+1: -4.307541e-03, e+1:  4.875769e-02, T: 1.1875e-02, no:       1, try:    102600000
emin+1: -5.185269e-03, e+1:  3.728263e-02, T: 1.0000e-02, no:       0, try:    108000000
emin+1: -5.973088e-03, e+1:  2.819927e-02, T: 7.4928e-03, no:       3, try:    113400000
emin+1: -5.973088e-03, e+1:  2.176704e-02, T: 6.3096e-03, no:       0, try:    118800000
emin+1: -6.055001e-03, e+1:  1.639600e-02, T: 4.7276e-03, no:       1, try:    124200000
emin+1: -6.055001e-03, e+1:  1.245517e-02, T: 3.9811e-03, no:       3, try:    129600000
emin+1: -6.055001e-03, e+1:  9.225828e-03, T: 2.9829e-03, no:       0, try:    135000000
emin+1: -6.404973e-03, e+1:  6.866770e-03, T: 2.5119e-03, no:       1, try:    140400000
emin+1: -6.578206e-03, e+1:  4.914402e-03, T: 1.8821e-03, no:       1, try:    145800000
emin+1: -6.721809e-03, e+1:  3.429362e-03, T: 1.5849e-03, no:       0, try:    151200000
emin+1: -6.916699e-03, e+1:  1.746683e-03, T: 1.1875e-03, no:       6, try:    156600000
emin+1: -7.045598e-03, e+1:  3.849266e-04, T: 1.0000e-03, no:       2, try:    162000000
emin+1: -7.104420e-03, e+1: -1.235451e-03, T: 7.4928e-04, no:       3, try:    167400000
emin+1: -7.270733e-03, e+1: -2.398197e-03, T: 6.3096e-04, no:       1, try:    172800000
emin+1: -7.302555e-03, e+1: -3.500919e-03, T: 4.7276e-04, no:       2, try:    178200000
emin+1: -7.302555e-03, e+1: -4.538827e-03, T: 3.9811e-04, no:       0, try:    183600000
emin+1: -7.332742e-03, e+1: -5.196003e-03, T: 2.9829e-04, no:       2, try:    189000000
emin+1: -7.349097e-03, e+1: -5.672452e-03, T: 2.5119e-04, no:       9, try:    194400000
emin+1: -7.368674e-03, e+1: -6.059275e-03, T: 1.8821e-04, no:       0, try:    199800000
emin+1: -7.370639e-03, e+1: -6.320800e-03, T: 1.5849e-04, no:      16, try:    205200000
emin+1: -7.388855e-03, e+1: -6.564250e-03, T: 1.1875e-04, no:       7, try:    210600000
emin+1: -7.392568e-03, e+1: -6.726545e-03, T: 1.0000e-04, no:       4, try:    216000000
emin+1: -7.412769e-03, e+1: -6.888350e-03, T: 7.4928e-05, no:       5, try:    221400000
emin+1: -7.412769e-03, e+1: -6.992630e-03, T: 6.3096e-05, no:       0, try:    226800000

