2 3
emin+1:  0.000000e+00, e+1:  0.000000e+00, T: 1.0000e+00
emin+1: -5.328196e-02, e+1:  1.781128e-01, T: 7.4928e-01, no:       1, try:       180000
emin+1: -5.615023e-02, e+1:  1.720262e-01, T: 6.3096e-01, no:       5, try:       360000
emin+1: -5.615023e-02, e+1:  1.739548e-01, T: 4.7276e-01, no:       1, try:       540000
emin+1: -5.785450e-02, e+1:  1.701218e-01, T: 3.9811e-01, no:       0, try:       720000
emin+1: -5.862764e-02, e+1:  1.637203e-01, T: 2.9829e-01, no:       0, try:       900000
emin+1: -5.862764e-02, e+1:  1.555566e-01, T: 2.5119e-01, no:       0, try:      1080000
emin+1: -5.862764e-02, e+1:  1.518431e-01, T: 1.8821e-01, no:       0, try:      1260000
emin+1: -5.862764e-02, e+1:  1.408224e-01, T: 1.5849e-01, no:       0, try:      1440000
emin+1: -5.862764e-02, e+1:  1.263345e-01, T: 1.1875e-01, no:       2, try:      1620000
emin+1: -5.862764e-02, e+1:  1.157748e-01, T: 1.0000e-01, no:       2, try:      1800000
emin+1: -5.862764e-02, e+1:  9.922649e-02, T: 7.4928e-02, no:       0, try:      1980000
emin+1: -5.862764e-02, e+1:  7.514641e-02, T: 6.3096e-02, no:       0, try:      2160000
emin+1: -5.931122e-02, e+1:  6.099844e-02, T: 4.7276e-02, no:       1, try:      2340000
emin+1: -5.931122e-02, e+1:  4.317504e-02, T: 3.9811e-02, no:       0, try:      2520000
emin+1: -5.931122e-02, e+1:  3.138442e-02, T: 2.9829e-02, no:       0, try:      2700000
emin+1: -5.931122e-02, e+1:  1.672966e-02, T: 2.5119e-02, no:       0, try:      2880000
emin+1: -5.931122e-02, e+1:  8.210287e-03, T: 1.8821e-02, no:       0, try:      3060000
emin+1: -5.982040e-02, e+1: -4.494975e-03, T: 1.5849e-02, no:       0, try:      3240000
emin+1: -5.982040e-02, e+1: -9.487681e-03, T: 1.1875e-02, no:       3, try:      3420000
emin+1: -6.046259e-02, e+1: -1.697254e-02, T: 1.0000e-02, no:       1, try:      3600000
emin+1: -6.052554e-02, e+1: -2.659198e-02, T: 7.4928e-03, no:       3, try:      3780000
emin+1: -6.052554e-02, e+1: -3.425050e-02, T: 6.3096e-03, no:       1, try:      3960000
emin+1: -6.052554e-02, e+1: -4.235568e-02, T: 4.7276e-03, no:       2, try:      4140000
emin+1: -6.052554e-02, e+1: -4.645794e-02, T: 3.9811e-03, no:       0, try:      4320000
emin+1: -6.052554e-02, e+1: -4.854440e-02, T: 2.9829e-03, no:       6, try:      4500000
emin+1: -6.053268e-02, e+1: -5.108640e-02, T: 2.5119e-03, no:       4, try:      4680000
emin+1: -6.058347e-02, e+1: -5.347976e-02, T: 1.8821e-03, no:       4, try:      4860000
emin+1: -6.058347e-02, e+1: -5.491444e-02, T: 1.5849e-03, no:       0, try:      5040000
emin+1: -6.058347e-02, e+1: -5.596265e-02, T: 1.1875e-03, no:       0, try:      5220000
emin+1: -6.060097e-02, e+1: -5.693445e-02, T: 1.0000e-03, no:      11, try:      5400000
emin+1: -6.062835e-02, e+1: -5.773390e-02, T: 7.4928e-04, no:       1, try:      5580000
emin+1: -6.062835e-02, e+1: -5.835629e-02, T: 6.3096e-04, no:       3, try:      5760000
emin+1: -6.062835e-02, e+1: -5.881349e-02, T: 4.7276e-04, no:       2, try:      5940000
emin+1: -6.062835e-02, e+1: -5.920679e-02, T: 3.9811e-04, no:       9, try:      6120000
emin+1: -6.064024e-02, e+1: -5.947077e-02, T: 2.9829e-04, no:       6, try:      6300000
emin+1: -6.064024e-02, e+1: -5.969729e-02, T: 2.5119e-04, no:       2, try:      6480000
emin+1: -6.064296e-02, e+1: -5.990061e-02, T: 1.8821e-04, no:       0, try:      6660000
emin+1: -6.065185e-02, e+1: -6.006036e-02, T: 1.5849e-04, no:       2, try:      6840000
emin+1: -6.065185e-02, e+1: -6.017082e-02, T: 1.1875e-04, no:      39, try:      7020000
emin+1: -6.065185e-02, e+1: -6.026609e-02, T: 1.0000e-04, no:      18, try:      7200000
emin+1: -6.065185e-02, e+1: -6.035514e-02, T: 7.4928e-05, no:       4, try:      7380000
emin+1: -6.065362e-02, e+1: -6.040846e-02, T: 6.3096e-05, no:      14, try:      7560000
emin+1: -6.065362e-02, e+1: -6.046424e-02, T: 4.7276e-05, no:       8, try:      7740000
emin+1: -6.065844e-02, e+1: -6.049754e-02, T: 3.9811e-05, no:      31, try:      7920000
emin+1: -6.065844e-02, e+1: -6.053693e-02, T: 2.9829e-05, no:      17, try:      8100000
emin+1: -6.065872e-02, e+1: -6.055742e-02, T: 2.5119e-05, no:      52, try:      8280000
emin+1: -6.065889e-02, e+1: -6.058432e-02, T: 1.8821e-05, no:      25, try:      8460000
emin+1: -6.065889e-02, e+1: -6.059740e-02, T: 1.5849e-05, no:       9, try:      8640000
emin+1: -6.065889e-02, e+1: -6.060604e-02, T: 1.1875e-05, no:       0, try:      8820000
emin+1: -6.065889e-02, e+1: -6.062094e-02, T: 1.0000e-05, no:      12, try:      9000000
emin+1: -6.065889e-02, e+1: -6.062876e-02, T: 7.4928e-06, no:      44, try:      9180000
emin+1: -6.065946e-02, e+1: -6.063516e-02, T: 6.3096e-06, no:     161, try:      9360000
emin+1: -6.065982e-02, e+1: -6.064117e-02, T: 4.7276e-06, no:      29, try:      9540000
emin+1: -6.065982e-02, e+1: -6.064445e-02, T: 3.9811e-06, no:      33, try:      9720000
emin+1: -6.065982e-02, e+1: -6.064750e-02, T: 2.9829e-06, no:      36, try:      9900000
emin+1: -6.065982e-02, e+1: -6.064990e-02, T: 2.5119e-06, no:       4, try:     10080000
emin+1: -6.065982e-02, e+1: -6.065238e-02, T: 1.8821e-06, no:      32, try:     10260000
emin+1: -6.065982e-02, e+1: -6.065394e-02, T: 1.5849e-06, no:     297, try:     10440000
emin+1: -6.066001e-02, e+1: -6.065504e-02, T: 1.1875e-06, no:      66, try:     10620000
emin+1: -6.066001e-02, e+1: -6.065602e-02, T: 1.0000e-06, no:      84, try:     10800000
emin+1: -6.066007e-02, e+1: -6.065705e-02, T: 7.4928e-07, no:     174, try:     10980000
emin+1: -6.066010e-02, e+1: -6.065790e-02, T: 6.3096e-07, no:       0, try:     11160000
emin+1: -6.066010e-02, e+1: -6.065822e-02, T: 4.7276e-07, no:       8, try:     11340000
emin+1: -6.066011e-02, e+1: -6.065853e-02, T: 3.9811e-07, no:     182, try:     11520000
emin+1: -6.066011e-02, e+1: -6.065867e-02, T: 2.9829e-07, no:      19, try:     11700000
emin+1: -6.066011e-02, e+1: -6.065917e-02, T: 2.5119e-07, no:      20, try:     11880000
emin+1: -6.066013e-02, e+1: -6.065945e-02, T: 1.8821e-07, no:     137, try:     12060000
emin+1: -6.066013e-02, e+1: -6.065949e-02, T: 1.5849e-07, no:     113, try:     12240000
emin+1: -6.066014e-02, e+1: -6.065964e-02, T: 1.1875e-07, no:     445, try:     12420000
emin+1: -6.066014e-02, e+1: -6.065973e-02, T: 1.0000e-07, no:     607, try:     12600000
emin+1: -6.066015e-02, e+1: -6.065991e-02, T: 7.4928e-08, no:    1784, try:     12780000
emin+1: -6.066015e-02, e+1: -6.065997e-02, T: 6.3096e-08, no:     250, try:     12960000
emin+1: -6.066016e-02, e+1: -6.065999e-02, T: 4.7276e-08, no:      94, try:     13140000
emin+1: -6.066016e-02, e+1: -6.066001e-02, T: 3.9811e-08, no:     738, try:     13320000
emin+1: -6.066016e-02, e+1: -6.066004e-02, T: 2.9829e-08, no:     237, try:     13500000
emin+1: -6.066016e-02, e+1: -6.066008e-02, T: 2.5119e-08, no:    1162, try:     13680000
emin+1: -6.066016e-02, e+1: -6.066009e-02, T: 1.8821e-08, no:     287, try:     13860000
emin+1: -6.066017e-02, e+1: -6.066009e-02, T: 1.5849e-08, no:    1439, try:     14040000
emin+1: -6.066017e-02, e+1: -6.066013e-02, T: 1.1875e-08, no:       4, try:     14220000
emin+1: -6.066017e-02, e+1: -6.066012e-02, T: 1.0000e-08, no:      33, try:     14400000
emin+1: -6.066017e-02, e+1: -6.066015e-02, T: 7.4928e-09, no:    1188, try:     14580000
emin+1: -6.066017e-02, e+1: -6.066014e-02, T: 6.3096e-09, no:      67, try:     14760000
emin+1: -6.066017e-02, e+1: -6.066015e-02, T: 4.7276e-09, no:      20, try:     14940000
emin+1: -6.066017e-02, e+1: -6.066016e-02, T: 3.9811e-09, no:       2, try:     15120000
emin+1: -6.066017e-02, e+1: -6.066016e-02, T: 2.9829e-09, no:    3096, try:     15300000
emin+1: -6.066017e-02, e+1: -6.066016e-02, T: 2.5119e-09, no:    1425, try:     15480000
emin+1: -6.066017e-02, e+1: -6.066017e-02, T: 1.8821e-09, no:    1984, try:     15660000
emin+1: -6.066017e-02, e+1: -6.066017e-02, T: 1.5849e-09, no:    3125, try:     15840000
emin+1: -6.066017e-02, e+1: -6.066017e-02, T: 1.1875e-09, no:     566, try:     16020000
emin+1: -6.066017e-02, e+1: -6.066017e-02, T: 1.0000e-09, no:    2408, try:     16200000
emin+1: -6.066017e-02, e+1: -6.066017e-02, T: 7.4928e-10, no:     705, try:     16380000
emin+1: -6.066017e-02, e+1: -6.066017e-02, T: 6.3096e-10, no:    4834, try:     16560000
emin+1: -6.066017e-02, e+1: -6.066017e-02, T: 4.7276e-10, no:    5631, try:     16740000
emin+1: -6.066017e-02, e+1: -6.066017e-02, T: 3.9811e-10, no:    1049, try:     16920000
emin+1: -6.066017e-02, e+1: -6.066017e-02, T: 2.9829e-10, no:    3284, try:     17100000
emin+1: -6.066017e-02, e+1: -6.066017e-02, T: 2.5119e-10, no:    7383, try:     17280000
emin+1: -6.066017e-02, e+1: -6.066017e-02, T: 1.8821e-10, no:    1180, try:     17460000
emin+1: -6.066017e-02, e+1: -6.066017e-02, T: 1.5849e-10, no:    5022, try:     17640000
emin+1: -6.066017e-02, e+1: -6.066017e-02, T: 1.1875e-10, no:    5993, try:     17820000
emin+1: -6.066017e-02, e+1: -6.066017e-02, T: 1.0000e-10, no:   30115, try:     18000000
emin+1: -6.066017e-02, e+1: -6.066017e-02, T: 7.4928e-11, no:    5856, try:     18180000
emin+1: -6.066017e-02, e+1: -6.066017e-02, T: 6.3096e-11, no:   19408, try:     18360000
emin+1: -6.066017e-02, e+1: -6.066017e-02, T: 4.7276e-11, no:    4814, try:     18540000
emin+1: -6.066017e-02, e+1: -6.066017e-02, T: 3.9811e-11, no:   10707, try:     18720000
emin+1: -6.066017e-02, e+1: -6.066017e-02, T: 2.9829e-11, no:   45940, try:     18900000
emin+1: -6.066017e-02, e+1: -6.066017e-02, T: 2.5119e-11, no:    4834, try:     19080000
emin+1: -6.066017e-02, e+1: -6.066017e-02, T: 1.8821e-11, no:    5067, try:     19260000
emin+1: -6.066017e-02, e+1: -6.066017e-02, T: 1.5849e-11, no:   24019, try:     19440000
emin+1: -6.066017e-02, e+1: -6.066017e-02, T: 1.1875e-11, no:    7011, try:     19620000
emin+1: -6.066017e-02, e+1: -6.066017e-02, T: 1.0000e-11, no:    4440, try:     19800000
emin+1: -6.066017e-02, e+1: -6.066017e-02, T: 7.4928e-12, no:    9261, try:     19980000
emin+1: -6.066017e-02, e+1: -6.066017e-02, T: 6.3096e-12, no:      80, try:     20160000
emin+1: -6.066017e-02, e+1: -6.066017e-02, T: 4.7276e-12, no:   26701, try:     20340000
emin+1: -6.066017e-02, e+1: -6.066017e-02, T: 3.9811e-12, no:    8392, try:     20520000
emin+1: -6.066017e-02, e+1: -6.066017e-02, T: 2.9829e-12, no:   15926, try:     20700000
emin+1: -6.066017e-02, e+1: -6.066017e-02, T: 2.5119e-12, no:    4121, try:     20880000
emin+1: -6.066017e-02, e+1: -6.066017e-02, T: 1.8821e-12, no:     241, try:     21060000
emin+1: -6.066017e-02, e+1: -6.066017e-02, T: 1.5849e-12, no:    7438, try:     21240000
emin+1: -6.066017e-02, e+1: -6.066017e-02, T: 1.1875e-12, no:   10869, try:     21420000
emin+1: -6.066017e-02, e+1: -6.066017e-02, T: 1.0000e-12, no:    6585, try:     21600000
emin+1: -6.066017e-02, e+1: -6.066017e-02, T: 7.4928e-13, no:    1481, try:     21780000
emin+1: -6.066017e-02, e+1: -6.066017e-02, T: 6.3096e-13, no:     458, try:     21960000
emin+1: -6.066017e-02, e+1: -6.066017e-02, T: 4.7276e-13, no:    7859, try:     22140000
emin+1: -6.066017e-02, e+1: -6.066017e-02, T: 3.9811e-13, no:    1826, try:     22320000
emin+1: -6.066017e-02, e+1: -6.066017e-02, T: 2.9829e-13, no:     368, try:     22500000
emin+1: -6.066017e-02, e+1: -6.066017e-02, T: 2.5119e-13, no:    4561, try:     22680000
emin+1: -6.066017e-02, e+1: -6.066017e-02, T: 1.8821e-13, no:    1820, try:     22860000
emin+1: -6.066017e-02, e+1: -6.066017e-02, T: 1.5849e-13, no:     942, try:     23040000
emin+1: -6.066017e-02, e+1: -6.066017e-02, T: 1.1875e-13, no:    3082, try:     23220000
emin+1: -6.066017e-02, e+1: -6.066017e-02, T: 1.0000e-13, no:    1071, try:     23400000
emin+1: -6.066017e-02, e+1: -6.066017e-02, T: 7.4928e-14, no:      98, try:     23580000
emin+1: -6.066017e-02, e+1: -6.066017e-02, T: 6.3096e-14, no:    5924, try:     23760000
emin+1: -6.066017e-02, e+1: -6.066017e-02, T: 4.7276e-14, no:    1937, try:     23940000
emin+1: -6.066017e-02, e+1: -6.066017e-02, T: 3.9811e-14, no:    3836, try:     24120000
emin+1: -6.066017e-02, e+1: -6.066017e-02, T: 2.9829e-14, no:     291, try:     24300000
emin+1: -6.066017e-02, e+1: -6.066017e-02, T: 2.5119e-14, no:     130, try:     24480000
emin+1: -6.066017e-02, e+1: -6.066017e-02, T: 1.8821e-14, no:    1052, try:     24660000
emin+1: -6.066017e-02, e+1: -6.066017e-02, T: 1.5849e-14, no:    1608, try:     24840000
emin+1: -6.066017e-02, e+1: -6.066017e-02, T: 1.1875e-14, no:    3267, try:     25020000
emin+1: -6.066017e-02, e+1: -6.066017e-02, T: 1.0000e-14, no:    1295, try:     25200000
emin+1: -6.066017e-02, e+1: -6.066017e-02, T: 7.4928e-15, no:      62, try:     25380000
emin+1: -6.066017e-02, e+1: -6.066017e-02, T: 6.3096e-15, no:      63, try:     25560000
emin+1: -6.066017e-02, e+1: -6.066017e-02, T: 4.7276e-15, no:     527, try:     25740000
emin+1: -6.066017e-02, e+1: -6.066017e-02, T: 3.9811e-15, no:     894, try:     25920000
emin+1: -6.066017e-02, e+1: -6.066017e-02, T: 2.9829e-15, no:     263, try:     26100000
emin+1: -6.066017e-02, e+1: -6.066017e-02, T: 2.5119e-15, no:      23, try:     26280000
emin+1: -6.066017e-02, e+1: -6.066017e-02, T: 1.8821e-15, no:     463, try:     26460000
emin+1: -6.066017e-02, e+1: -6.066017e-02, T: 1.5849e-15, no:      95, try:     26640000
emin+1: -6.066017e-02, e+1: -6.066017e-02, T: 1.1875e-15, no:     132, try:     26820000
emin+1: -6.066017e-02, e+1: -6.066017e-02, T: 1.0000e-15, no:     216, try:     27000000

Last chain: -1.060660171740116204468738770e+00
Best chain: -1.060660171750158431176053186e+00 (-1.060660171750158431176053186e+00)

Error: length:  0.000000000000000000000000000e+00, angle:  0.000000000000000000000000000e+00


Last chain: -1.060660171740116204468738770e+00
Best chain: -1.060660171750158431176053186e+00 (-1.060660171750158431176053186e+00)

Error: length:  0.000000000000000000000000000e+00, angle:  0.000000000000000000000000000e+00


3 10
emin+1:  0.000000e+00, e+1:  0.000000e+00, T: 1.0000e+00
emin+1: -2.148000e-01, e+1:  1.677381e-01, T: 7.4928e-01, no:       1, try:      2025000
emin+1: -2.238454e-01, e+1:  1.668890e-01, T: 6.3096e-01, no:       1, try:      4050000
emin+1: -2.552881e-01, e+1:  1.640321e-01, T: 4.7276e-01, no:       2, try:      6075000
emin+1: -2.552881e-01, e+1:  1.593173e-01, T: 3.9811e-01, no:       0, try:      8100000
emin+1: -2.552881e-01, e+1:  1.553972e-01, T: 2.9829e-01, no:       2, try:     10125000
emin+1: -2.552881e-01, e+1:  1.453311e-01, T: 2.5119e-01, no:       1, try:     12150000
emin+1: -2.552881e-01, e+1:  1.402359e-01, T: 1.8821e-01, no:       0, try:     14175000
emin+1: -2.646210e-01, e+1:  1.324613e-01, T: 1.5849e-01, no:       0, try:     16200000
emin+1: -3.122040e-01, e+1:  1.208350e-01, T: 1.1875e-01, no:       1, try:     18225000
emin+1: -3.122040e-01, e+1:  1.054270e-01, T: 1.0000e-01, no:       0, try:     20250000
emin+1: -3.122040e-01, e+1:  8.301823e-02, T: 7.4928e-02, no:       0, try:     22275000
emin+1: -3.122040e-01, e+1:  6.479540e-02, T: 6.3096e-02, no:       0, try:     24300000
emin+1: -3.545621e-01, e+1:  2.883932e-02, T: 4.7276e-02, no:       0, try:     26325000
emin+1: -3.545621e-01, e+1: -9.661413e-03, T: 3.9811e-02, no:       1, try:     28350000
emin+1: -4.005816e-01, e+1: -5.824929e-02, T: 2.9829e-02, no:      11, try:     30375000
emin+1: -4.402411e-01, e+1: -1.047453e-01, T: 2.5119e-02, no:       0, try:     32400000
emin+1: -4.750580e-01, e+1: -1.752226e-01, T: 1.8821e-02, no:       0, try:     34425000
emin+1: -5.305107e-01, e+1: -2.592289e-01, T: 1.5849e-02, no:       0, try:     36450000
emin+1: -6.267029e-01, e+1: -3.390317e-01, T: 1.1875e-02, no:       0, try:     38475000
emin+1: -6.705034e-01, e+1: -4.345235e-01, T: 1.0000e-02, no:       1, try:     40500000
emin+1: -6.790462e-01, e+1: -5.312264e-01, T: 7.4928e-03, no:       4, try:     42525000
emin+1: -7.003479e-01, e+1: -5.870207e-01, T: 6.3096e-03, no:       0, try:     44550000
emin+1: -7.114785e-01, e+1: -6.249240e-01, T: 4.7276e-03, no:       2, try:     46575000
emin+1: -7.165988e-01, e+1: -6.532150e-01, T: 3.9811e-03, no:       0, try:     48600000
emin+1: -7.208622e-01, e+1: -6.735757e-01, T: 2.9829e-03, no:       0, try:     50625000
emin+1: -7.233336e-01, e+1: -6.877199e-01, T: 2.5119e-03, no:       3, try:     52650000
emin+1: -7.273550e-01, e+1: -6.988516e-01, T: 1.8821e-03, no:       5, try:     54675000
emin+1: -7.288749e-01, e+1: -7.072418e-01, T: 1.5849e-03, no:       1, try:     56700000
emin+1: -7.305539e-01, e+1: -7.138295e-01, T: 1.1875e-03, no:       2, try:     58725000
emin+1: -7.323932e-01, e+1: -7.185180e-01, T: 1.0000e-03, no:       1, try:     60750000
emin+1: -7.344937e-01, e+1: -7.222224e-01, T: 7.4928e-04, no:       5, try:     62775000
emin+1: -7.344937e-01, e+1: -7.251458e-01, T: 6.3096e-04, no:       4, try:     64800000
emin+1: -7.358332e-01, e+1: -7.280669e-01, T: 4.7276e-04, no:       0, try:     66825000
emin+1: -7.376975e-01, e+1: -7.297689e-01, T: 3.9811e-04, no:      10, try:     68850000
emin+1: -7.387277e-01, e+1: -7.325187e-01, T: 2.9829e-04, no:       9, try:     70875000
emin+1: -7.387277e-01, e+1: -7.341892e-01, T: 2.5119e-04, no:       5, try:     72900000
emin+1: -7.395787e-01, e+1: -7.354232e-01, T: 1.8821e-04, no:       1, try:     74925000
emin+1: -7.397729e-01, e+1: -7.365074e-01, T: 1.5849e-04, no:       0, try:     76950000
emin+1: -7.404512e-01, e+1: -7.383338e-01, T: 1.1875e-04, no:       2, try:     78975000
emin+1: -7.407474e-01, e+1: -7.388950e-01, T: 1.0000e-04, no:       3, try:     81000000
emin+1: -7.408124e-01, e+1: -7.395382e-01, T: 7.4928e-05, no:       3, try:     83025000
emin+1: -7.408870e-01, e+1: -7.399593e-01, T: 6.3096e-05, no:       1, try:     85050000
emin+1: -7.410877e-01, e+1: -7.402737e-01, T: 4.7276e-05, no:      10, try:     87075000
emin+1: -7.411999e-01, e+1: -7.405493e-01, T: 3.9811e-05, no:       1, try:     89100000
emin+1: -7.413548e-01, e+1: -7.407941e-01, T: 2.9829e-05, no:       1, try:     91125000
emin+1: -7.413607e-01, e+1: -7.409890e-01, T: 2.5119e-05, no:       2, try:     93150000
emin+1: -7.414310e-01, e+1: -7.411268e-01, T: 1.8821e-05, no:       5, try:     95175000
emin+1: -7.414990e-01, e+1: -7.412244e-01, T: 1.5849e-05, no:       8, try:     97200000
emin+1: -7.415351e-01, e+1: -7.413254e-01, T: 1.1875e-05, no:       3, try:     99225000
emin+1: -7.415474e-01, e+1: -7.413989e-01, T: 1.0000e-05, no:      16, try:    101250000
emin+1: -7.415606e-01, e+1: -7.414532e-01, T: 7.4928e-06, no:      21, try:    103275000
emin+1: -7.415867e-01, e+1: -7.414847e-01, T: 6.3096e-06, no:       4, try:    105300000
emin+1: -7.416024e-01, e+1: -7.415310e-01, T: 4.7276e-06, no:      69, try:    107325000
emin+1: -7.416096e-01, e+1: -7.415443e-01, T: 3.9811e-06, no:       6, try:    109350000
emin+1: -7.416227e-01, e+1: -7.415735e-01, T: 2.9829e-06, no:       1, try:    111375000
emin+1: -7.416281e-01, e+1: -7.415867e-01, T: 2.5119e-06, no:       1, try:    113400000
emin+1: -7.416401e-01, e+1: -7.416076e-01, T: 1.8821e-06, no:     153, try:    115425000
emin+1: -7.416401e-01, e+1: -7.416144e-01, T: 1.5849e-06, no:      71, try:    117450000
emin+1: -7.416449e-01, e+1: -7.416247e-01, T: 1.1875e-06, no:      77, try:    119475000
emin+1: -7.416449e-01, e+1: -7.416309e-01, T: 1.0000e-06, no:      76, try:    121500000
emin+1: -7.416475e-01, e+1: -7.416359e-01, T: 7.4928e-07, no:      68, try:    123525000
emin+1: -7.416481e-01, e+1: -7.416405e-01, T: 6.3096e-07, no:      69, try:    125550000
emin+1: -7.416507e-01, e+1: -7.416437e-01, T: 4.7276e-07, no:      12, try:    127575000
emin+1: -7.416529e-01, e+1: -7.416467e-01, T: 3.9811e-07, no:     168, try:    129600000
emin+1: -7.416536e-01, e+1: -7.416488e-01, T: 2.9829e-07, no:      72, try:    131625000
emin+1: -7.416539e-01, e+1: -7.416505e-01, T: 2.5119e-07, no:     358, try:    133650000
emin+1: -7.416548e-01, e+1: -7.416522e-01, T: 1.8821e-07, no:      38, try:    135675000
emin+1: -7.416553e-01, e+1: -7.416533e-01, T: 1.5849e-07, no:     184, try:    137700000
emin+1: -7.416554e-01, e+1: -7.416539e-01, T: 1.1875e-07, no:     267, try:    139725000
emin+1: -7.416560e-01, e+1: -7.416547e-01, T: 1.0000e-07, no:      89, try:    141750000
emin+1: -7.416563e-01, e+1: -7.416554e-01, T: 7.4928e-08, no:      22, try:    143775000
emin+1: -7.416564e-01, e+1: -7.416555e-01, T: 6.3096e-08, no:     243, try:    145800000
emin+1: -7.416567e-01, e+1: -7.416560e-01, T: 4.7276e-08, no:     304, try:    147825000
emin+1: -7.416568e-01, e+1: -7.416563e-01, T: 3.9811e-08, no:     343, try:    149850000
emin+1: -7.416569e-01, e+1: -7.416565e-01, T: 2.9829e-08, no:      65, try:    151875000
emin+1: -7.416570e-01, e+1: -7.416568e-01, T: 2.5119e-08, no:     810, try:    153900000
emin+1: -7.416572e-01, e+1: -7.416569e-01, T: 1.8821e-08, no:     237, try:    155925000
emin+1: -7.416572e-01, e+1: -7.416570e-01, T: 1.5849e-08, no:    1403, try:    157950000
emin+1: -7.416572e-01, e+1: -7.416571e-01, T: 1.1875e-08, no:     921, try:    159975000
emin+1: -7.416572e-01, e+1: -7.416571e-01, T: 1.0000e-08, no:     130, try:    162000000
emin+1: -7.416573e-01, e+1: -7.416572e-01, T: 7.4928e-09, no:     443, try:    164025000
emin+1: -7.416573e-01, e+1: -7.416572e-01, T: 6.3096e-09, no:     231, try:    166050000
emin+1: -7.416573e-01, e+1: -7.416572e-01, T: 4.7276e-09, no:     241, try:    168075000
emin+1: -7.416573e-01, e+1: -7.416573e-01, T: 3.9811e-09, no:     228, try:    170100000
emin+1: -7.416573e-01, e+1: -7.416573e-01, T: 2.9829e-09, no:    1171, try:    172125000
emin+1: -7.416573e-01, e+1: -7.416573e-01, T: 2.5119e-09, no:    1073, try:    174150000
emin+1: -7.416573e-01, e+1: -7.416573e-01, T: 1.8821e-09, no:     650, try:    176175000
emin+1: -7.416574e-01, e+1: -7.416573e-01, T: 1.5849e-09, no:     480, try:    178200000
emin+1: -7.416574e-01, e+1: -7.416573e-01, T: 1.1875e-09, no:     867, try:    180225000
emin+1: -7.416574e-01, e+1: -7.416573e-01, T: 1.0000e-09, no:     486, try:    182250000
emin+1: -7.416574e-01, e+1: -7.416573e-01, T: 7.4928e-10, no:    1527, try:    184275000
emin+1: -7.416574e-01, e+1: -7.416573e-01, T: 6.3096e-10, no:      88, try:    186300000
emin+1: -7.416574e-01, e+1: -7.416574e-01, T: 4.7276e-10, no:     389, try:    188325000
emin+1: -7.416574e-01, e+1: -7.416574e-01, T: 3.9811e-10, no:     774, try:    190350000
emin+1: -7.416574e-01, e+1: -7.416574e-01, T: 2.9829e-10, no:     753, try:    192375000
emin+1: -7.416574e-01, e+1: -7.416574e-01, T: 2.5119e-10, no:      11, try:    194400000
emin+1: -7.416574e-01, e+1: -7.416574e-01, T: 1.8821e-10, no:     966, try:    196425000
emin+1: -7.416574e-01, e+1: -7.416574e-01, T: 1.5849e-10, no:     965, try:    198450000
emin+1: -7.416574e-01, e+1: -7.416574e-01, T: 1.1875e-10, no:     185, try:    200475000
emin+1: -7.416574e-01, e+1: -7.416574e-01, T: 1.0000e-10, no:    1302, try:    202500000
emin+1: -7.416574e-01, e+1: -7.416574e-01, T: 7.4928e-11, no:     713, try:    204525000
emin+1: -7.416574e-01, e+1: -7.416574e-01, T: 6.3096e-11, no:    1274, try:    206550000
emin+1: -7.416574e-01, e+1: -7.416574e-01, T: 4.7276e-11, no:    2541, try:    208575000
emin+1: -7.416574e-01, e+1: -7.416574e-01, T: 3.9811e-11, no:     567, try:    210600000
emin+1: -7.416574e-01, e+1: -7.416574e-01, T: 2.9829e-11, no:     455, try:    212625000
emin+1: -7.416574e-01, e+1: -7.416574e-01, T: 2.5119e-11, no:     214, try:    214650000
emin+1: -7.416574e-01, e+1: -7.416574e-01, T: 1.8821e-11, no:    1410, try:    216675000
emin+1: -7.416574e-01, e+1: -7.416574e-01, T: 1.5849e-11, no:     871, try:    218700000
emin+1: -7.416574e-01, e+1: -7.416574e-01, T: 1.1875e-11, no:     366, try:    220725000
emin+1: -7.416574e-01, e+1: -7.416574e-01, T: 1.0000e-11, no:     447, try:    222750000
emin+1: -7.416574e-01, e+1: -7.416574e-01, T: 7.4928e-12, no:     468, try:    224775000
emin+1: -7.416574e-01, e+1: -7.416574e-01, T: 6.3096e-12, no:     535, try:    226800000
emin+1: -7.416574e-01, e+1: -7.416574e-01, T: 4.7276e-12, no:     691, try:    228825000
emin+1: -7.416574e-01, e+1: -7.416574e-01, T: 3.9811e-12, no:     142, try:    230850000
emin+1: -7.416574e-01, e+1: -7.416574e-01, T: 2.9829e-12, no:      23, try:    232875000
emin+1: -7.416574e-01, e+1: -7.416574e-01, T: 2.5119e-12, no:      77, try:    234900000
emin+1: -7.416574e-01, e+1: -7.416574e-01, T: 1.8821e-12, no:     174, try:    236925000
emin+1: -7.416574e-01, e+1: -7.416574e-01, T: 1.5849e-12, no:      86, try:    238950000
emin+1: -7.416574e-01, e+1: -7.416574e-01, T: 1.1875e-12, no:     204, try:    240975000
emin+1: -7.416574e-01, e+1: -7.416574e-01, T: 1.0000e-12, no:     225, try:    243000000
emin+1: -7.416574e-01, e+1: -7.416574e-01, T: 7.4928e-13, no:      70, try:    245025000
emin+1: -7.416574e-01, e+1: -7.416574e-01, T: 6.3096e-13, no:      27, try:    247050000
emin+1: -7.416574e-01, e+1: -7.416574e-01, T: 4.7276e-13, no:      29, try:    249075000
emin+1: -7.416574e-01, e+1: -7.416574e-01, T: 3.9811e-13, no:       8, try:    251100000
emin+1: -7.416574e-01, e+1: -7.416574e-01, T: 2.9829e-13, no:      98, try:    253125000
emin+1: -7.416574e-01, e+1: -7.416574e-01, T: 2.5119e-13, no:      37, try:    255150000
emin+1: -7.416574e-01, e+1: -7.416574e-01, T: 1.8821e-13, no:      16, try:    257175000
emin+1: -7.416574e-01, e+1: -7.416574e-01, T: 1.5849e-13, no:      23, try:    259200000
emin+1: -7.416574e-01, e+1: -7.416574e-01, T: 1.1875e-13, no:      69, try:    261225000
emin+1: -7.416574e-01, e+1: -7.416574e-01, T: 1.0000e-13, no:     121, try:    263250000
emin+1: -7.416574e-01, e+1: -7.416574e-01, T: 7.4928e-14, no:       8, try:    265275000
emin+1: -7.416574e-01, e+1: -7.416574e-01, T: 6.3096e-14, no:      10, try:    267300000
emin+1: -7.416574e-01, e+1: -7.416574e-01, T: 4.7276e-14, no:       3, try:    269325000
emin+1: -7.416574e-01, e+1: -7.416574e-01, T: 3.9811e-14, no:      11, try:    271350000
emin+1: -7.416574e-01, e+1: -7.416574e-01, T: 2.9829e-14, no:       3, try:    273375000
emin+1: -7.416574e-01, e+1: -7.416574e-01, T: 2.5119e-14, no:      60, try:    275400000
emin+1: -7.416574e-01, e+1: -7.416574e-01, T: 1.8821e-14, no:       2, try:    277425000
emin+1: -7.416574e-01, e+1: -7.416574e-01, T: 1.5849e-14, no:      20, try:    279450000
emin+1: -7.416574e-01, e+1: -7.416574e-01, T: 1.1875e-14, no:      61, try:    281475000
emin+1: -7.416574e-01, e+1: -7.416574e-01, T: 1.0000e-14, no:      63, try:    283500000
emin+1: -7.416574e-01, e+1: -7.416574e-01, T: 7.4928e-15, no:       0, try:    285525000
emin+1: -7.416574e-01, e+1: -7.416574e-01, T: 6.3096e-15, no:       0, try:    287550000
emin+1: -7.416574e-01, e+1: -7.416574e-01, T: 4.7276e-15, no:       1, try:    289575000
emin+1: -7.416574e-01, e+1: -7.416574e-01, T: 3.9811e-15, no:       0, try:    291600000
emin+1: -7.416574e-01, e+1: -7.416574e-01, T: 2.9829e-15, no:      20, try:    293625000
emin+1: -7.416574e-01, e+1: -7.416574e-01, T: 2.5119e-15, no:      11, try:    295650000
emin+1: -7.416574e-01, e+1: -7.416574e-01, T: 1.8821e-15, no:       0, try:    297675000
emin+1: -7.416574e-01, e+1: -7.416574e-01, T: 1.5849e-15, no:      40, try:    299700000
emin+1: -7.416574e-01, e+1: -7.416574e-01, T: 1.1875e-15, no:       0, try:    301725000
emin+1: -7.416574e-01, e+1: -7.416574e-01, T: 1.0000e-15, no:       1, try:    303750000

Last chain: -1.741657376870737631647037547e+00
Best chain: -1.741657376870737663739421852e+00 (-1.741657376870737663739421852e+00)

Error: length:  5.551115123125782702118158340e-17, angle:  0.000000000000000000000000000e+00


Last chain: -1.741657376870737631647037547e+00
Best chain: -1.741657376870737663739421852e+00 (-1.741657376870737663739421852e+00)

Error: length:  5.551115123125782702118158340e-17, angle:  0.000000000000000000000000000e+00


4 21
emin+1:  0.000000e+00, e+1:  0.000000e+00, T: 1.0000e+00
emin+1: -2.151338e-01, e+1:  1.406682e-01, T: 7.4928e-01, no:       2, try:     12600000
emin+1: -2.151338e-01, e+1:  1.406857e-01, T: 6.3096e-01, no:       0, try:     25200000
emin+1: -2.477523e-01, e+1:  1.377671e-01, T: 4.7276e-01, no:       3, try:     37800000
emin+1: -2.477523e-01, e+1:  1.358906e-01, T: 3.9811e-01, no:       0, try:     50400000
emin+1: -2.477523e-01, e+1:  1.293394e-01, T: 2.9829e-01, no:       1, try:     63000000
emin+1: -2.477523e-01, e+1:  1.245400e-01, T: 2.5119e-01, no:       3, try:     75600000
emin+1: -2.755053e-01, e+1:  1.182276e-01, T: 1.8821e-01, no:       0, try:     88200000
emin+1: -2.755053e-01, e+1:  1.112495e-01, T: 1.5849e-01, no:       1, try:    100800000
emin+1: -2.755053e-01, e+1:  1.024008e-01, T: 1.1875e-01, no:       2, try:    113400000
emin+1: -2.755053e-01, e+1:  9.013975e-02, T: 1.0000e-01, no:       0, try:    126000000
emin+1: -2.755053e-01, e+1:  7.314161e-02, T: 7.4928e-02, no:       1, try:    138600000
emin+1: -3.521877e-01, e+1:  5.401625e-02, T: 6.3096e-02, no:       0, try:    151200000
emin+1: -3.521877e-01, e+1:  3.428169e-02, T: 4.7276e-02, no:       3, try:    163800000
emin+1: -3.521877e-01, e+1:  9.320850e-03, T: 3.9811e-02, no:       0, try:    176400000
emin+1: -3.521877e-01, e+1: -2.438251e-02, T: 2.9829e-02, no:       0, try:    189000000
emin+1: -3.549017e-01, e+1: -6.568275e-02, T: 2.5119e-02, no:       0, try:    201600000
emin+1: -3.750077e-01, e+1: -1.087196e-01, T: 1.8821e-02, no:       1, try:    214200000
emin+1: -4.426772e-01, e+1: -1.592372e-01, T: 1.5849e-02, no:       4, try:    226800000
emin+1: -5.035974e-01, e+1: -2.278816e-01, T: 1.1875e-02, no:       3, try:    239400000
emin+1: -5.972188e-01, e+1: -3.093227e-01, T: 1.0000e-02, no:       1, try:    252000000
emin+1: -6.629266e-01, e+1: -4.150056e-01, T: 7.4928e-03, no:       4, try:    264600000
emin+1: -8.111629e-01, e+1: -5.365434e-01, T: 6.3096e-03, no:       0, try:    277200000
emin+1: -9.198771e-01, e+1: -6.920928e-01, T: 4.7276e-03, no:       2, try:    289800000
emin+1: -1.011923e+00, e+1: -8.243259e-01, T: 3.9811e-03, no:       2, try:    302400000
emin+1: -1.109702e+00, e+1: -9.475468e-01, T: 2.9829e-03, no:       0, try:    315000000
emin+1: -1.126930e+00, e+1: -1.033812e+00, T: 2.5119e-03, no:       0, try:    327600000
emin+1: -1.162550e+00, e+1: -1.085979e+00, T: 1.8821e-03, no:       0, try:    340200000
emin+1: -1.175283e+00, e+1: -1.121657e+00, T: 1.5849e-03, no:       1, try:    352800000
emin+1: -1.196769e+00, e+1: -1.150065e+00, T: 1.1875e-03, no:       3, try:    365400000
emin+1: -1.203370e+00, e+1: -1.169960e+00, T: 1.0000e-03, no:       0, try:    378000000
emin+1: -1.212217e+00, e+1: -1.185357e+00, T: 7.4928e-04, no:       5, try:    390600000
emin+1: -1.216615e+00, e+1: -1.196727e+00, T: 6.3096e-04, no:       1, try:    403200000
emin+1: -1.222743e+00, e+1: -1.205873e+00, T: 4.7276e-04, no:       0, try:    415800000
emin+1: -1.224415e+00, e+1: -1.212562e+00, T: 3.9811e-04, no:       8, try:    428400000
emin+1: -1.227978e+00, e+1: -1.218072e+00, T: 2.9829e-04, no:       3, try:    441000000
emin+1: -1.231467e+00, e+1: -1.222163e+00, T: 2.5119e-04, no:       3, try:    453600000
emin+1: -1.231662e+00, e+1: -1.225458e+00, T: 1.8821e-04, no:       3, try:    466200000
emin+1: -1.232261e+00, e+1: -1.227961e+00, T: 1.5849e-04, no:       0, try:    478800000
emin+1: -1.233824e+00, e+1: -1.230046e+00, T: 1.1875e-04, no:       0, try:    491400000
emin+1: -1.234532e+00, e+1: -1.231537e+00, T: 1.0000e-04, no:       1, try:    504000000
emin+1: -1.235049e+00, e+1: -1.232835e+00, T: 7.4928e-05, no:       2, try:    516600000
emin+1: -1.235704e+00, e+1: -1.233777e+00, T: 6.3096e-05, no:       4, try:    529200000
emin+1: -1.236236e+00, e+1: -1.234536e+00, T: 4.7276e-05, no:       8, try:    541800000
emin+1: -1.237052e+00, e+1: -1.235408e+00, T: 3.9811e-05, no:       4, try:    554400000
emin+1: -1.237418e+00, e+1: -1.236225e+00, T: 2.9829e-05, no:      17, try:    567000000
emin+1: -1.237751e+00, e+1: -1.236895e+00, T: 2.5119e-05, no:       4, try:    579600000
emin+1: -1.238208e+00, e+1: -1.237453e+00, T: 1.8821e-05, no:      17, try:    592200000
emin+1: -1.238602e+00, e+1: -1.237827e+00, T: 1.5849e-05, no:       3, try:    604800000
emin+1: -1.238789e+00, e+1: -1.238321e+00, T: 1.1875e-05, no:       4, try:    617400000
emin+1: -1.238864e+00, e+1: -1.238555e+00, T: 1.0000e-05, no:       4, try:    630000000
emin+1: -1.238963e+00, e+1: -1.238702e+00, T: 7.4928e-06, no:       7, try:    642600000
emin+1: -1.239050e+00, e+1: -1.238847e+00, T: 6.3096e-06, no:       5, try:    655200000
emin+1: -1.239109e+00, e+1: -1.238938e+00, T: 4.7276e-06, no:       0, try:    667800000
emin+1: -1.239160e+00, e+1: -1.239033e+00, T: 3.9811e-06, no:      18, try:    680400000
emin+1: -1.239208e+00, e+1: -1.239103e+00, T: 2.9829e-06, no:      72, try:    693000000
emin+1: -1.239240e+00, e+1: -1.239159e+00, T: 2.5119e-06, no:      11, try:    705600000
emin+1: -1.239267e+00, e+1: -1.239194e+00, T: 1.8821e-06, no:      20, try:    718200000
emin+1: -1.239276e+00, e+1: -1.239227e+00, T: 1.5849e-06, no:      21, try:    730800000
emin+1: -1.239297e+00, e+1: -1.239255e+00, T: 1.1875e-06, no:      23, try:    743400000
emin+1: -1.239302e+00, e+1: -1.239273e+00, T: 1.0000e-06, no:      22, try:    756000000
emin+1: -1.239318e+00, e+1: -1.239293e+00, T: 7.4928e-07, no:       6, try:    768600000
emin+1: -1.239325e+00, e+1: -1.239302e+00, T: 6.3096e-07, no:      49, try:    781200000
emin+1: -1.239331e+00, e+1: -1.239316e+00, T: 4.7276e-07, no:      25, try:    793800000
emin+1: -1.239336e+00, e+1: -1.239324e+00, T: 3.9811e-07, no:      50, try:    806400000
emin+1: -1.239340e+00, e+1: -1.239331e+00, T: 2.9829e-07, no:       7, try:    819000000
emin+1: -1.239344e+00, e+1: -1.239336e+00, T: 2.5119e-07, no:     166, try:    831600000
emin+1: -1.239347e+00, e+1: -1.239342e+00, T: 1.8821e-07, no:      67, try:    844200000
emin+1: -1.239348e+00, e+1: -1.239344e+00, T: 1.5849e-07, no:      24, try:    856800000
emin+1: -1.239350e+00, e+1: -1.239346e+00, T: 1.1875e-07, no:      93, try:    869400000
emin+1: -1.239352e+00, e+1: -1.239349e+00, T: 1.0000e-07, no:      74, try:    882000000
emin+1: -1.239352e+00, e+1: -1.239350e+00, T: 7.4928e-08, no:      37, try:    894600000
emin+1: -1.239354e+00, e+1: -1.239352e+00, T: 6.3096e-08, no:      19, try:    907200000
emin+1: -1.239354e+00, e+1: -1.239353e+00, T: 4.7276e-08, no:     322, try:    919800000
emin+1: -1.239355e+00, e+1: -1.239354e+00, T: 3.9811e-08, no:     142, try:    932400000
emin+1: -1.239355e+00, e+1: -1.239354e+00, T: 2.9829e-08, no:     243, try:    945000000
emin+1: -1.239355e+00, e+1: -1.239355e+00, T: 2.5119e-08, no:     162, try:    957600000
emin+1: -1.239356e+00, e+1: -1.239355e+00, T: 1.8821e-08, no:     784, try:    970200000
emin+1: -1.239356e+00, e+1: -1.239355e+00, T: 1.5849e-08, no:     296, try:    982800000
emin+1: -1.239356e+00, e+1: -1.239356e+00, T: 1.1875e-08, no:     458, try:    995400000
emin+1: -1.239356e+00, e+1: -1.239356e+00, T: 1.0000e-08, no:       2, try:   1008000000
emin+1: -1.239356e+00, e+1: -1.239356e+00, T: 7.4928e-09, no:     965, try:   1020600000
emin+1: -1.239356e+00, e+1: -1.239356e+00, T: 6.3096e-09, no:      60, try:   1033200000
emin+1: -1.239356e+00, e+1: -1.239356e+00, T: 4.7276e-09, no:     235, try:   1045800000
emin+1: -1.239357e+00, e+1: -1.239356e+00, T: 3.9811e-09, no:     295, try:   1058400000
emin+1: -1.239357e+00, e+1: -1.239356e+00, T: 2.9829e-09, no:    1187, try:   1071000000
emin+1: -1.239357e+00, e+1: -1.239357e+00, T: 2.5119e-09, no:     191, try:   1083600000
emin+1: -1.239357e+00, e+1: -1.239357e+00, T: 1.8821e-09, no:      20, try:   1096200000
emin+1: -1.239357e+00, e+1: -1.239357e+00, T: 1.5849e-09, no:    1654, try:   1108800000
emin+1: -1.239357e+00, e+1: -1.239357e+00, T: 1.1875e-09, no:    1458, try:   1121400000
emin+1: -1.239357e+00, e+1: -1.239357e+00, T: 1.0000e-09, no:     406, try:   1134000000
emin+1: -1.239357e+00, e+1: -1.239357e+00, T: 7.4928e-10, no:      48, try:   1146600000
emin+1: -1.239357e+00, e+1: -1.239357e+00, T: 6.3096e-10, no:    2633, try:   1159200000
emin+1: -1.239357e+00, e+1: -1.239357e+00, T: 4.7276e-10, no:     538, try:   1171800000
emin+1: -1.239357e+00, e+1: -1.239357e+00, T: 3.9811e-10, no:     261, try:   1184400000
emin+1: -1.239357e+00, e+1: -1.239357e+00, T: 2.9829e-10, no:     110, try:   1197000000
emin+1: -1.239357e+00, e+1: -1.239357e+00, T: 2.5119e-10, no:     526, try:   1209600000
emin+1: -1.239357e+00, e+1: -1.239357e+00, T: 1.8821e-10, no:     392, try:   1222200000
emin+1: -1.239357e+00, e+1: -1.239357e+00, T: 1.5849e-10, no:     714, try:   1234800000
emin+1: -1.239357e+00, e+1: -1.239357e+00, T: 1.1875e-10, no:    4906, try:   1247400000
emin+1: -1.239357e+00, e+1: -1.239357e+00, T: 1.0000e-10, no:     710, try:   1260000000
emin+1: -1.239357e+00, e+1: -1.239357e+00, T: 7.4928e-11, no:     762, try:   1272600000
emin+1: -1.239357e+00, e+1: -1.239357e+00, T: 6.3096e-11, no:    1160, try:   1285200000
emin+1: -1.239357e+00, e+1: -1.239357e+00, T: 4.7276e-11, no:     486, try:   1297800000
emin+1: -1.239357e+00, e+1: -1.239357e+00, T: 3.9811e-11, no:     704, try:   1310400000
emin+1: -1.239357e+00, e+1: -1.239357e+00, T: 2.9829e-11, no:      99, try:   1323000000
emin+1: -1.239357e+00, e+1: -1.239357e+00, T: 2.5119e-11, no:    1366, try:   1335600000
emin+1: -1.239357e+00, e+1: -1.239357e+00, T: 1.8821e-11, no:     727, try:   1348200000
emin+1: -1.239357e+00, e+1: -1.239357e+00, T: 1.5849e-11, no:     146, try:   1360800000
emin+1: -1.239357e+00, e+1: -1.239357e+00, T: 1.1875e-11, no:      97, try:   1373400000
emin+1: -1.239357e+00, e+1: -1.239357e+00, T: 1.0000e-11, no:     181, try:   1386000000
emin+1: -1.239357e+00, e+1: -1.239357e+00, T: 7.4928e-12, no:     404, try:   1398600000
emin+1: -1.239357e+00, e+1: -1.239357e+00, T: 6.3096e-12, no:     342, try:   1411200000
emin+1: -1.239357e+00, e+1: -1.239357e+00, T: 4.7276e-12, no:     423, try:   1423800000
emin+1: -1.239357e+00, e+1: -1.239357e+00, T: 3.9811e-12, no:     648, try:   1436400000
emin+1: -1.239357e+00, e+1: -1.239357e+00, T: 2.9829e-12, no:     184, try:   1449000000
emin+1: -1.239357e+00, e+1: -1.239357e+00, T: 2.5119e-12, no:      22, try:   1461600000
emin+1: -1.239357e+00, e+1: -1.239357e+00, T: 1.8821e-12, no:     190, try:   1474200000
emin+1: -1.239357e+00, e+1: -1.239357e+00, T: 1.5849e-12, no:      58, try:   1486800000
emin+1: -1.239357e+00, e+1: -1.239357e+00, T: 1.1875e-12, no:      80, try:   1499400000
emin+1: -1.239357e+00, e+1: -1.239357e+00, T: 1.0000e-12, no:      52, try:   1512000000
emin+1: -1.239357e+00, e+1: -1.239357e+00, T: 7.4928e-13, no:     263, try:   1524600000
emin+1: -1.239357e+00, e+1: -1.239357e+00, T: 6.3096e-13, no:     134, try:   1537200000
emin+1: -1.239357e+00, e+1: -1.239357e+00, T: 4.7276e-13, no:     189, try:   1549800000
emin+1: -1.239357e+00, e+1: -1.239357e+00, T: 3.9811e-13, no:      99, try:   1562400000
emin+1: -1.239357e+00, e+1: -1.239357e+00, T: 2.9829e-13, no:      20, try:   1575000000
emin+1: -1.239357e+00, e+1: -1.239357e+00, T: 2.5119e-13, no:      20, try:   1587600000
emin+1: -1.239357e+00, e+1: -1.239357e+00, T: 1.8821e-13, no:      55, try:   1600200000
emin+1: -1.239357e+00, e+1: -1.239357e+00, T: 1.5849e-13, no:       6, try:   1612800000
emin+1: -1.239357e+00, e+1: -1.239357e+00, T: 1.1875e-13, no:      31, try:   1625400000
emin+1: -1.239357e+00, e+1: -1.239357e+00, T: 1.0000e-13, no:      36, try:   1638000000
emin+1: -1.239357e+00, e+1: -1.239357e+00, T: 7.4928e-14, no:      39, try:   1650600000
emin+1: -1.239357e+00, e+1: -1.239357e+00, T: 6.3096e-14, no:       0, try:   1663200000
emin+1: -1.239357e+00, e+1: -1.239357e+00, T: 4.7276e-14, no:      39, try:   1675800000
emin+1: -1.239357e+00, e+1: -1.239357e+00, T: 3.9811e-14, no:       4, try:   1688400000
emin+1: -1.239357e+00, e+1: -1.239357e+00, T: 2.9829e-14, no:       5, try:   1701000000
emin+1: -1.239357e+00, e+1: -1.239357e+00, T: 2.5119e-14, no:     136, try:   1713600000
emin+1: -1.239357e+00, e+1: -1.239357e+00, T: 1.8821e-14, no:      19, try:   1726200000
emin+1: -1.239357e+00, e+1: -1.239357e+00, T: 1.5849e-14, no:       4, try:   1738800000
emin+1: -1.239357e+00, e+1: -1.239357e+00, T: 1.1875e-14, no:       0, try:   1751400000
emin+1: -1.239357e+00, e+1: -1.239357e+00, T: 1.0000e-14, no:       0, try:   1764000000
emin+1: -1.239357e+00, e+1: -1.239357e+00, T: 7.4928e-15, no:       2, try:   1776600000
emin+1: -1.239357e+00, e+1: -1.239357e+00, T: 6.3096e-15, no:      12, try:   1789200000
emin+1: -1.239357e+00, e+1: -1.239357e+00, T: 4.7276e-15, no:       4, try:   1801800000
emin+1: -1.239357e+00, e+1: -1.239357e+00, T: 3.9811e-15, no:       3, try:   1814400000
emin+1: -1.239357e+00, e+1: -1.239357e+00, T: 2.9829e-15, no:      11, try:   1827000000
emin+1: -1.239357e+00, e+1: -1.239357e+00, T: 2.5119e-15, no:      14, try:   1839600000
emin+1: -1.239357e+00, e+1: -1.239357e+00, T: 1.8821e-15, no:       3, try:   1852200000
emin+1: -1.239357e+00, e+1: -1.239357e+00, T: 1.5849e-15, no:       1, try:   1864800000
emin+1: -1.239357e+00, e+1: -1.239357e+00, T: 1.1875e-15, no:       2, try:   1877400000
emin+1: -1.239357e+00, e+1: -1.239357e+00, T: 1.0000e-15, no:       7, try:   1890000000

Last chain: -2.239356720185641915280005954e+00
Best chain: -2.239356720185641915280005954e+00 (-2.239356720185641915280005954e+00)

Error: length:  0.000000000000000000000000000e+00, angle:  0.000000000000000000000000000e+00


Last chain: -2.239356720185641915280005954e+00
Best chain: -2.239356720185641915280005954e+00 (-2.239356720185641915280005954e+00)

Error: length:  0.000000000000000000000000000e+00, angle:  0.000000000000000000000000000e+00


5 36
emin+1:  0.000000e+00, e+1:  0.000000e+00, T: 1.0000e+00
emin+1: -2.286991e-01, e+1:  1.161471e-01, T: 7.4928e-01, no:       3, try:     47250000
emin+1: -2.490398e-01, e+1:  1.144871e-01, T: 6.3096e-01, no:       0, try:     94500000
emin+1: -2.490398e-01, e+1:  1.120446e-01, T: 4.7276e-01, no:       2, try:    141750000
emin+1: -2.490398e-01, e+1:  1.095621e-01, T: 3.9811e-01, no:       0, try:    189000000
emin+1: -2.490398e-01, e+1:  1.067393e-01, T: 2.9829e-01, no:       2, try:    236250000
emin+1: -2.490398e-01, e+1:  1.021033e-01, T: 2.5119e-01, no:       0, try:    283500000
emin+1: -2.490398e-01, e+1:  9.628742e-02, T: 1.8821e-01, no:       0, try:    330750000
emin+1: -2.490398e-01, e+1:  9.015246e-02, T: 1.5849e-01, no:       1, try:    378000000
emin+1: -2.490398e-01, e+1:  8.181170e-02, T: 1.1875e-01, no:       0, try:    425250000
emin+1: -2.592387e-01, e+1:  7.204921e-02, T: 1.0000e-01, no:       0, try:    472500000
emin+1: -2.592387e-01, e+1:  5.778402e-02, T: 7.4928e-02, no:       1, try:    519750000
emin+1: -2.592387e-01, e+1:  4.536458e-02, T: 6.3096e-02, no:       0, try:    567000000
emin+1: -2.623957e-01, e+1:  2.464695e-02, T: 4.7276e-02, no:       1, try:    614250000
emin+1: -2.800092e-01, e+1:  4.939426e-03, T: 3.9811e-02, no:       0, try:    661500000
emin+1: -3.155356e-01, e+1: -2.190343e-02, T: 2.9829e-02, no:       1, try:    708750000
emin+1: -3.155356e-01, e+1: -4.801350e-02, T: 2.5119e-02, no:       2, try:    756000000
emin+1: -3.497850e-01, e+1: -8.403891e-02, T: 1.8821e-02, no:       0, try:    803250000
emin+1: -3.497850e-01, e+1: -1.187665e-01, T: 1.5849e-02, no:       0, try:    850500000
emin+1: -3.766136e-01, e+1: -1.665450e-01, T: 1.1875e-02, no:       0, try:    897750000
emin+1: -4.385076e-01, e+1: -2.154878e-01, T: 1.0000e-02, no:       0, try:    945000000
emin+1: -5.019165e-01, e+1: -2.840225e-01, T: 7.4928e-03, no:       0, try:    992250000
emin+1: -5.845895e-01, e+1: -3.503659e-01, T: 6.3096e-03, no:       0, try:   1039500000
emin+1: -7.302134e-01, e+1: -4.716126e-01, T: 4.7276e-03, no:       2, try:   1086750000
emin+1: -8.426878e-01, e+1: -6.143614e-01, T: 3.9811e-03, no:       0, try:   1134000000
emin+1: -1.084440e+00, e+1: -8.115504e-01, T: 2.9829e-03, no:       3, try:   1181250000
emin+1: -1.195893e+00, e+1: -1.002274e+00, T: 2.5119e-03, no:       0, try:   1228500000
emin+1: -1.386133e+00, e+1: -1.187485e+00, T: 1.8821e-03, no:       1, try:   1275750000
emin+1: -1.429698e+00, e+1: -1.326359e+00, T: 1.5849e-03, no:       0, try:   1323000000
emin+1: -1.507564e+00, e+1: -1.413300e+00, T: 1.1875e-03, no:       0, try:   1370250000
emin+1: -1.530368e+00, e+1: -1.468936e+00, T: 1.0000e-03, no:       0, try:   1417500000
emin+1: -1.566018e+00, e+1: -1.511934e+00, T: 7.4928e-04, no:       0, try:   1464750000
emin+1: -1.582013e+00, e+1: -1.542526e+00, T: 6.3096e-04, no:       1, try:   1512000000
emin+1: -1.596747e+00, e+1: -1.566812e+00, T: 4.7276e-04, no:       0, try:   1559250000
emin+1: -1.604489e+00, e+1: -1.584035e+00, T: 3.9811e-04, no:       0, try:   1606500000
emin+1: -1.615826e+00, e+1: -1.598072e+00, T: 2.9829e-04, no:       0, try:   1653750000
emin+1: -1.621830e+00, e+1: -1.608288e+00, T: 2.5119e-04, no:       3, try:   1701000000
emin+1: -1.628957e+00, e+1: -1.616581e+00, T: 1.8821e-04, no:       0, try:   1748250000
emin+1: -1.632736e+00, e+1: -1.622870e+00, T: 1.5849e-04, no:       0, try:   1795500000
emin+1: -1.635474e+00, e+1: -1.627976e+00, T: 1.1875e-04, no:       3, try:   1842750000
emin+1: -1.636939e+00, e+1: -1.631733e+00, T: 1.0000e-04, no:       0, try:   1890000000
emin+1: -1.639300e+00, e+1: -1.634953e+00, T: 7.4928e-05, no:       5, try:   1937250000
emin+1: -1.640767e+00, e+1: -1.637352e+00, T: 6.3096e-05, no:       0, try:   1984500000
emin+1: -1.642152e+00, e+1: -1.639403e+00, T: 4.7276e-05, no:       1, try:   2031750000
emin+1: -1.642822e+00, e+1: -1.640926e+00, T: 3.9811e-05, no:       4, try:   2079000000
emin+1: -1.643589e+00, e+1: -1.642053e+00, T: 2.9829e-05, no:      13, try:   2126250000
emin+1: -1.644041e+00, e+1: -1.642919e+00, T: 2.5119e-05, no:       8, try:   2173500000
emin+1: -1.644704e+00, e+1: -1.643686e+00, T: 1.8821e-05, no:       0, try:   2220750000
emin+1: -1.645003e+00, e+1: -1.644132e+00, T: 1.5849e-05, no:       1, try:   2268000000
emin+1: -1.645277e+00, e+1: -1.644645e+00, T: 1.1875e-05, no:      19, try:   2315250000
emin+1: -1.645476e+00, e+1: -1.645103e+00, T: 1.0000e-05, no:       1, try:   2362500000
emin+1: -1.645682e+00, e+1: -1.645306e+00, T: 7.4928e-06, no:       7, try:   2409750000
emin+1: -1.645682e+00, e+1: -1.645440e+00, T: 6.3096e-06, no:       5, try:   2457000000
emin+1: -1.645682e+00, e+1: -1.645518e+00, T: 4.7276e-06, no:       0, try:   2504250000
emin+1: -1.645712e+00, e+1: -1.645596e+00, T: 3.9811e-06, no:       0, try:   2551500000
emin+1: -1.645783e+00, e+1: -1.645670e+00, T: 2.9829e-06, no:       0, try:   2598750000
emin+1: -1.645903e+00, e+1: -1.645786e+00, T: 2.5119e-06, no:       0, try:   2646000000
emin+1: -1.646022e+00, e+1: -1.645911e+00, T: 1.8821e-06, no:       9, try:   2693250000
emin+1: -1.646206e+00, e+1: -1.646093e+00, T: 1.5849e-06, no:       0, try:   2740500000
emin+1: -1.646330e+00, e+1: -1.646262e+00, T: 1.1875e-06, no:       1, try:   2787750000
emin+1: -1.646472e+00, e+1: -1.646382e+00, T: 1.0000e-06, no:       3, try:   2835000000
emin+1: -1.646631e+00, e+1: -1.646542e+00, T: 7.4928e-07, no:      25, try:   2882250000
emin+1: -1.646740e+00, e+1: -1.646675e+00, T: 6.3096e-07, no:       8, try:   2929500000
emin+1: -1.646818e+00, e+1: -1.646774e+00, T: 4.7276e-07, no:       4, try:   2976750000
emin+1: -1.646878e+00, e+1: -1.646841e+00, T: 3.9811e-07, no:      13, try:   3024000000
emin+1: -1.646942e+00, e+1: -1.646904e+00, T: 2.9829e-07, no:      14, try:   3071250000
emin+1: -1.646989e+00, e+1: -1.646963e+00, T: 2.5119e-07, no:      54, try:   3118500000
emin+1: -1.647022e+00, e+1: -1.647003e+00, T: 1.8821e-07, no:       1, try:   3165750000
emin+1: -1.647043e+00, e+1: -1.647031e+00, T: 1.5849e-07, no:      48, try:   3213000000
emin+1: -1.647061e+00, e+1: -1.647050e+00, T: 1.1875e-07, no:      37, try:   3260250000
emin+1: -1.647074e+00, e+1: -1.647067e+00, T: 1.0000e-07, no:      43, try:   3307500000
emin+1: -1.647085e+00, e+1: -1.647078e+00, T: 7.4928e-08, no:       3, try:   3354750000
emin+1: -1.647092e+00, e+1: -1.647087e+00, T: 6.3096e-08, no:      10, try:   3402000000
emin+1: -1.647096e+00, e+1: -1.647094e+00, T: 4.7276e-08, no:       1, try:   3449250000
emin+1: -1.647099e+00, e+1: -1.647097e+00, T: 3.9811e-08, no:       0, try:   3496500000
emin+1: -1.647101e+00, e+1: -1.647099e+00, T: 2.9829e-08, no:      10, try:   3543750000
emin+1: -1.647102e+00, e+1: -1.647101e+00, T: 2.5119e-08, no:      25, try:   3591000000
emin+1: -1.647103e+00, e+1: -1.647102e+00, T: 1.8821e-08, no:      16, try:   3638250000
emin+1: -1.647103e+00, e+1: -1.647103e+00, T: 1.5849e-08, no:       1, try:   3685500000
emin+1: -1.647104e+00, e+1: -1.647104e+00, T: 1.1875e-08, no:       8, try:   3732750000
emin+1: -1.647104e+00, e+1: -1.647104e+00, T: 1.0000e-08, no:      40, try:   3780000000
emin+1: -1.647105e+00, e+1: -1.647104e+00, T: 7.4928e-09, no:      21, try:   3827250000
emin+1: -1.647105e+00, e+1: -1.647105e+00, T: 6.3096e-09, no:       1, try:   3874500000
emin+1: -1.647105e+00, e+1: -1.647105e+00, T: 4.7276e-09, no:       7, try:   3921750000
emin+1: -1.647105e+00, e+1: -1.647105e+00, T: 3.9811e-09, no:       1, try:   3969000000
emin+1: -1.647105e+00, e+1: -1.647105e+00, T: 2.9829e-09, no:       1, try:   4016250000
emin+1: -1.647105e+00, e+1: -1.647105e+00, T: 2.5119e-09, no:       9, try:   4063500000
emin+1: -1.647105e+00, e+1: -1.647105e+00, T: 1.8821e-09, no:       3, try:   4110750000
emin+1: -1.647105e+00, e+1: -1.647105e+00, T: 1.5849e-09, no:       1, try:   4158000000
emin+1: -1.647105e+00, e+1: -1.647105e+00, T: 1.1875e-09, no:       0, try:   4205250000
emin+1: -1.647105e+00, e+1: -1.647105e+00, T: 1.0000e-09, no:       0, try:   4252500000
emin+1: -1.647105e+00, e+1: -1.647105e+00, T: 7.4928e-10, no:       6, try:   4299750000
emin+1: -1.647105e+00, e+1: -1.647105e+00, T: 6.3096e-10, no:       3, try:   4347000000
emin+1: -1.647105e+00, e+1: -1.647105e+00, T: 4.7276e-10, no:      17, try:   4394250000
emin+1: -1.647105e+00, e+1: -1.647105e+00, T: 3.9811e-10, no:       1, try:   4441500000
emin+1: -1.647105e+00, e+1: -1.647105e+00, T: 2.9829e-10, no:       0, try:   4488750000
emin+1: -1.647105e+00, e+1: -1.647105e+00, T: 2.5119e-10, no:       1, try:   4536000000
emin+1: -1.647105e+00, e+1: -1.647105e+00, T: 1.8821e-10, no:       4, try:   4583250000
emin+1: -1.647105e+00, e+1: -1.647105e+00, T: 1.5849e-10, no:       2, try:   4630500000
emin+1: -1.647105e+00, e+1: -1.647105e+00, T: 1.1875e-10, no:       4, try:   4677750000
emin+1: -1.647105e+00, e+1: -1.647105e+00, T: 1.0000e-10, no:       0, try:   4725000000
emin+1: -1.647105e+00, e+1: -1.647105e+00, T: 7.4928e-11, no:       1, try:   4772250000
emin+1: -1.647105e+00, e+1: -1.647105e+00, T: 6.3096e-11, no:       0, try:   4819500000
emin+1: -1.647105e+00, e+1: -1.647105e+00, T: 4.7276e-11, no:       3, try:   4866750000
emin+1: -1.647105e+00, e+1: -1.647105e+00, T: 3.9811e-11, no:       2, try:   4914000000
emin+1: -1.647105e+00, e+1: -1.647105e+00, T: 2.9829e-11, no:       0, try:   4961250000
emin+1: -1.647105e+00, e+1: -1.647105e+00, T: 2.5119e-11, no:       1, try:   5008500000
emin+1: -1.647105e+00, e+1: -1.647105e+00, T: 1.8821e-11, no:       4, try:   5055750000
emin+1: -1.647105e+00, e+1: -1.647105e+00, T: 1.5849e-11, no:       1, try:   5103000000
emin+1: -1.647105e+00, e+1: -1.647105e+00, T: 1.1875e-11, no:       2, try:   5150250000
emin+1: -1.647105e+00, e+1: -1.647105e+00, T: 1.0000e-11, no:       6, try:   5197500000
emin+1: -1.647105e+00, e+1: -1.647105e+00, T: 7.4928e-12, no:       2, try:   5244750000
emin+1: -1.647105e+00, e+1: -1.647105e+00, T: 6.3096e-12, no:       4, try:   5292000000
emin+1: -1.647105e+00, e+1: -1.647105e+00, T: 4.7276e-12, no:       2, try:   5339250000
emin+1: -1.647105e+00, e+1: -1.647105e+00, T: 3.9811e-12, no:       3, try:   5386500000
emin+1: -1.647105e+00, e+1: -1.647105e+00, T: 2.9829e-12, no:       5, try:   5433750000
emin+1: -1.647105e+00, e+1: -1.647105e+00, T: 2.5119e-12, no:       1, try:   5481000000
emin+1: -1.647105e+00, e+1: -1.647105e+00, T: 1.8821e-12, no:       1, try:   5528250000
emin+1: -1.647105e+00, e+1: -1.647105e+00, T: 1.5849e-12, no:       2, try:   5575500000
emin+1: -1.647105e+00, e+1: -1.647105e+00, T: 1.1875e-12, no:       0, try:   5622750000
emin+1: -1.647105e+00, e+1: -1.647105e+00, T: 1.0000e-12, no:       1, try:   5670000000
emin+1: -1.647105e+00, e+1: -1.647105e+00, T: 7.4928e-13, no:       1, try:   5717250000
emin+1: -1.647105e+00, e+1: -1.647105e+00, T: 6.3096e-13, no:       2, try:   5764500000
emin+1: -1.647105e+00, e+1: -1.647105e+00, T: 4.7276e-13, no:       2, try:   5811750000
emin+1: -1.647105e+00, e+1: -1.647105e+00, T: 3.9811e-13, no:       0, try:   5859000000
emin+1: -1.647105e+00, e+1: -1.647105e+00, T: 2.9829e-13, no:       7, try:   5906250000
emin+1: -1.647105e+00, e+1: -1.647105e+00, T: 2.5119e-13, no:       0, try:   5953500000
emin+1: -1.647105e+00, e+1: -1.647105e+00, T: 1.8821e-13, no:       0, try:   6000750000
emin+1: -1.647105e+00, e+1: -1.647105e+00, T: 1.5849e-13, no:       0, try:   6048000000
emin+1: -1.647105e+00, e+1: -1.647105e+00, T: 1.1875e-13, no:       4, try:   6095250000
emin+1: -1.647105e+00, e+1: -1.647105e+00, T: 1.0000e-13, no:       4, try:   6142500000
emin+1: -1.647105e+00, e+1: -1.647105e+00, T: 7.4928e-14, no:      15, try:   6189750000
emin+1: -1.647105e+00, e+1: -1.647105e+00, T: 6.3096e-14, no:       7, try:   6237000000
emin+1: -1.647105e+00, e+1: -1.647105e+00, T: 4.7276e-14, no:       3, try:   6284250000
emin+1: -1.647105e+00, e+1: -1.647105e+00, T: 3.9811e-14, no:       3, try:   6331500000
emin+1: -1.647105e+00, e+1: -1.647105e+00, T: 2.9829e-14, no:       2, try:   6378750000
emin+1: -1.647105e+00, e+1: -1.647105e+00, T: 2.5119e-14, no:       2, try:   6426000000
emin+1: -1.647105e+00, e+1: -1.647105e+00, T: 1.8821e-14, no:       0, try:   6473250000
emin+1: -1.647105e+00, e+1: -1.647105e+00, T: 1.5849e-14, no:       1, try:   6520500000
emin+1: -1.647105e+00, e+1: -1.647105e+00, T: 1.1875e-14, no:       1, try:   6567750000
emin+1: -1.647105e+00, e+1: -1.647105e+00, T: 1.0000e-14, no:       1, try:   6615000000
emin+1: -1.647105e+00, e+1: -1.647105e+00, T: 7.4928e-15, no:       1, try:   6662250000
emin+1: -1.647105e+00, e+1: -1.647105e+00, T: 6.3096e-15, no:       1, try:   6709500000
emin+1: -1.647105e+00, e+1: -1.647105e+00, T: 4.7276e-15, no:       0, try:   6756750000
emin+1: -1.647105e+00, e+1: -1.647105e+00, T: 3.9811e-15, no:       2, try:   6804000000
emin+1: -1.647105e+00, e+1: -1.647105e+00, T: 2.9829e-15, no:       1, try:   6851250000
emin+1: -1.647105e+00, e+1: -1.647105e+00, T: 2.5119e-15, no:       0, try:   6898500000
emin+1: -1.647105e+00, e+1: -1.647105e+00, T: 1.8821e-15, no:       3, try:   6945750000
emin+1: -1.647105e+00, e+1: -1.647105e+00, T: 1.5849e-15, no:       2, try:   6993000000
emin+1: -1.647105e+00, e+1: -1.647105e+00, T: 1.1875e-15, no:       7, try:   7040250000
emin+1: -1.647105e+00, e+1: -1.647105e+00, T: 1.0000e-15, no:       5, try:   7087500000

Last chain: -2.647105194202580526240467518e+00
Best chain: -2.647105194202580831768639724e+00 (-2.647105194202580831768639724e+00)

Error: length:  0.000000000000000000000000000e+00, angle:  0.000000000000000000000000000e+00


Last chain: -2.647105194202580526240467518e+00
Best chain: -2.647105194202580831768639724e+00 (-2.647105194202580831768639724e+00)

Error: length:  0.000000000000000000000000000e+00, angle:  0.000000000000000000000000000e+00


6 55
emin+1:  0.000000e+00, e+1:  0.000000e+00, T: 1.0000e+00
