3 4
emin+1:  0.000000e+00, e+1:  0.000000e+00, T: 1.0000e+00
emin+1:  0.000000e+00, e+1:  3.399930e-01, T: 7.4928e-01, no:       1, try:     81000000
emin+1:  0.000000e+00, e+1:  3.390393e-01, T: 6.3096e-01, no:       0, try:    162000000
emin+1:  0.000000e+00, e+1:  3.376041e-01, T: 4.7276e-01, no:       1, try:    243000000
emin+1:  0.000000e+00, e+1:  3.360659e-01, T: 3.9811e-01, no:       0, try:    324000000
emin+1:  0.000000e+00, e+1:  3.337411e-01, T: 2.9829e-01, no:       1, try:    405000000
emin+1: -9.508544e-04, e+1:  3.307573e-01, T: 2.5119e-01, no:       0, try:    486000000
emin+1: -9.508544e-04, e+1:  3.267726e-01, T: 1.8821e-01, no:       0, try:    567000000
emin+1: -1.845424e-03, e+1:  3.217593e-01, T: 1.5849e-01, no:       2, try:    648000000
emin+1: -1.845424e-03, e+1:  3.139578e-01, T: 1.1875e-01, no:       1, try:    729000000
emin+1: -1.845424e-03, e+1:  3.046221e-01, T: 1.0000e-01, no:       2, try:    810000000
emin+1: -1.845424e-03, e+1:  2.892228e-01, T: 7.4928e-02, no:       1, try:    891000000
emin+1: -1.845424e-03, e+1:  2.695824e-01, T: 6.3096e-02, no:       1, try:    972000000
emin+1: -3.426213e-03, e+1:  2.383853e-01, T: 4.7276e-02, no:       2, try:   1053000000
emin+1: -3.426213e-03, e+1:  2.011399e-01, T: 3.9811e-02, no:       0, try:   1134000000
emin+1: -3.426213e-03, e+1:  1.545381e-01, T: 2.9829e-02, no:       1, try:   1215000000
emin+1: -4.557305e-03, e+1:  1.165661e-01, T: 2.5119e-02, no:       0, try:   1296000000
emin+1: -5.057802e-03, e+1:  8.511062e-02, T: 1.8821e-02, no:       0, try:   1377000000
emin+1: -6.144272e-03, e+1:  6.426961e-02, T: 1.5849e-02, no:       5, try:   1458000000
emin+1: -6.144272e-03, e+1:  4.844659e-02, T: 1.1875e-02, no:       0, try:   1539000000
emin+1: -6.144272e-03, e+1:  3.732572e-02, T: 1.0000e-02, no:       1, try:   1620000000
emin+1: -6.890102e-03, e+1:  2.822981e-02, T: 7.4928e-03, no:       6, try:   1701000000
emin+1: -6.890102e-03, e+1:  2.170017e-02, T: 6.3096e-03, no:       0, try:   1782000000
emin+1: -6.890102e-03, e+1:  1.639650e-02, T: 4.7276e-03, no:       1, try:   1863000000
emin+1: -6.890102e-03, e+1:  1.242280e-02, T: 3.9811e-03, no:       0, try:   1944000000
emin+1: -6.890102e-03, e+1:  9.227434e-03, T: 2.9829e-03, no:       0, try:   2025000000
emin+1: -6.890102e-03, e+1:  6.827093e-03, T: 2.5119e-03, no:       2, try:   2106000000
emin+1: -6.961946e-03, e+1:  4.822116e-03, T: 1.8821e-03, no:       8, try:   2187000000
emin+1: -7.044118e-03, e+1:  3.221036e-03, T: 1.5849e-03, no:       4, try:   2268000000
emin+1: -7.044118e-03, e+1:  1.782516e-03, T: 1.1875e-03, no:       1, try:   2349000000
emin+1: -7.271528e-03, e+1:  4.119969e-04, T: 1.0000e-03, no:       0, try:   2430000000
emin+1: -7.271528e-03, e+1: -1.131060e-03, T: 7.4928e-04, no:       5, try:   2511000000
emin+1: -7.350696e-03, e+1: -2.524318e-03, T: 6.3096e-04, no:       4, try:   2592000000
emin+1: -7.350696e-03, e+1: -3.742256e-03, T: 4.7276e-04, no:       0, try:   2673000000
emin+1: -7.350696e-03, e+1: -4.554569e-03, T: 3.9811e-04, no:       7, try:   2754000000
emin+1: -7.363780e-03, e+1: -5.181557e-03, T: 2.9829e-04, no:       1, try:   2835000000
emin+1: -7.379442e-03, e+1: -5.655538e-03, T: 2.5119e-04, no:       5, try:   2916000000
emin+1: -7.390565e-03, e+1: -6.036507e-03, T: 1.8821e-04, no:       5, try:   2997000000
emin+1: -7.409329e-03, e+1: -6.324413e-03, T: 1.5849e-04, no:       1, try:   3078000000
emin+1: -7.409329e-03, e+1: -6.555825e-03, T: 1.1875e-04, no:       8, try:   3159000000
emin+1: -7.410694e-03, e+1: -6.733298e-03, T: 1.0000e-04, no:      19, try:   3240000000
emin+1: -7.410694e-03, e+1: -6.880208e-03, T: 7.4928e-05, no:       4, try:   3321000000
emin+1: -7.410694e-03, e+1: -6.992659e-03, T: 6.3096e-05, no:       1, try:   3402000000
emin+1: -7.419749e-03, e+1: -7.083891e-03, T: 4.7276e-05, no:       0, try:   3483000000
emin+1: -7.419749e-03, e+1: -7.156724e-03, T: 3.9811e-05, no:       9, try:   3564000000
emin+1: -7.425919e-03, e+1: -7.214148e-03, T: 2.9829e-05, no:      23, try:   3645000000
emin+1: -7.425919e-03, e+1: -7.258575e-03, T: 2.5119e-05, no:      14, try:   3726000000
emin+1: -7.428757e-03, e+1: -7.294167e-03, T: 1.8821e-05, no:       3, try:   3807000000
emin+1: -7.428757e-03, e+1: -7.323893e-03, T: 1.5849e-05, no:       0, try:   3888000000
emin+1: -7.431020e-03, e+1: -7.346673e-03, T: 1.1875e-05, no:       3, try:   3969000000
emin+1: -7.431527e-03, e+1: -7.363335e-03, T: 1.0000e-05, no:       0, try:   4050000000
emin+1: -7.432237e-03, e+1: -7.378870e-03, T: 7.4928e-06, no:       4, try:   4131000000
emin+1: -7.432272e-03, e+1: -7.389446e-03, T: 6.3096e-06, no:       2, try:   4212000000
emin+1: -7.432810e-03, e+1: -7.399239e-03, T: 4.7276e-06, no:      11, try:   4293000000
emin+1: -7.432969e-03, e+1: -7.406098e-03, T: 3.9811e-06, no:      24, try:   4374000000
emin+1: -7.433696e-03, e+1: -7.412255e-03, T: 2.9829e-06, no:       3, try:   4455000000
emin+1: -7.433696e-03, e+1: -7.416560e-03, T: 2.5119e-06, no:      10, try:   4536000000
emin+1: -7.433838e-03, e+1: -7.420401e-03, T: 1.8821e-06, no:      10, try:   4617000000
emin+1: -7.434087e-03, e+1: -7.423053e-03, T: 1.5849e-06, no:      26, try:   4698000000
emin+1: -7.434421e-03, e+1: -7.425603e-03, T: 1.1875e-06, no:      42, try:   4779000000
emin+1: -7.434421e-03, e+1: -7.427423e-03, T: 1.0000e-06, no:      73, try:   4860000000
emin+1: -7.434543e-03, e+1: -7.428896e-03, T: 7.4928e-07, no:      47, try:   4941000000
emin+1: -7.434543e-03, e+1: -7.430012e-03, T: 6.3096e-07, no:       4, try:   5022000000
emin+1: -7.434642e-03, e+1: -7.430980e-03, T: 4.7276e-07, no:      78, try:   5103000000
emin+1: -7.434642e-03, e+1: -7.431786e-03, T: 3.9811e-07, no:       0, try:   5184000000
emin+1: -7.434661e-03, e+1: -7.432468e-03, T: 2.9829e-07, no:      74, try:   5265000000
emin+1: -7.434661e-03, e+1: -7.432884e-03, T: 2.5119e-07, no:      15, try:   5346000000
emin+1: -7.434661e-03, e+1: -7.433251e-03, T: 1.8821e-07, no:      31, try:   5427000000
emin+1: -7.434680e-03, e+1: -7.433591e-03, T: 1.5849e-07, no:      51, try:   5508000000
emin+1: -7.434680e-03, e+1: -7.433794e-03, T: 1.1875e-07, no:      68, try:   5589000000
emin+1: -7.434698e-03, e+1: -7.434002e-03, T: 1.0000e-07, no:      68, try:   5670000000
emin+1: -7.434713e-03, e+1: -7.434175e-03, T: 7.4928e-08, no:      23, try:   5751000000
emin+1: -7.434727e-03, e+1: -7.434313e-03, T: 6.3096e-08, no:      14, try:   5832000000
emin+1: -7.434727e-03, e+1: -7.434389e-03, T: 4.7276e-08, no:     113, try:   5913000000
emin+1: -7.434739e-03, e+1: -7.434465e-03, T: 3.9811e-08, no:     301, try:   5994000000
emin+1: -7.434741e-03, e+1: -7.434529e-03, T: 2.9829e-08, no:     317, try:   6075000000
emin+1: -7.434743e-03, e+1: -7.434571e-03, T: 2.5119e-08, no:      68, try:   6156000000
emin+1: -7.434749e-03, e+1: -7.434608e-03, T: 1.8821e-08, no:     303, try:   6237000000
emin+1: -7.434750e-03, e+1: -7.434643e-03, T: 1.5849e-08, no:      67, try:   6318000000
emin+1: -7.434751e-03, e+1: -7.434666e-03, T: 1.1875e-08, no:     239, try:   6399000000
emin+1: -7.434751e-03, e+1: -7.434686e-03, T: 1.0000e-08, no:    1238, try:   6480000000
emin+1: -7.434753e-03, e+1: -7.434698e-03, T: 7.4928e-09, no:     133, try:   6561000000
emin+1: -7.434753e-03, e+1: -7.434711e-03, T: 6.3096e-09, no:     182, try:   6642000000
emin+1: -7.434753e-03, e+1: -7.434720e-03, T: 4.7276e-09, no:      80, try:   6723000000
emin+1: -7.434754e-03, e+1: -7.434727e-03, T: 3.9811e-09, no:     264, try:   6804000000
emin+1: -7.434755e-03, e+1: -7.434735e-03, T: 2.9829e-09, no:    2102, try:   6885000000
emin+1: -7.434756e-03, e+1: -7.434738e-03, T: 2.5119e-09, no:    1467, try:   6966000000
emin+1: -7.434756e-03, e+1: -7.434742e-03, T: 1.8821e-09, no:    1525, try:   7047000000
emin+1: -7.434756e-03, e+1: -7.434745e-03, T: 1.5849e-09, no:    2284, try:   7128000000
emin+1: -7.434756e-03, e+1: -7.434748e-03, T: 1.1875e-09, no:     989, try:   7209000000
emin+1: -7.434756e-03, e+1: -7.434750e-03, T: 1.0000e-09, no:    4266, try:   7290000000
emin+1: -7.434757e-03, e+1: -7.434751e-03, T: 7.4928e-10, no:     335, try:   7371000000
emin+1: -7.434757e-03, e+1: -7.434752e-03, T: 6.3096e-10, no:    4743, try:   7452000000
emin+1: -7.434757e-03, e+1: -7.434753e-03, T: 4.7276e-10, no:     153, try:   7533000000
emin+1: -7.434757e-03, e+1: -7.434754e-03, T: 3.9811e-10, no:    5336, try:   7614000000
emin+1: -7.434757e-03, e+1: -7.434754e-03, T: 2.9829e-10, no:     187, try:   7695000000
emin+1: -7.434757e-03, e+1: -7.434755e-03, T: 2.5119e-10, no:    3713, try:   7776000000
emin+1: -7.434757e-03, e+1: -7.434755e-03, T: 1.8821e-10, no:     877, try:   7857000000
emin+1: -7.434757e-03, e+1: -7.434756e-03, T: 1.5849e-10, no:    9448, try:   7938000000
emin+1: -7.434757e-03, e+1: -7.434756e-03, T: 1.1875e-10, no:     362, try:   8019000000
emin+1: -7.434757e-03, e+1: -7.434756e-03, T: 1.0000e-10, no:     407, try:   8100000000
emin+1: -7.434757e-03, e+1: -7.434756e-03, T: 7.4928e-11, no:     323, try:   8181000000
emin+1: -7.434757e-03, e+1: -7.434756e-03, T: 6.3096e-11, no:    3616, try:   8262000000
emin+1: -7.434757e-03, e+1: -7.434756e-03, T: 4.7276e-11, no:   14333, try:   8343000000
emin+1: -7.434757e-03, e+1: -7.434757e-03, T: 3.9811e-11, no:     746, try:   8424000000
emin+1: -7.434757e-03, e+1: -7.434757e-03, T: 2.9829e-11, no:     626, try:   8505000000
emin+1: -7.434757e-03, e+1: -7.434757e-03, T: 2.5119e-11, no:    2117, try:   8586000000
emin+1: -7.434757e-03, e+1: -7.434757e-03, T: 1.8821e-11, no:    1804, try:   8667000000
emin+1: -7.434757e-03, e+1: -7.434757e-03, T: 1.5849e-11, no:     259, try:   8748000000
emin+1: -7.434757e-03, e+1: -7.434757e-03, T: 1.1875e-11, no:    5561, try:   8829000000
emin+1: -7.434757e-03, e+1: -7.434757e-03, T: 1.0000e-11, no:    5657, try:   8910000000
emin+1: -7.434757e-03, e+1: -7.434757e-03, T: 7.4928e-12, no:   17838, try:   8991000000
emin+1: -7.434757e-03, e+1: -7.434757e-03, T: 6.3096e-12, no:    3915, try:   9072000000
emin+1: -7.434757e-03, e+1: -7.434757e-03, T: 4.7276e-12, no:    8815, try:   9153000000
emin+1: -7.434757e-03, e+1: -7.434757e-03, T: 3.9811e-12, no:   10341, try:   9234000000
emin+1: -7.434757e-03, e+1: -7.434757e-03, T: 2.9829e-12, no:   37414, try:   9315000000
emin+1: -7.434757e-03, e+1: -7.434757e-03, T: 2.5119e-12, no:   36404, try:   9396000000
emin+1: -7.434757e-03, e+1: -7.434757e-03, T: 1.8821e-12, no:   10601, try:   9477000000
emin+1: -7.434757e-03, e+1: -7.434757e-03, T: 1.5849e-12, no:   21397, try:   9558000000
emin+1: -7.434757e-03, e+1: -7.434757e-03, T: 1.1875e-12, no:   41975, try:   9639000000
emin+1: -7.434757e-03, e+1: -7.434757e-03, T: 1.0000e-12, no:    5002, try:   9720000000
emin+1: -7.434757e-03, e+1: -7.434757e-03, T: 7.4928e-13, no:   35894, try:   9801000000
emin+1: -7.434757e-03, e+1: -7.434757e-03, T: 6.3096e-13, no:   18315, try:   9882000000
emin+1: -7.434757e-03, e+1: -7.434757e-03, T: 4.7276e-13, no:    1055, try:   9963000000
emin+1: -7.434757e-03, e+1: -7.434757e-03, T: 3.9811e-13, no:    3564, try:  10044000000
emin+1: -7.434757e-03, e+1: -7.434757e-03, T: 2.9829e-13, no:   15480, try:  10125000000
emin+1: -7.434757e-03, e+1: -7.434757e-03, T: 2.5119e-13, no:   58010, try:  10206000000
emin+1: -7.434757e-03, e+1: -7.434757e-03, T: 1.8821e-13, no:   35450, try:  10287000000
emin+1: -7.434757e-03, e+1: -7.434757e-03, T: 1.5849e-13, no:   13790, try:  10368000000
emin+1: -7.434757e-03, e+1: -7.434757e-03, T: 1.1875e-13, no:    1008, try:  10449000000
emin+1: -7.434757e-03, e+1: -7.434757e-03, T: 1.0000e-13, no:     452, try:  10530000000
emin+1: -7.434757e-03, e+1: -7.434757e-03, T: 7.4928e-14, no:    1275, try:  10611000000
emin+1: -7.434757e-03, e+1: -7.434757e-03, T: 6.3096e-14, no:   13404, try:  10692000000
emin+1: -7.434757e-03, e+1: -7.434757e-03, T: 4.7276e-14, no:   19409, try:  10773000000
emin+1: -7.434757e-03, e+1: -7.434757e-03, T: 3.9811e-14, no:    2398, try:  10854000000
emin+1: -7.434757e-03, e+1: -7.434757e-03, T: 2.9829e-14, no:    4180, try:  10935000000
emin+1: -7.434757e-03, e+1: -7.434757e-03, T: 2.5119e-14, no:   74730, try:  11016000000
emin+1: -7.434757e-03, e+1: -7.434757e-03, T: 1.8821e-14, no:      52, try:  11097000000
emin+1: -7.434757e-03, e+1: -7.434757e-03, T: 1.5849e-14, no:    5159, try:  11178000000
emin+1: -7.434757e-03, e+1: -7.434757e-03, T: 1.1875e-14, no:    2404, try:  11259000000
emin+1: -7.434757e-03, e+1: -7.434757e-03, T: 1.0000e-14, no:    2258, try:  11340000000
emin+1: -7.434757e-03, e+1: -7.434757e-03, T: 7.4928e-15, no:     359, try:  11421000000
emin+1: -7.434757e-03, e+1: -7.434757e-03, T: 6.3096e-15, no:   12567, try:  11502000000
emin+1: -7.434757e-03, e+1: -7.434757e-03, T: 4.7276e-15, no:    7140, try:  11583000000
emin+1: -7.434757e-03, e+1: -7.434757e-03, T: 3.9811e-15, no:   11707, try:  11664000000
emin+1: -7.434757e-03, e+1: -7.434757e-03, T: 2.9829e-15, no:    2585, try:  11745000000
emin+1: -7.434757e-03, e+1: -7.434757e-03, T: 2.5119e-15, no:    2569, try:  11826000000
emin+1: -7.434757e-03, e+1: -7.434757e-03, T: 1.8821e-15, no:    1575, try:  11907000000
emin+1: -7.434757e-03, e+1: -7.434757e-03, T: 1.5849e-15, no:   10438, try:  11988000000
emin+1: -7.434757e-03, e+1: -7.434757e-03, T: 1.1875e-15, no:    3154, try:  12069000000
emin+1: -7.434757e-03, e+1: -7.434757e-03, T: 1.0000e-15, no:    1663, try:  12150000000

Last chain: -1.007434756882815138096659568e+00
Best chain: -1.007434756883616687461735495e+00 (-1.007434756883616687461735495e+00)

Error: length:  0.000000000000000000000000000e+00, angle:  0.000000000000000000000000000e+00


Last chain: -1.007434756882815138096659568e+00
Best chain: -1.007434756883616687461735495e+00 (-1.007434756883616687461735495e+00)

Error: length:  0.000000000000000000000000000e+00, angle:  0.000000000000000000000000000e+00


6 7
emin+1:  0.000000e+00, e+1:  0.000000e+00, T: 1.0000e+00
emin+1:  0.000000e+00, e+1:  5.397849e-01, T: 7.4928e-01, no:       1, try:   1134000000
emin+1:  0.000000e+00, e+1:  5.396553e-01, T: 6.3096e-01, no:       7, try:   2268000000
emin+1:  0.000000e+00, e+1:  5.394603e-01, T: 4.7276e-01, no:       0, try:   3402000000
emin+1:  0.000000e+00, e+1:  5.392383e-01, T: 3.9811e-01, no:       2, try:   4536000000
emin+1:  0.000000e+00, e+1:  5.389670e-01, T: 2.9829e-01, no:       1, try:   5670000000
emin+1:  0.000000e+00, e+1:  5.386053e-01, T: 2.5119e-01, no:       1, try:   6804000000
emin+1:  0.000000e+00, e+1:  5.380973e-01, T: 1.8821e-01, no:       0, try:   7938000000
emin+1:  0.000000e+00, e+1:  5.375402e-01, T: 1.5849e-01, no:       0, try:   9072000000
emin+1:  0.000000e+00, e+1:  5.367601e-01, T: 1.1875e-01, no:       0, try:  10206000000
emin+1:  0.000000e+00, e+1:  5.358724e-01, T: 1.0000e-01, no:       1, try:  11340000000
emin+1:  0.000000e+00, e+1:  5.345296e-01, T: 7.4928e-02, no:       0, try:  12474000000
emin+1:  0.000000e+00, e+1:  5.329928e-01, T: 6.3096e-02, no:       1, try:  13608000000
emin+1:  0.000000e+00, e+1:  5.306795e-01, T: 4.7276e-02, no:       2, try:  14742000000
emin+1:  0.000000e+00, e+1:  5.279307e-01, T: 3.9811e-02, no:       3, try:  15876000000
emin+1:  0.000000e+00, e+1:  5.236781e-01, T: 2.9829e-02, no:       0, try:  17010000000
emin+1:  0.000000e+00, e+1:  5.182130e-01, T: 2.5119e-02, no:       0, try:  18144000000
emin+1:  0.000000e+00, e+1:  5.089962e-01, T: 1.8821e-02, no:       0, try:  19278000000
emin+1:  0.000000e+00, e+1:  4.944878e-01, T: 1.5849e-02, no:       0, try:  20412000000
emin+1:  0.000000e+00, e+1:  4.501022e-01, T: 1.1875e-02, no:       0, try:  21546000000
emin+1:  0.000000e+00, e+1:  3.257423e-01, T: 1.0000e-02, no:       0, try:  22680000000
emin+1:  0.000000e+00, e+1:  1.935238e-01, T: 7.4928e-03, no:       2, try:  23814000000
emin+1:  0.000000e+00, e+1:  1.382324e-01, T: 6.3096e-03, no:       6, try:  24948000000
emin+1:  0.000000e+00, e+1:  1.035411e-01, T: 4.7276e-03, no:       0, try:  26082000000
emin+1:  0.000000e+00, e+1:  7.963547e-02, T: 3.9811e-03, no:       2, try:  27216000000
emin+1:  0.000000e+00, e+1:  6.078571e-02, T: 2.9829e-03, no:       0, try:  28350000000
emin+1:  0.000000e+00, e+1:  4.719571e-02, T: 2.5119e-03, no:       0, try:  29484000000
emin+1:  0.000000e+00, e+1:  3.639229e-02, T: 1.8821e-03, no:       3, try:  30618000000
emin+1:  0.000000e+00, e+1:  2.862742e-02, T: 1.5849e-03, no:       0, try:  31752000000
emin+1:  0.000000e+00, e+1:  2.235451e-02, T: 1.1875e-03, no:       3, try:  32886000000
emin+1:  0.000000e+00, e+1:  1.771137e-02, T: 1.0000e-03, no:       0, try:  34020000000
emin+1:  0.000000e+00, e+1:  1.384869e-02, T: 7.4928e-04, no:       1, try:  35154000000
emin+1:  0.000000e+00, e+1:  1.093414e-02, T: 6.3096e-04, no:       2, try:  36288000000
emin+1:  0.000000e+00, e+1:  8.504312e-03, T: 4.7276e-04, no:       5, try:  37422000000
emin+1:  0.000000e+00, e+1:  6.678792e-03, T: 3.9811e-04, no:       0, try:  38556000000
emin+1:  0.000000e+00, e+1:  5.178610e-03, T: 2.9829e-04, no:       0, try:  39690000000
emin+1:  0.000000e+00, e+1:  4.077671e-03, T: 2.5119e-04, no:       4, try:  40824000000
emin+1:  0.000000e+00, e+1:  3.171871e-03, T: 1.8821e-04, no:       0, try:  41958000000
emin+1:  0.000000e+00, e+1:  2.500062e-03, T: 1.5849e-04, no:       5, try:  43092000000
emin+1:  0.000000e+00, e+1:  1.953217e-03, T: 1.1875e-04, no:       3, try:  44226000000
emin+1:  0.000000e+00, e+1:  1.544647e-03, T: 1.0000e-04, no:       1, try:  45360000000
emin+1:  0.000000e+00, e+1:  1.196369e-03, T: 7.4928e-05, no:       3, try:  46494000000
emin+1:  0.000000e+00, e+1:  9.385944e-04, T: 6.3096e-05, no:       1, try:  47628000000
emin+1:  0.000000e+00, e+1:  7.242879e-04, T: 4.7276e-05, no:       5, try:  48762000000
emin+1:  0.000000e+00, e+1:  5.636342e-04, T: 3.9811e-05, no:       1, try:  49896000000
emin+1:  0.000000e+00, e+1:  4.333054e-04, T: 2.9829e-05, no:       1, try:  51030000000
emin+1:  0.000000e+00, e+1:  3.369722e-04, T: 2.5119e-05, no:       7, try:  52164000000
emin+1:  0.000000e+00, e+1:  2.603677e-04, T: 1.8821e-05, no:       0, try:  53298000000
emin+1:  0.000000e+00, e+1:  2.035494e-04, T: 1.5849e-05, no:       6, try:  54432000000
emin+1:  0.000000e+00, e+1:  1.561549e-04, T: 1.1875e-05, no:       1, try:  55566000000
emin+1:  0.000000e+00, e+1:  1.221838e-04, T: 1.0000e-05, no:       2, try:  56700000000
emin+1:  0.000000e+00, e+1:  9.327339e-05, T: 7.4928e-06, no:       5, try:  57834000000
emin+1:  0.000000e+00, e+1:  7.140691e-05, T: 6.3096e-06, no:      11, try:  58968000000
emin+1:  0.000000e+00, e+1:  5.464792e-05, T: 4.7276e-06, no:       0, try:  60102000000
emin+1:  0.000000e+00, e+1:  4.139144e-05, T: 3.9811e-06, no:       1, try:  61236000000
emin+1:  0.000000e+00, e+1:  3.145513e-05, T: 2.9829e-06, no:       6, try:  62370000000
emin+1:  0.000000e+00, e+1:  2.378735e-05, T: 2.5119e-06, no:       1, try:  63504000000
emin+1: -6.770627e-07, e+1:  1.809305e-05, T: 1.8821e-06, no:      10, try:  64638000000
emin+1: -3.155296e-06, e+1:  1.421705e-05, T: 1.5849e-06, no:       2, try:  65772000000
emin+1: -3.155296e-06, e+1:  9.381413e-06, T: 1.1875e-06, no:       0, try:  66906000000
emin+1: -3.155296e-06, e+1:  8.289439e-06, T: 1.0000e-06, no:       9, try:  68040000000
emin+1: -3.155296e-06, e+1:  5.258745e-06, T: 7.4928e-07, no:      10, try:  69174000000
emin+1: -3.155296e-06, e+1:  3.922223e-06, T: 6.3096e-07, no:       1, try:  70308000000
emin+1: -3.155296e-06, e+1:  3.064678e-06, T: 4.7276e-07, no:       7, try:  71442000000
emin+1: -3.155296e-06, e+1:  2.135383e-06, T: 3.9811e-07, no:       1, try:  72576000000
emin+1: -3.155296e-06, e+1:  7.338941e-07, T: 2.9829e-07, no:       9, try:  73710000000
emin+1: -3.348563e-06, e+1: -1.129289e-06, T: 2.5119e-07, no:      14, try:  74844000000
emin+1: -5.214464e-06, e+1: -3.271168e-06, T: 1.8821e-07, no:      26, try:  75978000000
emin+1: -7.716505e-06, e+1: -5.576055e-06, T: 1.5849e-07, no:       4, try:  77112000000
emin+1: -8.354092e-06, e+1: -6.937325e-06, T: 1.1875e-07, no:       0, try:  78246000000
emin+1: -8.354092e-06, e+1: -6.857728e-06, T: 1.0000e-07, no:       7, try:  79380000000
emin+1: -8.867664e-06, e+1: -8.142227e-06, T: 7.4928e-08, no:       2, try:  80514000000
emin+1: -9.397255e-06, e+1: -8.668619e-06, T: 6.3096e-08, no:      11, try:  81648000000
emin+1: -9.473070e-06, e+1: -9.032319e-06, T: 4.7276e-08, no:       7, try:  82782000000
emin+1: -9.473070e-06, e+1: -9.158000e-06, T: 3.9811e-08, no:       5, try:  83916000000
emin+1: -9.497631e-06, e+1: -9.220791e-06, T: 2.9829e-08, no:       4, try:  85050000000
emin+1: -9.696501e-06, e+1: -9.453092e-06, T: 2.5119e-08, no:       9, try:  86184000000
emin+1: -9.926362e-06, e+1: -9.679654e-06, T: 1.8821e-08, no:      16, try:  87318000000
emin+1: -1.010455e-05, e+1: -9.916827e-06, T: 1.5849e-08, no:       7, try:  88452000000
emin+1: -1.010455e-05, e+1: -9.971243e-06, T: 1.1875e-08, no:       5, try:  89586000000
emin+1: -1.010589e-05, e+1: -1.001666e-05, T: 1.0000e-08, no:      15, try:  90720000000
emin+1: -1.015087e-05, e+1: -1.008401e-05, T: 7.4928e-09, no:       3, try:  91854000000
emin+1: -1.016373e-05, e+1: -1.011980e-05, T: 6.3096e-09, no:       1, try:  92988000000
emin+1: -1.020924e-05, e+1: -1.015653e-05, T: 4.7276e-09, no:      12, try:  94122000000
emin+1: -1.023081e-05, e+1: -1.019905e-05, T: 3.9811e-09, no:       9, try:  95256000000
emin+1: -1.024938e-05, e+1: -1.021862e-05, T: 2.9829e-09, no:       8, try:  96390000000
emin+1: -1.025067e-05, e+1: -1.023309e-05, T: 2.5119e-09, no:      24, try:  97524000000
emin+1: -1.025242e-05, e+1: -1.023969e-05, T: 1.8821e-09, no:       2, try:  98658000000
emin+1: -1.025503e-05, e+1: -1.024522e-05, T: 1.5849e-09, no:      33, try:  99792000000
emin+1: -1.026002e-05, e+1: -1.025075e-05, T: 1.1875e-09, no:       2, try: 100926000000
emin+1: -1.026002e-05, e+1: -1.025279e-05, T: 1.0000e-09, no:      18, try: 102060000000
emin+1: -1.026159e-05, e+1: -1.025620e-05, T: 7.4928e-10, no:      25, try: 103194000000
emin+1: -1.026304e-05, e+1: -1.025912e-05, T: 6.3096e-10, no:       2, try: 104328000000
emin+1: -1.026454e-05, e+1: -1.026148e-05, T: 4.7276e-10, no:       8, try: 105462000000
emin+1: -1.026564e-05, e+1: -1.026292e-05, T: 3.9811e-10, no:       2, try: 106596000000
emin+1: -1.026591e-05, e+1: -1.026429e-05, T: 2.9829e-10, no:       4, try: 107730000000
emin+1: -1.026699e-05, e+1: -1.026551e-05, T: 2.5119e-10, no:       3, try: 108864000000
emin+1: -1.026720e-05, e+1: -1.026613e-05, T: 1.8821e-10, no:       3, try: 109998000000
emin+1: -1.026720e-05, e+1: -1.026631e-05, T: 1.5849e-10, no:       4, try: 111132000000
emin+1: -1.026720e-05, e+1: -1.026634e-05, T: 1.1875e-10, no:       2, try: 112266000000
emin+1: -1.026720e-05, e+1: -1.026644e-05, T: 1.0000e-10, no:       2, try: 113400000000
emin+1: -1.026720e-05, e+1: -1.026670e-05, T: 7.4928e-11, no:       3, try: 114534000000
emin+1: -1.026720e-05, e+1: -1.026683e-05, T: 6.3096e-11, no:       1, try: 115668000000
emin+1: -1.026720e-05, e+1: -1.026693e-05, T: 4.7276e-11, no:       3, try: 116802000000
emin+1: -1.026720e-05, e+1: -1.026700e-05, T: 3.9811e-11, no:      10, try: 117936000000
emin+1: -1.026720e-05, e+1: -1.026704e-05, T: 2.9829e-11, no:       2, try: 119070000000
emin+1: -1.026721e-05, e+1: -1.026709e-05, T: 2.5119e-11, no:       1, try: 120204000000
emin+1: -1.026723e-05, e+1: -1.026713e-05, T: 1.8821e-11, no:       4, try: 121338000000
emin+1: -1.026723e-05, e+1: -1.026714e-05, T: 1.5849e-11, no:       0, try: 122472000000
emin+1: -1.026724e-05, e+1: -1.026718e-05, T: 1.1875e-11, no:       4, try: 123606000000
emin+1: -1.026724e-05, e+1: -1.026719e-05, T: 1.0000e-11, no:       0, try: 124740000000
emin+1: -1.026725e-05, e+1: -1.026721e-05, T: 7.4928e-12, no:       3, try: 125874000000
emin+1: -1.026725e-05, e+1: -1.026722e-05, T: 6.3096e-12, no:       2, try: 127008000000
emin+1: -1.026725e-05, e+1: -1.026723e-05, T: 4.7276e-12, no:       0, try: 128142000000
emin+1: -1.026726e-05, e+1: -1.026724e-05, T: 3.9811e-12, no:       3, try: 129276000000
emin+1: -1.026726e-05, e+1: -1.026724e-05, T: 2.9829e-12, no:       3, try: 130410000000
emin+1: -1.026726e-05, e+1: -1.026725e-05, T: 2.5119e-12, no:       2, try: 131544000000
emin+1: -1.026726e-05, e+1: -1.026725e-05, T: 1.8821e-12, no:      10, try: 132678000000
emin+1: -1.026726e-05, e+1: -1.026725e-05, T: 1.5849e-12, no:       3, try: 133812000000
emin+1: -1.026726e-05, e+1: -1.026726e-05, T: 1.1875e-12, no:       7, try: 134946000000
emin+1: -1.026726e-05, e+1: -1.026726e-05, T: 1.0000e-12, no:       5, try: 136080000000
emin+1: -1.026726e-05, e+1: -1.026726e-05, T: 7.4928e-13, no:       9, try: 137214000000
emin+1: -1.026726e-05, e+1: -1.026726e-05, T: 6.3096e-13, no:       1, try: 138348000000
emin+1: -1.026726e-05, e+1: -1.026726e-05, T: 4.7276e-13, no:       9, try: 139482000000
emin+1: -1.026726e-05, e+1: -1.026726e-05, T: 3.9811e-13, no:       2, try: 140616000000
emin+1: -1.026726e-05, e+1: -1.026726e-05, T: 2.9829e-13, no:       1, try: 141750000000
emin+1: -1.026726e-05, e+1: -1.026726e-05, T: 2.5119e-13, no:      10, try: 142884000000
emin+1: -1.026726e-05, e+1: -1.026726e-05, T: 1.8821e-13, no:       4, try: 144018000000
emin+1: -1.026726e-05, e+1: -1.026726e-05, T: 1.5849e-13, no:       2, try: 145152000000
emin+1: -1.026726e-05, e+1: -1.026726e-05, T: 1.1875e-13, no:       2, try: 146286000000
emin+1: -1.026726e-05, e+1: -1.026726e-05, T: 1.0000e-13, no:       0, try: 147420000000
emin+1: -1.026726e-05, e+1: -1.026726e-05, T: 7.4928e-14, no:       1, try: 148554000000
emin+1: -1.026726e-05, e+1: -1.026726e-05, T: 6.3096e-14, no:       0, try: 149688000000
emin+1: -1.026726e-05, e+1: -1.026726e-05, T: 4.7276e-14, no:       0, try: 150822000000
emin+1: -1.026726e-05, e+1: -1.026726e-05, T: 3.9811e-14, no:       1, try: 151956000000
emin+1: -1.026726e-05, e+1: -1.026726e-05, T: 2.9829e-14, no:       1, try: 153090000000
emin+1: -1.026726e-05, e+1: -1.026726e-05, T: 2.5119e-14, no:       1, try: 154224000000
emin+1: -1.026726e-05, e+1: -1.026726e-05, T: 1.8821e-14, no:       3, try: 155358000000
emin+1: -1.026726e-05, e+1: -1.026726e-05, T: 1.5849e-14, no:       4, try: 156492000000
emin+1: -1.026726e-05, e+1: -1.026726e-05, T: 1.1875e-14, no:       0, try: 157626000000
emin+1: -1.026726e-05, e+1: -1.026726e-05, T: 1.0000e-14, no:       2, try: 158760000000
emin+1: -1.026726e-05, e+1: -1.026726e-05, T: 7.4928e-15, no:       0, try: 159894000000
emin+1: -1.026726e-05, e+1: -1.026726e-05, T: 6.3096e-15, no:       0, try: 161028000000
emin+1: -1.026726e-05, e+1: -1.026726e-05, T: 4.7276e-15, no:       5, try: 162162000000
emin+1: -1.026726e-05, e+1: -1.026726e-05, T: 3.9811e-15, no:       1, try: 163296000000
emin+1: -1.026726e-05, e+1: -1.026726e-05, T: 2.9829e-15, no:      12, try: 164430000000
emin+1: -1.026726e-05, e+1: -1.026726e-05, T: 2.5119e-15, no:       0, try: 165564000000
emin+1: -1.026726e-05, e+1: -1.026726e-05, T: 1.8821e-15, no:       0, try: 166698000000
emin+1: -1.026726e-05, e+1: -1.026726e-05, T: 1.5849e-15, no:       5, try: 167832000000
emin+1: -1.026726e-05, e+1: -1.026726e-05, T: 1.1875e-15, no:       2, try: 168966000000
emin+1: -1.026726e-05, e+1: -1.026726e-05, T: 1.0000e-15, no:       4, try: 170100000000

Last chain: -1.000010267262207022589265426e+00
Best chain: -1.000010267262207981999767858e+00 (-1.000010267262207981999767858e+00)

Error: length:  0.000000000000000000000000000e+00, angle:  0.000000000000000000000000000e+00


Last chain: -1.000010267262207022589265426e+00
Best chain: -1.000010267262207981999767858e+00 (-1.000010267262207981999767858e+00)

Error: length:  0.000000000000000000000000000e+00, angle:  0.000000000000000000000000000e+00


