 1  2    7.549517e-15
 1  3    5.551115e-15
 1  4    1.065814e-14
 1  5    1.332268e-14
 1  6    1.465494e-14
 1  7    1.110223e-14
 1  8    1.243450e-14
 1  9    1.243450e-14
 1 10    1.465494e-14
 1 11    1.332268e-14
 1 12    1.021405e-14
 1 13    1.021405e-14
 1 14    3.108624e-14
 1 15    1.731948e-14
 1 16    2.042810e-14
 1 17    2.486900e-14
 1 18    1.687539e-14
 1 19    2.486900e-14
 1 20    1.687539e-14
 1 21    3.286260e-14
 1 22    3.197442e-14
 1 23    3.463896e-14
 1 24    2.664535e-14
 1 25    3.019807e-14
 1 26    3.197442e-14
 1 27    2.486900e-14
 1 28    3.197442e-14
 1 29    4.263256e-14
 1 30    3.375078e-14
 1 31    4.263256e-14
 1 32    3.463896e-14
 1 33    3.552714e-14
 1 34    3.375078e-14
 1 35    3.907985e-14
 1 36    3.996803e-14
 1 37    3.552714e-14
 1 38    4.085621e-14
 1 39    3.819167e-14
 1 40    4.263256e-14
 1 41    4.352074e-14
 1 42    3.907985e-14
 1 43    4.618528e-14

 2  4    9.769963e-15
 2  5    2.535321e-10
 2  6    1.865175e-14
 2  7    3.069767e-12
 2  8    2.176037e-14
 2  9    1.203482e-13
 2 10    2.930989e-14
 2 11    4.840572e-13
 2 12    2.353673e-14
 2 13    1.518785e-13
 2 14    3.286260e-14
 2 15    1.084910e-12
 2 16    3.330669e-14
 2 17    3.526068e-13
 2 18    3.730349e-14
 2 19    4.338752e-13
 2 20    3.375078e-14
 2 21    8.326673e-13
 2 22    3.730349e-14
 2 23    1.578737e-12
 2 24    6.039613e-14
 2 25    4.822809e-13
 2 26    3.597123e-14
 2 27    4.467537e-13
 2 28    4.618528e-14
 2 29    6.923351e-13
 2 30    4.973799e-14

 3  6    2.220446e-14
 3  7   1.424877661007884242848169076
 3  8   1.483927568599848446310313088
 3  9    3.264056e-14
 3 10   1.741657383335787969390329177
 3 11   1.789424775972421516800556218
 3 12    3.241851e-14
 3 13   2.007554821727677895563252131
 3 14   2.049888052763719870985950622
 3 15    4.130030e-14
 3 16   2.243517423109754650462771552
 3 17   2.280798331476121621917349525
 3 18    4.884981e-14
 3 19   2.456292010693274218465637082
 3 20   2.490389734331451433019255504
 3 21    5.062617e-14
 3 22   2.652050234185864089351061801
 3 23   2.683661869324169181464170841
 3 24    4.440892e-14
 3 25   2.834320095277288570215570851

 4  8    4.396483e-14
 4  9   1.416867207636520212764817683
 4 10    3.400942e-10
 4 11   1.502451101658501605583435901
 4 12    2.065015e-14
 4 13   1.735551716187546041482263337
 4 14    1.788569e-12
 4 15   1.804815589712324446240374054
 4 16    4.374279e-14
 4 17   2.003398045243232488332382757
 4 18    7.989165e-13
 4 19   2.063336936342891263923560174
 4 20    7.194245e-14
 4 21   2.239107860112124434278160767
 4 22    3.546941e-12

 5 10    3.397282e-14
 5 11   1.414759584212736904639678981
 5 12   1.428879325559418583661309976
 5 13   1.463698739099752882245920882
 5 14   1.516640245871958352758511468
 5 15    4.840572e-14
 5 16   1.733307892501493185422913046
 5 17   1.744520948291563967099543353
 5 18   1.772685533869749585200031872
 5 19   1.816644608997219029070460672

 6 12    3.685940e-14
 6 13   1.414216458203359485980982191
 6 14   1.424877650974045125310124549
 6 15    6.279066e-11
 6 16   1.483927568522888099577725085
 6 17   1.528049897918759289418971781
 6 18    5.373479e-14

 7 14    3.863576e-14
 7 15   1.414216907937563806282356416
 7 16   1.417948645497542059013863780
