
  1
  1   2     1.4142135623730950488016887242096980785696718753769480731766797379907324784621070388503875348
  1   3     1.7320508075688772935274463415058723669428052538103806280558069794519330169088000370811461862
  1   4     2.0000000000000000000000000000000000000000000000000000000000000000000000000000000000000000079
  1   5     2.2360679774997896964091736687312762354406183596115257242708972454105209256378048994144143994
  1   6     2.4494897427831780981972840747058913919659474806566701284326925672509603774573150265398594365
  1   7     2.6457513110645905905016157536392604257102591830824501803683344592010688232302836277603928799
  1   8     2.8284271247461900976033774484193961571393437507538961463533594759814649569242140777007750872
  1   9     3.0000000000000000000000000000000000000000000000000000000000000000000000000000000000000000079
  1  10     3.1622776601683793319988935444327185337195551393252168268575048527925944386392382213442480604
  1  11     3.3166247903553998491149327366706866839270885455893535970586821461164846426090438467088433753
  1  12     3.4641016151377545870548926830117063952071012756450919366337084705889416900528170197328815768
  1  13     3.6055512754639892930870138391624112737764852909605546849554571537590998773255405810042766419
  1  14     3.7416573867739412611738721895855874210673354572894145241103921387745655694127972532107085085
  1  15     3.8729833462074145829832009621103860754280244912781217586249219003990343989445722810640402120
  1  16     3.9999999999999948286889294561097123033067212166016073554409462940995416943872481028791248548
  1  17     4.1231056256176536908665085403289032365957089872753800814170712874116803284957437382268393394
  1  18     4.2426406871192834928055161304328581407649557141132595647922453676828238665434622514629818145
  1  19     4.3588989435406620836592680822498420912712301128650134402968308154115339318317324983161830512
  1  20     4.4721359549995720373764057388646381313017691542825949389261043853945816650524048620904461381
  1  21     4.5825756949558312505221302409476918277232639950351901756257976226697870573563585209178185499
  1  22     4.6904157598234162286432491931344190559941830359338369471898066220364821896604305829816024744
  1  23     4.7958315233127119749321284572227861799087851344480950747597940258920317105665635690843606510
  1  24     4.8989794855663429121202641036857531935685334453319229471892764325918706274118883084345342944
  1  25     4.9999999999999875380457952845890403890482306142894352160015327541170204890197061072291523487
  1  26     5.0990195135927753717299004351021609924455143795261225874117817794289820864607769745463089889
  1  27     5.1961524227066182848441266896647547149609014668073372498937443805826543410637812837249847816
  1  28     5.2915026221291642076903572158316650611468325405775964364534468731301338371397723246828828706
  1  29     5.3851648071344884838251683515577728343328283962009847594362220561464874631374631660558840067
  1  30     5.4772255750516399717179278166161092587180859164491683456809974071670847320909841719808371780
  1  31     5.5677643628300000031757231508519984841096450345699631342777279245605153277977530989062988018
  1  32     5.6568542494923653086249398685911897123879408600455056924154366457380436641828880401506388690
  1  33     5.7445626465380060809065335483024195654911426715363711718707928506585176563856815260253590630
  1  34     5.8309518948452837118017156726016705542548727688721291598928754389104324872923179181091360752
  1  35     5.9160797830995928675317908075558684752679232416752310783517648347397977873512389908582377853
  1  36     5.9999999999999757098882558077863708407247679597366687110654659995723265981991533545269360991
  1  37     6.0827625302981954058606502509614982481388894094945248660690657257790455659157721323570064898
  1  38     6.1644140029689513960425098134389538954432945485734602994303125736616020761382951192013085596
  1  39     6.2449979983983769830564021253263966363588587569748417499826955299925613064749390334374477402
  1  40     6.3245553203367337277813417318583348283551676135949108131809214653106282630169883470985112959
  1  41     6.4031242374328139201815825856658074876327439462296901138315695934354954733192374122709471610
  1  42     6.4807406984078326663876701995177631213701566616484831409846055357979358658379465258819199871
  1  43     6.5574385243019692484273918844550812712269945161600581901566058685626466829464806595238432128
  1  44     6.6332495807107671851374005358089631648284383443910744828450731143265354678479188886079878993
  1  45     6.7082039324993419416908656566533499666050539847235557267166869751261003229857998147747690852
  1  46     6.7823299831252314970325613844824555915197441440653149491750619999756008805467967434143320263
  1  47     6.8556546004010166826502850295783054589191506212955873167194696426192818900350540792995334816
  1  48     @Inf@

  2
  2   3     1.0606601717798212866012665431572571844326448309814492738876867660688923189218492974190078489
  2   4     1.4142135623730950031084128012039997477858703603218738237983035795415292029191655460075629305
  2   5     1.4577379737113233614138261810463523484442957805998253117642287972570988208628178126842688817
  2   6     1.7320508075688747975284405952395104990975297188646872172829531864168832633687397938700918878
  2   7     1.7677669529663638722852538348176239639468697838514203761972831715216628847886124709340146681
  2   8     1.9999999999999985507570511170023999961257054642685538888465311606840910480906670651132137993
  2   9     2.0310096011589717701457729656207904240563462437277389054692484158086910320186212114531187719
  2  10     2.2360679774997813510993487931851867024449687392735075288696862879152521922890443580417258455
  2  11     2.2638462845343451785447571058045161766350422970861105938774257013954758446487014145761420109
  2  12     2.4494897427831712507813398058134119225410966900028750571046829040132113515288240443920742006
  2  13     2.4748737341528999138669104118460454005502660147720898953523458774710466108860741431240547267
  2  14     2.6457513110645623353953251071423636917708617309471993903899274540939723368959095534599767315
  2  15     2.6692695630077478641268593207474876741818347967456579548665851268150911375548023971950608688
  2  16     2.8284271247461663386072055650558714840158992705941933175712597825367263674313904940494939635
  2  17     2.8504385627477305469530749445508494320645906214870740949243721467179985357345814217102641251
  2  18     2.9999999999999732924023675533359219517905487825363410892312371959281376800184531665407155392
  2  19     3.0207614933985460245635240228778968902324178972730298886601329289196009986263821470975629899
  2  20     3.1622776601683484943672782294771488030787573228754595838880222455894881060585379713073375474
  2  21     3.1819805153393608665558508014071776445383376224145903666401154118842126639777312206522492275
  2  22     3.3166247903553697194277773935879277826384974940656239273756850687624550229415319515723060014
  2  23     3.3354160160304770714631738200142636679726512607779404836760002481463382882852685735986701062
  2  24     3.4641016151377205187433634860829290991817261546036642898156076276317408531254189519930738265
  2  25     3.4820970692955601944835140280849541080644442447262555743923942573054230712140274532006762213
  2  26     3.6055512754639571565748779200242435102972857630951760361112852386407596668180875883878018439
  2  27     3.6228441865469349301280403103307129790554750884808275713003712817299969333479577099553455515
  2  28     3.7416573867738978214387446552027868857325098920321689040390312688624814667656626566378838234
  2  29     3.7583240945928940550238970518813007453585891493358433620513788619410317270308124029021276666
  2  30     3.8729833462073874423673205895820908696184784857961587250281013191514325223814831850961420403
  2  31     3.8890872965258173072538466958006069393484841742342345916120311493313432977539933275492023503
  2  32     3.9999999999999640667189293624242716756416462485559469289819193576524787961233329304398665380
  2  33     4.0155946010519319337181229566918107186424737765709977348173337365467091329354480376933502622
  2  34     4.1231056256176210054489995181317658555395226977560543908301194591626410409766128718780167292
  2  35     4.1382363393113229712660657781595146227455796819033677715394797416936311342054313120267557994
  2  36     4.2426406871192418396471664099867540014176753205222687862566304134642893213508903732051289077
  2  37     4.2573465914809305036519358151101890839379321920714490146741846982373172101464404286272399675
  2  38     4.3588989435406228170676758567900338881208193182443246628474461408837319386958358963383262357
  2  39     4.3732139211334465931404906275638182069845356356976429182615184677921376170050248182202117730
  2  40     4.4721359549995308519690187593999716829604318797970906035735766359378982155904977929779572137
  2  41     4.4860896112314025157186743396617424141335964258489367108522350974670760185237900247050500598
  2  42     4.5825756949557873995471326580567700659314465280767128721057767806011257261127202048457870306
  2  43     4.5961940777121855027857223985873986868357361334323541601743946095000898139039940966391979062
  2  44     4.6904157598233746343098879328221671592055552814150131891699842806284238299010651356447808632
  2  45     4.7037219305555606691032735361320480842408198259421167495306362432051608506779801423539464895
  2  46     4.7958315233126733633226035776299818543022603466004924957522222768841748776519114613066923064
  2  47     4.8088460153998307481891430817830510407192373590080576866676667275723432511337903962432456541
  2  48     @Inf@

  3
  3   4     1.0074347568842774079369081130321549864486514612068668685527243413827224822648513048098898009
  3   5     1.0963763171773030019696676287149082723369128294846391097848143392969682202881154583954812956
  3   6     1.4142135623730944150768564400967659643047789166679444928760310763401919316875849964233265376
  3   7     1.4248776678703009725694917649280896729568125638055882272141932270612194886610256271875064656
  3   8     1.4839275686054348757700767851377992690152819584296022145150971836190608904402074755289534288
  3   9     1.7320508075688768170779756573957299228793759112792204699623453588797275119199010357908676840
  3  10     1.7416573867739203621563076387533177938420904260362859326548887693383119663465397074014924475
  3  11     1.7894247759733364535048532598850018072354355517949823821065337053493659684170950412363965520
  3  12     1.9999999999999986608934368136435552480508667362600732765359992650028390861348919039706096885
  3  13     2.0083252856292872972532436214541898822385867877420934657458807554424931069598233114426838049
  3  14     2.0498880527645949490672029268594657679060956669557657389171262054842322577309144356496599764
  3  15     2.2360679774997870213033148799968059107203078568010897715819132700196404746487097617099616093
  3  16     2.2435174287044810036726962989230934637566649752124261889097132668284234067286391010512052870
  3  17     2.2807983314767628324643866436701303574196497581517200912964215389785100430570038623936143648
  3  18     2.4494897427831756132508770839677740645088803638501852106068204781963192273111493842896866143
  3  19     2.4562920129542155675295112720664007258503370310019174918074191439060407009764571624982220948
  3  20     2.4903897343321726651365203312086681533310512281128080152887826438037861686861949737850923527
  3  21     2.6457513110645871233431867904503041351633020114727167972654383871177455187281025944282993645
  3  22     2.6520502357372154855717210976292126189217373088906718608969962442706379894864092025737812130
  3  23     2.6836618693246207122982484662564335499721710250138652208256436123362805834226454089848987331
  3  24     2.8284271247461874834070118078253415877563131889552748446329883230207221010635431095656322860
  3  25     2.8343201041657313399501923842239683554789461863058288698833124351638524938868764766648909673
  3  26     2.8639205695806212834006566620683099565329167307186760367077349308823231764272959769344555127
  3  27     2.9999999999999958171232770805027789093904118169129659048918307015754710020770400234877696966
  3  28     3.0055565961571495674065195396131290226308539139485235784895773410298123114978457849031371287
  3  29     3.0334866126071169543229704667154662686558614052735086002022312363542869320384199596438510095
  3  30     3.1622776601683742197602464322809610137121152844180162582907411540002578127725693301047151255
  3  31     3.1675495975023084298407077242489456857270792754799615312367125587128200959408117484798183472
  3  32     3.1940634040148320749539871484688812614521760301183332192658999553485177500830482133738010778
  3  33     3.3166247903553944336130616679654542112799355563718365872915370853407603947263417668391348332
  3  34     3.3216517657239096427085003272725151804334616826747353212003780002574260199671430355389464145
  3  35     3.3469450292567712680414725855677526555903690172909415334582711641995426068771211854829871828
  3  36     3.4641016151377490261671992671910417580841003324638027034651313438834983900996720970389963047
  3  37     3.4689148811478972096476609926616787373724950068071970449221160730674277777029803277738418798
  3  38     3.4931419995280148348867529223105313794012733999349625465258666102314065129154312979479937986
  3  39     3.6055512754639823147498995592022719106259825403540833685033555519457030022584085799614411960
  3  40     3.6101759586863782846830611899915261810594187301166794239987004460756033604839230829663229643
  3  41     3.6334613014131307275352551486678242231370920718752802357705075099488117685606100577236110144
  3  42     3.7416573867739363918423868519670268983436709316111251105682029912483743839138427045948733946
  3  43     3.7461140469100031864365813156520879692941408703369336903774389696415986954954069108481011774
  3  44     3.7685595429642136381115568017594488088819474266730001671177383332272426854257040271130170473
  3  45     3.8729833462074103238128171788002341505773675255363062414939265010524635882965903481361115512
  3  46     3.8772890597240292374501318008355072255870599238775707544984632417521398402852875867703940494
  3  47     3.8989794855662833604589067603174284522913963571277709028327948638958671712815631043074714244
  3  48     @Inf@

  4
  4   5     1.0008394468591139168534393306416005333947134893613083405634314726124468526698658156369630906
  4   6     1.0606601717798128619933246173855187005258727381055577923492755281727106570385341394530764879
  4   7     1.1213203435596387803273984519322446695994639241172856119676363949918785723570847736862131998
  4   8     1.4142135623730919877985148961161986007661531317953020084262866210466228812065963986830200476
  4   9     1.4168693002289015578564664251812372749910796626379370758935248713571573573128649184958921555
  4  10     1.4577379737113134127045124858355449311249091642099336092031304094363887347552162435974168936
  4  11     1.5024511016602877993250609260531143268445397099783151381268960817629595885390954350439888598
  4  12     1.7320508075688756107566175980813482402015082616313158649403074856417194932464568715097644059
  4  13     1.7355517317892264896348532994939904633635272029829566363947279579535795995071228960013370883
  4  14     1.7677669529662890018664759171044083927379099201680135482649500349823130206440305497012061793
  4  15     1.8048155897156051499010314611640071700164214106522981692423325166327502883832319130379621126
  4  16     1.9999999999999969930104856114611535354661627813840859977439758516735165253159435561069379648
  4  17     2.0033981400261013145906297097370221142325055686915847587077107729309080926702624528668652329
  4  18     2.0310096011588560885438684671650133947256844005484840877983686310303220413044117914600607404
  4  19     2.0633369363437544513606186981988112995010334644850938278151252542778974734523743277162043617
  4  20     2.2360679774997854545971769157428634573821305814673419604617366194912211118027300444041089528
  4  21     2.2393567435752524773270715045894368667404080672628592556982768991308172916163910235771312841
  4  22     2.2638462845337382270481775650743389882992925647814491273410728708973729256071441611140352903
  4  23     2.2928932188132170774537342026425741430522817510063547399228253321780233295466182393674747483
  4  24     2.4494897427831734696525591583181932611400011695968888402552751328184753259740290485126752106
  4  25     2.4524923292299784848971548060906455548976447385216832180906826542417611392916365688169827372
  4  26     2.4748737341528054230502606709587842634817090660616628293541666864352707862160448648451932180
  4  27     2.5014714295550671665826154945065808970852026590242310569463313034685451813543927262998114914
  4  28     2.6457513110645785633596335642399605250128998725835695906038940415468674703174879445691265235
  4  29     2.6485314087558004764910356028995802695990273105864548245445213741950192771253840367543066176
  4  30     2.6692695630076214338748211584184088548926247310039196894593407540339537715280618354943161369
  4  31     2.6939486470384590852254337722352833950646572896531622978445620544696717019018835544153186464
  4  32     2.8284271247461839799563775050935657150393084814289586239261240862740783853365550238133080998
  4  33     2.8310278389006027327378258616275460411908495725932944920202112029265661281298890656189350885
  4  34     2.8504385627476656479517999374051309538661503698239247668400609561338304233216922235527017148
  4  35     2.8735621296363314516264160881800263160325645251439435648352992699763262000179688020364427346
  4  36     2.9999999999999926083363692331103170335119475461717041302785235782781019835492226796251781812
  4  37     3.0024521020123423289855248234571570639034038458427339116852319382463818020533687208241736478
  4  38     3.0207614933984959045821768308461167384724060297206822114297996407456382138960077097397903644
  4  39     3.0425908881872463243149052740305098048248493282940292877510234423463823167762840231788330072
  4  40     3.1622776601683725364971944361853883478111554747665248015421437995098790374131783586191021450
  4  41     3.1646040234501270680020377947747555730083075719873095874571133532506207884477685407446971818
  4  42     3.1819805153393758015530506074925791016355566950250135728180486079309968638469328847762221639
  4  43     3.2027112440679772633078261490207734243509267543358951461314814958694748155035814499515319306
  4  44     3.3166247903553796481287334500907292290515464650332407252893393060025154347851341243158036181
  4  45     3.3188429647719348836671767728739599023473033156855412665031087038818760696073957805298619198
  4  46     3.3354160160310852233841303377168170180180708106708027272398024461416895460001314181898262282
  4  47     3.3551988484857355261524431805335747714750867774107837073892318959988036761734665262291855282
  4  48     @Inf@

  5
  5   6     1.0000934734581841131685925349118631646035035122224392791540600154355747770201267902634198038
  5   7     1.0121020898791698816353060385096425334409904145935684455759387690313739992686150391954035203
  5   8     1.0660182716671801764041121601907402125174759738738615317879474388699089687185025471866685761
  5   9     1.1402620906641725138814460748854510393209185527432521870601010312665102714943655703464347741
  5  10     1.4142135623730935612159489867628981712468811277245331395856502605014190056316795776684863694
  5  11     1.4151993358056804459177273775509260143290824046639837786409383398802082270697075842962903104
  5  12     1.4288793437430951218943700659270249613642410820352975931842973759140994677056451054231879348
  5  13     1.4636987403834580195773199956830995642294322273139081200495126584464035254412720732635729998
  5  14     1.5166402458736003658587052032215837597897457687764154389775030892220901287183761996219406077
  5  15     1.7320508075688744501418480456309972986412644038197949333798509136601393176888378513875317952
  5  16     1.7333133082512894537401924932086411795746499586207863381082131004706909852623642191036382554
  5  17     1.7449464245201400951417414787416267273399548830389144466608480105436398901359841119335781893
  5  18     1.7732359830120409118163423691400825691182120341944557672072858017576828126364091085512964757
  5  19     1.8166446089990545589636376224654649871696737773115186789112470160204780274615389883579305954
  5  20     1.9999999999999946238905077964532585527682390263012676841572310644892873360804588442146852435
  5  21     2.0015782701852421897506702617408631091703116636165987131774851384031601567703408698462637461
  5  22     2.0111782675532184701577558479351054687691094271691798322651810346536094150594193882463575937
  5  23     2.0357715617061072421033836500474529829540179826262785649015334281808577828389488118523944796
  5  24     2.0736917889129972266522382860693138634779180471344947416326331286707732034105243165065475345
  5  25     2.2360679774997838046395784311493073974767535481595940435729023079068788445701747237509874110
  5  26     2.2376828533935715782689633185419485017247292994232387965222533787830903952023236592862134353
  5  27     2.2460716872401789610221213651874385540592701316301958348194925746545189166772117026610432737
  5  28     2.2681194525966149406744686141811799018234684373421272632740251411557194552859396233983759651
  5  29     2.3022158099110972111943606738291303320575017822955593684457127438885150396774629102727899553
  5  30     2.4494897427831737089936641482857427820033961993835679920712759070486001832483216123983444213
  5  31     2.4510596289273850283457803934344718744804946636296459905788480996546791668395127400094331178
  5  32     2.4586252304286934558007246878150871430145966954200586264137549241624848153695579937277395324
  5  33     2.4787831392545044135892782554934953313262739290094816822657051162601476554835604570199842190
  5  34     2.5100194492084918214363895478972711210551579057168575935663358587006009397756773299908001347
  5  35     2.6457513110645831798036809584262391454459377358368311099423929655401256212793457362453599439
  5  36     2.6473008279906270313670466780821487472811228864299690336577583101925735530135996066564349856
  5  37     2.6542113750307257294237254968064115491298358230048932486679989979255296665980026130835516235
  5  38     2.6728946577338572489720506271423059228211681859554433358708016893354052994056722436274601528
  5  39     2.7018877910461866809827283049052861684661257447214941231573209085028431825356576690936292963
  5  40     2.8284271247461833953068680590833720557602609587051592292037219441474407000963050376903878846
  5  41     2.8298766197649426020860887388271757344348415016035574996336600749909886271384606222789732841
  5  42     2.8363423671129185456434746325687801759519828562097029044014639401353932476012645840782014538
  5  43     2.8538335360397910214330502523647785850503963544515799700349197752845326578697249584501205419
  5  44     2.8810063580986666582694755240532286405554634678303878746417864205881651373060896005774256355
  5  45     2.9999999999999914886310790060572613951586832832246361043569612139696425090859576470035358089
  5  46     3.0013666357118660368509612478842104780463011470161491171614903153704255835719922654511337362
  5  47     3.0074637073336434202960048350454145788531614354657800875046306619559540155306285965710642849

  6
  6   7     1.0000102713695518583563084413053218041108973049257492750324378871572612065526679146869006600
  6   8     1.0074347568840129816168971959933835997494594079348327011432678898981559553936215944971617335
  6   9     1.0606601717798028715935724736788840205293328928762011459806774262269647394963888445737790868
  6  10     1.0963763171767855780936706996516099358660382035994117979396671189198932211206780778945985752
  6  11     1.1553945172702465721769980325818190725685134091962077164280583269451986485127648363611320011
  6  12     1.4142135623730920909413781313538076949006514460587892136491760428772508552661498786784455008
  6  13     1.4144942121240190414393178358941753030393947862330885185699352899466306877829113883229784635
  6  14     1.4248776678634348244769023196303020068532312360183675284408205918472500545400532580740236073
  6  15     1.4577379737111764190312841040362978615036001413624593583997511025288051832832244514007290676
  6  16     1.4839275686014521181536066755204679562877714557044737596148310870473274684471033717249716711
  6  17     1.5280498979198159252909903463409862567913856412975628896882795428300499321862207143619552023
  6  18     1.7320508075688748971066396114471747376163244136684942052977310441151272974326682760450859563
  6  19     1.7326202233755539266797199770556288336786831414145419837629909681136078237878850086073366213
  6  20     1.7416573867561456820835749159232270825828818490074683237206658040829830452175043785914784954
  6  21     1.7677669529650290472511287793270485109443507371996264980424573822675507243496624931445998836
  6  22     1.7894247759729122464703972044515932902973966909548019664979567710048503718030872033040012374
  6  23     1.8261808482563546189230964504568796320870387331680103475357376578324137222369693685006337042
  6  24     1.9999999999999935487483119832939539449129037420822755791105979931505716890405457705508083864
  6  25     2.0007079235067911668018879524815831889295553167995350624986222404519523433699748896550078875
  6  26     2.0083252855514518619491946565062791273287370025372078864075755921476256909848202676597320156
  6  27     2.0310096011588375091990975685361140201068368460274963406900304473039859680397448161793482007
  6  28     2.0498880527644439413653349766661211098955304224912661967149478103421617864117371626208471698
  6  29     2.0820510297630261439894106302565867256097554506148535642282785309328973296897270081507963106
  6  30     2.2360679774997838131310639467169992120007581513062723730181122626658489067709362181184468257
  6  31     2.2369207059530842291187373199709485086427083285067317897379060872087113343697398015011561025
  6  32     2.2435174286873931675820751067489383714232707641057799719899245499547131020184333515552006277
  6  33     2.2638462845341363929042335143861263635510417946043190986388510943628450468946304640882513954
  6  34     2.2807983314766317900165881345503416285506950470208652914281019692608891748554295896221034022
  6  35     2.3097481443952855691671362075194355861092050729782677462005385727643663961796739068115268509
  6  36     2.4494897427831720673935765372953297945677967811367609936868967737654686373018489700917494971
  6  37     2.4503686821440852620461069427862191823395940280725885367792664329672467003101941505443934215
  6  38     2.4562920129206898603370336082841166254948902794098624202774178549168258664475720381693467098
  6  39     2.4748737341527215550789316954856406283744109088636544678038304390005612653273284539661511563
  6  40     2.4903897343320015822500531700126377540173436259953127124657593039762411098389543386605394007
  6  41     2.5169299733080412436258595357781427535191921653767454392786191031936486360392074982949032183
  6  42     2.6457513110645808281842406550386740095881195939916919511651015798996886502873155885266147510
  6  43     2.6466368293305244666512600111019100094903070565648798797951216515594591268232361413570118440
  6  44     2.6520502357181063589433900834111498270750845419946185859489286271155931016062391511708925802
  6  45     2.6692695630065823918158465236206219197781531459275931249752169002899984875373466030492380122
  6  46     2.6836618693244878976243009254150289583937036116562213526036668323922191078590211446897702354
  6  47     2.7083087878845703718749301932003315005395125946059219113556546398123479263645103802317715625

  7
  7   8     1.0000000797384959336984140293166095252812841412316832638851547806991082300931641366215668468
  7   9     1.0013754954923085155315811087270907204549813830671774861982528444721184232859186400414101503
  7  10     1.0154801384929503070669732453904679324142244373896474992947688843223069447142311739944572180
  7  11     1.0615063171040028094084939943792104295011148646698981546230296646928147968572636486011720009
  7  12     1.0999438818423088145447070861873769507520096739153924681772717697675818919281131245000437287
  7  13     1.1679060126336385183807536707917330847410547202418026603381540880818144507157975212103750227
  7  14     1.4142135623730923032192845368069128124855775061422903570618021070233520158154915737265880565
  7  15     1.4142272879700491397437256194192699282412561843129699370129987535380138992034255397796014157
  7  16     1.4179738118507842351607401422154366537643263006608913718133856725984625816016477639224406161
  7  17     1.4314228400688303908738276956492679025248742950196954727769841039910955935482740678781003931
  7  18     1.4593254520852066723399644020332806405085040880093479488715412897802772791243724214170674929
  7  19     1.4880206253857802531079213704486959665960272816318446609714564015756262198047421811145732984
  7  20     1.5375319360365634323985361759014342355120162818496279090345310699164586476193612891999632863
  7  21     1.7320508075688735468665218244237662341227709929254761293951800532846367717176120968959719293
  7  22     1.7321868883536445107712618520528584852978392527315079564804339563809875385708933185322673306
  7  23     1.7364988232067706168010275196040591445026506302700450801490013246962160324836302123893103253
  7  24     1.7469966047942753437582028726627254082051571169441879017595732498134948360975384533578095799
  7  25     1.7696992175571578416690929041949066781572879033867152133648749883714834852027504672145464393
  7  26     1.7928205101415069570176551749925737006710651196504696240915858754511998706460607635850099951
  7  27     1.8341222571975848805275373116580788146601941027742968144955660822301433013118672157101249748
  7  28     1.9999999999999938018440844700619741115178272613570159995365199877476774664359780933341320448
  7  29     2.0003639027384124270542854308169611505113850168746887819226018279604517371966313363020912181
  7  30     2.0042294869280516595107775706101110672029218805278476381696079479466922649894677712833147342
  7  31     2.0129572466381830354896995612986425177018876420537310156728391656115428079759586770323280096
  7  32     2.0326916442539559748142414892577068326881616880820313964005321995818900740814640937039165540
  7  33     2.0528529858697991802401697352194302889534354373096184232921362606382681973522279744045062826
  7  34     2.0890199746163408257336534083883544747236933006463009777123760189559844671610942740864005602
  7  35     2.2360679774997819075616236320407555987680620906980847969830113341799127680831437603922235814
  7  36     2.2360790403542021203684099763089376877514796378920723740858078357864375627220086628695306810
  7  37     2.2399771865073281718790706206840527174864871191633462830149608213479954380728182922350358830
  7  38     2.2474565184529800243460322795507076732385544600181060647142594975472869779917377693278921862
  7  39     2.2655662849272899772301800022621656497337223518740761924776752305157554927520493560218129184
  7  40     2.2834634618471116710270100022925077088836695182168996792193307886789700101159376413110982483
  7  41     2.3160320495076178909046579566076490025523635343643525839259704945658390388716002730444668198
  7  42     2.4494897427831702249134870064501480941718220428421261290217841020705990669251356396772362561
  7  43     2.4500028970040012306401730010286820487692742742072830143090233898593145323610347042493300870
  7  44     2.4529029495940284525232451841168185369983973904225688541724187533742222106309209665318768651
  7  45     2.4600806896903353783614401374542555514396279253897475183918000461126742098395928835373379577
  7  46     2.4764471711473956540208323199052548506309456241737172621500856840889896183788053875333052429
  7  47     2.4931177796498268819912925305871241231477064939977496924257593366798939261132442470555295483

  8
  8   9     1.0000000070503053083201226526088257306071454939289113543295086760534492830552538773730631666
  8  10     1.0008394431299216671508505353874340973886540488923662022831769371428491840463382994655336601
  8  11     1.0081217612931980610148367832745557678067611421114077819407441288640082337181253097640216747
  8  12     1.0606601717796739528072191973820182656459973786703794651936680400211297927812688372744699915
  8  13     1.0691648035836682830360545610763680559958057391011040738332041875682750381292961841639601049
  8  14     1.1213203435400032225997419019011883960070063534097880332258967678444790749674909837124449655
  8  15     1.1785113019659565226986613315970686971161109539867022251694512795762827597344697028822837995
  8  16     1.4142135623730921610224794114966571817578424742504634604336391635349716634472879067007096652
  8  17     1.4142146531726978453991025608073453848298925188691274843080647606362559829092392573655250598
  8  18     1.4168692827699239325075593107982715588130790943821147876828670681651280596402166044845510174
  8  19     1.4255168261190003194360794554306737202229297191069863518730571061668824374589714634247839444
  8  20     1.4577379737110529589370808155649851911794825229747474307242612388012874800484450781502193836
  8  21     1.4660177246843923201047409978198520855650896243996499360433096842348130409115429864071636940
  8  22     1.5024511016600415211190178896430347337693821346631187433309601120272045831953249664824155123
  8  23     1.5456030825775750160864604467220883549415340387468224402047424297622587672713436123984167371
  8  24     1.7320508075688722480957802512676100917914879249808557421532908506204283083106848650618997273
  8  25     1.7320554991991799578609070363762654500733118545295625645429196616589188777434087464257901837
  8  26     1.7355517312899738242406688047306712128560545290062270961710192872385032245208962300308358268
  8  27     1.7423990173790392108990767140804994568667412985275144690399557901493414078781776359725146488
  8  28     1.7677669529660293403357696916184204818717077665362322544581271277836300684189556013699268601
  8  29     1.7749064981443847769038069568217385090518696269089796843866704510474665166748494385772313726
  8  30     1.8048155897154360200912341356166931676370214188605912816175276370872334291902748920936300431
  8  31     1.8408935028639310400183660406181181745744225960169637045597525816764540204462729854404614009
  8  32     1.9999999999999917466924904478393158929242482814790834882725524249933999893404766435275726209
  8  33     2.0000041472193402010569780952469766337671955688732887733328707005139406055643361808582566343
  8  34     2.0029983852521118674954496422649958502520498198123997720465326336497391744310326837018238450
  8  35     2.0089770256688408954584581355726825126910461105355449982897592497870055963681854041423492947
  8  36     2.0310096011584374809148064017799151845920352196469466742905930922587781403781235664075702323
  8  37     2.0369604731223085376587416813782047245224461096000083055494161757824652693071701866817146586
  8  38     2.0633369363435383242547641384969469798225366443146632697543935445502368271552249548519284377
  8  39     2.0949675149956623059001595322528291681120508173725465700434244320746343816074087202421038033
  8  40     2.2360679774997807103842188618078096432943635070135687172819332899908583700942571381390219451
  8  41     2.2360744491379905246752730388628431197343624043563685499455035099384749372747441784859694359
  8  42     2.2391079130592638681989496382051951584875715810252617072631574217400346558997512510548346736
  8  43     2.2440932101759206921455821899541585040615292481799621973372684657019623168112300891561752195

  9
  9  10     1.0000000000000000000000000000000000000000000000000000000000000000000000000000000000000000000
  9  11     1.0000140712572034002492001515782710045981659183746443128591998174202907386541473117977740208
  9  12     1.0074347568193077229242281762298583417345309685052652828293636096225027655504324032240058586
  9  13     1.0181069297658412051405278711191273923466142824794177754486345680480410906691213177626330659
  9  14     1.0607907447606711569152871767480527598392734913775957861141649718344414538779969285376084428
  9  15     1.0963763171683735954821110922354631006267449569346358079006539782546257725875481481956033324
  9  16     1.1239566027552238765368637101173467774202270037397914755381818189437886539117222154038038398
  9  17     1.1876726426612972330448580717687022399365250620045488416587954722175961009113659427804170342
  9  18     1.4142135623730924374080941867785099632579050159977098516542089523082169536032365062556003051
  9  19     1.4142143802573672967541862544495788831376912116648810595511027893939185173548988895993230375
  9  20     1.4154917903160908473054445251370548689289769551138507623396973336590014774209568091531941179
  9  21     1.4248776678228320033601396738264722996792678109740350591545585406911478021014391140580318512
  9  22     1.4332708938259998926883445995816422644996138933163607052053560114444275042374566080321842070
  9  23     1.4582869613899526815078395251512801018363311363639238219835974048704725629281078956700734733
  9  24     1.4839275686050615379234887253314624482145638562406396840152789841633827990774676489723768094
  9  25     1.5055378700027010266165295737819724434485967577528466916975707120462515458457654528494776273
  9  26     1.5525998538724478597513361033600423262104853234294492135573663552077446273781695352071654780
  9  27     1.7320508075688721859077875935619787832329762023950362343446801263663479497205158467513372274
  9  28     1.7320511849528779446077879703521840871636023179351685652963192609023718218732250107655550057
  9  29     1.7336239746982397411349478961255475750402505098016801345757202100827484380151797318849749571
  9  30     1.7416573866742440758007371510413252495612542442488829708028585824683040463195785607957697649
  9  31     1.7480814734701750012570522199839115809387759104630132061164199562119524586238898374999566770
  9  32     1.7678734011409807144847465475322650732720689547548840524188887188601556862886735488768847466
  9  33     1.7894247759727907247443698025322395840987553627698598538383125161945570666184390658287757367
  9  34     1.8073860345854383596383136799946493656674045557478740781315483599713771739326529410776345735
  9  35     1.8467718609080946203043146280536802495590894627932224769456814454340269223958233842668421490
  9  36     1.9999999999999915704149308576402593383612984088423511291964029840552332923117450040912396016
  9  37     2.0000005805999993796210414481881280385881223157128354322127062422546683192471780086698600774
  9  38     2.0018347205440410141949772370762143291556106126383062318039534994004101456039722698893740602
  9  39     2.0075549505968649195042300113237309115580446317780993814821063836340368298371700914970824037
  9  40     2.0138989144699770080841815230325527941229622781293450775731874759140069287340628777060644331
  9  41     2.0313055556172037550716200850766733482653791174221921818340498576679066149772721090845147239

 10
 10  11     1.0000000000000000000000000000000000000000000000000000000000000000000000000000000000000000000
 10  12     1.0000054838864148842602212072437681261877409911356370793436147380195842290790265004959745435
 10  13     1.0017679388709775496200237707517815145353777978359302061770144003996344836180173164678158876
 10  14     1.0121020845438644630030776470127640734957518825451367504316941931844459118044788402519801312
 10  15     1.0606601717703665947465228454116643662570911691098180473926303655865821993501445846417747436
 10  16     1.0660182715134542857721260604438416575590888509470392907981986505344404943786383150753678694
 10  17     1.0972545892207552380690515247784895782202029096698915107473002966518776632309001592907931364
 10  18     1.1402620906031673450008447290834399537092233286335675917383160549576364708041657947950654989
 10  19     1.1957055500226007388569123909974058309541639189779465275662756268503602243613470556457306746
 10  20     1.4142135623730917389990939125815077474023223732223289366861885533965538007335188031948845857
 10  21     1.4142135677038928969889799716347211329857707438159854394423811838856080163399263531804952623
 10  22     1.4151964617254688775326784004470471235685132294353517215522101049930242092396817964981062705
 10  23     1.4186658056015767926579323272228047356724205915832636496871266893938805757540430734974155593
 10  24     1.4288793434216564052404681764217329903804489089208385912520592063208399648474842956682713664
 10  25     1.4577379737111103469899813105281308300244239295729028799037056387224780323110847046200845625
 10  26     1.4636987403845378805578763219525752010827330492874616370796533376751896419975820200400437830
 10  27     1.4850055417765199831219222085976663997214826408652137775336684921176764179041640853524846602
 10  28     1.5166402458742122857056267331578453372798171623632636722090449498263560863174622912481809041
 10  29     1.5587532718986583943077128533328544040104062861070396862966722129137523955604744822704573445
 10  30     1.7320508075688704290549646276966646843872600120038078040252733611310215051044770221608659483
 10  31     1.7320512010507010986171448634229406201319369626059601202691263440788511977920516344657498062
 10  32     1.7333064304919480466761293147573259085608385020051916261158228327940711474589163006245974305
 10  33     1.7369749858237307108867060601621187698899566903166433321587372666483354813246110961440559542
 10  34     1.7449464241649690956852948382648915877365586843000824826443684364358441154705625276050492496
 10  35     1.7677669529648977579102803431367267005528796137193163123794601788208845505719547640503986864
 10  36     1.7726855340400387086100541759775065393012067282714054668241220663733340285968891324711350181
 10  37     1.7901443476732514317006263439202016818211045423158332929794377469418079421706741083859799921
 10  38     1.8166446089988220545604730743481563529285057940813856266095860767395791730098741688266527585
 10  39     1.8519480993409471803743179545918698638034336039870408606915286313090676893065333166007158914

 11
 11  12     1.0000000000000000000000000000000000000000000000000000000000000000000000000000000000000000000
 11  13     1.0000002269837903042862989984731631697708693789310429892490401958846783230670931865902777620
 11  14     1.0008394534271085710351317650761147593591264530714281625548962969295458512918026848996817230
 11  15     1.0074360606427885850454506808173639897556313915630864016519637959168111024878473579523248623
 11  16     1.0202420302264106100776741029973250092328471297665853726275189687016903506307944589911661374
 11  17     1.0606614514267671747901958451050227689693738511559827532670388226950501953133884547818164064
 11  18     1.0713561837486237668212347294782872027771818562005832309534320543017521431816354022752897609
 11  19     1.1020684645134878174795822869637667922042731779860336022081867800935732698119886998696933477
 11  20     1.1423310910155733255650092496070073734062839793886054509367805373591422447477030422918554238
 11  21     1.2028345369695126110570053846671861879824488290732723598888195249014958801867888548213613856
 11  22     1.4142135623730908882753113262768456525658528361481551525749192812204824134697063653199066507
 11  23     1.4142136771829769900715401984389798960999165883380941692871003472436611138688933661231920597
 11  24     1.4142641710040803610544264900604509681784956894975502244885838768195356869943679344360256625
 11  25     1.4171500008104913013999313310512593151037598478500764845803166452728119871023573369145614249
 11  26     1.4248925216907021151401013498892945169842343695701445145651298075551046108639088203854495816
 11  27     1.4347099796449526554519294405717810383431835686415682473057655438429431121392096065712600280
 11  28     1.4577393154296082295195905905805597448980105724211254620456030468974697487645642483785534180
 11  29     1.4675119129058658978331238911904544628559085366500217120854342904474837691598465711925075515
 11  30     1.4896353129035030388679476992279495470746345443711232954857378592047098425362798423327682401
 11  31     1.5181964043235192883231997781103573019710400115254546855849337010572013413878845892228900635
 11  32     1.5642285394078104242562441910315354466604554683623811344152947767663761798918117798709495408
 11  33     1.7320508075688705746067721563765727187082742980480914897502763298689939474214722858446585377
 11  34     1.7320509548136788673868317767155770933527648659004923234212763549185597368030548496941482555
 11  35     1.7323926550409478294415128174837604173012891131871466539001090417083734981880791343308911567
 11  36     1.7355719701487852814537183395610263436572780696128008854335896094981251619807434978968976329
 11  37     1.7416579107640715493249629718948739647907779332913540967210259623254125106102652061475869409
 11  38     1.7491622198252857845677196081588654706984032977751573342415630714680174360180301073769380945

 12
 12  13     1.0000000000000000000000000000000000000000000000000000000000000000000000000000000000000000000
 12  14     1.0000000212986422681285139688615690819299976996420559869238941862309142361992121437194578577
 12  15     1.0008391195759130676253395963505975099962491350495843988224559266838658701977595513460039079
 12  16     1.0074347552963758345647177308332450126687942501758797177508531287404635917242246660719212810
 12  17     1.0125793938216174625559618477589273783415739582537306396116127601544973522210450075682206430
 12  18     1.0606601717737124504349205344252536603277656319130442989817784574968803379270404950425635477
 12  19     1.0618387571036013069306970562147466588220167473896217108450047751986583030408871554075876975
 12  20     1.0963763171439761712977102119199900961961975095090312282477406070397372042382329974871148919
 12  21     1.1213203435262706243898338619463679911610100482922519005255648394892710396793992128544251586
 12  22     1.1553945172380206570023151490214713710109339842880275123688730738989301371184718191647094599
 12  23     1.2092247569937659253486232235378603346253336605316928700903114005280139337242543477408803288
 12  24     1.4142135623730896912195130400018800956696305007235389346972053036301079377552389900688189274
 12  25     1.4142135179018813413534106526783225446841621597427381929221640940489407996912837693821112293
 12  26     1.4142169136790408848223166264519487488260682455271448070273111348481225941754606653515617222
 12  27     1.4168692788360892874191763527392064486828810959108651007342926185334857524391168298778355618
 12  28     1.4248776677234409332592763020707939187167760447149695554057134095990387948521678610959934852
 12  29     1.4293100608750298882695677158883285080763574906700858681892613386090305399650847950608460132
 12  30     1.4577379737099649323162466957833578765821757527769431386756613901039776772870465262647355074
 12  31     1.4599432333699382914062723701006177063353120110216984778898674632369667355370606731907379693
 12  32     1.4839275686052122255636019746993525239197197101187865394023478285710452617812111165257395751
 12  33     1.5024511016598761398672647656431090692556545268448204304860747067661992443091382047789700938
 12  34     1.5280498979213681134941684173263415354179598866815405594582557191531098385511304053306106074
 12  35     1.5691477027903305272673924954360583830519633434428266843247157478384883229327729021810881250
 12  36     1.7320508075688677536576817618522560941438855995435536959610329644178371395254808969789474831
 12  37     1.7320503392448145796091375490838366841513368336245817380034211366853687915093486739394174978
 12  38     @Inf@

 13
 13  14     1.0000000000000000000000000000000000000000000000000000000000000000000000000000000000000000000
 13  15     1.0000000000000000000000000000000000000000000000000000000000000000000000000000000000000000000
 13  16     1.0000009939957417562100334596307197286318602986787156499733181528800042375349286340592592502
 13  17     1.0020755169526885555613147218454142210581098361617608580613606557037951298277206983004292295
 13  18     1.0085273435820710402613894973349386859667367114859931927105905022970477008157835385100142895
 13  19     1.0220309986652650167387024488217154260753313974917562657554551570689999937755319077521418156
 13  20     1.0606602780395943768996116342785159103144929661553550972434884490782957949373099033007515953
 13  21     1.0664908515707198259472690630018649992764466697964335788049354973769220081423467938664872693
 13  22     1.0963781348219127162092600862031039781292895267910259195584298074892703071308679772629734894
 13  23     1.1219670134866035029840372965775820948069139179476034974742143857509832105162442670228414818
 13  24     1.1570838230169249814373074046600178235362566981636614694829931958961991909369801310404229100
 13  25     1.2150010428522697728931020486353664760469934421599664394679783691835277055957773948421353158
 13  26     1.4142135623730891585400212971189524745323300680614273085083519020067561586904718670933605313
 13  27     1.4142129734206806470334187774912879781710152638430120919994968130232761079126782713260317291
 13  28     1.4142143333985759241972456795545415014034394319069483562027074550210351341653521844412704311
 13  29     1.4156318814857987121291778763430757595898955505655083304575446332111788191877613798687662494
 13  30     1.4189320232064591682923851920598453847821209802777853710122891910829904256443576726462144526
 13  31     1.4259041458693850812269510190394715355362864683998187405809163461700099588019025806678048030
 13  32     1.4358801912014253349681191847923378522519301543357159225524457375250473917911362988434608039
 13  33     1.4577382924004227358805643195736382023457097785534434629587436858023679080073862464953819103
 13  34     1.4641368732236146060630143440355763071189707409544177483949473380663349960176723797905438018
 13  35     1.4839284453664469407614451622885265325399007004400359949990325408087689777482609389404436868
 13  36     1.5032588549937210589544765229492850534191265383025657264024444089111651401594556664468342217
 13  37     1.5293276219311855641208152292132570775202487492240876862075667874333109429854079603892159100
 13  38     @Inf@

 14
 14  15     1.0000000000000000000000000000000000000000000000000000000000000000000000000000000000000000000
 14  16     1.0000000000000000000000000000000000000000000000000000000000000000000000000000000000000000000
 14  17     1.0000001497126664722890644468380279011457783574575839789148208004838550568470618307074366825
 14  18     1.0013749936878271413801044429336454717762101114607061114808109293694436770223441974480799819
 14  19     1.0074356090208873109123900943077979464954168671727957017522990390863591142981005842447567055
 14  20     1.0154801316615430163948017642942760094571936336445494501192768203324177460326346793226534695
 14  21     1.0606601717764443422606812463358425393715043712085468621019116628024663856407729127700660581
 14  22     1.0609442693867624152765794606251743350070956519441185407125685286408694262267272076639860091
 14  23     1.0730160576733223018823123527966117116969481617879076772132920930352094146425980875121284432
 14  24     1.0999438816016169290194395213866527978146805929539630918327005505068323252566299934214159370
 14  25     1.1255384269739382780689663789443352659183210592745497374094942131241373372901655871430004588
 14  26     1.1679060125701113096819415051449902560156509300815325200223304295797238241612030937590720761
 14  27     1.2202599101838343029623605222032053482582055861788774463606281210439470222699053915415233106
 14  28     1.4142135623730891119364219535065275176072670829683911990439773285394978256021064642415356742
 14  29     1.4142131621948141379820388857128760236943193217721537652680412061108134744747212721758169077
 14  30     1.4142144456831577370995439009517604039032920687418311799815214289235952360844892565261533421
 14  31     1.4151970607471390121510931825939934646466206547842736486869692737170699934001483380147302195
 14  32     1.4179737320866952973141442821407885606009497955640983426971820370425131548586383464236526862
 14  33     1.4248778037584538693065590168772421889564126513513706782763629663065651310434530166580448073
 14  34     1.4314228395927235751232598742719238952000270287897736801666565722424111100778186827495311635
 14  35     1.4577379737102693107378356814439296331015208358016725447505770514475673955153550293923237917
 14  36     1.4593254527320488807429609973103373129444819367608302003308831922164389449252649479600219373
 14  37     1.4686074500804672426789181886325325893449428229480896647384784034599274438748547332235775651

 15
 15  16     1.0000000000000000000000000000000000000000000000000000000000000000000000000000000000000000000
 15  17     1.0000000000000000000000000000000000000000000000000000000000000000000000000000000000000000000
 15  18     1.0000002882287421560900816491223703983376737441770309672315845860434816961672866233242857392
 15  19     1.0001024771173165558922067747786968414717736685520000429395394064013425638563410705016780679
 15  20     1.0074347559725475297442534426750347196887164028111134413410548702964590282507013999596290668
 15  21     1.0121020857300754289490891616617013902994325276870251612775508692228755824238529996808261847
 15  22     1.0235636667765383447384790490127552683080907935262960612223882149827512021725821874415050644
 15  23     1.0606601971537328367830769466961134309081276891498703120293583579321180345634256229827581826
 15  24     1.0660182714237870391778666170724880801608907926259293996312885661385860484334468836853931998
 15  25     1.0963763171544574059223286411873739601444633213029951546536130555621795744103564751589184118
 15  26     1.1035608908818900806647369775129032322160067136171871668961630320633625972278730700614159292
 15  27     1.1402620906160068545586689585742946245337007775570177840032116026133649913000046443620702789
 15  28     1.1693245862804972898164969867824502862112225408829283124645519064919927929022815794016957846
 15  29     1.2250774249358108447990835937346728226636659991367348028799398518509233628460581160994485789
 15  30     1.4142135623730871843088448280984720880001774332811406713880466609614967666237973291375017224
 15  31     1.4142127127369296732627750178823562218188590290472859325553591863045246466326184254365380948
 15  32     1.4142136884051336745345835876143448839439044450761827126019600972603988080209166029876622157
 15  33     1.4142199688264497011209088683059690911292148628561692902322160867430308686261066393697336895
 15  34     1.4168697768025338801673337210448296613852593991971349649155426190926181381902141085361656265
 15  35     1.4248776677768765459762198886192019272451641363999484690983228209964898966697061642521562255
 15  36     1.4288793431460538782336980727420124215890043948822309956352019387741508351676862431830719710
 15  37     1.4368606638869525114344435826264041314790792537832246798117157309704037747826343736063282569

 16
 16  17     1.0000000000000000000000000000000000000000000000000000000000000000000000000000000000000000000
 16  18     1.0000000000000000000000000000000000000000000000000000000000000000000000000000000000000000000
 16  19     1.0000002136571404402046252975084211783374675388263262883400398372676862570891890052841961815
 16  20     1.0000200046029851439868641460804747161172570978213775427584848980155894677923586800280629456
 16  21     1.0023274424047174891001928276179919175365596221050750188944625832827858124149604405068647476
 16  22     1.0081217174652501123551861636586556897048508145497835729099589311776885917848669727209698449
 16  23     1.0158425589192546283235739121016014499591760812226198450995543946113569249358264884961507102
 16  24     1.0606601717751188900109481694043184934921124753049411290679136125253338110000874537368814538
 16  25     1.0606641335401888333682558315588294242818481512687055947935671740131529494113364228746341785
 16  26     1.0691648027229459667537194120957545860758496869613652046256450231201896250392366454954460354
 16  27     1.0963803324022898788726525939896173099271906328702504610404303138028661826170684999043538767
 16  28     1.1213203434990005319232760548205660061343977581095955726545467098629969121318426255323216863
 16  29     1.1402664430027495775421867560008202310638344579179090846375437669516643443663057101444888360
 16  30     1.1785113019016964923231344014034779800244813516844102296431501414137936718523573227329954815
 16  31     1.2295145308782578807667591155968215658115073222502400799147544632827549365799865560016629628
 16  32     1.4142135623730886079118152337773941863220004171884639730243099076303028340722409355401270496
 16  33     1.4142131301004129813249795237137643499711452390080885587145480764891120000761709393628283409
 16  34     1.4142134024600976127942493617969247220874917199468784898503883577821420522520117266298178796
 16  35     1.4142290221357647014330150797429512157286068687968658489975322411023399390805509912620172515
 16  36     1.4168692702736099809016890162718331755526882470796879294886364923005091760903677913537201390
 16  37     1.4195395708109718866839305132204087730429667991783362965520236301227408568616131093722279075

 17
 17  18     1.0000000000000000000000000000000000000000000000000000000000000000000000000000000000000000000
 17  19     1.0000000000000000000000000000000000000000000000000000000000000000000000000000000000000000000
 17  20     1.0000000000000000000000000000000000000000000000000000000000000000000000000000000000000000000
 17  21     1.0000007361392482699009467789243783832658054466232319436942351657292386136602471287777544573
 17  22     1.0013747412072283672242440742646063273962233307935298317431659281750483983823764603209245716
 17  23     1.0074347604630377675578921240382345165782127219979384298610856532022934766021243859396391496
 17  24     1.0121023212666196321808263580969643321030475381519352494752924312019619715004700330286714402
 17  25     1.0248993299831702360134973289546619130550174981615004779314652931446095021037199747300065259
 17  26     1.0606601205251575291272511616351042326001363201960226123863553035482327978151104283873009666
 17  27     1.0621002731880772520273580233398571730140574743014177291137013661913600208954561922436787984
 17  28     1.0743391698188443003604605205548501805104424125562901837051642187678081287674482727815294724
 17  29     1.0975834640426894855070106381544281284126329217401241842890041855959025590122709297854252611
 17  30     1.1213206713035934208791938608766997631580065669001412636250637863355053810061081204896062034
 17  31     1.1435784382324890432766301639455064875145863315480809674181372136023555760689384818896019518
 17  32     1.1797278472168703484220779698896261954582072754459380539335460946812932729401122951021049266
 17  33     1.2336207576650644089650577465284481233451195163000672376827522819460487069797855552956161740
 17  34     1.4142135623730893319779911639914589561963616136918936115920208877444649677394517868834286525
 17  35     1.4142132113804503411843190132994594074748219184953438591990792057108028078948988428797246210
 17  36     1.4142132404261142050198507572938129191121830383302594462333806863410875337444081302767178467

 18
 18  19     1.0000000000000000000000000000000000000000000000000000000000000000000000000000000000000000000
 18  20     1.0000000000000000000000000000000000000000000000000000000000000000000000000000000000000000000
 18  21     1.0000000000000000000000000000000000000000000000000000000000000000000000000000000000000000000
 18  22     1.0000002914940130902836148117159918999293503163749605885579988820788902227672073823794022301
 18  23     1.0000846342300251978658827744883638074779373568199888112441209774778635684877092179058080735
 18  24     1.0074347558120019297997665705700413908251459780767492730352508231801581928298512381327294195
 18  25     1.0088107572709990854438695912747005212101190896672867644047404302933807360067825188795115772
 18  26     1.0181069212041925224568081409946578515811210528901194404825783215744247925568294573091087930
 18  27     1.0606601717772703958431561293109739388466401860515247262564153220573816837792073046958674534
 18  28     1.0606638870371931684274961638102435596992654774694881002941804150097900856513813798691285716
 18  29     1.0660184674130740649855769083780909277931708554449513955259692657323264322105934048899278001
 18  30     1.0963763171513576636477809239119014412787468118231566881929386015209589475471275875519989297
 18  31     1.1002033987831323201589016963172112624420337410353832107343962957167701055971333368624085821
 18  32     1.1239566023296156566385519178252012572399731418791456631839812240664031755239142371450232634
 18  33     1.1553945171535081523658724384796906766203001127672762832862507378252438870046351911179990371
 18  34     1.1876726425354206639034472391764427032274182331916778259267442627406948039855741295879987143
 18  35     1.2374368667759078858154047399449863868065976452134283702086233176927077638304744473320817774
 18  37     @Inf@

 19
 19  20     1.0000000000000000000000000000000000000000000000000000000000000000000000000000000000000000000
 19  21     1.0000000000000000000000000000000000000000000000000000000000000000000000000000000000000000000
 19  22     1.0000000000000000000000000000000000000000000000000000000000000000000000000000000000000000000
 19  23     1.0000007684673575587938042281098632372814751917009016625330551142814476158754173472422220131
 19  24     1.0000075791221966398166030041913015645803695755073673962291150966962656561447206882049296861
 19  25     1.0019176639920121674422264128379681076576614590791954434850558066192654428674581880806239326
 19  26     1.0074349817355686645712516449870582737660746118923808182706944389617946611943449126881681537
 19  27     1.0128645270028313409012361959828264335432144948399129083223357397179726910872807637998853466
 19  28     1.0260791938141105513492813617602855052533083184316239713736202964040582954584428461782747126
 19  29     1.0606600990313117852905606190087458019840234703002296602218616182219803227736954525730759184
 19  30     1.0613350944624789448093707928128965398554495339511452843546772179898764988564295316645399980
 19  31     1.0694785633426173053228505099341640389255487656736283327759905550657297105242342092322195054
 19  32     1.0963763288395136142484128466724132995357454139832355529226567993970214895920329419276615931
 19  33     1.1046982715050425026330123326818227799407635284522065966965842588580776247101871912801658487
 19  34     1.1266548313341593417223234421246469882402484638558184569055125046453974928051502933079563610
 19  36     1.1887331498071485083839545361574001117592605990618508260148076935313738477540080288830026045
 19  37     1.2409788353161214762753306814647706808897610716711157011530642514525776544098556877051481146

 20
 20  21     1.0000000000000000000000000000000000000000000000000000000000000000000000000000000000000000000
 20  22     1.0000000000000000000000000000000000000000000000000000000000000000000000000000000000000000000
 20  23     1.0000000000000000000000000000000000000000000000000000000000000000000000000000000000000000000
 20  24     1.0000000000000000000000000000000000000000000000000000000000000000000000000000000000000000000
 20  25     1.0000010440315241462905426015738395766786079206983840528316265408636877283966906415193761604
 20  26     1.0000673951012840777704086406429207033250830082520089924901674556809218965043086967335473082
 20  27     1.0074346268493372597716858655452651159105714814709360722693782744488681378189811782603872690
 20  28     1.0121020831312839871680562104922345562760552082754750374593684288882725280425467224890618960
 20  29     1.0183969061625450110830482504991809453547936378891770677767412368841683707534390380717813320
 20  30     1.0606601717761839850655141611269627736516527654341675032369598723082530770346906418918154385
 20  31     1.0606603801248019520470485809259563240640229491589184310296369446486528841690020394206568427
 20  32     1.0660182714585779863125520422502041990171654306675700686819180538331517180167730317290760645
 20  33     1.0754309641513562334837358868743238883675735641771946412750339976621493898277950028503546154
 20  34     1.0964839194966665682874060549427541210194414691413904137540457771784450199768492884799779049
 20  35     1.1213203435187664158797033040250091944775111344744229373655367987657733550985073664486502034
 20  39     1.2443149307068328681150038056587904031574449217502080810038283137985879048396560334556560756

 21
 21  22     1.0000000000000000000000000000000000000000000000000000000000000000000000000000000000000000000
 21  23     1.0000000000000000000000000000000000000000000000000000000000000000000000000000000000000000000
 21  24     1.0000000000000000000000000000000000000000000000000000000000000000000000000000000000000000000
 21  25     1.0000000000000000000000000000000000000000000000000000000000000000000000000000000000000000000
 21  27     1.0008527922497820461213102612571836257345969484783603693155794729503717887582706468566472840
 21  28     1.0074347542438256435451522928051845984850894723754144160773289541553900144266386975706557948
 21  29     1.0081220240292085912530976072543351070372759145309356546194807067627608771738128877077620553
 21  30     1.0154801314797879451390968550367776417585976741436527468392918318709526122633099257955648047
 21  33     1.0607704970653710170414408155909849378999238392032619546569950346592624129263724197101513664
 21  34     1.0667682866641746833767756561129603114448306830298923403364964712060672996472427299841158981

 22
 22  23     1.0000000000000000000000000000000000000000000000000000000000000000000000000000000000000000000
 22  24     1.0000000000000000000000000000000000000000000000000000000000000000000000000000000000000000000
 22  25     1.0000000000000000000000000000000000000000000000000000000000000000000000000000000000000000000

 23
 23  24     1.0000000000000000000000000000000000000000000000000000000000000000000000000000000000000000000
 23  25     1.0000000000000000000000000000000000000000000000000000000000000000000000000000000000000000000

 24
 24  25     1.0000000000000000000000000000000000000000000000000000000000000000000000000000000000000000000
