
  1
  1   2     1.4142135623730949889916294544193986866322612512066241597556741523392102000487849408468158435
  1   3     1.7320508075688771861993624210117513845667266194808236171340702072022829270081597790711025518
  1   4     1.9999999999999973272248043880035718636231393776586330249821314144535870464302129645618189410
  1   5     2.2360679774997867244973522774665023775759342364288435390005837155771787136962446562295303260
  1   6     2.4494897427831748914737358294159808320948511204717294844215998312749258301746249872950299318
  1   7     2.6457513110645874502079943392822481269159343303699265376814631290747991138165348343187625360
  1   8     2.8284271247461867266777840568428097907258496469952446869907635951595440755915726756983632540
  1   9     2.9999999999999925549463118640184762748064091061300988685098749985507909207448771676988001299
  1  10     3.1622776601683725353295172088800451188424010054628237694040475872353242296936414418148422283
  1  11     3.3166247903553905469242046973674633713397833847790620426064152067673152294426759998606023484
  1  12     3.4641016151377454531011326660475733777020244130014416016104187867363040797591172375435384012
  1  13     3.6055512754639792127418675419691745474782669507819592294054257983358277210759863022649956396
  1  14     3.7416573867739319696494735986567939366515817143807939960883473078667887504724706227557832616
  1  15     3.8729833462074044627899381146046433786901077837501448637792622777920832266628436724390670669
  1  16     3.9999999999999847491785609440581468886414923089835888069818208588869885045331472094850172048
  1  17     4.1231056256176410586657431480402945831159244630545738415820362155538390441981461019226784767
  1  18     4.2426406871192681691324744493261244117696957017160781848239526637838409373317226358223209330
  1  19     4.3588989435406489958180926068575730684456078499032986076477092313487684157784060302224533365
  1  20     4.4721359549995625852889362549882723069201881070366734134703428814964313615396549592724408809
  1  21     4.5825756949558147264933292965954763631459675070131560602412729127319379097199041152104720766
  1  22     4.6904157598233975118004414033078340090467152501685665719749467418837111059672331332410963618
  1  23     4.7958315233126992763357524774110207128724918783533806061826392957256256750932926699858210173
  1  24     4.8989794855663295871883441069680956394755855103014183159723820622416340358065211812947202703
  1  25     4.9999999999999698086286786001823037804533297756193662077075042457540308350761350346031454877
  1  26     5.0990195135927581798928242921848514862522487442262016404838174591365795605881224240803829556
  1  27     5.1961524227066067033581507161572268928370015881940235090407018294101909785602859211815892295
  1  28     5.2915026221291495062327047267466458965021010024668067673411824673922886460562676673268616351
  1  29     5.3851648071344757039399045322296678367864469107127071726848323974222769027562199058270883795
  1  30     5.4772255750516298034797652861952642909659150662655255973726191521337714166502305405845406679
  1  31     5.5677643628299894602103707020263627155239212859823035835102469984151130162742710369058268015
  1  32     5.6568542494923521162568136018169602240796576278689552994387860827964874450620979765740993232
  1  33     5.7445626465379929591204623716597279434010379345305969376776812411605957564098185032835494038
  1  34     5.8309518948452709400154718252407252010622493161748402754617520109413641701603560381274205663
  1  35     5.9160797830995800957650357183416511301429410328099053317853332331564156718515903027058106628
  1  36     5.9999999999999691622002383281584949823568287953939510723961880897847947184003511455287491882
  1  37     6.0827625302981832157541547146228337089114490509553031225470621135206689227339212173501966769
  1  38     6.1644140029689351756237338711848480182207636279963460811695387737367321155056159547361547454
  1  39     6.2449979983983609032791938061024042949160691943180390257528831740056951338786376173479605948
  1  40     6.3245553203367165284947426580115896202971575220885293990885789099533000840038442242464065826
  1  41     6.4031242374328049844725574175418975139460269311707826630398867657443242220904219998840569635
  1  42     6.4807406984078210869099227524124257225896958972427794946437887745309644203060144189478742343
  1  43     6.5574385243019549450861436895905961672561821156963389900311696425062255781702735923447766793
  1  44     6.6332495807107493879821783230643275870761089057042593485179057141466904242572345685759460705
  1  45     6.7082039324993286321535054276316533994043833576982982563509070241414395315753208645949367225
  1  46     6.7823299831252133714373082976941893249556559113857250299990365694346059050997106633214645240
  1  47     6.8556546004010103395630784743361957218305554590789154995503194428723265776556233229057721647
  1  48     6.9282032302754558931941475484567325003337802159250704858255856511635320661600295234786912495
  1  49     6.9999999999999499714287620473575511343015600398821766560718676475110510117723502316126921052

  2
  2   3     1.0606601717798203088351865119404484682895442961415646299659334459351724261614251913744196954
  2   4     1.4142135623730905130056651964339437800121774386431136323069695007256431935705592751007383086
  2   5     1.4577379737113213201791010972826844724070065500179237929283963271566284747608835901845981729
  2   6     1.7320508075688704899705324950384693463956321172003508537772977629979322490545093751461537362
  2   7     1.7677669529663589508829433324542422365236089257853603807670493337893163232056771894178547784
  2   8     1.9999999999999925416965564600278131451279602072644277582283061118131637291309783813263429620
  2   9     2.0310096011589701137933363805795004990214861288098283494481926191108794342796619658433967238
  2  10     2.2360679774997761482724690975446394244142794722583669599275247248448381836796702870482762582
  2  11     2.2638462845343412145315232959410215609123397384611816467921234852412082171617889503551368850
  2  12     2.4494897427831637659442758954956424844657158302153271339300686697144915449148712789600846946
  2  13     2.4748737341528981083672583304931823780691950283868310356362307142709740077509443790396545509
  2  14     2.6457513110645582457941556976739397618454946099879487313525683661341691540207819474650662031
  2  15     2.6692695630077294044489557910501459059347384259272417651256774885586931653153860390704754327
  2  16     2.8284271247461592190676592651758998040764633539391681222537267227263121260502926083398747920
  2  17     2.8504385627477196543652889627161546771947641770946181012849789942117902054055723580864343705
  2  18     2.9999999999999629059496528204586561903863692217060447207481977450751448085697616453438594955
  2  19     3.0207614933985192254178882946019444847840524928697116495088850552658845131206169853068993623
  2  20     3.1622776601683456413449402792243746073318719537698766940999594441153926964473392431499729657
  2  21     3.1819805153393555718190742795038580226627775452177226142739173303869585125818159229085174781
  2  22     3.3166247903553625155834558137616176404627330280293075951100933535697525332854140585141039449
  2  23     3.3354160160304566848201756267565561572819338816267450029288817620841642012081819479626760442
  2  24     3.4641016151377172278046072584263972738788399499803658899800953226534603445153903683245046398
  2  25     3.4820970692955479759028193543121028393223583468235389544500491253643137515092637111849061067
  2  26     3.6055512754639531172193923903039587811819270416999411334944510744016643630227336456073647866
  2  27     3.6228441865469127987523614155740876748662236897990474086998537430033269271498691984460253639
  2  28     3.7416573867738949307421405632098623436846212907369387090131493464130385933584373959664007011
  2  29     3.7583240945928811785469868948828344999890005921073950557787211768443267382636218877074149686
  2  30     3.8729833462073673377367975251986643420804094530256442230139981360971442397960550505245025267
  2  31     3.8890872965257884426077490498084474205724129037897410321706569383365394675201362327482434392
  2  32     3.9999999999999498517083324966287127892922548970043143745039187788254304816595500584683660940
  2  33     4.0155946010519165308253562473990167557454754324550445879688270194969072921378111100577447525
  2  34     4.1231056256176105478763716245545402879091103316536266430786716538892028451186022902063885975
  2  35     4.1382363393113180237812315642240891115294061540651115825602644159091391282365809303832202872
  2  36     4.2426406871192405898377783357261252671271090612686210526467687251510241807694476805621605704
  2  37     4.2573465914809091171884856497748625571523865354487353761658274402257268800626061802171113715
  2  38     4.3588989435406132784256637795526831550517522254932134725700439356733123649140751554688151766
  2  39     4.3732139211334348362937221177497287650585956593871745119634998738145858088647933915296451461
  2  40     4.4721359549995247351961871155931203353619943324807446132547814030748309463428304518490301309
  2  41     4.4860896112313906205213192879929473371716716519868268805626080315428230635514501213298368338
  2  42     4.5825756949557829134424549231673259645740226545960512502078183151676482695317006918479680580
  2  43     4.5961940777121792154858347278546122624948369575876559006899875197681530526991139212922061560
  2  44     4.6904157598233706842171231978278261072479938297917234110390824497004659312422730570399526672
  2  45     4.7037219305555217053944455901112495553051239286814107686681916132233819452077469831658970843
  2  46     4.7958315233126638887941655969712058794779531152795905042885267428702908119879241307977611529
  2  47     4.8088460153998092629267638244054900611421688275242489927970786033951749386702621105349949022
  2  48     4.8989794855662928645714418036422911478185519463910957857730349438685636414733581754655671898
  2  49     4.9117206760967623680692025349656251498386410814547721289535197701410634211136031604967216211

  3
  3   4     1.0074347568842741255938540925504704700599532510198089298867741556751014208208532560611072256
  3   5     1.0963763171773015188289371508032907306383680371031068568822118648317719660135523174708177164
  3   6     1.4142135623730928729073214344227439657190173621503043558374438110407586375795649670081742457
  3   7     1.4248776678702938008201408594413978121079371976805826009496377226064129164294030081271934502
  3   8     1.4839275686054329449558224061641586451100215019449972163321911055071071982277563465833390901
  3   9     1.7320508075688753769505261850138654956293334763666254831265654574938462799816324445823311964
  3  10     1.7416573867739098625652753012568705562928459497202700326969687797940714367107262089991134828
  3  11     1.7894247759733318367089564225616942654139229740691638591593822935918728821646448781759626077
  3  12     1.9999999999999974509997660840032487010962519072178776008653614353844333085684085915969885368
  3  13     2.0083252856292763973859810497091416624788662307599332038140456289172010103847781860020181974
  3  14     2.0498880527645910466612677158743291086546154405843388046547713996978923160875493484604356000
  3  15     2.2360679774997847602958779474734489260486863514989628105032966828153947550536009682337455080
  3  16     2.2435174287044685691937115261930868826185526969394394227531759028517898296773118205787243909
  3  17     2.2807983314767596332262456270068100789823081375168816893182924721416196798292373250773038674
  3  18     2.4494897427831733105858606434211403340948632081877301699960800535396859561126295833343814338
  3  19     2.4562920129542071283041168046424159946992227699991486152242309889952053630469125887388392148
  3  20     2.4903897343321704242605011269749564227914361330888375236252458435179275026453122283494153913
  3  21     2.6457513110645856825095456552876254056011815990078781942641112017218016951971577461675965711
  3  22     2.6520502357372068281976169831378254784417087594544460367349366788994917020165683427932373797
  3  23     2.6836618693246176673846756833001933401149278377410418958240437024678880958508992706209256949
  3  24     2.8284271247461861570470177848442822858207608996072805508987771310102130225417448168377038020
  3  25     2.8343201041657241065358462901635732665261820945849196295738126144448659099318414522238141441
  3  26     2.8639205695806195989803394189147833248624132448294105300085710335097638697983728505821548626
  3  27     2.9999999999999939060644985130123786832987611795814378510050132205142882264137243647320203078
  3  28     3.0055565961571483976816675969448622544580212909733086714781103991334396696552867824496620634
  3  29     3.0334866126071150139035965224790259126717412060958252827080055314522766539590649754193360588
  3  30     3.1622776601683729097054794088784801512950208983398105195595623640150578930546066321335589631
  3  31     3.1675495975023079568249733204531775024194607036342138827517854974632877960295870809969046627
  3  32     3.1940634040148295427775803572104039770537542014384073777784174499418469779793871531892040526
  3  33     3.3166247903553928692646246463560624911053266583022704063822560289988610759360584414591864916
  3  34     3.3216517657239089578386021876401808152325472038276497470508055434882206686603887269774611963
  3  35     3.3469450292567695996237135966595259224389357180628464451004049727566487031343878575041479247
  3  36     3.4641016151377471083457416780396353828682010608468537580473471246839982042029575853458187525
  3  37     3.4689148811478963348981654906880101867967422759517818170185520026947817962072807401524504730
  3  38     3.4931419995280129015794068294350909155329539806729537589617580600727606482752656897983757896
  3  39     3.6055512754639817015905230039569759414242499919371321339919821384675189158213539656100387967
  3  40     3.6101759586863769507662156296514722320773654165231567683500584122397540530108965909260607530
  3  41     3.6334613014131287334776385221249613005074171298401275840226550107850918011137053142149994208
  3  42     3.7416573867739347778130606666447679331573457829462521313811084643652475171712072045221715345
  3  43     3.7461140469100023150108019618742862246651820344720724225166631009354611334091475373484303198
  3  44     3.7685595429642093689568426233500236885385611175012382776071706682368553250160807440935056459
  3  45     3.8729833462074084530466288095831573849847419026465214786958768978559823303940072340128561664
  3  46     3.8772890597240289705426172682857525760910739130324233989547375713285397907436963862168939094
  3  47     3.8989794855662796268712661246104304010100121426433627709270984284069597949354195916420072364
  3  48     3.9999999999999906049767176000220666156192094657083481234388942469012430618098491628518451996
  3  49     4.0041691338799191823273028245282477241438690189856694030363748634358353467342035224880089875

  4
  4   5     1.0008394468590757507590232963006268377275789677903039489594992110109616382715130407337581006
  4   6     1.0606601717798090964332118522046487273570628916887616490934626871768154336097487775775763394
  4   7     1.1213203435596282459270128387171800316902103076523722760896175191272708612070692660380302464
  4   8     1.4142135623730914848502681424283776505051356836914339607112477038940173878723389677175559187
  4   9     1.4168693002288989654029672592716751723012461703390105586759292388294809165771586178205637877
  4  10     1.4577379737113093453516554878184446745374066601446921439725511048548970799456449633309297398
  4  11     1.5024511016602410823693144074250067378531752442593957648385390622373392268496773459745679499
  4  12     1.7320508075688736249140086550195151321304891779159215486656944568966828510905953260283330249
  4  13     1.7355517317892187213686746823626362183364208162870927136746326436514069116090724452887480051
  4  14     1.7677669529662785770290662338801520314648951960109000681338649342141724201536630880711871789
  4  15     1.8048155897156021683945047943385662382099804776281211834304134956163179737069846262994040977
  4  16     1.9999999999999955267664954920100049089929264392510139736440295832684979919193999725149632443
  4  17     2.0033981400260947192189705140755768068204693695435472003955548906868383427726129078028457859
  4  18     2.0310096011588460940283940728421658807066599034890121525151567841569192190053310513354183061
  4  19     2.0633369363437527890167566673935942517748654313229055110488809303763214142271863945714231103
  4  20     2.2360679774997834289346405224801195741262634565262019771250905763910953189498991696313505927
  4  21     2.2393567435752518577406145444124722001552909439827534975091614900341657411808407928203623890
  4  22     2.2638462845337315426099376554763777719718927013369246552837477005894554850009457549867637980
  4  23     2.2928932188132116575973483917787559023074124417899752731077282322321267597148888147650554663
  4  24     2.4494897427831723094950021414254628061518638063420653393876347395626964681089853252536687997
  4  25     2.4524923292299778458116005462961018012043289208291757772131638965230463745887944568758310329
  4  26     2.4748737341528043639442810000499017457741847316644022711738875572729445660299823139329449402
  4  27     2.5014714295550647818283534478351144670372328618345752941601755153684741310592545161658076289
  4  28     2.6457513110645769882558404693484522502475653343722097585307442181841342505692214030547300150
  4  29     2.6485314087557987230120656104417721318892857815163569115004045087363205895004731456263690388
  4  30     2.6692695630076157453815563551445268335370515197766763125208196683416486462101230848878469865
  4  31     2.6939486470384572769923854144803486878933590753854132087025483457302152723423376492778630426
  4  32     2.8284271247461824156652826888596562680908309814264736452127846720764181233909558321123449766
  4  33     2.8310278389006005401277453287600500556738299029469891136185131685297769787629101169079355967
  4  34     2.8504385627476647331619210692275735681939178625117263114647963225330884606014747573015285735
  4  35     2.8735621296363299410307529870919899501918373005929501207761634457238697252670649080649633053
  4  36     2.9999999999999908674007273320278014564917119429040922962268210879725172660639104094747910582
  4  37     3.0024521020123415353681813997869428930655267029121524673852521456338643993837512754549448059
  4  38     3.0207614933984940178164643202533256133364067530466245250445303305870163367158135517547432699
  4  39     3.0425908881872441860877519689260518676410959484591933714385683257083070122665700773520277187
  4  40     3.1622776601683697102155698388947130274518717149931589499163112583878166937945412283296648268
  4  41     3.1646040234501265230792366767628529415267495671511017377135007355227557266385138300948779354
  4  42     3.1819805153393733676859825543921402632971111988710904382302544787757397580590213220168922131
  4  43     3.2027112440679662572562031923315800679132251313184949646891644141782613746070594636338682593
  4  44     3.3166247903553757138076403215170076632358056936131000147687027833293714949619815817364464769
  4  45     3.3188429647719333728739170481613553663540769019500902401786192703479165055609469562498450924
  4  46     3.3354160160310840637186717988919634221623318852222063585504521610694692600284710766505672798
  4  47     3.3551988484857344993390383371170152418758452375207184317644147902336597751632987734326723565
  4  48     3.4641016151377454909464875300473742140375352581385629058580446749781861637797183125653788456
  4  49     3.4662254145937784885545897513408157431789259725598894393096008762984065175116314438361468605

  5
  5   6     1.0000934734351953951231973664102954043686645779237422097657953521343565703037076659088528638
  5   7     1.0121020898791270757149560727617779456688033136068211900576098726800259377185713275647105168
  5   8     1.0660182716671768982148103396420279994982229963489162886012828150972094446422986065841635109
  5   9     1.1402620906641644334482971169378880933622134795495132665728268012412389803856752786212585036
  5  10     1.4142135623730917260426805064272031303719902811505958823936652344907696250449626936958734671
  5  11     1.4151993358056768500664015047479383007291930289493577699097754768435315169189540155768011775
  5  12     1.4288793437430899648881134633899591440915194070618326592069959048016711449953512850943685543
  5  13     1.4636987403834376218707812874845549320100164342721467128973282569366834234733600475425117150
  5  14     1.5166402458735884480182361009377295244860214640712558304998846074747669842854041273223475762
  5  15     1.7320508075688724610936833410252272575920396049386199262847885435422884384486290795192538296
  5  16     1.7333133082512858943624180816718210027593727777964123867614656630482056286425347226920133479
  5  17     1.7449464245200657544753214036269541984028804468753376005936103238307211040562631451532739812
  5  18     1.7732359830120396093076495864323941152089383582339888786551790803038682274138736455791419532
  5  19     1.8166446089990505300650016645586810860688621717765152018983771753060757710402804832012264292
  5  20     1.9999999999999931193096696120236719497113473808584375318505343842594959569436472675873086479
  5  21     2.0015782701852416375584456655580570430318346569219584531382763601237330656367576506138377913
  5  22     2.0111782675532175671240425456799941689929144948565496325230493388516194910631468124968423484
  5  23     2.0357715617060776170514997446846922689535522863723671799533166760713331116464185166816956725
  5  24     2.0736917889129907021363241597565211336850521008980735499081837959193229010493930505976309439
  5  25     2.2360679774997833182891959374807453052939993025211500005759636104385504539252990313114278232
  5  26     2.2376828533935677115935632531004326103148363391733579844687507401330854822671951580658387252
  5  27     2.2460716872401781045751071956618971273052864096750243544210900954347346600091384874586763675
  5  28     2.2681194525965357319922198631710606808969505865400640493428369865551921433078691681681691419
  5  29     2.3022158099110944353670501760922204402443891052238078343274566480670678812002388089206090510
  5  30     2.4494897427831709023107910114329221998341701192516254362942867247581888016125540308345285543
  5  31     2.4510596289273823498894954242310157687513553408465249278292054298010416840662322256477364448
  5  32     2.4586252304286929396086773449810876624249624745204823129182225995430897051592729485273416721
  5  33     2.4787831392544915400426470633218731604172218751137950780777898299250198936219329736048205533
  5  34     2.5100194492084909330720188107232339972620355803168703390500212367182585868845155741396518979
  5  35     2.6457513110645819693104651903066130370101931134529867049622969641988234014781764458087700520
  5  36     2.6473008279906262293714989013619810173200839584265541370464048853858198496276927373325307168
  5  37     2.6542113750307227373558824580174901069194809803337860170345626704495171355361909527867026109
  5  38     2.6728946577337512893050527877534879788924773269351091763807562034867630644345434545169160942
  5  39     2.7018877910461847753298110356179293425254217639594925299575033721369123823177552834758708478
  5  40     2.8284271247461814829931085448650300452903211108551859296434816520790490403573583352310127043
  5  41     2.8298766197649403332441080804130681605288337371884200678078999446338145544846658069749284988
  5  42     2.8363423671129173377936398326570689886379414231187361278232546169146577291612025196005169589
  5  43     2.8538335360397837463962910495311184025999661293732773346570785358540362444742464667521998388
  5  44     2.8810063580986633356867330308863221053355720855178822776746322775233755382964745092842410324
  5  45     2.9999999999999911009022883870263979800269451661322860400021973310470637933666512624727997471
  5  46     3.0013666357118651625745154290193778882521860623110400335113769727933458486751389531254750258
  5  47     3.0074637073336361629049564629178011896877260648715989269906023585778120683384559544189861524
  5  48     3.0239652530132923342124483103826768156050526590789158795693724579765318692275947557449354978
  5  49     3.0496225398243919455724971629602771508127858785925060542158459222584419475704179236539045390

  6
  6   7     1.0000102672622079466436874030583964914778728551512283979657361524831953208851884029299981155
  6   8     1.0074347568839833691881108405236171081760048606540990079809831806862013518761953218464015020
  6   9     1.0606601717797956376947368120597895137455289865908566854226650194180852808533259220520371072
  6  10     1.0963763171767800812364569291680901934995492523340363447676758894833387481715531509373874309
  6  11     1.1553945172702269817796519902728067151737379977479662324209259211424784505871044136465546137
  6  12     1.4142135623730904450600724284343828871732777853454808202333835174786478867748729165293865087
  6  13     1.4144942121240141899842115085579463244438414256150500333942965136080501381295725721550770026
  6  14     1.4248776678634299888056345772007860308850328655448925554823642705078778275359644583488070255
  6  15     1.4577379737111755716674732841143836435832257889492270396228738714984082166326920352643354141
  6  16     1.4839275686014519938751929643063584588231737152918584532762572802591135153681139245421808005
  6  17     1.5280498979198152619096695303577678925871829608587634999694759441602511325954427419103236512
  6  18     1.7320508075688724908974334780250614650921458109509937196426792856489298537472549442685255757
  6  19     1.7326202233755523682213383975250070764859726191443642497250644887191792746162888074004008066
  6  20     1.7416573867561454017197016706159132550162205929366846458912490768980977000353975850333179911
  6  21     1.7677669529650286042211827328325059491849214462600503771157017861396412704819371123719629136
  6  22     1.7894247759729115466894160023145549220470287361783221401562030830976011852767841095555554334
  6  23     1.8261808482563521787860245531415516415152722255587112216234464038678234283659459164572235996
  6  24     1.9999999999999920043862431440319649196744123313539266252358754846086075052080196791710702627
  6  25     2.0007079235067883090131531449915609062170822414279889743093543871166248076836910082599484825
  6  26     2.0083252855514513472275659719096749262032986588732166172519345116178798346400932600433964587
  6  27     2.0310096011588360356656926419432299974275797477542228305886221096112438094814338288371864299
  6  28     2.0498880527644403049384463595915186804744553467995943359621806713422478560965167040120337469
  6  29     2.0820510297630189403415136904912135776981831267421108798896301294876022581717920505055235340
  6  30     2.2360679774997827171093383774843365251591219987477867821159799561157053969459565223496842958
  6  31     2.2369207059530790181837609658597797947344052601622791467462514758832809554197046927224466290
  6  32     2.2435174286873929923982186228858348664448352796388270985986331253537386622214185815160182439
  6  33     2.2638462845341351475677891250544148544790833550465124554803667701711276148459203645267365100
  6  34     2.2807983314766297077708457344771283217414834191209485846344422001114263757778672169450807231
  6  35     2.3097481443952837023874695106561356642323771933657155317517387975202101350515242393343168557
  6  36     2.4494897427831688921692792534463822150482127784792341292369670020448826278980139813057432645
  6  37     2.4503686821440807685393836947589239277365501783053568893270225821169227703933349872317690551
  6  38     2.4562920129206889413480913393499699808320961947981772610893327446782627474322575929572937764
  6  39     2.4748737341527201668005548220330680795037134334743718015291402456757897448795469136333698821
  6  40     2.4903897343249141076639227862196067154189105792439636567068325365017530904270239035312886205
  6  41     2.5169299733042604689643189282432090701028276683468588886553526211923906534623379383197778931
  6  42     2.6457513110644944489398218587721220321189363742245892305927643970203957976441743939745559576
  6  43     2.6458271474216926301325008675684193319485910397638900863297893858393953602283089148288233395
  6  44     2.6514668894035440820773465221354216541275572809634819684112948624185058699780707760032223744
  6  45     2.6692695630046554847723993004682388271895831008886401138049563331223374974328334044022649296
  6  46     2.6836618693201375899856840531970187904758059969802058964239610704124627850095385820424228024
  6  47     2.7083087878825325701729043391728616063319731744939468613010847895249732373293266040792283570
  6  48     2.8284271247460867889400841006121544836916311392967950541648461948925132260955306953590704910
  6  49     2.8284574707778990232423683610388908881873118234785109626972894784273747846066339753277142008

  7
  7   8     1.0000000797225506095605010095507003733482891986238785654166819016966138823622109863091932348
  7   9     1.0013754954922989924806216306331838627188788477493613058389668252651604796764581903620682121
  7  10     1.0154801384929459020357703386197113507746664933488346771508438865307643700285226587510321784
  7  11     1.0615063171039999307071742341033775479714490399865557466186978861455423618311686030586627651
  7  12     1.0999438818422997133863978265693768338043318599743974340359237782134263615702028309492064173
  7  13     1.1679060126336318731991166524692518259775094940783634738084640960124615372268594067854228879
  7  14     1.4142135623730912733793141884294751257515716498418603233048722760131094343479091918186347957
  7  15     1.4142272879700379457914438533978471002079278266363744427578324700615340979434297737397666690
  7  16     1.4179738118507819479443773442867297431125543187987925359033065403082942268961524369820336742
  7  17     1.4314228400688301813529964503114323152271862367555728603086153187354117885100279045537805527
  7  18     1.4593254520852052771394462485494750266290628675055805162201876503104531196619891389920269177
  7  19     1.4880206253857799381693124415042719525535638229235585637189020406489709369256280267817545865
  7  20     1.5375319360365632337270070062353279233228759517576921837598605183131961086821924666699663206
  7  21     1.7320508075688719682850815030281173518944750591261351935551266644350594466276389306971526653
  7  22     1.7321868883536416726525170837343078519514320704142348667506113411834389232980688009234531339
  7  23     1.7364988232066477448613337080029106171194968334137088993400130308858923206943975370692276804
  7  24     1.7469966047942406455097181450129823390785902547651255430359523963922856468058579494665672105
  7  25     1.7696992175571522469605125244907956658887873768952770043827358287306992198830252104670079810
  7  26     1.7928205101415064313585340282208315020641033720941118366935218896136140782190096946945022792
  7  27     1.8341222571975845277889561818302065691696255428173730859596855950762357564169302049921956043
  7  28     1.9999999999999923926399325440289359635979619683720089737518399106956374684829017831611659409
  7  29     2.0003639027384056953918781279284097140528068112878874571318188006017004328313802189125803023
  7  30     2.0042294869280484258174656768272135697000365012032067451703046497032891911747870192041725166
  7  31     2.0129572466381797257265209105674055471323570003695480575925112594836090924706053999497712597
  7  32     2.0326916442539542794306334563506601104725120316309624181596939473218326130998077853446738773
  7  33     2.0528529858697891338704184130336071035997675292048893982980089767172663689192954841465915776
  7  34     2.0890199746163311685201433564977056384263136583182284193654297368937710565236078208268297427
  7  35     2.2360679774997804242316071425010008891271443295181811880749129216962542855243175893598018094
  7  36     2.2360790403541935906409879259204082493228865449356777573599777403427518166133453372969073368
  7  37     2.2399771865073236634661282131530588766709869068376452339805860083173907867736644760863777559
  7  38     2.2467325871192833158943732149713375820690341915654739459128399746735493855118957078957152768
  7  39     2.2638730298906160909916786580633479751820510367566231805321394871585430983471518351614707323
  7  40     2.2827604021116742984077055897370898943770499290430792242023292811215906978787628880857982714
  7  41     2.3160320495036874303903807633806659177050634789007356387450065114658259868471509251434713813
  7  42     2.4494897427830835878238798450583425245161678851779692759416451118386281498771769497338157305
  7  43     2.4495283946862274948985198924983733816199253929560795399976806773044622805695411208256936565
  7  44     2.4527547128537110017595899836007867437567182919712230721877315828913565853467804665316554308
  7  45     2.4600806896903249383274886306158774718951794317473187902164145071180782837090009828148037233
  7  46     2.4748894378048072883462900187723407414678160536903825885855937959541323620369482907099758563
  7  47     2.4928307968100633287914160958245073211587793430937179869551925527058266277427482016157497023
  7  48     2.5226978523632671756647648409578068242400788480013541627255009760711028876446994448809396967
  7  49     2.6457513110644773023797004281293919493310827154871305241666112569538072695198747230791650635

  8
  8   9     1.0000000070502949758220074216544327373508638480019853669047999599088765395365935467556318773
  8  10     1.0008394431299184613555725145029832659433559630886048602918159927609418780628150300907857709
  8  11     1.0081217612931952851554402095034735399743752403748721342676929037490708442464573382043175730
  8  12     1.0606601717796633401932101647098682175463698211063711301184883150775985158137266123894539872
  8  13     1.0691648035836595740996878084032091039347979177976581364734426672569325960297172348250614703
  8  14     1.1213203435400030460328660273974998491281064542629846315144824061950681053647865845422345348
  8  15     1.1785113019659564417033247460629750823447494005003759584359184273331096579981869995359366881
  8  16     1.4142135623730902336479977644357909264192092803851767639515187652504264663634954841729788959
  8  17     1.4142146531726642976925764034931556110073434214622701553865304424621411188726074044898215984
  8  18     1.4168692827699231878638837342916377832633539485006917996879404940143337664149531381590975380
  8  19     1.4255168261189985763330554844016756353349039668634218309326782345695806905340226126527307051
  8  20     1.4577379737110504619014076240213356827433895242907532739925180692148405161546718635531150460
  8  21     1.4660177246843913430680116136656457915725288816783968369189563438647283188295593105136066856
  8  22     1.5024511016600412897299224494066232978278758593615276567951681411182972075503007536998804109
  8  23     1.5456030825775749402009410383662629877151147544001944005972804298852553670344373494886108754
  8  24     1.7320508075688693977487851190477386668548874685132120514531607897754265222171669851566902346
  8  25     1.7320554991989544474123051289707329974063661084866690318355313926244820438301816773115480193
  8  26     1.7355517312899724798952605119626500661705042629039383151864360029093856259146896087995568127
  8  27     1.7423990173790373826049576286330364507763608054903038100513577576918873655152173681825441408
  8  28     1.7677669529660289509021110039886766062852184242518359282302013315867000535930117819288019388
  8  29     1.7749064981443835675962510485491859278351226199478939978143747759706291181523033172627522604
  8  30     1.8048155897154289728336231169661950928636557104212133780772343511913684660573101526808351952
  8  31     1.8408935028639304544037070924099039734864369295712572672112420602018189509007812270759905041
  8  32     1.9999999999999904564753045200455394318066180960628691677064042614745696648286102325666218513
  8  33     2.0000041472193358470950722521550659368216657575642110927183028675531717590804656257989871590
  8  34     2.0029983852521090401665501910696036498177748808847339294091293895528340863191479840195503797
  8  35     2.0089770256688390476065089031964930622215067181416238697542063328848701176616153054895093043

  9
  9  10     1.0000000000000000000000000000000000000000000000000000000000000000000000000000000000000000000
  9  11     1.0000068129123283347598381556782991934371058810310834610051448438723942025919697690486680412
  9  12     1.0074347568193054936509223914971322522239001250103292505238951682941721720716335643244639126
  9  13     1.0181069297658330132698718739212904163337892256143283509195517701327471521041193168720683397
  9  14     1.0607907447606395305457646135423427465856715504235864080536203351339525425565775098451907832
  9  15     1.0963763171683735117570912566220735603164632538735259472473543733210137840437816497116324165
  9  16     1.1239566027552234370041094178594653106901558115057330021668309542908853554754908948632203667
  9  17     1.1876726426612971775418968971680760768898876992847302418543426471860385422171075987600027407
  9  18     1.4142135623730902041947776684359921061155830121982467693770091014032442727014852061720291628
  9  19     1.4142143802573670895011528559279396224724583431025076740473283524458701173694989198404069628
  9  20     1.4154917903160858773019589799006785502098706534761323058375552213750498777318591603900724831
  9  21     1.4248776678228317190992924334326140844739414150435181366415926668297666285594565383496358277
  9  22     1.4332708938259967646967480727017579457982400709139036549269013597705935358906765188199413563
  9  23     1.4582869613899517068502776986377844134554072618525379867155842918424539670426906346773625902
  9  24     1.4839275686050598687717700145058435957285611943005685876789631225384220801589870276100106140
  9  25     1.5055378700026993938613644105476187875714159009346545017530220177394926264310891089262013685
  9  26     1.5525998538724472141591057471967737711770193711015605196120017471133569976386376918767005345
  9  27     1.7320508075688690631119971490508542901239672179577410775887398544438814987988850040487446934
  9  28     1.7320511849528727243469583172105598307094678419152194564541367685033745308101742466195000945
  9  29     1.7336239746982329541573160615597616720884314559178033958223020918641796924102556899204860209
  9  30     1.7416573866742435968870571932478149697685497962425164805793273245016554398451831494343301548
  9  31     1.7480814734701711297513801184174987781815710874831676965423281749541674639251801627178780081
  9  32     1.7678734011409694055387260293216281627383296652265575612946941625362307216835904190133048060
  9  33     1.7894247759727887862435942140761940796756638184231022903592189690118701712544029364242665411

 10
 10  11     1.0000000000000000000000000000000000000000000000000000000000000000000000000000000000000000000
 10  12     1.0000016285108680678536329630774055745500797901850055847884354416567401290005207869052678990
 10  13     1.0017679388709771036364784425748601011351153215289766632414350678116106614380249610545638609
 10  14     1.0121020845438592082772107727390241247340726062608200380385495890450540385651995047540708517
 10  15     1.0606601717703665317783103491419215027667424905564488519455042517067014130981633262489126113
 10  16     1.0660182715134540552577571301359157186525653660421752013079138407590936026984247216639992870
 10  17     1.0972545892207548085502938567808204614379818823350375173925730659940401641976032376775629845
 10  18     1.1402620906031672660716776878319973886520970992500387868908908332651680678566786207018850228
 10  19     1.1957055500226006173697817518606522076683431413145264370151104198931888215544056960881477063
 10  20     1.4142135623730891975009624464436058812575928206966609457167184505556361146692122119511404787
 10  21     1.4142135677038673878917689058988621144164985338931312715944623052200717556043483433841467308
 10  22     1.4151964617254675078107723701629698878809738035332089717351350690910608224582152347454446077
 10  23     1.4186658056015726903523113879119839465372348719053329427192069480679285297066423796903326303
 10  24     1.4288793434216558494264811476710412521631772541120833081519170773503117643224506385604898277
 10  25     1.4577379737111101460443452760995250038905572255930606599446836796156588896360767607908621084
 10  26     1.4636987403845374700353065833462091385819803121487800140366397204392625302629147037559296276
 10  27     1.4850055417765197178606730440149855751659331968406697100378451823109949455737835491009020104
 10  28     1.5166402458742049439516899620322701767256128343093480778134141325237397204504661841335768408
 10  29     1.5587532718986527485434606178529540530059077245563256365386839535156598829475274253855559101
 10  30     1.7320508075688688169532855660532286841191368522045995761388545645044750913493070617704685293
 10  31     1.7320512010506956490193149539673146456807201116469746503834660402153174012785949781882542266

 11
 11  12     1.0000000000000000000000000000000000000000000000000000000000000000000000000000000000000000000
 11  13     1.0000002269837741216058515279713080321230405319934882214354736776159339085393729804513264388
 11  14     1.0008394534271082189222600118716575080041733950266117506156342900519781872506607035099362465
 11  15     1.0074360606427880689295235011805139138930609048993701462873927658782109212870102776642423866
 11  16     1.0202420302264104051334288792492419995498137292464311270162774955666660802528158648234057176
 11  17     1.0606614514267478682571284610450494745938763428662761142319093718590777796338948746139265119
 11  18     1.0713561837486235749656895156446063277620045570244355989680430046106681917855277581265651267
 11  19     1.1020684645134874682528676743024827819575195951184614335057778705519806787050174534099073511
 11  20     1.1423310910155727216399396233373199854158245963800480858170319163137814509657517965211645346
 11  21     1.2028345369695123876572003754224061220790826763945245605015055739213951668330280588825561561
 11  22     1.4142135623730886173364585004486447417294729053666833078352475215906569638395601150631365504
 11  23     1.4142136771828416051228232107014202284228983130756618528064577801230956620958941390618774733
 11  24     1.4142641710040791731762141055304334550094162922118578337508948106662271741486425972306480269
 11  25     1.4171500008104874640270336899170688219517782492373960208134047035406638501556886292079542851
 11  26     1.4248925216906990925097184105015759726453733926468378432080306521128133953126364235755285886
 11  27     1.4347099796449485004625732215416984473562630538490312950521182516362203202212802141266784225
 11  28     1.4577393154296061790266133865418064000757500981959952041139898198588785751714053643361557136
 11  29     1.4675119129058650529468236808682272595755368755696605687881026332270544145950053666612846471
 11  30     1.4896353129035001576634980316251719275430044386010068884587368551870996371958464906849090542

 12
 12  13     1.0000000000000000000000000000000000000000000000000000000000000000000000000000000000000000000
 12  14     1.0000000212986422011826476492495654752762666606033390282208520694790697884640574109329440891
 12  15     1.0008391195758980397936917012833881260873270564185960463645492125560294521065552981085475425
 12  16     1.0074347552963754581740265928029114065844292704843783231602075132284019418862584114690199307
 12  17     1.0125793938216157797251651560808114588441895445866095456376916999712590384316106093391213782
 12  18     1.0606601717737122149368100801613098650651933373869764068251170072826055275309338179329067562
 12  19     1.0618387571035848870753033877467944866676341319410851036482728899890551112471966142960015527
 12  20     1.0963763171439760026552165767153220670606896405535080732457782984476497180847446577361337163
 12  21     1.1213203435262704579882653336537701772921403913552068217362523790268909935875896025040234189
 12  22     1.1553945172380205246169088329934054050632828980175394670138063176813507612377680519241713192
 12  23     1.2092247569937658297135644191154488059249586404288273604575532112074938871368875975595731849
 12  24     1.4142135623730877659832282104569007081774474421625529508825763990747431070068792921012626089
 12  25     1.4142135179018801526399714735036856815189394119453769910203307531722839786560589978795454458
 12  26     1.4142169136790358896648401330143472289768586352935571235936711471587430185563892744110983209
 12  27     1.4168692788360880235047182690558819597258677040853318135909970682349805015449786008924320431
 12  28     1.4248776677234406236849854564196504067810525509075680201198840422913013307783812292635480184
 12  29     1.4293100608750246834889567326943282131209083247905907012824074733557278343672140991639459474

 13
 13  14     1.0000000000000000000000000000000000000000000000000000000000000000000000000000000000000000000
 13  15     1.0000000000000000000000000000000000000000000000000000000000000000000000000000000000000000000
 13  16     1.0000009939957299036647086953333266039089427930943795610478928386639992296633208571507441269
 13  17     1.0020755169526874177480658193967119119983906117702834639118223067586081578316096272655998101
 13  18     1.0085273435820706711424101866725443051138928659190053314538009934579673318853859287431440030
 13  19     1.0220309986652635777868904099974413434326357695790976518715900486935463143481427883450211799
 13  20     1.0606602780395937708383571473142880005050979558411045764969056537475862270219557254868426973
 13  21     1.0664908515707184398372287660801460859506716850898946715590388155628620703010404638905703975
 13  22     1.0963781348218446839984531980947006105120115095194491729114602549276062281413638426091769528
 13  23     1.1219670134866026426093379888612751430695006482505293339017064936016932205389211405378152375
 13  24     1.1570838230169238975677559665538049774980838621631050360453404849148867238477512976057856960
 13  25     1.2150010428522696650196614209214029582733507875524350586492885448135740174720325086106470827
 13  26     1.4142135623730876608959416664579908593679239552272107388375995724411225625209240362355751124
 13  27     1.4142129734206804669505481984543036878453992878639361214044602384330255975750799739171707492
 13  28     1.4142143333985727883063221690746119980694901157087352835577701766235801875192191340597500635

 14
 14  15     1.0000000000000000000000000000000000000000000000000000000000000000000000000000000000000000000
 14  16     1.0000000000000000000000000000000000000000000000000000000000000000000000000000000000000000000
 14  17     1.0000001497125324639525597164470074662462979364419517413799564546759831059433459971191913518
 14  18     1.0013749936878262902357908034750693997324249702366802636508869553799744040647574042470232778
 14  19     1.0074356090208696764517027882260827815945195878765320664730198257993033537622275194349295401
 14  20     1.0154801316615414404158194846299563038775861707456279964955029334163502327830086920190122710
 14  21     1.0606601717764440852514370265126597497770201683873607977561501932579347281445513604691984522
 14  22     1.0609442693867622730567887663897563226186224237600871968011210766205284393051839808288296469
 14  23     1.0730160576733203968119947881352785409740483031838335974688176647792937672178802639799378405
 14  24     1.0999438816016163326299850350686177046698260818967365049735700970455183527879370059826288947
 14  25     1.1255384269739381620394065301496808158031203939013958427378027193954420851527665725609548826
 14  26     1.1679060125701111988954907777681260193357587878611261289827563608796719223628157855250879698
 14  27     1.2202599101838342402800441115972492558204366384457592633120443513649533806591138229276046860

 15
 15  16     1.0000000000000000000000000000000000000000000000000000000000000000000000000000000000000000000
 15  17     1.0000000000000000000000000000000000000000000000000000000000000000000000000000000000000000000
 15  18     1.0000002882287420507489331805069790512129467444118202532785365605106592885960610042279981125
 15  19     1.0001024771173161989031628222531167615543339346731899912171508913861076287808966715136177688
 15  20     1.0074347559725473130273017869383133431228359506043852658062491871153151562683686974255226560
 15  21     1.0121020857300727716439900918674179792924724255781410004330027580356602183932319088823512866
 15  22     1.0235636667765375471199370020065361847805949389972314516547384471239169932505252823555811143
 15  23     1.0606601971537324644149171857565745737276847533989410941374774046620802604267904208911982217
 15  24     1.0660182714237867886043208985317541246139842341284680123312144033888791626704657283847532739
 15  25     1.0963763171544572127436410786027956020794470433851303617276229776914590062917136123470297038
 15  26     1.1035608908818877613927175944302142959468187805643875759524101739545607169333259262681772259
 15  29     1.2250692043057198571558676715678683727564356800136328729367131966507494552225199254906746154

 16
 16  17     1.0000000000000000000000000000000000000000000000000000000000000000000000000000000000000000000
 16  18     1.0000000000000000000000000000000000000000000000000000000000000000000000000000000000000000000
 16  19     1.0000000000000000000000000000000000000000000000000000000000000000000000000000000000000000000
 16  20     1.0000042892522854569902315301421610904373844636274360396030139371760484585432843316127601242
 16  21     1.0023274424047167928328350388289432811380373929653508418802575363901322657826440646804303011
 16  22     1.0081217174652492234954729443038299749167444638551285995825138330970985481354236085532308728
 16  23     1.0158425589192510929613660686983974439166067730890747134380240429183179195822770879148597279
 16  24     1.0606601717751187665611708378058790845092833001894407818487897253491249486357975874782739814
 16  25     1.0606641335401870832653546254974664087553872276346759358263147018696439387211668573042056596
 16  31     1.2295076804017694611989656965468515424098772466637067902479696567945445833861912215597047284

 17
 17  18     1.0000000000000000000000000000000000000000000000000000000000000000000000000000000000000000000
 17  19     1.0000000000000000000000000000000000000000000000000000000000000000000000000000000000000000000
 17  20     1.0000000000000000000000000000000000000000000000000000000000000000000000000000000000000000000
 17  21     1.0000007361390630776415695311687664302530854430593335259340705138767311130276270981755035969
 17  22     1.0000080294517897299852319948564282518892686534983206243912473380635094927833978384376330142
 17  23     1.0000863969416394048443060164938888786350910481779129741949198245728664366811626070986808007
 17  24     1.0120986203123200749810498933450107451696146026685982365684486000940193061736081864834444361
 17  25     1.0248896559773135268867306767267223419200309930124966984902994718659427916919635475280365866
 17  33     1.2336097239821500659634075998151168927627677418153139350168766650930999150929894268453308901

 18
 18  19     1.0000000000000000000000000000000000000000000000000000000000000000000000000000000000000000000
 18  20     1.0000000000000000000000000000000000000000000000000000000000000000000000000000000000000000000
 18  21     1.0000000000000000000000000000000000000000000000000000000000000000000000000000000000000000000
 18  22     1.0000001456940292284161184992636245590989998289295318272422431015603997591289951217727733713
 18  23     1.0000103596402728312784561009179434732525064304881772015847769359199770640270857075463184033
 18  24     1.0000633114255950510869565558865182453208746736548747540629818400056095371127863674090965839
 18  25     1.0074325783108535315619742327071422173344506856380170989789315940427169237385064496368535103
 18  35     1.2374250992903343187319487769766083958475048949556352305150498468545631833520590527734694818

 19
 19  20     1.0000000000000000000000000000000000000000000000000000000000000000000000000000000000000000000
 19  21     1.0000000000000000000000000000000000000000000000000000000000000000000000000000000000000000000
 19  22     1.0000000000000000000000000000000000000000000000000000000000000000000000000000000000000000000
 19  23     1.0000007684672369135973225269298262766162546455136476725660951745221920262772467185663358286
 19  24     1.0000013147627527354747415238197823356570090148562598963161032723041178185651716576798265677
 19  25     1.0000186890494459736806532504072494822994261227395674401723278212845583483332596060994815640
 19  37     1.2409788353155487353845755133025439965987344441513660785949762578038911393023587214017650580

 20
 20  21     1.0000000000000000000000000000000000000000000000000000000000000000000000000000000000000000000
 20  22     1.0000000000000000000000000000000000000000000000000000000000000000000000000000000000000000000
 20  23     1.0000000000000000000000000000000000000000000000000000000000000000000000000000000000000000000
 20  24     1.0000000000000000000000000000000000000000000000000000000000000000000000000000000000000000000
 20  25     1.0000009320462519250323224108971016154561025397705455033457996420803213180939522231812485934
 20  39     1.2443149307061383412914754017312572478642698890033108914386620838831788916859569336712836742

 21
 21  22     1.0000000000000000000000000000000000000000000000000000000000000000000000000000000000000000000
 21  23     1.0000000000000000000000000000000000000000000000000000000000000000000000000000000000000000000
 21  24     1.0000000000000000000000000000000000000000000000000000000000000000000000000000000000000000000
 21  25     1.0000000000000000000000000000000000000000000000000000000000000000000000000000000000000000000

 22
 22  23     1.0000000000000000000000000000000000000000000000000000000000000000000000000000000000000000000
 22  24     1.0000000000000000000000000000000000000000000000000000000000000000000000000000000000000000000
 22  25     1.0000000000000000000000000000000000000000000000000000000000000000000000000000000000000000000

 23
 23  24     1.0000000000000000000000000000000000000000000000000000000000000000000000000000000000000000000
 23  25     1.0000000000000000000000000000000000000000000000000000000000000000000000000000000000000000000

 24
 24  25     1.0000000000000000000000000000000000000000000000000000000000000000000000000000000000000000000
