
  1
  1   2     1.4142135623730949356109819172097073954163541688783603712642974469689737736489589483880294021
  1   3     1.7320508075688771578195279799552353270631364616179052857788776619546400271401922678229004561
  1   4     1.9999999999999973151156619764999634833406172836575844961465184535526976205991002862899798611
  1   5     2.2360679774997866946085908790691542820149166159022401167055035780272186544669849639155121226
  1   6     2.4494897427831748853293849623207106131529106169438846938122293437370434855004594273734635693
  1   7     2.6457513110645874239323202460147431292580214203163932457895474340103422061693337358050526365
  1   8     2.8284271247461866653402029647419493828151099164827415730868246776790120905451155545613755939
  1   9     2.9999999999999925581335582238964343763530350864820613310597042609047345507638408351124393999
  1  10     3.1622776601683724516653103808320251554859415610128068733404553254559459404799723098892692793
  1  11     3.3166247903553904170526955652871406951921336919303879803695145505903444586455137012143951688
  1  12     3.4641016151377453972185073534278683077394704681162676815650864036791380131654660965054142880
  1  13     3.6055512754639790069087628303183721782628170869284018580432454503064368317029089794155707234
  1  14     3.7416573867739319691060821486268511551888993089918475912800417365039034153824775007015207546
  1  15     3.8729833462074043625964330407117072030987049257134851910611902314577817832779250691355855669
  1  16     3.9999999999999846943182965717875778808676257159725986169638750107046589770233070143368394704
  1  17     4.1231056256176411459430110586954141763180536352826025124830647895715640561324183312820253126
  1  18     4.2426406871192681697868710997373619826873524279464989115103182526866351361066342665191140952
  1  19     4.3588989435406490554737854701249989513944823965545963098686377121670080016834728312925281615
  1  20     4.4721359549995626771902378185955240078658350757620051895190650479363844744920908623021245549
  1  21     4.5825756949558146927409482543239456739325361568846489255545584494390866089580604747721714884
  1  22     4.6904157598233974596562688208736729024101439486254941439985651941322420810616068124199240989
  1  23     4.7958315233126992756472166771196465257142466563935327871669215795267960149537422181314182327
  1  24     4.8989794855663295403755046198433371598016663959904273551350042705279561567162556595507802599
  1  25     4.9999999999999695918354886635900933637841612250335668555318896845172819905492384143634505788
  1  26     5.0990195135927580352629898635750045835378042870807945559110464630779537895610532048781114078
  1  27     5.1961524227066067155187760101651028673585445658565132624438593295926108179988439846440194479
  1  28     5.2915026221291495918436015372213122084020070879844524874095183621189758444760827333640097926
  1  29     5.3851648071344756876804163000284720236013760494736050716766313875961330568168442474482923366
  1  30     5.4772255750516296453361733465389559910179243858823674332536714224792090489465094558622474262
  1  31     5.5677643628299895100032162275595329606375810670596988665011444189149962944561224851758748794
  1  32     5.6568542494923520291090781711451667359980472700695029721698901885270614642652779849119038640
  1  33     5.7445626465379930280305457851771252542732400056942018438656142429410675162395417659189364372
  1  34     5.8309518948452708296167174027086022377523808903056247918319444789350761627685333023643188331
  1  35     5.9160797830995799307012637938578623825219507194952868508602127164178238718770495146552680132
  1  36     5.9999999999999692008174065162619129240898703443111153915414733734594572030665342806143395033
  1  37     6.0827625302981832762301423354590342660133327576626981371345366629099964256367684668700787065
  1  38     6.1644140029689351570340397252813697650214288721219178484673626515773613428598138325854087654
  1  39     6.2449979983983608752164907813296628234474360036271896944498689671489172233851191387278761234
  1  40     6.3245553203367164792029950442202434974396954989526658194963105874906192397116380075711102305
  1  41     6.4031242374328051454332455858459584169836345234690324267769142690746949658110412192773234862
  1  42     6.4807406984078209311776912437335754801257196640483394641463706228464927385309807321612579439
  1  43     6.5574385243019550346816015857380936406361373136219424395058968635826848273971479469894119342
  1  44     6.6332495807107492299621145270218748521455951794606771465465880622431157287065379022374292347
  1  45     6.7082039324993284089944079342516688700663216596380568516881477214497543027100747394768212342
  1  46     6.7823299831252132606886943355554843431522252328910182315996627522521349284142743595505024315
  1  47     6.8556546004010103459902398689551328076308993243951106458654289166734340741146796497903490270
  1  48     6.9282032302754558517027115027334756435141699064169584961440924512958981360249022309863008541
  1  49     6.9999999999999498043764115330836552982507607578485916824502758100037308240732911230994460181

  2
  2   3     1.0606601717798203216581838597243608422406616787802121473693656943561942679032944109476211279
  2   4     1.4142135623730904782544721568641494233171686139435668653098469161435044105810859261032843082
  2   5     1.4577379737113213000127584555850923376543186250700619141574628060016452907742726820747792726
  2   6     1.7320508075688704773330226255918867282720681329129772933803875758183349024701394197706811413
  2   7     1.7677669529663589134897084751841428985971890401264108415634634355279443304587248577948597761
  2   8     1.9999999999999925525849159210886216699991836681667545874801893387626308370896072202978542917
  2   9     2.0310096011589700717650057944801201783648186931481464217499043612009329788895953438091277962
  2  10     2.2360679774997761295572268718032948849407586382835442215150246158737098745404130584322220066
  2  11     2.2638462845343411619212419129417528151754709202005494945542135688358585103244760757689322724
  2  12     2.4494897427831638223532567924381939982089068348446949727692234847173664263692895159812267121
  2  13     2.4748737341528980684515807312923940050665370483533006394825305943907966519377197842497075589
  2  14     2.6457513110645582757734192782444218717167004109994361619067845524169200035989061103895068543
  2  15     2.6692695630077293818300427788676809494634238835284741300194716412123804293678380030547118899
  2  16     2.8284271247461592150594604260791687368883830612313135103714582769336272617090383753389525085
  2  17     2.8504385627477195818168124903604250870137878283264379849288320509602705204018259506782511481
  2  18     2.9999999999999628908010556356504958252418530955126858150991894429530974409299908313710068305
  2  19     3.0207614933985191359808092785726352255755795094660019916317758897959403558075415562256149995
  2  20     3.1622776601683455183076952988464028076464239778222803099817312837886537413882472537889704447
  2  21     3.1819805153393556149422977262075820153352271327436027328776884475066683651715820086960078385
  2  22     3.3166247903553625012484175283703150667850581702765357307377835443267850565640797554832993179
  2  23     3.3354160160304565308059990159204384716766496677451702480445805310791682125152647847415096317
  2  24     3.4641016151377171760085708451250212084491529096166717933452289284695440037328678127935629255
  2  25     3.4820970692955479852118622930059903961038064006382722478564034116615070809035212188086562565
  2  26     3.6055512754639530011861670758542464763987042665336467225548294613141564871415792701398774992
  2  27     3.6228441865469127962960612389465319154104547370121205206572542199055259147238302489573216526
  2  28     3.7416573867738949049155805473275684648755720790926910504636997622228677735961398678667460273
  2  29     3.7583240945928810900089193007679121010980181336670852279583689531146420750102337043761435902
  2  30     3.8729833462073672841967909099422832880892498616068226429737026283382608595752000434945304309
  2  31     3.8890872965257884230872840477914203306191223105535373711810646215748334673798949826014749639
  2  32     3.9999999999999498055172348900088227452556046443528055275904282317371194704694182089183433555
  2  33     4.0155946010519164708885952046375598006689782506429092842083457397678377068953058040388601020
  2  34     4.1231056256176104483172536994475258686971245554866361787392449008945927914733277201547158864
  2  35     4.1382363393113179301981916098264330447149108559871549797495344774660310962911180445598857999
  2  36     4.2426406871192404290213424759732895466575392148623795288986593116780815309535594759763474599
  2  37     4.2573465914809090472013787832640047669587846487831910409930435267881438447515993694001123915
  2  38     4.3588989435406131752957801492140285807545844826147574998625596056946718478075316223861891406
  2  39     4.3732139211334347432437864741181229734506059569778059581735455683578226898731152723122365673
  2  40     4.4721359549995247366511591939698063057643735122587060598779281275119605744619474457755476319
  2  41     4.4860896112313906606201184848350944612504772253285037041456710653628694011009125620663226798
  2  42     4.5825756949557827153670238574399470914321890072906226050488119037816407743195711636676021343
  2  43     4.5961940777121790750645815807783885249725386671506164502226645985188486663876321093282931893
  2  44     4.6904157598233705555735234696478896001404523795904839961576431245239488143262968484689180511
  2  45     4.7037219305555216353830734699091773497742504910909347169178413475693961880067848189944320348
  2  46     4.7958315233126639236147430047555734167772438021279748351287657193708137458392201181621799020
  2  47     4.8088460153998092535755019809303724726059720893268339353439557867379686062430157831834273463
  2  48     4.8989794855662928124497869120338038487437306262141690713580882340331578697122089112108324420
  2  49     4.9117206760967622148202553603536647404348571773705005368779228514340873903582935333882515086

  3
  3   4     1.0074347568842741115778473546360980504671855975073858449920783776053694673404001613225842765
  3   5     1.0963763171773014940295715848377763008098075438049977607717963367340337893286348912073851547
  3   6     1.4142135623730928375306473058491067735986930870825431208732480815567947185699205356241725157
  3   7     1.4248776678702937616097851907632557614348173712668200230169950036274629872883238054861856334
  3   8     1.4839275686054329589819996985045775909589438334986485748935625459011687276582645238392777722
  3   9     1.7320508075688752885595293219728164603392981352075053175143827652804682154427200417986089042
  3  10     1.7416573867739097982501784006387780818423313730403718654709907356762767426569839744329765363
  3  11     1.7894247759733317932105467918344590062347070283179194672212870149109212935379832448471388599
  3  12     1.9999999999999973614876310467514906919192999672670330010900162310058482105237867951351261524
  3  13     2.0083252856292763299604390762060990075060893290518214723662364085971404554200045992826346601
  3  14     2.0498880527645909540045163842979436328984491359785306827719580761967104243431564584278156659
  3  15     2.2360679774997847322208571597729900295053755220391034257383608031521145135026976501054574604
  3  16     2.2435174287044685150416077398030479484279441691809439566921113599252782985545346472447849275
  3  17     2.2807983314767595743983049369983388938838451030642271438988286515537954926717900227804445165
  3  18     2.4494897427831732029194055642094030632343188821174425996146428389469216954490692293173202742
  3  19     2.4562920129542070651031175188862707598020230090533402510636540633015089469275355480685055071
  3  20     2.4903897343321703679842092109085832651690966014596181284034887941710001549653196844203124546
  3  21     2.6457513110645856411469511828125474014946521722665432487190643718366403859123707904604979880
  3  22     2.6520502357372067619873411486830196328752343081620855529078195466309361501979220024530651722
  3  23     2.6836618693246175850989106380261475589590719614469656105399245184630982267680360564888624493
  3  24     2.8284271247461861273057200425653764682268159749638195902666559170068383751766343847663473023
  3  25     2.8343201041657240472085525214832078499755178485517865404677720790282764056075023652759102524
  3  26     2.8639205695806194715292431369416668262406621596666688446085599666143462106448570908188553838
  3  27     2.9999999999999939051294621049351751420268695895404983945294018558478162526423547356874454556
  3  28     3.0055565961571484134013950730447916920414115105445219599912975693846564989065629441085555268
  3  29     3.0334866126071148938536501232786243935945953752280275919961328084534687039842893277144086615
  3  30     3.1622776601683727499110742229944450059139052134489343512816982058120906293787078171256055192
  3  31     3.1675495975023079794294355417414230799809768374205035810769872352939171403295200256240809306
  3  32     3.1940634040148294898953632350714642023714869441155940985936693997432048280387103608627007196
  3  33     3.3166247903553927868009666377159418594598488366131664336234179593043286382108141711564925358
  3  34     3.3216517657239088046740094378456696885778598178886310181966469933730811062600960568472802607
  3  35     3.3469450292567695273307798802746284304825471705679643008728556461039511973947824957206274310
  3  36     3.4641016151377470208204684124864810455279929791139799455101564299624327833489670960009330276
  3  37     3.4689148811478961954877524785268007525020486411788980810067792221618554379657646012135168995
  3  38     3.4931419995280128541877190085939098309775551164141229194253761840203791095922040622165743980
  3  39     3.6055512754639815443949284529401306621008260063587129853128772827637593165379391922576098216
  3  40     3.6101759586863768469957768599952749472115719227883522544743774076723726073668898932948796561
  3  41     3.6334613014131286322879200076100357527970203182117926598593875742358790394174475704203138240
  3  42     3.7416573867739347394869409866543986954428678618923205997066753583311903315650732093895452619
  3  43     3.7461140469100022261694163580725529947532140858814572789836402130975692350926854408247399266
  3  44     3.7685595429642093423879031174127627266600244602665862373828041805495941387858968905258826740
  3  45     3.8729833462074084310926279547967314961876323773133919337898893910058314994682675427826212261
  3  46     3.8772890597240288895667245258997263877167306764748371722787856010769447229663344659660924264
  3  47     3.8989794855662795501372086430534362041737671926659481378898511071253993382962996382784042268
  3  48     3.9999999999999904095860077112345679588194085188258488195838389861995670701523707186714528747
  3  49     4.0041691338799192198001801769702435370916801434848456924691723210897646316168937072549871655

  4
  4   5     1.0008394468590757373962072073307573416263684915880254279727331536701490396633943324258385439
  4   6     1.0606601717798090753187576126148572499705296790348743026166744518159990364201522776740392606
  4   7     1.1213203435596282736953331753174509629140028360647149326070226025789388020539667238099305152
  4   8     1.4142135623730914455211901806822104055100431220122996526349048378618351446243291419576619411
  4   9     1.4168693002288988909746041834171902512473986987289126450120589946829565340893487941830493033
  4  10     1.4577379737113093056034565891055828232644272570445512431985204358100884484804287595998860875
  4  11     1.5024511016602410111396262917861811901036839580410555212770945801993444942015377791845787943
  4  12     1.7320508075688735600769253972523918590241117580225762416036950978241239614346010834233316515
  4  13     1.7355517317892187273151650300041395451904239937711964789130362116461111767692564354682391998
  4  14     1.7677669529662785700802929500701890719082917067328690892502493090797021561278671359695208911
  4  15     1.8048155897156021112059898132188398792277317734500837786730768870665827288499867753323108783
  4  16     1.9999999999999954965478824611852611924851016628034822330818628235306291872253480905916259367
  4  17     2.0033981400260946641206410810546301103558921148835501799606125615838356553606254946739823620
  4  18     2.0310096011588460432489331864173959699317233712166464440741397258142217022560591526370634270
  4  19     2.0633369363437527448180014359480077466012649854380693419711067914469849097544740900588153010
  4  20     2.2360679774997834287380189139244815050711930253630420167973364179897749105886402832664492106
  4  21     2.2393567435752518181583596137585215358616311506734605614867268182105290870467284870390636630
  4  22     2.2638462845337314526894612654511124221706206808236684464728089920843110922393405516871488446
  4  23     2.2928932188132115905027832983963375979289546706358815677131897497682683393878464638435404783
  4  24     2.4494897427831722481893379082741773027962484721924346536317449221938209841960932595560728105
  4  25     2.4524923292299777703231821787862595762566594209311668155489196049711146663558610314983625800
  4  26     2.4748737341528043128058750166479334443287584013316690449298512035759661479251495937944608511
  4  27     2.5014714295550647927397402211544530759091492762983902053748109952404884975139383935727293280
  4  28     2.6457513110645768622649400871823320813235003995727550969139514654273867941429482820165476937
  4  29     2.6485314087557985802023788897699108251739181554906121129172257240494790585366970835688951900
  4  30     2.6692695630076157257483329451378730368661815219509414932443361919373230130344866337510325907
  4  31     2.6939486470384572263117145097184619662135468569383714004352858830548216231236736976168765878
  4  32     2.8284271247461823488469586956001405604431239927615752763500574659147063389715424841460676220
  4  33     2.8310278389006005359517245741417485071889300543978120628320011465403757075424713272872596341
  4  34     2.8504385627476645966649046544834532937804880129734729067932081379293300162534276464413887915
  4  35     2.8735621296363298633926445237351853526732910399538225482749525329506351919131963453637938893
  4  36     2.9999999999999908155525998323058522822098553383800113108763408325882842143720435261108448723
  4  37     3.0024521020123415199956686398129904796980604406296092094645152632905968959183206231397021507
  4  38     3.0207614933984939224833869715241644009981941078103756110866492624359905004750822021151798852
  4  39     3.0425908881872441910530251780219342273490669536898003713045430127302295016627588578430935717
  4  40     3.1622776601683696818038070403679054455728533719005346405983821925044361089321003745065731501
  4  41     3.1646040234501264743429259808355186763713737965153524466211563462724874194039768785725563745
  4  42     3.1819805153393733026540331520525905743796295875251626984215849494636181051190681669021965578
  4  43     3.2027112440679661958414946217235117426866130449487609088214232168099991557635380247196425696
  4  44     3.3166247903553755310865130530613472633905757885496580309471928958316901154250918397323785984
  4  45     3.3188429647719332506089484483863695367277103075554232758317447008605840465149225822625609156
  4  46     3.3354160160310839763268867146656437856724837747277513226959077357504016858920469793035786299
  4  47     3.3551988484857344525107370027188213618073451949689059520888314623778447416981807320762893504
  4  48     3.4641016151377455083615099197271582673478431932796759344334745099744409057764981339691010739
  4  49     3.4662254145937784349443781011317349057847704514339685630734880733951154008422126024919091666

  5
  5   6     1.0000934734351953963319675772904368661466957624365015901821931276291829433312744262703717576
  5   7     1.0121020898791270805649283363006628749806890050858471129516738952810211476886023719745352851
  5   8     1.0660182716671769044962108472011324664343196046874195091982693173098729886839853294967187724
  5   9     1.1402620906641644222776377781760136788963264438257753685152338185988707124177840946682154287
  5  10     1.4142135623730917005975175818282833543864302639157193866236153730139855187987207058133263663
  5  11     1.4151993358056768154820327840209277343687932284537505656507884661365318285231542879630301306
  5  12     1.4288793437430899546007860915593712479623528143118408561957730307579871802150432438168504137
  5  13     1.4636987403834376084285051664347488350950011581967265404904144919266526704743821653279098375
  5  14     1.5166402458735884054122262426254297430366585413044257438487184111409454548873264952750578280
  5  15     1.7320508075688723887552621981580217653586334176629413226617085350241103630916009488192786792
  5  16     1.7333133082512858644518918923555036634446246962718606619692957156578421126224077076931198225
  5  17     1.7449464245200657234883700996878826724421298091804054249579767818942255802176106077013040105
  5  18     1.7732359830120395440432419439802185496409309632912843096984334113830654348001584891563258575
  5  19     1.8166446089990504987511487115803636311582364537473768197705819051151618976302336123619441240
  5  20     1.9999999999999930500870707645263750341089735258807801950639985539682121979648617052189232618
  5  21     2.0015782701852416208682601391627503797731691343524977697370916099690856888805561378774309713
  5  22     2.0111782675532175230193022330291193850612248059438969226793016764699661073324657351189591662
  5  23     2.0357715617060775241439803080469791988801697441573854456508164787050275517474154492485335023
  5  24     2.0736917889129906430444800975620055052378074130079492822965098753391851326287221670811458328
  5  25     2.2360679774997832395296211166918172656294812403281518701776702817680674108390476945831695302
  5  26     2.2376828533935677259396187233579520690967402772979921007915483110429982174064130248916425078
  5  27     2.2460716872401779805220893794654183418096277081894781025608143325742294313087709281604110491
  5  28     2.2681194525965356435871181558151490096919717902521890520312220989915058972459564733557288604
  5  29     2.3022158099110943616368025705090337027884224186961365826591047164458270900655202828797197205
  5  30     2.4494897427831708933813361640878107671040803519605109137668476591428237001667258634498247913
  5  31     2.4510596289273822863477481998211111943836374085932918981664561304358940998954754914658298417
  5  32     2.4586252304286928270810756743698367172733437787404187864751835742925419710073743839316690179
  5  33     2.4787831392544915486479126163974922823117829497769924928145354128868900513499825435315378680
  5  34     2.5100194492084908388706368777935505606946328308431105753861506921608546327007463999738457006
  5  35     2.6457513110645819382372221226277300764874706050158277762228459073748651477258947945742339823
  5  36     2.6473008279906262948587499394261873105943996347930277646062924103978015851778390961703404205
  5  37     2.6542113750307227784805580697777346671900805980932262697540554827564533461503250015758174240
  5  38     2.6728946577337512174324465621910994912490091527256884890151824412682168867178473041003994110
  5  39     2.7018877910461847033523311571641693533542447299816306697518060129319101430925587481025265035
  5  40     2.8284271247461814520240692032475100055181499341139256209459274923195609365432769530663305359
  5  41     2.8298766197649402454505139520932908758052116214743968930760795334526781580239869086543370103
  5  42     2.8363423671129173120312176936108257197042369494755640643003299991143455363897799058978375881
  5  43     2.8538335360397838025930959571046966649391525551214077420331911532464571332360123538805171811
  5  44     2.8810063580986632399684539913833954261126888719566306825175444224821674003271087505520107399
  5  45     2.9999999999999910634618975165913650756837529168460809330549953319261104504052643807629106155
  5  46     3.0013666357118651107129805764392352850379879952694386496708254352801715698024156339770288340
  5  47     3.0074637073336362274035939926004539687449336322354802543171771710552306338632982311528385154
  5  48     3.0239652530132923287469579404294470956674230246732362059199921047757641729090850335741731136
  5  49     3.0496225398243919494665600322967244224968649245195504547813581360837737836847663898764940799

  6
  6   7     1.0000102672622079473862862824101041492698219045826157980205306073427113788290170723987577060
  6   8     1.0074347568839833897084445904091715916686532258558027906636334671604090729576611706923238880
  6   9     1.0606601717797956482041641790547826612712737798675802574052949482395250847679635847593531337
  6  10     1.0963763171767800860343107959035605306278952334222551472729691861956828498135013803080424154
  6  11     1.1553945172702269982019735068099091454657537277328964867583136608506099134764998577399883277
  6  12     1.4142135623730904001346003373239700861671153619566080817595137742415760318927924217423932663
  6  13     1.4144942121240141820708600721442083445497389404926205971904950916364946228584177846230101987
  6  14     1.4248776678634299826775783539590451564001184779149250034117381049086406385597722539046348649
  6  15     1.4577379737111755342766409332470953846728694351468144129128671511073250576619401981558797388
  6  16     1.4839275686014519593154552877519174713499685175565988004781231914989461419664129498478914476
  6  17     1.5280498979198152190695762460332463574242410639425561204120175992877138975560680155083087091
  6  18     1.7320508075688724835745054013115904208681474373409779467544331513242436637550548767145395539
  6  19     1.7326202233755523475563833533873061313712073019802076831176919618098146274348899342997830879
  6  20     1.7416573867561453313721761617917067783303118295640344369181993779086831267212802505168017002
  6  21     1.7677669529650285646856551571034984467396979952681106486971428331587699128694473094366592403
  6  22     1.7894247759729115436996061981615693134398680171076694181940835170888302903220480457765496351
  6  23     1.8261808482563521093373170395211295130368091398027073410710468169642154407507183845703777754
  6  24     1.9999999999999919722562586480772341413359063992920863183486155022282322679257595506420718834
  6  25     2.0007079235067883452872875318533058610597102870195656905867147618208200712883818209749681585
  6  26     2.0083252855514513839649724651477606732492188319256300819681591034768061829316376470241397054
  6  27     2.0310096011588359510690343016715977708258840168546780984432716904951686654347350956684252352
  6  28     2.0498880527644402466145722411031707035864072258882560912972977922372705802607431912765829614
  6  29     2.0820510297630188931801855903119244521840143519705481094774358139341800675986548626411333066
  6  30     2.2360679774997826785169753425980597203928591454853574947580623258895205266326013971331521240
  6  31     2.2369207059530789799942565704103484998745950518031850254886969417876145530835772064629246342
  6  32     2.2435174286873929297955951433627185846567013296726261805620111066372348328322114909139320998
  6  33     2.2638462845341351723642254470753652994492473467001464594391372743209522529153730431694755386
  6  34     2.2807983314766296393825616137374228089161835811880864407620105891095318917153662741447222818
  6  35     2.3097481443952836231742005158783700663064718392837641196036588357465669606233103132643381482
  6  36     2.4494897427831688315530670618252145836742596020272463249988497961174951737306329948558398388
  6  37     2.4503686821440807071270438595626322067881176850443580517520979857787346170295426142371471535
  6  38     2.4562920129206889235519176373141241513640772574722083916328112369418138461801679863665345253
  6  39     2.4748737341527200944577015248298901601642778899624079024205810271911927724977995397453134523
  6  40     2.4903897343319991364422045516878526205552948911704798658190869416576063471527692749550335255
  6  41     2.5169299733080366093694357126538369379704023898089432003123306111875908736192192952139703505
  6  42     2.6457513110645800253753787844650773387092583302253954600466998313773850716139864996937729197
  6  43     2.6466368293305233808293000177513919863924888418130285837530766787757424492862128952590464454
  6  44     2.6520502357181059845736344635800135790629145396404239910358882305823002386656096587773474498
  6  45     2.6692695630065818815289212142828660656794158979228840583903581970149887041992934241765744444
  6  46     2.6836618693244864304543342738556288381398175070182236424842274581674681841016781817988120282
  6  47     2.7083087878845677130510437631873475811463356785735346093679181787161398251305360017331418719
  6  48     2.8284271247461797685102688688964720258971371891846305717937752758008883577836096382724377406
  6  49     2.8292357951586600880381058217381945822882268244856125237799012442097017517530680677411130892

  7
  7   8     1.0000000797225505854004074505970117608999622767822714558853546274307231724015650641260941358
  7   9     1.0013754954922989967165769980041141889434519394533819506029038970080885611095432832848004977
  7  10     1.0154801384929459006316930795040883800629243797425665821321663147993845869440457956385592578
  7  11     1.0615063171039999462871739664361287700346616812925109922599816842363135474516209842677666434
  7  12     1.0999438818422997316406769666916320421757765884403317369858689391154695855655023827556046118
  7  13     1.1679060126336318427903634493541388654348644531151659975503825024399178339375574041650118180
  7  14     1.4142135623730912205513221192734201518211658409019456072785405802382131984872931229006500206
  7  15     1.4142272879700379391281965711433898916177520800041203132907882705754081031952704028073054891
  7  16     1.4179738118507819384531687901446311711235953639081115342694720010997012208974617441643043578
  7  17     1.4314228400688301648142669985023816075324612133825480863625175294556778400389398333334588513
  7  18     1.4593254520852052366795486979584804314583509273123545647248965416946008840152573424897933069
  7  19     1.4880206253857798799889315074724627774891844367860424929676623518611454984252126798349994400
  7  20     1.5375319360365632274203555638690955421610982315329281344493504486303950611436193593485797735
  7  21     1.7320508075688719136137977483790942608272182018054880102298026256901543423486457808227281640
  7  22     1.7321868883536416423209829606128089598316003129141748886670334469336916474943304371164783995
  7  23     1.7364988232066477577946350323681881690951413040927195426405244309007764835873919942364035979
  7  24     1.7469966047942406415083231178182052696196841035513326031311083721309297346506699739984495739
  7  25     1.7696992175571522114129824422330058288079097405985109580441289671314429237274856599477389538
  7  26     1.7928205101415063445828017517981425886808659523217219831120921412251765381382731749931851298
  7  27     1.8341222571975845148917423068861814546896598578393120839389977077776132760169820409553814128
  7  28     1.9999999999999923663481328895689374984428977779936764961162961206151200534306170691375439419
  7  29     2.0003639027384056742753827696598303517196552067368471977762977982526008004119100536246900635
  7  30     2.0042294869280484028578407939234031831295001330591752056852162285235905582762700053772618973
  7  31     2.0129572466381796899800286087343048281599293480401357216859792911459105901517677114902100725
  7  32     2.0326916442539541791712506961905511737616691778697798343123627796302241968391599096437939355
  7  33     2.0528529858697891501813835575851465009032161228513343723804812339361296067153484733151614155
  7  34     2.0890199746163311362995481628725801168122838937857336911548888396060514569639500112632420052
  7  35     2.2360679774997803553120627817786753818260273807538684163294909029921629009462013516621222893
  7  36     2.2360790403541935903148015760738266383201007336541437716525107293884479664336722466307897015
  7  37     2.2399771865073236041911844526374151207311185317380104598148525054516460685830332872715481542
  7  38     2.2474565184529776452945364190054778789248073339573959793720131594598888247332626611360029402
  7  39     2.2655662849272891848140857249338850590415980380295388809732655523173882036438265512908307147
  7  40     2.2834634618471059688565564472464019865786465621481723041516366943629388099960421642534611085
  7  41     2.3160320495076141130640692687236820326074700996072101473887242499607430922994387250497757605
  7  42     2.4494897427831681594934554554296071269617437751141104654904549740078031086265066360874650245
  7  43     2.4500028970039971567149260587270440518828778904949155064537212777617808880835564501342910891
  7  44     2.4529029495940227778660004035514863838225081629203891439481760890150785953706280534800847414
  7  45     2.4600806896903249600537805140802013835760934550142643860251427099503976140157905285960370521
  7  46     2.4764471711473583805830311595123570323600951299762417917688787298438172665802386112656593194
  7  47     2.4931177796498248653795386431884180257579554744224255375616035635719336426528963037742518779
  7  48     2.5226978523686025147435284705728719939521143090665460940915879597195221376317231034199491414
  7  49     2.6457513110645782277145664120962374097848674428528111265919417594924783854543284102989156847

  8
  8   9     1.0000000070502949773770114348943693646507312333413726391878872939715801249023789463211484626
  8  10     1.0008394431299184485561243654188832468476974016563169358548272936694660821478819676610877506
  8  11     1.0081217612931952646293120403852813808126116977925656821199516585821588075669714138243334756
  8  12     1.0606601717796633394106479343565699190398394368441374385489241717643759788557108469456952205
  8  13     1.0691648035836595697268124423039947969086194136644905681057297542237578936929426149244128309
  8  14     1.1213203435400030523035230147677766450368583916876401891659201446721509768143352576460376100
  8  15     1.1785113019659563989318085720150858427376080018406948022962924511042365569851324363016532492
  8  16     1.4142135623730901833690997675305886715780853115357383145983720688810032600790731299186001152
  8  17     1.4142146531726643260534623317693208054780730449137318513250620837296351807887892266730635220
  8  18     1.4168692827699231513711612991010167275067276658899998922687253244310179882452928906905552601
  8  19     1.4255168261189985763061686913516597306006230505712321778466917308940350430559121848833591842
  8  20     1.4577379737110504337109968868597242351214648518754587920076520962970803393065089939279874974
  8  21     1.4660177246843913061415807213157659897910904079020985326817876511211225021742654577936762997
  8  22     1.5024511016600412670274203814800059684067866630659661485428663046105584729770492016894708243
  8  23     1.5456030825775749413903949856579833040652751610919254813245974392155523255640484863228394284
  8  24     1.7320508075688693691412090756675879008394690424349145070451366046684429631657080979619651418
  8  25     1.7320554991989544145656682497107019989259608372991862720955528972282644952146853709208697307
  8  26     1.7355517312899723848813706195245365666078824154997477410623599018399693758249958983869204739
  8  27     1.7423990173790373327664635422412156625445858393684442851066069910482558669697767024582706161
  8  28     1.7677669529660289008446525556157319334775875896137377338309164598788206411782508751616178545
  8  29     1.7749064981443834986941447710698114974807963333542215039367785327162029904131548839483229387
  8  30     1.8048155897154289585181147869297012140606949162866789783763462705869553394137299667063559051
  8  31     1.8408935028639303676186786463195773734133616005720672738391488890388242752348454314903936375
  8  32     1.9999999999999904452170123198726038180787801981157176591793164251332081289599464264600661374
  8  33     2.0000041472193358086440477695890818439787332818271079485974518932648455799707204569404695530
  8  34     2.0029983852521089849204665615925935658115956299216220233324084634787081016882508362714598319
  8  35     2.0089770256688390266485941252896292717322374713449246870635380668710956800424347336175068721
  8  36     2.0310096011584365859576835702113602112510844220536467015633466107409431307463743509385263111
  8  37     2.0369604731223021564894523065271433301331018043514759947128483433699223146755501523343872992
  8  38     2.0633369363435373931808453861761162221840661859085004393332196550125906735112697600388657513
  8  39     2.0949675149956615402864126767325722790188988254035622040234138061449542174466135134151387407
  8  40     2.2360679774997780611737779436897699733854112352371544065648295383547232104710860761716680686
  8  41     2.2360744491379851801038043423043328531394685592066705293054502960412130134778058554939900998
  8  42     2.2391079130592633886142220272198534138537214145310279046960083527682423118211276549401096561
  8  43     2.2440932101759167600760813475227520231589942463667117309816858329109458788985409854327724548
  8  44     2.2638462845330588304675210979850860738234815680470323690789556835155248500342415459241635773
  8  45     2.2691866314926943318972689790366950443377580245306012702810997383693319090047604196878415573
  8  46     2.2928932188132078364264637438347713866797884656150424623257802272428124619507566729520619822
  8  47     2.3213980461966912030870934138939136339183127829498527996016400441233956367821733923739474819
  8  48     2.4494897427831669205955527307044376393602343023792816875545480985100501426558263945767158931
  8  49     2.4494996655709918401468851391538484540275465160251164095122820833707828151588872463137097508

  9
  9  10     1.0000000000000000000000000000000000000000000000000000000000000000000000000000000000000000000
  9  11     1.0000068129123282829326917778607356428175131928188630138517257042326544053287202049318134044
  9  12     1.0074347568193054901235482012635038016206079418746668178773588307424941723991237919160653566
  9  13     1.0181069297658330122211374422227758393082868614602222169220145119807508142581122695842177697
  9  14     1.0607907447606394971797761666315942769591862141441063762071866942508004215096558046625918227
  9  15     1.0963763171683734944709557743003746388279952731621755849744031594114938546484986766467711670
  9  16     1.1239566027552233748413668033953737044592853978673313495502861597041778996380009389390889763
  9  17     1.1876726426612971279202966821729658141075337780679093956007387961769466643377354085863563620
  9  18     1.4142135623730901453574911455653384749293927667427392150578278170244776995942600839045695659
  9  19     1.4142143802573670521387200265021153121264320296184613741071401953139186913682330869090647280
  9  20     1.4154917903160858399821902388540072419621641592251572859874301054522645335978858089690371593
  9  21     1.4248776678228316888118135852901374412712417191463218317289586550006432767802187409431935233
  9  22     1.4332708938259967646771203669327586148125881420642892067296722176011715904914226369574002505
  9  23     1.4582869613899516977653801181469516627696163496563746185653715615016172172077111273036107814
  9  24     1.4839275686050598528168623650341665400771667197649373675677259494886473653161962691753910235
  9  25     1.5055378700026993500650924667942963547998184829573260944971154382397074014132225463513906611
  9  26     1.5525998538724471557722183985734060372083702804395197931373438661942752137368878367000348235
  9  27     1.7320508075688690269678238695193765704171602661383946002902434758576733941427602480378727123
  9  28     1.7320511849528727021698975433548002668285049604675058430664010735205447464283171970066448100
  9  29     1.7336239746982329386655672561331799930792466349434306547434481717118804549694875241202284998
  9  30     1.7416573866742435990890606062090875465144761535413069962491364300600622514973312399425081999
  9  31     1.7480814734701711014804100827878460392013095106404037421576818150087194101259103450135944028
  9  32     1.7678734011409693759587317803560942131217023016409250891180627539936428747962357692624448719
  9  33     1.7894247759727887198119267862020002348379033953357085483394725041937511793094187122988111854
  9  34     1.8073860345854351704750816225665113653592314744815774827203443061849139356667662210732236330
  9  35     1.8467718609080940832186017366335948860366588791581435790544666869572559630535002819849296057
  9  36     1.9999999999999891769328230481747961091205136779955781676800430711859382896695324049582412549
  9  37     2.0000005805999923285581748098413535226410408323376612372201348539170634870265162194042472561
  9  38     2.0018347205440386525685607542692435722174899516232786403100383532023316210147616050458318646
  9  39     2.0075549505968593787757592033596046167875963853433193521656609182424995927656926067283596435
  9  40     2.0138989144699758382874776157737987771737622629227678699816153270095917364081712882460298705
  9  41     2.0313055556171950188332866963870175100018331568132045744633339676233783743861594315389492163
  9  42     2.0498880527643369007092253417004701574366351463434311474340182404196895607842168515048825447
  9  43     2.0655856985402481183919274673132466062780309675794753883330321459235945089394877746641954466
  9  44     2.1001348304916623307370255661499885505960241401204419197190825149383419915518278006505534585
  9  45     2.2360679774997764826302817511699398127059933399059517669265846248318781354953609038058174172
  9  46     2.2360712732735032015856146659052491018606741158138632057427412067190281170706304156960048418
  9  47     2.2379489199905002099291329827361381069407512339256153428505123558256809471224664363064532354
  9  48     2.2428279391448191088697242627669799959689504916994483455420055885290971673546757326913393490
  9  49     2.2483436364341304093247697363591033357899697107854320970239019547054112853022856809652955932

 10
 10  11     1.0000000000000000000000000000000000000000000000000000000000000000000000000000000000000000000
 10  12     1.0000016285108680202720752452822731288390007634816199525142056011149261359353095070562802527
 10  13     1.0017679388709771067691517006159391931126823648531236938909880092982679443632064465745471686
 10  14     1.0121020845438592029683537925321886239326457442163172208239382079492005789778564689507274804
 10  15     1.0606601717703664987586918535813104565568998668679170480238417440641819926001980045052206771
 10  16     1.0660182715134540567461763949304680689728172451186686747874085125226262821594157804800986177
 10  17     1.0972545892207547923479497979908461413683941707411175174001580157739042556431697506083871369
 10  18     1.1402620906031672215411621435349582175132947645516312298568599744750768908045954611243013353
 10  19     1.1957055500226005775941129001530517953190908887330350557168931416274238518011846015898090721
 10  20     1.4142135623730891649908276973076142228119240515469343971132883502406002123441270769459689299
 10  21     1.4142135677038673566251367013252007613036700514693217411550259988906803243779051700342184503
 10  22     1.4151964617254674994593456305412841800526629187867310639568917375854066881667543684266335889
 10  23     1.4186658056015727156786598427198509391977085212220631008570982822262509242869507391931567442
 10  24     1.4288793434216558264713339857878989923470439873860754849748092442591551749479652777568659300
 10  25     1.4577379737111101450433228566059840135533460474305807726451122452469250469472121001892019512
 10  26     1.4636987403845374399997120722079746059943003185689800974465429060561408793613786551670820337
 10  27     1.4850055417765197310813674295847662207412828639888866828775162833437093369088057521676561456
 10  28     1.5166402458742049646785077324334025701108532197581994543706855603536552115050425766355126794
 10  29     1.5587532718986527048510854898146683472615521814561022074831220155512964108321322958864609017
 10  30     1.7320508075688687712686357745527447261218262449866956935265408441460990188054051508346463365
 10  31     1.7320512010506956135486572546725050198881909257139440757840397731972119208071565275262973581
 10  32     1.7333064304919420459224524222879935661367235492473447999866768502828830359338770191108555498
 10  33     1.7369749858237249046866900875720457706384069848318362126682026263664721030008797297997666558
 10  34     1.7449464241649659167699947241358838507463213890892568453966489148623081411583160814826797262
 10  35     1.7677669529648972662122474011181206573516711021253756336084462491181758217003002779500168112
 10  36     1.7726855340400343851837791135552570630181880920490579690889532978850295858775045758516493536
 10  37     1.7901443476732403646566242652444016557907799157425104383337969120718548332490604621795148308
 10  38     1.8166446089988199760728674810587473421316673591967908271647450278962556956322164271384688261
 10  39     1.8519480993409436271493049488676868151352529158926240919314594237765720209192736346327992679
 10  40     1.9999999999999880327112624067453673919774272667156954565425047286550191702989505880571184052
 10  41     2.0000006675700772778571256939032946596449019088492339013516893031389328150378692683689645383
 10  42     2.0015501332137952798285072200493951008944704378633202120838493374367388361569194011663969611
 10  43     2.0046473328569897894168123438834889865530709267035896091406408977948875828242998828547482462
 10  44     2.0108091497891251060782456500430926213873125860181083166551371752184563269895805260316839223
 10  45     2.0310096011575577313961426721818044349257004297453800565506124606040752433146835794024753979
 10  46     2.0352921261934041519052519995956530231190880316429088003451871235516435768164478133739817443
 10  47     2.0512157422334741282433302138573193594583471136103438514291654322810340715700259938090400873
 10  48     2.0736917889124694552873544808522150355601397716167326747383204873630303523706070877121088413
 10  49     2.1046880440227118737146345188857110299314969401616776522451338742917131117079635644997882171

 11
 11  12     1.0000000000000000000000000000000000000000000000000000000000000000000000000000000000000000000
 11  13     1.0000002269837741476303812749194433425455080990645571341994200689732571855699553658563736049
 11  14     1.0008394534271082211068346047948212656441688510252427203681713530600538365168949364022910063
 11  15     1.0074360606427880786662396263505855661201308597696620894512982832752439270046818707382672987
 11  16     1.0202420302264103804281069752080226041566528038255153071468695266032406851387197196563763410
 11  17     1.0606614514267478404366702390073955743371022687701685893003989677836790714803017139433592912
 11  18     1.0713561837486235721536781188483403218665279045607624921875428831474122124689357314010898404
 11  19     1.1020684645134874435622194247911826494610133621008881431140176966532884993000387530171049241
 11  20     1.1423310910155726593015367330800016712102574019918909427778801104986883775035022563886120057
 11  21     1.2028345369695124125583422570269794548158129994234207772726569834266719487254452197246596380
 11  22     1.4142135623730885532165419444888973800583283868124939477930688861937526498466176058920778432
 11  23     1.4142136771828416051117891873385657130673063527262867903244421454593588925542395014896734319
 11  24     1.4142641710040791836141097200599038171661516938251245585555602725233753558909606466419421340
 11  25     1.4171500008104874156892195501366718509330637707450031811889981796190334982972782900154126296
 11  26     1.4248925216906990772950370508004302792727533656230393635536073819797092070825308715222525377
 11  27     1.4347099796449484963935888040498614764132907457883022741534344153888987896942323434103777149
 11  28     1.4577393154296061574944015195286396092006290309343062529833190757054330566714354777241600040
 11  29     1.4675119129058650688343973654872762497304143371762933003418839307350706104960426745153786242
 11  30     1.4896353129035001371394784562071195963527776715296435743412729615719328845048658237503551914
 11  31     1.5181964043235058033795627260894386283590971201809341545633308098470822546696732406774397921
 11  32     1.5642285394078081761501381369890937855986089769900520463972855230646885724154009108660927717
 11  33     1.7320508075688674376683955521549683762765826305514955076479493255333930221932370931925103358
 11  34     1.7320509548136733106342457143982656196013468030402936121054133605028727413042091306260274528
 11  35     1.7323926550409418850261241635833459747455878537726619720553888432866703898146367922905668567
 11  36     1.7355719701487780183885363211214576340555043818420062484289076743570347390576914270107081138
 11  37     1.7416579107640677239887496857299766848304904380435360491769076212408145154828607784636404553
 11  38     1.7491622198252782474364736583921564820224667484230099978963328710159183993605114621101057678
 11  39     1.7677762632559949842470887628024558960126436471501862939896012374129459407561295560750323545
 11  40     1.7760404944491457694098193524499600474387667723815762083136627634635076604989527635210796410
 11  41     1.7941609084588469178864229719990811339218709188651699660453786858610744852478317214349959671
 11  42     1.8186978897041532980653383410706757621210273478550877880648715885457451462037161492378990278
 11  43     1.8565588930862044854107640905041921760178086129106466497221758782501161292334707833171796820
 11  44     1.9999999999999882254641368714295713238897553694604984061193249195488242339660864762787187526
 11  45     2.0000000957697276799780355122821063697143369461583575912478499120884138991957777138085630788
 11  46     2.0007536721768187997966967047988307740948271635255665058962691403146508369340627310961773411
 11  47     2.0033996978650682795485984619805308582436559862218865100874801054437634102326574932476319095
 11  48     2.0083258804456282066638934130478682574212511223427392240034029578933990510667175790460628266

 12
 12  13     1.0000000000000000000000000000000000000000000000000000000000000000000000000000000000000000000
 12  14     1.0000000212986421926341265660555567883296672769454899723412398437862027620716451543644869157
 12  15     1.0008391195758980619104258223925932629395644176382232786704344330321574104335409073166866071
 12  16     1.0074347552963754351060205836171519308763931169780759333850673364032751491974680278842399828
 12  17     1.0125793938216157714349943180685723534267850076094667562722409495383213214213455779099085525
 12  18     1.0606601717737122035201814141477372848323599954851746574711055904787475123524143943824937399
 12  19     1.0618387571035848575486133649832155805128831199062210671339107053410783652218573368515609579
 12  20     1.0963763171439760156666344119288261372161697488885906038357657632327861845204391581322834541
 12  21     1.1213203435262704728704548258294098217708322895698762374948754509033615751977844492387321609
 12  22     1.1553945172380205281517066406912873286762138451031143009681888165964174296498771107249404107
 12  23     1.2092247569937658053795818104394761893338272556180381118646560824460210437655018999683598996
 12  24     1.4142135623730877066427481918108459220251589927819186161991842535510773600951538204996131065
 12  25     1.4142135179018801213636007359780040703111793562568105002282043613080866375231085387597027835
 12  26     1.4142169136790358339029692465801237288491197383077878688677392454889115417822128622381307720
 12  27     1.4168692788360880270952108848241088692620878083247085694972406848112257398347711391318644909
 12  28     1.4248776677234405664073099633716278364436540364218240649024416062963573549274837699650349792
 12  29     1.4293100608750246908717220785208772157945361538140359635131275628165912132558450395543974566
 12  30     1.4577379737099646493311154017914150439383715391801250585220770958835476737420758577628189647
 12  31     1.4599432333699379997802607834809268839923272772608619834439399245197876955041639266680356641
 12  32     1.4839275686052103896513611266851899475529547529430433327544536674799598675941750287105728845
 12  33     1.5024511016598758420551347250260777531539157780443293299130149233206207019535762715321406804
 12  34     1.5280498979213613352461448577066369863450489029753722355268738383555514779145745496120378449
 12  35     1.5691477027903299368309185768700000039671482995630253349188070651618635158551109737728142294
 12  36     1.7320508075688662613261149950659087967446832339405468727792326655969994529139084194273712059
 12  37     1.7320503392448139164368721900333347352343446857320911615955809952855074463361139644336040012
 12  38     1.7320623460536589564969916015670903572398140179515052863148616472895995538763753232063329050
 12  39     1.7355120806998970096433439426269299163075768934374351246282461737749838341172662678073736196
 12  40     1.7407690073531022888924883621823763999402578769122594547177679699453039463586219121838286087
 12  41     1.7445261260764283993126418164037257005125316322789617787823554295452246693004216134610754549
 12  42     1.7677669529658692340445146470904114423272431829825372562052506843837790907576530541059324240
 12  43     1.7699846459736057745566137362645659727478613150784876129730358248420156470957412401048265163
 12  44     1.7894247759728949026095522986040312751560576329169576047391912688202947542964614781453355111
 12  45     1.8048155897151921668114580431256896469016987809373931549109157306927515614696093525568785716
 12  46     1.8261808482560175220423683556180311873530831089220677022040782092883023112458633684614831402

 13
 13  14     1.0000000000000000000000000000000000000000000000000000000000000000000000000000000000000000000
 13  15     1.0000000000000000000000000000000000000000000000000000000000000000000000000000000000000000000
 13  16     1.0000009939957298283084588174484125161600494978041294522161461196803757070791476315511946788
 13  17     1.0020755169526874234787465596384466358420398708737753960087395265658732617463567908811736043
 13  18     1.0085273435820706755627171750856053573879715741475454263765147639343382879044325279120093546
 13  19     1.0220309986652635495451559789559296317813127036776687901703185230553411579501723936033918664
 13  20     1.0606602780395937670666403658608827644551825263142851132691402134022659270816003191754749376
 13  21     1.0664908515707183814319323761101991643778985335814757121773775578895767787124973964465757415
 13  22     1.0963781348218446794105506934057766671742343236258691294575264033528219978599077631891078262
 13  23     1.1219670134866026480867252953953036762090388822802393006867361445595742732713795699471753240
 13  24     1.1570838230169238505460845083631496249225730574605556346219844111222627899004979374316632720
 13  25     1.2150010428522696340676121270446858399952702578555461882274080985928797605971120105561030217
 13  26     1.4142135623730875981670231683356951512433630915647525083556873878372438057591733216316712518
 13  27     1.4142129734206804201459611343039144457299733645830380289651337883565117740874481722637880505
 13  28     1.4142143333985727207998540864915058086998336410543374087704807308125597101894199614574484310
 13  29     1.4156318814857960938607904988703520649218621953972329098601388914056896225875895792132728249
 13  30     1.4189320232064528821016644824728548149774323422565467007240201245955330443165357194072996557
 13  31     1.4259041458693800450806278382257898342311934708529117262504448296919944823725598526766424852
 13  32     1.4358801912014187358816866357076867206351812952503093789242794455010506157896627466603514567
 13  33     1.4577382924004136065017889322076710433458526405964940968066330470103198860919668044065169365
 13  34     1.4641368732236095474627843911682275663853125752748970462449596993427909631670632202818819353
 13  35     1.4839284453664427404170234153723191671395671740516689946580736850194308267485657310626647651
 13  36     1.5032588549937178231230692675308303061112970512309941670841792530721523767156980072003584779
 13  37     1.5293276219311848015254068368261187533601778254542388334079704009241597121904071899794918486
 13  38     1.5736033599644465939990229177563177538903617242166032936011818313360939997935451406680100283
 13  39     1.7320508075688660055273814537875481485773072913495508974913151823662407847917324102886632163
 13  40     1.7320505912609583958270171718699663701952174564905831418060087130340717147573300452446245019
 13  41     1.7320530779586845928573918592552030377773842045144115391956187708702271198180593563011589980
 13  42     1.7337843950959518062978192552793793912009214993442477702913823159829245371595917085081470766
 13  44     1.7424089843082836130054258646319414425672777937407536848758122792240213518994814040819689361

 14
 14  15     1.0000000000000000000000000000000000000000000000000000000000000000000000000000000000000000000
 14  16     1.0000000000000000000000000000000000000000000000000000000000000000000000000000000000000000000
 14  17     1.0000001497125324262753941422735044987178400389389664985764270259614904302613262747387572461
 14  18     1.0013749936878262842279924723327960765405879598556730673209611762570459598779248518149374736
 14  19     1.0074356090208696677635607613183726791771452985316562928420735967577303483143236680531029759
 14  20     1.0154801316615413974131492361304963321950227893464244331207126023628049657246582300563738808
 14  21     1.0606601717764440801505350211591201925010017939052186656993205784339068878071018664442858291
 14  22     1.0609442693867622847809002306479702088795617006443223576577385050635737470563406764603337337
 14  23     1.0730160576733204124057001195329227281351878836876823385766291406558389739155605519200497653
 14  24     1.0999438816016162907891933917259863682266697976469175597573344931593056313465569428801681501
 14  25     1.1255384269739381600133274046625417140286590885704615550711815795106021957419484430506765814
 14  26     1.1679060125701111440478685714029770653749261285291615577965535781611403231837275636436601445
 14  27     1.2202599101838342355947618219383387734176337751242753927885878654749683289224511171496881002
 14  28     1.4142135623730874895367198230496222155479510046349297578385227173559727866808225758789557268
 14  29     1.4142131621948136223859658031095887117688835275223852518814161781881617468681414284776138414
 14  30     1.4142144456831530771629405568364349025983213833509125091646046968544446278016045302832215591
 14  31     1.4151970607471341776108003943039130570104167533174833048857982499577224230661318373293672663
 14  32     1.4179737320866900751166006879730230589867944679368570449673543317277243361940354133664743133
 14  33     1.4248778037584507140325384341689496929628352365150361151238435104139321828886020838126439725
 14  34     1.4314228395927199509521969093334020952231453817667713504697886805648683495301988638738747295
 14  35     1.4577379737102688459185159854771427180736678762849053966103785435466201101774888557077628669
 14  36     1.4593254527320481452861973146857360008493471085831416660235675691910897236063192236830819936
 14  37     1.4686074500804662242681230632344759975279548701486075413926661455845412608665051834650940747
 14  38     1.4880206253927748548715318020729955436195009767577107892765969814914718197112919905719174007
 14  39     1.5062943549697337235271579252759684011377629694094599726917336926607153582483012013062216760
 14  40     1.5375319360413087363292235858662075111396254167280299320447785668403987045105058531729874677
 14  41     1.5776673441417337849433716243002805867856383615976655729273087327681488373185720365266839642
 14  42     1.7320508075688641806398624297306339996923019247709975229912977486901570591547491397224300977
 14  43     1.7320505850116027631148408392784559610362607224384104377807547206132213077867407263250167407

 15
 15  16     1.0000000000000000000000000000000000000000000000000000000000000000000000000000000000000000000
 15  17     1.0000000000000000000000000000000000000000000000000000000000000000000000000000000000000000000
 15  18     1.0000002882287420352121418546216239674021754731396839765304615562668903510458845055506221862
 15  19     1.0001024771173161642539389522135803013596295935095082239828533300507902486899058206892644732
 15  20     1.0074347559725473268462896218122340722508470617938135651088671000529024528155527020556194332
 15  21     1.0121020857300727156668058979602915262661438627546597512417803079706584431597264307559914743
 15  22     1.0235636667765375610252935248167990132550441617407073040506450202407502005795382137495098799
 15  23     1.0606601971537324511700982627167708848109904579766056888469357525201321884544972015399068742
 15  24     1.0660182714237867590015241423189849130398087711231647358980929863198958487126896566756944092
 15  25     1.0963763171544572277203228491989759911702322842273708257129843169483792741592403212921879076
 15  26     1.1035608908818877227750042742828012179974635747239618726853387011500161473598874410102503779
 15  27     1.1402620906160066899465931164375852937586922076140472817997240277020534236209030177403253568
 15  28     1.1693245862804960329726997652639776319173164542086936371657621331028610393468579241117741883
 15  29     1.2250774249358106937149620036192335213912162033513654244626666234739562808042103117891084068
 15  30     1.4142135623730861839869749394048210136577396252384237849042690408764419677038157481929326259
 15  31     1.4142127127369293780638781668919721902990493882098061712698667413912297157579863566784588600
 15  32     1.4142136884051264526380540966117480705704614110517913161166835457204632285842177085419078676
 15  33     1.4142199688264456140954738935205087449196529817659829028402895350197655936915583146683533020
 15  34     1.4168697768025255069823262081333827984675614349955614556697962490285091746167525015483764411
 15  35     1.4248776677768761728754228495554249226225422216397438493157758627189318457399589203303715846
 15  36     1.4288793431460523095068067155496572685458066277760099541935859491285459825241336974585895622
 15  37     1.4368606638869472941783714004881727142867156394015980359059247659860310473657157708624707366
 15  38     1.4577380224324304154057705782379808993411524957051358687868502095646822803773241821066141743
 15  39     1.4616017253933301617448148581091715082317085393591599327238923560699974092773465375466483510
 15  40     1.4839275686052344606468653813532454947840657609116448443458942843763494687174755285995652343
 15  41     1.4905023965525289211030874153088593627402860382490774023218990861590582268570831119380286451

 16
 16  17     1.0000000000000000000000000000000000000000000000000000000000000000000000000000000000000000000
 16  18     1.0000000000000000000000000000000000000000000000000000000000000000000000000000000000000000000
 16  19     1.0000002136571402963103586982115523129523602170731284253897336646859933330769898287061952458
 16  20     1.0000200046029848585444095558105396341604243196500909352569285530384540136417020229452206679
 16  21     1.0023274424047167883356314925022702552308982208155264434703142735846396410397637816632413165
 16  22     1.0081217174652492136010231543568408715987062408302685137377526052694657020819559214750006304
 16  23     1.0158425589192510565913041273002394273707001340039626260426577631742766440534108427995829651
 16  24     1.0606601717751187476303363653934894762033006255482759203338447119867828686299933439895718475
 16  25     1.0606641335401870746362479010376652003180153199954825378228085463335660920818435955641314703
 16  26     1.0691648027229457706334154627994304915894663400917707453102015165957254189035923834936093801
 16  27     1.0963803324022883090383824079214147659831874297873305431962639437005208943201594077838015630
 16  28     1.1213203434990003893781880562026891495279862130055358415470301750892777852189318620727831656
 16  29     1.1402664430027489537687277112293920649811956768375568092903606397696641735479072151329788828
 16  30     1.1785113019016963399556274601076439425748216044191521416716448968022975129576194640116046018
 16  31     1.2295145308782576391355243145999055819528142554873730348391028402539461601958489945298181769
 16  32     1.4142135623730860238478532763595884451628594838130419244641250560445577637262590296018302613
 16  33     1.4142131301004116474838796563119235986096921739031111194483542308817168471684628217949628398
 16  34     1.4142134024600959590052188127199320022564486138756833635955458885325787167050614430854029926
 16  35     1.4142290221357599875950761743383256729541923350702986597139797867146618138987574817157202260
 16  36     1.4168692702736036435496543404713325093040492855630785745851249028998837146144993039080459271
 16  37     1.4195395708109696871214441785074124093453749813154981064588960841461680058912964035265329494
 16  38     1.4253043409262263190188367071900565486195996206562327077745401617773579158124379423772476617
 16  39     1.4315354383304154944357844362081033929039728062490784767134680958705447627744726653998649950
 16  40     1.4577379737111712235924534230397311848210768338732563131878776006238424631383233710972401925

 17
 17  18     1.0000000000000000000000000000000000000000000000000000000000000000000000000000000000000000000
 17  19     1.0000000000000000000000000000000000000000000000000000000000000000000000000000000000000000000
 17  20     1.0000000000000000000000000000000000000000000000000000000000000000000000000000000000000000000
 17  21     1.0000007361390630735723385912872084246483307762205356177140978393113680066448472858120958205
 17  22     1.0013747412072281696663874301455291654160218971985074934626601045931874641556809920919957752
 17  23     1.0074347604630375568281884058308769951181448694874983050619168652771563455264102590217084802
 17  24     1.0121023212666190172471506128616600181098858182386246319977502091368247650210730931879294581
 17  25     1.0248993299831675444398727419040042489954556884176513783804088415584232290066556806932067949
 17  26     1.0606601205251559664294676915493838402387026107759289377115961531623825085839065269622491830
 17  27     1.0621002731880641565608387353463574133882684984789545317674277531717163101075125785042108987
 17  28     1.0743391698188414736701679710709700364261192499660793910995295817858248598098163119203248225
 17  29     1.0975834640426866606416476363639655470413928719161891071573166262407880750600412237735023625
 17  30     1.1213206713035931026383306278713182479584435172085875299112439819669618185801138968569122753
 17  31     1.1435784382324882477735665760355366616133584485826120104436494398191621317852779484683032828
 17  32     1.1797278472168690544912444909377930454139620822338054238135247741972354973774847486767772750
 17  33     1.2336207576650641893149129834920378059563586121781217241964819956305695707721364621927309778
 17  34     1.4142135623730858049300878130752324206808255603657963063861042595033897048894396635136794561
 17  35     1.4142132113804495710387231462442783817036966334931052466967537102491688193538357610356290933
 17  36     1.4142132404261139008001511799914851061072292880195248904890937970531092384101247631930530373
 17  37     1.4142145971242450429730874588349991009862468313626731003577133369966753647360478171166809754
 17  38     1.4149143041109944933988435392042840164799659886401416595524112020385725217584067744530896277
 17  39     1.4179758151079625504841145752929143280481204427727681041100805808015557680157963965252074868

 18
 18  19     1.0000000000000000000000000000000000000000000000000000000000000000000000000000000000000000000
 18  20     1.0000000000000000000000000000000000000000000000000000000000000000000000000000000000000000000
 18  21     1.0000000000000000000000000000000000000000000000000000000000000000000000000000000000000000000
 18  22     1.0000002914940128111709489187304960259009733278657676072293851260655129333376982836029417982
 18  23     1.0000846342300250875482367556289820093467083187009003627146878401653941518091185429233138424
 18  24     1.0074347558119984737532123215633039988198531148307391139237906300248306173694433637387480741
 18  25     1.0088107572709957112031170465676120559880773105486952089134237579079622296972124834404301374
 18  26     1.0181069212041751547715174034909081302452574768976686828151666948183288779445729714718653112
 18  27     1.0606601717772702736959987823089569696222302830503784907415022955511870525567232941579415074
 18  28     1.0606638870371919950418744337934939722688460570759259873476751271964036630572547834136047328
 18  29     1.0660184674130712401160295390201583731373150154678974642510431136665595421753888176119545765
 18  30     1.0963763171513575296228994369673491641971024656296075370177077445405133201088286947460400723
 18  31     1.1002033987831304523524445944517176118746399583978748466951348261001820169835771959644177994
 18  32     1.1239566023296154272158490149242134800384038512025513539283340005999205737994170282991476411
 18  33     1.1553945171535079993928692572435259982713553781136457886115317743213803003003227316237272159
 18  34     1.1876726425354205131139450265371093854808338892834168680842218238494598191267209656383743574
 18  35     1.2374368667759076184800639888037738719057128832512685248602617953662323364906064771475604815
 18  36     1.4142135623730847498966320352443209999473322214992084461207918279757999155701536820822863706
 18  37     1.4142131078075346743661732366251242764729739384585955138701141413799345942429649739873382381
 18  38     1.4142134761020495833320522758096149874718906098996511069359755787205829498881647752754465653

 19
 19  20     1.0000000000000000000000000000000000000000000000000000000000000000000000000000000000000000000
 19  21     1.0000000000000000000000000000000000000000000000000000000000000000000000000000000000000000000
 19  22     1.0000000000000000000000000000000000000000000000000000000000000000000000000000000000000000000
 19  23     1.0000007684672369288747200382701184306096097788972048048964552428466357566221698745024082555
 19  24     1.0000075791221965029682815856352202942956470474901351199401113554330210895952504501078096242
 19  25     1.0019176639920120356245092438828015395809496942483227610292084007690739024214085251063546996
 19  26     1.0074349817355673362301488567898828266986521706547630208384653507656191529873152015438211894
 19  27     1.0128645270028312516560789912602239749244801229311568561315736845133583758536315719710588723
 19  28     1.0260791938141082848440328964432358332247936628454937642903740184302926365534699817815174291
 19  29     1.0606600990313113146807064994084001561219826314724612872710329018024342493735656428076142362
 19  30     1.0613350944624713127335146043791940361673471691840702445185771761553095265326717422982868913
 19  31     1.0694785633426152006347577218881250664297231129231919181039986175905681469219563335161972515
 19  32     1.0963763288395121726158521304175135745049351423738039186222818443168604409904779317007635343
 19  33     1.1046982715050390622841863610038446871848418867163821952910349707919775838232544939211549936
 19  34     1.1266548313341578056587736293614168030127846870859064456114872905360452664391275181733623908
 19  35     1.1553958885081023277970944217184329803301431087738006581342387047977354435300006117797903736
 19  36     1.1887331498071436862564158496427876723118287444293817930617028665491225008630720406050602184
 19  37     1.2409788353155487281908801434352816357563189669539216294839017211678480303439630721449189871

 20
 20  21     1.0000000000000000000000000000000000000000000000000000000000000000000000000000000000000000000
 20  22     1.0000000000000000000000000000000000000000000000000000000000000000000000000000000000000000000
 20  23     1.0000000000000000000000000000000000000000000000000000000000000000000000000000000000000000000
 20  24     1.0000000581366984262524410422114603428592286822138787843264513185129623936916673513966056291
 20  25     1.0000010440315238323220790736571698231928539972335469723947637275629426993134732845752419069
 20  26     1.0000673951012835571689050038878727994717864701139145261954111950273834562864687350346149676
 20  27     1.0074346268493366042736102689279939451879332640796254485892861031414113037860934068857034235
 20  28     1.0121020831312835820522495494842487258251166556526907095378439352260381092824740212516061407
 20  29     1.0183969061625184846859847120242912913523803019698780896046997163788075972268954352708190094
 20  30     1.0606601717761838695030100516141337791968026812721738136976980963839874667540756302977987612
 20  31     1.0606603801248016250484489719992130929961685123920911184632503402271394996511468727226902109
 20  32     1.0660182714585777629670998176175084050730006476476255522354646108997652551031166968161043990
 20  33     1.0754309641513546700028122144741976030120940829297193134236752552336126879142606630173576056
 20  34     1.0964839194966646499587908318407544882766069270449887839959486588576305616611318228500478903
 20  35     1.1213203435187663218040068652653799181848694116883217291023582010758850019819093678601480073
 20  36     1.1402620906054831606282197550778107923348062716009197967900613756901629913963280025623778136
 20  39     1.2443149307061383088230154523035323891349163597295601377581378816956218058356176064245715293

 21
 21  22     1.0000000000000000000000000000000000000000000000000000000000000000000000000000000000000000000
 21  23     1.0000000000000000000000000000000000000000000000000000000000000000000000000000000000000000000
 21  24     1.0000000000000000000000000000000000000000000000000000000000000000000000000000000000000000000
 21  25     1.0000000000000000000000000000000000000000000000000000000000000000000000000000000000000000000
 21  26     1.0000001446697172068858282137270569043721634678192845617930472202619270520592935471419681801
 21  27     1.0008527922497808493787868307082981049890320669054002102786455676961421781698911374718927573
 21  28     1.0074347542438253781146867246809973129922262668485411228728744810059641761413900226535779513
 21  29     1.0081220240292059401989091307012097927109495758168567174667585268807725915981508800824122077
 21  30     1.0154801314797853874648076402614524450703354983804646363940276152297216592918480802609908457
 21  31     1.0271329615378363370734764177241496644359891763615131227008480840103139366128263533881083181
 21  32     1.0606601518311445821157494605628213139592978949874046844165645735243678522663607084242827807
 21  33     1.0607704970653697165479792357120549914763060482071908838052558559759204947733047449800697216
 21  34     1.0667682866641708062973193960930326352227716812932850225439579209257535369400836000431365124

 22
 22  23     1.0000000000000000000000000000000000000000000000000000000000000000000000000000000000000000000
 22  24     1.0000000000000000000000000000000000000000000000000000000000000000000000000000000000000000000
 22  25     1.0000000000000000000000000000000000000000000000000000000000000000000000000000000000000000000
 22  29     1.0027224195203412529413109381254843735324660801889920935881846769341505389220610328185287986
 22  30     1.0074347714725647022864920528394459028575963123745367462418549899310387834069802891183544298
 22  31     1.0121020915723877168709416699438915007335852509883899070932748244985363265370038275055983927
 22  32     1.0202420182135276931026370515749586754067003745295768450145360198114103157436147257550045824

 23
 23  24     1.0000000000000000000000000000000000000000000000000000000000000000000000000000000000000000000
 23  25     1.0000000000000000000000000000000000000000000000000000000000000000000000000000000000000000000

 24
 24  25     1.0000000000000000000000000000000000000000000000000000000000000000000000000000000000000000000
