001 002
001 003
002 003
002 004
003 004
001 005
002 005
003 005
004 005
001 006
002 006
003 006
004 006
005 006
001 007
002 007
003 007
004 007
005 007
006 007
001 008
002 008
003 008
004 008
005 008
006 008
007 008
001 009
002 009
003 009
004 009
005 009
006 009
007 009
008 009
001 010
002 010
003 010
004 010
005 010
006 010
007 010
008 010
009 010
001 011
002 011
003 011
004 011
005 011
006 011
007 011
008 011
009 011
010 011
001 012
002 012
003 012
004 012
005 012
006 012
007 012
008 012
009 012
010 012
011 012
001 013
002 013
003 013
004 013
005 013
006 013
007 013
008 013
009 013
010 013
011 013
012 013
001 014
002 014
003 014
004 014
005 014
006 014
007 014
008 014
009 014
010 014
011 014
012 014
001 003
001 002
001 004
001 005
001 006
001 007
001 008
001 009
001 010
001 011
001 012
001 013
001 014
002 014
003 014
004 014
005 014
006 014
007 014
008 014
009 014
010 014
011 014
012 014
013 014
001 015
002 015
003 015
004 015
005 015
006 015
007 015
008 015
009 015
010 015
011 015
012 015
013 015
014 015
001 016
002 016
003 016
004 016
005 016
006 016
007 016
008 016
009 016
010 016
011 016
012 016
013 016
014 016
015 016
001 017
002 017
003 017
004 017
005 017
006 017
007 017
008 017
009 017
010 017
011 017
012 017
013 017
014 017
015 017
016 017
001 018
002 018
003 018
004 018
005 018
006 018
007 018
008 018
009 018
010 018
011 018
012 018
013 018
014 018
015 018
016 018
017 018
001 019
002 019
003 019
004 019
005 019
006 019
007 019
008 019
009 019
010 019
011 019
012 019
013 019
014 019
015 019
016 019
017 019
018 019
001 020
002 020
003 020
004 020
005 020
006 020
007 020
008 020
009 020
010 020
011 020
012 020
013 020
014 020
015 020
016 020
017 020
018 020
019 020
001 021
002 021
003 021
004 021
005 021
006 021
007 021
008 021
009 021
010 021
011 021
012 021
013 021
014 021
015 021
016 021
017 021
018 021
019 021
020 021
001 022
002 022
003 022
004 022
005 022
006 022
007 022
008 022
009 022
010 022
011 022
012 022
013 022
014 022
015 022
016 022
017 022
018 022
019 022
020 022
021 022
001 023
002 023
003 023
004 023
005 023
006 023
007 023
008 023
009 023
010 023
011 023
012 023
013 023
014 023
015 023
016 023
017 023
018 023
019 023
020 023
021 023
022 023
001 024
002 024
003 024
004 024
005 024
006 024
007 024
008 024
009 024
010 024
011 024
012 024
013 024
014 024
015 024
016 024
--- improve1 ---
017 024
018 024
019 024
020 024
021 024
022 024
023 024
001 025
002 025
003 025
004 025
005 025
006 025
007 025
008 025
009 025
010 025
011 025
012 025
013 025
014 025
015 025
016 025
017 025
018 025
019 025
020 025
021 025
022 025
023 025
024 025
001 026
002 026
003 026
004 026
005 026
006 026
007 026
008 026
009 026
010 026
011 026
012 026
013 026
014 026
001 027
002 027
003 027
004 027
005 027
006 027
007 027
008 027
009 027
010 027
011 027
012 027
013 027
014 027
001 028
002 028
003 028
004 028
005 028
006 028
007 028
008 028
009 028
010 028
011 028
012 028
001 029
002 029
003 029
004 029
005 029
006 029
007 029
008 029
009 029
010 029
011 029
015 029
001 030
002 030
003 030
004 030
005 030
006 030
007 030
008 030
009 030
010 030
001 031
002 031
003 031
004 031
005 031
006 031
007 031
008 031
009 031
016 031
001 032
002 032
003 032
004 032
005 032
006 032
007 032
008 032
001 033
002 033
003 033
004 033
005 033
006 033
007 033
008 033
017 033
001 034
002 034
003 034
004 034
005 034
006 034
007 034
001 035
002 035
003 035
004 035
005 035
006 035
007 035
018 035
001 036
002 036
003 036
004 036
005 036
006 036
007 036
001 037
002 037
003 037
004 037
005 037
006 037
007 037
019 037
001 038
002 038
003 038
004 038
005 038
006 038
007 038
001 039
002 039
003 039
004 039
005 039
006 039
007 039
020 039
001 040
002 040
003 040
004 040
005 040
006 040
007 040
001 041
002 041
003 041
004 041
005 041
006 041
007 041
001 042
002 042
003 042
004 042
005 042
006 042
007 042
001 043
002 043
003 043
004 043
005 043
006 043
007 043
001 044
002 044
003 044
004 044
005 044
006 044
007 044
001 045
002 045
make: *** Deleting file `best.vertices.gradientRelax.300/run.002.045'
make: *** Deleting file `best.vertices.gradientRelax.300/run.001.045'
make: *** Deleting file `best.vertices.gradientRelax.300/run.007.044'
make: *** Deleting file `best.vertices.gradientRelax.300/run.006.044'
make: *** [best.vertices.gradientRelax.300/run.006.044] Terminated
make: *** [best.vertices.gradientRelax.300/run.007.044] Terminated
make: *** [best.vertices.gradientRelax.300/run.001.045] Terminated
make: *** [best.vertices.gradientRelax.300/run.002.045] Terminated
015 018
016 019
016 020
017 022
017 023
018 023
016 024
017 024
018 024
017 025
018 025
019 025
015 026
016 026
017 026
018 026
019 026
015 027
016 027
017 027
018 027
019 027
013 028
014 028
015 028
016 028
017 028
018 028
012 029
013 029
014 029
015 029
016 029
017 029
018 029
011 030
012 030
013 030
014 030
015 030
016 030
017 030
018 030
010 031
011 031
012 031
013 031
014 031
015 031
016 031
009 032
010 032
011 032
012 032
013 032
014 032
015 032
016 032
009 033
010 033
011 033
012 033
013 033
014 033
015 033
008 034
009 034
010 034
011 034
012 034
013 034
014 034
008 035
009 035
010 035
011 035
012 035
013 035
008 036
009 036
010 036
011 036
012 036
008 037
009 037
010 037
011 037
012 037
008 038
009 038
010 038
011 038
008 039
009 039
010 039
008 040
009 040
008 041
009 041
008 042
008 043
006 044
007 044
001 045
002 045
003 045
004 045
005 045
006 045
007 045
001 046
002 046
003 046
004 046
005 046
006 046
007 046
001 047
002 047
003 047
004 047
005 047
006 047
007 047
001 048
002 048
003 048
004 048
018 022
make: *** Deleting file `best.vertices.gradientRelax.300/run.018.022'
make: *** [best.vertices.gradientRelax.300/run.018.022] Terminated
018 022
019 024
020 026
020 027
021 027
019 028
020 028
019 029
make: *** Deleting file `best.vertices.gradientRelax.300/run.019.029'
make: *** Deleting file `best.vertices.gradientRelax.300/run.020.028'
make: *** Deleting file `best.vertices.gradientRelax.300/run.019.028'
make: *** Deleting file `best.vertices.gradientRelax.300/run.021.027'
make: *** [best.vertices.gradientRelax.300/run.021.027] Terminated
make: *** [best.vertices.gradientRelax.300/run.019.028] Terminated
make: *** [best.vertices.gradientRelax.300/run.020.028] Terminated
make: *** [best.vertices.gradientRelax.300/run.019.029] Terminated
021 027
019 028
020 028
make: *** Deleting file `best.vertices.gradientRelax.300/run.020.028'
make: *** Deleting file `best.vertices.gradientRelax.300/run.019.028'
make: *** Deleting file `best.vertices.gradientRelax.300/run.021.027'
make: *** [best.vertices.gradientRelax.300/run.021.027] Terminated
make: *** [best.vertices.gradientRelax.300/run.020.028] Terminated
make: *** [best.vertices.gradientRelax.300/run.019.028] Terminated
021 027
019 028
020 028
019 029
020 029
021 029
019 030
020 030
021 030
017 031
018 031
019 031
020 031
017 032
018 032
019 032
020 032
016 033
017 033
018 033
019 033
021 033
015 034
016 034
017 034
018 034
make: *** Deleting file `best.vertices.gradientRelax.300/run.018.034'
make: *** Deleting file `best.vertices.gradientRelax.300/run.017.034'
make: *** Deleting file `best.vertices.gradientRelax.300/run.016.034'
make: *** [best.vertices.gradientRelax.300/run.016.034] Terminated
make: *** [best.vertices.gradientRelax.300/run.017.034] Terminated
make: *** [best.vertices.gradientRelax.300/run.018.034] Terminated
020 025
make: *** Deleting file `best.vertices.gradientRelax.300/run.020.025'
make: *** [best.vertices.gradientRelax.300/run.020.025] Terminated
020 025
020 033
016 034
017 034
018 034
019 034
020 034
021 034
014 035
015 035
016 035
017 035
018 035
020 035
013 036
014 036
015 036
016 036
017 036
019 036
013 037
make: *** Deleting file `best.vertices.gradientRelax.300/run.013.037'
make: *** Deleting file `best.vertices.gradientRelax.300/run.019.036'
make: *** Deleting file `best.vertices.gradientRelax.300/run.017.036'
make: *** Deleting file `best.vertices.gradientRelax.300/run.016.036'
make: *** [best.vertices.gradientRelax.300/run.016.036] Terminated
make: *** [best.vertices.gradientRelax.300/run.017.036] Terminated
make: *** [best.vertices.gradientRelax.300/run.019.036] Terminated
make: *** [best.vertices.gradientRelax.300/run.013.037] Terminated
021 028
016 036
017 036
019 036
013 037
014 037
015 037
016 037
018 037
012 038
013 038
014 038
015 038
017 038
011 039
012 039
013 039
014 039
015 039
016 039
make: *** Deleting file `best.vertices.gradientRelax.300/run.016.039'
make: *** Deleting file `best.vertices.gradientRelax.300/run.015.039'
make: *** Deleting file `best.vertices.gradientRelax.300/run.014.039'
make: *** [best.vertices.gradientRelax.300/run.014.039] Terminated
make: *** [best.vertices.gradientRelax.300/run.015.039] Terminated
make: *** [best.vertices.gradientRelax.300/run.016.039] Terminated
021 031
make: *** Deleting file `best.vertices.gradientRelax.300/run.021.031'
make: *** [best.vertices.gradientRelax.300/run.021.031] Terminated
021 031
021 032
019 035
018 036
017 037
016 038
014 039
015 039
016 039
017 039
010 040
011 040
012 040
013 040
014 040
016 040
010 041
011 041
012 041
013 041
015 041
009 042
010 042
011 042
012 042
013 042
014 042
009 043
010 043
011 043
012 043
014 043
008 044
009 044
010 044
011 044
013 044
008 045
009 045
010 045
011 045
012 045
008 046
009 046
010 046
make: *** Deleting file `best.vertices.gradientRelax.300/run.010.046'
make: *** Deleting file `best.vertices.gradientRelax.300/run.009.046'
make: *** Deleting file `best.vertices.gradientRelax.300/run.008.046'
make: *** [best.vertices.gradientRelax.300/run.008.046] Terminated
make: *** [best.vertices.gradientRelax.300/run.009.046] Terminated
make: *** [best.vertices.gradientRelax.300/run.010.046] Terminated
001 013
020 024
021 026
022 029
022 030
022 031
022 032
020 036
018 038
015 040
014 041
008 046
009 046
012 044
make: *** Deleting file `best.vertices.gradientRelax.300/run.009.046'
make: *** Deleting file `best.vertices.gradientRelax.300/run.008.046'
make: *** Deleting file `best.vertices.gradientRelax.300/run.012.044'
make: *** [best.vertices.gradientRelax.300/run.012.044] Terminated
make: *** [best.vertices.gradientRelax.300/run.008.046] Terminated
make: *** [best.vertices.gradientRelax.300/run.009.046] Terminated
018 038
--- improve1 ---
015 040
--- improve1 ---
014 041
--- improve1 ---
012 044
--- improve1 ---
008 046
--- improve1 ---
009 046
--- improve1 ---
010 046
012 046
008 047
make: *** Deleting file `best.vertices.gradientRelax.300/run.008.047'
make: *** Deleting file `best.vertices.gradientRelax.300/run.012.046'
make: *** Deleting file `best.vertices.gradientRelax.300/run.010.046'
make: *** [best.vertices.gradientRelax.300/run.010.046] Terminated
make: *** [best.vertices.gradientRelax.300/run.012.046] Terminated
make: *** [best.vertices.gradientRelax.300/run.008.047] Terminated
018 038
015 040
014 041
012 044
008 046
009 046
010 046
011 046
012 046
008 047
009 047
010 047
011 047
005 048
006 048
007 048
008 048
009 048
010 048
011 048
001 049
002 049
003 049
004 049
005 049
006 049
007 049
008 049
009 049
010 049
